#    1 | steps:    21 | steps_t: 3270774 | t: 0.057516 | r:    91.000000 | e:   0.100000 | Q: 100.425217 | won: True 
#    2 | steps:    53 | steps_t: 3270774 | t: 0.109480 | r:    80.000000 | e:   0.100000 | Q: 100.516335 | won: True 
#    3 | steps:    70 | steps_t: 3270774 | t: 0.140689 | r:    95.000000 | e:   0.100000 | Q:  94.198105 | won: True 
#    4 | steps:   100 | steps_t: 3270774 | t: 11.670799 | r:  -518.000000 | e:   0.100000 | Q:  95.651550 | won: False 
#    5 | steps:   113 | steps_t: 3270774 | t: 11.734020 | r:  -501.000000 | e:   0.100000 | Q:  74.673668 | won: False 
#    6 | steps:   141 | steps_t: 3270774 | t: 11.859450 | r:    84.000000 | e:   0.100000 | Q: 100.943588 | won: True 
#    7 | steps:   168 | steps_t: 3270774 | t: 11.984409 | r:  -515.000000 | e:   0.100000 | Q:  77.891365 | won: False 
#    8 | steps:   185 | steps_t: 3270774 | t: 12.062565 | r:    95.000000 | e:   0.100000 | Q: 100.854179 | won: True 
#    9 | steps:   215 | steps_t: 3270774 | t: 12.203158 | r:    82.000000 | e:   0.100000 | Q: 101.595726 | won: True 
#   10 | steps:   235 | steps_t: 3270774 | t: 12.308692 | r:    92.000000 | e:   0.100000 | Q: 100.943588 | won: True 
#   11 | steps:   257 | steps_t: 3270774 | t: 12.418908 | r:    90.000000 | e:   0.100000 | Q: 100.625839 | won: True 
#   12 | steps:   273 | steps_t: 3270774 | t: 12.497031 | r:    96.000000 | e:   0.100000 | Q: 100.369331 | won: True 
#   13 | steps:   291 | steps_t: 3270774 | t: 12.575145 | r:    94.000000 | e:   0.100000 | Q:  99.949371 | won: True 
#   14 | steps:   311 | steps_t: 3270774 | t: 12.669495 | r:    92.000000 | e:   0.100000 | Q:  99.520821 | won: True 
#   15 | steps:   334 | steps_t: 3270774 | t: 12.778903 | r:    89.000000 | e:   0.100000 | Q: 101.474655 | won: True 
#   16 | steps:   352 | steps_t: 3270774 | t: 12.841370 | r:    94.000000 | e:   0.100000 | Q: 100.625839 | won: True 
#   17 | steps:   365 | steps_t: 3270774 | t: 12.903857 | r:  -501.000000 | e:   0.100000 | Q:  73.247620 | won: False 
#   18 | steps:   380 | steps_t: 3270774 | t: 12.982047 | r:  -503.000000 | e:   0.100000 | Q:  73.247620 | won: False 
#   19 | steps:   398 | steps_t: 3270774 | t: 13.060159 | r:    94.000000 | e:   0.100000 | Q:  99.949371 | won: True 
#   20 | steps:   415 | steps_t: 3270774 | t: 13.138245 | r:    95.000000 | e:   0.100000 | Q: 100.854179 | won: True 
#   21 | steps:   433 | steps_t: 3270774 | t: 13.216369 | r:    94.000000 | e:   0.100000 | Q: 102.359123 | won: True 
#   22 | steps:   461 | steps_t: 3270774 | t: 13.351269 | r:    84.000000 | e:   0.100000 | Q:  99.964523 | won: True 
#   23 | steps:   479 | steps_t: 3270774 | t: 13.429440 | r:    94.000000 | e:   0.100000 | Q:  99.949371 | won: True 
#   24 | steps:   509 | steps_t: 3270774 | t: 13.554394 | r:    82.000000 | e:   0.100000 | Q: 101.656296 | won: True 
#   25 | steps:   532 | steps_t: 3270774 | t: 13.648136 | r:    89.000000 | e:   0.100000 | Q: 101.474655 | won: True 
#   26 | steps:   549 | steps_t: 3270774 | t: 13.726315 | r:    95.000000 | e:   0.100000 | Q: 101.309280 | won: True 
#   27 | steps:   565 | steps_t: 3270774 | t: 13.804406 | r:    96.000000 | e:   0.100000 | Q: 100.511063 | won: True 
#   28 | steps:   583 | steps_t: 3270774 | t: 13.898156 | r:    94.000000 | e:   0.100000 | Q:  99.949371 | won: True 
#   29 | steps:   615 | steps_t: 3270774 | t: 14.023298 | r:    80.000000 | e:   0.100000 | Q: 100.516335 | won: True 
#   30 | steps:   633 | steps_t: 3270774 | t: 14.101405 | r:    94.000000 | e:   0.100000 | Q:  99.949371 | won: True 
#   31 | steps:   650 | steps_t: 3270774 | t: 14.163956 | r:  -505.000000 | e:   0.100000 | Q:  90.346596 | won: False 
#   32 | steps:   667 | steps_t: 3270774 | t: 14.257674 | r:    95.000000 | e:   0.100000 | Q: 101.309280 | won: True 
#   33 | steps:   689 | steps_t: 3270774 | t: 14.350595 | r:    90.000000 | e:   0.100000 | Q: 101.595726 | won: True 
#   34 | steps:   704 | steps_t: 3270774 | t: 14.413144 | r:    97.000000 | e:   0.100000 | Q: 100.642761 | won: True 
#   35 | steps:   727 | steps_t: 3270774 | t: 14.506862 | r:  -511.000000 | e:   0.100000 | Q:  63.476971 | won: False 
#   36 | steps:   742 | steps_t: 3270774 | t: 14.584990 | r:    97.000000 | e:   0.100000 | Q: 100.642761 | won: True 
#   37 | steps:   755 | steps_t: 3270774 | t: 14.647478 | r:  -501.000000 | e:   0.100000 | Q:  71.862808 | won: False 
#   38 | steps:   770 | steps_t: 3270774 | t: 14.710021 | r:  -503.000000 | e:   0.100000 | Q:  71.862808 | won: False 
#   39 | steps:   787 | steps_t: 3270774 | t: 14.788165 | r:    95.000000 | e:   0.100000 | Q: 101.309280 | won: True 
#   40 | steps:   804 | steps_t: 3270774 | t: 14.866279 | r:    95.000000 | e:   0.100000 | Q: 101.309280 | won: True 
#   41 | steps:   824 | steps_t: 3270774 | t: 14.960029 | r:    92.000000 | e:   0.100000 | Q:  99.964523 | won: True 
#   42 | steps:   842 | steps_t: 3270774 | t: 15.038112 | r:    94.000000 | e:   0.100000 | Q: 102.359123 | won: True 
#   43 | steps:   871 | steps_t: 3270774 | t: 15.147475 | r:    83.000000 | e:   0.100000 | Q: 100.425217 | won: True 
#   44 | steps:   902 | steps_t: 3270774 | t: 15.272488 | r:    81.000000 | e:   0.100000 | Q: 101.162773 | won: True 
#   45 | steps:   932 | steps_t: 3270774 | t: 15.399976 | r:    82.000000 | e:   0.100000 | Q: 101.656296 | won: True 
#   46 | steps:   952 | steps_t: 3270774 | t: 15.493745 | r:    92.000000 | e:   0.100000 | Q:  99.964523 | won: True 
#   47 | steps:   970 | steps_t: 3270774 | t: 15.587907 | r:    94.000000 | e:   0.100000 | Q:  99.949371 | won: True 
#   48 | steps:   990 | steps_t: 3270774 | t: 15.681614 | r:    92.000000 | e:   0.100000 | Q: 100.943588 | won: True 
#   49 | steps:  1008 | steps_t: 3270774 | t: 15.759782 | r:    94.000000 | e:   0.100000 | Q:  99.949371 | won: True 
#   50 | steps:  1026 | steps_t: 3270774 | t: 15.838241 | r:    94.000000 | e:   0.100000 | Q:  99.949371 | won: True 
#   51 | steps:  1043 | steps_t: 3270774 | t: 15.916316 | r:    95.000000 | e:   0.100000 | Q: 100.854179 | won: True 
#   52 | steps:  1060 | steps_t: 3270774 | t: 15.994451 | r:    95.000000 | e:   0.100000 | Q: 100.854179 | won: True 
#   53 | steps:  1075 | steps_t: 3270774 | t: 16.041361 | r:  -503.000000 | e:   0.100000 | Q:  71.862808 | won: False 
#   54 | steps:  1095 | steps_t: 3270774 | t: 16.135120 | r:    92.000000 | e:   0.100000 | Q: 100.943588 | won: True 
#   55 | steps:  1112 | steps_t: 3270774 | t: 16.213199 | r:    95.000000 | e:   0.100000 | Q: 101.309280 | won: True 
#   56 | steps:  1132 | steps_t: 3270774 | t: 16.306996 | r:    92.000000 | e:   0.100000 | Q:  99.964523 | won: True 
#   57 | steps:  1153 | steps_t: 3270774 | t: 16.414378 | r:    91.000000 | e:   0.100000 | Q: 100.425217 | won: True 
#   58 | steps:  1170 | steps_t: 3270774 | t: 16.476880 | r:    95.000000 | e:   0.100000 | Q: 100.854179 | won: True 
#   59 | steps:  1188 | steps_t: 3270774 | t: 16.554980 | r:    94.000000 | e:   0.100000 | Q:  99.949371 | won: True 
#   60 | steps:  1203 | steps_t: 3270774 | t: 16.633120 | r:    97.000000 | e:   0.100000 | Q: 100.642761 | won: True 
#   61 | steps:  1220 | steps_t: 3270774 | t: 16.711491 | r:    95.000000 | e:   0.100000 | Q: 100.854179 | won: True 
#   62 | steps:  1238 | steps_t: 3270774 | t: 16.774084 | r:    94.000000 | e:   0.100000 | Q: 102.359123 | won: True 
#   63 | steps:  1255 | steps_t: 3270774 | t: 16.852170 | r:    95.000000 | e:   0.100000 | Q: 100.854179 | won: True 
#   64 | steps:  1275 | steps_t: 3270774 | t: 16.945965 | r:    92.000000 | e:   0.100000 | Q:  99.964523 | won: True 
#   65 | steps:  1293 | steps_t: 3270774 | t: 17.024079 | r:    94.000000 | e:   0.100000 | Q:  99.574608 | won: True 
#   66 | steps:  1307 | steps_t: 3270774 | t: 17.086582 | r:  -502.000000 | e:   0.100000 | Q:  71.862808 | won: False 
#   67 | steps:  1325 | steps_t: 3270774 | t: 17.164707 | r:    94.000000 | e:   0.100000 | Q: 102.359123 | won: True 
#   68 | steps:  1342 | steps_t: 3270774 | t: 17.242827 | r:    95.000000 | e:   0.100000 | Q: 101.309280 | won: True 
#   69 | steps:  1359 | steps_t: 3270774 | t: 17.320920 | r:    95.000000 | e:   0.100000 | Q: 101.309280 | won: True 
#   70 | steps:  1377 | steps_t: 3270774 | t: 17.397125 | r:    94.000000 | e:   0.100000 | Q: 102.359123 | won: True 
#   71 | steps:  1397 | steps_t: 3270774 | t: 17.490875 | r:    92.000000 | e:   0.100000 | Q:  99.964523 | won: True 
#   72 | steps:  1414 | steps_t: 3270774 | t: 17.553430 | r:    95.000000 | e:   0.100000 | Q: 100.530968 | won: True 
#   73 | steps:  1434 | steps_t: 3270774 | t: 17.647166 | r:    92.000000 | e:   0.100000 | Q: 100.943588 | won: True 
#   74 | steps:  1451 | steps_t: 3270774 | t: 17.725296 | r:    95.000000 | e:   0.100000 | Q: 101.309280 | won: True 
#   75 | steps:  1471 | steps_t: 3270774 | t: 17.803418 | r:    92.000000 | e:   0.100000 | Q: 100.943588 | won: True 
#   76 | steps:  1485 | steps_t: 3270774 | t: 17.865875 | r:  -502.000000 | e:   0.100000 | Q:  79.055824 | won: False 
#   77 | steps:  1511 | steps_t: 3270774 | t: 17.959621 | r:    86.000000 | e:   0.100000 | Q: 101.656296 | won: True 
#   78 | steps:  1525 | steps_t: 3270774 | t: 18.006529 | r:  -502.000000 | e:   0.100000 | Q:  71.862808 | won: False 
#   79 | steps:  1551 | steps_t: 3270774 | t: 18.116374 | r:    86.000000 | e:   0.100000 | Q: 101.656296 | won: True 
#   80 | steps:  1575 | steps_t: 3270774 | t: 18.194537 | r:    88.000000 | e:   0.100000 | Q: 100.076225 | won: True 
#   81 | steps:  1587 | steps_t: 3270774 | t: 18.241375 | r:  -500.000000 | e:   0.100000 | Q:  71.862808 | won: False 
#   82 | steps:  1603 | steps_t: 3270774 | t: 18.303895 | r:    96.000000 | e:   0.100000 | Q: 100.943588 | won: True 
#   83 | steps:  1618 | steps_t: 3270774 | t: 18.381309 | r:  -503.000000 | e:   0.100000 | Q:  71.862808 | won: False 
#   84 | steps:  1639 | steps_t: 3270774 | t: 18.460114 | r:    91.000000 | e:   0.100000 | Q: 100.147888 | won: True 
#   85 | steps:  1660 | steps_t: 3270774 | t: 18.538200 | r:    91.000000 | e:   0.100000 | Q: 100.425217 | won: True 
#   86 | steps:  1678 | steps_t: 3270774 | t: 18.600708 | r:    94.000000 | e:   0.100000 | Q: 102.359123 | won: True 
#   87 | steps:  1701 | steps_t: 3270774 | t: 18.710121 | r:    89.000000 | e:   0.100000 | Q: 101.474655 | won: True 
#   88 | steps:  1717 | steps_t: 3270774 | t: 18.772577 | r:    96.000000 | e:   0.100000 | Q: 100.943588 | won: True 
#   89 | steps:  1735 | steps_t: 3270774 | t: 18.835078 | r:    94.000000 | e:   0.100000 | Q: 102.359123 | won: True 
#   90 | steps:  1753 | steps_t: 3270774 | t: 18.913238 | r:    94.000000 | e:   0.100000 | Q: 102.359123 | won: True 
#   91 | steps:  1780 | steps_t: 3270774 | t: 19.022589 | r:  -515.000000 | e:   0.100000 | Q:  77.891365 | won: False 
#   92 | steps:  1795 | steps_t: 3270774 | t: 19.085116 | r:  -503.000000 | e:   0.100000 | Q:  71.862808 | won: False 
#   93 | steps:  1827 | steps_t: 3270774 | t: 19.210114 | r:    80.000000 | e:   0.100000 | Q: 100.516335 | won: True 
#   94 | steps:  1844 | steps_t: 3270774 | t: 19.288241 | r:    95.000000 | e:   0.100000 | Q: 101.309280 | won: True 
#   95 | steps:  1870 | steps_t: 3270774 | t: 19.394971 | r:  -514.000000 | e:   0.100000 | Q:  80.335831 | won: False 
#   96 | steps:  1882 | steps_t: 3270774 | t: 19.432251 | r:  -500.000000 | e:   0.100000 | Q:  71.862808 | won: False 
#   97 | steps:  1905 | steps_t: 3270774 | t: 19.520978 | r:    89.000000 | e:   0.100000 | Q: 101.162773 | won: True 
#   98 | steps:  1929 | steps_t: 3270774 | t: 19.599143 | r:    88.000000 | e:   0.100000 | Q: 101.667725 | won: True 
#   99 | steps:  1944 | steps_t: 3270774 | t: 19.661603 | r:  -503.000000 | e:   0.100000 | Q:  73.247620 | won: False 
#  100 | steps:  1961 | steps_t: 3270774 | t: 19.724101 | r:    95.000000 | e:   0.100000 | Q: 100.854179 | won: True 
