#    1 | steps:    15 | steps_t:     0 | t: 0.015594 | r:  -514.000000 | e:   1.000000 | Q:        nan | won: False 
#    2 | steps:    24 | steps_t:     0 | t: 0.015594 | r:  -508.000000 | e:   1.000000 | Q:        nan | won: False 
#    3 | steps:    36 | steps_t:     0 | t: 0.031248 | r:  -511.000000 | e:   1.000000 | Q:        nan | won: False 
#    4 | steps:    45 | steps_t:     0 | t: 0.031248 | r:  -508.000000 | e:   1.000000 | Q:        nan | won: False 
#    5 | steps:    51 | steps_t:     0 | t: 0.031248 | r:  -505.000000 | e:   1.000000 | Q:        nan | won: False 
#    6 | steps:    58 | steps_t:     0 | t: 0.053567 | r:  -506.000000 | e:   1.000000 | Q:        nan | won: False 
#    7 | steps:    73 | steps_t:     0 | t: 0.062614 | r:  -503.000000 | e:   1.000000 | Q:        nan | won: False 
#    8 | steps:    82 | steps_t:     0 | t: 0.062614 | r:  -508.000000 | e:   1.000000 | Q:        nan | won: False 
#    9 | steps:    91 | steps_t:     0 | t: 0.078290 | r:  -508.000000 | e:   1.000000 | Q:        nan | won: False 
#   10 | steps:    97 | steps_t:     0 | t: 0.078290 | r:  -505.000000 | e:   1.000000 | Q:        nan | won: False 
#   11 | steps:   110 | steps_t:     0 | t: 0.093919 | r:  -501.000000 | e:   1.000000 | Q:        nan | won: False 
#   12 | steps:   119 | steps_t:     0 | t: 0.093919 | r:  -508.000000 | e:   1.000000 | Q:        nan | won: False 
#   13 | steps:   127 | steps_t:     0 | t: 0.093919 | r:  -507.000000 | e:   1.000000 | Q:        nan | won: False 
#   14 | steps:   146 | steps_t:     0 | t: 0.109536 | r:  -518.000000 | e:   1.000000 | Q:        nan | won: False 
#   15 | steps:   162 | steps_t:     0 | t: 0.125166 | r:  -515.000000 | e:   1.000000 | Q:        nan | won: False 
#   16 | steps:   167 | steps_t:     0 | t: 0.125166 | r:  -504.000000 | e:   1.000000 | Q:        nan | won: False 
#   17 | steps:   195 | steps_t:     0 | t: 0.140795 | r:  -527.000000 | e:   1.000000 | Q:        nan | won: False 
#   18 | steps:   204 | steps_t:     0 | t: 0.140795 | r:  -508.000000 | e:   1.000000 | Q:        nan | won: False 
#   19 | steps:   217 | steps_t:     0 | t: 0.156416 | r:  -512.000000 | e:   1.000000 | Q:        nan | won: False 
#   20 | steps:   226 | steps_t:     0 | t: 0.156416 | r:  -508.000000 | e:   1.000000 | Q:        nan | won: False 
#   21 | steps:   234 | steps_t:     0 | t: 0.172041 | r:  -507.000000 | e:   1.000000 | Q:        nan | won: False 
#   22 | steps:   245 | steps_t:     0 | t: 0.172041 | r:  -510.000000 | e:   1.000000 | Q:        nan | won: False 
#   23 | steps:   255 | steps_t:     0 | t: 0.187666 | r:  -509.000000 | e:   1.000000 | Q:        nan | won: False 
#   24 | steps:   262 | steps_t:     0 | t: 0.187666 | r:  -506.000000 | e:   1.000000 | Q:        nan | won: False 
#   25 | steps:   281 | steps_t:     0 | t: 0.203290 | r:  -518.000000 | e:   1.000000 | Q:        nan | won: False 
#   26 | steps:   289 | steps_t:     0 | t: 0.203290 | r:  -507.000000 | e:   1.000000 | Q:        nan | won: False 
#   27 | steps:   308 | steps_t:     0 | t: 0.218877 | r:  -518.000000 | e:   1.000000 | Q:        nan | won: False 
#   28 | steps:   317 | steps_t:     0 | t: 0.218877 | r:  -508.000000 | e:   1.000000 | Q:        nan | won: False 
#   29 | steps:   324 | steps_t:     0 | t: 0.218877 | r:  -506.000000 | e:   1.000000 | Q:        nan | won: False 
#   30 | steps:   334 | steps_t:     0 | t: 0.234522 | r:  -509.000000 | e:   1.000000 | Q:        nan | won: False 
#   31 | steps:   341 | steps_t:     0 | t: 0.234522 | r:  -506.000000 | e:   1.000000 | Q:        nan | won: False 
#   32 | steps:   372 | steps_t:     0 | t: 0.250177 | r:  -530.000000 | e:   1.000000 | Q:        nan | won: False 
#   33 | steps:   379 | steps_t:     0 | t: 0.265786 | r:  -506.000000 | e:   1.000000 | Q:        nan | won: False 
#   34 | steps:   387 | steps_t:     0 | t: 0.265786 | r:  -507.000000 | e:   1.000000 | Q:        nan | won: False 
#   35 | steps:   398 | steps_t:     0 | t: 0.281378 | r:  -510.000000 | e:   1.000000 | Q:        nan | won: False 
#   36 | steps:   409 | steps_t:     0 | t: 0.281378 | r:  -510.000000 | e:   1.000000 | Q:        nan | won: False 
#   37 | steps:   416 | steps_t:     0 | t: 0.297002 | r:  -506.000000 | e:   1.000000 | Q:        nan | won: False 
#   38 | steps:   436 | steps_t:     0 | t: 0.312628 | r:  -519.000000 | e:   1.000000 | Q:        nan | won: False 
#   39 | steps:   444 | steps_t:     0 | t: 0.312628 | r:  -507.000000 | e:   1.000000 | Q:        nan | won: False 
#   40 | steps:   475 | steps_t:     0 | t: 0.328253 | r:  -530.000000 | e:   1.000000 | Q:        nan | won: False 
#   41 | steps:   485 | steps_t:     0 | t: 0.343912 | r:  -509.000000 | e:   1.000000 | Q:        nan | won: False 
#   42 | steps:   501 | steps_t:     0 | t: 0.359541 | r:  -515.000000 | e:   1.000000 | Q:        nan | won: False 
#   43 | steps:   514 | steps_t:     0 | t: 0.359541 | r:  -512.000000 | e:   1.000000 | Q:        nan | won: False 
#   44 | steps:   536 | steps_t:     0 | t: 0.375166 | r:  -521.000000 | e:   1.000000 | Q:        nan | won: False 
#   45 | steps:   551 | steps_t:     0 | t: 0.390793 | r:  -514.000000 | e:   1.000000 | Q:        nan | won: False 
#   46 | steps:   565 | steps_t:     0 | t: 0.390793 | r:  -502.000000 | e:   1.000000 | Q:        nan | won: False 
#   47 | steps:   576 | steps_t:     0 | t: 0.406413 | r:  -510.000000 | e:   1.000000 | Q:        nan | won: False 
#   48 | steps:   585 | steps_t:     0 | t: 0.406413 | r:  -508.000000 | e:   1.000000 | Q:        nan | won: False 
#   49 | steps:   600 | steps_t:     0 | t: 0.422041 | r:  -503.000000 | e:   1.000000 | Q:        nan | won: False 
#   50 | steps:   607 | steps_t:     0 | t: 0.422041 | r:  -506.000000 | e:   1.000000 | Q:        nan | won: False 
#   51 | steps:   620 | steps_t:     0 | t: 0.437627 | r:  -512.000000 | e:   1.000000 | Q:        nan | won: False 
#   52 | steps:   626 | steps_t:     0 | t: 0.437627 | r:  -505.000000 | e:   1.000000 | Q:        nan | won: False 
#   53 | steps:   636 | steps_t:     0 | t: 0.453294 | r:  -509.000000 | e:   1.000000 | Q:        nan | won: False 
#   54 | steps:   643 | steps_t:     0 | t: 0.453294 | r:  -506.000000 | e:   1.000000 | Q:        nan | won: False 
#   55 | steps:   648 | steps_t:     0 | t: 0.453294 | r:  -504.000000 | e:   1.000000 | Q:        nan | won: False 
#   56 | steps:   663 | steps_t:     0 | t: 0.468914 | r:  -514.000000 | e:   1.000000 | Q:        nan | won: False 
#   57 | steps:   671 | steps_t:     0 | t: 0.468914 | r:  -507.000000 | e:   1.000000 | Q:        nan | won: False 
#   58 | steps:   683 | steps_t:     0 | t: 0.484523 | r:  -511.000000 | e:   1.000000 | Q:        nan | won: False 
#   59 | steps:   690 | steps_t:     0 | t: 0.484523 | r:  -506.000000 | e:   1.000000 | Q:        nan | won: False 
#   60 | steps:   699 | steps_t:     0 | t: 0.500139 | r:  -508.000000 | e:   1.000000 | Q:        nan | won: False 
#   61 | steps:   705 | steps_t:     0 | t: 0.500139 | r:  -505.000000 | e:   1.000000 | Q:        nan | won: False 
#   62 | steps:   714 | steps_t:     0 | t: 0.515789 | r:  -508.000000 | e:   1.000000 | Q:        nan | won: False 
#   63 | steps:   724 | steps_t:     0 | t: 0.515789 | r:  -509.000000 | e:   1.000000 | Q:        nan | won: False 
#   64 | steps:   733 | steps_t:     0 | t: 0.531385 | r:  -508.000000 | e:   1.000000 | Q:        nan | won: False 
#   65 | steps:   742 | steps_t:     0 | t: 0.531385 | r:  -508.000000 | e:   1.000000 | Q:        nan | won: False 
#   66 | steps:   751 | steps_t:     0 | t: 0.547044 | r:  -508.000000 | e:   1.000000 | Q:        nan | won: False 
#   67 | steps:   763 | steps_t:     0 | t: 0.547044 | r:  -511.000000 | e:   1.000000 | Q:        nan | won: False 
#   68 | steps:   771 | steps_t:     0 | t: 0.562671 | r:  -507.000000 | e:   1.000000 | Q:        nan | won: False 
#   69 | steps:   780 | steps_t:     0 | t: 0.562671 | r:  -508.000000 | e:   1.000000 | Q:        nan | won: False 
#   70 | steps:   790 | steps_t:     0 | t: 0.578253 | r:  -509.000000 | e:   1.000000 | Q:        nan | won: False 
#   71 | steps:   799 | steps_t:     0 | t: 0.578253 | r:  -508.000000 | e:   1.000000 | Q:        nan | won: False 
#   72 | steps:   805 | steps_t:     0 | t: 0.578253 | r:  -505.000000 | e:   1.000000 | Q:        nan | won: False 
#   73 | steps:   813 | steps_t:     0 | t: 0.593924 | r:  -507.000000 | e:   1.000000 | Q:        nan | won: False 
#   74 | steps:   826 | steps_t:     0 | t: 0.593924 | r:  -512.000000 | e:   1.000000 | Q:        nan | won: False 
#   75 | steps:   834 | steps_t:     0 | t: 0.609502 | r:  -507.000000 | e:   1.000000 | Q:        nan | won: False 
#   76 | steps:   843 | steps_t:     0 | t: 0.609502 | r:  -508.000000 | e:   1.000000 | Q:        nan | won: False 
#   77 | steps:   852 | steps_t:     0 | t: 0.625127 | r:  -508.000000 | e:   1.000000 | Q:        nan | won: False 
#   78 | steps:   895 | steps_t:     0 | t: 0.656378 | r:  -531.000000 | e:   1.000000 | Q:        nan | won: False 
#   79 | steps:   901 | steps_t:     0 | t: 0.656378 | r:  -505.000000 | e:   1.000000 | Q:        nan | won: False 
#   80 | steps:   907 | steps_t:     0 | t: 0.656378 | r:  -505.000000 | e:   1.000000 | Q:        nan | won: False 
#   81 | steps:   915 | steps_t:     0 | t: 0.672003 | r:  -507.000000 | e:   1.000000 | Q:        nan | won: False 
#   82 | steps:   924 | steps_t:     0 | t: 0.672003 | r:  -508.000000 | e:   1.000000 | Q:        nan | won: False 
#   83 | steps:   938 | steps_t:     0 | t: 0.687628 | r:  -513.000000 | e:   1.000000 | Q:        nan | won: False 
#   84 | steps:   944 | steps_t:     0 | t: 0.687628 | r:  -505.000000 | e:   1.000000 | Q:        nan | won: False 
#   85 | steps:   967 | steps_t:     0 | t: 0.703302 | r:  -522.000000 | e:   1.000000 | Q:        nan | won: False 
#   86 | steps:   974 | steps_t:     0 | t: 0.703302 | r:  -506.000000 | e:   1.000000 | Q:        nan | won: False 
#   87 | steps:   983 | steps_t:     0 | t: 0.718878 | r:  -508.000000 | e:   1.000000 | Q:        nan | won: False 
#   88 | steps:   992 | steps_t:     0 | t: 0.718878 | r:  -508.000000 | e:   1.000000 | Q:        nan | won: False 
#   89 | steps:  1003 | steps_t:     0 | t: 0.734561 | r:  -510.000000 | e:   1.000000 | Q:        nan | won: False 
#   90 | steps:  1018 | steps_t:     0 | t: 0.734561 | r:  -514.000000 | e:   1.000000 | Q:        nan | won: False 
#   91 | steps:  1029 | steps_t:     0 | t: 0.750155 | r:  -510.000000 | e:   1.000000 | Q:        nan | won: False 
#   92 | steps:  1037 | steps_t:     0 | t: 0.750155 | r:  -507.000000 | e:   1.000000 | Q:        nan | won: False 
#   93 | steps:  1048 | steps_t:     0 | t: 0.765790 | r:  -510.000000 | e:   1.000000 | Q:        nan | won: False 
#   94 | steps:  1056 | steps_t:     0 | t: 0.765790 | r:  -507.000000 | e:   1.000000 | Q:        nan | won: False 
#   95 | steps:  1074 | steps_t:     0 | t: 0.781381 | r:  -517.000000 | e:   1.000000 | Q:        nan | won: False 
#   96 | steps:  1092 | steps_t:     0 | t: 0.797012 | r:  -506.000000 | e:   1.000000 | Q:        nan | won: False 
#   97 | steps:  1101 | steps_t:     0 | t: 0.797012 | r:  -508.000000 | e:   1.000000 | Q:        nan | won: False 
#   98 | steps:  1110 | steps_t:     0 | t: 0.812664 | r:  -508.000000 | e:   1.000000 | Q:        nan | won: False 
#   99 | steps:  1124 | steps_t:     0 | t: 0.812664 | r:  -513.000000 | e:   1.000000 | Q:        nan | won: False 
#  100 | steps:  1142 | steps_t:     0 | t: 0.828256 | r:  -517.000000 | e:   1.000000 | Q:        nan | won: False 
#  101 | steps:  1151 | steps_t:     0 | t: 0.843923 | r:  -508.000000 | e:   1.000000 | Q:        nan | won: False 
#  102 | steps:  1160 | steps_t:     0 | t: 0.859555 | r:  -508.000000 | e:   1.000000 | Q:        nan | won: False 
#  103 | steps:  1171 | steps_t:     0 | t: 0.875184 | r:  -510.000000 | e:   1.000000 | Q:        nan | won: False 
#  104 | steps:  1183 | steps_t:     0 | t: 0.890810 | r:  -511.000000 | e:   1.000000 | Q:        nan | won: False 
#  105 | steps:  1196 | steps_t:     0 | t: 0.906391 | r:  -501.000000 | e:   1.000000 | Q:        nan | won: False 
#  106 | steps:  1216 | steps_t:     0 | t: 0.922057 | r:  -519.000000 | e:   1.000000 | Q:        nan | won: False 
#  107 | steps:  1230 | steps_t:     0 | t: 0.937694 | r:  -513.000000 | e:   1.000000 | Q:        nan | won: False 
#  108 | steps:  1241 | steps_t:     0 | t: 0.959347 | r:  -510.000000 | e:   1.000000 | Q:        nan | won: False 
#  109 | steps:  1252 | steps_t:     0 | t: 0.969387 | r:  -510.000000 | e:   1.000000 | Q:        nan | won: False 
#  110 | steps:  1263 | steps_t:     0 | t: 0.985064 | r:  -510.000000 | e:   1.000000 | Q:        nan | won: False 
#  111 | steps:  1272 | steps_t:     0 | t: 1.000690 | r:  -508.000000 | e:   1.000000 | Q:        nan | won: False 
#  112 | steps:  1281 | steps_t:     0 | t: 1.016340 | r:  -508.000000 | e:   1.000000 | Q:        nan | won: False 
#  113 | steps:  1293 | steps_t:     0 | t: 1.031968 | r:  -511.000000 | e:   1.000000 | Q:        nan | won: False 
#  114 | steps:  1305 | steps_t:     0 | t: 1.047543 | r:  -511.000000 | e:   1.000000 | Q:        nan | won: False 
#  115 | steps:  1318 | steps_t:     0 | t: 1.063168 | r:  -512.000000 | e:   1.000000 | Q:        nan | won: False 
#  116 | steps:  1333 | steps_t:     0 | t: 1.078792 | r:  -514.000000 | e:   1.000000 | Q:        nan | won: False 
#  117 | steps:  1357 | steps_t:     0 | t: 1.110086 | r:  -523.000000 | e:   1.000000 | Q:        nan | won: False 
#  118 | steps:  1366 | steps_t:     0 | t: 1.125714 | r:  -508.000000 | e:   1.000000 | Q:        nan | won: False 
#  119 | steps:  1373 | steps_t:     0 | t: 1.125714 | r:  -506.000000 | e:   1.000000 | Q:        nan | won: False 
#  120 | steps:  1381 | steps_t:     0 | t: 1.141333 | r:  -507.000000 | e:   1.000000 | Q:        nan | won: False 
#  121 | steps:  1399 | steps_t:     0 | t: 1.172544 | r:  -517.000000 | e:   1.000000 | Q:        nan | won: False 
#  122 | steps:  1411 | steps_t:     0 | t: 1.188168 | r:  -511.000000 | e:   1.000000 | Q:        nan | won: False 
#  123 | steps:  1419 | steps_t:     0 | t: 1.203794 | r:  -507.000000 | e:   1.000000 | Q:        nan | won: False 
#  124 | steps:  1427 | steps_t:     0 | t: 1.203794 | r:  -507.000000 | e:   1.000000 | Q:        nan | won: False 
#  125 | steps:  1433 | steps_t:     0 | t: 1.219419 | r:  -505.000000 | e:   1.000000 | Q:        nan | won: False 
#  126 | steps:  1442 | steps_t:     0 | t: 1.235096 | r:  -508.000000 | e:   1.000000 | Q:        nan | won: False 
#  127 | steps:  1449 | steps_t:     0 | t: 1.235096 | r:  -506.000000 | e:   1.000000 | Q:        nan | won: False 
#  128 | steps:  1456 | steps_t:     0 | t: 1.255819 | r:  -506.000000 | e:   1.000000 | Q:        nan | won: False 
#  129 | steps:  1464 | steps_t:     0 | t: 1.266890 | r:  -507.000000 | e:   1.000000 | Q:        nan | won: False 
#  130 | steps:  1470 | steps_t:     0 | t: 1.266890 | r:  -505.000000 | e:   1.000000 | Q:        nan | won: False 
#  131 | steps:  1481 | steps_t:     0 | t: 1.282542 | r:  -510.000000 | e:   1.000000 | Q:        nan | won: False 
#  132 | steps:  1497 | steps_t:     0 | t: 1.298220 | r:  -515.000000 | e:   1.000000 | Q:        nan | won: False 
#  133 | steps:  1504 | steps_t:     0 | t: 1.313796 | r:  -506.000000 | e:   1.000000 | Q:        nan | won: False 
#  134 | steps:  1510 | steps_t:     0 | t: 1.329465 | r:  -505.000000 | e:   1.000000 | Q:        nan | won: False 
#  135 | steps:  1531 | steps_t:     0 | t: 1.345093 | r:  -520.000000 | e:   1.000000 | Q:        nan | won: False 
#  136 | steps:  1540 | steps_t:     0 | t: 1.360717 | r:  -508.000000 | e:   1.000000 | Q:        nan | won: False 
#  137 | steps:  1548 | steps_t:     0 | t: 1.376342 | r:  -507.000000 | e:   1.000000 | Q:        nan | won: False 
#  138 | steps:  1556 | steps_t:     0 | t: 1.391917 | r:  -507.000000 | e:   1.000000 | Q:        nan | won: False 
#  139 | steps:  1571 | steps_t:     0 | t: 1.407543 | r:  -514.000000 | e:   1.000000 | Q:        nan | won: False 
#  140 | steps:  1582 | steps_t:     0 | t: 1.423167 | r:  -510.000000 | e:   1.000000 | Q:        nan | won: False 
#  141 | steps:  1589 | steps_t:     0 | t: 1.423167 | r:  -506.000000 | e:   1.000000 | Q:        nan | won: False 
#  142 | steps:  1600 | steps_t:     0 | t: 1.438797 | r:  -510.000000 | e:   1.000000 | Q:        nan | won: False 
#  143 | steps:  1610 | steps_t:     0 | t: 1.454469 | r:  -509.000000 | e:   1.000000 | Q:        nan | won: False 
#  144 | steps:  1626 | steps_t:     0 | t: 1.470052 | r:  -515.000000 | e:   1.000000 | Q:        nan | won: False 
#  145 | steps:  1639 | steps_t:     0 | t: 1.485697 | r:  -512.000000 | e:   1.000000 | Q:        nan | won: False 
#  146 | steps:  1647 | steps_t:     0 | t: 1.501295 | r:  -507.000000 | e:   1.000000 | Q:        nan | won: False 
#  147 | steps:  1657 | steps_t:     0 | t: 1.516958 | r:  -509.000000 | e:   1.000000 | Q:        nan | won: False 
#  148 | steps:  1663 | steps_t:     0 | t: 1.532542 | r:  -505.000000 | e:   1.000000 | Q:        nan | won: False 
#  149 | steps:  1672 | steps_t:     0 | t: 1.532542 | r:  -508.000000 | e:   1.000000 | Q:        nan | won: False 
#  150 | steps:  1685 | steps_t:     0 | t: 1.563838 | r:  -512.000000 | e:   1.000000 | Q:        nan | won: False 
#  151 | steps:  1692 | steps_t:     0 | t: 1.579417 | r:  -506.000000 | e:   1.000000 | Q:        nan | won: False 
#  152 | steps:  1701 | steps_t:     0 | t: 1.595082 | r:  -508.000000 | e:   1.000000 | Q:        nan | won: False 
#  153 | steps:  1715 | steps_t:     0 | t: 1.610716 | r:  -513.000000 | e:   1.000000 | Q:        nan | won: False 
#  154 | steps:  1723 | steps_t:     0 | t: 1.610716 | r:  -507.000000 | e:   1.000000 | Q:        nan | won: False 
#  155 | steps:  1731 | steps_t:     0 | t: 1.626334 | r:  -507.000000 | e:   1.000000 | Q:        nan | won: False 
#  156 | steps:  1736 | steps_t:     0 | t: 1.641923 | r:  -504.000000 | e:   1.000000 | Q:        nan | won: False 
#  157 | steps:  1746 | steps_t:     0 | t: 1.641923 | r:  -509.000000 | e:   1.000000 | Q:        nan | won: False 
#  158 | steps:  1756 | steps_t:     0 | t: 1.657551 | r:  -509.000000 | e:   1.000000 | Q:        nan | won: False 
#  159 | steps:  1764 | steps_t:     0 | t: 1.673163 | r:  -507.000000 | e:   1.000000 | Q:        nan | won: False 
#  160 | steps:  1778 | steps_t:     0 | t: 1.673163 | r:  -502.000000 | e:   1.000000 | Q:        nan | won: False 
#  161 | steps:  1792 | steps_t:     0 | t: 1.688832 | r:  -513.000000 | e:   1.000000 | Q:        nan | won: False 
#  162 | steps:  1805 | steps_t:     0 | t: 1.704451 | r:  -501.000000 | e:   1.000000 | Q:        nan | won: False 
#  163 | steps:  1847 | steps_t:     0 | t: 1.720077 | r:  -530.000000 | e:   1.000000 | Q:        nan | won: False 
#  164 | steps:  1858 | steps_t:     0 | t: 1.735703 | r:  -510.000000 | e:   1.000000 | Q:        nan | won: False 
#  165 | steps:  1868 | steps_t:     0 | t: 1.735703 | r:  -509.000000 | e:   1.000000 | Q:        nan | won: False 
#  166 | steps:  1882 | steps_t:     0 | t: 1.751330 | r:  -513.000000 | e:   1.000000 | Q:        nan | won: False 
#  167 | steps:  1903 | steps_t:     0 | t: 1.766966 | r:  -520.000000 | e:   1.000000 | Q:        nan | won: False 
#  168 | steps:  1913 | steps_t:     0 | t: 1.766966 | r:  -509.000000 | e:   1.000000 | Q:        nan | won: False 
#  169 | steps:  1931 | steps_t:     0 | t: 1.782540 | r:  -517.000000 | e:   1.000000 | Q:        nan | won: False 
#  170 | steps:  1946 | steps_t:     0 | t: 1.798168 | r:  -514.000000 | e:   1.000000 | Q:        nan | won: False 
#  171 | steps:  1955 | steps_t:     0 | t: 1.798168 | r:  -508.000000 | e:   1.000000 | Q:        nan | won: False 
#  172 | steps:  1961 | steps_t:     0 | t: 1.798168 | r:  -505.000000 | e:   1.000000 | Q:        nan | won: False 
#  173 | steps:  1972 | steps_t:     0 | t: 1.813829 | r:  -510.000000 | e:   1.000000 | Q:        nan | won: False 
#  174 | steps:  1992 | steps_t:     0 | t: 1.829411 | r:  -519.000000 | e:   1.000000 | Q:        nan | won: False 
#  175 | steps:  1997 | steps_t:     0 | t: 1.829411 | r:  -504.000000 | e:   1.000000 | Q:        nan | won: False 
#  176 | steps:  2010 | steps_t:     0 | t: 1.845037 | r:  -512.000000 | e:   1.000000 | Q:        nan | won: False 
#  177 | steps:  2017 | steps_t:     0 | t: 1.845037 | r:  -506.000000 | e:   1.000000 | Q:        nan | won: False 
#  178 | steps:  2023 | steps_t:     0 | t: 1.845037 | r:  -505.000000 | e:   1.000000 | Q:        nan | won: False 
#  179 | steps:  2030 | steps_t:     0 | t: 1.845037 | r:  -506.000000 | e:   1.000000 | Q:        nan | won: False 
#  180 | steps:  2045 | steps_t:     0 | t: 1.860662 | r:  -514.000000 | e:   1.000000 | Q:        nan | won: False 
#  181 | steps:  2055 | steps_t:     0 | t: 1.876300 | r:  -509.000000 | e:   1.000000 | Q:        nan | won: False 
#  182 | steps:  2061 | steps_t:     0 | t: 1.876300 | r:  -505.000000 | e:   1.000000 | Q:        nan | won: False 
#  183 | steps:  2067 | steps_t:     0 | t: 1.876300 | r:  -505.000000 | e:   1.000000 | Q:        nan | won: False 
#  184 | steps:  2075 | steps_t:     0 | t: 1.876300 | r:  -507.000000 | e:   1.000000 | Q:        nan | won: False 
#  185 | steps:  2087 | steps_t:     0 | t: 1.891910 | r:  -511.000000 | e:   1.000000 | Q:        nan | won: False 
#  186 | steps:  2109 | steps_t:     0 | t: 1.907539 | r:  -521.000000 | e:   1.000000 | Q:        nan | won: False 
#  187 | steps:  2132 | steps_t:     0 | t: 1.923162 | r:  -522.000000 | e:   1.000000 | Q:        nan | won: False 
#  188 | steps:  2144 | steps_t:     0 | t: 1.923162 | r:  -511.000000 | e:   1.000000 | Q:        nan | won: False 
#  189 | steps:  2158 | steps_t:     0 | t: 1.938787 | r:  -502.000000 | e:   1.000000 | Q:        nan | won: False 
#  190 | steps:  2168 | steps_t:     0 | t: 1.954412 | r:  -509.000000 | e:   1.000000 | Q:        nan | won: False 
#  191 | steps:  2179 | steps_t:     0 | t: 1.954412 | r:  -510.000000 | e:   1.000000 | Q:        nan | won: False 
#  192 | steps:  2197 | steps_t:     0 | t: 1.970036 | r:  -517.000000 | e:   1.000000 | Q:        nan | won: False 
#  193 | steps:  2206 | steps_t:     0 | t: 1.970036 | r:  -508.000000 | e:   1.000000 | Q:        nan | won: False 
#  194 | steps:  2219 | steps_t:     0 | t: 1.985661 | r:  -512.000000 | e:   1.000000 | Q:        nan | won: False 
#  195 | steps:  2234 | steps_t:     0 | t: 2.001288 | r:  -514.000000 | e:   1.000000 | Q:        nan | won: False 
#  196 | steps:  2242 | steps_t:     0 | t: 2.001288 | r:  -507.000000 | e:   1.000000 | Q:        nan | won: False 
#  197 | steps:  2252 | steps_t:     0 | t: 2.001288 | r:  -509.000000 | e:   1.000000 | Q:        nan | won: False 
#  198 | steps:  2260 | steps_t:     0 | t: 2.016963 | r:  -507.000000 | e:   1.000000 | Q:        nan | won: False 
#  199 | steps:  2269 | steps_t:     0 | t: 2.016963 | r:  -508.000000 | e:   1.000000 | Q:        nan | won: False 
#  200 | steps:  2283 | steps_t:     0 | t: 2.032544 | r:  -502.000000 | e:   1.000000 | Q:        nan | won: False 
#  201 | steps:  2296 | steps_t:     0 | t: 2.032544 | r:  -512.000000 | e:   1.000000 | Q:        nan | won: False 
#  202 | steps:  2303 | steps_t:     0 | t: 2.032544 | r:  -506.000000 | e:   1.000000 | Q:        nan | won: False 
#  203 | steps:  2313 | steps_t:     0 | t: 2.048161 | r:  -509.000000 | e:   1.000000 | Q:        nan | won: False 
#  204 | steps:  2322 | steps_t:     0 | t: 2.048161 | r:  -508.000000 | e:   1.000000 | Q:        nan | won: False 
#  205 | steps:  2330 | steps_t:     0 | t: 2.063786 | r:  -507.000000 | e:   1.000000 | Q:        nan | won: False 
#  206 | steps:  2344 | steps_t:     0 | t: 2.063786 | r:  -513.000000 | e:   1.000000 | Q:        nan | won: False 
#  207 | steps:  2355 | steps_t:     0 | t: 2.079410 | r:  -510.000000 | e:   1.000000 | Q:        nan | won: False 
#  208 | steps:  2375 | steps_t:     0 | t: 2.095074 | r:  -519.000000 | e:   1.000000 | Q:        nan | won: False 
#  209 | steps:  2399 | steps_t:     0 | t: 2.110705 | r:  -523.000000 | e:   1.000000 | Q:        nan | won: False 
#  210 | steps:  2411 | steps_t:     0 | t: 2.110705 | r:  -511.000000 | e:   1.000000 | Q:        nan | won: False 
#  211 | steps:  2419 | steps_t:     0 | t: 2.110705 | r:  -507.000000 | e:   1.000000 | Q:        nan | won: False 
#  212 | steps:  2431 | steps_t:     0 | t: 2.126328 | r:  -511.000000 | e:   1.000000 | Q:        nan | won: False 
#  213 | steps:  2443 | steps_t:     0 | t: 2.126328 | r:  -511.000000 | e:   1.000000 | Q:        nan | won: False 
#  214 | steps:  2465 | steps_t:     0 | t: 2.141951 | r:  -521.000000 | e:   1.000000 | Q:        nan | won: False 
#  215 | steps:  2481 | steps_t:     0 | t: 2.157577 | r:  -515.000000 | e:   1.000000 | Q:        nan | won: False 
#  216 | steps:  2490 | steps_t:     0 | t: 2.157577 | r:  -508.000000 | e:   1.000000 | Q:        nan | won: False 
#  217 | steps:  2501 | steps_t:     0 | t: 2.173200 | r:  -510.000000 | e:   1.000000 | Q:        nan | won: False 
#  218 | steps:  2509 | steps_t:     0 | t: 2.173200 | r:  -507.000000 | e:   1.000000 | Q:        nan | won: False 
#  219 | steps:  2516 | steps_t:     0 | t: 2.173200 | r:  -506.000000 | e:   1.000000 | Q:        nan | won: False 
#  220 | steps:  2525 | steps_t:     0 | t: 2.188788 | r:  -508.000000 | e:   1.000000 | Q:        nan | won: False 
#  221 | steps:  2536 | steps_t:     0 | t: 2.188788 | r:  -510.000000 | e:   1.000000 | Q:        nan | won: False 
#  222 | steps:  2552 | steps_t:     0 | t: 2.204465 | r:  -504.000000 | e:   1.000000 | Q:        nan | won: False 
#  223 | steps:  2565 | steps_t:     0 | t: 2.204465 | r:  -512.000000 | e:   1.000000 | Q:        nan | won: False 
#  224 | steps:  2575 | steps_t:     0 | t: 2.220037 | r:  -509.000000 | e:   1.000000 | Q:        nan | won: False 
#  225 | steps:  2586 | steps_t:     0 | t: 2.220037 | r:  -510.000000 | e:   1.000000 | Q:        nan | won: False 
#  226 | steps:  2595 | steps_t:     0 | t: 2.235701 | r:  -508.000000 | e:   1.000000 | Q:        nan | won: False 
#  227 | steps:  2600 | steps_t:     0 | t: 2.235701 | r:  -504.000000 | e:   1.000000 | Q:        nan | won: False 
#  228 | steps:  2607 | steps_t:     0 | t: 2.235701 | r:  -506.000000 | e:   1.000000 | Q:        nan | won: False 
#  229 | steps:  2617 | steps_t:     0 | t: 2.251285 | r:  -509.000000 | e:   1.000000 | Q:        nan | won: False 
#  230 | steps:  2627 | steps_t:     0 | t: 2.251285 | r:  -509.000000 | e:   1.000000 | Q:        nan | won: False 
#  231 | steps:  2638 | steps_t:     0 | t: 2.266940 | r:  -510.000000 | e:   1.000000 | Q:        nan | won: False 
#  232 | steps:  2648 | steps_t:     0 | t: 2.266940 | r:  -509.000000 | e:   1.000000 | Q:        nan | won: False 
#  233 | steps:  2656 | steps_t:     0 | t: 2.266940 | r:  -507.000000 | e:   1.000000 | Q:        nan | won: False 
#  234 | steps:  2662 | steps_t:     0 | t: 2.282544 | r:  -505.000000 | e:   1.000000 | Q:        nan | won: False 
#  235 | steps:  2671 | steps_t:     0 | t: 2.282544 | r:  -508.000000 | e:   1.000000 | Q:        nan | won: False 
#  236 | steps:  2684 | steps_t:     0 | t: 2.298168 | r:  -512.000000 | e:   1.000000 | Q:        nan | won: False 
#  237 | steps:  2695 | steps_t:     0 | t: 2.298168 | r:  -510.000000 | e:   1.000000 | Q:        nan | won: False 
#  238 | steps:  2707 | steps_t:     0 | t: 2.313825 | r:  -511.000000 | e:   1.000000 | Q:        nan | won: False 
#  239 | steps:  2717 | steps_t:     0 | t: 2.313825 | r:  -509.000000 | e:   1.000000 | Q:        nan | won: False 
#  240 | steps:  2725 | steps_t:     0 | t: 2.313825 | r:  -507.000000 | e:   1.000000 | Q:        nan | won: False 
#  241 | steps:  2733 | steps_t:     0 | t: 2.329452 | r:  -507.000000 | e:   1.000000 | Q:        nan | won: False 
#  242 | steps:  2740 | steps_t:     0 | t: 2.329452 | r:  -506.000000 | e:   1.000000 | Q:        nan | won: False 
#  243 | steps:  2764 | steps_t:     0 | t: 2.345076 | r:  -523.000000 | e:   1.000000 | Q:        nan | won: False 
#  244 | steps:  2772 | steps_t:     0 | t: 2.345076 | r:  -507.000000 | e:   1.000000 | Q:        nan | won: False 
#  245 | steps:  2779 | steps_t:     0 | t: 2.360662 | r:  -506.000000 | e:   1.000000 | Q:        nan | won: False 
#  246 | steps:  2788 | steps_t:     0 | t: 2.360662 | r:  -508.000000 | e:   1.000000 | Q:        nan | won: False 
#  247 | steps:  2804 | steps_t:     0 | t: 2.376324 | r:  -515.000000 | e:   1.000000 | Q:        nan | won: False 
#  248 | steps:  2810 | steps_t:     0 | t: 2.376324 | r:  -505.000000 | e:   1.000000 | Q:        nan | won: False 
#  249 | steps:  2821 | steps_t:     0 | t: 2.391915 | r:  -510.000000 | e:   1.000000 | Q:        nan | won: False 
#  250 | steps:  2831 | steps_t:     0 | t: 2.391915 | r:  -509.000000 | e:   1.000000 | Q:        nan | won: False 
#  251 | steps:  2843 | steps_t:     0 | t: 2.407535 | r:  -511.000000 | e:   1.000000 | Q:        nan | won: False 
#  252 | steps:  2854 | steps_t:     0 | t: 2.407535 | r:  -510.000000 | e:   1.000000 | Q:        nan | won: False 
#  253 | steps:  2881 | steps_t:     0 | t: 2.423199 | r:  -515.000000 | e:   1.000000 | Q:        nan | won: False 
#  254 | steps:  2896 | steps_t:     0 | t: 2.438786 | r:  -514.000000 | e:   1.000000 | Q:        nan | won: False 
#  255 | steps:  2909 | steps_t:     0 | t: 2.438786 | r:  -512.000000 | e:   1.000000 | Q:        nan | won: False 
#  256 | steps:  2916 | steps_t:     0 | t: 2.454411 | r:  -506.000000 | e:   1.000000 | Q:        nan | won: False 
#  257 | steps:  2922 | steps_t:     0 | t: 2.454411 | r:  -505.000000 | e:   1.000000 | Q:        nan | won: False 
#  258 | steps:  2934 | steps_t:     0 | t: 2.454411 | r:  -511.000000 | e:   1.000000 | Q:        nan | won: False 
#  259 | steps:  2976 | steps_t:     0 | t: 2.485698 | r:  -530.000000 | e:   1.000000 | Q:        nan | won: False 
#  260 | steps:  2985 | steps_t:     0 | t: 2.485698 | r:  -508.000000 | e:   1.000000 | Q:        nan | won: False 
#  261 | steps:  2997 | steps_t:     0 | t: 2.501321 | r:  -511.000000 | e:   1.000000 | Q:        nan | won: False 
#  262 | steps:  3009 | steps_t:     0 | t: 2.501321 | r:  -511.000000 | e:   1.000000 | Q:        nan | won: False 
#  263 | steps:  3016 | steps_t:     0 | t: 2.516921 | r:  -506.000000 | e:   1.000000 | Q:        nan | won: False 
#  264 | steps:  3033 | steps_t:     0 | t: 2.516921 | r:  -516.000000 | e:   1.000000 | Q:        nan | won: False 
#  265 | steps:  3040 | steps_t:     0 | t: 2.532539 | r:  -506.000000 | e:   1.000000 | Q:        nan | won: False 
#  266 | steps:  3048 | steps_t:     0 | t: 2.532539 | r:  -507.000000 | e:   1.000000 | Q:        nan | won: False 
#  267 | steps:  3055 | steps_t:     0 | t: 2.548166 | r:  -506.000000 | e:   1.000000 | Q:        nan | won: False 
#  268 | steps:  3072 | steps_t:     0 | t: 2.548166 | r:  -516.000000 | e:   1.000000 | Q:        nan | won: False 
#  269 | steps:  3080 | steps_t:     0 | t: 2.563787 | r:  -507.000000 | e:   1.000000 | Q:        nan | won: False 
#  270 | steps:  3090 | steps_t:     0 | t: 2.563787 | r:  -509.000000 | e:   1.000000 | Q:        nan | won: False 
#  271 | steps:  3100 | steps_t:     0 | t: 2.579449 | r:  -509.000000 | e:   1.000000 | Q:        nan | won: False 
#  272 | steps:  3107 | steps_t:     0 | t: 2.579449 | r:  -506.000000 | e:   1.000000 | Q:        nan | won: False 
#  273 | steps:  3116 | steps_t:     0 | t: 2.595077 | r:  -508.000000 | e:   1.000000 | Q:        nan | won: False 
#  274 | steps:  3126 | steps_t:     0 | t: 2.595077 | r:  -509.000000 | e:   1.000000 | Q:        nan | won: False 
#  275 | steps:  3134 | steps_t:     0 | t: 2.610694 | r:  -507.000000 | e:   1.000000 | Q:        nan | won: False 
#  276 | steps:  3142 | steps_t:     0 | t: 2.616032 | r:  -507.000000 | e:   1.000000 | Q:        nan | won: False 
#  277 | steps:  3151 | steps_t:     0 | t: 2.626586 | r:  -508.000000 | e:   1.000000 | Q:        nan | won: False 
#  278 | steps:  3159 | steps_t:     0 | t: 2.626586 | r:  -507.000000 | e:   1.000000 | Q:        nan | won: False 
#  279 | steps:  3166 | steps_t:     0 | t: 2.626586 | r:  -506.000000 | e:   1.000000 | Q:        nan | won: False 
#  280 | steps:  3175 | steps_t:     0 | t: 2.642264 | r:  -508.000000 | e:   1.000000 | Q:        nan | won: False 
#  281 | steps:  3186 | steps_t:     0 | t: 2.642264 | r:  -510.000000 | e:   1.000000 | Q:        nan | won: False 
#  282 | steps:  3198 | steps_t:     0 | t: 2.657890 | r:  -511.000000 | e:   1.000000 | Q:        nan | won: False 
#  283 | steps:  3207 | steps_t:     0 | t: 2.657890 | r:  -508.000000 | e:   1.000000 | Q:        nan | won: False 
#  284 | steps:  3218 | steps_t:     0 | t: 2.657890 | r:  -510.000000 | e:   1.000000 | Q:        nan | won: False 
#  285 | steps:  3231 | steps_t:     0 | t: 2.673503 | r:  -512.000000 | e:   1.000000 | Q:        nan | won: False 
#  286 | steps:  3237 | steps_t:     0 | t: 2.673503 | r:  -505.000000 | e:   1.000000 | Q:        nan | won: False 
#  287 | steps:  3243 | steps_t:     0 | t: 2.689140 | r:  -505.000000 | e:   1.000000 | Q:        nan | won: False 
#  288 | steps:  3256 | steps_t:     0 | t: 2.689140 | r:  -512.000000 | e:   1.000000 | Q:        nan | won: False 
#  289 | steps:  3263 | steps_t:     0 | t: 2.689140 | r:  -506.000000 | e:   1.000000 | Q:        nan | won: False 
#  290 | steps:  3285 | steps_t:     0 | t: 2.704728 | r:  -521.000000 | e:   1.000000 | Q:        nan | won: False 
#  291 | steps:  3295 | steps_t:     0 | t: 2.720386 | r:  -509.000000 | e:   1.000000 | Q:        nan | won: False 
#  292 | steps:  3302 | steps_t:     0 | t: 2.720386 | r:  -506.000000 | e:   1.000000 | Q:        nan | won: False 
#  293 | steps:  3311 | steps_t:     0 | t: 2.720386 | r:  -508.000000 | e:   1.000000 | Q:        nan | won: False 
#  294 | steps:  3316 | steps_t:     0 | t: 2.736014 | r:  -504.000000 | e:   1.000000 | Q:        nan | won: False 
#  295 | steps:  3329 | steps_t:     0 | t: 2.736014 | r:  -512.000000 | e:   1.000000 | Q:        nan | won: False 
#  296 | steps:  3346 | steps_t:     0 | t: 2.751643 | r:  -505.000000 | e:   1.000000 | Q:        nan | won: False 
#  297 | steps:  3356 | steps_t:     0 | t: 2.751643 | r:  -509.000000 | e:   1.000000 | Q:        nan | won: False 
#  298 | steps:  3363 | steps_t:     0 | t: 2.767267 | r:  -506.000000 | e:   1.000000 | Q:        nan | won: False 
#  299 | steps:  3368 | steps_t:     0 | t: 2.767267 | r:  -504.000000 | e:   1.000000 | Q:        nan | won: False 
#  300 | steps:  3376 | steps_t:     0 | t: 2.767267 | r:  -507.000000 | e:   1.000000 | Q:        nan | won: False 
#  301 | steps:  3392 | steps_t:     0 | t: 2.782859 | r:  -515.000000 | e:   1.000000 | Q:        nan | won: False 
#  302 | steps:  3403 | steps_t:     0 | t: 2.782859 | r:  -510.000000 | e:   1.000000 | Q:        nan | won: False 
#  303 | steps:  3410 | steps_t:     0 | t: 2.798476 | r:  -506.000000 | e:   1.000000 | Q:        nan | won: False 
#  304 | steps:  3417 | steps_t:     0 | t: 2.798476 | r:  -506.000000 | e:   1.000000 | Q:        nan | won: False 
#  305 | steps:  3432 | steps_t:     0 | t: 2.814100 | r:  -514.000000 | e:   1.000000 | Q:        nan | won: False 
#  306 | steps:  3441 | steps_t:     0 | t: 2.814100 | r:  -508.000000 | e:   1.000000 | Q:        nan | won: False 
#  307 | steps:  3447 | steps_t:     0 | t: 2.814100 | r:  -505.000000 | e:   1.000000 | Q:        nan | won: False 
#  308 | steps:  3457 | steps_t:     0 | t: 2.829725 | r:  -509.000000 | e:   1.000000 | Q:        nan | won: False 
#  309 | steps:  3468 | steps_t:     0 | t: 2.829725 | r:  -510.000000 | e:   1.000000 | Q:        nan | won: False 
#  310 | steps:  3489 | steps_t:     0 | t: 2.845350 | r:  -520.000000 | e:   1.000000 | Q:        nan | won: False 
#  311 | steps:  3498 | steps_t:     0 | t: 2.845350 | r:  -508.000000 | e:   1.000000 | Q:        nan | won: False 
#  312 | steps:  3508 | steps_t:     0 | t: 2.861012 | r:  -509.000000 | e:   1.000000 | Q:        nan | won: False 
#  313 | steps:  3514 | steps_t:     0 | t: 2.861012 | r:  -505.000000 | e:   1.000000 | Q:        nan | won: False 
#  314 | steps:  3524 | steps_t:     0 | t: 2.876600 | r:  -509.000000 | e:   1.000000 | Q:        nan | won: False 
#  315 | steps:  3531 | steps_t:     0 | t: 2.876600 | r:  -506.000000 | e:   1.000000 | Q:        nan | won: False 
#  316 | steps:  3540 | steps_t:     0 | t: 2.876600 | r:  -508.000000 | e:   1.000000 | Q:        nan | won: False 
#  317 | steps:  3560 | steps_t:     0 | t: 2.892262 | r:  -519.000000 | e:   1.000000 | Q:        nan | won: False 
#  318 | steps:  3568 | steps_t:     0 | t: 2.892262 | r:  -507.000000 | e:   1.000000 | Q:        nan | won: False 
#  319 | steps:  3578 | steps_t:     0 | t: 2.907853 | r:  -509.000000 | e:   1.000000 | Q:        nan | won: False 
#  320 | steps:  3596 | steps_t:     0 | t: 2.923520 | r:  -517.000000 | e:   1.000000 | Q:        nan | won: False 
#  321 | steps:  3606 | steps_t:     0 | t: 2.923520 | r:  -509.000000 | e:   1.000000 | Q:        nan | won: False 
#  322 | steps:  3618 | steps_t:     0 | t: 2.939142 | r:  -511.000000 | e:   1.000000 | Q:        nan | won: False 
#  323 | steps:  3639 | steps_t:     0 | t: 2.954725 | r:  -509.000000 | e:   1.000000 | Q:        nan | won: False 
#  324 | steps:  3651 | steps_t:     0 | t: 2.954725 | r:  -511.000000 | e:   1.000000 | Q:        nan | won: False 
#  325 | steps:  3657 | steps_t:     0 | t: 2.970389 | r:  -505.000000 | e:   1.000000 | Q:        nan | won: False 
#  326 | steps:  3675 | steps_t:     0 | t: 2.970389 | r:  -506.000000 | e:   1.000000 | Q:        nan | won: False 
#  327 | steps:  3685 | steps_t:     0 | t: 2.986012 | r:  -509.000000 | e:   1.000000 | Q:        nan | won: False 
#  328 | steps:  3696 | steps_t:     0 | t: 2.986012 | r:  -510.000000 | e:   1.000000 | Q:        nan | won: False 
#  329 | steps:  3703 | steps_t:     0 | t: 3.001601 | r:  -506.000000 | e:   1.000000 | Q:        nan | won: False 
#  330 | steps:  3716 | steps_t:     0 | t: 3.001601 | r:  -512.000000 | e:   1.000000 | Q:        nan | won: False 
#  331 | steps:  3722 | steps_t:     0 | t: 3.017277 | r:  -505.000000 | e:   1.000000 | Q:        nan | won: False 
#  332 | steps:  3733 | steps_t:     0 | t: 3.017277 | r:  -510.000000 | e:   1.000000 | Q:        nan | won: False 
#  333 | steps:  3741 | steps_t:     0 | t: 3.032909 | r:  -507.000000 | e:   1.000000 | Q:        nan | won: False 
#  334 | steps:  3749 | steps_t:     0 | t: 3.032909 | r:  -507.000000 | e:   1.000000 | Q:        nan | won: False 
#  335 | steps:  3757 | steps_t:     0 | t: 3.032909 | r:  -507.000000 | e:   1.000000 | Q:        nan | won: False 
#  336 | steps:  3764 | steps_t:     0 | t: 3.048487 | r:  -506.000000 | e:   1.000000 | Q:        nan | won: False 
#  337 | steps:  3775 | steps_t:     0 | t: 3.048487 | r:  -510.000000 | e:   1.000000 | Q:        nan | won: False 
#  338 | steps:  3783 | steps_t:     0 | t: 3.064145 | r:  -507.000000 | e:   1.000000 | Q:        nan | won: False 
#  339 | steps:  3793 | steps_t:     0 | t: 3.064145 | r:  -509.000000 | e:   1.000000 | Q:        nan | won: False 
#  340 | steps:  3804 | steps_t:     0 | t: 3.079767 | r:  -510.000000 | e:   1.000000 | Q:        nan | won: False 
#  341 | steps:  3814 | steps_t:     0 | t: 3.079767 | r:  -509.000000 | e:   1.000000 | Q:        nan | won: False 
#  342 | steps:  3822 | steps_t:     0 | t: 3.095392 | r:  -507.000000 | e:   1.000000 | Q:        nan | won: False 
#  343 | steps:  3837 | steps_t:     0 | t: 3.095392 | r:  -514.000000 | e:   1.000000 | Q:        nan | won: False 
#  344 | steps:  3858 | steps_t:     0 | t: 3.110983 | r:  -509.000000 | e:   1.000000 | Q:        nan | won: False 
#  345 | steps:  3873 | steps_t:     0 | t: 3.126644 | r:  -503.000000 | e:   1.000000 | Q:        nan | won: False 
#  346 | steps:  3888 | steps_t:     0 | t: 3.126644 | r:  -514.000000 | e:   1.000000 | Q:        nan | won: False 
#  347 | steps:  3897 | steps_t:     0 | t: 3.142266 | r:  -508.000000 | e:   1.000000 | Q:        nan | won: False 
#  348 | steps:  3910 | steps_t:     0 | t: 3.142266 | r:  -512.000000 | e:   1.000000 | Q:        nan | won: False 
#  349 | steps:  3917 | steps_t:     0 | t: 3.157854 | r:  -506.000000 | e:   1.000000 | Q:        nan | won: False 
#  350 | steps:  3926 | steps_t:     0 | t: 3.157854 | r:  -508.000000 | e:   1.000000 | Q:        nan | won: False 
#  351 | steps:  3931 | steps_t:     0 | t: 3.157854 | r:  -504.000000 | e:   1.000000 | Q:        nan | won: False 
#  352 | steps:  3939 | steps_t:     0 | t: 3.173514 | r:  -507.000000 | e:   1.000000 | Q:        nan | won: False 
#  353 | steps:  3954 | steps_t:     0 | t: 3.173514 | r:  -492.000000 | e:   1.000000 | Q:        nan | won: False 
#  354 | steps:  3964 | steps_t:     0 | t: 3.189150 | r:  -509.000000 | e:   1.000000 | Q:        nan | won: False 
#  355 | steps:  3974 | steps_t:     0 | t: 3.189150 | r:  -509.000000 | e:   1.000000 | Q:        nan | won: False 
#  356 | steps:  3990 | steps_t:     0 | t: 3.204761 | r:  -515.000000 | e:   1.000000 | Q:        nan | won: False 
#  357 | steps:  4004 | steps_t:     0 | t: 3.204761 | r:  -513.000000 | e:   1.000000 | Q:        nan | won: False 
#  358 | steps:  4029 | steps_t:     0 | t: 3.220390 | r:  -524.000000 | e:   1.000000 | Q:        nan | won: False 
#  359 | steps:  4045 | steps_t:     0 | t: 3.236022 | r:  -515.000000 | e:   1.000000 | Q:        nan | won: False 
#  360 | steps:  4053 | steps_t:     0 | t: 3.236022 | r:  -507.000000 | e:   1.000000 | Q:        nan | won: False 
#  361 | steps:  4059 | steps_t:     0 | t: 3.236022 | r:  -505.000000 | e:   1.000000 | Q:        nan | won: False 
#  362 | steps:  4073 | steps_t:     0 | t: 3.251639 | r:  -513.000000 | e:   1.000000 | Q:        nan | won: False 
#  363 | steps:  4086 | steps_t:     0 | t: 3.251639 | r:  -512.000000 | e:   1.000000 | Q:        nan | won: False 
#  364 | steps:  4098 | steps_t:     0 | t: 3.267266 | r:  -511.000000 | e:   1.000000 | Q:        nan | won: False 
#  365 | steps:  4107 | steps_t:     0 | t: 3.267266 | r:  -508.000000 | e:   1.000000 | Q:        nan | won: False 
#  366 | steps:  4115 | steps_t:     0 | t: 3.282912 | r:  -507.000000 | e:   1.000000 | Q:        nan | won: False 
#  367 | steps:  4123 | steps_t:     0 | t: 3.282912 | r:  -507.000000 | e:   1.000000 | Q:        nan | won: False 
#  368 | steps:  4144 | steps_t:     0 | t: 3.298512 | r:  -520.000000 | e:   1.000000 | Q:        nan | won: False 
#  369 | steps:  4155 | steps_t:     0 | t: 3.298512 | r:  -510.000000 | e:   1.000000 | Q:        nan | won: False 
#  370 | steps:  4172 | steps_t:     0 | t: 3.314107 | r:  -516.000000 | e:   1.000000 | Q:        nan | won: False 
#  371 | steps:  4179 | steps_t:     0 | t: 3.314107 | r:  -506.000000 | e:   1.000000 | Q:        nan | won: False 
#  372 | steps:  4189 | steps_t:     0 | t: 3.329765 | r:  -509.000000 | e:   1.000000 | Q:        nan | won: False 
#  373 | steps:  4197 | steps_t:     0 | t: 3.329765 | r:  -507.000000 | e:   1.000000 | Q:        nan | won: False 
#  374 | steps:  4205 | steps_t:     0 | t: 3.329765 | r:  -507.000000 | e:   1.000000 | Q:        nan | won: False 
#  375 | steps:  4214 | steps_t:     0 | t: 3.345360 | r:  -508.000000 | e:   1.000000 | Q:        nan | won: False 
#  376 | steps:  4224 | steps_t:     0 | t: 3.345360 | r:  -509.000000 | e:   1.000000 | Q:        nan | won: False 
#  377 | steps:  4246 | steps_t:     0 | t: 3.361018 | r:  -521.000000 | e:   1.000000 | Q:        nan | won: False 
#  378 | steps:  4254 | steps_t:     0 | t: 3.361018 | r:  -507.000000 | e:   1.000000 | Q:        nan | won: False 
#  379 | steps:  4262 | steps_t:     0 | t: 3.376639 | r:  -507.000000 | e:   1.000000 | Q:        nan | won: False 
#  380 | steps:  4282 | steps_t:     0 | t: 3.376639 | r:  -519.000000 | e:   1.000000 | Q:        nan | won: False 
#  381 | steps:  4290 | steps_t:     0 | t: 3.392228 | r:  -507.000000 | e:   1.000000 | Q:        nan | won: False 
#  382 | steps:  4302 | steps_t:     0 | t: 3.392228 | r:  -511.000000 | e:   1.000000 | Q:        nan | won: False 
#  383 | steps:  4308 | steps_t:     0 | t: 3.407861 | r:  -505.000000 | e:   1.000000 | Q:        nan | won: False 
#  384 | steps:  4316 | steps_t:     0 | t: 3.407861 | r:  -507.000000 | e:   1.000000 | Q:        nan | won: False 
#  385 | steps:  4327 | steps_t:     0 | t: 3.407861 | r:  -510.000000 | e:   1.000000 | Q:        nan | won: False 
#  386 | steps:  4347 | steps_t:     0 | t: 3.423512 | r:  -519.000000 | e:   1.000000 | Q:        nan | won: False 
#  387 | steps:  4355 | steps_t:     0 | t: 3.423512 | r:  -507.000000 | e:   1.000000 | Q:        nan | won: False 
#  388 | steps:  4362 | steps_t:     0 | t: 3.439106 | r:  -506.000000 | e:   1.000000 | Q:        nan | won: False 
#  389 | steps:  4373 | steps_t:     0 | t: 3.439106 | r:  -510.000000 | e:   1.000000 | Q:        nan | won: False 
#  390 | steps:  4387 | steps_t:     0 | t: 3.454725 | r:  -513.000000 | e:   1.000000 | Q:        nan | won: False 
#  391 | steps:  4405 | steps_t:     0 | t: 3.454725 | r:  -506.000000 | e:   1.000000 | Q:        nan | won: False 
#  392 | steps:  4411 | steps_t:     0 | t: 3.470386 | r:  -505.000000 | e:   1.000000 | Q:        nan | won: False 
#  393 | steps:  4432 | steps_t:     0 | t: 3.470386 | r:  -520.000000 | e:   1.000000 | Q:        nan | won: False 
#  394 | steps:  4439 | steps_t:     0 | t: 3.485979 | r:  -506.000000 | e:   1.000000 | Q:        nan | won: False 
#  395 | steps:  4450 | steps_t:     0 | t: 3.485979 | r:  -510.000000 | e:   1.000000 | Q:        nan | won: False 
#  396 | steps:  4461 | steps_t:     0 | t: 3.501639 | r:  -510.000000 | e:   1.000000 | Q:        nan | won: False 
#  397 | steps:  4468 | steps_t:     0 | t: 3.510400 | r:  -506.000000 | e:   1.000000 | Q:        nan | won: False 
#  398 | steps:  4477 | steps_t:     0 | t: 3.517421 | r:  -508.000000 | e:   1.000000 | Q:        nan | won: False 
#  399 | steps:  4486 | steps_t:     0 | t: 3.517421 | r:  -508.000000 | e:   1.000000 | Q:        nan | won: False 
#  400 | steps:  4492 | steps_t:     0 | t: 3.517421 | r:  -505.000000 | e:   1.000000 | Q:        nan | won: False 
#  401 | steps:  4502 | steps_t:     0 | t: 3.533114 | r:  -509.000000 | e:   1.000000 | Q:        nan | won: False 
#  402 | steps:  4512 | steps_t:     0 | t: 3.533114 | r:  -509.000000 | e:   1.000000 | Q:        nan | won: False 
#  403 | steps:  4525 | steps_t:     0 | t: 3.548689 | r:  -512.000000 | e:   1.000000 | Q:        nan | won: False 
#  404 | steps:  4537 | steps_t:     0 | t: 3.548689 | r:  -511.000000 | e:   1.000000 | Q:        nan | won: False 
#  405 | steps:  4544 | steps_t:     0 | t: 3.548689 | r:  -506.000000 | e:   1.000000 | Q:        nan | won: False 
#  406 | steps:  4552 | steps_t:     0 | t: 3.564313 | r:  -507.000000 | e:   1.000000 | Q:        nan | won: False 
#  407 | steps:  4559 | steps_t:     0 | t: 3.564313 | r:  -506.000000 | e:   1.000000 | Q:        nan | won: False 
#  408 | steps:  4574 | steps_t:     0 | t: 3.579972 | r:  -514.000000 | e:   1.000000 | Q:        nan | won: False 
#  409 | steps:  4586 | steps_t:     0 | t: 3.579972 | r:  -511.000000 | e:   1.000000 | Q:        nan | won: False 
#  410 | steps:  4593 | steps_t:     0 | t: 3.595599 | r:  -506.000000 | e:   1.000000 | Q:        nan | won: False 
#  411 | steps:  4602 | steps_t:     0 | t: 3.595599 | r:  -508.000000 | e:   1.000000 | Q:        nan | won: False 
#  412 | steps:  4613 | steps_t:     0 | t: 3.595599 | r:  -510.000000 | e:   1.000000 | Q:        nan | won: False 
#  413 | steps:  4622 | steps_t:     0 | t: 3.611185 | r:  -508.000000 | e:   1.000000 | Q:        nan | won: False 
