#    1 | steps:    17 | steps_t: 3270774 | t: 0.046835 | r:    95.000000 | e:   0.100000 | Q: 100.854179 | won: True 
#    2 | steps:    37 | steps_t: 3270774 | t: 0.078140 | r:    92.000000 | e:   0.100000 | Q: 100.943588 | won: True 
#    3 | steps:    52 | steps_t: 3270774 | t: 0.109377 | r:  -503.000000 | e:   0.100000 | Q:  73.247620 | won: False 
#    4 | steps:    74 | steps_t: 3270774 | t: 0.156214 | r:    90.000000 | e:   0.100000 | Q: 100.625839 | won: True 
#    5 | steps:    87 | steps_t: 3270774 | t: 0.171874 | r:  -501.000000 | e:   0.100000 | Q:  73.247620 | won: False 
#    6 | steps:   117 | steps_t: 3270774 | t: 0.235059 | r:    82.000000 | e:   0.100000 | Q: 101.656296 | won: True 
#    7 | steps:   132 | steps_t: 3270774 | t: 0.266311 | r:    97.000000 | e:   0.100000 | Q: 100.642761 | won: True 
#    8 | steps:   149 | steps_t: 3270774 | t: 0.297513 | r:    95.000000 | e:   0.100000 | Q: 101.309280 | won: True 
#    9 | steps:   167 | steps_t: 3270774 | t: 0.328803 | r:    94.000000 | e:   0.100000 | Q:  99.949371 | won: True 
#   10 | steps:   195 | steps_t: 3270774 | t: 0.401772 | r:    84.000000 | e:   0.100000 | Q: 100.943588 | won: True 
#    1 | steps:    11 | steps_t: 3271349 | t: 0.031294 | r:  -499.000000 | e:   0.100000 | Q: 237.227280 | won: False 
#    2 | steps:    18 | steps_t: 3271349 | t: 0.031294 | r:  -484.000000 | e:   0.100000 | Q: 144.574600 | won: False 
#    3 | steps:    25 | steps_t: 3271349 | t: 0.046904 | r:  -484.000000 | e:   0.100000 | Q: 144.574600 | won: False 
#    4 | steps:    32 | steps_t: 3271349 | t: 0.062508 | r:  -484.000000 | e:   0.100000 | Q: 144.574600 | won: False 
#    5 | steps:    44 | steps_t: 3271349 | t: 0.078162 | r:  -434.000000 | e:   0.100000 | Q: 144.574600 | won: False 
#    6 | steps:    51 | steps_t: 3271349 | t: 0.093747 | r:  -484.000000 | e:   0.100000 | Q: 144.574600 | won: False 
#    7 | steps:    58 | steps_t: 3271349 | t: 0.118669 | r:  -484.000000 | e:   0.100000 | Q: 144.574600 | won: False 
#    8 | steps:    65 | steps_t: 3271349 | t: 0.134712 | r:  -484.000000 | e:   0.100000 | Q: 144.574600 | won: False 
#    9 | steps:    72 | steps_t: 3271349 | t: 0.142709 | r:  -484.000000 | e:   0.100000 | Q: 144.574600 | won: False 
#   10 | steps:    79 | steps_t: 3271349 | t: 0.160422 | r:  -484.000000 | e:   0.100000 | Q: 144.574600 | won: False 
