#    1 | steps:     7 | steps_t:     0 | t: 0.015573 | r:  -506.000000 | e:   1.000000 | Q:        nan | won: False 
#    2 | steps:    21 | steps_t:     0 | t: 0.031204 | r:  -513.000000 | e:   1.000000 | Q:        nan | won: False 
#    3 | steps:    31 | steps_t:     0 | t: 0.031204 | r:  -509.000000 | e:   1.000000 | Q:        nan | won: False 
#    4 | steps:    41 | steps_t:     0 | t: 0.031204 | r:  -509.000000 | e:   1.000000 | Q:        nan | won: False 
#    5 | steps:    49 | steps_t:     0 | t: 0.046879 | r:  -507.000000 | e:   1.000000 | Q:        nan | won: False 
#    6 | steps:    70 | steps_t:     0 | t: 0.062515 | r:  -520.000000 | e:   1.000000 | Q:        nan | won: False 
#    7 | steps:    79 | steps_t:     0 | t: 0.078155 | r:  -508.000000 | e:   1.000000 | Q:        nan | won: False 
#    8 | steps:    87 | steps_t:     0 | t: 0.078155 | r:  -507.000000 | e:   1.000000 | Q:        nan | won: False 
#    9 | steps:    95 | steps_t:     0 | t: 0.078155 | r:  -507.000000 | e:   1.000000 | Q:        nan | won: False 
#   10 | steps:   102 | steps_t:     0 | t: 0.093779 | r:  -506.000000 | e:   1.000000 | Q:        nan | won: False 
#    1 | steps:    17 | steps_t: 2735611 | t: 0.093772 | r:    95.000000 | e:   0.100000 | Q: 102.149544 | won: True 
#    2 | steps:    35 | steps_t: 2735611 | t: 0.140652 | r:    94.000000 | e:   0.100000 | Q: 100.960747 | won: True 
#    3 | steps:    52 | steps_t: 2735611 | t: 0.203133 | r:    95.000000 | e:   0.100000 | Q: 101.350464 | won: True 
#    4 | steps:    69 | steps_t: 2735611 | t: 0.296778 | r:    95.000000 | e:   0.100000 | Q: 102.149544 | won: True 
#    5 | steps:    88 | steps_t: 2735611 | t: 0.374919 | r:    93.000000 | e:   0.100000 | Q:  99.760963 | won: True 
#    6 | steps:   101 | steps_t: 2735611 | t: 0.437347 | r:  -501.000000 | e:   0.100000 | Q:  68.836113 | won: False 
#    7 | steps:   119 | steps_t: 2735611 | t: 0.515531 | r:    94.000000 | e:   0.100000 | Q: 100.611267 | won: True 
#    8 | steps:   149 | steps_t: 2735611 | t: 0.656104 | r:    82.000000 | e:   0.100000 | Q: 100.960747 | won: True 
#    9 | steps:   166 | steps_t: 2735611 | t: 0.734241 | r:    95.000000 | e:   0.100000 | Q: 101.350464 | won: True 
#   10 | steps:   187 | steps_t: 2735611 | t: 0.812401 | r:    91.000000 | e:   0.100000 | Q:  91.418518 | won: True 
