#    1 | steps:    12 | steps_t:     0 | t: 0.204657 | r:  -511.000000 | e:   1.000000 | Q:        nan | won: False 
#    2 | steps:    18 | steps_t:     0 | t: 0.204657 | r:  -505.000000 | e:   1.000000 | Q:        nan | won: False 
#    3 | steps:    26 | steps_t:     0 | t: 0.204657 | r:  -507.000000 | e:   1.000000 | Q:        nan | won: False 
#    4 | steps:    36 | steps_t:     0 | t: 0.220238 | r:  -509.000000 | e:   1.000000 | Q:        nan | won: False 
#    5 | steps:    42 | steps_t:     0 | t: 0.220238 | r:  -505.000000 | e:   1.000000 | Q:        nan | won: False 
#    6 | steps:    61 | steps_t:     0 | t: 0.235900 | r:  -518.000000 | e:   1.000000 | Q:        nan | won: False 
#    7 | steps:    69 | steps_t:     0 | t: 0.251526 | r:  -507.000000 | e:   1.000000 | Q:        nan | won: False 
#    8 | steps:    80 | steps_t:     0 | t: 0.251526 | r:  -510.000000 | e:   1.000000 | Q:        nan | won: False 
#    9 | steps:    91 | steps_t:     0 | t: 0.267151 | r:  -510.000000 | e:   1.000000 | Q:        nan | won: False 
#   10 | steps:    98 | steps_t:     0 | t: 0.267151 | r:  -506.000000 | e:   1.000000 | Q:        nan | won: False 
#   11 | steps:   122 | steps_t:     0 | t: 0.282778 | r:  -523.000000 | e:   1.000000 | Q:        nan | won: False 
#   12 | steps:   129 | steps_t:     0 | t: 0.282778 | r:  -506.000000 | e:   1.000000 | Q:        nan | won: False 
#   13 | steps:   150 | steps_t:     0 | t: 0.298401 | r:  -520.000000 | e:   1.000000 | Q:        nan | won: False 
#   14 | steps:   159 | steps_t:     0 | t: 0.314023 | r:  -508.000000 | e:   1.000000 | Q:        nan | won: False 
#   15 | steps:   169 | steps_t:     0 | t: 0.314023 | r:  -509.000000 | e:   1.000000 | Q:        nan | won: False 
#   16 | steps:   179 | steps_t:     0 | t: 0.314023 | r:  -509.000000 | e:   1.000000 | Q:        nan | won: False 
#   17 | steps:   190 | steps_t:     0 | t: 0.329612 | r:  -510.000000 | e:   1.000000 | Q:        nan | won: False 
#   18 | steps:   209 | steps_t:     0 | t: 0.345235 | r:  -518.000000 | e:   1.000000 | Q:        nan | won: False 
#   19 | steps:   216 | steps_t:     0 | t: 0.345235 | r:  -506.000000 | e:   1.000000 | Q:        nan | won: False 
#   20 | steps:   227 | steps_t:     0 | t: 0.345235 | r:  -510.000000 | e:   1.000000 | Q:        nan | won: False 
#   21 | steps:   234 | steps_t:     0 | t: 0.360860 | r:  -506.000000 | e:   1.000000 | Q:        nan | won: False 
#   22 | steps:   242 | steps_t:     0 | t: 0.360860 | r:  -507.000000 | e:   1.000000 | Q:        nan | won: False 
#   23 | steps:   252 | steps_t:     0 | t: 0.360860 | r:  -509.000000 | e:   1.000000 | Q:        nan | won: False 
#   24 | steps:   258 | steps_t:     0 | t: 0.376484 | r:  -505.000000 | e:   1.000000 | Q:        nan | won: False 
#   25 | steps:   270 | steps_t:     0 | t: 0.376484 | r:  -511.000000 | e:   1.000000 | Q:        nan | won: False 
#   26 | steps:   282 | steps_t:     0 | t: 0.392110 | r:  -511.000000 | e:   1.000000 | Q:        nan | won: False 
#   27 | steps:   302 | steps_t:     0 | t: 0.392110 | r:  -519.000000 | e:   1.000000 | Q:        nan | won: False 
#   28 | steps:   310 | steps_t:     0 | t: 0.407740 | r:  -507.000000 | e:   1.000000 | Q:        nan | won: False 
#   29 | steps:   318 | steps_t:     0 | t: 0.407740 | r:  -507.000000 | e:   1.000000 | Q:        nan | won: False 
#   30 | steps:   326 | steps_t:     0 | t: 0.407740 | r:  -507.000000 | e:   1.000000 | Q:        nan | won: False 
#   31 | steps:   339 | steps_t:     0 | t: 0.423362 | r:  -512.000000 | e:   1.000000 | Q:        nan | won: False 
#   32 | steps:   347 | steps_t:     0 | t: 0.423362 | r:  -507.000000 | e:   1.000000 | Q:        nan | won: False 
#   33 | steps:   367 | steps_t:     0 | t: 0.438985 | r:  -519.000000 | e:   1.000000 | Q:        nan | won: False 
#   34 | steps:   376 | steps_t:     0 | t: 0.438985 | r:  -508.000000 | e:   1.000000 | Q:        nan | won: False 
#   35 | steps:   387 | steps_t:     0 | t: 0.454609 | r:  -510.000000 | e:   1.000000 | Q:        nan | won: False 
#   36 | steps:   399 | steps_t:     0 | t: 0.454609 | r:  -511.000000 | e:   1.000000 | Q:        nan | won: False 
#   37 | steps:   415 | steps_t:     0 | t: 0.470234 | r:  -515.000000 | e:   1.000000 | Q:        nan | won: False 
#   38 | steps:   426 | steps_t:     0 | t: 0.470234 | r:  -510.000000 | e:   1.000000 | Q:        nan | won: False 
#   39 | steps:   435 | steps_t:     0 | t: 0.485859 | r:  -508.000000 | e:   1.000000 | Q:        nan | won: False 
#   40 | steps:   446 | steps_t:     0 | t: 0.485859 | r:  -510.000000 | e:   1.000000 | Q:        nan | won: False 
#   41 | steps:   455 | steps_t:     0 | t: 0.485859 | r:  -508.000000 | e:   1.000000 | Q:        nan | won: False 
#   42 | steps:   462 | steps_t:     0 | t: 0.501485 | r:  -506.000000 | e:   1.000000 | Q:        nan | won: False 
#   43 | steps:   472 | steps_t:     0 | t: 0.501485 | r:  -509.000000 | e:   1.000000 | Q:        nan | won: False 
#   44 | steps:   483 | steps_t:     0 | t: 0.501485 | r:  -510.000000 | e:   1.000000 | Q:        nan | won: False 
#   45 | steps:   492 | steps_t:     0 | t: 0.517111 | r:  -508.000000 | e:   1.000000 | Q:        nan | won: False 
#   46 | steps:   516 | steps_t:     0 | t: 0.532734 | r:  -523.000000 | e:   1.000000 | Q:        nan | won: False 
#   47 | steps:   521 | steps_t:     0 | t: 0.532734 | r:  -504.000000 | e:   1.000000 | Q:        nan | won: False 
#   48 | steps:   535 | steps_t:     0 | t: 0.548359 | r:  -491.000000 | e:   1.000000 | Q:        nan | won: False 
#   49 | steps:   546 | steps_t:     0 | t: 0.548359 | r:  -510.000000 | e:   1.000000 | Q:        nan | won: False 
#   50 | steps:   557 | steps_t:     0 | t: 0.548359 | r:  -510.000000 | e:   1.000000 | Q:        nan | won: False 
#   51 | steps:   568 | steps_t:     0 | t: 0.564022 | r:  -510.000000 | e:   1.000000 | Q:        nan | won: False 
#   52 | steps:   577 | steps_t:     0 | t: 0.564022 | r:  -508.000000 | e:   1.000000 | Q:        nan | won: False 
#   53 | steps:   586 | steps_t:     0 | t: 0.579643 | r:  -508.000000 | e:   1.000000 | Q:        nan | won: False 
#   54 | steps:   598 | steps_t:     0 | t: 0.579643 | r:  -511.000000 | e:   1.000000 | Q:        nan | won: False 
#   55 | steps:   621 | steps_t:     0 | t: 0.595284 | r:  -522.000000 | e:   1.000000 | Q:        nan | won: False 
#   56 | steps:   633 | steps_t:     0 | t: 0.595284 | r:  -511.000000 | e:   1.000000 | Q:        nan | won: False 
#   57 | steps:   647 | steps_t:     0 | t: 0.610899 | r:  -513.000000 | e:   1.000000 | Q:        nan | won: False 
#   58 | steps:   665 | steps_t:     0 | t: 0.626527 | r:  -517.000000 | e:   1.000000 | Q:        nan | won: False 
#   59 | steps:   675 | steps_t:     0 | t: 0.626527 | r:  -509.000000 | e:   1.000000 | Q:        nan | won: False 
#   60 | steps:   681 | steps_t:     0 | t: 0.626527 | r:  -505.000000 | e:   1.000000 | Q:        nan | won: False 
#   61 | steps:   698 | steps_t:     0 | t: 0.642151 | r:  -516.000000 | e:   1.000000 | Q:        nan | won: False 
#   62 | steps:   705 | steps_t:     0 | t: 0.642151 | r:  -506.000000 | e:   1.000000 | Q:        nan | won: False 
#   63 | steps:   716 | steps_t:     0 | t: 0.657791 | r:  -510.000000 | e:   1.000000 | Q:        nan | won: False 
#   64 | steps:   721 | steps_t:     0 | t: 0.657791 | r:  -504.000000 | e:   1.000000 | Q:        nan | won: False 
#   65 | steps:   731 | steps_t:     0 | t: 0.657791 | r:  -509.000000 | e:   1.000000 | Q:        nan | won: False 
#   66 | steps:   744 | steps_t:     0 | t: 0.673409 | r:  -512.000000 | e:   1.000000 | Q:        nan | won: False 
#   67 | steps:   750 | steps_t:     0 | t: 0.673409 | r:  -505.000000 | e:   1.000000 | Q:        nan | won: False 
#   68 | steps:   760 | steps_t:     0 | t: 0.673409 | r:  -509.000000 | e:   1.000000 | Q:        nan | won: False 
#   69 | steps:   768 | steps_t:     0 | t: 0.689026 | r:  -507.000000 | e:   1.000000 | Q:        nan | won: False 
#   70 | steps:   777 | steps_t:     0 | t: 0.689026 | r:  -508.000000 | e:   1.000000 | Q:        nan | won: False 
#   71 | steps:   786 | steps_t:     0 | t: 0.689026 | r:  -508.000000 | e:   1.000000 | Q:        nan | won: False 
#   72 | steps:   794 | steps_t:     0 | t: 0.704648 | r:  -507.000000 | e:   1.000000 | Q:        nan | won: False 
#   73 | steps:   803 | steps_t:     0 | t: 0.704648 | r:  -508.000000 | e:   1.000000 | Q:        nan | won: False 
#   74 | steps:   809 | steps_t:     0 | t: 0.704648 | r:  -505.000000 | e:   1.000000 | Q:        nan | won: False 
#   75 | steps:   827 | steps_t:     0 | t: 0.720232 | r:  -517.000000 | e:   1.000000 | Q:        nan | won: False 
#   76 | steps:   835 | steps_t:     0 | t: 0.720232 | r:  -507.000000 | e:   1.000000 | Q:        nan | won: False 
#   77 | steps:   846 | steps_t:     0 | t: 0.735898 | r:  -510.000000 | e:   1.000000 | Q:        nan | won: False 
#   78 | steps:   854 | steps_t:     0 | t: 0.735898 | r:  -507.000000 | e:   1.000000 | Q:        nan | won: False 
#   79 | steps:   859 | steps_t:     0 | t: 0.735898 | r:  -504.000000 | e:   1.000000 | Q:        nan | won: False 
#   80 | steps:   873 | steps_t:     0 | t: 0.751524 | r:  -513.000000 | e:   1.000000 | Q:        nan | won: False 
#   81 | steps:   882 | steps_t:     0 | t: 0.751524 | r:  -508.000000 | e:   1.000000 | Q:        nan | won: False 
#   82 | steps:   894 | steps_t:     0 | t: 0.767150 | r:  -511.000000 | e:   1.000000 | Q:        nan | won: False 
#   83 | steps:   903 | steps_t:     0 | t: 0.767150 | r:  -508.000000 | e:   1.000000 | Q:        nan | won: False 
#   84 | steps:   910 | steps_t:     0 | t: 0.767150 | r:  -506.000000 | e:   1.000000 | Q:        nan | won: False 
#   85 | steps:   918 | steps_t:     0 | t: 0.782754 | r:  -507.000000 | e:   1.000000 | Q:        nan | won: False 
#   86 | steps:   938 | steps_t:     0 | t: 0.782754 | r:  -519.000000 | e:   1.000000 | Q:        nan | won: False 
#   87 | steps:   946 | steps_t:     0 | t: 0.798359 | r:  -507.000000 | e:   1.000000 | Q:        nan | won: False 
#   88 | steps:   955 | steps_t:     0 | t: 0.798359 | r:  -508.000000 | e:   1.000000 | Q:        nan | won: False 
#   89 | steps:   963 | steps_t:     0 | t: 0.798359 | r:  -507.000000 | e:   1.000000 | Q:        nan | won: False 
#   90 | steps:   974 | steps_t:     0 | t: 0.813986 | r:  -510.000000 | e:   1.000000 | Q:        nan | won: False 
#   91 | steps:   985 | steps_t:     0 | t: 0.813986 | r:  -510.000000 | e:   1.000000 | Q:        nan | won: False 
#   92 | steps:   996 | steps_t:     0 | t: 0.829610 | r:  -510.000000 | e:   1.000000 | Q:        nan | won: False 
#   93 | steps:  1004 | steps_t:     0 | t: 0.829610 | r:  -507.000000 | e:   1.000000 | Q:        nan | won: False 
#   94 | steps:  1011 | steps_t:     0 | t: 0.845275 | r:  -506.000000 | e:   1.000000 | Q:        nan | won: False 
#   95 | steps:  1016 | steps_t:     0 | t: 0.845275 | r:  -504.000000 | e:   1.000000 | Q:        nan | won: False 
#   96 | steps:  1028 | steps_t:     0 | t: 0.845275 | r:  -511.000000 | e:   1.000000 | Q:        nan | won: False 
#   97 | steps:  1040 | steps_t:     0 | t: 0.860898 | r:  -511.000000 | e:   1.000000 | Q:        nan | won: False 
#   98 | steps:  1049 | steps_t:     0 | t: 0.860898 | r:  -508.000000 | e:   1.000000 | Q:        nan | won: False 
#   99 | steps:  1056 | steps_t:     0 | t: 0.860898 | r:  -506.000000 | e:   1.000000 | Q:        nan | won: False 
#  100 | steps:  1075 | steps_t:     0 | t: 0.876522 | r:  -518.000000 | e:   1.000000 | Q:        nan | won: False 
#  101 | steps:  1083 | steps_t:     0 | t: 0.876522 | r:  -507.000000 | e:   1.000000 | Q:        nan | won: False 
#  102 | steps:  1104 | steps_t:     0 | t: 0.892120 | r:  -520.000000 | e:   1.000000 | Q:        nan | won: False 
#  103 | steps:  1113 | steps_t:     0 | t: 0.907783 | r:  -508.000000 | e:   1.000000 | Q:        nan | won: False 
#  104 | steps:  1131 | steps_t:     0 | t: 0.907783 | r:  -517.000000 | e:   1.000000 | Q:        nan | won: False 
#  105 | steps:  1140 | steps_t:     0 | t: 0.923381 | r:  -508.000000 | e:   1.000000 | Q:        nan | won: False 
#  106 | steps:  1150 | steps_t:     0 | t: 0.923381 | r:  -509.000000 | e:   1.000000 | Q:        nan | won: False 
#  107 | steps:  1160 | steps_t:     0 | t: 0.939019 | r:  -509.000000 | e:   1.000000 | Q:        nan | won: False 
#  108 | steps:  1170 | steps_t:     0 | t: 0.939019 | r:  -509.000000 | e:   1.000000 | Q:        nan | won: False 
#  109 | steps:  1179 | steps_t:     0 | t: 0.939019 | r:  -508.000000 | e:   1.000000 | Q:        nan | won: False 
#  110 | steps:  1193 | steps_t:     0 | t: 0.954654 | r:  -513.000000 | e:   1.000000 | Q:        nan | won: False 
#  111 | steps:  1203 | steps_t:     0 | t: 0.954654 | r:  -509.000000 | e:   1.000000 | Q:        nan | won: False 
#  112 | steps:  1220 | steps_t:     0 | t: 0.970235 | r:  -516.000000 | e:   1.000000 | Q:        nan | won: False 
#  113 | steps:  1227 | steps_t:     0 | t: 0.970235 | r:  -506.000000 | e:   1.000000 | Q:        nan | won: False 
#  114 | steps:  1234 | steps_t:     0 | t: 0.985860 | r:  -506.000000 | e:   1.000000 | Q:        nan | won: False 
#  115 | steps:  1256 | steps_t:     0 | t: 0.985860 | r:  -521.000000 | e:   1.000000 | Q:        nan | won: False 
#  116 | steps:  1267 | steps_t:     0 | t: 1.001485 | r:  -510.000000 | e:   1.000000 | Q:        nan | won: False 
#  117 | steps:  1278 | steps_t:     0 | t: 1.001485 | r:  -510.000000 | e:   1.000000 | Q:        nan | won: False 
#  118 | steps:  1286 | steps_t:     0 | t: 1.017151 | r:  -507.000000 | e:   1.000000 | Q:        nan | won: False 
#  119 | steps:  1303 | steps_t:     0 | t: 1.017151 | r:  -516.000000 | e:   1.000000 | Q:        nan | won: False 
#  120 | steps:  1311 | steps_t:     0 | t: 1.017151 | r:  -507.000000 | e:   1.000000 | Q:        nan | won: False 
#  121 | steps:  1332 | steps_t:     0 | t: 1.032775 | r:  -520.000000 | e:   1.000000 | Q:        nan | won: False 
#  122 | steps:  1340 | steps_t:     0 | t: 1.048395 | r:  -507.000000 | e:   1.000000 | Q:        nan | won: False 
#  123 | steps:  1350 | steps_t:     0 | t: 1.048395 | r:  -509.000000 | e:   1.000000 | Q:        nan | won: False 
#  124 | steps:  1358 | steps_t:     0 | t: 1.063986 | r:  -507.000000 | e:   1.000000 | Q:        nan | won: False 
#  125 | steps:  1382 | steps_t:     0 | t: 1.079612 | r:  -523.000000 | e:   1.000000 | Q:        nan | won: False 
#  126 | steps:  1400 | steps_t:     0 | t: 1.079612 | r:  -517.000000 | e:   1.000000 | Q:        nan | won: False 
#  127 | steps:  1411 | steps_t:     0 | t: 1.095236 | r:  -510.000000 | e:   1.000000 | Q:        nan | won: False 
#  128 | steps:  1418 | steps_t:     0 | t: 1.095236 | r:  -506.000000 | e:   1.000000 | Q:        nan | won: False 
#  129 | steps:  1432 | steps_t:     0 | t: 1.110862 | r:  -513.000000 | e:   1.000000 | Q:        nan | won: False 
#  130 | steps:  1440 | steps_t:     0 | t: 1.110862 | r:  -507.000000 | e:   1.000000 | Q:        nan | won: False 
#  131 | steps:  1470 | steps_t:     0 | t: 1.142112 | r:  -529.000000 | e:   1.000000 | Q:        nan | won: False 
#  132 | steps:  1478 | steps_t:     0 | t: 1.157738 | r:  -507.000000 | e:   1.000000 | Q:        nan | won: False 
#  133 | steps:  1488 | steps_t:     0 | t: 1.173393 | r:  -509.000000 | e:   1.000000 | Q:        nan | won: False 
#  134 | steps:  1503 | steps_t:     0 | t: 1.188987 | r:  -514.000000 | e:   1.000000 | Q:        nan | won: False 
#  135 | steps:  1511 | steps_t:     0 | t: 1.188987 | r:  -507.000000 | e:   1.000000 | Q:        nan | won: False 
#  136 | steps:  1526 | steps_t:     0 | t: 1.204610 | r:  -514.000000 | e:   1.000000 | Q:        nan | won: False 
#  137 | steps:  1533 | steps_t:     0 | t: 1.220233 | r:  -506.000000 | e:   1.000000 | Q:        nan | won: False 
#  138 | steps:  1554 | steps_t:     0 | t: 1.236130 | r:  -509.000000 | e:   1.000000 | Q:        nan | won: False 
#  139 | steps:  1566 | steps_t:     0 | t: 1.251789 | r:  -511.000000 | e:   1.000000 | Q:        nan | won: False 
#  140 | steps:  1574 | steps_t:     0 | t: 1.267400 | r:  -507.000000 | e:   1.000000 | Q:        nan | won: False 
#  141 | steps:  1584 | steps_t:     0 | t: 1.267400 | r:  -509.000000 | e:   1.000000 | Q:        nan | won: False 
#  142 | steps:  1590 | steps_t:     0 | t: 1.267400 | r:  -505.000000 | e:   1.000000 | Q:        nan | won: False 
#  143 | steps:  1599 | steps_t:     0 | t: 1.283021 | r:  -508.000000 | e:   1.000000 | Q:        nan | won: False 
#  144 | steps:  1609 | steps_t:     0 | t: 1.283021 | r:  -509.000000 | e:   1.000000 | Q:        nan | won: False 
#  145 | steps:  1621 | steps_t:     0 | t: 1.298649 | r:  -511.000000 | e:   1.000000 | Q:        nan | won: False 
#  146 | steps:  1634 | steps_t:     0 | t: 1.298649 | r:  -512.000000 | e:   1.000000 | Q:        nan | won: False 
#  147 | steps:  1642 | steps_t:     0 | t: 1.298649 | r:  -507.000000 | e:   1.000000 | Q:        nan | won: False 
#  148 | steps:  1651 | steps_t:     0 | t: 1.314274 | r:  -508.000000 | e:   1.000000 | Q:        nan | won: False 
#  149 | steps:  1659 | steps_t:     0 | t: 1.314274 | r:  -507.000000 | e:   1.000000 | Q:        nan | won: False 
#  150 | steps:  1671 | steps_t:     0 | t: 1.329900 | r:  -511.000000 | e:   1.000000 | Q:        nan | won: False 
#  151 | steps:  1680 | steps_t:     0 | t: 1.329900 | r:  -508.000000 | e:   1.000000 | Q:        nan | won: False 
#  152 | steps:  1690 | steps_t:     0 | t: 1.329900 | r:  -509.000000 | e:   1.000000 | Q:        nan | won: False 
#  153 | steps:  1698 | steps_t:     0 | t: 1.345525 | r:  -507.000000 | e:   1.000000 | Q:        nan | won: False 
#  154 | steps:  1707 | steps_t:     0 | t: 1.345525 | r:  -508.000000 | e:   1.000000 | Q:        nan | won: False 
#  155 | steps:  1720 | steps_t:     0 | t: 1.345525 | r:  -501.000000 | e:   1.000000 | Q:        nan | won: False 
#  156 | steps:  1732 | steps_t:     0 | t: 1.361154 | r:  -511.000000 | e:   1.000000 | Q:        nan | won: False 
#  157 | steps:  1746 | steps_t:     0 | t: 1.376814 | r:  -513.000000 | e:   1.000000 | Q:        nan | won: False 
#  158 | steps:  1757 | steps_t:     0 | t: 1.376814 | r:  -510.000000 | e:   1.000000 | Q:        nan | won: False 
#  159 | steps:  1763 | steps_t:     0 | t: 1.376814 | r:  -505.000000 | e:   1.000000 | Q:        nan | won: False 
#  160 | steps:  1771 | steps_t:     0 | t: 1.392392 | r:  -507.000000 | e:   1.000000 | Q:        nan | won: False 
#  161 | steps:  1777 | steps_t:     0 | t: 1.392392 | r:  -505.000000 | e:   1.000000 | Q:        nan | won: False 
#  162 | steps:  1790 | steps_t:     0 | t: 1.392392 | r:  -512.000000 | e:   1.000000 | Q:        nan | won: False 
#  163 | steps:  1807 | steps_t:     0 | t: 1.408053 | r:  -516.000000 | e:   1.000000 | Q:        nan | won: False 
#  164 | steps:  1837 | steps_t:     0 | t: 1.423696 | r:    82.000000 | e:   1.000000 | Q:        nan | won: True 
#  165 | steps:  1846 | steps_t:     0 | t: 1.423696 | r:  -508.000000 | e:   1.000000 | Q:        nan | won: False 
#  166 | steps:  1859 | steps_t:     0 | t: 1.439268 | r:  -501.000000 | e:   1.000000 | Q:        nan | won: False 
#  167 | steps:  1865 | steps_t:     0 | t: 1.439268 | r:  -505.000000 | e:   1.000000 | Q:        nan | won: False 
#  168 | steps:  1880 | steps_t:     0 | t: 1.454893 | r:  -514.000000 | e:   1.000000 | Q:        nan | won: False 
#  169 | steps:  1888 | steps_t:     0 | t: 1.454893 | r:  -507.000000 | e:   1.000000 | Q:        nan | won: False 
#  170 | steps:  1898 | steps_t:     0 | t: 1.470517 | r:  -509.000000 | e:   1.000000 | Q:        nan | won: False 
#  171 | steps:  1906 | steps_t:     0 | t: 1.470517 | r:  -507.000000 | e:   1.000000 | Q:        nan | won: False 
#  172 | steps:  1915 | steps_t:     0 | t: 1.470517 | r:  -508.000000 | e:   1.000000 | Q:        nan | won: False 
#  173 | steps:  1921 | steps_t:     0 | t: 1.486189 | r:  -505.000000 | e:   1.000000 | Q:        nan | won: False 
#  174 | steps:  1929 | steps_t:     0 | t: 1.486189 | r:  -507.000000 | e:   1.000000 | Q:        nan | won: False 
#  175 | steps:  1940 | steps_t:     0 | t: 1.486189 | r:  -510.000000 | e:   1.000000 | Q:        nan | won: False 
#  176 | steps:  1951 | steps_t:     0 | t: 1.501808 | r:  -510.000000 | e:   1.000000 | Q:        nan | won: False 
#  177 | steps:  1962 | steps_t:     0 | t: 1.501808 | r:  -510.000000 | e:   1.000000 | Q:        nan | won: False 
#  178 | steps:  1969 | steps_t:     0 | t: 1.517431 | r:  -506.000000 | e:   1.000000 | Q:        nan | won: False 
#  179 | steps:  1977 | steps_t:     0 | t: 1.517431 | r:  -507.000000 | e:   1.000000 | Q:        nan | won: False 
#  180 | steps:  1986 | steps_t:     0 | t: 1.517431 | r:  -508.000000 | e:   1.000000 | Q:        nan | won: False 
#  181 | steps:  1997 | steps_t:     0 | t: 1.533056 | r:  -510.000000 | e:   1.000000 | Q:        nan | won: False 
#  182 | steps:  2006 | steps_t:     0 | t: 1.533056 | r:  -508.000000 | e:   1.000000 | Q:        nan | won: False 
#  183 | steps:  2025 | steps_t:     0 | t: 1.548682 | r:  -518.000000 | e:   1.000000 | Q:        nan | won: False 
#  184 | steps:  2044 | steps_t:     0 | t: 1.564312 | r:  -518.000000 | e:   1.000000 | Q:        nan | won: False 
#  185 | steps:  2056 | steps_t:     0 | t: 1.564312 | r:  -511.000000 | e:   1.000000 | Q:        nan | won: False 
#  186 | steps:  2069 | steps_t:     0 | t: 1.579944 | r:  -512.000000 | e:   1.000000 | Q:        nan | won: False 
#  187 | steps:  2085 | steps_t:     0 | t: 1.579944 | r:  -515.000000 | e:   1.000000 | Q:        nan | won: False 
#  188 | steps:  2094 | steps_t:     0 | t: 1.595554 | r:  -508.000000 | e:   1.000000 | Q:        nan | won: False 
#  189 | steps:  2103 | steps_t:     0 | t: 1.595554 | r:  -508.000000 | e:   1.000000 | Q:        nan | won: False 
#  190 | steps:  2109 | steps_t:     0 | t: 1.595554 | r:  -505.000000 | e:   1.000000 | Q:        nan | won: False 
#  191 | steps:  2125 | steps_t:     0 | t: 1.611184 | r:  -504.000000 | e:   1.000000 | Q:        nan | won: False 
#  192 | steps:  2133 | steps_t:     0 | t: 1.611184 | r:  -507.000000 | e:   1.000000 | Q:        nan | won: False 
#  193 | steps:  2140 | steps_t:     0 | t: 1.611184 | r:  -506.000000 | e:   1.000000 | Q:        nan | won: False 
#  194 | steps:  2149 | steps_t:     0 | t: 1.626807 | r:  -508.000000 | e:   1.000000 | Q:        nan | won: False 
#  195 | steps:  2157 | steps_t:     0 | t: 1.626807 | r:  -507.000000 | e:   1.000000 | Q:        nan | won: False 
#  196 | steps:  2168 | steps_t:     0 | t: 1.626807 | r:  -510.000000 | e:   1.000000 | Q:        nan | won: False 
#  197 | steps:  2174 | steps_t:     0 | t: 1.642405 | r:  -505.000000 | e:   1.000000 | Q:        nan | won: False 
#  198 | steps:  2182 | steps_t:     0 | t: 1.642405 | r:  -507.000000 | e:   1.000000 | Q:        nan | won: False 
#  199 | steps:  2193 | steps_t:     0 | t: 1.642405 | r:  -510.000000 | e:   1.000000 | Q:        nan | won: False 
#  200 | steps:  2200 | steps_t:     0 | t: 1.658057 | r:  -506.000000 | e:   1.000000 | Q:        nan | won: False 
#  201 | steps:  2208 | steps_t:     0 | t: 1.658057 | r:  -507.000000 | e:   1.000000 | Q:        nan | won: False 
#  202 | steps:  2217 | steps_t:     0 | t: 1.658057 | r:  -508.000000 | e:   1.000000 | Q:        nan | won: False 
#  203 | steps:  2229 | steps_t:     0 | t: 1.673648 | r:  -511.000000 | e:   1.000000 | Q:        nan | won: False 
#  204 | steps:  2247 | steps_t:     0 | t: 1.689277 | r:  -517.000000 | e:   1.000000 | Q:        nan | won: False 
#  205 | steps:  2256 | steps_t:     0 | t: 1.689277 | r:  -508.000000 | e:   1.000000 | Q:        nan | won: False 
#  206 | steps:  2264 | steps_t:     0 | t: 1.689277 | r:  -507.000000 | e:   1.000000 | Q:        nan | won: False 
#  207 | steps:  2274 | steps_t:     0 | t: 1.704927 | r:  -509.000000 | e:   1.000000 | Q:        nan | won: False 
#  208 | steps:  2286 | steps_t:     0 | t: 1.704927 | r:  -511.000000 | e:   1.000000 | Q:        nan | won: False 
#  209 | steps:  2295 | steps_t:     0 | t: 1.720557 | r:  -508.000000 | e:   1.000000 | Q:        nan | won: False 
#  210 | steps:  2305 | steps_t:     0 | t: 1.720557 | r:  -509.000000 | e:   1.000000 | Q:        nan | won: False 
#  211 | steps:  2312 | steps_t:     0 | t: 1.720557 | r:  -506.000000 | e:   1.000000 | Q:        nan | won: False 
#  212 | steps:  2318 | steps_t:     0 | t: 1.736144 | r:  -505.000000 | e:   1.000000 | Q:        nan | won: False 
#  213 | steps:  2327 | steps_t:     0 | t: 1.736144 | r:  -508.000000 | e:   1.000000 | Q:        nan | won: False 
#  214 | steps:  2349 | steps_t:     0 | t: 1.751809 | r:  -521.000000 | e:   1.000000 | Q:        nan | won: False 
#  215 | steps:  2359 | steps_t:     0 | t: 1.767463 | r:  -509.000000 | e:   1.000000 | Q:        nan | won: False 
#  216 | steps:  2366 | steps_t:     0 | t: 1.767463 | r:  -506.000000 | e:   1.000000 | Q:        nan | won: False 
#  217 | steps:  2375 | steps_t:     0 | t: 1.783058 | r:  -508.000000 | e:   1.000000 | Q:        nan | won: False 
#  218 | steps:  2381 | steps_t:     0 | t: 1.783058 | r:  -505.000000 | e:   1.000000 | Q:        nan | won: False 
#  219 | steps:  2388 | steps_t:     0 | t: 1.783058 | r:  -506.000000 | e:   1.000000 | Q:        nan | won: False 
#  220 | steps:  2394 | steps_t:     0 | t: 1.798645 | r:  -505.000000 | e:   1.000000 | Q:        nan | won: False 
#  221 | steps:  2405 | steps_t:     0 | t: 1.798645 | r:  -510.000000 | e:   1.000000 | Q:        nan | won: False 
#  222 | steps:  2413 | steps_t:     0 | t: 1.814308 | r:  -507.000000 | e:   1.000000 | Q:        nan | won: False 
#  223 | steps:  2436 | steps_t:     0 | t: 1.829933 | r:  -522.000000 | e:   1.000000 | Q:        nan | won: False 
#  224 | steps:  2454 | steps_t:     0 | t: 1.845561 | r:  -517.000000 | e:   1.000000 | Q:        nan | won: False 
#  225 | steps:  2465 | steps_t:     0 | t: 1.845561 | r:  -510.000000 | e:   1.000000 | Q:        nan | won: False 
#  226 | steps:  2486 | steps_t:     0 | t: 1.861190 | r:  -520.000000 | e:   1.000000 | Q:        nan | won: False 
#  227 | steps:  2494 | steps_t:     0 | t: 1.876812 | r:  -507.000000 | e:   1.000000 | Q:        nan | won: False 
#  228 | steps:  2504 | steps_t:     0 | t: 1.876812 | r:  -509.000000 | e:   1.000000 | Q:        nan | won: False 
#  229 | steps:  2524 | steps_t:     0 | t: 1.892400 | r:  -519.000000 | e:   1.000000 | Q:        nan | won: False 
#  230 | steps:  2535 | steps_t:     0 | t: 1.908020 | r:  -510.000000 | e:   1.000000 | Q:        nan | won: False 
#  231 | steps:  2546 | steps_t:     0 | t: 1.923728 | r:  -510.000000 | e:   1.000000 | Q:        nan | won: False 
#  232 | steps:  2557 | steps_t:     0 | t: 1.923728 | r:  -510.000000 | e:   1.000000 | Q:        nan | won: False 
#  233 | steps:  2577 | steps_t:     0 | t: 1.939311 | r:  -519.000000 | e:   1.000000 | Q:        nan | won: False 
#  234 | steps:  2584 | steps_t:     0 | t: 1.954942 | r:  -506.000000 | e:   1.000000 | Q:        nan | won: False 
#  235 | steps:  2591 | steps_t:     0 | t: 1.954942 | r:  -506.000000 | e:   1.000000 | Q:        nan | won: False 
#  236 | steps:  2599 | steps_t:     0 | t: 1.954942 | r:  -507.000000 | e:   1.000000 | Q:        nan | won: False 
#  237 | steps:  2608 | steps_t:     0 | t: 1.970560 | r:  -508.000000 | e:   1.000000 | Q:        nan | won: False 
#  238 | steps:  2630 | steps_t:     0 | t: 1.986183 | r:  -521.000000 | e:   1.000000 | Q:        nan | won: False 
#  239 | steps:  2635 | steps_t:     0 | t: 1.986183 | r:  -504.000000 | e:   1.000000 | Q:        nan | won: False 
#  240 | steps:  2645 | steps_t:     0 | t: 2.001808 | r:  -509.000000 | e:   1.000000 | Q:        nan | won: False 
#  241 | steps:  2668 | steps_t:     0 | t: 2.017436 | r:  -522.000000 | e:   1.000000 | Q:        nan | won: False 
#  242 | steps:  2678 | steps_t:     0 | t: 2.033058 | r:  -509.000000 | e:   1.000000 | Q:        nan | won: False 
#  243 | steps:  2688 | steps_t:     0 | t: 2.033058 | r:  -509.000000 | e:   1.000000 | Q:        nan | won: False 
#  244 | steps:  2700 | steps_t:     0 | t: 2.048683 | r:  -511.000000 | e:   1.000000 | Q:        nan | won: False 
#  245 | steps:  2705 | steps_t:     0 | t: 2.048683 | r:  -504.000000 | e:   1.000000 | Q:        nan | won: False 
#  246 | steps:  2710 | steps_t:     0 | t: 2.048683 | r:  -504.000000 | e:   1.000000 | Q:        nan | won: False 
#  247 | steps:  2718 | steps_t:     0 | t: 2.064307 | r:  -507.000000 | e:   1.000000 | Q:        nan | won: False 
#  248 | steps:  2730 | steps_t:     0 | t: 2.064307 | r:  -511.000000 | e:   1.000000 | Q:        nan | won: False 
#  249 | steps:  2741 | steps_t:     0 | t: 2.079933 | r:  -510.000000 | e:   1.000000 | Q:        nan | won: False 
#  250 | steps:  2747 | steps_t:     0 | t: 2.079933 | r:  -505.000000 | e:   1.000000 | Q:        nan | won: False 
#  251 | steps:  2757 | steps_t:     0 | t: 2.095560 | r:  -509.000000 | e:   1.000000 | Q:        nan | won: False 
#  252 | steps:  2772 | steps_t:     0 | t: 2.111187 | r:  -492.000000 | e:   1.000000 | Q:        nan | won: False 
#  253 | steps:  2778 | steps_t:     0 | t: 2.111187 | r:  -505.000000 | e:   1.000000 | Q:        nan | won: False 
#  254 | steps:  2798 | steps_t:     0 | t: 2.126814 | r:  -519.000000 | e:   1.000000 | Q:        nan | won: False 
#  255 | steps:  2806 | steps_t:     0 | t: 2.126814 | r:  -507.000000 | e:   1.000000 | Q:        nan | won: False 
#  256 | steps:  2815 | steps_t:     0 | t: 2.142433 | r:  -508.000000 | e:   1.000000 | Q:        nan | won: False 
#  257 | steps:  2831 | steps_t:     0 | t: 2.158073 | r:  -515.000000 | e:   1.000000 | Q:        nan | won: False 
#  258 | steps:  2845 | steps_t:     0 | t: 2.158073 | r:  -513.000000 | e:   1.000000 | Q:        nan | won: False 
#  259 | steps:  2852 | steps_t:     0 | t: 2.173689 | r:  -506.000000 | e:   1.000000 | Q:        nan | won: False 
#  260 | steps:  2859 | steps_t:     0 | t: 2.173689 | r:  -506.000000 | e:   1.000000 | Q:        nan | won: False 
#  261 | steps:  2881 | steps_t:     0 | t: 2.189270 | r:  -521.000000 | e:   1.000000 | Q:        nan | won: False 
#  262 | steps:  2890 | steps_t:     0 | t: 2.204935 | r:  -508.000000 | e:   1.000000 | Q:        nan | won: False 
#  263 | steps:  2898 | steps_t:     0 | t: 2.204935 | r:  -507.000000 | e:   1.000000 | Q:        nan | won: False 
#  264 | steps:  2906 | steps_t:     0 | t: 2.220559 | r:  -507.000000 | e:   1.000000 | Q:        nan | won: False 
#  265 | steps:  2918 | steps_t:     0 | t: 2.220559 | r:  -511.000000 | e:   1.000000 | Q:        nan | won: False 
#  266 | steps:  2929 | steps_t:     0 | t: 2.236183 | r:  -510.000000 | e:   1.000000 | Q:        nan | won: False 
#  267 | steps:  2941 | steps_t:     0 | t: 2.236183 | r:  -511.000000 | e:   1.000000 | Q:        nan | won: False 
#  268 | steps:  2953 | steps_t:     0 | t: 2.251780 | r:  -511.000000 | e:   1.000000 | Q:        nan | won: False 
#  269 | steps:  2970 | steps_t:     0 | t: 2.267436 | r:  -516.000000 | e:   1.000000 | Q:        nan | won: False 
#  270 | steps:  2976 | steps_t:     0 | t: 2.267436 | r:  -505.000000 | e:   1.000000 | Q:        nan | won: False 
#  271 | steps:  2985 | steps_t:     0 | t: 2.283069 | r:  -508.000000 | e:   1.000000 | Q:        nan | won: False 
#  272 | steps:  2995 | steps_t:     0 | t: 2.283069 | r:  -509.000000 | e:   1.000000 | Q:        nan | won: False 
#  273 | steps:  3007 | steps_t:     0 | t: 2.298683 | r:  -511.000000 | e:   1.000000 | Q:        nan | won: False 
#  274 | steps:  3014 | steps_t:     0 | t: 2.298683 | r:  -506.000000 | e:   1.000000 | Q:        nan | won: False 
#  275 | steps:  3033 | steps_t:     0 | t: 2.314311 | r:  -518.000000 | e:   1.000000 | Q:        nan | won: False 
#  276 | steps:  3042 | steps_t:     0 | t: 2.329938 | r:  -508.000000 | e:   1.000000 | Q:        nan | won: False 
#  277 | steps:  3052 | steps_t:     0 | t: 2.329938 | r:  -509.000000 | e:   1.000000 | Q:        nan | won: False 
#  278 | steps:  3061 | steps_t:     0 | t: 2.329938 | r:  -508.000000 | e:   1.000000 | Q:        nan | won: False 
#  279 | steps:  3070 | steps_t:     0 | t: 2.345557 | r:  -508.000000 | e:   1.000000 | Q:        nan | won: False 
#  280 | steps:  3078 | steps_t:     0 | t: 2.345557 | r:  -507.000000 | e:   1.000000 | Q:        nan | won: False 
#  281 | steps:  3087 | steps_t:     0 | t: 2.345557 | r:  -508.000000 | e:   1.000000 | Q:        nan | won: False 
#  282 | steps:  3098 | steps_t:     0 | t: 2.361182 | r:  -510.000000 | e:   1.000000 | Q:        nan | won: False 
#  283 | steps:  3103 | steps_t:     0 | t: 2.361182 | r:  -504.000000 | e:   1.000000 | Q:        nan | won: False 
#  284 | steps:  3118 | steps_t:     0 | t: 2.376812 | r:  -514.000000 | e:   1.000000 | Q:        nan | won: False 
#  285 | steps:  3131 | steps_t:     0 | t: 2.376812 | r:  -512.000000 | e:   1.000000 | Q:        nan | won: False 
#  286 | steps:  3142 | steps_t:     0 | t: 2.376812 | r:  -510.000000 | e:   1.000000 | Q:        nan | won: False 
#  287 | steps:  3162 | steps_t:     0 | t: 2.392436 | r:  -519.000000 | e:   1.000000 | Q:        nan | won: False 
#  288 | steps:  3174 | steps_t:     0 | t: 2.408058 | r:  -511.000000 | e:   1.000000 | Q:        nan | won: False 
#  289 | steps:  3185 | steps_t:     0 | t: 2.408058 | r:  -510.000000 | e:   1.000000 | Q:        nan | won: False 
#  290 | steps:  3193 | steps_t:     0 | t: 2.408058 | r:  -507.000000 | e:   1.000000 | Q:        nan | won: False 
#  291 | steps:  3203 | steps_t:     0 | t: 2.423692 | r:  -509.000000 | e:   1.000000 | Q:        nan | won: False 
#  292 | steps:  3211 | steps_t:     0 | t: 2.423692 | r:  -507.000000 | e:   1.000000 | Q:        nan | won: False 
#  293 | steps:  3220 | steps_t:     0 | t: 2.423692 | r:  -508.000000 | e:   1.000000 | Q:        nan | won: False 
#  294 | steps:  3227 | steps_t:     0 | t: 2.439271 | r:  -506.000000 | e:   1.000000 | Q:        nan | won: False 
#  295 | steps:  3235 | steps_t:     0 | t: 2.439271 | r:  -507.000000 | e:   1.000000 | Q:        nan | won: False 
#  296 | steps:  3243 | steps_t:     0 | t: 2.439271 | r:  -507.000000 | e:   1.000000 | Q:        nan | won: False 
#  297 | steps:  3252 | steps_t:     0 | t: 2.454901 | r:  -508.000000 | e:   1.000000 | Q:        nan | won: False 
#  298 | steps:  3262 | steps_t:     0 | t: 2.454901 | r:  -509.000000 | e:   1.000000 | Q:        nan | won: False 
#  299 | steps:  3284 | steps_t:     0 | t: 2.470564 | r:  -521.000000 | e:   1.000000 | Q:        nan | won: False 
#  300 | steps:  3290 | steps_t:     0 | t: 2.470564 | r:  -505.000000 | e:   1.000000 | Q:        nan | won: False 
#  301 | steps:  3298 | steps_t:     0 | t: 2.486183 | r:  -507.000000 | e:   1.000000 | Q:        nan | won: False 
#  302 | steps:  3306 | steps_t:     0 | t: 2.486183 | r:  -507.000000 | e:   1.000000 | Q:        nan | won: False 
#  303 | steps:  3317 | steps_t:     0 | t: 2.486183 | r:  -510.000000 | e:   1.000000 | Q:        nan | won: False 
#  304 | steps:  3335 | steps_t:     0 | t: 2.501807 | r:  -506.000000 | e:   1.000000 | Q:        nan | won: False 
#  305 | steps:  3347 | steps_t:     0 | t: 2.501807 | r:  -511.000000 | e:   1.000000 | Q:        nan | won: False 
#  306 | steps:  3368 | steps_t:     0 | t: 2.517436 | r:  -520.000000 | e:   1.000000 | Q:        nan | won: False 
#  307 | steps:  3376 | steps_t:     0 | t: 2.533056 | r:  -507.000000 | e:   1.000000 | Q:        nan | won: False 
#  308 | steps:  3386 | steps_t:     0 | t: 2.533056 | r:  -509.000000 | e:   1.000000 | Q:        nan | won: False 
#  309 | steps:  3393 | steps_t:     0 | t: 2.533056 | r:  -506.000000 | e:   1.000000 | Q:        nan | won: False 
#  310 | steps:  3399 | steps_t:     0 | t: 2.548643 | r:  -505.000000 | e:   1.000000 | Q:        nan | won: False 
#  311 | steps:  3406 | steps_t:     0 | t: 2.548643 | r:  -506.000000 | e:   1.000000 | Q:        nan | won: False 
#  312 | steps:  3422 | steps_t:     0 | t: 2.548643 | r:  -504.000000 | e:   1.000000 | Q:        nan | won: False 
#  313 | steps:  3433 | steps_t:     0 | t: 2.564269 | r:  -510.000000 | e:   1.000000 | Q:        nan | won: False 
#  314 | steps:  3440 | steps_t:     0 | t: 2.564269 | r:  -506.000000 | e:   1.000000 | Q:        nan | won: False 
#  315 | steps:  3457 | steps_t:     0 | t: 2.585252 | r:  -516.000000 | e:   1.000000 | Q:        nan | won: False 
#  316 | steps:  3471 | steps_t:     0 | t: 2.585252 | r:  -513.000000 | e:   1.000000 | Q:        nan | won: False 
#  317 | steps:  3482 | steps_t:     0 | t: 2.595763 | r:  -510.000000 | e:   1.000000 | Q:        nan | won: False 
#  318 | steps:  3495 | steps_t:     0 | t: 2.595763 | r:  -512.000000 | e:   1.000000 | Q:        nan | won: False 
#  319 | steps:  3505 | steps_t:     0 | t: 2.611446 | r:  -509.000000 | e:   1.000000 | Q:        nan | won: False 
#  320 | steps:  3510 | steps_t:     0 | t: 2.611446 | r:  -504.000000 | e:   1.000000 | Q:        nan | won: False 
#  321 | steps:  3520 | steps_t:     0 | t: 2.611446 | r:  -509.000000 | e:   1.000000 | Q:        nan | won: False 
#  322 | steps:  3530 | steps_t:     0 | t: 2.627075 | r:  -509.000000 | e:   1.000000 | Q:        nan | won: False 
#  323 | steps:  3538 | steps_t:     0 | t: 2.627075 | r:  -507.000000 | e:   1.000000 | Q:        nan | won: False 
#  324 | steps:  3544 | steps_t:     0 | t: 2.627075 | r:  -505.000000 | e:   1.000000 | Q:        nan | won: False 
#  325 | steps:  3551 | steps_t:     0 | t: 2.642691 | r:  -506.000000 | e:   1.000000 | Q:        nan | won: False 
#  326 | steps:  3557 | steps_t:     0 | t: 2.642691 | r:  -505.000000 | e:   1.000000 | Q:        nan | won: False 
#  327 | steps:  3565 | steps_t:     0 | t: 2.642691 | r:  -507.000000 | e:   1.000000 | Q:        nan | won: False 
#  328 | steps:  3574 | steps_t:     0 | t: 2.658318 | r:  -508.000000 | e:   1.000000 | Q:        nan | won: False 
#  329 | steps:  3583 | steps_t:     0 | t: 2.658318 | r:  -508.000000 | e:   1.000000 | Q:        nan | won: False 
#  330 | steps:  3595 | steps_t:     0 | t: 2.658318 | r:  -511.000000 | e:   1.000000 | Q:        nan | won: False 
#  331 | steps:  3604 | steps_t:     0 | t: 2.673909 | r:  -508.000000 | e:   1.000000 | Q:        nan | won: False 
#  332 | steps:  3609 | steps_t:     0 | t: 2.673909 | r:  -504.000000 | e:   1.000000 | Q:        nan | won: False 
#  333 | steps:  3621 | steps_t:     0 | t: 2.673909 | r:  -511.000000 | e:   1.000000 | Q:        nan | won: False 
#  334 | steps:  3630 | steps_t:     0 | t: 2.689574 | r:  -508.000000 | e:   1.000000 | Q:        nan | won: False 
#  335 | steps:  3647 | steps_t:     0 | t: 2.689574 | r:  -516.000000 | e:   1.000000 | Q:        nan | won: False 
#  336 | steps:  3656 | steps_t:     0 | t: 2.705155 | r:  -508.000000 | e:   1.000000 | Q:        nan | won: False 
#  337 | steps:  3666 | steps_t:     0 | t: 2.705155 | r:  -509.000000 | e:   1.000000 | Q:        nan | won: False 
#  338 | steps:  3676 | steps_t:     0 | t: 2.720812 | r:  -509.000000 | e:   1.000000 | Q:        nan | won: False 
#  339 | steps:  3687 | steps_t:     0 | t: 2.720812 | r:  -510.000000 | e:   1.000000 | Q:        nan | won: False 
#  340 | steps:  3698 | steps_t:     0 | t: 2.736443 | r:  -510.000000 | e:   1.000000 | Q:        nan | won: False 
#  341 | steps:  3708 | steps_t:     0 | t: 2.736443 | r:  -509.000000 | e:   1.000000 | Q:        nan | won: False 
#  342 | steps:  3722 | steps_t:     0 | t: 2.736443 | r:  -513.000000 | e:   1.000000 | Q:        nan | won: False 
#  343 | steps:  3731 | steps_t:     0 | t: 2.752028 | r:  -508.000000 | e:   1.000000 | Q:        nan | won: False 
#  344 | steps:  3741 | steps_t:     0 | t: 2.752028 | r:  -509.000000 | e:   1.000000 | Q:        nan | won: False 
#  345 | steps:  3760 | steps_t:     0 | t: 2.767653 | r:  -518.000000 | e:   1.000000 | Q:        nan | won: False 
#  346 | steps:  3768 | steps_t:     0 | t: 2.767653 | r:  -507.000000 | e:   1.000000 | Q:        nan | won: False 
#  347 | steps:  3777 | steps_t:     0 | t: 2.783315 | r:  -508.000000 | e:   1.000000 | Q:        nan | won: False 
#  348 | steps:  3786 | steps_t:     0 | t: 2.783315 | r:  -508.000000 | e:   1.000000 | Q:        nan | won: False 
#  349 | steps:  3806 | steps_t:     0 | t: 2.798940 | r:  -519.000000 | e:   1.000000 | Q:        nan | won: False 
#  350 | steps:  3815 | steps_t:     0 | t: 2.798940 | r:  -508.000000 | e:   1.000000 | Q:        nan | won: False 
#  351 | steps:  3823 | steps_t:     0 | t: 2.798940 | r:  -507.000000 | e:   1.000000 | Q:        nan | won: False 
#  352 | steps:  3829 | steps_t:     0 | t: 2.814569 | r:  -505.000000 | e:   1.000000 | Q:        nan | won: False 
#  353 | steps:  3840 | steps_t:     0 | t: 2.814569 | r:  -510.000000 | e:   1.000000 | Q:        nan | won: False 
#  354 | steps:  3846 | steps_t:     0 | t: 2.814569 | r:  -505.000000 | e:   1.000000 | Q:        nan | won: False 
#  355 | steps:  3855 | steps_t:     0 | t: 2.830193 | r:  -508.000000 | e:   1.000000 | Q:        nan | won: False 
#  356 | steps:  3864 | steps_t:     0 | t: 2.830193 | r:  -508.000000 | e:   1.000000 | Q:        nan | won: False 
#  357 | steps:  3887 | steps_t:     0 | t: 2.845818 | r:  -522.000000 | e:   1.000000 | Q:        nan | won: False 
#  358 | steps:  3894 | steps_t:     0 | t: 2.845818 | r:  -506.000000 | e:   1.000000 | Q:        nan | won: False 
#  359 | steps:  3903 | steps_t:     0 | t: 2.861443 | r:  -508.000000 | e:   1.000000 | Q:        nan | won: False 
#  360 | steps:  3917 | steps_t:     0 | t: 2.861443 | r:  -513.000000 | e:   1.000000 | Q:        nan | won: False 
#  361 | steps:  3928 | steps_t:     0 | t: 2.877070 | r:  -510.000000 | e:   1.000000 | Q:        nan | won: False 
#  362 | steps:  3936 | steps_t:     0 | t: 2.877070 | r:  -507.000000 | e:   1.000000 | Q:        nan | won: False 
#  363 | steps:  3952 | steps_t:     0 | t: 2.892653 | r:  -504.000000 | e:   1.000000 | Q:        nan | won: False 
#  364 | steps:  3959 | steps_t:     0 | t: 2.892653 | r:  -506.000000 | e:   1.000000 | Q:        nan | won: False 
#  365 | steps:  3971 | steps_t:     0 | t: 2.892653 | r:  -511.000000 | e:   1.000000 | Q:        nan | won: False 
#  366 | steps:  3984 | steps_t:     0 | t: 2.908321 | r:  -512.000000 | e:   1.000000 | Q:        nan | won: False 
#  367 | steps:  3992 | steps_t:     0 | t: 2.908321 | r:  -507.000000 | e:   1.000000 | Q:        nan | won: False 
#  368 | steps:  4000 | steps_t:     0 | t: 2.923948 | r:  -507.000000 | e:   1.000000 | Q:        nan | won: False 
#  369 | steps:  4012 | steps_t:     0 | t: 2.923948 | r:  -511.000000 | e:   1.000000 | Q:        nan | won: False 
#  370 | steps:  4018 | steps_t:     0 | t: 2.923948 | r:  -505.000000 | e:   1.000000 | Q:        nan | won: False 
#  371 | steps:  4025 | steps_t:     0 | t: 2.939619 | r:  -506.000000 | e:   1.000000 | Q:        nan | won: False 
#  372 | steps:  4032 | steps_t:     0 | t: 2.939619 | r:  -506.000000 | e:   1.000000 | Q:        nan | won: False 
#  373 | steps:  4041 | steps_t:     0 | t: 2.939619 | r:  -508.000000 | e:   1.000000 | Q:        nan | won: False 
#  374 | steps:  4050 | steps_t:     0 | t: 2.955157 | r:  -508.000000 | e:   1.000000 | Q:        nan | won: False 
#  375 | steps:  4055 | steps_t:     0 | t: 2.955157 | r:  -504.000000 | e:   1.000000 | Q:        nan | won: False 
#  376 | steps:  4061 | steps_t:     0 | t: 2.955157 | r:  -505.000000 | e:   1.000000 | Q:        nan | won: False 
#  377 | steps:  4069 | steps_t:     0 | t: 2.970786 | r:  -507.000000 | e:   1.000000 | Q:        nan | won: False 
#  378 | steps:  4081 | steps_t:     0 | t: 2.976585 | r:  -511.000000 | e:   1.000000 | Q:        nan | won: False 
#  379 | steps:  4091 | steps_t:     0 | t: 2.986635 | r:  -509.000000 | e:   1.000000 | Q:        nan | won: False 
#  380 | steps:  4106 | steps_t:     0 | t: 2.986635 | r:  -514.000000 | e:   1.000000 | Q:        nan | won: False 
#  381 | steps:  4114 | steps_t:     0 | t: 3.002310 | r:  -507.000000 | e:   1.000000 | Q:        nan | won: False 
#  382 | steps:  4120 | steps_t:     0 | t: 3.002310 | r:  -505.000000 | e:   1.000000 | Q:        nan | won: False 
#  383 | steps:  4125 | steps_t:     0 | t: 3.002310 | r:  -504.000000 | e:   1.000000 | Q:        nan | won: False 
#  384 | steps:  4135 | steps_t:     0 | t: 3.017940 | r:  -509.000000 | e:   1.000000 | Q:        nan | won: False 
#  385 | steps:  4157 | steps_t:     0 | t: 3.017940 | r:  -521.000000 | e:   1.000000 | Q:        nan | won: False 
#  386 | steps:  4174 | steps_t:     0 | t: 3.033564 | r:  -516.000000 | e:   1.000000 | Q:        nan | won: False 
#  387 | steps:  4185 | steps_t:     0 | t: 3.033564 | r:  -510.000000 | e:   1.000000 | Q:        nan | won: False 
#  388 | steps:  4192 | steps_t:     0 | t: 3.049154 | r:  -506.000000 | e:   1.000000 | Q:        nan | won: False 
#  389 | steps:  4212 | steps_t:     0 | t: 3.049154 | r:  -519.000000 | e:   1.000000 | Q:        nan | won: False 
#  390 | steps:  4222 | steps_t:     0 | t: 3.064815 | r:  -509.000000 | e:   1.000000 | Q:        nan | won: False 
#  391 | steps:  4238 | steps_t:     0 | t: 3.080400 | r:  -504.000000 | e:   1.000000 | Q:        nan | won: False 
#  392 | steps:  4249 | steps_t:     0 | t: 3.080400 | r:  -510.000000 | e:   1.000000 | Q:        nan | won: False 
#  393 | steps:  4259 | steps_t:     0 | t: 3.096025 | r:  -509.000000 | e:   1.000000 | Q:        nan | won: False 
#  394 | steps:  4266 | steps_t:     0 | t: 3.096025 | r:  -506.000000 | e:   1.000000 | Q:        nan | won: False 
#  395 | steps:  4275 | steps_t:     0 | t: 3.096025 | r:  -508.000000 | e:   1.000000 | Q:        nan | won: False 
#  396 | steps:  4281 | steps_t:     0 | t: 3.096025 | r:  -505.000000 | e:   1.000000 | Q:        nan | won: False 
#  397 | steps:  4296 | steps_t:     0 | t: 3.111660 | r:  -514.000000 | e:   1.000000 | Q:        nan | won: False 
#  398 | steps:  4317 | steps_t:     0 | t: 3.127321 | r:  -520.000000 | e:   1.000000 | Q:        nan | won: False 
#  399 | steps:  4325 | steps_t:     0 | t: 3.127321 | r:  -507.000000 | e:   1.000000 | Q:        nan | won: False 
#  400 | steps:  4337 | steps_t:     0 | t: 3.142932 | r:  -511.000000 | e:   1.000000 | Q:        nan | won: False 
#  401 | steps:  4346 | steps_t:     0 | t: 3.158580 | r:  -508.000000 | e:   1.000000 | Q:        nan | won: False 
#  402 | steps:  4354 | steps_t:     0 | t: 3.158580 | r:  -507.000000 | e:   1.000000 | Q:        nan | won: False 
#  403 | steps:  4362 | steps_t:     0 | t: 3.158580 | r:  -507.000000 | e:   1.000000 | Q:        nan | won: False 
#  404 | steps:  4372 | steps_t:     0 | t: 3.174160 | r:  -509.000000 | e:   1.000000 | Q:        nan | won: False 
#  405 | steps:  4378 | steps_t:     0 | t: 3.174160 | r:  -505.000000 | e:   1.000000 | Q:        nan | won: False 
#  406 | steps:  4405 | steps_t:     0 | t: 3.205464 | r:  -515.000000 | e:   1.000000 | Q:        nan | won: False 
#  407 | steps:  4413 | steps_t:     0 | t: 3.205464 | r:  -507.000000 | e:   1.000000 | Q:        nan | won: False 
#  408 | steps:  4420 | steps_t:     0 | t: 3.205464 | r:  -506.000000 | e:   1.000000 | Q:        nan | won: False 
#  409 | steps:  4434 | steps_t:     0 | t: 3.221072 | r:  -513.000000 | e:   1.000000 | Q:        nan | won: False 
#  410 | steps:  4443 | steps_t:     0 | t: 3.236651 | r:  -508.000000 | e:   1.000000 | Q:        nan | won: False 
#  411 | steps:  4459 | steps_t:     0 | t: 3.252277 | r:  -515.000000 | e:   1.000000 | Q:        nan | won: False 
#  412 | steps:  4473 | steps_t:     0 | t: 3.252277 | r:  -513.000000 | e:   1.000000 | Q:        nan | won: False 
#  413 | steps:  4485 | steps_t:     0 | t: 3.267937 | r:  -511.000000 | e:   1.000000 | Q:        nan | won: False 
#  414 | steps:  4492 | steps_t:     0 | t: 3.267937 | r:  -506.000000 | e:   1.000000 | Q:        nan | won: False 
#  415 | steps:  4503 | steps_t:     0 | t: 3.283574 | r:  -510.000000 | e:   1.000000 | Q:        nan | won: False 
#  416 | steps:  4510 | steps_t:     0 | t: 3.283574 | r:  -506.000000 | e:   1.000000 | Q:        nan | won: False 
#  417 | steps:  4531 | steps_t:     0 | t: 3.314826 | r:  -520.000000 | e:   1.000000 | Q:        nan | won: False 
#  418 | steps:  4539 | steps_t:     0 | t: 3.314826 | r:  -507.000000 | e:   1.000000 | Q:        nan | won: False 
#  419 | steps:  4547 | steps_t:     0 | t: 3.330415 | r:  -507.000000 | e:   1.000000 | Q:        nan | won: False 
#  420 | steps:  4557 | steps_t:     0 | t: 3.346037 | r:  -509.000000 | e:   1.000000 | Q:        nan | won: False 
#  421 | steps:  4567 | steps_t:     0 | t: 3.361715 | r:  -509.000000 | e:   1.000000 | Q:        nan | won: False 
#  422 | steps:  4578 | steps_t:     0 | t: 3.361715 | r:  -510.000000 | e:   1.000000 | Q:        nan | won: False 
#  423 | steps:  4604 | steps_t:     0 | t: 3.392954 | r:  -525.000000 | e:   1.000000 | Q:        nan | won: False 
#  424 | steps:  4614 | steps_t:     0 | t: 3.408541 | r:  -509.000000 | e:   1.000000 | Q:        nan | won: False 
#  425 | steps:  4625 | steps_t:     0 | t: 3.424215 | r:  -510.000000 | e:   1.000000 | Q:        nan | won: False 
#  426 | steps:  4636 | steps_t:     0 | t: 3.439804 | r:  -510.000000 | e:   1.000000 | Q:        nan | won: False 
#  427 | steps:  4648 | steps_t:     0 | t: 3.455409 | r:  -511.000000 | e:   1.000000 | Q:        nan | won: False 
#  428 | steps:  4655 | steps_t:     0 | t: 3.486708 | r:  -506.000000 | e:   1.000000 | Q:        nan | won: False 
#  429 | steps:  4664 | steps_t:     0 | t: 3.486708 | r:  -508.000000 | e:   1.000000 | Q:        nan | won: False 
#  430 | steps:  4670 | steps_t:     0 | t: 3.502285 | r:  -505.000000 | e:   1.000000 | Q:        nan | won: False 
#  431 | steps:  4682 | steps_t:     0 | t: 3.517958 | r:  -511.000000 | e:   1.000000 | Q:        nan | won: False 
#  432 | steps:  4695 | steps_t:     0 | t: 3.533585 | r:  -512.000000 | e:   1.000000 | Q:        nan | won: False 
#  433 | steps:  4705 | steps_t:     0 | t: 3.549205 | r:  -509.000000 | e:   1.000000 | Q:        nan | won: False 
#  434 | steps:  4712 | steps_t:     0 | t: 3.549205 | r:  -506.000000 | e:   1.000000 | Q:        nan | won: False 
#  435 | steps:  4724 | steps_t:     0 | t: 3.564789 | r:  -511.000000 | e:   1.000000 | Q:        nan | won: False 
#  436 | steps:  4734 | steps_t:     0 | t: 3.580403 | r:  -509.000000 | e:   1.000000 | Q:        nan | won: False 
#  437 | steps:  4753 | steps_t:     0 | t: 3.596075 | r:  -518.000000 | e:   1.000000 | Q:        nan | won: False 
#  438 | steps:  4761 | steps_t:     0 | t: 3.596075 | r:  -507.000000 | e:   1.000000 | Q:        nan | won: False 
#  439 | steps:  4769 | steps_t:     0 | t: 3.611696 | r:  -507.000000 | e:   1.000000 | Q:        nan | won: False 
#  440 | steps:  4786 | steps_t:     0 | t: 3.627322 | r:  -516.000000 | e:   1.000000 | Q:        nan | won: False 
#  441 | steps:  4797 | steps_t:     0 | t: 3.627322 | r:  -510.000000 | e:   1.000000 | Q:        nan | won: False 
#  442 | steps:  4804 | steps_t:     0 | t: 3.642952 | r:  -506.000000 | e:   1.000000 | Q:        nan | won: False 
#  443 | steps:  4811 | steps_t:     0 | t: 3.642952 | r:  -506.000000 | e:   1.000000 | Q:        nan | won: False 
#  444 | steps:  4821 | steps_t:     0 | t: 3.658540 | r:  -509.000000 | e:   1.000000 | Q:        nan | won: False 
#  445 | steps:  4835 | steps_t:     0 | t: 3.674229 | r:  -502.000000 | e:   1.000000 | Q:        nan | won: False 
#  446 | steps:  4842 | steps_t:     0 | t: 3.689831 | r:  -506.000000 | e:   1.000000 | Q:        nan | won: False 
#  447 | steps:  4860 | steps_t:     0 | t: 3.705451 | r:  -517.000000 | e:   1.000000 | Q:        nan | won: False 
#  448 | steps:  4870 | steps_t:     0 | t: 3.721075 | r:  -509.000000 | e:   1.000000 | Q:        nan | won: False 
#  449 | steps:  4880 | steps_t:     0 | t: 3.721075 | r:  -509.000000 | e:   1.000000 | Q:        nan | won: False 
#  450 | steps:  4893 | steps_t:     0 | t: 3.736692 | r:  -512.000000 | e:   1.000000 | Q:        nan | won: False 
#  451 | steps:  4910 | steps_t:     0 | t: 3.752319 | r:  -516.000000 | e:   1.000000 | Q:        nan | won: False 
#  452 | steps:  4915 | steps_t:     0 | t: 3.752319 | r:  -504.000000 | e:   1.000000 | Q:        nan | won: False 
#  453 | steps:  4923 | steps_t:     0 | t: 3.767902 | r:  -507.000000 | e:   1.000000 | Q:        nan | won: False 
#  454 | steps:  4944 | steps_t:     0 | t: 3.783526 | r:  -520.000000 | e:   1.000000 | Q:        nan | won: False 
#  455 | steps:  4953 | steps_t:     0 | t: 3.799154 | r:  -508.000000 | e:   1.000000 | Q:        nan | won: False 
#  456 | steps:  4960 | steps_t:     0 | t: 3.814782 | r:  -506.000000 | e:   1.000000 | Q:        nan | won: False 
#  457 | steps:  4968 | steps_t:     0 | t: 3.814782 | r:  -507.000000 | e:   1.000000 | Q:        nan | won: False 
#  458 | steps:  4975 | steps_t:     0 | t: 3.830408 | r:  -506.000000 | e:   1.000000 | Q:        nan | won: False 
#  459 | steps:  4984 | steps_t:     0 | t: 3.846026 | r:  -508.000000 | e:   1.000000 | Q:        nan | won: False 
#  460 | steps:  4989 | steps_t:     0 | t: 3.846026 | r:  -504.000000 | e:   1.000000 | Q:        nan | won: False 
#  461 | steps:  5004 | steps_t:     3 | t: 4.017992 | r:  -514.000000 | e:   0.999700 | Q:        nan | won: False 
#  462 | steps:  5017 | steps_t:    15 | t: 4.142987 | r:  -512.000000 | e:   0.998500 | Q:        nan | won: False 
#  463 | steps:  5028 | steps_t:    25 | t: 4.252360 | r:  -510.000000 | e:   0.997500 | Q:        nan | won: False 
#  464 | steps:  5039 | steps_t:    35 | t: 4.330480 | r:  -510.000000 | e:   0.996500 | Q:        nan | won: False 
