#    1 | steps:    25 | steps_t: 2735611 | t: 0.046838 | r:    87.000000 | e:   0.100000 | Q: 101.818947 | won: True 
#    2 | steps:    42 | steps_t: 2735611 | t: 0.078086 | r:    95.000000 | e:   0.100000 | Q: 101.230827 | won: True 
#    3 | steps:    65 | steps_t: 2735611 | t: 0.124963 | r:    89.000000 | e:   0.100000 | Q:  99.760963 | won: True 
#    4 | steps:    91 | steps_t: 2735611 | t: 0.156249 | r:    86.000000 | e:   0.100000 | Q: 101.623817 | won: True 
#    5 | steps:   112 | steps_t: 2735611 | t: 0.187503 | r:    91.000000 | e:   0.100000 | Q: 101.350464 | won: True 
#    6 | steps:   140 | steps_t: 2735611 | t: 0.250964 | r:    84.000000 | e:   0.100000 | Q:  98.254601 | won: True 
#    7 | steps:   157 | steps_t: 2735611 | t: 0.297840 | r:    95.000000 | e:   0.100000 | Q: 101.350464 | won: True 
#    8 | steps:   177 | steps_t: 2735611 | t: 0.329088 | r:    92.000000 | e:   0.100000 | Q:  98.254601 | won: True 
#    9 | steps:   197 | steps_t: 2735611 | t: 0.391610 | r:    92.000000 | e:   0.100000 | Q:  98.254601 | won: True 
#   10 | steps:   218 | steps_t: 2735611 | t: 0.438460 | r:    91.000000 | e:   0.100000 | Q:  97.900513 | won: True 
#    1 | steps:    17 | steps_t: 3270774 | t: 0.040829 | r:    95.000000 | e:   0.100000 | Q: 101.309280 | won: True 
#    2 | steps:    42 | steps_t: 3270774 | t: 0.087682 | r:  -513.000000 | e:   0.100000 | Q:  74.606880 | won: False 
#    3 | steps:    57 | steps_t: 3270774 | t: 0.103287 | r:  -503.000000 | e:   0.100000 | Q:  73.247620 | won: False 
#    4 | steps:    75 | steps_t: 3270774 | t: 0.168966 | r:    94.000000 | e:   0.100000 | Q:  99.949371 | won: True 
#    5 | steps:    90 | steps_t: 3270774 | t: 0.238693 | r:    97.000000 | e:   0.100000 | Q: 100.642761 | won: True 
#    6 | steps:   105 | steps_t: 3270774 | t: 0.307737 | r:  -503.000000 | e:   0.100000 | Q:  73.247620 | won: False 
#    7 | steps:   123 | steps_t: 3270774 | t: 0.382104 | r:    94.000000 | e:   0.100000 | Q:  99.949371 | won: True 
#    8 | steps:   142 | steps_t: 3270774 | t: 0.472778 | r:    93.000000 | e:   0.100000 | Q:  98.878418 | won: True 
#    9 | steps:   160 | steps_t: 3270774 | t: 0.566538 | r:    94.000000 | e:   0.100000 | Q:  99.949371 | won: True 
#   10 | steps:   177 | steps_t: 3270774 | t: 0.647999 | r:    95.000000 | e:   0.100000 | Q: 100.854179 | won: True 
