#    1 | steps:     7 | steps_t: 3271349 | t: 0.031215 | r:  -484.000000 | e:   0.100000 | Q: 144.574600 | won: False 
#    2 | steps:    21 | steps_t: 3271349 | t: 0.046837 | r:  -447.000000 | e:   0.100000 | Q: 186.882614 | won: False 
#    3 | steps:    28 | steps_t: 3271349 | t: 0.062509 | r:  -484.000000 | e:   0.100000 | Q: 144.574600 | won: False 
#    4 | steps:    35 | steps_t: 3271349 | t: 0.078120 | r:  -484.000000 | e:   0.100000 | Q: 144.574600 | won: False 
#    5 | steps:    42 | steps_t: 3271349 | t: 0.093712 | r:  -484.000000 | e:   0.100000 | Q: 144.574600 | won: False 
#    6 | steps:    49 | steps_t: 3271349 | t: 0.109819 | r:  -484.000000 | e:   0.100000 | Q: 144.574600 | won: False 
#    7 | steps:    56 | steps_t: 3271349 | t: 0.125474 | r:  -484.000000 | e:   0.100000 | Q: 144.574600 | won: False 
#    8 | steps:    63 | steps_t: 3271349 | t: 0.156722 | r:  -484.000000 | e:   0.100000 | Q: 144.574600 | won: False 
#    9 | steps:   106 | steps_t: 3271349 | t: 0.325126 | r:  -410.000000 | e:   0.100000 | Q: 242.447098 | won: False 
#   10 | steps:   112 | steps_t: 3271349 | t: 0.356349 | r:  -483.000000 | e:   0.100000 | Q: 144.574600 | won: False 
#   11 | steps:   119 | steps_t: 3271349 | t: 0.387624 | r:  -484.000000 | e:   0.100000 | Q: 144.574600 | won: False 
#   12 | steps:   126 | steps_t: 3271349 | t: 0.424614 | r:  -484.000000 | e:   0.100000 | Q: 128.869629 | won: False 
#   13 | steps:   133 | steps_t: 3271349 | t: 0.465975 | r:  -484.000000 | e:   0.100000 | Q: 144.574600 | won: False 
#   14 | steps:   152 | steps_t: 3271349 | t: 0.544108 | r:  -463.000000 | e:   0.100000 | Q: 207.385757 | won: False 
#   15 | steps:   159 | steps_t: 3271349 | t: 0.575372 | r:  -484.000000 | e:   0.100000 | Q: 144.574600 | won: False 
#   16 | steps:   166 | steps_t: 3271349 | t: 0.606608 | r:  -495.000000 | e:   0.100000 | Q: 128.869629 | won: False 
#   17 | steps:   173 | steps_t: 3271349 | t: 0.653494 | r:  -484.000000 | e:   0.100000 | Q: 144.574600 | won: False 
#   18 | steps:   180 | steps_t: 3271349 | t: 0.685205 | r:  -484.000000 | e:   0.100000 | Q: 144.574600 | won: False 
#   19 | steps:   187 | steps_t: 3271349 | t: 0.716503 | r:  -484.000000 | e:   0.100000 | Q: 144.574600 | won: False 
#   20 | steps:   194 | steps_t: 3271349 | t: 0.763418 | r:  -484.000000 | e:   0.100000 | Q: 144.574600 | won: False 
#   21 | steps:   201 | steps_t: 3271349 | t: 0.794651 | r:  -495.000000 | e:   0.100000 | Q: 128.869629 | won: False 
#   22 | steps:   208 | steps_t: 3271349 | t: 0.825922 | r:  -495.000000 | e:   0.100000 | Q: 128.869629 | won: False 
#   23 | steps:   215 | steps_t: 3271349 | t: 0.857127 | r:  -484.000000 | e:   0.100000 | Q: 144.574600 | won: False 
#   24 | steps:   222 | steps_t: 3271349 | t: 0.888441 | r:  -484.000000 | e:   0.100000 | Q: 144.574600 | won: False 
#   25 | steps:   229 | steps_t: 3271349 | t: 0.919633 | r:  -484.000000 | e:   0.100000 | Q: 144.574600 | won: False 
#   26 | steps:   236 | steps_t: 3271349 | t: 0.950887 | r:  -495.000000 | e:   0.100000 | Q:  91.886856 | won: False 
#   27 | steps:   243 | steps_t: 3271349 | t: 0.997777 | r:  -484.000000 | e:   0.100000 | Q: 144.574600 | won: False 
#   28 | steps:   250 | steps_t: 3271349 | t: 1.029000 | r:  -495.000000 | e:   0.100000 | Q:  91.886856 | won: False 
#   29 | steps:   257 | steps_t: 3271349 | t: 1.060259 | r:  -484.000000 | e:   0.100000 | Q: 144.574600 | won: False 
#   30 | steps:   264 | steps_t: 3271349 | t: 1.091551 | r:  -484.000000 | e:   0.100000 | Q: 144.574600 | won: False 
#   31 | steps:   271 | steps_t: 3271349 | t: 1.122823 | r:  -484.000000 | e:   0.100000 | Q: 144.574600 | won: False 
#   32 | steps:   278 | steps_t: 3271349 | t: 1.154028 | r:  -495.000000 | e:   0.100000 | Q:  73.544701 | won: False 
#   33 | steps:   285 | steps_t: 3271349 | t: 1.185269 | r:  -484.000000 | e:   0.100000 | Q: 144.574600 | won: False 
#   34 | steps:   292 | steps_t: 3271349 | t: 1.216505 | r:  -484.000000 | e:   0.100000 | Q: 144.574600 | won: False 
#   35 | steps:   299 | steps_t: 3271349 | t: 1.247762 | r:  -484.000000 | e:   0.100000 | Q: 144.574600 | won: False 
#   36 | steps:   306 | steps_t: 3271349 | t: 1.298107 | r:  -484.000000 | e:   0.100000 | Q: 144.574600 | won: False 
#   37 | steps:   313 | steps_t: 3271349 | t: 1.337897 | r:  -484.000000 | e:   0.100000 | Q: 144.574600 | won: False 
#   38 | steps:   320 | steps_t: 3271349 | t: 1.369159 | r:  -484.000000 | e:   0.100000 | Q: 144.574600 | won: False 
#   39 | steps:   327 | steps_t: 3271349 | t: 1.400409 | r:  -484.000000 | e:   0.100000 | Q: 144.574600 | won: False 
#   40 | steps:   339 | steps_t: 3271349 | t: 1.462955 | r:  -434.000000 | e:   0.100000 | Q: 144.574600 | won: False 
#   41 | steps:   346 | steps_t: 3271349 | t: 1.494161 | r:  -484.000000 | e:   0.100000 | Q: 144.574600 | won: False 
#   42 | steps:   353 | steps_t: 3271349 | t: 1.525393 | r:  -484.000000 | e:   0.100000 | Q: 144.574600 | won: False 
#   43 | steps:   360 | steps_t: 3271349 | t: 1.556705 | r:  -484.000000 | e:   0.100000 | Q: 144.574600 | won: False 
#   44 | steps:   367 | steps_t: 3271349 | t: 1.587930 | r:  -484.000000 | e:   0.100000 | Q: 144.574600 | won: False 
#   45 | steps:   374 | steps_t: 3271349 | t: 1.619196 | r:  -495.000000 | e:   0.100000 | Q: 128.869629 | won: False 
#   46 | steps:   381 | steps_t: 3271349 | t: 1.650447 | r:  -484.000000 | e:   0.100000 | Q: 144.574600 | won: False 
#   47 | steps:   388 | steps_t: 3271349 | t: 1.697286 | r:  -484.000000 | e:   0.100000 | Q: 144.574600 | won: False 
#   48 | steps:   404 | steps_t: 3271349 | t: 1.759763 | r:  -427.000000 | e:   0.100000 | Q: 147.274628 | won: False 
#   49 | steps:   411 | steps_t: 3271349 | t: 1.791069 | r:  -484.000000 | e:   0.100000 | Q: 144.574600 | won: False 
#   50 | steps:   418 | steps_t: 3271349 | t: 1.822312 | r:  -484.000000 | e:   0.100000 | Q: 144.574600 | won: False 
#   51 | steps:   425 | steps_t: 3271349 | t: 1.853546 | r:  -484.000000 | e:   0.100000 | Q: 144.574600 | won: False 
#   52 | steps:   432 | steps_t: 3271349 | t: 1.884783 | r:  -484.000000 | e:   0.100000 | Q: 144.574600 | won: False 
#   53 | steps:   439 | steps_t: 3271349 | t: 1.916035 | r:  -484.000000 | e:   0.100000 | Q: 144.574600 | won: False 
#   54 | steps:   446 | steps_t: 3271349 | t: 1.947320 | r:  -484.000000 | e:   0.100000 | Q: 144.574600 | won: False 
#   55 | steps:   457 | steps_t: 3271349 | t: 2.009795 | r:  -499.000000 | e:   0.100000 | Q: 237.227280 | won: False 
#   56 | steps:   464 | steps_t: 3271349 | t: 2.041144 | r:  -484.000000 | e:   0.100000 | Q: 144.574600 | won: False 
#   57 | steps:   471 | steps_t: 3271349 | t: 2.072490 | r:  -484.000000 | e:   0.100000 | Q: 144.574600 | won: False 
#   58 | steps:   478 | steps_t: 3271349 | t: 2.103775 | r:  -484.000000 | e:   0.100000 | Q: 144.574600 | won: False 
#   59 | steps:   485 | steps_t: 3271349 | t: 2.134956 | r:  -473.000000 | e:   0.100000 | Q: 146.718842 | won: False 
#   60 | steps:   492 | steps_t: 3271349 | t: 2.166189 | r:  -484.000000 | e:   0.100000 | Q: 144.574600 | won: False 
#   61 | steps:   499 | steps_t: 3271349 | t: 2.213068 | r:  -484.000000 | e:   0.100000 | Q: 144.574600 | won: False 
#   62 | steps:   506 | steps_t: 3271349 | t: 2.244310 | r:  -484.000000 | e:   0.100000 | Q: 144.574600 | won: False 
#   63 | steps:   520 | steps_t: 3271349 | t: 2.319004 | r:  -436.000000 | e:   0.100000 | Q: 168.492416 | won: False 
#   64 | steps:   527 | steps_t: 3271349 | t: 2.350269 | r:  -484.000000 | e:   0.100000 | Q: 144.574600 | won: False 
#   65 | steps:   534 | steps_t: 3271349 | t: 2.381521 | r:  -484.000000 | e:   0.100000 | Q: 144.574600 | won: False 
#   66 | steps:   545 | steps_t: 3271349 | t: 2.428428 | r:  -466.000000 | e:   0.100000 | Q: 116.659660 | won: False 
#   67 | steps:   552 | steps_t: 3271349 | t: 2.459683 | r:  -484.000000 | e:   0.100000 | Q: 144.574600 | won: False 
#   68 | steps:   559 | steps_t: 3271349 | t: 2.490935 | r:  -484.000000 | e:   0.100000 | Q: 144.574600 | won: False 
#   69 | steps:   566 | steps_t: 3271349 | t: 2.522171 | r:  -484.000000 | e:   0.100000 | Q: 144.574600 | won: False 
#   70 | steps:   580 | steps_t: 3271349 | t: 2.600309 | r:  -436.000000 | e:   0.100000 | Q: 168.492416 | won: False 
#   71 | steps:   587 | steps_t: 3271349 | t: 2.631520 | r:  -484.000000 | e:   0.100000 | Q: 144.574600 | won: False 
#   72 | steps:   594 | steps_t: 3271349 | t: 2.662806 | r:  -484.000000 | e:   0.100000 | Q: 144.574600 | won: False 
#   73 | steps:   601 | steps_t: 3271349 | t: 2.694057 | r:  -484.000000 | e:   0.100000 | Q: 144.574600 | won: False 
#   74 | steps:   608 | steps_t: 3271349 | t: 2.725273 | r:  -484.000000 | e:   0.100000 | Q: 144.574600 | won: False 
#   75 | steps:   615 | steps_t: 3271349 | t: 2.756500 | r:  -484.000000 | e:   0.100000 | Q: 128.869629 | won: False 
#   76 | steps:   622 | steps_t: 3271349 | t: 2.787824 | r:  -484.000000 | e:   0.100000 | Q: 144.574600 | won: False 
#   77 | steps:   629 | steps_t: 3271349 | t: 2.819021 | r:  -484.000000 | e:   0.100000 | Q: 144.574600 | won: False 
#   78 | steps:   636 | steps_t: 3271349 | t: 2.850271 | r:  -484.000000 | e:   0.100000 | Q: 144.574600 | won: False 
#   79 | steps:   643 | steps_t: 3271349 | t: 2.881523 | r:  -484.000000 | e:   0.100000 | Q: 144.574600 | won: False 
#   80 | steps:   650 | steps_t: 3271349 | t: 2.912773 | r:  -484.000000 | e:   0.100000 | Q: 144.574600 | won: False 
#   81 | steps:   657 | steps_t: 3271349 | t: 2.944022 | r:  -484.000000 | e:   0.100000 | Q: 144.574600 | won: False 
#   82 | steps:   664 | steps_t: 3271349 | t: 2.975273 | r:  -484.000000 | e:   0.100000 | Q: 144.574600 | won: False 
#   83 | steps:   671 | steps_t: 3271349 | t: 3.006524 | r:  -484.000000 | e:   0.100000 | Q: 144.574600 | won: False 
#   84 | steps:   678 | steps_t: 3271349 | t: 3.037842 | r:  -484.000000 | e:   0.100000 | Q: 144.574600 | won: False 
#   85 | steps:   685 | steps_t: 3271349 | t: 3.084629 | r:  -484.000000 | e:   0.100000 | Q: 144.574600 | won: False 
#   86 | steps:   692 | steps_t: 3271349 | t: 3.115896 | r:  -484.000000 | e:   0.100000 | Q: 144.574600 | won: False 
#   87 | steps:   699 | steps_t: 3271349 | t: 3.147187 | r:  -484.000000 | e:   0.100000 | Q: 128.869629 | won: False 
#   88 | steps:   706 | steps_t: 3271349 | t: 3.178396 | r:  -484.000000 | e:   0.100000 | Q: 144.574600 | won: False 
#   89 | steps:   713 | steps_t: 3271349 | t: 3.209646 | r:  -484.000000 | e:   0.100000 | Q: 144.574600 | won: False 
#   90 | steps:   720 | steps_t: 3271349 | t: 3.241945 | r:  -484.000000 | e:   0.100000 | Q: 144.574600 | won: False 
#   91 | steps:   727 | steps_t: 3271349 | t: 3.275366 | r:  -484.000000 | e:   0.100000 | Q: 144.574600 | won: False 
#   92 | steps:   732 | steps_t: 3271349 | t: 3.292034 | r:  -471.000000 | e:   0.100000 | Q: 128.869629 | won: False 
#   93 | steps:   742 | steps_t: 3271349 | t: 3.335684 | r:  -454.000000 | e:   0.100000 | Q: 144.574600 | won: False 
#   94 | steps:   749 | steps_t: 3271349 | t: 3.366958 | r:  -495.000000 | e:   0.100000 | Q: 128.869629 | won: False 
#   95 | steps:   754 | steps_t: 3271349 | t: 3.398505 | r:  -471.000000 | e:   0.100000 | Q: 128.869629 | won: False 
#   96 | steps:   765 | steps_t: 3271349 | t: 3.445446 | r:  -499.000000 | e:   0.100000 | Q: 237.227280 | won: False 
#   97 | steps:   772 | steps_t: 3271349 | t: 3.476694 | r:  -484.000000 | e:   0.100000 | Q: 144.574600 | won: False 
#   98 | steps:   779 | steps_t: 3271349 | t: 3.507982 | r:  -484.000000 | e:   0.100000 | Q: 144.574600 | won: False 
#   99 | steps:   786 | steps_t: 3271349 | t: 3.554828 | r:  -484.000000 | e:   0.100000 | Q: 144.574600 | won: False 
#  100 | steps:   793 | steps_t: 3271349 | t: 3.586104 | r:  -484.000000 | e:   0.100000 | Q: 144.574600 | won: False 
