#    1 | steps:    12 | steps_t:     0 | t: 0.015003 | r:  -489.000000 | e:   1.000000 | Q:        nan | won: False 
#    2 | steps:    25 | steps_t:     0 | t: 0.024005 | r:  -479.000000 | e:   1.000000 | Q:        nan | won: False 
#    3 | steps:    34 | steps_t:     0 | t: 0.031007 | r:  -486.000000 | e:   1.000000 | Q:        nan | won: False 
#    4 | steps:    46 | steps_t:     0 | t: 0.039008 | r:  -500.000000 | e:   1.000000 | Q:        nan | won: False 
#    5 | steps:    56 | steps_t:     0 | t: 0.046010 | r:  -454.000000 | e:   1.000000 | Q:        nan | won: False 
#    6 | steps:    70 | steps_t:     0 | t: 0.056012 | r:  -502.000000 | e:   1.000000 | Q:        nan | won: False 
#    7 | steps:    83 | steps_t:     0 | t: 0.064014 | r:  -479.000000 | e:   1.000000 | Q:        nan | won: False 
#    8 | steps:    93 | steps_t:     0 | t: 0.072016 | r:  -476.000000 | e:   1.000000 | Q:        nan | won: False 
#    9 | steps:   107 | steps_t:     0 | t: 0.081019 | r:  -502.000000 | e:   1.000000 | Q:        nan | won: False 
#   10 | steps:   120 | steps_t:     0 | t: 0.090020 | r:  -490.000000 | e:   1.000000 | Q:        nan | won: False 
#   11 | steps:   131 | steps_t:     0 | t: 0.097022 | r:  -488.000000 | e:   1.000000 | Q:        nan | won: False 
#   12 | steps:   142 | steps_t:     0 | t: 0.106023 | r:  -477.000000 | e:   1.000000 | Q:        nan | won: False 
#   13 | steps:   154 | steps_t:     0 | t: 0.114025 | r:  -478.000000 | e:   1.000000 | Q:        nan | won: False 
#   14 | steps:   166 | steps_t:     0 | t: 0.122027 | r:  -489.000000 | e:   1.000000 | Q:        nan | won: False 
#   15 | steps:   174 | steps_t:     0 | t: 0.127029 | r:  -463.000000 | e:   1.000000 | Q:        nan | won: False 
#   16 | steps:   182 | steps_t:     0 | t: 0.133030 | r:  -441.000000 | e:   1.000000 | Q:        nan | won: False 
#   17 | steps:   191 | steps_t:     0 | t: 0.139031 | r:  -464.000000 | e:   1.000000 | Q:        nan | won: False 
#   18 | steps:   203 | steps_t:     0 | t: 0.147033 | r:  -500.000000 | e:   1.000000 | Q:        nan | won: False 
#   19 | steps:   218 | steps_t:     0 | t: 0.157035 | r:  -492.000000 | e:   1.000000 | Q:        nan | won: False 
#   20 | steps:   232 | steps_t:     0 | t: 0.167038 | r:  -491.000000 | e:   1.000000 | Q:        nan | won: False 
#   21 | steps:   247 | steps_t:     0 | t: 0.177039 | r:  -492.000000 | e:   1.000000 | Q:        nan | won: False 
#   22 | steps:   263 | steps_t:     0 | t: 0.188042 | r:  -449.000000 | e:   1.000000 | Q:        nan | won: False 
#   23 | steps:   273 | steps_t:     0 | t: 0.195044 | r:  -454.000000 | e:   1.000000 | Q:        nan | won: False 
#   24 | steps:   288 | steps_t:     0 | t: 0.205046 | r:  -492.000000 | e:   1.000000 | Q:        nan | won: False 
#   25 | steps:   300 | steps_t:     0 | t: 0.213048 | r:  -489.000000 | e:   1.000000 | Q:        nan | won: False 
#   26 | steps:   311 | steps_t:     0 | t: 0.221050 | r:  -488.000000 | e:   1.000000 | Q:        nan | won: False 
#   27 | steps:   323 | steps_t:     0 | t: 0.229052 | r:  -489.000000 | e:   1.000000 | Q:        nan | won: False 
#   28 | steps:   341 | steps_t:     0 | t: 0.240053 | r:  -484.000000 | e:   1.000000 | Q:        nan | won: False 
#   29 | steps:   351 | steps_t:     0 | t: 0.247055 | r:  -498.000000 | e:   1.000000 | Q:        nan | won: False 
#   30 | steps:   359 | steps_t:     0 | t: 0.253057 | r:  -441.000000 | e:   1.000000 | Q:        nan | won: False 
#   31 | steps:   371 | steps_t:     0 | t: 0.261059 | r:  -489.000000 | e:   1.000000 | Q:        nan | won: False 
#   32 | steps:   387 | steps_t:     0 | t: 0.271061 | r:  -482.000000 | e:   1.000000 | Q:        nan | won: False 
#   33 | steps:   399 | steps_t:     0 | t: 0.279063 | r:  -489.000000 | e:   1.000000 | Q:        nan | won: False 
#   34 | steps:   412 | steps_t:     0 | t: 0.288065 | r:  -457.000000 | e:   1.000000 | Q:        nan | won: False 
#   35 | steps:   428 | steps_t:     0 | t: 0.299067 | r:  -471.000000 | e:   1.000000 | Q:        nan | won: False 
#   36 | steps:   439 | steps_t:     0 | t: 0.307069 | r:  -499.000000 | e:   1.000000 | Q:        nan | won: False 
#   37 | steps:   448 | steps_t:     0 | t: 0.313070 | r:  -475.000000 | e:   1.000000 | Q:        nan | won: False 
#   38 | steps:   462 | steps_t:     0 | t: 0.323072 | r:  -491.000000 | e:   1.000000 | Q:        nan | won: False 
#   39 | steps:   481 | steps_t:     0 | t: 0.336076 | r:  -485.000000 | e:   1.000000 | Q:        nan | won: False 
#   40 | steps:   493 | steps_t:     0 | t: 0.344077 | r:  -489.000000 | e:   1.000000 | Q:        nan | won: False 
#   41 | steps:   503 | steps_t:     0 | t: 0.351079 | r:  -476.000000 | e:   1.000000 | Q:        nan | won: False 
#   42 | steps:   516 | steps_t:     0 | t: 0.360081 | r:  -479.000000 | e:   1.000000 | Q:        nan | won: False 
#   43 | steps:   529 | steps_t:     0 | t: 0.369083 | r:  -479.000000 | e:   1.000000 | Q:        nan | won: False 
#   44 | steps:   542 | steps_t:     0 | t: 0.378085 | r:  -490.000000 | e:   1.000000 | Q:        nan | won: False 
#   45 | steps:   553 | steps_t:     0 | t: 0.385087 | r:  -488.000000 | e:   1.000000 | Q:        nan | won: False 
#   46 | steps:   562 | steps_t:     0 | t: 0.391089 | r:  -486.000000 | e:   1.000000 | Q:        nan | won: False 
#   47 | steps:   572 | steps_t:     0 | t: 0.398089 | r:  -465.000000 | e:   1.000000 | Q:        nan | won: False 
#   48 | steps:   583 | steps_t:     0 | t: 0.405091 | r:  -488.000000 | e:   1.000000 | Q:        nan | won: False 
#   49 | steps:   598 | steps_t:     0 | t: 0.415094 | r:  -459.000000 | e:   1.000000 | Q:        nan | won: False 
#   50 | steps:   610 | steps_t:     0 | t: 0.424095 | r:  -489.000000 | e:   1.000000 | Q:        nan | won: False 
#   51 | steps:   626 | steps_t:     0 | t: 0.434099 | r:  -471.000000 | e:   1.000000 | Q:        nan | won: False 
#   52 | steps:   636 | steps_t:     0 | t: 0.441099 | r:  -487.000000 | e:   1.000000 | Q:        nan | won: False 
#   53 | steps:   646 | steps_t:     0 | t: 0.448101 | r:  -465.000000 | e:   1.000000 | Q:        nan | won: False 
#   54 | steps:   659 | steps_t:     0 | t: 0.457103 | r:  -479.000000 | e:   1.000000 | Q:        nan | won: False 
#   55 | steps:   672 | steps_t:     0 | t: 0.465105 | r:  -446.000000 | e:   1.000000 | Q:        nan | won: False 
#   56 | steps:   685 | steps_t:     0 | t: 0.474107 | r:  -490.000000 | e:   1.000000 | Q:        nan | won: False 
#   57 | steps:   702 | steps_t:     0 | t: 0.486110 | r:  -395.000000 | e:   1.000000 | Q:        nan | won: False 
#   58 | steps:   711 | steps_t:     0 | t: 0.492111 | r:  -442.000000 | e:   1.000000 | Q:        nan | won: False 
#   59 | steps:   740 | steps_t:     0 | t: 0.512115 | r:  -451.000000 | e:   1.000000 | Q:        nan | won: False 
#   60 | steps:   749 | steps_t:     0 | t: 0.518117 | r:  -464.000000 | e:   1.000000 | Q:        nan | won: False 
#   61 | steps:   759 | steps_t:     0 | t: 0.525118 | r:  -432.000000 | e:   1.000000 | Q:        nan | won: False 
#   62 | steps:   771 | steps_t:     0 | t: 0.533120 | r:  -478.000000 | e:   1.000000 | Q:        nan | won: False 
#   63 | steps:   784 | steps_t:     0 | t: 0.542122 | r:  -479.000000 | e:   1.000000 | Q:        nan | won: False 
#   64 | steps:   804 | steps_t:     0 | t: 0.555125 | r:  -464.000000 | e:   1.000000 | Q:        nan | won: False 
#   65 | steps:   817 | steps_t:     0 | t: 0.564128 | r:  -468.000000 | e:   1.000000 | Q:        nan | won: False 
#   66 | steps:   831 | steps_t:     0 | t: 0.574129 | r:  -491.000000 | e:   1.000000 | Q:        nan | won: False 
#   67 | steps:   845 | steps_t:     0 | t: 0.584132 | r:  -458.000000 | e:   1.000000 | Q:        nan | won: False 
#   68 | steps:   858 | steps_t:     0 | t: 0.593133 | r:  -501.000000 | e:   1.000000 | Q:        nan | won: False 
#   69 | steps:   875 | steps_t:     0 | t: 0.604137 | r:  -439.000000 | e:   1.000000 | Q:        nan | won: False 
#   70 | steps:   890 | steps_t:     0 | t: 0.615139 | r:  -492.000000 | e:   1.000000 | Q:        nan | won: False 
#   71 | steps:   903 | steps_t:     0 | t: 0.623141 | r:  -501.000000 | e:   1.000000 | Q:        nan | won: False 
#   72 | steps:   928 | steps_t:     0 | t: 0.641145 | r:  -491.000000 | e:   1.000000 | Q:        nan | won: False 
#   73 | steps:   942 | steps_t:     0 | t: 0.650146 | r:  -458.000000 | e:   1.000000 | Q:        nan | won: False 
#   74 | steps:   953 | steps_t:     0 | t: 0.713161 | r:  -499.000000 | e:   1.000000 | Q:        nan | won: False 
#   75 | steps:   963 | steps_t:     0 | t: 0.721164 | r:  -476.000000 | e:   1.000000 | Q:        nan | won: False 
#   76 | steps:   977 | steps_t:     0 | t: 0.730165 | r:  -469.000000 | e:   1.000000 | Q:        nan | won: False 
#   77 | steps:   988 | steps_t:     0 | t: 0.738167 | r:  -488.000000 | e:   1.000000 | Q:        nan | won: False 
#   78 | steps:   998 | steps_t:     0 | t: 0.745168 | r:  -476.000000 | e:   1.000000 | Q:        nan | won: False 
#   79 | steps:  1017 | steps_t:     0 | t: 0.758171 | r:  -452.000000 | e:   1.000000 | Q:        nan | won: False 
#   80 | steps:  1028 | steps_t:     0 | t: 0.766173 | r:  -477.000000 | e:   1.000000 | Q:        nan | won: False 
#   81 | steps:  1039 | steps_t:     0 | t: 0.774174 | r:  -488.000000 | e:   1.000000 | Q:        nan | won: False 
#   82 | steps:  1053 | steps_t:     0 | t: 0.783177 | r:  -491.000000 | e:   1.000000 | Q:        nan | won: False 
#   83 | steps:  1064 | steps_t:     0 | t: 0.791178 | r:  -499.000000 | e:   1.000000 | Q:        nan | won: False 
#   84 | steps:  1078 | steps_t:     0 | t: 0.801180 | r:  -491.000000 | e:   1.000000 | Q:        nan | won: False 
#   85 | steps:  1089 | steps_t:     0 | t: 0.809182 | r:  -444.000000 | e:   1.000000 | Q:        nan | won: False 
#   86 | steps:  1122 | steps_t:     0 | t: 0.831188 | r:  -488.000000 | e:   1.000000 | Q:        nan | won: False 
#   87 | steps:  1136 | steps_t:     0 | t: 0.841190 | r:  -447.000000 | e:   1.000000 | Q:        nan | won: False 
#   88 | steps:  1149 | steps_t:     0 | t: 0.850192 | r:  -501.000000 | e:   1.000000 | Q:        nan | won: False 
#   89 | steps:  1168 | steps_t:     0 | t: 0.863195 | r:  -474.000000 | e:   1.000000 | Q:        nan | won: False 
#   90 | steps:  1180 | steps_t:     0 | t: 0.872197 | r:  -500.000000 | e:   1.000000 | Q:        nan | won: False 
#   91 | steps:  1192 | steps_t:     0 | t: 0.880199 | r:  -500.000000 | e:   1.000000 | Q:        nan | won: False 
#   92 | steps:  1202 | steps_t:     0 | t: 0.887200 | r:  -465.000000 | e:   1.000000 | Q:        nan | won: False 
#   93 | steps:  1220 | steps_t:     0 | t: 0.899203 | r:  -495.000000 | e:   1.000000 | Q:        nan | won: False 
#   94 | steps:  1230 | steps_t:     0 | t: 0.906205 | r:  -443.000000 | e:   1.000000 | Q:        nan | won: False 
#   95 | steps:  1243 | steps_t:     0 | t: 0.915208 | r:  -490.000000 | e:   1.000000 | Q:        nan | won: False 
#   96 | steps:  1253 | steps_t:     0 | t: 0.922208 | r:  -487.000000 | e:   1.000000 | Q:        nan | won: False 
#   97 | steps:  1264 | steps_t:     0 | t: 0.930211 | r:  -488.000000 | e:   1.000000 | Q:        nan | won: False 
#   98 | steps:  1273 | steps_t:     0 | t: 0.936212 | r:  -475.000000 | e:   1.000000 | Q:        nan | won: False 
#   99 | steps:  1282 | steps_t:     0 | t: 0.942213 | r:  -464.000000 | e:   1.000000 | Q:        nan | won: False 
#  100 | steps:  1295 | steps_t:     0 | t: 0.951215 | r:  -468.000000 | e:   1.000000 | Q:        nan | won: False 
#  101 | steps:  1303 | steps_t:     0 | t: 0.957217 | r:  -452.000000 | e:   1.000000 | Q:        nan | won: False 
#  102 | steps:  1313 | steps_t:     0 | t: 0.963218 | r:  -465.000000 | e:   1.000000 | Q:        nan | won: False 
#  103 | steps:  1325 | steps_t:     0 | t: 0.971220 | r:  -489.000000 | e:   1.000000 | Q:        nan | won: False 
#  104 | steps:  1337 | steps_t:     0 | t: 0.979222 | r:  -489.000000 | e:   1.000000 | Q:        nan | won: False 
#  105 | steps:  1357 | steps_t:     0 | t: 0.993225 | r:  -486.000000 | e:   1.000000 | Q:        nan | won: False 
#  106 | steps:  1372 | steps_t:     0 | t: 1.004227 | r:  -481.000000 | e:   1.000000 | Q:        nan | won: False 
#  107 | steps:  1387 | steps_t:     0 | t: 1.014229 | r:  -470.000000 | e:   1.000000 | Q:        nan | won: False 
#  108 | steps:  1400 | steps_t:     0 | t: 1.023232 | r:  -446.000000 | e:   1.000000 | Q:        nan | won: False 
#  109 | steps:  1415 | steps_t:     0 | t: 1.033234 | r:  -470.000000 | e:   1.000000 | Q:        nan | won: False 
#  110 | steps:  1431 | steps_t:     0 | t: 1.044236 | r:  -493.000000 | e:   1.000000 | Q:        nan | won: False 
#  111 | steps:  1443 | steps_t:     0 | t: 1.052238 | r:  -489.000000 | e:   1.000000 | Q:        nan | won: False 
#  112 | steps:  1451 | steps_t:     0 | t: 1.058240 | r:  -452.000000 | e:   1.000000 | Q:        nan | won: False 
#  113 | steps:  1463 | steps_t:     0 | t: 1.067241 | r:  -500.000000 | e:   1.000000 | Q:        nan | won: False 
#  114 | steps:  1477 | steps_t:     0 | t: 1.076243 | r:  -502.000000 | e:   1.000000 | Q:        nan | won: False 
#  115 | steps:  1489 | steps_t:     0 | t: 1.084245 | r:  -500.000000 | e:   1.000000 | Q:        nan | won: False 
#  116 | steps:  1499 | steps_t:     0 | t: 1.091247 | r:  -487.000000 | e:   1.000000 | Q:        nan | won: False 
#  117 | steps:  1507 | steps_t:     0 | t: 1.096249 | r:  -463.000000 | e:   1.000000 | Q:        nan | won: False 
#  118 | steps:  1518 | steps_t:     0 | t: 1.104249 | r:  -488.000000 | e:   1.000000 | Q:        nan | won: False 
#  119 | steps:  1531 | steps_t:     0 | t: 1.113252 | r:  -490.000000 | e:   1.000000 | Q:        nan | won: False 
#  120 | steps:  1547 | steps_t:     0 | t: 1.123254 | r:  -504.000000 | e:   1.000000 | Q:        nan | won: False 
#  121 | steps:  1557 | steps_t:     0 | t: 1.130256 | r:  -465.000000 | e:   1.000000 | Q:        nan | won: False 
#  122 | steps:  1570 | steps_t:     0 | t: 1.139258 | r:  -479.000000 | e:   1.000000 | Q:        nan | won: False 
#  123 | steps:  1583 | steps_t:     0 | t: 1.147260 | r:  -490.000000 | e:   1.000000 | Q:        nan | won: False 
#  124 | steps:  1599 | steps_t:     0 | t: 1.158262 | r:  -493.000000 | e:   1.000000 | Q:        nan | won: False 
#  125 | steps:  1612 | steps_t:     0 | t: 1.167264 | r:  -490.000000 | e:   1.000000 | Q:        nan | won: False 
#  126 | steps:  1624 | steps_t:     0 | t: 1.175266 | r:  -478.000000 | e:   1.000000 | Q:        nan | won: False 
#  127 | steps:  1637 | steps_t:     0 | t: 1.184268 | r:  -501.000000 | e:   1.000000 | Q:        nan | won: False 
#  128 | steps:  1654 | steps_t:     0 | t: 1.195270 | r:  -450.000000 | e:   1.000000 | Q:        nan | won: False 
#  129 | steps:  1671 | steps_t:     0 | t: 1.207273 | r:  -439.000000 | e:   1.000000 | Q:        nan | won: False 
#  130 | steps:  1680 | steps_t:     0 | t: 1.213274 | r:  -475.000000 | e:   1.000000 | Q:        nan | won: False 
#  131 | steps:  1692 | steps_t:     0 | t: 1.222276 | r:  -500.000000 | e:   1.000000 | Q:        nan | won: False 
#  132 | steps:  1723 | steps_t:     0 | t: 1.243281 | r:  -486.000000 | e:   1.000000 | Q:        nan | won: False 
#  133 | steps:  1738 | steps_t:     0 | t: 1.254284 | r:  -481.000000 | e:   1.000000 | Q:        nan | won: False 
#  134 | steps:  1753 | steps_t:     0 | t: 1.264285 | r:  -481.000000 | e:   1.000000 | Q:        nan | won: False 
#  135 | steps:  1764 | steps_t:     0 | t: 1.272287 | r:  -488.000000 | e:   1.000000 | Q:        nan | won: False 
#  136 | steps:  1777 | steps_t:     0 | t: 1.281290 | r:  -479.000000 | e:   1.000000 | Q:        nan | won: False 
#  137 | steps:  1787 | steps_t:     0 | t: 1.288291 | r:  -487.000000 | e:   1.000000 | Q:        nan | won: False 
#  138 | steps:  1800 | steps_t:     0 | t: 1.297294 | r:  -490.000000 | e:   1.000000 | Q:        nan | won: False 
#  139 | steps:  1815 | steps_t:     0 | t: 1.307296 | r:  -448.000000 | e:   1.000000 | Q:        nan | won: False 
#  140 | steps:  1830 | steps_t:     0 | t: 1.317299 | r:  -459.000000 | e:   1.000000 | Q:        nan | won: False 
#  141 | steps:  1845 | steps_t:     0 | t: 1.328300 | r:  -492.000000 | e:   1.000000 | Q:        nan | won: False 
#  142 | steps:  1855 | steps_t:     0 | t: 1.334302 | r:  -476.000000 | e:   1.000000 | Q:        nan | won: False 
#  143 | steps:  1867 | steps_t:     0 | t: 1.342303 | r:  -478.000000 | e:   1.000000 | Q:        nan | won: False 
#  144 | steps:  1878 | steps_t:     0 | t: 1.350305 | r:  -488.000000 | e:   1.000000 | Q:        nan | won: False 
#  145 | steps:  1892 | steps_t:     0 | t: 1.360307 | r:  -480.000000 | e:   1.000000 | Q:        nan | won: False 
#  146 | steps:  1905 | steps_t:     0 | t: 1.369310 | r:  -479.000000 | e:   1.000000 | Q:        nan | won: False 
#  147 | steps:  1921 | steps_t:     0 | t: 1.380313 | r:  -471.000000 | e:   1.000000 | Q:        nan | won: False 
#  148 | steps:  1934 | steps_t:     0 | t: 1.389314 | r:  -490.000000 | e:   1.000000 | Q:        nan | won: False 
#  149 | steps:  1947 | steps_t:     0 | t: 1.398316 | r:  -490.000000 | e:   1.000000 | Q:        nan | won: False 
#  150 | steps:  1959 | steps_t:     0 | t: 1.406318 | r:  -423.000000 | e:   1.000000 | Q:        nan | won: False 
#  151 | steps:  1970 | steps_t:     0 | t: 1.413319 | r:  -466.000000 | e:   1.000000 | Q:        nan | won: False 
#  152 | steps:  1982 | steps_t:     0 | t: 1.422322 | r:  -489.000000 | e:   1.000000 | Q:        nan | won: False 
#  153 | steps:  2000 | steps_t:     0 | t: 1.434325 | r:  -495.000000 | e:   1.000000 | Q:        nan | won: False 
#  154 | steps:  2012 | steps_t:     0 | t: 1.442326 | r:  -478.000000 | e:   1.000000 | Q:        nan | won: False 
#  155 | steps:  2026 | steps_t:     0 | t: 1.452328 | r:  -491.000000 | e:   1.000000 | Q:        nan | won: False 
#  156 | steps:  2037 | steps_t:     0 | t: 1.459330 | r:  -466.000000 | e:   1.000000 | Q:        nan | won: False 
#  157 | steps:  2048 | steps_t:     0 | t: 1.467332 | r:  -433.000000 | e:   1.000000 | Q:        nan | won: False 
#  158 | steps:  2063 | steps_t:     0 | t: 1.478334 | r:  -481.000000 | e:   1.000000 | Q:        nan | won: False 
#  159 | steps:  2078 | steps_t:     0 | t: 1.488338 | r:  -470.000000 | e:   1.000000 | Q:        nan | won: False 
#  160 | steps:  2092 | steps_t:     0 | t: 1.498339 | r:  -502.000000 | e:   1.000000 | Q:        nan | won: False 
#  161 | steps:  2105 | steps_t:     0 | t: 1.506341 | r:  -479.000000 | e:   1.000000 | Q:        nan | won: False 
#  162 | steps:  2135 | steps_t:     0 | t: 1.527346 | r:  -430.000000 | e:   1.000000 | Q:        nan | won: False 
#  163 | steps:  2145 | steps_t:     0 | t: 1.534347 | r:  -476.000000 | e:   1.000000 | Q:        nan | won: False 
#  164 | steps:  2159 | steps_t:     0 | t: 1.543349 | r:  -469.000000 | e:   1.000000 | Q:        nan | won: False 
#  165 | steps:  2171 | steps_t:     0 | t: 1.552351 | r:  -489.000000 | e:   1.000000 | Q:        nan | won: False 
#  166 | steps:  2180 | steps_t:     0 | t: 1.557353 | r:  -475.000000 | e:   1.000000 | Q:        nan | won: False 
#  167 | steps:  2192 | steps_t:     0 | t: 1.565354 | r:  -478.000000 | e:   1.000000 | Q:        nan | won: False 
#  168 | steps:  2204 | steps_t:     0 | t: 1.574357 | r:  -478.000000 | e:   1.000000 | Q:        nan | won: False 
#  169 | steps:  2218 | steps_t:     0 | t: 1.584358 | r:  -480.000000 | e:   1.000000 | Q:        nan | won: False 
#  170 | steps:  2229 | steps_t:     0 | t: 1.592360 | r:  -488.000000 | e:   1.000000 | Q:        nan | won: False 
#  171 | steps:  2238 | steps_t:     0 | t: 1.598361 | r:  -486.000000 | e:   1.000000 | Q:        nan | won: False 
#  172 | steps:  2250 | steps_t:     0 | t: 1.606364 | r:  -489.000000 | e:   1.000000 | Q:        nan | won: False 
#  173 | steps:  2268 | steps_t:     0 | t: 1.618366 | r:  -484.000000 | e:   1.000000 | Q:        nan | won: False 
#  174 | steps:  2280 | steps_t:     0 | t: 1.626368 | r:  -467.000000 | e:   1.000000 | Q:        nan | won: False 
#  175 | steps:  2292 | steps_t:     0 | t: 1.635370 | r:  -478.000000 | e:   1.000000 | Q:        nan | won: False 
#  176 | steps:  2302 | steps_t:     0 | t: 1.642372 | r:  -476.000000 | e:   1.000000 | Q:        nan | won: False 
#  177 | steps:  2315 | steps_t:     0 | t: 1.651374 | r:  -490.000000 | e:   1.000000 | Q:        nan | won: False 
#  178 | steps:  2332 | steps_t:     0 | t: 1.662376 | r:  -450.000000 | e:   1.000000 | Q:        nan | won: False 
#  179 | steps:  2345 | steps_t:     0 | t: 1.671378 | r:  -468.000000 | e:   1.000000 | Q:        nan | won: False 
#  180 | steps:  2360 | steps_t:     0 | t: 1.682380 | r:  -481.000000 | e:   1.000000 | Q:        nan | won: False 
#  181 | steps:  2375 | steps_t:     0 | t: 1.692383 | r:  -503.000000 | e:   1.000000 | Q:        nan | won: False 
#  182 | steps:  2386 | steps_t:     0 | t: 1.699385 | r:  -488.000000 | e:   1.000000 | Q:        nan | won: False 
#  183 | steps:  2399 | steps_t:     0 | t: 1.708386 | r:  -479.000000 | e:   1.000000 | Q:        nan | won: False 
#  184 | steps:  2412 | steps_t:     0 | t: 1.717389 | r:  -490.000000 | e:   1.000000 | Q:        nan | won: False 
#  185 | steps:  2424 | steps_t:     0 | t: 1.726391 | r:  -445.000000 | e:   1.000000 | Q:        nan | won: False 
#  186 | steps:  2448 | steps_t:     0 | t: 1.742394 | r:  -490.000000 | e:   1.000000 | Q:        nan | won: False 
#  187 | steps:  2459 | steps_t:     0 | t: 1.750396 | r:  -466.000000 | e:   1.000000 | Q:        nan | won: False 
#  188 | steps:  2474 | steps_t:     0 | t: 1.761399 | r:  -459.000000 | e:   1.000000 | Q:        nan | won: False 
#  189 | steps:  2485 | steps_t:     0 | t: 1.768400 | r:  -488.000000 | e:   1.000000 | Q:        nan | won: False 
#  190 | steps:  2498 | steps_t:     0 | t: 1.777402 | r:  -479.000000 | e:   1.000000 | Q:        nan | won: False 
#  191 | steps:  2510 | steps_t:     0 | t: 1.785404 | r:  -467.000000 | e:   1.000000 | Q:        nan | won: False 
#  192 | steps:  2520 | steps_t:     0 | t: 1.792406 | r:  -465.000000 | e:   1.000000 | Q:        nan | won: False 
#  193 | steps:  2530 | steps_t:     0 | t: 1.798407 | r:  -476.000000 | e:   1.000000 | Q:        nan | won: False 
#  194 | steps:  2544 | steps_t:     0 | t: 1.808409 | r:  -469.000000 | e:   1.000000 | Q:        nan | won: False 
#  195 | steps:  2560 | steps_t:     0 | t: 1.819412 | r:  -482.000000 | e:   1.000000 | Q:        nan | won: False 
#  196 | steps:  2571 | steps_t:     0 | t: 1.827414 | r:  -477.000000 | e:   1.000000 | Q:        nan | won: False 
#  197 | steps:  2580 | steps_t:     0 | t: 1.833416 | r:  -453.000000 | e:   1.000000 | Q:        nan | won: False 
#  198 | steps:  2595 | steps_t:     0 | t: 1.843417 | r:  -448.000000 | e:   1.000000 | Q:        nan | won: False 
#  199 | steps:  2608 | steps_t:     0 | t: 1.852419 | r:  -490.000000 | e:   1.000000 | Q:        nan | won: False 
#  200 | steps:  2618 | steps_t:     0 | t: 1.859421 | r:  -476.000000 | e:   1.000000 | Q:        nan | won: False 
#  201 | steps:  2627 | steps_t:     0 | t: 1.865422 | r:  -475.000000 | e:   1.000000 | Q:        nan | won: False 
#  202 | steps:  2642 | steps_t:     0 | t: 1.875424 | r:  -492.000000 | e:   1.000000 | Q:        nan | won: False 
#  203 | steps:  2661 | steps_t:     0 | t: 1.888427 | r:  -419.000000 | e:   1.000000 | Q:        nan | won: False 
#  204 | steps:  2673 | steps_t:     0 | t: 1.896429 | r:  -500.000000 | e:   1.000000 | Q:        nan | won: False 
#  205 | steps:  2687 | steps_t:     0 | t: 1.906431 | r:  -480.000000 | e:   1.000000 | Q:        nan | won: False 
#  206 | steps:  2701 | steps_t:     0 | t: 1.916433 | r:  -491.000000 | e:   1.000000 | Q:        nan | won: False 
#  207 | steps:  2715 | steps_t:     0 | t: 1.926436 | r:  -458.000000 | e:   1.000000 | Q:        nan | won: False 
#  208 | steps:  2725 | steps_t:     0 | t: 1.949441 | r:  -487.000000 | e:   1.000000 | Q:        nan | won: False 
#  209 | steps:  2736 | steps_t:     0 | t: 1.957443 | r:  -477.000000 | e:   1.000000 | Q:        nan | won: False 
#  210 | steps:  2748 | steps_t:     0 | t: 1.965445 | r:  -467.000000 | e:   1.000000 | Q:        nan | won: False 
#  211 | steps:  2760 | steps_t:     0 | t: 1.974447 | r:  -489.000000 | e:   1.000000 | Q:        nan | won: False 
#  212 | steps:  2777 | steps_t:     0 | t: 1.986450 | r:  -461.000000 | e:   1.000000 | Q:        nan | won: False 
#  213 | steps:  2789 | steps_t:     0 | t: 1.994452 | r:  -478.000000 | e:   1.000000 | Q:        nan | won: False 
#  214 | steps:  2804 | steps_t:     0 | t: 2.005454 | r:  -448.000000 | e:   1.000000 | Q:        nan | won: False 
#  215 | steps:  2816 | steps_t:     0 | t: 2.013457 | r:  -478.000000 | e:   1.000000 | Q:        nan | won: False 
#  216 | steps:  2827 | steps_t:     0 | t: 2.020457 | r:  -477.000000 | e:   1.000000 | Q:        nan | won: False 
#  217 | steps:  2838 | steps_t:     0 | t: 2.028459 | r:  -455.000000 | e:   1.000000 | Q:        nan | won: False 
#  218 | steps:  2849 | steps_t:     0 | t: 2.036461 | r:  -477.000000 | e:   1.000000 | Q:        nan | won: False 
#  219 | steps:  2863 | steps_t:     0 | t: 2.046463 | r:  -491.000000 | e:   1.000000 | Q:        nan | won: False 
#  220 | steps:  2895 | steps_t:     0 | t: 2.068468 | r:  -498.000000 | e:   1.000000 | Q:        nan | won: False 
#  221 | steps:  2907 | steps_t:     0 | t: 2.076470 | r:  -478.000000 | e:   1.000000 | Q:        nan | won: False 
#  222 | steps:  2920 | steps_t:     0 | t: 2.085472 | r:  -479.000000 | e:   1.000000 | Q:        nan | won: False 
#  223 | steps:  2933 | steps_t:     0 | t: 2.094474 | r:  -490.000000 | e:   1.000000 | Q:        nan | won: False 
#  224 | steps:  2943 | steps_t:     0 | t: 2.101476 | r:  -476.000000 | e:   1.000000 | Q:        nan | won: False 
#  225 | steps:  2954 | steps_t:     0 | t: 2.109478 | r:  -488.000000 | e:   1.000000 | Q:        nan | won: False 
#  226 | steps:  2968 | steps_t:     0 | t: 2.118479 | r:  -491.000000 | e:   1.000000 | Q:        nan | won: False 
#  227 | steps:  2981 | steps_t:     0 | t: 2.127481 | r:  -490.000000 | e:   1.000000 | Q:        nan | won: False 
#  228 | steps:  2998 | steps_t:     0 | t: 2.138484 | r:  -450.000000 | e:   1.000000 | Q:        nan | won: False 
#  229 | steps:  3010 | steps_t:     0 | t: 2.147487 | r:  -489.000000 | e:   1.000000 | Q:        nan | won: False 
#  230 | steps:  3023 | steps_t:     0 | t: 2.155488 | r:  -490.000000 | e:   1.000000 | Q:        nan | won: False 
#  231 | steps:  3038 | steps_t:     0 | t: 2.166490 | r:  -481.000000 | e:   1.000000 | Q:        nan | won: False 
#  232 | steps:  3052 | steps_t:     0 | t: 2.176493 | r:  -480.000000 | e:   1.000000 | Q:        nan | won: False 
#  233 | steps:  3064 | steps_t:     0 | t: 2.184495 | r:  -467.000000 | e:   1.000000 | Q:        nan | won: False 
#  234 | steps:  3080 | steps_t:     0 | t: 2.195498 | r:  -460.000000 | e:   1.000000 | Q:        nan | won: False 
#  235 | steps:  3093 | steps_t:     0 | t: 2.203499 | r:  -490.000000 | e:   1.000000 | Q:        nan | won: False 
#  236 | steps:  3104 | steps_t:     0 | t: 2.211501 | r:  -488.000000 | e:   1.000000 | Q:        nan | won: False 
#  237 | steps:  3114 | steps_t:     0 | t: 2.218502 | r:  -487.000000 | e:   1.000000 | Q:        nan | won: False 
#  238 | steps:  3132 | steps_t:     0 | t: 2.230505 | r:  -484.000000 | e:   1.000000 | Q:        nan | won: False 
#  239 | steps:  3148 | steps_t:     0 | t: 2.241508 | r:  -449.000000 | e:   1.000000 | Q:        nan | won: False 
#  240 | steps:  3163 | steps_t:     0 | t: 2.251510 | r:  -492.000000 | e:   1.000000 | Q:        nan | won: False 
#  241 | steps:  3183 | steps_t:     0 | t: 2.265513 | r:  -486.000000 | e:   1.000000 | Q:        nan | won: False 
#  242 | steps:  3197 | steps_t:     0 | t: 2.274515 | r:  -491.000000 | e:   1.000000 | Q:        nan | won: False 
#  243 | steps:  3210 | steps_t:     0 | t: 2.283517 | r:  -501.000000 | e:   1.000000 | Q:        nan | won: False 
#  244 | steps:  3218 | steps_t:     0 | t: 2.289519 | r:  -474.000000 | e:   1.000000 | Q:        nan | won: False 
#  245 | steps:  3226 | steps_t:     0 | t: 2.294519 | r:  -463.000000 | e:   1.000000 | Q:        nan | won: False 
#  246 | steps:  3240 | steps_t:     0 | t: 2.304522 | r:  -491.000000 | e:   1.000000 | Q:        nan | won: False 
#  247 | steps:  3255 | steps_t:     0 | t: 2.314524 | r:  -459.000000 | e:   1.000000 | Q:        nan | won: False 
#  248 | steps:  3269 | steps_t:     0 | t: 2.324526 | r:  -458.000000 | e:   1.000000 | Q:        nan | won: False 
#  249 | steps:  3296 | steps_t:     0 | t: 2.342530 | r:  -482.000000 | e:   1.000000 | Q:        nan | won: False 
#  250 | steps:  3306 | steps_t:     0 | t: 2.349532 | r:  -487.000000 | e:   1.000000 | Q:        nan | won: False 
#  251 | steps:  3319 | steps_t:     0 | t: 2.358534 | r:  -490.000000 | e:   1.000000 | Q:        nan | won: False 
#  252 | steps:  3331 | steps_t:     0 | t: 2.367536 | r:  -500.000000 | e:   1.000000 | Q:        nan | won: False 
#  253 | steps:  3344 | steps_t:     0 | t: 2.377538 | r:  -490.000000 | e:   1.000000 | Q:        nan | won: False 
#  254 | steps:  3358 | steps_t:     0 | t: 2.386541 | r:  -491.000000 | e:   1.000000 | Q:        nan | won: False 
#  255 | steps:  3373 | steps_t:     0 | t: 2.396543 | r:  -481.000000 | e:   1.000000 | Q:        nan | won: False 
#  256 | steps:  3385 | steps_t:     0 | t: 2.405545 | r:  -478.000000 | e:   1.000000 | Q:        nan | won: False 
#  257 | steps:  3399 | steps_t:     0 | t: 2.414546 | r:  -458.000000 | e:   1.000000 | Q:        nan | won: False 
#  258 | steps:  3410 | steps_t:     0 | t: 2.422548 | r:  -477.000000 | e:   1.000000 | Q:        nan | won: False 
#  259 | steps:  3421 | steps_t:     0 | t: 2.429550 | r:  -466.000000 | e:   1.000000 | Q:        nan | won: False 
#  260 | steps:  3433 | steps_t:     0 | t: 2.438552 | r:  -478.000000 | e:   1.000000 | Q:        nan | won: False 
#  261 | steps:  3452 | steps_t:     0 | t: 2.451555 | r:  -463.000000 | e:   1.000000 | Q:        nan | won: False 
#  262 | steps:  3466 | steps_t:     0 | t: 2.460557 | r:  -480.000000 | e:   1.000000 | Q:        nan | won: False 
#  263 | steps:  3480 | steps_t:     0 | t: 2.470560 | r:  -480.000000 | e:   1.000000 | Q:        nan | won: False 
#  264 | steps:  3493 | steps_t:     0 | t: 2.479561 | r:  -468.000000 | e:   1.000000 | Q:        nan | won: False 
#  265 | steps:  3503 | steps_t:     0 | t: 2.486563 | r:  -476.000000 | e:   1.000000 | Q:        nan | won: False 
#  266 | steps:  3517 | steps_t:     0 | t: 2.495565 | r:  -469.000000 | e:   1.000000 | Q:        nan | won: False 
#  267 | steps:  3527 | steps_t:     0 | t: 2.502566 | r:  -498.000000 | e:   1.000000 | Q:        nan | won: False 
#  268 | steps:  3536 | steps_t:     0 | t: 2.508569 | r:  -464.000000 | e:   1.000000 | Q:        nan | won: False 
#  269 | steps:  3548 | steps_t:     0 | t: 2.516570 | r:  -500.000000 | e:   1.000000 | Q:        nan | won: False 
#  270 | steps:  3560 | steps_t:     0 | t: 2.524572 | r:  -489.000000 | e:   1.000000 | Q:        nan | won: False 
#  271 | steps:  3570 | steps_t:     0 | t: 2.531573 | r:  -476.000000 | e:   1.000000 | Q:        nan | won: False 
#  272 | steps:  3583 | steps_t:     0 | t: 2.540576 | r:  -490.000000 | e:   1.000000 | Q:        nan | won: False 
#  273 | steps:  3596 | steps_t:     0 | t: 2.549577 | r:  -501.000000 | e:   1.000000 | Q:        nan | won: False 
#  274 | steps:  3608 | steps_t:     0 | t: 2.557579 | r:  -467.000000 | e:   1.000000 | Q:        nan | won: False 
#  275 | steps:  3618 | steps_t:     0 | t: 2.564580 | r:  -454.000000 | e:   1.000000 | Q:        nan | won: False 
#  276 | steps:  3630 | steps_t:     0 | t: 2.572582 | r:  -478.000000 | e:   1.000000 | Q:        nan | won: False 
#  277 | steps:  3641 | steps_t:     0 | t: 2.580584 | r:  -477.000000 | e:   1.000000 | Q:        nan | won: False 
#  278 | steps:  3652 | steps_t:     0 | t: 2.587585 | r:  -488.000000 | e:   1.000000 | Q:        nan | won: False 
#  279 | steps:  3665 | steps_t:     0 | t: 2.597589 | r:  -490.000000 | e:   1.000000 | Q:        nan | won: False 
#  280 | steps:  3679 | steps_t:     0 | t: 2.606590 | r:  -502.000000 | e:   1.000000 | Q:        nan | won: False 
#  281 | steps:  3689 | steps_t:     0 | t: 2.613592 | r:  -498.000000 | e:   1.000000 | Q:        nan | won: False 
#  282 | steps:  3706 | steps_t:     0 | t: 2.625595 | r:  -483.000000 | e:   1.000000 | Q:        nan | won: False 
#  283 | steps:  3717 | steps_t:     0 | t: 2.632596 | r:  -488.000000 | e:   1.000000 | Q:        nan | won: False 
#  284 | steps:  3728 | steps_t:     0 | t: 2.640598 | r:  -488.000000 | e:   1.000000 | Q:        nan | won: False 
#  285 | steps:  3746 | steps_t:     0 | t: 2.652601 | r:  -473.000000 | e:   1.000000 | Q:        nan | won: False 
#  286 | steps:  3758 | steps_t:     0 | t: 2.660602 | r:  -489.000000 | e:   1.000000 | Q:        nan | won: False 
#  287 | steps:  3769 | steps_t:     0 | t: 2.668604 | r:  -466.000000 | e:   1.000000 | Q:        nan | won: False 
#  288 | steps:  3785 | steps_t:     0 | t: 2.679607 | r:  -460.000000 | e:   1.000000 | Q:        nan | won: False 
#  289 | steps:  3799 | steps_t:     0 | t: 2.688609 | r:  -491.000000 | e:   1.000000 | Q:        nan | won: False 
#  290 | steps:  3812 | steps_t:     0 | t: 2.697610 | r:  -479.000000 | e:   1.000000 | Q:        nan | won: False 
#  291 | steps:  3827 | steps_t:     0 | t: 2.707613 | r:  -459.000000 | e:   1.000000 | Q:        nan | won: False 
#  292 | steps:  3835 | steps_t:     0 | t: 2.713615 | r:  -452.000000 | e:   1.000000 | Q:        nan | won: False 
#  293 | steps:  3854 | steps_t:     0 | t: 2.726617 | r:  -485.000000 | e:   1.000000 | Q:        nan | won: False 
#  294 | steps:  3880 | steps_t:     0 | t: 2.744622 | r:  -481.000000 | e:   1.000000 | Q:        nan | won: False 
#  295 | steps:  3897 | steps_t:     0 | t: 2.755624 | r:  -483.000000 | e:   1.000000 | Q:        nan | won: False 
#  296 | steps:  3912 | steps_t:     0 | t: 2.766626 | r:  -470.000000 | e:   1.000000 | Q:        nan | won: False 
#  297 | steps:  3924 | steps_t:     0 | t: 2.774628 | r:  -489.000000 | e:   1.000000 | Q:        nan | won: False 
#  298 | steps:  3937 | steps_t:     0 | t: 2.783630 | r:  -479.000000 | e:   1.000000 | Q:        nan | won: False 
#  299 | steps:  3953 | steps_t:     0 | t: 2.868650 | r:  -460.000000 | e:   1.000000 | Q:        nan | won: False 
#  300 | steps:  3964 | steps_t:     0 | t: 2.876651 | r:  -466.000000 | e:   1.000000 | Q:        nan | won: False 
#  301 | steps:  3976 | steps_t:     0 | t: 2.884653 | r:  -467.000000 | e:   1.000000 | Q:        nan | won: False 
#  302 | steps:  3993 | steps_t:     0 | t: 2.896656 | r:  -494.000000 | e:   1.000000 | Q:        nan | won: False 
#  303 | steps:  4029 | steps_t:     0 | t: 2.920661 | r:  -480.000000 | e:   1.000000 | Q:        nan | won: False 
#  304 | steps:  4040 | steps_t:     0 | t: 2.928663 | r:  -499.000000 | e:   1.000000 | Q:        nan | won: False 
#  305 | steps:  4054 | steps_t:     0 | t: 2.937665 | r:  -480.000000 | e:   1.000000 | Q:        nan | won: False 
#  306 | steps:  4066 | steps_t:     0 | t: 2.946667 | r:  -489.000000 | e:   1.000000 | Q:        nan | won: False 
#  307 | steps:  4078 | steps_t:     0 | t: 2.954669 | r:  -489.000000 | e:   1.000000 | Q:        nan | won: False 
#  308 | steps:  4103 | steps_t:     0 | t: 2.971673 | r:  -502.000000 | e:   1.000000 | Q:        nan | won: False 
#  309 | steps:  4114 | steps_t:     0 | t: 2.979675 | r:  -466.000000 | e:   1.000000 | Q:        nan | won: False 
#  310 | steps:  4124 | steps_t:     0 | t: 2.986676 | r:  -476.000000 | e:   1.000000 | Q:        nan | won: False 
#  311 | steps:  4136 | steps_t:     0 | t: 2.995678 | r:  -489.000000 | e:   1.000000 | Q:        nan | won: False 
#  312 | steps:  4149 | steps_t:     0 | t: 3.003680 | r:  -479.000000 | e:   1.000000 | Q:        nan | won: False 
#  313 | steps:  4178 | steps_t:     0 | t: 3.023685 | r:  -506.000000 | e:   1.000000 | Q:        nan | won: False 
#  314 | steps:  4190 | steps_t:     0 | t: 3.032686 | r:  -478.000000 | e:   1.000000 | Q:        nan | won: False 
#  315 | steps:  4222 | steps_t:     0 | t: 3.055692 | r:  -370.000000 | e:   1.000000 | Q:        nan | won: False 
#  316 | steps:  4235 | steps_t:     0 | t: 3.064694 | r:  -490.000000 | e:   1.000000 | Q:        nan | won: False 
#  317 | steps:  4246 | steps_t:     0 | t: 3.072697 | r:  -488.000000 | e:   1.000000 | Q:        nan | won: False 
#  318 | steps:  4258 | steps_t:     0 | t: 3.080697 | r:  -489.000000 | e:   1.000000 | Q:        nan | won: False 
#  319 | steps:  4269 | steps_t:     0 | t: 3.087699 | r:  -488.000000 | e:   1.000000 | Q:        nan | won: False 
#  320 | steps:  4283 | steps_t:     0 | t: 3.097701 | r:  -491.000000 | e:   1.000000 | Q:        nan | won: False 
#  321 | steps:  4295 | steps_t:     0 | t: 3.105703 | r:  -478.000000 | e:   1.000000 | Q:        nan | won: False 
#  322 | steps:  4307 | steps_t:     0 | t: 3.114705 | r:  -467.000000 | e:   1.000000 | Q:        nan | won: False 
#  323 | steps:  4318 | steps_t:     0 | t: 3.122707 | r:  -477.000000 | e:   1.000000 | Q:        nan | won: False 
#  324 | steps:  4329 | steps_t:     0 | t: 3.129709 | r:  -499.000000 | e:   1.000000 | Q:        nan | won: False 
#  325 | steps:  4351 | steps_t:     0 | t: 3.144712 | r:  -477.000000 | e:   1.000000 | Q:        nan | won: False 
#  326 | steps:  4368 | steps_t:     0 | t: 3.156715 | r:  -483.000000 | e:   1.000000 | Q:        nan | won: False 
#  327 | steps:  4379 | steps_t:     0 | t: 3.164717 | r:  -488.000000 | e:   1.000000 | Q:        nan | won: False 
#  328 | steps:  4391 | steps_t:     0 | t: 3.172719 | r:  -489.000000 | e:   1.000000 | Q:        nan | won: False 
#  329 | steps:  4407 | steps_t:     0 | t: 3.183721 | r:  -493.000000 | e:   1.000000 | Q:        nan | won: False 
#  330 | steps:  4424 | steps_t:     0 | t: 3.194723 | r:  -461.000000 | e:   1.000000 | Q:        nan | won: False 
#  331 | steps:  4438 | steps_t:     0 | t: 3.204726 | r:  -436.000000 | e:   1.000000 | Q:        nan | won: False 
#  332 | steps:  4450 | steps_t:     0 | t: 3.212728 | r:  -500.000000 | e:   1.000000 | Q:        nan | won: False 
#  333 | steps:  4462 | steps_t:     0 | t: 3.220730 | r:  -478.000000 | e:   1.000000 | Q:        nan | won: False 
#  334 | steps:  4477 | steps_t:     0 | t: 3.230731 | r:  -481.000000 | e:   1.000000 | Q:        nan | won: False 
#  335 | steps:  4495 | steps_t:     0 | t: 3.242734 | r:  -495.000000 | e:   1.000000 | Q:        nan | won: False 
#  336 | steps:  4507 | steps_t:     0 | t: 3.251737 | r:  -478.000000 | e:   1.000000 | Q:        nan | won: False 
#  337 | steps:  4520 | steps_t:     0 | t: 3.260739 | r:  -501.000000 | e:   1.000000 | Q:        nan | won: False 
#  338 | steps:  4532 | steps_t:     0 | t: 3.268740 | r:  -489.000000 | e:   1.000000 | Q:        nan | won: False 
#  339 | steps:  4545 | steps_t:     0 | t: 3.278743 | r:  -490.000000 | e:   1.000000 | Q:        nan | won: False 
#  340 | steps:  4576 | steps_t:     0 | t: 3.299747 | r:  -497.000000 | e:   1.000000 | Q:        nan | won: False 
#  341 | steps:  4593 | steps_t:     0 | t: 3.311750 | r:  -450.000000 | e:   1.000000 | Q:        nan | won: False 
#  342 | steps:  4606 | steps_t:     0 | t: 3.320752 | r:  -468.000000 | e:   1.000000 | Q:        nan | won: False 
#  343 | steps:  4615 | steps_t:     0 | t: 3.327754 | r:  -464.000000 | e:   1.000000 | Q:        nan | won: False 
#  344 | steps:  4629 | steps_t:     0 | t: 3.336756 | r:  -480.000000 | e:   1.000000 | Q:        nan | won: False 
#  345 | steps:  4640 | steps_t:     0 | t: 3.344758 | r:  -477.000000 | e:   1.000000 | Q:        nan | won: False 
#  346 | steps:  4652 | steps_t:     0 | t: 3.353760 | r:  -500.000000 | e:   1.000000 | Q:        nan | won: False 
#  347 | steps:  4664 | steps_t:     0 | t: 3.361762 | r:  -478.000000 | e:   1.000000 | Q:        nan | won: False 
#  348 | steps:  4674 | steps_t:     0 | t: 3.368763 | r:  -465.000000 | e:   1.000000 | Q:        nan | won: False 
#  349 | steps:  4685 | steps_t:     0 | t: 3.376764 | r:  -499.000000 | e:   1.000000 | Q:        nan | won: False 
#  350 | steps:  4696 | steps_t:     0 | t: 3.383766 | r:  -455.000000 | e:   1.000000 | Q:        nan | won: False 
#  351 | steps:  4708 | steps_t:     0 | t: 3.392769 | r:  -434.000000 | e:   1.000000 | Q:        nan | won: False 
#  352 | steps:  4718 | steps_t:     0 | t: 3.399770 | r:  -487.000000 | e:   1.000000 | Q:        nan | won: False 
#  353 | steps:  4735 | steps_t:     0 | t: 3.410773 | r:  -461.000000 | e:   1.000000 | Q:        nan | won: False 
#  354 | steps:  4744 | steps_t:     0 | t: 3.416773 | r:  -486.000000 | e:   1.000000 | Q:        nan | won: False 
#  355 | steps:  4756 | steps_t:     0 | t: 3.424776 | r:  -434.000000 | e:   1.000000 | Q:        nan | won: False 
#  356 | steps:  4774 | steps_t:     0 | t: 3.437779 | r:  -473.000000 | e:   1.000000 | Q:        nan | won: False 
#  357 | steps:  4787 | steps_t:     0 | t: 3.445781 | r:  -457.000000 | e:   1.000000 | Q:        nan | won: False 
#  358 | steps:  4802 | steps_t:     0 | t: 3.455783 | r:  -459.000000 | e:   1.000000 | Q:        nan | won: False 
#  359 | steps:  4810 | steps_t:     0 | t: 3.461784 | r:  -463.000000 | e:   1.000000 | Q:        nan | won: False 
#  360 | steps:  4821 | steps_t:     0 | t: 3.468785 | r:  -488.000000 | e:   1.000000 | Q:        nan | won: False 
#  361 | steps:  4831 | steps_t:     0 | t: 3.475787 | r:  -476.000000 | e:   1.000000 | Q:        nan | won: False 
#  362 | steps:  4842 | steps_t:     0 | t: 3.483789 | r:  -499.000000 | e:   1.000000 | Q:        nan | won: False 
#  363 | steps:  4853 | steps_t:     0 | t: 3.490790 | r:  -499.000000 | e:   1.000000 | Q:        nan | won: False 
#  364 | steps:  4867 | steps_t:     0 | t: 3.500793 | r:  -491.000000 | e:   1.000000 | Q:        nan | won: False 
#  365 | steps:  4880 | steps_t:     0 | t: 3.510795 | r:  -479.000000 | e:   1.000000 | Q:        nan | won: False 
#  366 | steps:  4890 | steps_t:     0 | t: 3.517796 | r:  -465.000000 | e:   1.000000 | Q:        nan | won: False 
#  367 | steps:  4899 | steps_t:     0 | t: 3.523798 | r:  -486.000000 | e:   1.000000 | Q:        nan | won: False 
#  368 | steps:  4912 | steps_t:     0 | t: 3.532800 | r:  -490.000000 | e:   1.000000 | Q:        nan | won: False 
#  369 | steps:  4924 | steps_t:     0 | t: 3.540802 | r:  -489.000000 | e:   1.000000 | Q:        nan | won: False 
#  370 | steps:  4936 | steps_t:     0 | t: 3.549804 | r:  -423.000000 | e:   1.000000 | Q:        nan | won: False 
#  371 | steps:  4950 | steps_t:     0 | t: 3.558806 | r:  -491.000000 | e:   1.000000 | Q:        nan | won: False 
#  372 | steps:  4963 | steps_t:     0 | t: 3.567808 | r:  -479.000000 | e:   1.000000 | Q:        nan | won: False 
#  373 | steps:  4977 | steps_t:     0 | t: 3.577811 | r:  -469.000000 | e:   1.000000 | Q:        nan | won: False 
#  374 | steps:  4987 | steps_t:     0 | t: 3.583811 | r:  -487.000000 | e:   1.000000 | Q:        nan | won: False 
#  375 | steps:  5001 | steps_t:     0 | t: 3.593814 | r:  -491.000000 | e:   1.000000 | Q:        nan | won: False 
#  376 | steps:  5013 | steps_t:    11 | t: 3.865875 | r:  -478.000000 | e:   0.998900 | Q:        nan | won: False 
#  377 | steps:  5024 | steps_t:    21 | t: 3.986903 | r:  -488.000000 | e:   0.997900 | Q:        nan | won: False 
#  378 | steps:  5036 | steps_t:    32 | t: 4.114933 | r:  -445.000000 | e:   0.996800 | Q:        nan | won: False 
#  379 | steps:  5047 | steps_t:    42 | t: 4.231959 | r:  -488.000000 | e:   0.995800 | Q:        nan | won: False 
#  380 | steps:  5066 | steps_t:    60 | t: 4.443006 | r:  -474.000000 | e:   0.994000 | Q:        nan | won: False 
#  381 | steps:  5078 | steps_t:    71 | t: 4.574036 | r:  -489.000000 | e:   0.992900 | Q:        nan | won: False 
#  382 | steps:  5092 | steps_t:    84 | t: 4.727071 | r:  -502.000000 | e:   0.991600 | Q: -27.058277 | won: False 
#  383 | steps:  5107 | steps_t:    98 | t: 4.894109 | r:  -470.000000 | e:   0.990200 | Q:        nan | won: False 
#  384 | steps:  5121 | steps_t:   111 | t: 5.049144 | r:  -491.000000 | e:   0.988900 | Q:        nan | won: False 
#  385 | steps:  5131 | steps_t:   120 | t: 5.157167 | r:  -465.000000 | e:   0.988000 | Q:        nan | won: False 
#  386 | steps:  5142 | steps_t:   130 | t: 5.275196 | r:  -477.000000 | e:   0.987000 | Q:        nan | won: False 
#  387 | steps:  5153 | steps_t:   140 | t: 5.392221 | r:  -477.000000 | e:   0.986000 | Q:        nan | won: False 
#  388 | steps:  5166 | steps_t:   152 | t: 5.535254 | r:  -479.000000 | e:   0.984800 | Q:        nan | won: False 
#  389 | steps:  5179 | steps_t:   164 | t: 5.679286 | r:  -490.000000 | e:   0.983600 | Q:        nan | won: False 
#  390 | steps:  5190 | steps_t:   174 | t: 5.795313 | r:  -499.000000 | e:   0.982600 | Q:        nan | won: False 
#  391 | steps:  5202 | steps_t:   185 | t: 5.926342 | r:  -500.000000 | e:   0.981500 | Q:        nan | won: False 
#  392 | steps:  5240 | steps_t:   222 | t: 6.358440 | r:  -416.000000 | e:   0.977800 | Q:        nan | won: False 
#  393 | steps:  5252 | steps_t:   233 | t: 6.489470 | r:  -500.000000 | e:   0.976700 | Q:        nan | won: False 
#  394 | steps:  5269 | steps_t:   249 | t: 6.679513 | r:  -494.000000 | e:   0.975100 | Q: -233.232529 | won: False 
#  395 | steps:  5280 | steps_t:   259 | t: 6.798540 | r:  -466.000000 | e:   0.974100 | Q: -219.280182 | won: False 
#  396 | steps:  5289 | steps_t:   267 | t: 6.894562 | r:  -486.000000 | e:   0.973300 | Q:        nan | won: False 
#  397 | steps:  5305 | steps_t:   282 | t: 7.070601 | r:  -460.000000 | e:   0.971800 | Q: -216.903244 | won: False 
#  398 | steps:  5320 | steps_t:   296 | t: 7.237639 | r:  -470.000000 | e:   0.970400 | Q:        nan | won: False 
#  399 | steps:  5332 | steps_t:   307 | t: 7.371669 | r:  -489.000000 | e:   0.969300 | Q: -249.191391 | won: False 
#  400 | steps:  5342 | steps_t:   316 | t: 7.481695 | r:  -476.000000 | e:   0.968400 | Q:        nan | won: False 
#  401 | steps:  5354 | steps_t:   327 | t: 7.619726 | r:  -489.000000 | e:   0.967300 | Q:        nan | won: False 
#  402 | steps:  5376 | steps_t:   348 | t: 7.878784 | r:  -466.000000 | e:   0.965200 | Q:        nan | won: False 
#  403 | steps:  5391 | steps_t:   362 | t: 8.051823 | r:  -481.000000 | e:   0.963800 | Q:        nan | won: False 
#  404 | steps:  5403 | steps_t:   373 | t: 8.190856 | r:  -434.000000 | e:   0.962700 | Q: -218.708038 | won: False 
#  405 | steps:  5414 | steps_t:   383 | t: 8.317884 | r:  -466.000000 | e:   0.961700 | Q: -238.998444 | won: False 
#  406 | steps:  5428 | steps_t:   396 | t: 8.478921 | r:  -502.000000 | e:   0.960400 | Q: -247.131195 | won: False 
#  407 | steps:  5441 | steps_t:   408 | t: 8.625955 | r:  -479.000000 | e:   0.959200 | Q: -274.065735 | won: False 
#  408 | steps:  5451 | steps_t:   417 | t: 8.734980 | r:  -465.000000 | e:   0.958300 | Q:        nan | won: False 
#  409 | steps:  5467 | steps_t:   432 | t: 8.913019 | r:  -493.000000 | e:   0.956800 | Q:        nan | won: False 
#  410 | steps:  5479 | steps_t:   443 | t: 9.055051 | r:  -478.000000 | e:   0.955700 | Q: -267.647217 | won: False 
#  411 | steps:  5490 | steps_t:   453 | t: 9.179079 | r:  -455.000000 | e:   0.954700 | Q:        nan | won: False 
#  412 | steps:  5504 | steps_t:   466 | t: 9.341116 | r:  -458.000000 | e:   0.953400 | Q:        nan | won: False 
#  413 | steps:  5515 | steps_t:   476 | t: 9.472145 | r:  -488.000000 | e:   0.952400 | Q: -240.452179 | won: False 
#  414 | steps:  5528 | steps_t:   488 | t: 9.626181 | r:  -490.000000 | e:   0.951200 | Q: -265.913361 | won: False 
#  415 | steps:  5541 | steps_t:   500 | t: 9.777215 | r:  -468.000000 | e:   0.950000 | Q:        nan | won: False 
#  416 | steps:  5553 | steps_t:   511 | t: 9.914246 | r:  -467.000000 | e:   0.948900 | Q:        nan | won: False 
#  417 | steps:  5569 | steps_t:   526 | t: 10.093286 | r:  -482.000000 | e:   0.947400 | Q:        nan | won: False 
#  418 | steps:  5581 | steps_t:   537 | t: 10.225316 | r:  -500.000000 | e:   0.946300 | Q:        nan | won: False 
#  419 | steps:  5596 | steps_t:   551 | t: 10.390354 | r:  -470.000000 | e:   0.944900 | Q: -259.665466 | won: False 
#  420 | steps:  5607 | steps_t:   561 | t: 10.509381 | r:  -477.000000 | e:   0.943900 | Q:        nan | won: False 
#  421 | steps:  5618 | steps_t:   571 | t: 10.627408 | r:  -477.000000 | e:   0.942900 | Q:        nan | won: False 
#  422 | steps:  5633 | steps_t:   585 | t: 10.792445 | r:  -481.000000 | e:   0.941500 | Q:        nan | won: False 
#  423 | steps:  5646 | steps_t:   597 | t: 10.934477 | r:  -479.000000 | e:   0.940300 | Q: -251.381439 | won: False 
#  424 | steps:  5658 | steps_t:   608 | t: 11.065506 | r:  -500.000000 | e:   0.939200 | Q: -256.265472 | won: False 
#  425 | steps:  5688 | steps_t:   637 | t: 11.408585 | r:  -430.000000 | e:   0.936300 | Q: -249.302460 | won: False 
#  426 | steps:  5699 | steps_t:   647 | t: 11.529612 | r:  -488.000000 | e:   0.935300 | Q: -245.135391 | won: False 
#  427 | steps:  5708 | steps_t:   655 | t: 11.624634 | r:  -486.000000 | e:   0.934500 | Q:        nan | won: False 
#  428 | steps:  5722 | steps_t:   668 | t: 11.785669 | r:  -491.000000 | e:   0.933200 | Q: -234.985947 | won: False 
#  429 | steps:  5734 | steps_t:   679 | t: 11.919701 | r:  -489.000000 | e:   0.932100 | Q: -209.517731 | won: False 
#  430 | steps:  5745 | steps_t:   689 | t: 12.043728 | r:  -477.000000 | e:   0.931100 | Q: -209.001892 | won: False 
#  431 | steps:  5757 | steps_t:   700 | t: 12.178759 | r:  -445.000000 | e:   0.930000 | Q: -211.299240 | won: False 
#  432 | steps:  5769 | steps_t:   711 | t: 12.310790 | r:  -489.000000 | e:   0.928900 | Q: -252.147095 | won: False 
#  433 | steps:  5780 | steps_t:   721 | t: 12.431816 | r:  -444.000000 | e:   0.927900 | Q: -275.737579 | won: False 
#  434 | steps:  5800 | steps_t:   740 | t: 12.655867 | r:  -486.000000 | e:   0.926000 | Q: -281.546844 | won: False 
#  435 | steps:  5809 | steps_t:   748 | t: 12.750889 | r:  -464.000000 | e:   0.925200 | Q:        nan | won: False 
#  436 | steps:  5826 | steps_t:   764 | t: 12.937931 | r:  -450.000000 | e:   0.923600 | Q: -244.170746 | won: False 
#  437 | steps:  5837 | steps_t:   774 | t: 13.055958 | r:  -466.000000 | e:   0.922600 | Q:        nan | won: False 
#  438 | steps:  5849 | steps_t:   785 | t: 13.183987 | r:  -500.000000 | e:   0.921500 | Q:        nan | won: False 
#  439 | steps:  5862 | steps_t:   797 | t: 13.338022 | r:  -501.000000 | e:   0.920300 | Q:        nan | won: False 
#  440 | steps:  5874 | steps_t:   808 | t: 13.477054 | r:  -500.000000 | e:   0.919200 | Q:        nan | won: False 
#  441 | steps:  5886 | steps_t:   819 | t: 13.621086 | r:  -489.000000 | e:   0.918100 | Q: -228.646851 | won: False 
#  442 | steps:  5896 | steps_t:   828 | t: 13.735111 | r:  -476.000000 | e:   0.917200 | Q: -249.521896 | won: False 
#  443 | steps:  5905 | steps_t:   836 | t: 13.837135 | r:  -453.000000 | e:   0.916400 | Q: -257.286224 | won: False 
#  444 | steps:  5921 | steps_t:   851 | t: 14.016175 | r:  -460.000000 | e:   0.914900 | Q: -217.273911 | won: False 
#  445 | steps:  5931 | steps_t:   860 | t: 14.124200 | r:  -476.000000 | e:   0.914000 | Q:        nan | won: False 
#  446 | steps:  5940 | steps_t:   868 | t: 14.223223 | r:  -464.000000 | e:   0.913200 | Q: -206.452454 | won: False 
#  447 | steps:  5950 | steps_t:   877 | t: 14.339248 | r:  -487.000000 | e:   0.912300 | Q: -201.797195 | won: False 
#  448 | steps:  5966 | steps_t:   892 | t: 14.531292 | r:  -504.000000 | e:   0.910800 | Q: -210.838425 | won: False 
#  449 | steps:  5977 | steps_t:   902 | t: 14.656320 | r:  -466.000000 | e:   0.909800 | Q: -220.690384 | won: False 
#  450 | steps:  5990 | steps_t:   914 | t: 14.811355 | r:  -468.000000 | e:   0.908600 | Q: -220.607834 | won: False 
#  451 | steps:  6004 | steps_t:   927 | t: 14.983395 | r:  -469.000000 | e:   0.907300 | Q: -219.420670 | won: False 
#  452 | steps:  6023 | steps_t:   945 | t: 15.205445 | r:  -485.000000 | e:   0.905500 | Q: -228.208054 | won: False 
#  453 | steps:  6036 | steps_t:   957 | t: 15.353479 | r:  -446.000000 | e:   0.904300 | Q: -236.763275 | won: False 
#  454 | steps:  6052 | steps_t:   972 | t: 15.534519 | r:  -449.000000 | e:   0.902800 | Q: -264.999420 | won: False 
#  455 | steps:  6062 | steps_t:   981 | t: 15.640544 | r:  -476.000000 | e:   0.901900 | Q: -285.679962 | won: False 
#  456 | steps:  6073 | steps_t:   991 | t: 15.755569 | r:  -466.000000 | e:   0.900900 | Q:        nan | won: False 
#  457 | steps:  6085 | steps_t:  1002 | t: 15.884599 | r:  -434.000000 | e:   0.899800 | Q: -267.740448 | won: False 
#  458 | steps:  6099 | steps_t:  1015 | t: 16.038635 | r:  -491.000000 | e:   0.898500 | Q: -242.165710 | won: False 
#  459 | steps:  6112 | steps_t:  1027 | t: 16.177665 | r:  -479.000000 | e:   0.897300 | Q:        nan | won: False 
#  460 | steps:  6123 | steps_t:  1037 | t: 16.299693 | r:  -477.000000 | e:   0.896300 | Q: -255.799805 | won: False 
#  461 | steps:  6134 | steps_t:  1047 | t: 16.415719 | r:  -466.000000 | e:   0.895300 | Q:        nan | won: False 
#  462 | steps:  6143 | steps_t:  1055 | t: 16.512741 | r:  -464.000000 | e:   0.894500 | Q: -232.599854 | won: False 
#  463 | steps:  6167 | steps_t:  1078 | t: 16.799806 | r:  -490.000000 | e:   0.892200 | Q: -234.956665 | won: False 
#  464 | steps:  6181 | steps_t:  1091 | t: 16.957842 | r:  -480.000000 | e:   0.890900 | Q:        nan | won: False 
#  465 | steps:  6192 | steps_t:  1101 | t: 17.080870 | r:  -488.000000 | e:   0.889900 | Q: -266.084442 | won: False 
#  466 | steps:  6201 | steps_t:  1109 | t: 17.178892 | r:  -475.000000 | e:   0.889100 | Q: -262.806702 | won: False 
#  467 | steps:  6215 | steps_t:  1122 | t: 17.337928 | r:  -491.000000 | e:   0.887800 | Q: -224.591568 | won: False 
#  468 | steps:  6224 | steps_t:  1130 | t: 17.435950 | r:  -475.000000 | e:   0.887000 | Q: -215.729187 | won: False 
#  469 | steps:  6234 | steps_t:  1139 | t: 17.546975 | r:  -465.000000 | e:   0.886100 | Q: -212.916489 | won: False 
#  470 | steps:  6253 | steps_t:  1157 | t: 17.766025 | r:  -430.000000 | e:   0.884300 | Q: -221.022827 | won: False 
#  471 | steps:  6266 | steps_t:  1169 | t: 17.913059 | r:  -468.000000 | e:   0.883100 | Q:        nan | won: False 
#  472 | steps:  6281 | steps_t:  1183 | t: 18.087098 | r:  -426.000000 | e:   0.881700 | Q: -222.235153 | won: False 
#  473 | steps:  6298 | steps_t:  1199 | t: 18.280237 | r:  -483.000000 | e:   0.880100 | Q:        nan | won: False 
#  474 | steps:  6314 | steps_t:  1214 | t: 18.462278 | r:  -482.000000 | e:   0.878600 | Q: -242.027390 | won: False 
#  475 | steps:  6325 | steps_t:  1224 | t: 18.581306 | r:  -444.000000 | e:   0.877600 | Q:        nan | won: False 
#  476 | steps:  6345 | steps_t:  1243 | t: 18.814358 | r:  -475.000000 | e:   0.875700 | Q: -247.941818 | won: False 
#  477 | steps:  6360 | steps_t:  1257 | t: 18.985396 | r:  -481.000000 | e:   0.874300 | Q:        nan | won: False 
#  478 | steps:  6370 | steps_t:  1266 | t: 19.097242 | r:  -476.000000 | e:   0.873400 | Q: -247.488129 | won: False 
#  479 | steps:  6380 | steps_t:  1275 | t: 19.205255 | r:  -487.000000 | e:   0.872500 | Q:        nan | won: False 
#  480 | steps:  6396 | steps_t:  1290 | t: 19.386745 | r:  -493.000000 | e:   0.871000 | Q: -239.041794 | won: False 
#  481 | steps:  6406 | steps_t:  1299 | t: 19.498622 | r:  -465.000000 | e:   0.870100 | Q: -245.845276 | won: False 
#  482 | steps:  6417 | steps_t:  1309 | t: 19.625631 | r:  -488.000000 | e:   0.869100 | Q: -264.579987 | won: False 
#  483 | steps:  6431 | steps_t:  1322 | t: 19.789793 | r:  -469.000000 | e:   0.867800 | Q: -252.562622 | won: False 
#  484 | steps:  6442 | steps_t:  1332 | t: 19.921823 | r:  -477.000000 | e:   0.866800 | Q: -251.927505 | won: False 
#  485 | steps:  6460 | steps_t:  1349 | t: 20.126873 | r:  -451.000000 | e:   0.865100 | Q: -255.380493 | won: False 
#  486 | steps:  6475 | steps_t:  1363 | t: 20.295808 | r:  -470.000000 | e:   0.863700 | Q: -285.877502 | won: False 
#  487 | steps:  6487 | steps_t:  1374 | t: 20.434839 | r:  -478.000000 | e:   0.862600 | Q: -275.214691 | won: False 
#  488 | steps:  6498 | steps_t:  1384 | t: 20.563272 | r:  -477.000000 | e:   0.861600 | Q: -264.514771 | won: False 
#  489 | steps:  6510 | steps_t:  1395 | t: 20.703305 | r:  -467.000000 | e:   0.860500 | Q:        nan | won: False 
#  490 | steps:  6520 | steps_t:  1404 | t: 20.814329 | r:  -476.000000 | e:   0.859600 | Q:        nan | won: False 
#  491 | steps:  6533 | steps_t:  1416 | t: 20.957361 | r:  -490.000000 | e:   0.858400 | Q:        nan | won: False 
#  492 | steps:  6542 | steps_t:  1424 | t: 21.055384 | r:  -464.000000 | e:   0.857600 | Q: -231.033401 | won: False 
#  493 | steps:  6556 | steps_t:  1437 | t: 21.215420 | r:  -502.000000 | e:   0.856300 | Q: -258.425446 | won: False 
#  494 | steps:  6565 | steps_t:  1445 | t: 21.315443 | r:  -464.000000 | e:   0.855500 | Q: -251.624466 | won: False 
#  495 | steps:  6581 | steps_t:  1460 | t: 21.508487 | r:  -493.000000 | e:   0.854000 | Q: -261.518707 | won: False 
#  496 | steps:  6594 | steps_t:  1472 | t: 21.659520 | r:  -490.000000 | e:   0.852800 | Q:        nan | won: False 
#  497 | steps:  6607 | steps_t:  1484 | t: 21.817556 | r:  -479.000000 | e:   0.851600 | Q: -202.116608 | won: False 
#  498 | steps:  6618 | steps_t:  1494 | t: 21.942585 | r:  -466.000000 | e:   0.850600 | Q: -194.733429 | won: False 
#  499 | steps:  6635 | steps_t:  1510 | t: 22.146632 | r:  -450.000000 | e:   0.849000 | Q:        nan | won: False 
#  500 | steps:  6644 | steps_t:  1518 | t: 22.251655 | r:  -475.000000 | e:   0.848200 | Q: -230.097809 | won: False 
#  501 | steps:  6655 | steps_t:  1528 | t: 22.375684 | r:  -477.000000 | e:   0.847200 | Q: -261.776245 | won: False 
#  502 | steps:  6663 | steps_t:  1535 | t: 22.465703 | r:  -452.000000 | e:   0.846500 | Q: -259.394928 | won: False 
#  503 | steps:  6675 | steps_t:  1546 | t: 22.599734 | r:  -489.000000 | e:   0.845400 | Q: -263.967133 | won: False 
#  504 | steps:  6702 | steps_t:  1572 | t: 22.908804 | r:  -438.000000 | e:   0.842800 | Q: -255.540787 | won: False 
#  505 | steps:  6715 | steps_t:  1584 | t: 23.051836 | r:  -501.000000 | e:   0.841600 | Q: -247.262100 | won: False 
#  506 | steps:  6737 | steps_t:  1605 | t: 23.315896 | r:  -411.000000 | e:   0.839500 | Q: -243.927124 | won: False 
#  507 | steps:  6749 | steps_t:  1616 | t: 23.454703 | r:  -489.000000 | e:   0.838400 | Q:        nan | won: False 
#  508 | steps:  6768 | steps_t:  1634 | t: 23.674918 | r:  -463.000000 | e:   0.836600 | Q: -273.995667 | won: False 
#  509 | steps:  6781 | steps_t:  1646 | t: 23.826787 | r:  -435.000000 | e:   0.835400 | Q: -258.947357 | won: False 
#  510 | steps:  6792 | steps_t:  1656 | t: 23.950580 | r:  -466.000000 | e:   0.834400 | Q: -273.999847 | won: False 
#  511 | steps:  6803 | steps_t:  1666 | t: 24.075809 | r:  -488.000000 | e:   0.833400 | Q: -272.313782 | won: False 
#  512 | steps:  6816 | steps_t:  1678 | t: 24.221900 | r:  -490.000000 | e:   0.832200 | Q: -259.058868 | won: False 
#  513 | steps:  6833 | steps_t:  1694 | t: 24.415762 | r:  -450.000000 | e:   0.830600 | Q: -249.886673 | won: False 
#  514 | steps:  6842 | steps_t:  1702 | t: 24.512769 | r:  -475.000000 | e:   0.829800 | Q: -261.756805 | won: False 
#  515 | steps:  6857 | steps_t:  1716 | t: 24.684286 | r:  -470.000000 | e:   0.828400 | Q: -256.406311 | won: False 
#  516 | steps:  6867 | steps_t:  1725 | t: 24.795653 | r:  -476.000000 | e:   0.827500 | Q: -236.941254 | won: False 
#  517 | steps:  6880 | steps_t:  1737 | t: 24.952033 | r:  -490.000000 | e:   0.826300 | Q: -239.103104 | won: False 
#  518 | steps:  6905 | steps_t:  1761 | t: 25.258012 | r:  -403.000000 | e:   0.823900 | Q: -255.863998 | won: False 
#  519 | steps:  6915 | steps_t:  1770 | t: 25.367003 | r:  -487.000000 | e:   0.823000 | Q: -251.517746 | won: False 
#  520 | steps:  6927 | steps_t:  1781 | t: 25.501184 | r:  -478.000000 | e:   0.821900 | Q: -228.650894 | won: False 
#  521 | steps:  6936 | steps_t:  1789 | t: 25.600421 | r:  -453.000000 | e:   0.821100 | Q: -216.381805 | won: False 
#  522 | steps:  6956 | steps_t:  1808 | t: 25.833850 | r:  -398.000000 | e:   0.819200 | Q: -227.007111 | won: False 
#  523 | steps:  6969 | steps_t:  1820 | t: 25.978000 | r:  -490.000000 | e:   0.818000 | Q: -264.373993 | won: False 
#  524 | steps:  6979 | steps_t:  1829 | t: 26.092030 | r:  -487.000000 | e:   0.817100 | Q: -270.962036 | won: False 
#  525 | steps:  6990 | steps_t:  1839 | t: 26.213516 | r:  -488.000000 | e:   0.816100 | Q: -294.312775 | won: False 
#  526 | steps:  7004 | steps_t:  1852 | t: 26.370479 | r:  -447.000000 | e:   0.814800 | Q: -268.655212 | won: False 
#  527 | steps:  7029 | steps_t:  1876 | t: 26.654328 | r:  -491.000000 | e:   0.812400 | Q: -249.641861 | won: False 
#  528 | steps:  7041 | steps_t:  1887 | t: 26.783688 | r:  -489.000000 | e:   0.811300 | Q: -238.726959 | won: False 
#  529 | steps:  7058 | steps_t:  1903 | t: 26.980732 | r:  -439.000000 | e:   0.809700 | Q: -229.070740 | won: False 
#  530 | steps:  7072 | steps_t:  1916 | t: 27.151994 | r:  -491.000000 | e:   0.808400 | Q: -211.547516 | won: False 
#  531 | steps:  7085 | steps_t:  1928 | t: 27.301028 | r:  -501.000000 | e:   0.807200 | Q: -216.670242 | won: False 
#  532 | steps:  7103 | steps_t:  1945 | t: 27.498401 | r:  -462.000000 | e:   0.805500 | Q: -249.269943 | won: False 
#  533 | steps:  7111 | steps_t:  1952 | t: 27.584569 | r:  -441.000000 | e:   0.804800 | Q: -251.468384 | won: False 
#  534 | steps:  7125 | steps_t:  1965 | t: 27.742020 | r:  -480.000000 | e:   0.803500 | Q: -245.826920 | won: False 
#  535 | steps:  7134 | steps_t:  1973 | t: 27.833935 | r:  -464.000000 | e:   0.802700 | Q:        nan | won: False 
#  536 | steps:  7148 | steps_t:  1986 | t: 27.983627 | r:  -480.000000 | e:   0.801400 | Q: -289.390472 | won: False 
#  537 | steps:  7183 | steps_t:  2020 | t: 28.379210 | r:  -435.000000 | e:   0.798000 | Q: -293.786926 | won: False 
#  538 | steps:  7192 | steps_t:  2028 | t: 28.477024 | r:  -442.000000 | e:   0.797200 | Q: -271.560791 | won: False 
#  539 | steps:  7211 | steps_t:  2046 | t: 28.687983 | r:  -452.000000 | e:   0.795400 | Q: -304.944458 | won: False 
#  540 | steps:  7224 | steps_t:  2058 | t: 28.836162 | r:  -413.000000 | e:   0.794200 | Q: -250.760529 | won: False 
#  541 | steps:  7233 | steps_t:  2066 | t: 28.935663 | r:  -464.000000 | e:   0.793400 | Q: -230.448730 | won: False 
#  542 | steps:  7245 | steps_t:  2077 | t: 29.062517 | r:  -478.000000 | e:   0.792300 | Q: -268.032318 | won: False 
#  543 | steps:  7256 | steps_t:  2087 | t: 29.182431 | r:  -477.000000 | e:   0.791300 | Q: -249.653748 | won: False 
#  544 | steps:  7266 | steps_t:  2096 | t: 29.284369 | r:  -454.000000 | e:   0.790400 | Q: -278.069000 | won: False 
#  545 | steps:  7283 | steps_t:  2112 | t: 29.461833 | r:  -494.000000 | e:   0.788800 | Q:        nan | won: False 
#  546 | steps:  7362 | steps_t:  2190 | t: 30.457587 | r:  -267.000000 | e:   0.781000 | Q: -170.674347 | won: False 
#  547 | steps:  7376 | steps_t:  2203 | t: 30.603529 | r:  -491.000000 | e:   0.779700 | Q: -310.683289 | won: False 
#  548 | steps:  7388 | steps_t:  2214 | t: 30.729143 | r:  -467.000000 | e:   0.778600 | Q: -192.431946 | won: False 
#  549 | steps:  7397 | steps_t:  2222 | t: 30.822740 | r:  -464.000000 | e:   0.777800 | Q: -205.625381 | won: False 
#  550 | steps:  7409 | steps_t:  2233 | t: 30.955127 | r:  -489.000000 | e:   0.776700 | Q: -310.225647 | won: False 
#  551 | steps:  7422 | steps_t:  2245 | t: 31.093598 | r:  -479.000000 | e:   0.775500 | Q: -320.770935 | won: False 
#  552 | steps:  7440 | steps_t:  2262 | t: 31.291908 | r:  -429.000000 | e:   0.773800 | Q: -295.052032 | won: False 
#  553 | steps:  7449 | steps_t:  2270 | t: 31.385235 | r:  -475.000000 | e:   0.773000 | Q: -190.377777 | won: False 
#  554 | steps:  7461 | steps_t:  2281 | t: 31.519268 | r:  -478.000000 | e:   0.771900 | Q: -297.290009 | won: False 
#  555 | steps:  7475 | steps_t:  2294 | t: 31.667102 | r:  -480.000000 | e:   0.770600 | Q: -278.936401 | won: False 
#  556 | steps:  7492 | steps_t:  2310 | t: 31.853573 | r:  -461.000000 | e:   0.769000 | Q: -225.481918 | won: False 
#  557 | steps:  7505 | steps_t:  2322 | t: 31.994960 | r:  -490.000000 | e:   0.767800 | Q: -339.860931 | won: False 
#  558 | steps:  7517 | steps_t:  2333 | t: 32.130157 | r:  -489.000000 | e:   0.766700 | Q: -190.585739 | won: False 
#  559 | steps:  7534 | steps_t:  2349 | t: 32.322200 | r:  -439.000000 | e:   0.765100 | Q: -349.802216 | won: False 
#  560 | steps:  7550 | steps_t:  2364 | t: 32.500240 | r:  -449.000000 | e:   0.763600 | Q: -291.899841 | won: False 
#  561 | steps:  7564 | steps_t:  2377 | t: 32.651662 | r:  -447.000000 | e:   0.762300 | Q: -237.523117 | won: False 
#  562 | steps:  7576 | steps_t:  2388 | t: 32.783951 | r:  -467.000000 | e:   0.761200 | Q: -184.353577 | won: False 
#  563 | steps:  7591 | steps_t:  2402 | t: 32.958740 | r:  -459.000000 | e:   0.759800 | Q: -222.024414 | won: False 
#  564 | steps:  7602 | steps_t:  2412 | t: 33.073730 | r:  -433.000000 | e:   0.758800 | Q: -203.424179 | won: False 
#  565 | steps:  7615 | steps_t:  2424 | t: 33.219664 | r:  -468.000000 | e:   0.757600 | Q: -369.812469 | won: False 
