#    1 | steps:     7 | steps_t:     0 | t: 0.000000 | r:  -506.000000 | e:   1.000000 | Q:        nan | won: False 
#    2 | steps:    18 | steps_t:     0 | t: 0.015640 | r:  -510.000000 | e:   1.000000 | Q:        nan | won: False 
#    3 | steps:    28 | steps_t:     0 | t: 0.015640 | r:  -509.000000 | e:   1.000000 | Q:        nan | won: False 
#    4 | steps:    35 | steps_t:     0 | t: 0.031303 | r:  -506.000000 | e:   1.000000 | Q:        nan | won: False 
#    5 | steps:    44 | steps_t:     0 | t: 0.031303 | r:  -508.000000 | e:   1.000000 | Q:        nan | won: False 
#    6 | steps:    50 | steps_t:     0 | t: 0.031303 | r:  -505.000000 | e:   1.000000 | Q:        nan | won: False 
#    7 | steps:    59 | steps_t:     0 | t: 0.046890 | r:  -508.000000 | e:   1.000000 | Q:        nan | won: False 
#    8 | steps:    72 | steps_t:     0 | t: 0.046890 | r:  -512.000000 | e:   1.000000 | Q:        nan | won: False 
#    9 | steps:    83 | steps_t:     0 | t: 0.062559 | r:  -510.000000 | e:   1.000000 | Q:        nan | won: False 
#   10 | steps:    96 | steps_t:     0 | t: 0.062559 | r:  -512.000000 | e:   1.000000 | Q:        nan | won: False 
#   11 | steps:   117 | steps_t:     0 | t: 0.078186 | r:  -520.000000 | e:   1.000000 | Q:        nan | won: False 
#   12 | steps:   127 | steps_t:     0 | t: 0.078186 | r:  -509.000000 | e:   1.000000 | Q:        nan | won: False 
#   13 | steps:   134 | steps_t:     0 | t: 0.093766 | r:  -506.000000 | e:   1.000000 | Q:        nan | won: False 
#   14 | steps:   140 | steps_t:     0 | t: 0.093766 | r:  -505.000000 | e:   1.000000 | Q:        nan | won: False 
#   15 | steps:   148 | steps_t:     0 | t: 0.093766 | r:  -507.000000 | e:   1.000000 | Q:        nan | won: False 
#   16 | steps:   158 | steps_t:     0 | t: 0.109410 | r:  -509.000000 | e:   1.000000 | Q:        nan | won: False 
#   17 | steps:   165 | steps_t:     0 | t: 0.109410 | r:  -506.000000 | e:   1.000000 | Q:        nan | won: False 
#   18 | steps:   186 | steps_t:     0 | t: 0.125045 | r:  -520.000000 | e:   1.000000 | Q:        nan | won: False 
#   19 | steps:   192 | steps_t:     0 | t: 0.125045 | r:  -505.000000 | e:   1.000000 | Q:        nan | won: False 
#   20 | steps:   204 | steps_t:     0 | t: 0.144795 | r:  -511.000000 | e:   1.000000 | Q:        nan | won: False 
#   21 | steps:   211 | steps_t:     0 | t: 0.144795 | r:  -506.000000 | e:   1.000000 | Q:        nan | won: False 
#   22 | steps:   222 | steps_t:     0 | t: 0.156316 | r:  -510.000000 | e:   1.000000 | Q:        nan | won: False 
#   23 | steps:   240 | steps_t:     0 | t: 0.156316 | r:  -517.000000 | e:   1.000000 | Q:        nan | won: False 
#   24 | steps:   263 | steps_t:     0 | t: 0.171957 | r:  -522.000000 | e:   1.000000 | Q:        nan | won: False 
#   25 | steps:   281 | steps_t:     0 | t: 0.187583 | r:  -517.000000 | e:   1.000000 | Q:        nan | won: False 
#   26 | steps:   290 | steps_t:     0 | t: 0.187583 | r:  -508.000000 | e:   1.000000 | Q:        nan | won: False 
#   27 | steps:   297 | steps_t:     0 | t: 0.203207 | r:  -506.000000 | e:   1.000000 | Q:        nan | won: False 
#   28 | steps:   303 | steps_t:     0 | t: 0.203207 | r:  -505.000000 | e:   1.000000 | Q:        nan | won: False 
#   29 | steps:   327 | steps_t:     0 | t: 0.218832 | r:  -523.000000 | e:   1.000000 | Q:        nan | won: False 
#   30 | steps:   337 | steps_t:     0 | t: 0.218832 | r:  -509.000000 | e:   1.000000 | Q:        nan | won: False 
#   31 | steps:   360 | steps_t:     0 | t: 0.234459 | r:  -522.000000 | e:   1.000000 | Q:        nan | won: False 
#   32 | steps:   369 | steps_t:     0 | t: 0.250083 | r:  -508.000000 | e:   1.000000 | Q:        nan | won: False 
#   33 | steps:   382 | steps_t:     0 | t: 0.250083 | r:  -512.000000 | e:   1.000000 | Q:        nan | won: False 
#   34 | steps:   397 | steps_t:     0 | t: 0.269911 | r:  -514.000000 | e:   1.000000 | Q:        nan | won: False 
#   35 | steps:   409 | steps_t:     0 | t: 0.277873 | r:  -511.000000 | e:   1.000000 | Q:        nan | won: False 
#   36 | steps:   428 | steps_t:     0 | t: 0.285872 | r:  -518.000000 | e:   1.000000 | Q:        nan | won: False 
#   37 | steps:   435 | steps_t:     0 | t: 0.293873 | r:  -506.000000 | e:   1.000000 | Q:        nan | won: False 
#   38 | steps:   445 | steps_t:     0 | t: 0.302246 | r:  -509.000000 | e:   1.000000 | Q:        nan | won: False 
#   39 | steps:   452 | steps_t:     0 | t: 0.302246 | r:  -506.000000 | e:   1.000000 | Q:        nan | won: False 
#   40 | steps:   493 | steps_t:     0 | t: 0.317912 | r:  -529.000000 | e:   1.000000 | Q:        nan | won: False 
#   41 | steps:   501 | steps_t:     0 | t: 0.333502 | r:  -507.000000 | e:   1.000000 | Q:        nan | won: False 
#   42 | steps:   511 | steps_t:     0 | t: 0.333502 | r:  -509.000000 | e:   1.000000 | Q:        nan | won: False 
#   43 | steps:   518 | steps_t:     0 | t: 0.349123 | r:  -506.000000 | e:   1.000000 | Q:        nan | won: False 
#   44 | steps:   528 | steps_t:     0 | t: 0.349123 | r:  -509.000000 | e:   1.000000 | Q:        nan | won: False 
#   45 | steps:   548 | steps_t:     0 | t: 0.369905 | r:  -519.000000 | e:   1.000000 | Q:        nan | won: False 
#   46 | steps:   559 | steps_t:     0 | t: 0.369905 | r:  -510.000000 | e:   1.000000 | Q:        nan | won: False 
#   47 | steps:   579 | steps_t:     0 | t: 0.380417 | r:  -519.000000 | e:   1.000000 | Q:        nan | won: False 
#   48 | steps:   588 | steps_t:     0 | t: 0.396061 | r:  -508.000000 | e:   1.000000 | Q:        nan | won: False 
#   49 | steps:   614 | steps_t:     0 | t: 0.411679 | r:  -525.000000 | e:   1.000000 | Q:        nan | won: False 
#   50 | steps:   620 | steps_t:     0 | t: 0.411679 | r:  -505.000000 | e:   1.000000 | Q:        nan | won: False 
#   51 | steps:   626 | steps_t:     0 | t: 0.411679 | r:  -505.000000 | e:   1.000000 | Q:        nan | won: False 
#   52 | steps:   650 | steps_t:     0 | t: 0.427303 | r:  -523.000000 | e:   1.000000 | Q:        nan | won: False 
#   53 | steps:   658 | steps_t:     0 | t: 0.427303 | r:  -507.000000 | e:   1.000000 | Q:        nan | won: False 
#   54 | steps:   664 | steps_t:     0 | t: 0.442938 | r:  -505.000000 | e:   1.000000 | Q:        nan | won: False 
#   55 | steps:   678 | steps_t:     0 | t: 0.442938 | r:  -513.000000 | e:   1.000000 | Q:        nan | won: False 
#   56 | steps:   688 | steps_t:     0 | t: 0.458566 | r:  -509.000000 | e:   1.000000 | Q:        nan | won: False 
#   57 | steps:   699 | steps_t:     0 | t: 0.458566 | r:  -510.000000 | e:   1.000000 | Q:        nan | won: False 
#   58 | steps:   705 | steps_t:     0 | t: 0.458566 | r:  -505.000000 | e:   1.000000 | Q:        nan | won: False 
#   59 | steps:   713 | steps_t:     0 | t: 0.474180 | r:  -507.000000 | e:   1.000000 | Q:        nan | won: False 
#   60 | steps:   721 | steps_t:     0 | t: 0.474180 | r:  -507.000000 | e:   1.000000 | Q:        nan | won: False 
#   61 | steps:   730 | steps_t:     0 | t: 0.489804 | r:  -508.000000 | e:   1.000000 | Q:        nan | won: False 
#   62 | steps:   736 | steps_t:     0 | t: 0.489804 | r:  -505.000000 | e:   1.000000 | Q:        nan | won: False 
#   63 | steps:   754 | steps_t:     0 | t: 0.505434 | r:  -517.000000 | e:   1.000000 | Q:        nan | won: False 
#   64 | steps:   762 | steps_t:     0 | t: 0.505434 | r:  -507.000000 | e:   1.000000 | Q:        nan | won: False 
#   65 | steps:   776 | steps_t:     0 | t: 0.523120 | r:  -513.000000 | e:   1.000000 | Q:        nan | won: False 
#   66 | steps:   787 | steps_t:     0 | t: 0.526290 | r:  -510.000000 | e:   1.000000 | Q:        nan | won: False 
#   67 | steps:   796 | steps_t:     0 | t: 0.536833 | r:  -508.000000 | e:   1.000000 | Q:        nan | won: False 
#   68 | steps:   805 | steps_t:     0 | t: 0.536833 | r:  -508.000000 | e:   1.000000 | Q:        nan | won: False 
#   69 | steps:   813 | steps_t:     0 | t: 0.536833 | r:  -507.000000 | e:   1.000000 | Q:        nan | won: False 
#   70 | steps:   824 | steps_t:     0 | t: 0.552516 | r:  -510.000000 | e:   1.000000 | Q:        nan | won: False 
#   71 | steps:   832 | steps_t:     0 | t: 0.552516 | r:  -507.000000 | e:   1.000000 | Q:        nan | won: False 
#   72 | steps:   846 | steps_t:     0 | t: 0.568138 | r:  -513.000000 | e:   1.000000 | Q:        nan | won: False 
#   73 | steps:   853 | steps_t:     0 | t: 0.568138 | r:  -506.000000 | e:   1.000000 | Q:        nan | won: False 
#   74 | steps:   865 | steps_t:     0 | t: 0.583723 | r:  -511.000000 | e:   1.000000 | Q:        nan | won: False 
#   75 | steps:   882 | steps_t:     0 | t: 0.583723 | r:  -516.000000 | e:   1.000000 | Q:        nan | won: False 
#   76 | steps:   890 | steps_t:     0 | t: 0.599354 | r:  -507.000000 | e:   1.000000 | Q:        nan | won: False 
#   77 | steps:   899 | steps_t:     0 | t: 0.599354 | r:  -508.000000 | e:   1.000000 | Q:        nan | won: False 
#   78 | steps:   907 | steps_t:     0 | t: 0.599354 | r:  -507.000000 | e:   1.000000 | Q:        nan | won: False 
#   79 | steps:   915 | steps_t:     0 | t: 0.615010 | r:  -507.000000 | e:   1.000000 | Q:        nan | won: False 
#   80 | steps:   933 | steps_t:     0 | t: 0.615010 | r:  -517.000000 | e:   1.000000 | Q:        nan | won: False 
#   81 | steps:   949 | steps_t:     0 | t: 0.630639 | r:  -504.000000 | e:   1.000000 | Q:        nan | won: False 
#   82 | steps:   959 | steps_t:     0 | t: 0.646224 | r:  -509.000000 | e:   1.000000 | Q:        nan | won: False 
#   83 | steps:   970 | steps_t:     0 | t: 0.646224 | r:  -510.000000 | e:   1.000000 | Q:        nan | won: False 
#   84 | steps:   980 | steps_t:     0 | t: 0.646224 | r:  -509.000000 | e:   1.000000 | Q:        nan | won: False 
#   85 | steps:   994 | steps_t:     0 | t: 0.661849 | r:  -513.000000 | e:   1.000000 | Q:        nan | won: False 
#   86 | steps:  1004 | steps_t:     0 | t: 0.661849 | r:  -509.000000 | e:   1.000000 | Q:        nan | won: False 
#   87 | steps:  1026 | steps_t:     0 | t: 0.677473 | r:  -521.000000 | e:   1.000000 | Q:        nan | won: False 
#   88 | steps:  1036 | steps_t:     0 | t: 0.693102 | r:  -509.000000 | e:   1.000000 | Q:        nan | won: False 
#   89 | steps:  1049 | steps_t:     0 | t: 0.693102 | r:  -512.000000 | e:   1.000000 | Q:        nan | won: False 
#   90 | steps:  1058 | steps_t:     0 | t: 0.708733 | r:  -508.000000 | e:   1.000000 | Q:        nan | won: False 
#   91 | steps:  1081 | steps_t:     0 | t: 0.735317 | r:  -522.000000 | e:   1.000000 | Q:        nan | won: False 
#   92 | steps:  1092 | steps_t:     0 | t: 0.740469 | r:  -510.000000 | e:   1.000000 | Q:        nan | won: False 
#   93 | steps:  1103 | steps_t:     0 | t: 0.756115 | r:  -510.000000 | e:   1.000000 | Q:        nan | won: False 
#   94 | steps:  1112 | steps_t:     0 | t: 0.756115 | r:  -508.000000 | e:   1.000000 | Q:        nan | won: False 
#   95 | steps:  1122 | steps_t:     0 | t: 0.771744 | r:  -509.000000 | e:   1.000000 | Q:        nan | won: False 
#   96 | steps:  1132 | steps_t:     0 | t: 0.787365 | r:  -509.000000 | e:   1.000000 | Q:        nan | won: False 
#   97 | steps:  1141 | steps_t:     0 | t: 0.802988 | r:  -508.000000 | e:   1.000000 | Q:        nan | won: False 
#   98 | steps:  1148 | steps_t:     0 | t: 0.802988 | r:  -506.000000 | e:   1.000000 | Q:        nan | won: False 
#   99 | steps:  1156 | steps_t:     0 | t: 0.818611 | r:  -507.000000 | e:   1.000000 | Q:        nan | won: False 
#  100 | steps:  1170 | steps_t:     0 | t: 0.818611 | r:  -513.000000 | e:   1.000000 | Q:        nan | won: False 
#  101 | steps:  1177 | steps_t:     0 | t: 0.837239 | r:  -506.000000 | e:   1.000000 | Q:        nan | won: False 
#  102 | steps:  1189 | steps_t:     0 | t: 0.861237 | r:  -511.000000 | e:   1.000000 | Q:        nan | won: False 
#  103 | steps:  1194 | steps_t:     0 | t: 0.861367 | r:  -504.000000 | e:   1.000000 | Q:        nan | won: False 
#  104 | steps:  1203 | steps_t:     0 | t: 0.877004 | r:  -508.000000 | e:   1.000000 | Q:        nan | won: False 
#  105 | steps:  1221 | steps_t:     0 | t: 0.892634 | r:  -517.000000 | e:   1.000000 | Q:        nan | won: False 
#  106 | steps:  1244 | steps_t:     0 | t: 0.908275 | r:  -522.000000 | e:   1.000000 | Q:        nan | won: False 
#  107 | steps:  1252 | steps_t:     0 | t: 0.908275 | r:  -507.000000 | e:   1.000000 | Q:        nan | won: False 
#  108 | steps:  1270 | steps_t:     0 | t: 0.923867 | r:  -517.000000 | e:   1.000000 | Q:        nan | won: False 
#  109 | steps:  1279 | steps_t:     0 | t: 0.923867 | r:  -508.000000 | e:   1.000000 | Q:        nan | won: False 
#  110 | steps:  1289 | steps_t:     0 | t: 0.939492 | r:  -509.000000 | e:   1.000000 | Q:        nan | won: False 
#  111 | steps:  1299 | steps_t:     0 | t: 0.939492 | r:  -509.000000 | e:   1.000000 | Q:        nan | won: False 
