#    1 | steps:     5 | steps_t:     0 | t: 0.000000 | r:  -504.000000 | e:   1.000000 | Q:        nan | won: False 
#    2 | steps:    14 | steps_t:     0 | t: 0.015633 | r:  -508.000000 | e:   1.000000 | Q:        nan | won: False 
#    3 | steps:    25 | steps_t:     0 | t: 0.015633 | r:  -510.000000 | e:   1.000000 | Q:        nan | won: False 
#    4 | steps:    33 | steps_t:     0 | t: 0.015633 | r:  -507.000000 | e:   1.000000 | Q:        nan | won: False 
#    5 | steps:    41 | steps_t:     0 | t: 0.031258 | r:  -507.000000 | e:   1.000000 | Q:        nan | won: False 
#    6 | steps:    54 | steps_t:     0 | t: 0.046920 | r:  -512.000000 | e:   1.000000 | Q:        nan | won: False 
#    7 | steps:    61 | steps_t:     0 | t: 0.046920 | r:  -506.000000 | e:   1.000000 | Q:        nan | won: False 
#    8 | steps:    67 | steps_t:     0 | t: 0.046920 | r:  -505.000000 | e:   1.000000 | Q:        nan | won: False 
#    9 | steps:    76 | steps_t:     0 | t: 0.062562 | r:  -508.000000 | e:   1.000000 | Q:        nan | won: False 
#   10 | steps:    81 | steps_t:     0 | t: 0.062562 | r:  -504.000000 | e:   1.000000 | Q:        nan | won: False 
#   11 | steps:    94 | steps_t:     0 | t: 0.078227 | r:  -512.000000 | e:   1.000000 | Q:        nan | won: False 
#   12 | steps:   101 | steps_t:     0 | t: 0.078227 | r:  -506.000000 | e:   1.000000 | Q:        nan | won: False 
#   13 | steps:   108 | steps_t:     0 | t: 0.093849 | r:  -506.000000 | e:   1.000000 | Q:        nan | won: False 
#   14 | steps:   117 | steps_t:     0 | t: 0.093849 | r:  -508.000000 | e:   1.000000 | Q:        nan | won: False 
#   15 | steps:   125 | steps_t:     0 | t: 0.109473 | r:  -507.000000 | e:   1.000000 | Q:        nan | won: False 
#   16 | steps:   134 | steps_t:     0 | t: 0.109473 | r:  -508.000000 | e:   1.000000 | Q:        nan | won: False 
#   17 | steps:   143 | steps_t:     0 | t: 0.125099 | r:  -508.000000 | e:   1.000000 | Q:        nan | won: False 
#   18 | steps:   149 | steps_t:     0 | t: 0.125099 | r:  -505.000000 | e:   1.000000 | Q:        nan | won: False 
#   19 | steps:   156 | steps_t:     0 | t: 0.125099 | r:  -506.000000 | e:   1.000000 | Q:        nan | won: False 
#   20 | steps:   167 | steps_t:     0 | t: 0.140695 | r:  -510.000000 | e:   1.000000 | Q:        nan | won: False 
#   21 | steps:   175 | steps_t:     0 | t: 0.140695 | r:  -507.000000 | e:   1.000000 | Q:        nan | won: False 
#   22 | steps:   183 | steps_t:     0 | t: 0.156352 | r:  -507.000000 | e:   1.000000 | Q:        nan | won: False 
#   23 | steps:   193 | steps_t:     0 | t: 0.156352 | r:  -509.000000 | e:   1.000000 | Q:        nan | won: False 
#   24 | steps:   200 | steps_t:     0 | t: 0.171947 | r:  -506.000000 | e:   1.000000 | Q:        nan | won: False 
#   25 | steps:   211 | steps_t:     0 | t: 0.171947 | r:  -510.000000 | e:   1.000000 | Q:        nan | won: False 
#   26 | steps:   219 | steps_t:     0 | t: 0.187576 | r:  -507.000000 | e:   1.000000 | Q:        nan | won: False 
#   27 | steps:   231 | steps_t:     0 | t: 0.203198 | r:  -511.000000 | e:   1.000000 | Q:        nan | won: False 
#   28 | steps:   239 | steps_t:     0 | t: 0.203198 | r:  -507.000000 | e:   1.000000 | Q:        nan | won: False 
#   29 | steps:   244 | steps_t:     0 | t: 0.203198 | r:  -504.000000 | e:   1.000000 | Q:        nan | won: False 
#   30 | steps:   251 | steps_t:     0 | t: 0.218846 | r:  -506.000000 | e:   1.000000 | Q:        nan | won: False 
#   31 | steps:   257 | steps_t:     0 | t: 0.218846 | r:  -505.000000 | e:   1.000000 | Q:        nan | won: False 
#   32 | steps:   268 | steps_t:     0 | t: 0.234493 | r:  -510.000000 | e:   1.000000 | Q:        nan | won: False 
#   33 | steps:   287 | steps_t:     0 | t: 0.250067 | r:  -507.000000 | e:   1.000000 | Q:        nan | won: False 
#   34 | steps:   294 | steps_t:     0 | t: 0.250067 | r:  -506.000000 | e:   1.000000 | Q:        nan | won: False 
#   35 | steps:   311 | steps_t:     0 | t: 0.265707 | r:  -516.000000 | e:   1.000000 | Q:        nan | won: False 
#   36 | steps:   319 | steps_t:     0 | t: 0.281356 | r:  -507.000000 | e:   1.000000 | Q:        nan | won: False 
#   37 | steps:   327 | steps_t:     0 | t: 0.281356 | r:  -507.000000 | e:   1.000000 | Q:        nan | won: False 
#   38 | steps:   334 | steps_t:     0 | t: 0.296980 | r:  -506.000000 | e:   1.000000 | Q:        nan | won: False 
#   39 | steps:   341 | steps_t:     0 | t: 0.296980 | r:  -506.000000 | e:   1.000000 | Q:        nan | won: False 
#   40 | steps:   350 | steps_t:     0 | t: 0.312607 | r:  -508.000000 | e:   1.000000 | Q:        nan | won: False 
#   41 | steps:   357 | steps_t:     0 | t: 0.312607 | r:  -506.000000 | e:   1.000000 | Q:        nan | won: False 
#   42 | steps:   366 | steps_t:     0 | t: 0.328230 | r:  -508.000000 | e:   1.000000 | Q:        nan | won: False 
#   43 | steps:   374 | steps_t:     0 | t: 0.328230 | r:  -507.000000 | e:   1.000000 | Q:        nan | won: False 
#   44 | steps:   382 | steps_t:     0 | t: 0.343852 | r:  -507.000000 | e:   1.000000 | Q:        nan | won: False 
#   45 | steps:   388 | steps_t:     0 | t: 0.343852 | r:  -505.000000 | e:   1.000000 | Q:        nan | won: False 
#   46 | steps:   399 | steps_t:     0 | t: 0.359453 | r:  -510.000000 | e:   1.000000 | Q:        nan | won: False 
#   47 | steps:   410 | steps_t:     0 | t: 0.375107 | r:  -510.000000 | e:   1.000000 | Q:        nan | won: False 
#   48 | steps:   420 | steps_t:     0 | t: 0.375107 | r:  -509.000000 | e:   1.000000 | Q:        nan | won: False 
#   49 | steps:   429 | steps_t:     0 | t: 0.390707 | r:  -508.000000 | e:   1.000000 | Q:        nan | won: False 
#   50 | steps:   435 | steps_t:     0 | t: 0.390707 | r:  -505.000000 | e:   1.000000 | Q:        nan | won: False 
#   51 | steps:   442 | steps_t:     0 | t: 0.406325 | r:  -506.000000 | e:   1.000000 | Q:        nan | won: False 
#   52 | steps:   454 | steps_t:     0 | t: 0.406325 | r:  -511.000000 | e:   1.000000 | Q:        nan | won: False 
#   53 | steps:   470 | steps_t:     0 | t: 0.421976 | r:  -515.000000 | e:   1.000000 | Q:        nan | won: False 
#   54 | steps:   476 | steps_t:     0 | t: 0.437574 | r:  -505.000000 | e:   1.000000 | Q:        nan | won: False 
#   55 | steps:   484 | steps_t:     0 | t: 0.437574 | r:  -507.000000 | e:   1.000000 | Q:        nan | won: False 
#   56 | steps:   496 | steps_t:     0 | t: 0.453294 | r:  -511.000000 | e:   1.000000 | Q:        nan | won: False 
#   57 | steps:   503 | steps_t:     0 | t: 0.453294 | r:  -506.000000 | e:   1.000000 | Q:        nan | won: False 
#   58 | steps:   511 | steps_t:     0 | t: 0.468872 | r:  -507.000000 | e:   1.000000 | Q:        nan | won: False 
#   59 | steps:   521 | steps_t:     0 | t: 0.468872 | r:  -509.000000 | e:   1.000000 | Q:        nan | won: False 
#   60 | steps:   526 | steps_t:     0 | t: 0.484487 | r:  -504.000000 | e:   1.000000 | Q:        nan | won: False 
#   61 | steps:   533 | steps_t:     0 | t: 0.484487 | r:  -506.000000 | e:   1.000000 | Q:        nan | won: False 
#   62 | steps:   544 | steps_t:     0 | t: 0.500073 | r:  -510.000000 | e:   1.000000 | Q:        nan | won: False 
#   63 | steps:   557 | steps_t:     0 | t: 0.515701 | r:  -512.000000 | e:   1.000000 | Q:        nan | won: False 
#   64 | steps:   565 | steps_t:     0 | t: 0.515701 | r:  -507.000000 | e:   1.000000 | Q:        nan | won: False 
#   65 | steps:   571 | steps_t:     0 | t: 0.531323 | r:  -505.000000 | e:   1.000000 | Q:        nan | won: False 
#   66 | steps:   577 | steps_t:     0 | t: 0.531323 | r:  -505.000000 | e:   1.000000 | Q:        nan | won: False 
#   67 | steps:   586 | steps_t:     0 | t: 0.546976 | r:  -508.000000 | e:   1.000000 | Q:        nan | won: False 
#   68 | steps:   599 | steps_t:     0 | t: 0.546976 | r:  -512.000000 | e:   1.000000 | Q:        nan | won: False 
#   69 | steps:   608 | steps_t:     0 | t: 0.562579 | r:  -508.000000 | e:   1.000000 | Q:        nan | won: False 
#   70 | steps:   617 | steps_t:     0 | t: 0.578200 | r:  -508.000000 | e:   1.000000 | Q:        nan | won: False 
#   71 | steps:   623 | steps_t:     0 | t: 0.578200 | r:  -505.000000 | e:   1.000000 | Q:        nan | won: False 
#   72 | steps:   631 | steps_t:     0 | t: 0.593856 | r:  -507.000000 | e:   1.000000 | Q:        nan | won: False 
#   73 | steps:   638 | steps_t:     0 | t: 0.593856 | r:  -506.000000 | e:   1.000000 | Q:        nan | won: False 
#   74 | steps:   643 | steps_t:     0 | t: 0.609476 | r:  -504.000000 | e:   1.000000 | Q:        nan | won: False 
#   75 | steps:   648 | steps_t:     0 | t: 0.609476 | r:  -504.000000 | e:   1.000000 | Q:        nan | won: False 
#   76 | steps:   656 | steps_t:     0 | t: 0.625072 | r:  -507.000000 | e:   1.000000 | Q:        nan | won: False 
#   77 | steps:   664 | steps_t:     0 | t: 0.625072 | r:  -507.000000 | e:   1.000000 | Q:        nan | won: False 
#   78 | steps:   674 | steps_t:     0 | t: 0.640728 | r:  -509.000000 | e:   1.000000 | Q:        nan | won: False 
#   79 | steps:   679 | steps_t:     0 | t: 0.640728 | r:  -504.000000 | e:   1.000000 | Q:        nan | won: False 
#   80 | steps:   685 | steps_t:     0 | t: 0.656322 | r:  -505.000000 | e:   1.000000 | Q:        nan | won: False 
#   81 | steps:   693 | steps_t:     0 | t: 0.656322 | r:  -507.000000 | e:   1.000000 | Q:        nan | won: False 
#   82 | steps:   699 | steps_t:     0 | t: 0.656322 | r:  -505.000000 | e:   1.000000 | Q:        nan | won: False 
#   83 | steps:   706 | steps_t:     0 | t: 0.671950 | r:  -506.000000 | e:   1.000000 | Q:        nan | won: False 
#   84 | steps:   715 | steps_t:     0 | t: 0.671950 | r:  -508.000000 | e:   1.000000 | Q:        nan | won: False 
#   85 | steps:   724 | steps_t:     0 | t: 0.687574 | r:  -508.000000 | e:   1.000000 | Q:        nan | won: False 
#   86 | steps:   731 | steps_t:     0 | t: 0.687574 | r:  -506.000000 | e:   1.000000 | Q:        nan | won: False 
#   87 | steps:   743 | steps_t:     0 | t: 0.703226 | r:  -511.000000 | e:   1.000000 | Q:        nan | won: False 
#   88 | steps:   752 | steps_t:     0 | t: 0.718914 | r:  -508.000000 | e:   1.000000 | Q:        nan | won: False 
#   89 | steps:   760 | steps_t:     0 | t: 0.718914 | r:  -507.000000 | e:   1.000000 | Q:        nan | won: False 
#   90 | steps:   766 | steps_t:     0 | t: 0.734480 | r:  -505.000000 | e:   1.000000 | Q:        nan | won: False 
#   91 | steps:   773 | steps_t:     0 | t: 0.734480 | r:  -506.000000 | e:   1.000000 | Q:        nan | won: False 
#   92 | steps:   801 | steps_t:     0 | t: 0.765733 | r:  -527.000000 | e:   1.000000 | Q:        nan | won: False 
#   93 | steps:   810 | steps_t:     0 | t: 0.765733 | r:  -508.000000 | e:   1.000000 | Q:        nan | won: False 
#   94 | steps:   819 | steps_t:     0 | t: 0.781326 | r:  -508.000000 | e:   1.000000 | Q:        nan | won: False 
#   95 | steps:   827 | steps_t:     0 | t: 0.781326 | r:  -507.000000 | e:   1.000000 | Q:        nan | won: False 
#   96 | steps:   840 | steps_t:     0 | t: 0.796978 | r:  -512.000000 | e:   1.000000 | Q:        nan | won: False 
#   97 | steps:   850 | steps_t:     0 | t: 0.815437 | r:  -509.000000 | e:   1.000000 | Q:        nan | won: False 
#   98 | steps:   857 | steps_t:     0 | t: 0.823471 | r:  -506.000000 | e:   1.000000 | Q:        nan | won: False 
#   99 | steps:   868 | steps_t:     0 | t: 0.831475 | r:  -510.000000 | e:   1.000000 | Q:        nan | won: False 
#  100 | steps:   875 | steps_t:     0 | t: 0.839651 | r:  -506.000000 | e:   1.000000 | Q:        nan | won: False 
