#    1 | steps:     8 | steps_t:     0 | t: 0.000000 | r:  -507.000000 | e:   1.000000 | Q:        nan | won: False 
#    2 | steps:    14 | steps_t:     0 | t: 0.000000 | r:  -505.000000 | e:   1.000000 | Q:        nan | won: False 
#    3 | steps:    20 | steps_t:     0 | t: 0.000000 | r:  -505.000000 | e:   1.000000 | Q:        nan | won: False 
#    4 | steps:    27 | steps_t:     0 | t: 0.015626 | r:  -506.000000 | e:   1.000000 | Q:        nan | won: False 
#    5 | steps:    33 | steps_t:     0 | t: 0.015626 | r:  -505.000000 | e:   1.000000 | Q:        nan | won: False 
#    6 | steps:    38 | steps_t:     0 | t: 0.015626 | r:  -504.000000 | e:   1.000000 | Q:        nan | won: False 
#    7 | steps:    46 | steps_t:     0 | t: 0.015626 | r:  -507.000000 | e:   1.000000 | Q:        nan | won: False 
#    8 | steps:    53 | steps_t:     0 | t: 0.015626 | r:  -506.000000 | e:   1.000000 | Q:        nan | won: False 
#    9 | steps:    63 | steps_t:     0 | t: 0.015626 | r:  -509.000000 | e:   1.000000 | Q:        nan | won: False 
#   10 | steps:    72 | steps_t:     0 | t: 0.031251 | r:  -508.000000 | e:   1.000000 | Q:        nan | won: False 
#   11 | steps:    78 | steps_t:     0 | t: 0.031251 | r:  -505.000000 | e:   1.000000 | Q:        nan | won: False 
#   12 | steps:    87 | steps_t:     0 | t: 0.031251 | r:  -508.000000 | e:   1.000000 | Q:        nan | won: False 
#   13 | steps:    95 | steps_t:     0 | t: 0.031251 | r:  -507.000000 | e:   1.000000 | Q:        nan | won: False 
#   14 | steps:   100 | steps_t:     0 | t: 0.031251 | r:  -504.000000 | e:   1.000000 | Q:        nan | won: False 
#   15 | steps:   106 | steps_t:     0 | t: 0.031251 | r:  -505.000000 | e:   1.000000 | Q:        nan | won: False 
#   16 | steps:   113 | steps_t:     0 | t: 0.046878 | r:  -506.000000 | e:   1.000000 | Q:        nan | won: False 
#   17 | steps:   120 | steps_t:     0 | t: 0.046878 | r:  -506.000000 | e:   1.000000 | Q:        nan | won: False 
#   18 | steps:   129 | steps_t:     0 | t: 0.046878 | r:  -508.000000 | e:   1.000000 | Q:        nan | won: False 
#   19 | steps:   137 | steps_t:     0 | t: 0.046878 | r:  -507.000000 | e:   1.000000 | Q:        nan | won: False 
#   20 | steps:   144 | steps_t:     0 | t: 0.046878 | r:  -506.000000 | e:   1.000000 | Q:        nan | won: False 
#   21 | steps:   151 | steps_t:     0 | t: 0.046878 | r:  -506.000000 | e:   1.000000 | Q:        nan | won: False 
#   22 | steps:   160 | steps_t:     0 | t: 0.062504 | r:  -508.000000 | e:   1.000000 | Q:        nan | won: False 
#   23 | steps:   166 | steps_t:     0 | t: 0.062504 | r:  -505.000000 | e:   1.000000 | Q:        nan | won: False 
#   24 | steps:   173 | steps_t:     0 | t: 0.062504 | r:  -506.000000 | e:   1.000000 | Q:        nan | won: False 
#   25 | steps:   179 | steps_t:     0 | t: 0.062504 | r:  -505.000000 | e:   1.000000 | Q:        nan | won: False 
#   26 | steps:   188 | steps_t:     0 | t: 0.062504 | r:  -508.000000 | e:   1.000000 | Q:        nan | won: False 
#   27 | steps:   195 | steps_t:     0 | t: 0.062504 | r:  -506.000000 | e:   1.000000 | Q:        nan | won: False 
#   28 | steps:   201 | steps_t:     0 | t: 0.062504 | r:  -505.000000 | e:   1.000000 | Q:        nan | won: False 
#   29 | steps:   210 | steps_t:     0 | t: 0.078131 | r:  -508.000000 | e:   1.000000 | Q:        nan | won: False 
#   30 | steps:   220 | steps_t:     0 | t: 0.078131 | r:  -509.000000 | e:   1.000000 | Q:        nan | won: False 
#   31 | steps:   227 | steps_t:     0 | t: 0.078131 | r:  -506.000000 | e:   1.000000 | Q:        nan | won: False 
#   32 | steps:   234 | steps_t:     0 | t: 0.078131 | r:  -506.000000 | e:   1.000000 | Q:        nan | won: False 
#   33 | steps:   243 | steps_t:     0 | t: 0.078131 | r:  -508.000000 | e:   1.000000 | Q:        nan | won: False 
#   34 | steps:   249 | steps_t:     0 | t: 0.078131 | r:  -505.000000 | e:   1.000000 | Q:        nan | won: False 
#   35 | steps:   259 | steps_t:     0 | t: 0.093756 | r:  -509.000000 | e:   1.000000 | Q:        nan | won: False 
#   36 | steps:   271 | steps_t:     0 | t: 0.093756 | r:  -511.000000 | e:   1.000000 | Q:        nan | won: False 
#   37 | steps:   278 | steps_t:     0 | t: 0.093756 | r:  -506.000000 | e:   1.000000 | Q:        nan | won: False 
#   38 | steps:   285 | steps_t:     0 | t: 0.093756 | r:  -506.000000 | e:   1.000000 | Q:        nan | won: False 
#   39 | steps:   295 | steps_t:     0 | t: 0.093756 | r:  -509.000000 | e:   1.000000 | Q:        nan | won: False 
#   40 | steps:   311 | steps_t:     0 | t: 0.109382 | r:  -515.000000 | e:   1.000000 | Q:        nan | won: False 
#   41 | steps:   323 | steps_t:     0 | t: 0.109382 | r:  -511.000000 | e:   1.000000 | Q:        nan | won: False 
#   42 | steps:   331 | steps_t:     0 | t: 0.109382 | r:  -507.000000 | e:   1.000000 | Q:        nan | won: False 
#   43 | steps:   338 | steps_t:     0 | t: 0.109382 | r:  -506.000000 | e:   1.000000 | Q:        nan | won: False 
#   44 | steps:   346 | steps_t:     0 | t: 0.109382 | r:  -507.000000 | e:   1.000000 | Q:        nan | won: False 
#   45 | steps:   362 | steps_t:     0 | t: 0.125008 | r:  -515.000000 | e:   1.000000 | Q:        nan | won: False 
#   46 | steps:   371 | steps_t:     0 | t: 0.125008 | r:  -508.000000 | e:   1.000000 | Q:        nan | won: False 
#   47 | steps:   380 | steps_t:     0 | t: 0.125008 | r:  -508.000000 | e:   1.000000 | Q:        nan | won: False 
#   48 | steps:   389 | steps_t:     0 | t: 0.125008 | r:  -508.000000 | e:   1.000000 | Q:        nan | won: False 
#   49 | steps:   395 | steps_t:     0 | t: 0.125008 | r:  -505.000000 | e:   1.000000 | Q:        nan | won: False 
#   50 | steps:   400 | steps_t:     0 | t: 0.140635 | r:  -504.000000 | e:   1.000000 | Q:        nan | won: False 
#   51 | steps:   416 | steps_t:     0 | t: 0.140635 | r:  -515.000000 | e:   1.000000 | Q:        nan | won: False 
#   52 | steps:   422 | steps_t:     0 | t: 0.140635 | r:  -505.000000 | e:   1.000000 | Q:        nan | won: False 
#   53 | steps:   430 | steps_t:     0 | t: 0.140635 | r:  -507.000000 | e:   1.000000 | Q:        nan | won: False 
#   54 | steps:   437 | steps_t:     0 | t: 0.140635 | r:  -506.000000 | e:   1.000000 | Q:        nan | won: False 
#   55 | steps:   457 | steps_t:     0 | t: 0.156260 | r:  -519.000000 | e:   1.000000 | Q:        nan | won: False 
#   56 | steps:   464 | steps_t:     0 | t: 0.156260 | r:  -506.000000 | e:   1.000000 | Q:        nan | won: False 
#   57 | steps:   475 | steps_t:     0 | t: 0.156260 | r:  -510.000000 | e:   1.000000 | Q:        nan | won: False 
#   58 | steps:   481 | steps_t:     0 | t: 0.156260 | r:  -505.000000 | e:   1.000000 | Q:        nan | won: False 
#   59 | steps:   488 | steps_t:     0 | t: 0.156260 | r:  -506.000000 | e:   1.000000 | Q:        nan | won: False 
#   60 | steps:   494 | steps_t:     0 | t: 0.156260 | r:  -505.000000 | e:   1.000000 | Q:        nan | won: False 
#   61 | steps:   503 | steps_t:     0 | t: 0.171886 | r:  -508.000000 | e:   1.000000 | Q:        nan | won: False 
#   62 | steps:   511 | steps_t:     0 | t: 0.171886 | r:  -507.000000 | e:   1.000000 | Q:        nan | won: False 
#   63 | steps:   526 | steps_t:     0 | t: 0.171886 | r:  -514.000000 | e:   1.000000 | Q:        nan | won: False 
#   64 | steps:   532 | steps_t:     0 | t: 0.171886 | r:  -505.000000 | e:   1.000000 | Q:        nan | won: False 
#   65 | steps:   542 | steps_t:     0 | t: 0.171886 | r:  -509.000000 | e:   1.000000 | Q:        nan | won: False 
#   66 | steps:   547 | steps_t:     0 | t: 0.187513 | r:  -504.000000 | e:   1.000000 | Q:        nan | won: False 
#   67 | steps:   555 | steps_t:     0 | t: 0.187513 | r:  -507.000000 | e:   1.000000 | Q:        nan | won: False 
#   68 | steps:   570 | steps_t:     0 | t: 0.187513 | r:  -514.000000 | e:   1.000000 | Q:        nan | won: False 
#   69 | steps:   582 | steps_t:     0 | t: 0.187513 | r:  -511.000000 | e:   1.000000 | Q:        nan | won: False 
#   70 | steps:   587 | steps_t:     0 | t: 0.187513 | r:  -504.000000 | e:   1.000000 | Q:        nan | won: False 
#   71 | steps:   597 | steps_t:     0 | t: 0.203139 | r:  -509.000000 | e:   1.000000 | Q:        nan | won: False 
#   72 | steps:   613 | steps_t:     0 | t: 0.203139 | r:  -515.000000 | e:   1.000000 | Q:        nan | won: False 
#   73 | steps:   621 | steps_t:     0 | t: 0.203139 | r:  -507.000000 | e:   1.000000 | Q:        nan | won: False 
#   74 | steps:   627 | steps_t:     0 | t: 0.203139 | r:  -505.000000 | e:   1.000000 | Q:        nan | won: False 
#   75 | steps:   633 | steps_t:     0 | t: 0.203139 | r:  -505.000000 | e:   1.000000 | Q:        nan | won: False 
#   76 | steps:   639 | steps_t:     0 | t: 0.218765 | r:  -505.000000 | e:   1.000000 | Q:        nan | won: False 
#   77 | steps:   650 | steps_t:     0 | t: 0.218765 | r:  -510.000000 | e:   1.000000 | Q:        nan | won: False 
#   78 | steps:   657 | steps_t:     0 | t: 0.218765 | r:  -506.000000 | e:   1.000000 | Q:        nan | won: False 
#   79 | steps:   665 | steps_t:     0 | t: 0.218765 | r:  -507.000000 | e:   1.000000 | Q:        nan | won: False 
#   80 | steps:   673 | steps_t:     0 | t: 0.218765 | r:  -507.000000 | e:   1.000000 | Q:        nan | won: False 
#   81 | steps:   686 | steps_t:     0 | t: 0.234391 | r:  -512.000000 | e:   1.000000 | Q:        nan | won: False 
#   82 | steps:   694 | steps_t:     0 | t: 0.234391 | r:  -507.000000 | e:   1.000000 | Q:        nan | won: False 
#   83 | steps:   700 | steps_t:     0 | t: 0.234391 | r:  -505.000000 | e:   1.000000 | Q:        nan | won: False 
#   84 | steps:   707 | steps_t:     0 | t: 0.234391 | r:  -506.000000 | e:   1.000000 | Q:        nan | won: False 
#   85 | steps:   714 | steps_t:     0 | t: 0.234391 | r:  -506.000000 | e:   1.000000 | Q:        nan | won: False 
#   86 | steps:   721 | steps_t:     0 | t: 0.234391 | r:  -506.000000 | e:   1.000000 | Q:        nan | won: False 
#   87 | steps:   729 | steps_t:     0 | t: 0.234391 | r:  -507.000000 | e:   1.000000 | Q:        nan | won: False 
#   88 | steps:   737 | steps_t:     0 | t: 0.250017 | r:  -507.000000 | e:   1.000000 | Q:        nan | won: False 
#   89 | steps:   746 | steps_t:     0 | t: 0.250017 | r:  -508.000000 | e:   1.000000 | Q:        nan | won: False 
#   90 | steps:   752 | steps_t:     0 | t: 0.250017 | r:  -505.000000 | e:   1.000000 | Q:        nan | won: False 
#   91 | steps:   762 | steps_t:     0 | t: 0.250017 | r:  -509.000000 | e:   1.000000 | Q:        nan | won: False 
#   92 | steps:   775 | steps_t:     0 | t: 0.250017 | r:  -512.000000 | e:   1.000000 | Q:        nan | won: False 
#   93 | steps:   784 | steps_t:     0 | t: 0.265643 | r:  -508.000000 | e:   1.000000 | Q:        nan | won: False 
#   94 | steps:   797 | steps_t:     0 | t: 0.265643 | r:  -501.000000 | e:   1.000000 | Q:        nan | won: False 
#   95 | steps:   803 | steps_t:     0 | t: 0.265643 | r:  -505.000000 | e:   1.000000 | Q:        nan | won: False 
#   96 | steps:   821 | steps_t:     0 | t: 0.265643 | r:  -517.000000 | e:   1.000000 | Q:        nan | won: False 
#   97 | steps:   831 | steps_t:     0 | t: 0.281268 | r:  -509.000000 | e:   1.000000 | Q:        nan | won: False 
#   98 | steps:   839 | steps_t:     0 | t: 0.281268 | r:  -507.000000 | e:   1.000000 | Q:        nan | won: False 
#   99 | steps:   848 | steps_t:     0 | t: 0.281268 | r:  -508.000000 | e:   1.000000 | Q:        nan | won: False 
#  100 | steps:   857 | steps_t:     0 | t: 0.281268 | r:  -508.000000 | e:   1.000000 | Q:        nan | won: False 
#  101 | steps:   866 | steps_t:     0 | t: 0.281268 | r:  -508.000000 | e:   1.000000 | Q:        nan | won: False 
#  102 | steps:   873 | steps_t:     0 | t: 0.281268 | r:  -506.000000 | e:   1.000000 | Q:        nan | won: False 
#  103 | steps:   882 | steps_t:     0 | t: 0.296895 | r:  -508.000000 | e:   1.000000 | Q:        nan | won: False 
#  104 | steps:   895 | steps_t:     0 | t: 0.296895 | r:  -512.000000 | e:   1.000000 | Q:        nan | won: False 
#  105 | steps:   903 | steps_t:     0 | t: 0.296895 | r:  -507.000000 | e:   1.000000 | Q:        nan | won: False 
#  106 | steps:   915 | steps_t:     0 | t: 0.296895 | r:  -511.000000 | e:   1.000000 | Q:        nan | won: False 
#  107 | steps:   925 | steps_t:     0 | t: 0.312521 | r:  -509.000000 | e:   1.000000 | Q:        nan | won: False 
#  108 | steps:   933 | steps_t:     0 | t: 0.312521 | r:  -507.000000 | e:   1.000000 | Q:        nan | won: False 
#  109 | steps:   940 | steps_t:     0 | t: 0.312521 | r:  -506.000000 | e:   1.000000 | Q:        nan | won: False 
#  110 | steps:   948 | steps_t:     0 | t: 0.312521 | r:  -507.000000 | e:   1.000000 | Q:        nan | won: False 
#  111 | steps:   957 | steps_t:     0 | t: 0.312521 | r:  -508.000000 | e:   1.000000 | Q:        nan | won: False 
#  112 | steps:   966 | steps_t:     0 | t: 0.312521 | r:  -508.000000 | e:   1.000000 | Q:        nan | won: False 
#  113 | steps:   973 | steps_t:     0 | t: 0.328147 | r:  -506.000000 | e:   1.000000 | Q:        nan | won: False 
#  114 | steps:   979 | steps_t:     0 | t: 0.328147 | r:  -505.000000 | e:   1.000000 | Q:        nan | won: False 
#  115 | steps:   991 | steps_t:     0 | t: 0.328147 | r:  -511.000000 | e:   1.000000 | Q:        nan | won: False 
#  116 | steps:  1003 | steps_t:     0 | t: 0.328147 | r:  -511.000000 | e:   1.000000 | Q:        nan | won: False 
#  117 | steps:  1010 | steps_t:     0 | t: 0.328147 | r:  -506.000000 | e:   1.000000 | Q:        nan | won: False 
#  118 | steps:  1018 | steps_t:     0 | t: 0.343773 | r:  -507.000000 | e:   1.000000 | Q:        nan | won: False 
#  119 | steps:  1036 | steps_t:     0 | t: 0.343773 | r:  -517.000000 | e:   1.000000 | Q:        nan | won: False 
#  120 | steps:  1045 | steps_t:     0 | t: 0.343773 | r:  -508.000000 | e:   1.000000 | Q:        nan | won: False 
#  121 | steps:  1053 | steps_t:     0 | t: 0.343773 | r:  -507.000000 | e:   1.000000 | Q:        nan | won: False 
#  122 | steps:  1061 | steps_t:     0 | t: 0.343773 | r:  -507.000000 | e:   1.000000 | Q:        nan | won: False 
#  123 | steps:  1068 | steps_t:     0 | t: 0.359399 | r:  -506.000000 | e:   1.000000 | Q:        nan | won: False 
#  124 | steps:  1074 | steps_t:     0 | t: 0.359399 | r:  -505.000000 | e:   1.000000 | Q:        nan | won: False 
#  125 | steps:  1080 | steps_t:     0 | t: 0.359399 | r:  -505.000000 | e:   1.000000 | Q:        nan | won: False 
#  126 | steps:  1086 | steps_t:     0 | t: 0.359399 | r:  -505.000000 | e:   1.000000 | Q:        nan | won: False 
#  127 | steps:  1096 | steps_t:     0 | t: 0.359399 | r:  -509.000000 | e:   1.000000 | Q:        nan | won: False 
#  128 | steps:  1104 | steps_t:     0 | t: 0.359399 | r:  -507.000000 | e:   1.000000 | Q:        nan | won: False 
#  129 | steps:  1111 | steps_t:     0 | t: 0.359399 | r:  -506.000000 | e:   1.000000 | Q:        nan | won: False 
#  130 | steps:  1119 | steps_t:     0 | t: 0.375025 | r:  -507.000000 | e:   1.000000 | Q:        nan | won: False 
#  131 | steps:  1128 | steps_t:     0 | t: 0.375025 | r:  -508.000000 | e:   1.000000 | Q:        nan | won: False 
#  132 | steps:  1135 | steps_t:     0 | t: 0.375025 | r:  -506.000000 | e:   1.000000 | Q:        nan | won: False 
#  133 | steps:  1140 | steps_t:     0 | t: 0.375025 | r:  -504.000000 | e:   1.000000 | Q:        nan | won: False 
#  134 | steps:  1148 | steps_t:     0 | t: 0.375025 | r:  -507.000000 | e:   1.000000 | Q:        nan | won: False 
#  135 | steps:  1157 | steps_t:     0 | t: 0.375025 | r:  -508.000000 | e:   1.000000 | Q:        nan | won: False 
#  136 | steps:  1164 | steps_t:     0 | t: 0.390651 | r:  -506.000000 | e:   1.000000 | Q:        nan | won: False 
#  137 | steps:  1172 | steps_t:     0 | t: 0.390651 | r:  -507.000000 | e:   1.000000 | Q:        nan | won: False 
#  138 | steps:  1185 | steps_t:     0 | t: 0.390651 | r:  -501.000000 | e:   1.000000 | Q:        nan | won: False 
#  139 | steps:  1191 | steps_t:     0 | t: 0.390651 | r:  -505.000000 | e:   1.000000 | Q:        nan | won: False 
#  140 | steps:  1198 | steps_t:     0 | t: 0.390651 | r:  -506.000000 | e:   1.000000 | Q:        nan | won: False 
#  141 | steps:  1211 | steps_t:     0 | t: 0.406278 | r:  -512.000000 | e:   1.000000 | Q:        nan | won: False 
#  142 | steps:  1219 | steps_t:     0 | t: 0.406278 | r:  -507.000000 | e:   1.000000 | Q:        nan | won: False 
#  143 | steps:  1229 | steps_t:     0 | t: 0.406278 | r:  -509.000000 | e:   1.000000 | Q:        nan | won: False 
#  144 | steps:  1237 | steps_t:     0 | t: 0.406278 | r:  -507.000000 | e:   1.000000 | Q:        nan | won: False 
#  145 | steps:  1244 | steps_t:     0 | t: 0.406278 | r:  -506.000000 | e:   1.000000 | Q:        nan | won: False 
#  146 | steps:  1255 | steps_t:     0 | t: 0.421902 | r:  -510.000000 | e:   1.000000 | Q:        nan | won: False 
#  147 | steps:  1261 | steps_t:     0 | t: 0.421902 | r:  -505.000000 | e:   1.000000 | Q:        nan | won: False 
#  148 | steps:  1267 | steps_t:     0 | t: 0.421902 | r:  -505.000000 | e:   1.000000 | Q:        nan | won: False 
#  149 | steps:  1276 | steps_t:     0 | t: 0.421902 | r:  -508.000000 | e:   1.000000 | Q:        nan | won: False 
#  150 | steps:  1285 | steps_t:     0 | t: 0.421902 | r:  -508.000000 | e:   1.000000 | Q:        nan | won: False 
#  151 | steps:  1293 | steps_t:     0 | t: 0.421902 | r:  -507.000000 | e:   1.000000 | Q:        nan | won: False 
#  152 | steps:  1301 | steps_t:     0 | t: 0.437530 | r:  -507.000000 | e:   1.000000 | Q:        nan | won: False 
#  153 | steps:  1308 | steps_t:     0 | t: 0.437530 | r:  -506.000000 | e:   1.000000 | Q:        nan | won: False 
#  154 | steps:  1316 | steps_t:     0 | t: 0.437530 | r:  -507.000000 | e:   1.000000 | Q:        nan | won: False 
#  155 | steps:  1324 | steps_t:     0 | t: 0.437530 | r:  -507.000000 | e:   1.000000 | Q:        nan | won: False 
#  156 | steps:  1330 | steps_t:     0 | t: 0.437530 | r:  -505.000000 | e:   1.000000 | Q:        nan | won: False 
#  157 | steps:  1343 | steps_t:     0 | t: 0.437530 | r:  -512.000000 | e:   1.000000 | Q:        nan | won: False 
#  158 | steps:  1349 | steps_t:     0 | t: 0.453155 | r:  -505.000000 | e:   1.000000 | Q:        nan | won: False 
#  159 | steps:  1357 | steps_t:     0 | t: 0.453155 | r:  -507.000000 | e:   1.000000 | Q:        nan | won: False 
#  160 | steps:  1371 | steps_t:     0 | t: 0.453155 | r:  -513.000000 | e:   1.000000 | Q:        nan | won: False 
#  161 | steps:  1379 | steps_t:     0 | t: 0.453155 | r:  -507.000000 | e:   1.000000 | Q:        nan | won: False 
#  162 | steps:  1387 | steps_t:     0 | t: 0.453155 | r:  -507.000000 | e:   1.000000 | Q:        nan | won: False 
#  163 | steps:  1400 | steps_t:     0 | t: 0.468782 | r:  -512.000000 | e:   1.000000 | Q:        nan | won: False 
#  164 | steps:  1409 | steps_t:     0 | t: 0.468782 | r:  -508.000000 | e:   1.000000 | Q:        nan | won: False 
#  165 | steps:  1417 | steps_t:     0 | t: 0.468782 | r:  -507.000000 | e:   1.000000 | Q:        nan | won: False 
#  166 | steps:  1426 | steps_t:     0 | t: 0.468782 | r:  -508.000000 | e:   1.000000 | Q:        nan | won: False 
#  167 | steps:  1435 | steps_t:     0 | t: 0.468782 | r:  -508.000000 | e:   1.000000 | Q:        nan | won: False 
#  168 | steps:  1444 | steps_t:     0 | t: 0.484408 | r:  -508.000000 | e:   1.000000 | Q:        nan | won: False 
#  169 | steps:  1453 | steps_t:     0 | t: 0.484408 | r:  -508.000000 | e:   1.000000 | Q:        nan | won: False 
#  170 | steps:  1464 | steps_t:     0 | t: 0.484408 | r:  -510.000000 | e:   1.000000 | Q:        nan | won: False 
#  171 | steps:  1469 | steps_t:     0 | t: 0.484408 | r:  -504.000000 | e:   1.000000 | Q:        nan | won: False 
#  172 | steps:  1478 | steps_t:     0 | t: 0.484408 | r:  -508.000000 | e:   1.000000 | Q:        nan | won: False 
#  173 | steps:  1486 | steps_t:     0 | t: 0.484408 | r:  -507.000000 | e:   1.000000 | Q:        nan | won: False 
#  174 | steps:  1505 | steps_t:     0 | t: 0.500034 | r:  -496.000000 | e:   1.000000 | Q:        nan | won: False 
#  175 | steps:  1512 | steps_t:     0 | t: 0.500034 | r:  -506.000000 | e:   1.000000 | Q:        nan | won: False 
#  176 | steps:  1518 | steps_t:     0 | t: 0.500034 | r:  -505.000000 | e:   1.000000 | Q:        nan | won: False 
#  177 | steps:  1524 | steps_t:     0 | t: 0.500034 | r:  -505.000000 | e:   1.000000 | Q:        nan | won: False 
#  178 | steps:  1532 | steps_t:     0 | t: 0.500034 | r:  -507.000000 | e:   1.000000 | Q:        nan | won: False 
#  179 | steps:  1541 | steps_t:     0 | t: 0.515659 | r:  -508.000000 | e:   1.000000 | Q:        nan | won: False 
#  180 | steps:  1562 | steps_t:     0 | t: 0.515659 | r:  -520.000000 | e:   1.000000 | Q:        nan | won: False 
#  181 | steps:  1573 | steps_t:     0 | t: 0.515659 | r:  -510.000000 | e:   1.000000 | Q:        nan | won: False 
#  182 | steps:  1582 | steps_t:     0 | t: 0.515659 | r:  -508.000000 | e:   1.000000 | Q:        nan | won: False 
#  183 | steps:  1592 | steps_t:     0 | t: 0.531286 | r:  -509.000000 | e:   1.000000 | Q:        nan | won: False 
#  184 | steps:  1601 | steps_t:     0 | t: 0.531286 | r:  -508.000000 | e:   1.000000 | Q:        nan | won: False 
#  185 | steps:  1609 | steps_t:     0 | t: 0.531286 | r:  -507.000000 | e:   1.000000 | Q:        nan | won: False 
#  186 | steps:  1617 | steps_t:     0 | t: 0.531286 | r:  -507.000000 | e:   1.000000 | Q:        nan | won: False 
#  187 | steps:  1629 | steps_t:     0 | t: 0.531286 | r:  -511.000000 | e:   1.000000 | Q:        nan | won: False 
#  188 | steps:  1639 | steps_t:     0 | t: 0.546912 | r:  -509.000000 | e:   1.000000 | Q:        nan | won: False 
#  189 | steps:  1646 | steps_t:     0 | t: 0.546912 | r:  -506.000000 | e:   1.000000 | Q:        nan | won: False 
#  190 | steps:  1654 | steps_t:     0 | t: 0.546912 | r:  -507.000000 | e:   1.000000 | Q:        nan | won: False 
#  191 | steps:  1663 | steps_t:     0 | t: 0.546912 | r:  -508.000000 | e:   1.000000 | Q:        nan | won: False 
#  192 | steps:  1671 | steps_t:     0 | t: 0.546912 | r:  -507.000000 | e:   1.000000 | Q:        nan | won: False 
#  193 | steps:  1678 | steps_t:     0 | t: 0.546912 | r:  -506.000000 | e:   1.000000 | Q:        nan | won: False 
#  194 | steps:  1685 | steps_t:     0 | t: 0.562538 | r:  -506.000000 | e:   1.000000 | Q:        nan | won: False 
#  195 | steps:  1694 | steps_t:     0 | t: 0.562538 | r:  -508.000000 | e:   1.000000 | Q:        nan | won: False 
#  196 | steps:  1704 | steps_t:     0 | t: 0.562538 | r:  -509.000000 | e:   1.000000 | Q:        nan | won: False 
#  197 | steps:  1712 | steps_t:     0 | t: 0.562538 | r:  -507.000000 | e:   1.000000 | Q:        nan | won: False 
#  198 | steps:  1719 | steps_t:     0 | t: 0.562538 | r:  -506.000000 | e:   1.000000 | Q:        nan | won: False 
#  199 | steps:  1725 | steps_t:     0 | t: 0.562538 | r:  -505.000000 | e:   1.000000 | Q:        nan | won: False 
#  200 | steps:  1731 | steps_t:     0 | t: 0.578164 | r:  -505.000000 | e:   1.000000 | Q:        nan | won: False 
#  201 | steps:  1739 | steps_t:     0 | t: 0.578164 | r:  -507.000000 | e:   1.000000 | Q:        nan | won: False 
#  202 | steps:  1745 | steps_t:     0 | t: 0.578164 | r:  -505.000000 | e:   1.000000 | Q:        nan | won: False 
#  203 | steps:  1754 | steps_t:     0 | t: 0.578164 | r:  -508.000000 | e:   1.000000 | Q:        nan | won: False 
#  204 | steps:  1760 | steps_t:     0 | t: 0.578164 | r:  -505.000000 | e:   1.000000 | Q:        nan | won: False 
#  205 | steps:  1767 | steps_t:     0 | t: 0.578164 | r:  -506.000000 | e:   1.000000 | Q:        nan | won: False 
#  206 | steps:  1777 | steps_t:     0 | t: 0.593790 | r:  -509.000000 | e:   1.000000 | Q:        nan | won: False 
#  207 | steps:  1786 | steps_t:     0 | t: 0.593790 | r:  -508.000000 | e:   1.000000 | Q:        nan | won: False 
#  208 | steps:  1796 | steps_t:     0 | t: 0.593790 | r:  -509.000000 | e:   1.000000 | Q:        nan | won: False 
#  209 | steps:  1806 | steps_t:     0 | t: 0.593790 | r:  -509.000000 | e:   1.000000 | Q:        nan | won: False 
#  210 | steps:  1820 | steps_t:     0 | t: 0.593790 | r:  -513.000000 | e:   1.000000 | Q:        nan | won: False 
#  211 | steps:  1829 | steps_t:     0 | t: 0.609416 | r:  -508.000000 | e:   1.000000 | Q:        nan | won: False 
#  212 | steps:  1836 | steps_t:     0 | t: 0.609416 | r:  -506.000000 | e:   1.000000 | Q:        nan | won: False 
#  213 | steps:  1846 | steps_t:     0 | t: 0.609416 | r:  -509.000000 | e:   1.000000 | Q:        nan | won: False 
#  214 | steps:  1861 | steps_t:     0 | t: 0.609416 | r:  -514.000000 | e:   1.000000 | Q:        nan | won: False 
#  215 | steps:  1873 | steps_t:     0 | t: 0.625042 | r:  -511.000000 | e:   1.000000 | Q:        nan | won: False 
#  216 | steps:  1891 | steps_t:     0 | t: 0.625042 | r:  -517.000000 | e:   1.000000 | Q:        nan | won: False 
#  217 | steps:  1900 | steps_t:     0 | t: 0.625042 | r:  -508.000000 | e:   1.000000 | Q:        nan | won: False 
#  218 | steps:  1909 | steps_t:     0 | t: 0.625042 | r:  -508.000000 | e:   1.000000 | Q:        nan | won: False 
#  219 | steps:  1915 | steps_t:     0 | t: 0.625042 | r:  -505.000000 | e:   1.000000 | Q:        nan | won: False 
#  220 | steps:  1931 | steps_t:     0 | t: 0.640668 | r:  -515.000000 | e:   1.000000 | Q:        nan | won: False 
#  221 | steps:  1939 | steps_t:     0 | t: 0.640668 | r:  -507.000000 | e:   1.000000 | Q:        nan | won: False 
#  222 | steps:  1944 | steps_t:     0 | t: 0.640668 | r:  -504.000000 | e:   1.000000 | Q:        nan | won: False 
#  223 | steps:  1952 | steps_t:     0 | t: 0.640668 | r:  -507.000000 | e:   1.000000 | Q:        nan | won: False 
#  224 | steps:  1968 | steps_t:     0 | t: 0.640668 | r:  -504.000000 | e:   1.000000 | Q:        nan | won: False 
#  225 | steps:  1977 | steps_t:     0 | t: 0.656294 | r:  -508.000000 | e:   1.000000 | Q:        nan | won: False 
#  226 | steps:  1982 | steps_t:     0 | t: 0.656294 | r:  -504.000000 | e:   1.000000 | Q:        nan | won: False 
#  227 | steps:  1997 | steps_t:     0 | t: 0.656294 | r:  -514.000000 | e:   1.000000 | Q:        nan | won: False 
#  228 | steps:  2006 | steps_t:     0 | t: 0.656294 | r:  -508.000000 | e:   1.000000 | Q:        nan | won: False 
#  229 | steps:  2013 | steps_t:     0 | t: 0.656294 | r:  -506.000000 | e:   1.000000 | Q:        nan | won: False 
#  230 | steps:  2019 | steps_t:     0 | t: 0.671919 | r:  -505.000000 | e:   1.000000 | Q:        nan | won: False 
#  231 | steps:  2026 | steps_t:     0 | t: 0.671919 | r:  -506.000000 | e:   1.000000 | Q:        nan | won: False 
#  232 | steps:  2033 | steps_t:     0 | t: 0.671919 | r:  -506.000000 | e:   1.000000 | Q:        nan | won: False 
#  233 | steps:  2040 | steps_t:     0 | t: 0.671919 | r:  -506.000000 | e:   1.000000 | Q:        nan | won: False 
#  234 | steps:  2051 | steps_t:     0 | t: 0.671919 | r:  -510.000000 | e:   1.000000 | Q:        nan | won: False 
#  235 | steps:  2057 | steps_t:     0 | t: 0.671919 | r:  -505.000000 | e:   1.000000 | Q:        nan | won: False 
#  236 | steps:  2067 | steps_t:     0 | t: 0.687546 | r:  -509.000000 | e:   1.000000 | Q:        nan | won: False 
#  237 | steps:  2075 | steps_t:     0 | t: 0.687546 | r:  -507.000000 | e:   1.000000 | Q:        nan | won: False 
#  238 | steps:  2082 | steps_t:     0 | t: 0.687546 | r:  -506.000000 | e:   1.000000 | Q:        nan | won: False 
#  239 | steps:  2091 | steps_t:     0 | t: 0.687546 | r:  -508.000000 | e:   1.000000 | Q:        nan | won: False 
#  240 | steps:  2110 | steps_t:     0 | t: 0.687546 | r:  -518.000000 | e:   1.000000 | Q:        nan | won: False 
#  241 | steps:  2123 | steps_t:     0 | t: 0.703172 | r:  -512.000000 | e:   1.000000 | Q:        nan | won: False 
#  242 | steps:  2135 | steps_t:     0 | t: 0.703172 | r:  -511.000000 | e:   1.000000 | Q:        nan | won: False 
#  243 | steps:  2147 | steps_t:     0 | t: 0.703172 | r:  -511.000000 | e:   1.000000 | Q:        nan | won: False 
#  244 | steps:  2161 | steps_t:     0 | t: 0.703172 | r:  -502.000000 | e:   1.000000 | Q:        nan | won: False 
#  245 | steps:  2168 | steps_t:     0 | t: 0.718799 | r:  -506.000000 | e:   1.000000 | Q:        nan | won: False 
#  246 | steps:  2179 | steps_t:     0 | t: 0.718799 | r:  -510.000000 | e:   1.000000 | Q:        nan | won: False 
#  247 | steps:  2191 | steps_t:     0 | t: 0.718799 | r:  -511.000000 | e:   1.000000 | Q:        nan | won: False 
#  248 | steps:  2200 | steps_t:     0 | t: 0.718799 | r:  -508.000000 | e:   1.000000 | Q:        nan | won: False 
#  249 | steps:  2211 | steps_t:     0 | t: 0.718799 | r:  -510.000000 | e:   1.000000 | Q:        nan | won: False 
#  250 | steps:  2220 | steps_t:     0 | t: 0.734424 | r:  -508.000000 | e:   1.000000 | Q:        nan | won: False 
#  251 | steps:  2228 | steps_t:     0 | t: 0.734424 | r:  -507.000000 | e:   1.000000 | Q:        nan | won: False 
#  252 | steps:  2242 | steps_t:     0 | t: 0.734424 | r:  -513.000000 | e:   1.000000 | Q:        nan | won: False 
#  253 | steps:  2250 | steps_t:     0 | t: 0.734424 | r:  -507.000000 | e:   1.000000 | Q:        nan | won: False 
#  254 | steps:  2256 | steps_t:     0 | t: 0.734424 | r:  -505.000000 | e:   1.000000 | Q:        nan | won: False 
#  255 | steps:  2262 | steps_t:     0 | t: 0.734424 | r:  -505.000000 | e:   1.000000 | Q:        nan | won: False 
#  256 | steps:  2269 | steps_t:     0 | t: 0.750051 | r:  -506.000000 | e:   1.000000 | Q:        nan | won: False 
#  257 | steps:  2275 | steps_t:     0 | t: 0.750051 | r:  -505.000000 | e:   1.000000 | Q:        nan | won: False 
#  258 | steps:  2281 | steps_t:     0 | t: 0.750051 | r:  -505.000000 | e:   1.000000 | Q:        nan | won: False 
#  259 | steps:  2288 | steps_t:     0 | t: 0.750051 | r:  -506.000000 | e:   1.000000 | Q:        nan | won: False 
#  260 | steps:  2296 | steps_t:     0 | t: 0.750051 | r:  -507.000000 | e:   1.000000 | Q:        nan | won: False 
#  261 | steps:  2304 | steps_t:     0 | t: 0.750051 | r:  -507.000000 | e:   1.000000 | Q:        nan | won: False 
#  262 | steps:  2310 | steps_t:     0 | t: 0.765676 | r:  -505.000000 | e:   1.000000 | Q:        nan | won: False 
#  263 | steps:  2316 | steps_t:     0 | t: 0.765676 | r:  -505.000000 | e:   1.000000 | Q:        nan | won: False 
#  264 | steps:  2327 | steps_t:     0 | t: 0.765676 | r:  -510.000000 | e:   1.000000 | Q:        nan | won: False 
#  265 | steps:  2334 | steps_t:     0 | t: 0.765676 | r:  -506.000000 | e:   1.000000 | Q:        nan | won: False 
#  266 | steps:  2342 | steps_t:     0 | t: 0.765676 | r:  -507.000000 | e:   1.000000 | Q:        nan | won: False 
#  267 | steps:  2352 | steps_t:     0 | t: 0.765676 | r:  -509.000000 | e:   1.000000 | Q:        nan | won: False 
#  268 | steps:  2362 | steps_t:     0 | t: 0.781303 | r:  -509.000000 | e:   1.000000 | Q:        nan | won: False 
#  269 | steps:  2369 | steps_t:     0 | t: 0.781303 | r:  -506.000000 | e:   1.000000 | Q:        nan | won: False 
#  270 | steps:  2375 | steps_t:     0 | t: 0.781303 | r:  -505.000000 | e:   1.000000 | Q:        nan | won: False 
#  271 | steps:  2387 | steps_t:     0 | t: 0.781303 | r:  -511.000000 | e:   1.000000 | Q:        nan | won: False 
#  272 | steps:  2396 | steps_t:     0 | t: 0.781303 | r:  -508.000000 | e:   1.000000 | Q:        nan | won: False 
#  273 | steps:  2403 | steps_t:     0 | t: 0.796928 | r:  -506.000000 | e:   1.000000 | Q:        nan | won: False 
#  274 | steps:  2413 | steps_t:     0 | t: 0.796928 | r:  -509.000000 | e:   1.000000 | Q:        nan | won: False 
#  275 | steps:  2419 | steps_t:     0 | t: 0.796928 | r:  -505.000000 | e:   1.000000 | Q:        nan | won: False 
#  276 | steps:  2426 | steps_t:     0 | t: 0.796928 | r:  -506.000000 | e:   1.000000 | Q:        nan | won: False 
#  277 | steps:  2435 | steps_t:     0 | t: 0.796928 | r:  -508.000000 | e:   1.000000 | Q:        nan | won: False 
#  278 | steps:  2444 | steps_t:     0 | t: 0.796928 | r:  -508.000000 | e:   1.000000 | Q:        nan | won: False 
#  279 | steps:  2453 | steps_t:     0 | t: 0.812555 | r:  -508.000000 | e:   1.000000 | Q:        nan | won: False 
#  280 | steps:  2465 | steps_t:     0 | t: 0.812555 | r:  -511.000000 | e:   1.000000 | Q:        nan | won: False 
#  281 | steps:  2473 | steps_t:     0 | t: 0.812555 | r:  -507.000000 | e:   1.000000 | Q:        nan | won: False 
#  282 | steps:  2483 | steps_t:     0 | t: 0.812555 | r:  -509.000000 | e:   1.000000 | Q:        nan | won: False 
#  283 | steps:  2496 | steps_t:     0 | t: 0.812555 | r:  -512.000000 | e:   1.000000 | Q:        nan | won: False 
#  284 | steps:  2504 | steps_t:     0 | t: 0.828180 | r:  -507.000000 | e:   1.000000 | Q:        nan | won: False 
#  285 | steps:  2515 | steps_t:     0 | t: 0.828180 | r:  -510.000000 | e:   1.000000 | Q:        nan | won: False 
#  286 | steps:  2523 | steps_t:     0 | t: 0.828180 | r:  -507.000000 | e:   1.000000 | Q:        nan | won: False 
#  287 | steps:  2532 | steps_t:     0 | t: 0.828180 | r:  -508.000000 | e:   1.000000 | Q:        nan | won: False 
#  288 | steps:  2540 | steps_t:     0 | t: 0.828180 | r:  -507.000000 | e:   1.000000 | Q:        nan | won: False 
#  289 | steps:  2547 | steps_t:     0 | t: 0.828180 | r:  -506.000000 | e:   1.000000 | Q:        nan | won: False 
#  290 | steps:  2553 | steps_t:     0 | t: 0.843807 | r:  -505.000000 | e:   1.000000 | Q:        nan | won: False 
#  291 | steps:  2562 | steps_t:     0 | t: 0.843807 | r:  -508.000000 | e:   1.000000 | Q:        nan | won: False 
#  292 | steps:  2571 | steps_t:     0 | t: 0.843807 | r:  -508.000000 | e:   1.000000 | Q:        nan | won: False 
#  293 | steps:  2580 | steps_t:     0 | t: 0.843807 | r:  -508.000000 | e:   1.000000 | Q:        nan | won: False 
#  294 | steps:  2588 | steps_t:     0 | t: 0.843807 | r:  -507.000000 | e:   1.000000 | Q:        nan | won: False 
#  295 | steps:  2599 | steps_t:     0 | t: 0.859433 | r:  -510.000000 | e:   1.000000 | Q:        nan | won: False 
#  296 | steps:  2609 | steps_t:     0 | t: 0.859433 | r:  -509.000000 | e:   1.000000 | Q:        nan | won: False 
#  297 | steps:  2615 | steps_t:     0 | t: 0.859433 | r:  -505.000000 | e:   1.000000 | Q:        nan | won: False 
#  298 | steps:  2626 | steps_t:     0 | t: 0.859433 | r:  -510.000000 | e:   1.000000 | Q:        nan | won: False 
#  299 | steps:  2642 | steps_t:     0 | t: 0.859433 | r:  -515.000000 | e:   1.000000 | Q:        nan | won: False 
#  300 | steps:  2656 | steps_t:     0 | t: 0.875058 | r:  -513.000000 | e:   1.000000 | Q:        nan | won: False 
#  301 | steps:  2663 | steps_t:     0 | t: 0.875058 | r:  -506.000000 | e:   1.000000 | Q:        nan | won: False 
#  302 | steps:  2670 | steps_t:     0 | t: 0.875058 | r:  -506.000000 | e:   1.000000 | Q:        nan | won: False 
#  303 | steps:  2676 | steps_t:     0 | t: 0.875058 | r:  -505.000000 | e:   1.000000 | Q:        nan | won: False 
#  304 | steps:  2686 | steps_t:     0 | t: 0.875058 | r:  -509.000000 | e:   1.000000 | Q:        nan | won: False 
#  305 | steps:  2693 | steps_t:     0 | t: 0.875058 | r:  -506.000000 | e:   1.000000 | Q:        nan | won: False 
#  306 | steps:  2699 | steps_t:     0 | t: 0.890685 | r:  -505.000000 | e:   1.000000 | Q:        nan | won: False 
#  307 | steps:  2711 | steps_t:     0 | t: 0.890685 | r:  -511.000000 | e:   1.000000 | Q:        nan | won: False 
#  308 | steps:  2722 | steps_t:     0 | t: 0.890685 | r:  -510.000000 | e:   1.000000 | Q:        nan | won: False 
#  309 | steps:  2730 | steps_t:     0 | t: 0.890685 | r:  -507.000000 | e:   1.000000 | Q:        nan | won: False 
#  310 | steps:  2741 | steps_t:     0 | t: 0.890685 | r:  -510.000000 | e:   1.000000 | Q:        nan | won: False 
#  311 | steps:  2749 | steps_t:     0 | t: 0.906311 | r:  -507.000000 | e:   1.000000 | Q:        nan | won: False 
#  312 | steps:  2756 | steps_t:     0 | t: 0.906311 | r:  -506.000000 | e:   1.000000 | Q:        nan | won: False 
#  313 | steps:  2762 | steps_t:     0 | t: 0.906311 | r:  -505.000000 | e:   1.000000 | Q:        nan | won: False 
#  314 | steps:  2769 | steps_t:     0 | t: 0.906311 | r:  -506.000000 | e:   1.000000 | Q:        nan | won: False 
#  315 | steps:  2776 | steps_t:     0 | t: 0.906311 | r:  -506.000000 | e:   1.000000 | Q:        nan | won: False 
#  316 | steps:  2785 | steps_t:     0 | t: 0.906311 | r:  -508.000000 | e:   1.000000 | Q:        nan | won: False 
#  317 | steps:  2795 | steps_t:     0 | t: 0.921937 | r:  -509.000000 | e:   1.000000 | Q:        nan | won: False 
#  318 | steps:  2802 | steps_t:     0 | t: 0.921937 | r:  -506.000000 | e:   1.000000 | Q:        nan | won: False 
#  319 | steps:  2807 | steps_t:     0 | t: 0.921937 | r:  -504.000000 | e:   1.000000 | Q:        nan | won: False 
#  320 | steps:  2814 | steps_t:     0 | t: 0.921937 | r:  -506.000000 | e:   1.000000 | Q:        nan | won: False 
#  321 | steps:  2829 | steps_t:     0 | t: 0.921937 | r:  -514.000000 | e:   1.000000 | Q:        nan | won: False 
#  322 | steps:  2839 | steps_t:     0 | t: 0.937562 | r:  -509.000000 | e:   1.000000 | Q:        nan | won: False 
#  323 | steps:  2847 | steps_t:     0 | t: 0.937562 | r:  -507.000000 | e:   1.000000 | Q:        nan | won: False 
#  324 | steps:  2854 | steps_t:     0 | t: 0.937562 | r:  -506.000000 | e:   1.000000 | Q:        nan | won: False 
#  325 | steps:  2861 | steps_t:     0 | t: 0.937562 | r:  -506.000000 | e:   1.000000 | Q:        nan | won: False 
#  326 | steps:  2866 | steps_t:     0 | t: 0.937562 | r:  -504.000000 | e:   1.000000 | Q:        nan | won: False 
#  327 | steps:  2877 | steps_t:     0 | t: 0.937562 | r:  -510.000000 | e:   1.000000 | Q:        nan | won: False 
#  328 | steps:  2885 | steps_t:     0 | t: 0.953189 | r:  -507.000000 | e:   1.000000 | Q:        nan | won: False 
#  329 | steps:  2895 | steps_t:     0 | t: 0.953189 | r:  -509.000000 | e:   1.000000 | Q:        nan | won: False 
#  330 | steps:  2907 | steps_t:     0 | t: 0.953189 | r:  -511.000000 | e:   1.000000 | Q:        nan | won: False 
#  331 | steps:  2917 | steps_t:     0 | t: 0.953189 | r:  -509.000000 | e:   1.000000 | Q:        nan | won: False 
#  332 | steps:  2927 | steps_t:     0 | t: 0.953189 | r:  -509.000000 | e:   1.000000 | Q:        nan | won: False 
#  333 | steps:  2941 | steps_t:     0 | t: 0.968815 | r:  -513.000000 | e:   1.000000 | Q:        nan | won: False 
#  334 | steps:  2948 | steps_t:     0 | t: 0.968815 | r:  -506.000000 | e:   1.000000 | Q:        nan | won: False 
#  335 | steps:  2959 | steps_t:     0 | t: 0.968815 | r:  -510.000000 | e:   1.000000 | Q:        nan | won: False 
#  336 | steps:  2970 | steps_t:     0 | t: 0.968815 | r:  -510.000000 | e:   1.000000 | Q:        nan | won: False 
#  337 | steps:  2979 | steps_t:     0 | t: 0.968815 | r:  -508.000000 | e:   1.000000 | Q:        nan | won: False 
#  338 | steps:  2989 | steps_t:     0 | t: 0.984441 | r:  -509.000000 | e:   1.000000 | Q:        nan | won: False 
#  339 | steps:  2998 | steps_t:     0 | t: 0.984441 | r:  -508.000000 | e:   1.000000 | Q:        nan | won: False 
#  340 | steps:  3008 | steps_t:     0 | t: 0.984441 | r:  -509.000000 | e:   1.000000 | Q:        nan | won: False 
#  341 | steps:  3017 | steps_t:     0 | t: 0.984441 | r:  -508.000000 | e:   1.000000 | Q:        nan | won: False 
#  342 | steps:  3024 | steps_t:     0 | t: 0.984441 | r:  -506.000000 | e:   1.000000 | Q:        nan | won: False 
#  343 | steps:  3035 | steps_t:     0 | t: 1.000067 | r:  -510.000000 | e:   1.000000 | Q:        nan | won: False 
#  344 | steps:  3041 | steps_t:     0 | t: 1.000067 | r:  -505.000000 | e:   1.000000 | Q:        nan | won: False 
#  345 | steps:  3050 | steps_t:     0 | t: 1.000067 | r:  -508.000000 | e:   1.000000 | Q:        nan | won: False 
#  346 | steps:  3058 | steps_t:     0 | t: 1.000067 | r:  -507.000000 | e:   1.000000 | Q:        nan | won: False 
#  347 | steps:  3064 | steps_t:     0 | t: 1.000067 | r:  -505.000000 | e:   1.000000 | Q:        nan | won: False 
#  348 | steps:  3072 | steps_t:     0 | t: 1.000067 | r:  -507.000000 | e:   1.000000 | Q:        nan | won: False 
#  349 | steps:  3085 | steps_t:     0 | t: 1.015693 | r:  -512.000000 | e:   1.000000 | Q:        nan | won: False 
#  350 | steps:  3099 | steps_t:     0 | t: 1.015693 | r:  -513.000000 | e:   1.000000 | Q:        nan | won: False 
#  351 | steps:  3106 | steps_t:     0 | t: 1.015693 | r:  -506.000000 | e:   1.000000 | Q:        nan | won: False 
#  352 | steps:  3118 | steps_t:     0 | t: 1.015693 | r:  -511.000000 | e:   1.000000 | Q:        nan | won: False 
#  353 | steps:  3125 | steps_t:     0 | t: 1.031319 | r:  -506.000000 | e:   1.000000 | Q:        nan | won: False 
#  354 | steps:  3136 | steps_t:     0 | t: 1.031319 | r:  -510.000000 | e:   1.000000 | Q:        nan | won: False 
#  355 | steps:  3141 | steps_t:     0 | t: 1.031319 | r:  -504.000000 | e:   1.000000 | Q:        nan | won: False 
#  356 | steps:  3177 | steps_t:     0 | t: 1.046946 | r:  -524.000000 | e:   1.000000 | Q:        nan | won: False 
#  357 | steps:  3184 | steps_t:     0 | t: 1.046946 | r:  -506.000000 | e:   1.000000 | Q:        nan | won: False 
#  358 | steps:  3192 | steps_t:     0 | t: 1.046946 | r:  -507.000000 | e:   1.000000 | Q:        nan | won: False 
#  359 | steps:  3199 | steps_t:     0 | t: 1.046946 | r:  -506.000000 | e:   1.000000 | Q:        nan | won: False 
#  360 | steps:  3206 | steps_t:     0 | t: 1.046946 | r:  -506.000000 | e:   1.000000 | Q:        nan | won: False 
#  361 | steps:  3215 | steps_t:     0 | t: 1.046946 | r:  -508.000000 | e:   1.000000 | Q:        nan | won: False 
#  362 | steps:  3238 | steps_t:     0 | t: 1.062571 | r:  -522.000000 | e:   1.000000 | Q:        nan | won: False 
#  363 | steps:  3248 | steps_t:     0 | t: 1.062571 | r:  -509.000000 | e:   1.000000 | Q:        nan | won: False 
#  364 | steps:  3257 | steps_t:     0 | t: 1.062571 | r:  -508.000000 | e:   1.000000 | Q:        nan | won: False 
#  365 | steps:  3264 | steps_t:     0 | t: 1.062571 | r:  -506.000000 | e:   1.000000 | Q:        nan | won: False 
#  366 | steps:  3271 | steps_t:     0 | t: 1.062571 | r:  -506.000000 | e:   1.000000 | Q:        nan | won: False 
#  367 | steps:  3278 | steps_t:     0 | t: 1.078197 | r:  -506.000000 | e:   1.000000 | Q:        nan | won: False 
#  368 | steps:  3286 | steps_t:     0 | t: 1.078197 | r:  -507.000000 | e:   1.000000 | Q:        nan | won: False 
#  369 | steps:  3293 | steps_t:     0 | t: 1.078197 | r:  -506.000000 | e:   1.000000 | Q:        nan | won: False 
#  370 | steps:  3301 | steps_t:     0 | t: 1.078197 | r:  -507.000000 | e:   1.000000 | Q:        nan | won: False 
#  371 | steps:  3309 | steps_t:     0 | t: 1.078197 | r:  -507.000000 | e:   1.000000 | Q:        nan | won: False 
#  372 | steps:  3316 | steps_t:     0 | t: 1.078197 | r:  -506.000000 | e:   1.000000 | Q:        nan | won: False 
#  373 | steps:  3324 | steps_t:     0 | t: 1.093824 | r:  -507.000000 | e:   1.000000 | Q:        nan | won: False 
#  374 | steps:  3331 | steps_t:     0 | t: 1.093824 | r:  -506.000000 | e:   1.000000 | Q:        nan | won: False 
#  375 | steps:  3343 | steps_t:     0 | t: 1.093824 | r:  -511.000000 | e:   1.000000 | Q:        nan | won: False 
#  376 | steps:  3353 | steps_t:     0 | t: 1.093824 | r:  -509.000000 | e:   1.000000 | Q:        nan | won: False 
#  377 | steps:  3364 | steps_t:     0 | t: 1.093824 | r:  -510.000000 | e:   1.000000 | Q:        nan | won: False 
#  378 | steps:  3371 | steps_t:     0 | t: 1.109450 | r:  -506.000000 | e:   1.000000 | Q:        nan | won: False 
#  379 | steps:  3385 | steps_t:     0 | t: 1.109450 | r:  -513.000000 | e:   1.000000 | Q:        nan | won: False 
#  380 | steps:  3392 | steps_t:     0 | t: 1.109450 | r:  -506.000000 | e:   1.000000 | Q:        nan | won: False 
#  381 | steps:  3398 | steps_t:     0 | t: 1.109450 | r:  -505.000000 | e:   1.000000 | Q:        nan | won: False 
#  382 | steps:  3404 | steps_t:     0 | t: 1.109450 | r:  -505.000000 | e:   1.000000 | Q:        nan | won: False 
#  383 | steps:  3411 | steps_t:     0 | t: 1.109450 | r:  -506.000000 | e:   1.000000 | Q:        nan | won: False 
#  384 | steps:  3423 | steps_t:     0 | t: 1.125076 | r:  -511.000000 | e:   1.000000 | Q:        nan | won: False 
#  385 | steps:  3431 | steps_t:     0 | t: 1.125076 | r:  -507.000000 | e:   1.000000 | Q:        nan | won: False 
#  386 | steps:  3436 | steps_t:     0 | t: 1.125076 | r:  -504.000000 | e:   1.000000 | Q:        nan | won: False 
#  387 | steps:  3447 | steps_t:     0 | t: 1.125076 | r:  -510.000000 | e:   1.000000 | Q:        nan | won: False 
#  388 | steps:  3457 | steps_t:     0 | t: 1.125076 | r:  -509.000000 | e:   1.000000 | Q:        nan | won: False 
#  389 | steps:  3466 | steps_t:     0 | t: 1.140702 | r:  -508.000000 | e:   1.000000 | Q:        nan | won: False 
#  390 | steps:  3474 | steps_t:     0 | t: 1.140702 | r:  -507.000000 | e:   1.000000 | Q:        nan | won: False 
#  391 | steps:  3481 | steps_t:     0 | t: 1.140702 | r:  -506.000000 | e:   1.000000 | Q:        nan | won: False 
#  392 | steps:  3489 | steps_t:     0 | t: 1.140702 | r:  -507.000000 | e:   1.000000 | Q:        nan | won: False 
#  393 | steps:  3496 | steps_t:     0 | t: 1.140702 | r:  -506.000000 | e:   1.000000 | Q:        nan | won: False 
#  394 | steps:  3507 | steps_t:     0 | t: 1.140702 | r:  -510.000000 | e:   1.000000 | Q:        nan | won: False 
#  395 | steps:  3513 | steps_t:     0 | t: 1.156328 | r:  -505.000000 | e:   1.000000 | Q:        nan | won: False 
#  396 | steps:  3522 | steps_t:     0 | t: 1.156328 | r:  -508.000000 | e:   1.000000 | Q:        nan | won: False 
#  397 | steps:  3528 | steps_t:     0 | t: 1.156328 | r:  -505.000000 | e:   1.000000 | Q:        nan | won: False 
#  398 | steps:  3539 | steps_t:     0 | t: 1.156328 | r:  -510.000000 | e:   1.000000 | Q:        nan | won: False 
#  399 | steps:  3546 | steps_t:     0 | t: 1.156328 | r:  -506.000000 | e:   1.000000 | Q:        nan | won: False 
#  400 | steps:  3554 | steps_t:     0 | t: 1.156328 | r:  -507.000000 | e:   1.000000 | Q:        nan | won: False 
#  401 | steps:  3563 | steps_t:     0 | t: 1.171954 | r:  -508.000000 | e:   1.000000 | Q:        nan | won: False 
#  402 | steps:  3573 | steps_t:     0 | t: 1.171954 | r:  -509.000000 | e:   1.000000 | Q:        nan | won: False 
#  403 | steps:  3581 | steps_t:     0 | t: 1.171954 | r:  -507.000000 | e:   1.000000 | Q:        nan | won: False 
#  404 | steps:  3591 | steps_t:     0 | t: 1.171954 | r:  -509.000000 | e:   1.000000 | Q:        nan | won: False 
#  405 | steps:  3598 | steps_t:     0 | t: 1.171954 | r:  -506.000000 | e:   1.000000 | Q:        nan | won: False 
#  406 | steps:  3607 | steps_t:     0 | t: 1.171954 | r:  -508.000000 | e:   1.000000 | Q:        nan | won: False 
#  407 | steps:  3614 | steps_t:     0 | t: 1.187579 | r:  -506.000000 | e:   1.000000 | Q:        nan | won: False 
#  408 | steps:  3629 | steps_t:     0 | t: 1.187579 | r:  -492.000000 | e:   1.000000 | Q:        nan | won: False 
#  409 | steps:  3638 | steps_t:     0 | t: 1.187579 | r:  -508.000000 | e:   1.000000 | Q:        nan | won: False 
#  410 | steps:  3645 | steps_t:     0 | t: 1.187579 | r:  -506.000000 | e:   1.000000 | Q:        nan | won: False 
#  411 | steps:  3652 | steps_t:     0 | t: 1.187579 | r:  -506.000000 | e:   1.000000 | Q:        nan | won: False 
#  412 | steps:  3660 | steps_t:     0 | t: 1.203206 | r:  -507.000000 | e:   1.000000 | Q:        nan | won: False 
#  413 | steps:  3668 | steps_t:     0 | t: 1.203206 | r:  -507.000000 | e:   1.000000 | Q:        nan | won: False 
