#    1 | steps:     8 | steps_t:     0 | t: 0.000000 | r:  -507.000000 | e:   1.000000 | Q:        nan | won: False 
#    2 | steps:    13 | steps_t:     0 | t: 0.015658 | r:  -504.000000 | e:   1.000000 | Q:        nan | won: False 
#    3 | steps:    23 | steps_t:     0 | t: 0.015658 | r:  -509.000000 | e:   1.000000 | Q:        nan | won: False 
#    4 | steps:    43 | steps_t:     0 | t: 0.031258 | r:  -519.000000 | e:   1.000000 | Q:        nan | won: False 
#    5 | steps:    50 | steps_t:     0 | t: 0.031258 | r:  -506.000000 | e:   1.000000 | Q:        nan | won: False 
#    6 | steps:    60 | steps_t:     0 | t: 0.047342 | r:  -509.000000 | e:   1.000000 | Q:        nan | won: False 
#    7 | steps:    70 | steps_t:     0 | t: 0.047342 | r:  -509.000000 | e:   1.000000 | Q:        nan | won: False 
#    8 | steps:    78 | steps_t:     0 | t: 0.063029 | r:  -507.000000 | e:   1.000000 | Q:        nan | won: False 
#    9 | steps:    87 | steps_t:     0 | t: 0.063029 | r:  -508.000000 | e:   1.000000 | Q:        nan | won: False 
#   10 | steps:    94 | steps_t:     0 | t: 0.063029 | r:  -506.000000 | e:   1.000000 | Q:        nan | won: False 
#   11 | steps:   123 | steps_t:     0 | t: 0.078656 | r:  -528.000000 | e:   1.000000 | Q:        nan | won: False 
#   12 | steps:   138 | steps_t:     0 | t: 0.094245 | r:  -514.000000 | e:   1.000000 | Q:        nan | won: False 
#   13 | steps:   144 | steps_t:     0 | t: 0.094245 | r:  -505.000000 | e:   1.000000 | Q:        nan | won: False 
#   14 | steps:   153 | steps_t:     0 | t: 0.109919 | r:  -508.000000 | e:   1.000000 | Q:        nan | won: False 
#   15 | steps:   163 | steps_t:     0 | t: 0.109919 | r:  -509.000000 | e:   1.000000 | Q:        nan | won: False 
#   16 | steps:   174 | steps_t:     0 | t: 0.125492 | r:  -510.000000 | e:   1.000000 | Q:        nan | won: False 
#   17 | steps:   184 | steps_t:     0 | t: 0.125492 | r:  -509.000000 | e:   1.000000 | Q:        nan | won: False 
#   18 | steps:   190 | steps_t:     0 | t: 0.125492 | r:  -505.000000 | e:   1.000000 | Q:        nan | won: False 
#   19 | steps:   207 | steps_t:     0 | t: 0.141157 | r:  -516.000000 | e:   1.000000 | Q:        nan | won: False 
#   20 | steps:   225 | steps_t:     0 | t: 0.156784 | r:  -517.000000 | e:   1.000000 | Q:        nan | won: False 
#   21 | steps:   233 | steps_t:     0 | t: 0.156784 | r:  -507.000000 | e:   1.000000 | Q:        nan | won: False 
#   22 | steps:   246 | steps_t:     0 | t: 0.172376 | r:  -512.000000 | e:   1.000000 | Q:        nan | won: False 
#   23 | steps:   255 | steps_t:     0 | t: 0.172376 | r:  -508.000000 | e:   1.000000 | Q:        nan | won: False 
#   24 | steps:   262 | steps_t:     0 | t: 0.172376 | r:  -506.000000 | e:   1.000000 | Q:        nan | won: False 
#   25 | steps:   284 | steps_t:     0 | t: 0.187993 | r:  -521.000000 | e:   1.000000 | Q:        nan | won: False 
#   26 | steps:   290 | steps_t:     0 | t: 0.187993 | r:  -505.000000 | e:   1.000000 | Q:        nan | won: False 
#   27 | steps:   296 | steps_t:     0 | t: 0.203617 | r:  -505.000000 | e:   1.000000 | Q:        nan | won: False 
#   28 | steps:   304 | steps_t:     0 | t: 0.203617 | r:  -507.000000 | e:   1.000000 | Q:        nan | won: False 
#   29 | steps:   310 | steps_t:     0 | t: 0.203617 | r:  -505.000000 | e:   1.000000 | Q:        nan | won: False 
#   30 | steps:   321 | steps_t:     0 | t: 0.219281 | r:  -510.000000 | e:   1.000000 | Q:        nan | won: False 
#   31 | steps:   332 | steps_t:     0 | t: 0.219281 | r:  -510.000000 | e:   1.000000 | Q:        nan | won: False 
#   32 | steps:   345 | steps_t:     0 | t: 0.234910 | r:  -512.000000 | e:   1.000000 | Q:        nan | won: False 
#   33 | steps:   351 | steps_t:     0 | t: 0.234910 | r:  -505.000000 | e:   1.000000 | Q:        nan | won: False 
#   34 | steps:   363 | steps_t:     0 | t: 0.234910 | r:  -511.000000 | e:   1.000000 | Q:        nan | won: False 
#   35 | steps:   381 | steps_t:     0 | t: 0.250493 | r:  -517.000000 | e:   1.000000 | Q:        nan | won: False 
#   36 | steps:   388 | steps_t:     0 | t: 0.250493 | r:  -506.000000 | e:   1.000000 | Q:        nan | won: False 
#   37 | steps:   405 | steps_t:     0 | t: 0.266118 | r:  -516.000000 | e:   1.000000 | Q:        nan | won: False 
#   38 | steps:   412 | steps_t:     0 | t: 0.266118 | r:  -506.000000 | e:   1.000000 | Q:        nan | won: False 
#   39 | steps:   425 | steps_t:     0 | t: 0.281759 | r:  -512.000000 | e:   1.000000 | Q:        nan | won: False 
#   40 | steps:   433 | steps_t:     0 | t: 0.281759 | r:  -507.000000 | e:   1.000000 | Q:        nan | won: False 
#   41 | steps:   439 | steps_t:     0 | t: 0.297402 | r:  -505.000000 | e:   1.000000 | Q:        nan | won: False 
#   42 | steps:   447 | steps_t:     0 | t: 0.297402 | r:  -507.000000 | e:   1.000000 | Q:        nan | won: False 
#   43 | steps:   456 | steps_t:     0 | t: 0.297402 | r:  -508.000000 | e:   1.000000 | Q:        nan | won: False 
#   44 | steps:   462 | steps_t:     0 | t: 0.313026 | r:  -505.000000 | e:   1.000000 | Q:        nan | won: False 
#   45 | steps:   473 | steps_t:     0 | t: 0.313026 | r:  -510.000000 | e:   1.000000 | Q:        nan | won: False 
#   46 | steps:   484 | steps_t:     0 | t: 0.328660 | r:  -510.000000 | e:   1.000000 | Q:        nan | won: False 
#   47 | steps:   491 | steps_t:     0 | t: 0.328660 | r:  -506.000000 | e:   1.000000 | Q:        nan | won: False 
#   48 | steps:   499 | steps_t:     0 | t: 0.328660 | r:  -507.000000 | e:   1.000000 | Q:        nan | won: False 
#   49 | steps:   508 | steps_t:     0 | t: 0.344282 | r:  -508.000000 | e:   1.000000 | Q:        nan | won: False 
#   50 | steps:   518 | steps_t:     0 | t: 0.344282 | r:  -509.000000 | e:   1.000000 | Q:        nan | won: False 
#   51 | steps:   533 | steps_t:     0 | t: 0.359907 | r:  -514.000000 | e:   1.000000 | Q:        nan | won: False 
#   52 | steps:   546 | steps_t:     0 | t: 0.359907 | r:  -512.000000 | e:   1.000000 | Q:        nan | won: False 
#   53 | steps:   555 | steps_t:     0 | t: 0.375496 | r:  -508.000000 | e:   1.000000 | Q:        nan | won: False 
#   54 | steps:   565 | steps_t:     0 | t: 0.375496 | r:  -509.000000 | e:   1.000000 | Q:        nan | won: False 
#   55 | steps:   583 | steps_t:     0 | t: 0.391153 | r:  -517.000000 | e:   1.000000 | Q:        nan | won: False 
#   56 | steps:   603 | steps_t:     0 | t: 0.407260 | r:  -519.000000 | e:   1.000000 | Q:        nan | won: False 
#   57 | steps:   610 | steps_t:     0 | t: 0.407260 | r:  -506.000000 | e:   1.000000 | Q:        nan | won: False 
#   58 | steps:   625 | steps_t:     0 | t: 0.422943 | r:  -514.000000 | e:   1.000000 | Q:        nan | won: False 
#   59 | steps:   633 | steps_t:     0 | t: 0.422943 | r:  -507.000000 | e:   1.000000 | Q:        nan | won: False 
#   60 | steps:   641 | steps_t:     0 | t: 0.422943 | r:  -507.000000 | e:   1.000000 | Q:        nan | won: False 
#   61 | steps:   654 | steps_t:     0 | t: 0.438524 | r:  -512.000000 | e:   1.000000 | Q:        nan | won: False 
#   62 | steps:   669 | steps_t:     0 | t: 0.454154 | r:  -514.000000 | e:   1.000000 | Q:        nan | won: False 
#   63 | steps:   683 | steps_t:     0 | t: 0.454154 | r:  -513.000000 | e:   1.000000 | Q:        nan | won: False 
#   64 | steps:   689 | steps_t:     0 | t: 0.454154 | r:  -505.000000 | e:   1.000000 | Q:        nan | won: False 
#   65 | steps:   697 | steps_t:     0 | t: 0.469777 | r:  -507.000000 | e:   1.000000 | Q:        nan | won: False 
#   66 | steps:   704 | steps_t:     0 | t: 0.469777 | r:  -506.000000 | e:   1.000000 | Q:        nan | won: False 
#   67 | steps:   728 | steps_t:     0 | t: 0.485443 | r:  -523.000000 | e:   1.000000 | Q:        nan | won: False 
#   68 | steps:   740 | steps_t:     0 | t: 0.501025 | r:  -511.000000 | e:   1.000000 | Q:        nan | won: False 
#   69 | steps:   747 | steps_t:     0 | t: 0.501025 | r:  -506.000000 | e:   1.000000 | Q:        nan | won: False 
#   70 | steps:   756 | steps_t:     0 | t: 0.501025 | r:  -508.000000 | e:   1.000000 | Q:        nan | won: False 
#   71 | steps:   775 | steps_t:     0 | t: 0.516700 | r:  -518.000000 | e:   1.000000 | Q:        nan | won: False 
#   72 | steps:   783 | steps_t:     0 | t: 0.516700 | r:  -507.000000 | e:   1.000000 | Q:        nan | won: False 
#   73 | steps:   791 | steps_t:     0 | t: 0.532289 | r:  -507.000000 | e:   1.000000 | Q:        nan | won: False 
#   74 | steps:   797 | steps_t:     0 | t: 0.532289 | r:  -505.000000 | e:   1.000000 | Q:        nan | won: False 
#   75 | steps:   807 | steps_t:     0 | t: 0.532289 | r:  -509.000000 | e:   1.000000 | Q:        nan | won: False 
#   76 | steps:   816 | steps_t:     0 | t: 0.547935 | r:  -508.000000 | e:   1.000000 | Q:        nan | won: False 
#   77 | steps:   840 | steps_t:     0 | t: 0.563557 | r:  -523.000000 | e:   1.000000 | Q:        nan | won: False 
#   78 | steps:   849 | steps_t:     0 | t: 0.563557 | r:  -508.000000 | e:   1.000000 | Q:        nan | won: False 
#   79 | steps:   861 | steps_t:     0 | t: 0.579186 | r:  -511.000000 | e:   1.000000 | Q:        nan | won: False 
#   80 | steps:   869 | steps_t:     0 | t: 0.579186 | r:  -507.000000 | e:   1.000000 | Q:        nan | won: False 
#   81 | steps:   877 | steps_t:     0 | t: 0.579186 | r:  -507.000000 | e:   1.000000 | Q:        nan | won: False 
#   82 | steps:   883 | steps_t:     0 | t: 0.594782 | r:  -505.000000 | e:   1.000000 | Q:        nan | won: False 
#   83 | steps:   891 | steps_t:     0 | t: 0.594782 | r:  -507.000000 | e:   1.000000 | Q:        nan | won: False 
#   84 | steps:   899 | steps_t:     0 | t: 0.594782 | r:  -507.000000 | e:   1.000000 | Q:        nan | won: False 
#   85 | steps:   906 | steps_t:     0 | t: 0.610438 | r:  -506.000000 | e:   1.000000 | Q:        nan | won: False 
#   86 | steps:   917 | steps_t:     0 | t: 0.610438 | r:  -510.000000 | e:   1.000000 | Q:        nan | won: False 
#   87 | steps:   924 | steps_t:     0 | t: 0.610438 | r:  -506.000000 | e:   1.000000 | Q:        nan | won: False 
#   88 | steps:   933 | steps_t:     0 | t: 0.626063 | r:  -508.000000 | e:   1.000000 | Q:        nan | won: False 
#   89 | steps:   942 | steps_t:     0 | t: 0.626063 | r:  -508.000000 | e:   1.000000 | Q:        nan | won: False 
#   90 | steps:   958 | steps_t:     0 | t: 0.641695 | r:  -504.000000 | e:   1.000000 | Q:        nan | won: False 
#   91 | steps:   968 | steps_t:     0 | t: 0.641695 | r:  -509.000000 | e:   1.000000 | Q:        nan | won: False 
#   92 | steps:   986 | steps_t:     0 | t: 0.657310 | r:  -517.000000 | e:   1.000000 | Q:        nan | won: False 
#   93 | steps:   998 | steps_t:     0 | t: 0.657310 | r:  -511.000000 | e:   1.000000 | Q:        nan | won: False 
#   94 | steps:  1025 | steps_t:     0 | t: 0.672938 | r:  -526.000000 | e:   1.000000 | Q:        nan | won: False 
#   95 | steps:  1044 | steps_t:     0 | t: 0.688524 | r:  -518.000000 | e:   1.000000 | Q:        nan | won: False 
#   96 | steps:  1053 | steps_t:     0 | t: 0.688524 | r:  -508.000000 | e:   1.000000 | Q:        nan | won: False 
#   97 | steps:  1070 | steps_t:     0 | t: 0.704151 | r:  -516.000000 | e:   1.000000 | Q:        nan | won: False 
#   98 | steps:  1078 | steps_t:     0 | t: 0.704151 | r:  -507.000000 | e:   1.000000 | Q:        nan | won: False 
