#    1 | steps:    18 | steps_t: 2735611 | t: 0.078088 | r:  -506.000000 | e:   0.100000 | Q:  59.813198 | won: False 
#    2 | steps:    35 | steps_t: 2735611 | t: 0.109343 | r:    95.000000 | e:   0.100000 | Q: 102.149544 | won: True 
#    3 | steps:    53 | steps_t: 2735611 | t: 0.171903 | r:    94.000000 | e:   0.100000 | Q: 100.611267 | won: True 
#    4 | steps:    73 | steps_t: 2735611 | t: 0.249989 | r:    92.000000 | e:   0.100000 | Q:  98.254601 | won: True 
#    5 | steps:    89 | steps_t: 2735611 | t: 0.328116 | r:  -504.000000 | e:   0.100000 | Q:  92.257141 | won: False 
#    6 | steps:   106 | steps_t: 2735611 | t: 0.406685 | r:    95.000000 | e:   0.100000 | Q: 102.149544 | won: True 
#    7 | steps:   127 | steps_t: 2735611 | t: 0.500411 | r:    91.000000 | e:   0.100000 | Q:  97.900513 | won: True 
#    8 | steps:   155 | steps_t: 2735611 | t: 0.621960 | r:    84.000000 | e:   0.100000 | Q:  98.254601 | won: True 
#    9 | steps:   173 | steps_t: 2735611 | t: 0.700720 | r:    94.000000 | e:   0.100000 | Q: 101.288605 | won: True 
#   10 | steps:   190 | steps_t: 2735611 | t: 0.778836 | r:    95.000000 | e:   0.100000 | Q: 102.149544 | won: True 
#   11 | steps:   223 | steps_t: 2735611 | t: 0.888223 | r:  -521.000000 | e:   0.100000 | Q:  89.958466 | won: False 
#   12 | steps:   240 | steps_t: 2735611 | t: 0.966378 | r:    95.000000 | e:   0.100000 | Q: 101.230827 | won: True 
#   13 | steps:   258 | steps_t: 2735611 | t: 1.044459 | r:    94.000000 | e:   0.100000 | Q: 100.611267 | won: True 
#   14 | steps:   276 | steps_t: 2735611 | t: 1.122584 | r:    94.000000 | e:   0.100000 | Q: 100.611267 | won: True 
#   15 | steps:   294 | steps_t: 2735611 | t: 1.185153 | r:    94.000000 | e:   0.100000 | Q: 100.611267 | won: True 
#   16 | steps:   315 | steps_t: 2735611 | t: 1.294526 | r:    91.000000 | e:   0.100000 | Q: 102.335548 | won: True 
#   17 | steps:   334 | steps_t: 2735611 | t: 1.372635 | r:    93.000000 | e:   0.100000 | Q:  99.760963 | won: True 
#   18 | steps:   356 | steps_t: 2735611 | t: 1.473097 | r:    90.000000 | e:   0.100000 | Q: 100.960747 | won: True 
#   19 | steps:   369 | steps_t: 2735611 | t: 1.529570 | r:  -501.000000 | e:   0.100000 | Q:  71.056778 | won: False 
#   20 | steps:   394 | steps_t: 2735611 | t: 1.592089 | r:    87.000000 | e:   0.100000 | Q:  99.316360 | won: True 
#   21 | steps:   416 | steps_t: 2735611 | t: 1.640825 | r:    90.000000 | e:   0.100000 | Q: 101.623817 | won: True 
#   22 | steps:   437 | steps_t: 2735611 | t: 1.680260 | r:    91.000000 | e:   0.100000 | Q: 102.335548 | won: True 
#   23 | steps:   455 | steps_t: 2735611 | t: 1.727134 | r:    94.000000 | e:   0.100000 | Q: 101.288605 | won: True 
#   24 | steps:   473 | steps_t: 2735611 | t: 1.789635 | r:    94.000000 | e:   0.100000 | Q: 101.288605 | won: True 
#   25 | steps:   486 | steps_t: 2735611 | t: 1.820895 | r:  -501.000000 | e:   0.100000 | Q:  68.836113 | won: False 
#   26 | steps:   503 | steps_t: 2735611 | t: 1.867806 | r:    95.000000 | e:   0.100000 | Q: 101.230827 | won: True 
#   27 | steps:   521 | steps_t: 2735611 | t: 1.930255 | r:    94.000000 | e:   0.100000 | Q: 100.960747 | won: True 
#   28 | steps:   541 | steps_t: 2735611 | t: 1.977162 | r:    92.000000 | e:   0.100000 | Q:  98.254601 | won: True 
#   29 | steps:   559 | steps_t: 2735611 | t: 2.024086 | r:    94.000000 | e:   0.100000 | Q: 101.288605 | won: True 
#   30 | steps:   580 | steps_t: 2735611 | t: 2.070989 | r:    91.000000 | e:   0.100000 | Q: 102.335548 | won: True 
#   31 | steps:   605 | steps_t: 2735611 | t: 2.149137 | r:    87.000000 | e:   0.100000 | Q: 101.818947 | won: True 
#   32 | steps:   624 | steps_t: 2735611 | t: 2.247524 | r:    93.000000 | e:   0.100000 | Q:  99.760963 | won: True 
#   33 | steps:   641 | steps_t: 2735611 | t: 2.325595 | r:    95.000000 | e:   0.100000 | Q: 101.230827 | won: True 
#   34 | steps:   658 | steps_t: 2735611 | t: 2.388100 | r:  -505.000000 | e:   0.100000 | Q:  89.710854 | won: False 
#   35 | steps:   688 | steps_t: 2735611 | t: 2.513087 | r:    82.000000 | e:   0.100000 | Q:  98.804779 | won: True 
#   36 | steps:   708 | steps_t: 2735611 | t: 2.606891 | r:    92.000000 | e:   0.100000 | Q:  91.418518 | won: True 
#   37 | steps:   726 | steps_t: 2735611 | t: 2.658489 | r:    94.000000 | e:   0.100000 | Q: 101.288605 | won: True 
#   38 | steps:   747 | steps_t: 2735611 | t: 2.697938 | r:    91.000000 | e:   0.100000 | Q: 102.335548 | won: True 
#   39 | steps:   767 | steps_t: 2735611 | t: 2.744808 | r:    92.000000 | e:   0.100000 | Q:  98.254601 | won: True 
#   40 | steps:   786 | steps_t: 2735611 | t: 2.792139 | r:    93.000000 | e:   0.100000 | Q: 101.238434 | won: True 
#   41 | steps:   815 | steps_t: 2735611 | t: 2.870328 | r:    83.000000 | e:   0.100000 | Q: 101.238434 | won: True 
#   42 | steps:   834 | steps_t: 2735611 | t: 2.917184 | r:    93.000000 | e:   0.100000 | Q: 101.611458 | won: True 
#   43 | steps:   852 | steps_t: 2735611 | t: 2.964044 | r:    94.000000 | e:   0.100000 | Q: 101.288605 | won: True 
#   44 | steps:   872 | steps_t: 2735611 | t: 3.010950 | r:    92.000000 | e:   0.100000 | Q:  99.659950 | won: True 
#   45 | steps:   889 | steps_t: 2735611 | t: 3.057787 | r:    95.000000 | e:   0.100000 | Q:  95.937721 | won: True 
#   46 | steps:   910 | steps_t: 2735611 | t: 3.104699 | r:    91.000000 | e:   0.100000 | Q: 101.230827 | won: True 
#   47 | steps:   939 | steps_t: 2735611 | t: 3.167156 | r:    83.000000 | e:   0.100000 | Q: 101.230827 | won: True 
#   48 | steps:   957 | steps_t: 2735611 | t: 3.214073 | r:    94.000000 | e:   0.100000 | Q: 100.960747 | won: True 
#   49 | steps:   977 | steps_t: 2735611 | t: 3.276541 | r:    92.000000 | e:   0.100000 | Q: 101.610611 | won: True 
#   50 | steps:   997 | steps_t: 2735611 | t: 3.323418 | r:    92.000000 | e:   0.100000 | Q:  98.254601 | won: True 
#   51 | steps:  1021 | steps_t: 2735611 | t: 3.385977 | r:    88.000000 | e:   0.100000 | Q:  99.659950 | won: True 
#   52 | steps:  1042 | steps_t: 2735611 | t: 3.448414 | r:    91.000000 | e:   0.100000 | Q: 102.335548 | won: True 
#   53 | steps:  1059 | steps_t: 2735611 | t: 3.479698 | r:  -505.000000 | e:   0.100000 | Q:  59.813198 | won: False 
#   54 | steps:  1076 | steps_t: 2735611 | t: 3.510946 | r:    95.000000 | e:   0.100000 | Q: 101.230827 | won: True 
#   55 | steps:  1094 | steps_t: 2735611 | t: 3.557822 | r:    94.000000 | e:   0.100000 | Q: 101.288605 | won: True 
#   56 | steps:  1112 | steps_t: 2735611 | t: 3.604703 | r:    94.000000 | e:   0.100000 | Q: 100.611267 | won: True 
#   57 | steps:  1129 | steps_t: 2735611 | t: 3.674294 | r:    95.000000 | e:   0.100000 | Q: 102.149544 | won: True 
#   58 | steps:  1146 | steps_t: 2735611 | t: 3.729443 | r:    95.000000 | e:   0.100000 | Q: 101.230827 | won: True 
#   59 | steps:  1163 | steps_t: 2735611 | t: 3.776311 | r:    95.000000 | e:   0.100000 | Q:  95.937721 | won: True 
#   60 | steps:  1180 | steps_t: 2735611 | t: 3.823186 | r:    95.000000 | e:   0.100000 | Q: 101.230827 | won: True 
#   61 | steps:  1197 | steps_t: 2735611 | t: 3.854437 | r:    95.000000 | e:   0.100000 | Q: 101.230827 | won: True 
#   62 | steps:  1222 | steps_t: 2735611 | t: 3.916944 | r:  -513.000000 | e:   0.100000 | Q:  67.597610 | won: False 
#   63 | steps:  1241 | steps_t: 2735611 | t: 3.979457 | r:    93.000000 | e:   0.100000 | Q:  99.760963 | won: True 
#   64 | steps:  1263 | steps_t: 2735611 | t: 4.041954 | r:    90.000000 | e:   0.100000 | Q: 101.623817 | won: True 
#   65 | steps:  1288 | steps_t: 2735611 | t: 4.104470 | r:    87.000000 | e:   0.100000 | Q: 101.818947 | won: True 
#   66 | steps:  1304 | steps_t: 2735611 | t: 4.135740 | r:    96.000000 | e:   0.100000 | Q:  98.254601 | won: True 
#   67 | steps:  1321 | steps_t: 2735611 | t: 4.182968 | r:    95.000000 | e:   0.100000 | Q: 101.230827 | won: True 
#   68 | steps:  1338 | steps_t: 2735611 | t: 4.214218 | r:    95.000000 | e:   0.100000 | Q: 101.230827 | won: True 
#   69 | steps:  1357 | steps_t: 2735611 | t: 4.261093 | r:    93.000000 | e:   0.100000 | Q:  99.760963 | won: True 
#   70 | steps:  1375 | steps_t: 2735611 | t: 4.307967 | r:    94.000000 | e:   0.100000 | Q:  94.297897 | won: True 
#   71 | steps:  1390 | steps_t: 2735611 | t: 4.339256 | r:  -503.000000 | e:   0.100000 | Q:  71.056778 | won: False 
#   72 | steps:  1407 | steps_t: 2735611 | t: 4.386145 | r:    95.000000 | e:   0.100000 | Q: 101.230827 | won: True 
#   73 | steps:  1425 | steps_t: 2735611 | t: 4.432971 | r:    94.000000 | e:   0.100000 | Q: 100.611267 | won: True 
#   74 | steps:  1448 | steps_t: 2735611 | t: 4.495470 | r:    89.000000 | e:   0.100000 | Q: 106.888481 | won: True 
#   75 | steps:  1468 | steps_t: 2735611 | t: 4.557983 | r:    92.000000 | e:   0.100000 | Q:  98.254601 | won: True 
#   76 | steps:  1486 | steps_t: 2735611 | t: 4.604876 | r:    94.000000 | e:   0.100000 | Q: 101.288605 | won: True 
#   77 | steps:  1512 | steps_t: 2735611 | t: 4.672826 | r:    86.000000 | e:   0.100000 | Q: 100.725166 | won: True 
#   78 | steps:  1521 | steps_t: 2735611 | t: 4.688831 | r:  -508.000000 | e:   0.100000 | Q:  46.144871 | won: False 
#   79 | steps:  1540 | steps_t: 2735611 | t: 4.728234 | r:    93.000000 | e:   0.100000 | Q:  99.760963 | won: True 
#   80 | steps:  1574 | steps_t: 2735611 | t: 4.806386 | r:    78.000000 | e:   0.100000 | Q:  98.804779 | won: True 
#   81 | steps:  1596 | steps_t: 2735611 | t: 4.884479 | r:    90.000000 | e:   0.100000 | Q: 101.623817 | won: True 
#   82 | steps:  1613 | steps_t: 2735611 | t: 4.931380 | r:    95.000000 | e:   0.100000 | Q: 101.230827 | won: True 
#   83 | steps:  1630 | steps_t: 2735611 | t: 4.962605 | r:    95.000000 | e:   0.100000 | Q: 102.149544 | won: True 
#   84 | steps:  1647 | steps_t: 2735611 | t: 5.009480 | r:    95.000000 | e:   0.100000 | Q: 102.149544 | won: True 
#   85 | steps:  1664 | steps_t: 2735611 | t: 5.040724 | r:    95.000000 | e:   0.100000 | Q: 102.149544 | won: True 
#   86 | steps:  1682 | steps_t: 2735611 | t: 5.087605 | r:    94.000000 | e:   0.100000 | Q: 101.288605 | won: True 
#   87 | steps:  1714 | steps_t: 2735611 | t: 5.150128 | r:    80.000000 | e:   0.100000 | Q: 100.522858 | won: True 
#   88 | steps:  1734 | steps_t: 2735611 | t: 5.181355 | r:    92.000000 | e:   0.100000 | Q: 101.978981 | won: True 
#   89 | steps:  1749 | steps_t: 2735611 | t: 5.212604 | r:  -503.000000 | e:   0.100000 | Q:  83.010231 | won: False 
#   90 | steps:  1778 | steps_t: 2735611 | t: 5.275105 | r:    83.000000 | e:   0.100000 | Q:  99.316360 | won: True 
#   91 | steps:  1806 | steps_t: 2735611 | t: 5.368878 | r:    84.000000 | e:   0.100000 | Q:  98.254601 | won: True 
#   92 | steps:  1823 | steps_t: 2735611 | t: 5.447053 | r:    95.000000 | e:   0.100000 | Q: 102.149544 | won: True 
#   93 | steps:  1840 | steps_t: 2735611 | t: 5.525218 | r:    95.000000 | e:   0.100000 | Q: 101.230827 | won: True 
#   94 | steps:  1855 | steps_t: 2735611 | t: 5.587821 | r:  -503.000000 | e:   0.100000 | Q:  83.010231 | won: False 
#   95 | steps:  1873 | steps_t: 2735611 | t: 5.665905 | r:    94.000000 | e:   0.100000 | Q: 100.960747 | won: True 
#   96 | steps:  1893 | steps_t: 2735611 | t: 5.746227 | r:  -508.000000 | e:   0.100000 | Q:  91.248428 | won: False 
#   97 | steps:  1910 | steps_t: 2735611 | t: 5.824356 | r:    95.000000 | e:   0.100000 | Q: 101.350464 | won: True 
#   98 | steps:  1932 | steps_t: 2735611 | t: 5.918052 | r:    90.000000 | e:   0.100000 | Q: 100.960747 | won: True 
#   99 | steps:  1951 | steps_t: 2735611 | t: 5.996168 | r:  -496.000000 | e:   0.100000 | Q:  53.521812 | won: False 
#  100 | steps:  1968 | steps_t: 2735611 | t: 6.089935 | r:    95.000000 | e:   0.100000 | Q: 101.230827 | won: True 
