#    1 | steps:    19 | steps_t: 2735611 | t: 0.048005 | r:    93.000000 | e:   0.100000 | Q:  99.760963 | won: True 
#    2 | steps:    37 | steps_t: 2735611 | t: 0.080530 | r:    94.000000 | e:   0.100000 | Q: 101.288605 | won: True 
#    3 | steps:    65 | steps_t: 2735611 | t: 0.128588 | r:    84.000000 | e:   0.100000 | Q: 101.978981 | won: True 
#    4 | steps:    88 | steps_t: 2735611 | t: 0.173980 | r:    89.000000 | e:   0.100000 | Q: 106.888481 | won: True 
#    5 | steps:   108 | steps_t: 2735611 | t: 0.221987 | r:    92.000000 | e:   0.100000 | Q:  98.254601 | won: True 
#    6 | steps:   126 | steps_t: 2735611 | t: 0.270168 | r:    94.000000 | e:   0.100000 | Q: 100.611267 | won: True 
#    7 | steps:   147 | steps_t: 2735611 | t: 0.299967 | r:    91.000000 | e:   0.100000 | Q: 102.335548 | won: True 
#    8 | steps:   163 | steps_t: 2735611 | t: 0.331966 | r:    96.000000 | e:   0.100000 | Q:  98.254601 | won: True 
#    9 | steps:   180 | steps_t: 2735611 | t: 0.366198 | r:  -516.000000 | e:   0.100000 | Q:  53.424786 | won: False 
#   10 | steps:   197 | steps_t: 2735611 | t: 0.400610 | r:    95.000000 | e:   0.100000 | Q: 102.149544 | won: True 
#    1 | steps:    24 | steps_t: 3270774 | t: 0.071995 | r:    88.000000 | e:   0.100000 | Q: 101.667725 | won: True 
#    2 | steps:    47 | steps_t: 3270774 | t: 0.112700 | r:    89.000000 | e:   0.100000 | Q: 101.162773 | won: True 
#    3 | steps:    64 | steps_t: 3270774 | t: 0.151285 | r:    95.000000 | e:   0.100000 | Q: 100.854179 | won: True 
#    4 | steps:    90 | steps_t: 3270774 | t: 0.207303 | r:    86.000000 | e:   0.100000 | Q: 103.097313 | won: True 
#    5 | steps:   108 | steps_t: 3270774 | t: 0.247317 | r:    94.000000 | e:   0.100000 | Q:  99.949371 | won: True 
#    6 | steps:   136 | steps_t: 3270774 | t: 0.312218 | r:    84.000000 | e:   0.100000 | Q:  99.964523 | won: True 
#    7 | steps:   158 | steps_t: 3270774 | t: 0.352280 | r:    90.000000 | e:   0.100000 | Q: 100.625839 | won: True 
#    8 | steps:   178 | steps_t: 3270774 | t: 0.396312 | r:    92.000000 | e:   0.100000 | Q: 100.943588 | won: True 
#    9 | steps:   195 | steps_t: 3270774 | t: 0.458291 | r:    95.000000 | e:   0.100000 | Q: 101.309280 | won: True 
#   10 | steps:   210 | steps_t: 3270774 | t: 0.515748 | r:  -503.000000 | e:   0.100000 | Q:  66.923058 | won: False 
