#    1 | steps:     8 | steps_t:     0 | t: 0.015616 | r:  -507.000000 | e:   1.000000 | Q:        nan | won: False 
#    2 | steps:    18 | steps_t:     0 | t: 0.031241 | r:  -509.000000 | e:   1.000000 | Q:        nan | won: False 
#    3 | steps:    29 | steps_t:     0 | t: 0.031241 | r:  -510.000000 | e:   1.000000 | Q:        nan | won: False 
#    4 | steps:    34 | steps_t:     0 | t: 0.031241 | r:  -504.000000 | e:   1.000000 | Q:        nan | won: False 
#    5 | steps:    43 | steps_t:     0 | t: 0.046870 | r:  -508.000000 | e:   1.000000 | Q:        nan | won: False 
#    6 | steps:    49 | steps_t:     0 | t: 0.055365 | r:  -505.000000 | e:   1.000000 | Q:        nan | won: False 
#    7 | steps:    57 | steps_t:     0 | t: 0.062913 | r:  -507.000000 | e:   1.000000 | Q:        nan | won: False 
#    8 | steps:    64 | steps_t:     0 | t: 0.062913 | r:  -506.000000 | e:   1.000000 | Q:        nan | won: False 
#    9 | steps:    77 | steps_t:     0 | t: 0.062913 | r:  -512.000000 | e:   1.000000 | Q:        nan | won: False 
#   10 | steps:    84 | steps_t:     0 | t: 0.078553 | r:  -506.000000 | e:   1.000000 | Q:        nan | won: False 
#   11 | steps:   104 | steps_t:     0 | t: 0.094222 | r:  -508.000000 | e:   1.000000 | Q:        nan | won: False 
#   12 | steps:   114 | steps_t:     0 | t: 0.094222 | r:  -509.000000 | e:   1.000000 | Q:        nan | won: False 
#   13 | steps:   127 | steps_t:     0 | t: 0.109844 | r:  -512.000000 | e:   1.000000 | Q:        nan | won: False 
#   14 | steps:   136 | steps_t:     0 | t: 0.109844 | r:  -508.000000 | e:   1.000000 | Q:        nan | won: False 
#   15 | steps:   145 | steps_t:     0 | t: 0.109844 | r:  -508.000000 | e:   1.000000 | Q:        nan | won: False 
#   16 | steps:   155 | steps_t:     0 | t: 0.125467 | r:  -509.000000 | e:   1.000000 | Q:        nan | won: False 
#   17 | steps:   163 | steps_t:     0 | t: 0.125467 | r:  -507.000000 | e:   1.000000 | Q:        nan | won: False 
#   18 | steps:   181 | steps_t:     0 | t: 0.141094 | r:  -517.000000 | e:   1.000000 | Q:        nan | won: False 
#   19 | steps:   195 | steps_t:     0 | t: 0.141094 | r:  -513.000000 | e:   1.000000 | Q:        nan | won: False 
#   20 | steps:   210 | steps_t:     0 | t: 0.156687 | r:  -514.000000 | e:   1.000000 | Q:        nan | won: False 
#   21 | steps:   218 | steps_t:     0 | t: 0.156687 | r:  -507.000000 | e:   1.000000 | Q:        nan | won: False 
#   22 | steps:   224 | steps_t:     0 | t: 0.172340 | r:  -505.000000 | e:   1.000000 | Q:        nan | won: False 
#   23 | steps:   250 | steps_t:     0 | t: 0.187936 | r:  -525.000000 | e:   1.000000 | Q:        nan | won: False 
#   24 | steps:   258 | steps_t:     0 | t: 0.187936 | r:  -507.000000 | e:   1.000000 | Q:        nan | won: False 
#   25 | steps:   271 | steps_t:     0 | t: 0.203591 | r:  -512.000000 | e:   1.000000 | Q:        nan | won: False 
#   26 | steps:   298 | steps_t:     0 | t: 0.219213 | r:  -515.000000 | e:   1.000000 | Q:        nan | won: False 
#   27 | steps:   305 | steps_t:     0 | t: 0.219213 | r:  -506.000000 | e:   1.000000 | Q:        nan | won: False 
#   28 | steps:   315 | steps_t:     0 | t: 0.234841 | r:  -509.000000 | e:   1.000000 | Q:        nan | won: False 
#   29 | steps:   326 | steps_t:     0 | t: 0.234841 | r:  -510.000000 | e:   1.000000 | Q:        nan | won: False 
#   30 | steps:   336 | steps_t:     0 | t: 0.250467 | r:  -509.000000 | e:   1.000000 | Q:        nan | won: False 
#   31 | steps:   347 | steps_t:     0 | t: 0.250467 | r:  -510.000000 | e:   1.000000 | Q:        nan | won: False 
#   32 | steps:   358 | steps_t:     0 | t: 0.266096 | r:  -510.000000 | e:   1.000000 | Q:        nan | won: False 
#   33 | steps:   368 | steps_t:     0 | t: 0.266096 | r:  -509.000000 | e:   1.000000 | Q:        nan | won: False 
#   34 | steps:   380 | steps_t:     0 | t: 0.281723 | r:  -511.000000 | e:   1.000000 | Q:        nan | won: False 
#   35 | steps:   388 | steps_t:     0 | t: 0.281723 | r:  -507.000000 | e:   1.000000 | Q:        nan | won: False 
#   36 | steps:   395 | steps_t:     0 | t: 0.281723 | r:  -506.000000 | e:   1.000000 | Q:        nan | won: False 
#   37 | steps:   402 | steps_t:     0 | t: 0.297334 | r:  -506.000000 | e:   1.000000 | Q:        nan | won: False 
#   38 | steps:   410 | steps_t:     0 | t: 0.297334 | r:  -507.000000 | e:   1.000000 | Q:        nan | won: False 
#   39 | steps:   419 | steps_t:     0 | t: 0.312964 | r:  -508.000000 | e:   1.000000 | Q:        nan | won: False 
#   40 | steps:   427 | steps_t:     0 | t: 0.312964 | r:  -507.000000 | e:   1.000000 | Q:        nan | won: False 
#   41 | steps:   446 | steps_t:     0 | t: 0.328595 | r:  -518.000000 | e:   1.000000 | Q:        nan | won: False 
#   42 | steps:   457 | steps_t:     0 | t: 0.328595 | r:  -510.000000 | e:   1.000000 | Q:        nan | won: False 
#   43 | steps:   468 | steps_t:     0 | t: 0.344228 | r:  -510.000000 | e:   1.000000 | Q:        nan | won: False 
#   44 | steps:   474 | steps_t:     0 | t: 0.344228 | r:  -505.000000 | e:   1.000000 | Q:        nan | won: False 
#   45 | steps:   485 | steps_t:     0 | t: 0.359846 | r:  -510.000000 | e:   1.000000 | Q:        nan | won: False 
#   46 | steps:   498 | steps_t:     0 | t: 0.359846 | r:  -512.000000 | e:   1.000000 | Q:        nan | won: False 
#   47 | steps:   515 | steps_t:     0 | t: 0.375472 | r:  -516.000000 | e:   1.000000 | Q:        nan | won: False 
#   48 | steps:   524 | steps_t:     0 | t: 0.391099 | r:  -508.000000 | e:   1.000000 | Q:        nan | won: False 
#   49 | steps:   531 | steps_t:     0 | t: 0.391099 | r:  -506.000000 | e:   1.000000 | Q:        nan | won: False 
#   50 | steps:   542 | steps_t:     0 | t: 0.406690 | r:  -510.000000 | e:   1.000000 | Q:        nan | won: False 
#   51 | steps:   552 | steps_t:     0 | t: 0.406690 | r:  -509.000000 | e:   1.000000 | Q:        nan | won: False 
#   52 | steps:   562 | steps_t:     0 | t: 0.422313 | r:  -509.000000 | e:   1.000000 | Q:        nan | won: False 
#   53 | steps:   579 | steps_t:     0 | t: 0.422313 | r:  -505.000000 | e:   1.000000 | Q:        nan | won: False 
#   54 | steps:   584 | steps_t:     0 | t: 0.422313 | r:  -504.000000 | e:   1.000000 | Q:        nan | won: False 
#   55 | steps:   590 | steps_t:     0 | t: 0.437933 | r:  -505.000000 | e:   1.000000 | Q:        nan | won: False 
#   56 | steps:   604 | steps_t:     0 | t: 0.437933 | r:  -513.000000 | e:   1.000000 | Q:        nan | won: False 
#   57 | steps:   613 | steps_t:     0 | t: 0.453590 | r:  -508.000000 | e:   1.000000 | Q:        nan | won: False 
#   58 | steps:   621 | steps_t:     0 | t: 0.453590 | r:  -507.000000 | e:   1.000000 | Q:        nan | won: False 
#   59 | steps:   629 | steps_t:     0 | t: 0.453590 | r:  -507.000000 | e:   1.000000 | Q:        nan | won: False 
#   60 | steps:   635 | steps_t:     0 | t: 0.469216 | r:  -505.000000 | e:   1.000000 | Q:        nan | won: False 
#   61 | steps:   643 | steps_t:     0 | t: 0.469216 | r:  -507.000000 | e:   1.000000 | Q:        nan | won: False 
#   62 | steps:   657 | steps_t:     0 | t: 0.484811 | r:  -513.000000 | e:   1.000000 | Q:        nan | won: False 
#   63 | steps:   666 | steps_t:     0 | t: 0.484811 | r:  -508.000000 | e:   1.000000 | Q:        nan | won: False 
#   64 | steps:   676 | steps_t:     0 | t: 0.484811 | r:  -509.000000 | e:   1.000000 | Q:        nan | won: False 
#   65 | steps:   683 | steps_t:     0 | t: 0.500464 | r:  -506.000000 | e:   1.000000 | Q:        nan | won: False 
#   66 | steps:   694 | steps_t:     0 | t: 0.500464 | r:  -510.000000 | e:   1.000000 | Q:        nan | won: False 
#   67 | steps:   703 | steps_t:     0 | t: 0.516086 | r:  -508.000000 | e:   1.000000 | Q:        nan | won: False 
#   68 | steps:   724 | steps_t:     0 | t: 0.516086 | r:  -520.000000 | e:   1.000000 | Q:        nan | won: False 
#   69 | steps:   733 | steps_t:     0 | t: 0.531731 | r:  -508.000000 | e:   1.000000 | Q:        nan | won: False 
#   70 | steps:   741 | steps_t:     0 | t: 0.531731 | r:  -507.000000 | e:   1.000000 | Q:        nan | won: False 
#   71 | steps:   760 | steps_t:     0 | t: 0.547388 | r:  -518.000000 | e:   1.000000 | Q:        nan | won: False 
#   72 | steps:   766 | steps_t:     0 | t: 0.547388 | r:  -505.000000 | e:   1.000000 | Q:        nan | won: False 
#   73 | steps:   779 | steps_t:     0 | t: 0.562961 | r:  -512.000000 | e:   1.000000 | Q:        nan | won: False 
#   74 | steps:   793 | steps_t:     0 | t: 0.562961 | r:  -513.000000 | e:   1.000000 | Q:        nan | won: False 
#   75 | steps:   802 | steps_t:     0 | t: 0.578590 | r:  -508.000000 | e:   1.000000 | Q:        nan | won: False 
#   76 | steps:   819 | steps_t:     0 | t: 0.578590 | r:  -516.000000 | e:   1.000000 | Q:        nan | won: False 
#   77 | steps:   833 | steps_t:     0 | t: 0.594217 | r:  -502.000000 | e:   1.000000 | Q:        nan | won: False 
#   78 | steps:   845 | steps_t:     0 | t: 0.594217 | r:  -511.000000 | e:   1.000000 | Q:        nan | won: False 
#   79 | steps:   855 | steps_t:     0 | t: 0.609843 | r:  -509.000000 | e:   1.000000 | Q:        nan | won: False 
#   80 | steps:   863 | steps_t:     0 | t: 0.609843 | r:  -507.000000 | e:   1.000000 | Q:        nan | won: False 
#   81 | steps:   873 | steps_t:     0 | t: 0.609843 | r:  -509.000000 | e:   1.000000 | Q:        nan | won: False 
#   82 | steps:   891 | steps_t:     0 | t: 0.625436 | r:  -517.000000 | e:   1.000000 | Q:        nan | won: False 
#   83 | steps:   909 | steps_t:     0 | t: 0.641093 | r:  -517.000000 | e:   1.000000 | Q:        nan | won: False 
#   84 | steps:   919 | steps_t:     0 | t: 0.641093 | r:  -509.000000 | e:   1.000000 | Q:        nan | won: False 
#   85 | steps:   925 | steps_t:     0 | t: 0.656721 | r:  -505.000000 | e:   1.000000 | Q:        nan | won: False 
#   86 | steps:   939 | steps_t:     0 | t: 0.656721 | r:  -513.000000 | e:   1.000000 | Q:        nan | won: False 
#   87 | steps:   949 | steps_t:     0 | t: 0.672343 | r:  -509.000000 | e:   1.000000 | Q:        nan | won: False 
#   88 | steps:   961 | steps_t:     0 | t: 0.672343 | r:  -511.000000 | e:   1.000000 | Q:        nan | won: False 
#   89 | steps:   968 | steps_t:     0 | t: 0.672343 | r:  -506.000000 | e:   1.000000 | Q:        nan | won: False 
#   90 | steps:   976 | steps_t:     0 | t: 0.687961 | r:  -507.000000 | e:   1.000000 | Q:        nan | won: False 
#   91 | steps:   986 | steps_t:     0 | t: 0.687961 | r:  -509.000000 | e:   1.000000 | Q:        nan | won: False 
#   92 | steps:   994 | steps_t:     0 | t: 0.703561 | r:  -507.000000 | e:   1.000000 | Q:        nan | won: False 
#   93 | steps:  1002 | steps_t:     0 | t: 0.703561 | r:  -507.000000 | e:   1.000000 | Q:        nan | won: False 
#   94 | steps:  1024 | steps_t:     0 | t: 0.719218 | r:  -510.000000 | e:   1.000000 | Q:        nan | won: False 
#   95 | steps:  1046 | steps_t:     0 | t: 0.734835 | r:  -521.000000 | e:   1.000000 | Q:        nan | won: False 
#   96 | steps:  1064 | steps_t:     0 | t: 0.734835 | r:  -517.000000 | e:   1.000000 | Q:        nan | won: False 
#   97 | steps:  1074 | steps_t:     0 | t: 0.750437 | r:  -509.000000 | e:   1.000000 | Q:        nan | won: False 
#   98 | steps:  1084 | steps_t:     0 | t: 0.750437 | r:  -509.000000 | e:   1.000000 | Q:        nan | won: False 
#   99 | steps:  1091 | steps_t:     0 | t: 0.750437 | r:  -506.000000 | e:   1.000000 | Q:        nan | won: False 
#  100 | steps:  1102 | steps_t:     0 | t: 0.766056 | r:  -510.000000 | e:   1.000000 | Q:        nan | won: False 
#  101 | steps:  1108 | steps_t:     0 | t: 0.766056 | r:  -505.000000 | e:   1.000000 | Q:        nan | won: False 
#  102 | steps:  1116 | steps_t:     0 | t: 0.781709 | r:  -507.000000 | e:   1.000000 | Q:        nan | won: False 
#  103 | steps:  1122 | steps_t:     0 | t: 0.781709 | r:  -505.000000 | e:   1.000000 | Q:        nan | won: False 
#  104 | steps:  1128 | steps_t:     0 | t: 0.781709 | r:  -505.000000 | e:   1.000000 | Q:        nan | won: False 
#  105 | steps:  1143 | steps_t:     0 | t: 0.797311 | r:  -514.000000 | e:   1.000000 | Q:        nan | won: False 
#  106 | steps:  1150 | steps_t:     0 | t: 0.797311 | r:  -506.000000 | e:   1.000000 | Q:        nan | won: False 
#  107 | steps:  1171 | steps_t:     0 | t: 0.812962 | r:  -520.000000 | e:   1.000000 | Q:        nan | won: False 
#  108 | steps:  1183 | steps_t:     0 | t: 0.812962 | r:  -511.000000 | e:   1.000000 | Q:        nan | won: False 
#  109 | steps:  1190 | steps_t:     0 | t: 0.828559 | r:  -506.000000 | e:   1.000000 | Q:        nan | won: False 
#  110 | steps:  1204 | steps_t:     0 | t: 0.828559 | r:  -513.000000 | e:   1.000000 | Q:        nan | won: False 
#  111 | steps:  1211 | steps_t:     0 | t: 0.844221 | r:  -506.000000 | e:   1.000000 | Q:        nan | won: False 
#  112 | steps:  1224 | steps_t:     0 | t: 0.844221 | r:  -512.000000 | e:   1.000000 | Q:        nan | won: False 
#  113 | steps:  1239 | steps_t:     0 | t: 0.859851 | r:  -514.000000 | e:   1.000000 | Q:        nan | won: False 
#  114 | steps:  1248 | steps_t:     0 | t: 0.859851 | r:  -508.000000 | e:   1.000000 | Q:        nan | won: False 
#  115 | steps:  1262 | steps_t:     0 | t: 0.875466 | r:  -513.000000 | e:   1.000000 | Q:        nan | won: False 
#  116 | steps:  1269 | steps_t:     0 | t: 0.875466 | r:  -506.000000 | e:   1.000000 | Q:        nan | won: False 
#  117 | steps:  1278 | steps_t:     0 | t: 0.875466 | r:  -508.000000 | e:   1.000000 | Q:        nan | won: False 
#  118 | steps:  1285 | steps_t:     0 | t: 0.891059 | r:  -506.000000 | e:   1.000000 | Q:        nan | won: False 
#  119 | steps:  1299 | steps_t:     0 | t: 0.891059 | r:  -513.000000 | e:   1.000000 | Q:        nan | won: False 
#  120 | steps:  1309 | steps_t:     0 | t: 0.906719 | r:  -509.000000 | e:   1.000000 | Q:        nan | won: False 
#  121 | steps:  1317 | steps_t:     0 | t: 0.906719 | r:  -507.000000 | e:   1.000000 | Q:        nan | won: False 
#  122 | steps:  1327 | steps_t:     0 | t: 0.906719 | r:  -509.000000 | e:   1.000000 | Q:        nan | won: False 
#  123 | steps:  1340 | steps_t:     0 | t: 0.922313 | r:  -512.000000 | e:   1.000000 | Q:        nan | won: False 
#  124 | steps:  1352 | steps_t:     0 | t: 0.922313 | r:  -511.000000 | e:   1.000000 | Q:        nan | won: False 
#  125 | steps:  1359 | steps_t:     0 | t: 0.937968 | r:  -506.000000 | e:   1.000000 | Q:        nan | won: False 
#  126 | steps:  1366 | steps_t:     0 | t: 0.937968 | r:  -506.000000 | e:   1.000000 | Q:        nan | won: False 
#  127 | steps:  1386 | steps_t:     0 | t: 0.958008 | r:  -519.000000 | e:   1.000000 | Q:        nan | won: False 
#  128 | steps:  1405 | steps_t:     0 | t: 0.969697 | r:  -518.000000 | e:   1.000000 | Q:        nan | won: False 
#  129 | steps:  1413 | steps_t:     0 | t: 0.969697 | r:  -507.000000 | e:   1.000000 | Q:        nan | won: False 
#  130 | steps:  1421 | steps_t:     0 | t: 0.969697 | r:  -507.000000 | e:   1.000000 | Q:        nan | won: False 
#  131 | steps:  1444 | steps_t:     0 | t: 0.985379 | r:  -522.000000 | e:   1.000000 | Q:        nan | won: False 
#  132 | steps:  1456 | steps_t:     0 | t: 1.001001 | r:  -511.000000 | e:   1.000000 | Q:        nan | won: False 
#  133 | steps:  1468 | steps_t:     0 | t: 1.001001 | r:  -511.000000 | e:   1.000000 | Q:        nan | won: False 
