#    1 | steps:     9 | steps_t:     0 | t: 0.015569 | r:  -508.000000 | e:   1.000000 | Q:        nan | won: False 
#    2 | steps:    18 | steps_t:     0 | t: 0.015569 | r:  -508.000000 | e:   1.000000 | Q:        nan | won: False 
#    3 | steps:    26 | steps_t:     0 | t: 0.015569 | r:  -507.000000 | e:   1.000000 | Q:        nan | won: False 
#    4 | steps:    34 | steps_t:     0 | t: 0.031212 | r:  -507.000000 | e:   1.000000 | Q:        nan | won: False 
#    5 | steps:    41 | steps_t:     0 | t: 0.031212 | r:  -506.000000 | e:   1.000000 | Q:        nan | won: False 
#    6 | steps:    48 | steps_t:     0 | t: 0.031212 | r:  -506.000000 | e:   1.000000 | Q:        nan | won: False 
#    7 | steps:    57 | steps_t:     0 | t: 0.049786 | r:  -508.000000 | e:   1.000000 | Q:        nan | won: False 
#    8 | steps:    63 | steps_t:     0 | t: 0.057783 | r:  -505.000000 | e:   1.000000 | Q:        nan | won: False 
#    9 | steps:    69 | steps_t:     0 | t: 0.065781 | r:  -505.000000 | e:   1.000000 | Q:        nan | won: False 
#   10 | steps:    77 | steps_t:     0 | t: 0.065781 | r:  -507.000000 | e:   1.000000 | Q:        nan | won: False 
#   11 | steps:    86 | steps_t:     0 | t: 0.073930 | r:  -508.000000 | e:   1.000000 | Q:        nan | won: False 
#   12 | steps:   102 | steps_t:     0 | t: 0.089557 | r:  -504.000000 | e:   1.000000 | Q:        nan | won: False 
#   13 | steps:   109 | steps_t:     0 | t: 0.089557 | r:  -506.000000 | e:   1.000000 | Q:        nan | won: False 
#   14 | steps:   116 | steps_t:     0 | t: 0.089557 | r:  -506.000000 | e:   1.000000 | Q:        nan | won: False 
#   15 | steps:   129 | steps_t:     0 | t: 0.105220 | r:  -512.000000 | e:   1.000000 | Q:        nan | won: False 
#   16 | steps:   143 | steps_t:     0 | t: 0.105220 | r:  -513.000000 | e:   1.000000 | Q:        nan | won: False 
#   17 | steps:   152 | steps_t:     0 | t: 0.120809 | r:  -508.000000 | e:   1.000000 | Q:        nan | won: False 
#   18 | steps:   158 | steps_t:     0 | t: 0.120809 | r:  -505.000000 | e:   1.000000 | Q:        nan | won: False 
#   19 | steps:   166 | steps_t:     0 | t: 0.136432 | r:  -507.000000 | e:   1.000000 | Q:        nan | won: False 
#   20 | steps:   177 | steps_t:     0 | t: 0.136432 | r:  -510.000000 | e:   1.000000 | Q:        nan | won: False 
#   21 | steps:   190 | steps_t:     0 | t: 0.152090 | r:  -512.000000 | e:   1.000000 | Q:        nan | won: False 
#   22 | steps:   199 | steps_t:     0 | t: 0.152090 | r:  -508.000000 | e:   1.000000 | Q:        nan | won: False 
#   23 | steps:   205 | steps_t:     0 | t: 0.167683 | r:  -505.000000 | e:   1.000000 | Q:        nan | won: False 
#   24 | steps:   213 | steps_t:     0 | t: 0.167683 | r:  -507.000000 | e:   1.000000 | Q:        nan | won: False 
#   25 | steps:   229 | steps_t:     0 | t: 0.183372 | r:  -515.000000 | e:   1.000000 | Q:        nan | won: False 
#   26 | steps:   234 | steps_t:     0 | t: 0.183372 | r:  -504.000000 | e:   1.000000 | Q:        nan | won: False 
#   27 | steps:   246 | steps_t:     0 | t: 0.198967 | r:  -511.000000 | e:   1.000000 | Q:        nan | won: False 
#   28 | steps:   258 | steps_t:     0 | t: 0.198967 | r:  -511.000000 | e:   1.000000 | Q:        nan | won: False 
#   29 | steps:   264 | steps_t:     0 | t: 0.214556 | r:  -505.000000 | e:   1.000000 | Q:        nan | won: False 
#   30 | steps:   275 | steps_t:     0 | t: 0.214556 | r:  -510.000000 | e:   1.000000 | Q:        nan | won: False 
#   31 | steps:   285 | steps_t:     0 | t: 0.230195 | r:  -509.000000 | e:   1.000000 | Q:        nan | won: False 
#   32 | steps:   292 | steps_t:     0 | t: 0.230195 | r:  -506.000000 | e:   1.000000 | Q:        nan | won: False 
#   33 | steps:   303 | steps_t:     0 | t: 0.230195 | r:  -510.000000 | e:   1.000000 | Q:        nan | won: False 
#   34 | steps:   315 | steps_t:     0 | t: 0.245845 | r:  -511.000000 | e:   1.000000 | Q:        nan | won: False 
#   35 | steps:   326 | steps_t:     0 | t: 0.261500 | r:  -510.000000 | e:   1.000000 | Q:        nan | won: False 
#   36 | steps:   335 | steps_t:     0 | t: 0.261500 | r:  -508.000000 | e:   1.000000 | Q:        nan | won: False 
#   37 | steps:   342 | steps_t:     0 | t: 0.277094 | r:  -506.000000 | e:   1.000000 | Q:        nan | won: False 
#   38 | steps:   356 | steps_t:     0 | t: 0.277094 | r:  -513.000000 | e:   1.000000 | Q:        nan | won: False 
#   39 | steps:   366 | steps_t:     0 | t: 0.292719 | r:  -509.000000 | e:   1.000000 | Q:        nan | won: False 
#   40 | steps:   373 | steps_t:     0 | t: 0.292719 | r:  -506.000000 | e:   1.000000 | Q:        nan | won: False 
#   41 | steps:   384 | steps_t:     0 | t: 0.308348 | r:  -510.000000 | e:   1.000000 | Q:        nan | won: False 
#   42 | steps:   390 | steps_t:     0 | t: 0.308348 | r:  -505.000000 | e:   1.000000 | Q:        nan | won: False 
#   43 | steps:   395 | steps_t:     0 | t: 0.308348 | r:  -504.000000 | e:   1.000000 | Q:        nan | won: False 
#   44 | steps:   402 | steps_t:     0 | t: 0.323932 | r:  -506.000000 | e:   1.000000 | Q:        nan | won: False 
#   45 | steps:   409 | steps_t:     0 | t: 0.323932 | r:  -506.000000 | e:   1.000000 | Q:        nan | won: False 
#   46 | steps:   416 | steps_t:     0 | t: 0.339592 | r:  -506.000000 | e:   1.000000 | Q:        nan | won: False 
#   47 | steps:   427 | steps_t:     0 | t: 0.339592 | r:  -510.000000 | e:   1.000000 | Q:        nan | won: False 
#   48 | steps:   435 | steps_t:     0 | t: 0.355224 | r:  -507.000000 | e:   1.000000 | Q:        nan | won: False 
#   49 | steps:   450 | steps_t:     0 | t: 0.355224 | r:  -492.000000 | e:   1.000000 | Q:        nan | won: False 
#   50 | steps:   458 | steps_t:     0 | t: 0.370842 | r:  -507.000000 | e:   1.000000 | Q:        nan | won: False 
#   51 | steps:   474 | steps_t:     0 | t: 0.370842 | r:  -504.000000 | e:   1.000000 | Q:        nan | won: False 
#   52 | steps:   479 | steps_t:     0 | t: 0.386437 | r:  -504.000000 | e:   1.000000 | Q:        nan | won: False 
#   53 | steps:   485 | steps_t:     0 | t: 0.386437 | r:  -505.000000 | e:   1.000000 | Q:        nan | won: False 
#   54 | steps:   493 | steps_t:     0 | t: 0.386437 | r:  -507.000000 | e:   1.000000 | Q:        nan | won: False 
#   55 | steps:   501 | steps_t:     0 | t: 0.402056 | r:  -507.000000 | e:   1.000000 | Q:        nan | won: False 
#   56 | steps:   512 | steps_t:     0 | t: 0.402056 | r:  -510.000000 | e:   1.000000 | Q:        nan | won: False 
#   57 | steps:   517 | steps_t:     0 | t: 0.402056 | r:  -504.000000 | e:   1.000000 | Q:        nan | won: False 
#   58 | steps:   522 | steps_t:     0 | t: 0.417681 | r:  -504.000000 | e:   1.000000 | Q:        nan | won: False 
#   59 | steps:   530 | steps_t:     0 | t: 0.417681 | r:  -507.000000 | e:   1.000000 | Q:        nan | won: False 
#   60 | steps:   541 | steps_t:     0 | t: 0.433315 | r:  -510.000000 | e:   1.000000 | Q:        nan | won: False 
#   61 | steps:   553 | steps_t:     0 | t: 0.433315 | r:  -511.000000 | e:   1.000000 | Q:        nan | won: False 
#   62 | steps:   566 | steps_t:     0 | t: 0.448968 | r:  -512.000000 | e:   1.000000 | Q:        nan | won: False 
#   63 | steps:   577 | steps_t:     0 | t: 0.448968 | r:  -510.000000 | e:   1.000000 | Q:        nan | won: False 
#   64 | steps:   587 | steps_t:     0 | t: 0.464598 | r:  -509.000000 | e:   1.000000 | Q:        nan | won: False 
#   65 | steps:   596 | steps_t:     0 | t: 0.464598 | r:  -508.000000 | e:   1.000000 | Q:        nan | won: False 
#   66 | steps:   604 | steps_t:     0 | t: 0.464598 | r:  -507.000000 | e:   1.000000 | Q:        nan | won: False 
#   67 | steps:   613 | steps_t:     0 | t: 0.480211 | r:  -508.000000 | e:   1.000000 | Q:        nan | won: False 
#   68 | steps:   621 | steps_t:     0 | t: 0.480211 | r:  -507.000000 | e:   1.000000 | Q:        nan | won: False 
#   69 | steps:   630 | steps_t:     0 | t: 0.495822 | r:  -508.000000 | e:   1.000000 | Q:        nan | won: False 
#   70 | steps:   638 | steps_t:     0 | t: 0.495822 | r:  -507.000000 | e:   1.000000 | Q:        nan | won: False 
#   71 | steps:   644 | steps_t:     0 | t: 0.495822 | r:  -505.000000 | e:   1.000000 | Q:        nan | won: False 
#   72 | steps:   654 | steps_t:     0 | t: 0.511477 | r:  -509.000000 | e:   1.000000 | Q:        nan | won: False 
#   73 | steps:   660 | steps_t:     0 | t: 0.511477 | r:  -505.000000 | e:   1.000000 | Q:        nan | won: False 
#   74 | steps:   668 | steps_t:     0 | t: 0.511477 | r:  -507.000000 | e:   1.000000 | Q:        nan | won: False 
#   75 | steps:   675 | steps_t:     0 | t: 0.527061 | r:  -506.000000 | e:   1.000000 | Q:        nan | won: False 
#   76 | steps:   681 | steps_t:     0 | t: 0.527061 | r:  -505.000000 | e:   1.000000 | Q:        nan | won: False 
#   77 | steps:   688 | steps_t:     0 | t: 0.527061 | r:  -506.000000 | e:   1.000000 | Q:        nan | won: False 
#   78 | steps:   697 | steps_t:     0 | t: 0.542682 | r:  -508.000000 | e:   1.000000 | Q:        nan | won: False 
#   79 | steps:   709 | steps_t:     0 | t: 0.542682 | r:  -511.000000 | e:   1.000000 | Q:        nan | won: False 
#   80 | steps:   719 | steps_t:     0 | t: 0.558346 | r:  -509.000000 | e:   1.000000 | Q:        nan | won: False 
#   81 | steps:   727 | steps_t:     0 | t: 0.558346 | r:  -507.000000 | e:   1.000000 | Q:        nan | won: False 
#   82 | steps:   734 | steps_t:     0 | t: 0.558346 | r:  -506.000000 | e:   1.000000 | Q:        nan | won: False 
#   83 | steps:   747 | steps_t:     0 | t: 0.573930 | r:  -512.000000 | e:   1.000000 | Q:        nan | won: False 
#   84 | steps:   753 | steps_t:     0 | t: 0.573930 | r:  -505.000000 | e:   1.000000 | Q:        nan | won: False 
#   85 | steps:   761 | steps_t:     0 | t: 0.589592 | r:  -507.000000 | e:   1.000000 | Q:        nan | won: False 
#   86 | steps:   771 | steps_t:     0 | t: 0.589592 | r:  -509.000000 | e:   1.000000 | Q:        nan | won: False 
#   87 | steps:   779 | steps_t:     0 | t: 0.605220 | r:  -507.000000 | e:   1.000000 | Q:        nan | won: False 
#   88 | steps:   786 | steps_t:     0 | t: 0.605220 | r:  -506.000000 | e:   1.000000 | Q:        nan | won: False 
#   89 | steps:   793 | steps_t:     0 | t: 0.620806 | r:  -506.000000 | e:   1.000000 | Q:        nan | won: False 
#   90 | steps:   802 | steps_t:     0 | t: 0.620806 | r:  -508.000000 | e:   1.000000 | Q:        nan | won: False 
#   91 | steps:   811 | steps_t:     0 | t: 0.636471 | r:  -508.000000 | e:   1.000000 | Q:        nan | won: False 
#   92 | steps:   818 | steps_t:     0 | t: 0.636471 | r:  -506.000000 | e:   1.000000 | Q:        nan | won: False 
#   93 | steps:   826 | steps_t:     0 | t: 0.652096 | r:  -507.000000 | e:   1.000000 | Q:        nan | won: False 
#   94 | steps:   840 | steps_t:     0 | t: 0.652096 | r:  -502.000000 | e:   1.000000 | Q:        nan | won: False 
#   95 | steps:   846 | steps_t:     0 | t: 0.667681 | r:  -505.000000 | e:   1.000000 | Q:        nan | won: False 
#   96 | steps:   852 | steps_t:     0 | t: 0.667681 | r:  -505.000000 | e:   1.000000 | Q:        nan | won: False 
#   97 | steps:   862 | steps_t:     0 | t: 0.667681 | r:  -509.000000 | e:   1.000000 | Q:        nan | won: False 
#   98 | steps:   873 | steps_t:     0 | t: 0.683346 | r:  -510.000000 | e:   1.000000 | Q:        nan | won: False 
#   99 | steps:   881 | steps_t:     0 | t: 0.683346 | r:  -507.000000 | e:   1.000000 | Q:        nan | won: False 
#  100 | steps:   889 | steps_t:     0 | t: 0.698971 | r:  -507.000000 | e:   1.000000 | Q:        nan | won: False 
#  101 | steps:   900 | steps_t:     0 | t: 0.698971 | r:  -510.000000 | e:   1.000000 | Q:        nan | won: False 
#  102 | steps:   908 | steps_t:     0 | t: 0.698971 | r:  -507.000000 | e:   1.000000 | Q:        nan | won: False 
#  103 | steps:   919 | steps_t:     0 | t: 0.714561 | r:  -510.000000 | e:   1.000000 | Q:        nan | won: False 
#  104 | steps:   926 | steps_t:     0 | t: 0.714561 | r:  -506.000000 | e:   1.000000 | Q:        nan | won: False 
#  105 | steps:   933 | steps_t:     0 | t: 0.730225 | r:  -506.000000 | e:   1.000000 | Q:        nan | won: False 
#  106 | steps:   942 | steps_t:     0 | t: 0.730225 | r:  -508.000000 | e:   1.000000 | Q:        nan | won: False 
#  107 | steps:   950 | steps_t:     0 | t: 0.730225 | r:  -507.000000 | e:   1.000000 | Q:        nan | won: False 
#  108 | steps:   956 | steps_t:     0 | t: 0.745820 | r:  -505.000000 | e:   1.000000 | Q:        nan | won: False 
#  109 | steps:   966 | steps_t:     0 | t: 0.745820 | r:  -509.000000 | e:   1.000000 | Q:        nan | won: False 
#  110 | steps:   973 | steps_t:     0 | t: 0.761490 | r:  -506.000000 | e:   1.000000 | Q:        nan | won: False 
#  111 | steps:   988 | steps_t:     0 | t: 0.777127 | r:  -514.000000 | e:   1.000000 | Q:        nan | won: False 
#  112 | steps:   995 | steps_t:     0 | t: 0.808318 | r:  -506.000000 | e:   1.000000 | Q:        nan | won: False 
#  113 | steps:  1011 | steps_t:     0 | t: 0.823942 | r:  -515.000000 | e:   1.000000 | Q:        nan | won: False 
#  114 | steps:  1019 | steps_t:     0 | t: 0.839573 | r:  -507.000000 | e:   1.000000 | Q:        nan | won: False 
#  115 | steps:  1025 | steps_t:     0 | t: 0.855193 | r:  -505.000000 | e:   1.000000 | Q:        nan | won: False 
#  116 | steps:  1035 | steps_t:     0 | t: 0.870873 | r:  -509.000000 | e:   1.000000 | Q:        nan | won: False 
#  117 | steps:  1042 | steps_t:     0 | t: 0.886518 | r:  -506.000000 | e:   1.000000 | Q:        nan | won: False 
#  118 | steps:  1051 | steps_t:     0 | t: 0.902066 | r:  -508.000000 | e:   1.000000 | Q:        nan | won: False 
#  119 | steps:  1061 | steps_t:     0 | t: 0.917741 | r:  -509.000000 | e:   1.000000 | Q:        nan | won: False 
#  120 | steps:  1068 | steps_t:     0 | t: 0.933320 | r:  -506.000000 | e:   1.000000 | Q:        nan | won: False 
#  121 | steps:  1075 | steps_t:     0 | t: 0.948975 | r:  -506.000000 | e:   1.000000 | Q:        nan | won: False 
#  122 | steps:  1090 | steps_t:     0 | t: 0.980357 | r:  -514.000000 | e:   1.000000 | Q:        nan | won: False 
#  123 | steps:  1097 | steps_t:     0 | t: 0.995834 | r:  -506.000000 | e:   1.000000 | Q:        nan | won: False 
#  124 | steps:  1106 | steps_t:     0 | t: 1.011443 | r:  -508.000000 | e:   1.000000 | Q:        nan | won: False 
#  125 | steps:  1119 | steps_t:     0 | t: 1.042745 | r:  -512.000000 | e:   1.000000 | Q:        nan | won: False 
#  126 | steps:  1126 | steps_t:     0 | t: 1.065761 | r:  -506.000000 | e:   1.000000 | Q:        nan | won: False 
#  127 | steps:  1134 | steps_t:     0 | t: 1.081811 | r:  -507.000000 | e:   1.000000 | Q:        nan | won: False 
#  128 | steps:  1145 | steps_t:     0 | t: 1.105698 | r:  -510.000000 | e:   1.000000 | Q:        nan | won: False 
#  129 | steps:  1152 | steps_t:     0 | t: 1.121326 | r:  -506.000000 | e:   1.000000 | Q:        nan | won: False 
#  130 | steps:  1160 | steps_t:     0 | t: 1.136931 | r:  -507.000000 | e:   1.000000 | Q:        nan | won: False 
#  131 | steps:  1167 | steps_t:     0 | t: 1.152621 | r:  -506.000000 | e:   1.000000 | Q:        nan | won: False 
#  132 | steps:  1175 | steps_t:     0 | t: 1.168178 | r:  -507.000000 | e:   1.000000 | Q:        nan | won: False 
#  133 | steps:  1181 | steps_t:     0 | t: 1.183869 | r:  -505.000000 | e:   1.000000 | Q:        nan | won: False 
#  134 | steps:  1189 | steps_t:     0 | t: 1.199424 | r:  -507.000000 | e:   1.000000 | Q:        nan | won: False 
#  135 | steps:  1205 | steps_t:     0 | t: 1.230717 | r:  -515.000000 | e:   1.000000 | Q:        nan | won: False 
#  136 | steps:  1212 | steps_t:     0 | t: 1.246345 | r:  -506.000000 | e:   1.000000 | Q:        nan | won: False 
#  137 | steps:  1223 | steps_t:     0 | t: 1.261927 | r:  -510.000000 | e:   1.000000 | Q:        nan | won: False 
#  138 | steps:  1232 | steps_t:     0 | t: 1.277551 | r:  -508.000000 | e:   1.000000 | Q:        nan | won: False 
#  139 | steps:  1239 | steps_t:     0 | t: 1.293234 | r:  -506.000000 | e:   1.000000 | Q:        nan | won: False 
#  140 | steps:  1246 | steps_t:     0 | t: 1.308802 | r:  -506.000000 | e:   1.000000 | Q:        nan | won: False 
#  141 | steps:  1254 | steps_t:     0 | t: 1.324478 | r:  -507.000000 | e:   1.000000 | Q:        nan | won: False 
#  142 | steps:  1263 | steps_t:     0 | t: 1.340053 | r:  -508.000000 | e:   1.000000 | Q:        nan | won: False 
#  143 | steps:  1273 | steps_t:     0 | t: 1.355677 | r:  -509.000000 | e:   1.000000 | Q:        nan | won: False 
#  144 | steps:  1284 | steps_t:     0 | t: 1.371318 | r:  -510.000000 | e:   1.000000 | Q:        nan | won: False 
#  145 | steps:  1292 | steps_t:     0 | t: 1.386933 | r:  -507.000000 | e:   1.000000 | Q:        nan | won: False 
#  146 | steps:  1299 | steps_t:     0 | t: 1.402550 | r:  -506.000000 | e:   1.000000 | Q:        nan | won: False 
#  147 | steps:  1315 | steps_t:     0 | t: 1.438663 | r:  -515.000000 | e:   1.000000 | Q:        nan | won: False 
#  148 | steps:  1330 | steps_t:     0 | t: 1.465516 | r:  -514.000000 | e:   1.000000 | Q:        nan | won: False 
#  149 | steps:  1337 | steps_t:     0 | t: 1.481062 | r:  -506.000000 | e:   1.000000 | Q:        nan | won: False 
#  150 | steps:  1345 | steps_t:     0 | t: 1.496698 | r:  -507.000000 | e:   1.000000 | Q:        nan | won: False 
#  151 | steps:  1356 | steps_t:     0 | t: 1.512258 | r:  -510.000000 | e:   1.000000 | Q:        nan | won: False 
#  152 | steps:  1364 | steps_t:     0 | t: 1.527916 | r:  -507.000000 | e:   1.000000 | Q:        nan | won: False 
#  153 | steps:  1371 | steps_t:     0 | t: 1.543571 | r:  -506.000000 | e:   1.000000 | Q:        nan | won: False 
#  154 | steps:  1384 | steps_t:     0 | t: 1.574814 | r:  -512.000000 | e:   1.000000 | Q:        nan | won: False 
#  155 | steps:  1392 | steps_t:     0 | t: 1.590520 | r:  -507.000000 | e:   1.000000 | Q:        nan | won: False 
#  156 | steps:  1401 | steps_t:     0 | t: 1.606012 | r:  -508.000000 | e:   1.000000 | Q:        nan | won: False 
#  157 | steps:  1409 | steps_t:     0 | t: 1.621691 | r:  -507.000000 | e:   1.000000 | Q:        nan | won: False 
#  158 | steps:  1425 | steps_t:     0 | t: 1.652891 | r:  -515.000000 | e:   1.000000 | Q:        nan | won: False 
#  159 | steps:  1436 | steps_t:     0 | t: 1.668559 | r:  -510.000000 | e:   1.000000 | Q:        nan | won: False 
#  160 | steps:  1453 | steps_t:     0 | t: 1.699773 | r:  -516.000000 | e:   1.000000 | Q:        nan | won: False 
#  161 | steps:  1460 | steps_t:     0 | t: 1.723705 | r:  -506.000000 | e:   1.000000 | Q:        nan | won: False 
#  162 | steps:  1471 | steps_t:     0 | t: 1.746985 | r:  -510.000000 | e:   1.000000 | Q:        nan | won: False 
#  163 | steps:  1486 | steps_t:     0 | t: 1.762564 | r:  -492.000000 | e:   1.000000 | Q:        nan | won: False 
#  164 | steps:  1493 | steps_t:     0 | t: 1.778189 | r:  -506.000000 | e:   1.000000 | Q:        nan | won: False 
#  165 | steps:  1500 | steps_t:     0 | t: 1.793811 | r:  -506.000000 | e:   1.000000 | Q:        nan | won: False 
#  166 | steps:  1509 | steps_t:     0 | t: 1.809449 | r:  -508.000000 | e:   1.000000 | Q:        nan | won: False 
#  167 | steps:  1515 | steps_t:     0 | t: 1.825055 | r:  -505.000000 | e:   1.000000 | Q:        nan | won: False 
#  168 | steps:  1524 | steps_t:     0 | t: 1.840677 | r:  -508.000000 | e:   1.000000 | Q:        nan | won: False 
#  169 | steps:  1537 | steps_t:     0 | t: 1.871928 | r:  -512.000000 | e:   1.000000 | Q:        nan | won: False 
#  170 | steps:  1542 | steps_t:     0 | t: 1.887606 | r:  -504.000000 | e:   1.000000 | Q:        nan | won: False 
#  171 | steps:  1550 | steps_t:     0 | t: 1.903227 | r:  -507.000000 | e:   1.000000 | Q:        nan | won: False 
#  172 | steps:  1565 | steps_t:     0 | t: 1.918801 | r:  -503.000000 | e:   1.000000 | Q:        nan | won: False 
#  173 | steps:  1572 | steps_t:     0 | t: 1.934462 | r:  -506.000000 | e:   1.000000 | Q:        nan | won: False 
#  174 | steps:  1581 | steps_t:     0 | t: 1.950052 | r:  -508.000000 | e:   1.000000 | Q:        nan | won: False 
#  175 | steps:  1589 | steps_t:     0 | t: 1.965697 | r:  -507.000000 | e:   1.000000 | Q:        nan | won: False 
#  176 | steps:  1599 | steps_t:     0 | t: 1.981315 | r:  -509.000000 | e:   1.000000 | Q:        nan | won: False 
#  177 | steps:  1609 | steps_t:     0 | t: 1.996931 | r:  -509.000000 | e:   1.000000 | Q:        nan | won: False 
#  178 | steps:  1616 | steps_t:     0 | t: 2.012591 | r:  -506.000000 | e:   1.000000 | Q:        nan | won: False 
#  179 | steps:  1624 | steps_t:     0 | t: 2.012591 | r:  -507.000000 | e:   1.000000 | Q:        nan | won: False 
#  180 | steps:  1633 | steps_t:     0 | t: 2.028185 | r:  -508.000000 | e:   1.000000 | Q:        nan | won: False 
#  181 | steps:  1639 | steps_t:     0 | t: 2.043797 | r:  -505.000000 | e:   1.000000 | Q:        nan | won: False 
#  182 | steps:  1647 | steps_t:     0 | t: 2.063446 | r:  -507.000000 | e:   1.000000 | Q:        nan | won: False 
#  183 | steps:  1654 | steps_t:     0 | t: 2.071450 | r:  -506.000000 | e:   1.000000 | Q:        nan | won: False 
#  184 | steps:  1663 | steps_t:     0 | t: 2.087628 | r:  -508.000000 | e:   1.000000 | Q:        nan | won: False 
#  185 | steps:  1674 | steps_t:     0 | t: 2.087628 | r:  -510.000000 | e:   1.000000 | Q:        nan | won: False 
#  186 | steps:  1686 | steps_t:     0 | t: 2.103256 | r:  -511.000000 | e:   1.000000 | Q:        nan | won: False 
#  187 | steps:  1694 | steps_t:     0 | t: 2.118882 | r:  -507.000000 | e:   1.000000 | Q:        nan | won: False 
#  188 | steps:  1706 | steps_t:     0 | t: 2.134571 | r:  -511.000000 | e:   1.000000 | Q:        nan | won: False 
#  189 | steps:  1714 | steps_t:     0 | t: 2.150137 | r:  -507.000000 | e:   1.000000 | Q:        nan | won: False 
#  190 | steps:  1720 | steps_t:     0 | t: 2.165851 | r:  -505.000000 | e:   1.000000 | Q:        nan | won: False 
#  191 | steps:  1739 | steps_t:     0 | t: 2.181426 | r:  -496.000000 | e:   1.000000 | Q:        nan | won: False 
#  192 | steps:  1748 | steps_t:     0 | t: 2.197011 | r:  -508.000000 | e:   1.000000 | Q:        nan | won: False 
#  193 | steps:  1757 | steps_t:     0 | t: 2.212714 | r:  -508.000000 | e:   1.000000 | Q:        nan | won: False 
#  194 | steps:  1764 | steps_t:     0 | t: 2.212714 | r:  -506.000000 | e:   1.000000 | Q:        nan | won: False 
#  195 | steps:  1772 | steps_t:     0 | t: 2.228316 | r:  -507.000000 | e:   1.000000 | Q:        nan | won: False 
#  196 | steps:  1783 | steps_t:     0 | t: 2.259540 | r:  -510.000000 | e:   1.000000 | Q:        nan | won: False 
#  197 | steps:  1793 | steps_t:     0 | t: 2.275201 | r:  -509.000000 | e:   1.000000 | Q:        nan | won: False 
#  198 | steps:  1800 | steps_t:     0 | t: 2.290813 | r:  -506.000000 | e:   1.000000 | Q:        nan | won: False 
#  199 | steps:  1810 | steps_t:     0 | t: 2.306483 | r:  -509.000000 | e:   1.000000 | Q:        nan | won: False 
#  200 | steps:  1816 | steps_t:     0 | t: 2.306483 | r:  -505.000000 | e:   1.000000 | Q:        nan | won: False 
#  201 | steps:  1822 | steps_t:     0 | t: 2.322104 | r:  -505.000000 | e:   1.000000 | Q:        nan | won: False 
#  202 | steps:  1828 | steps_t:     0 | t: 2.322104 | r:  -505.000000 | e:   1.000000 | Q:        nan | won: False 
#  203 | steps:  1835 | steps_t:     0 | t: 2.337691 | r:  -506.000000 | e:   1.000000 | Q:        nan | won: False 
#  204 | steps:  1847 | steps_t:     0 | t: 2.353353 | r:  -511.000000 | e:   1.000000 | Q:        nan | won: False 
#  205 | steps:  1853 | steps_t:     0 | t: 2.368943 | r:  -505.000000 | e:   1.000000 | Q:        nan | won: False 
#  206 | steps:  1859 | steps_t:     0 | t: 2.368943 | r:  -505.000000 | e:   1.000000 | Q:        nan | won: False 
#  207 | steps:  1866 | steps_t:     0 | t: 2.384606 | r:  -506.000000 | e:   1.000000 | Q:        nan | won: False 
#  208 | steps:  1879 | steps_t:     0 | t: 2.400188 | r:  -512.000000 | e:   1.000000 | Q:        nan | won: False 
#  209 | steps:  1884 | steps_t:     0 | t: 2.400188 | r:  -504.000000 | e:   1.000000 | Q:        nan | won: False 
#  210 | steps:  1894 | steps_t:     0 | t: 2.415814 | r:  -509.000000 | e:   1.000000 | Q:        nan | won: False 
#  211 | steps:  1901 | steps_t:     0 | t: 2.431538 | r:  -506.000000 | e:   1.000000 | Q:        nan | won: False 
#  212 | steps:  1910 | steps_t:     0 | t: 2.447081 | r:  -508.000000 | e:   1.000000 | Q:        nan | won: False 
#  213 | steps:  1921 | steps_t:     0 | t: 2.462701 | r:  -510.000000 | e:   1.000000 | Q:        nan | won: False 
#  214 | steps:  1929 | steps_t:     0 | t: 2.462701 | r:  -507.000000 | e:   1.000000 | Q:        nan | won: False 
#  215 | steps:  1937 | steps_t:     0 | t: 2.478412 | r:  -507.000000 | e:   1.000000 | Q:        nan | won: False 
#  216 | steps:  1951 | steps_t:     0 | t: 2.493938 | r:  -513.000000 | e:   1.000000 | Q:        nan | won: False 
#  217 | steps:  1960 | steps_t:     0 | t: 2.509560 | r:  -508.000000 | e:   1.000000 | Q:        nan | won: False 
#  218 | steps:  1966 | steps_t:     0 | t: 2.525190 | r:  -505.000000 | e:   1.000000 | Q:        nan | won: False 
#  219 | steps:  1980 | steps_t:     0 | t: 2.540855 | r:  -513.000000 | e:   1.000000 | Q:        nan | won: False 
#  220 | steps:  1990 | steps_t:     0 | t: 2.556478 | r:  -509.000000 | e:   1.000000 | Q:        nan | won: False 
#  221 | steps:  1997 | steps_t:     0 | t: 2.556478 | r:  -506.000000 | e:   1.000000 | Q:        nan | won: False 
#  222 | steps:  2006 | steps_t:     0 | t: 2.572109 | r:  -508.000000 | e:   1.000000 | Q:        nan | won: False 
#  223 | steps:  2014 | steps_t:     0 | t: 2.587742 | r:  -507.000000 | e:   1.000000 | Q:        nan | won: False 
#  224 | steps:  2022 | steps_t:     0 | t: 2.587742 | r:  -507.000000 | e:   1.000000 | Q:        nan | won: False 
#  225 | steps:  2029 | steps_t:     0 | t: 2.603312 | r:  -506.000000 | e:   1.000000 | Q:        nan | won: False 
#  226 | steps:  2039 | steps_t:     0 | t: 2.618936 | r:  -509.000000 | e:   1.000000 | Q:        nan | won: False 
#  227 | steps:  2046 | steps_t:     0 | t: 2.634608 | r:  -506.000000 | e:   1.000000 | Q:        nan | won: False 
#  228 | steps:  2053 | steps_t:     0 | t: 2.634608 | r:  -506.000000 | e:   1.000000 | Q:        nan | won: False 
#  229 | steps:  2059 | steps_t:     0 | t: 2.650194 | r:  -505.000000 | e:   1.000000 | Q:        nan | won: False 
#  230 | steps:  2068 | steps_t:     0 | t: 2.665966 | r:  -508.000000 | e:   1.000000 | Q:        nan | won: False 
#  231 | steps:  2076 | steps_t:     0 | t: 2.665966 | r:  -507.000000 | e:   1.000000 | Q:        nan | won: False 
#  232 | steps:  2087 | steps_t:     0 | t: 2.681438 | r:  -510.000000 | e:   1.000000 | Q:        nan | won: False 
#  233 | steps:  2092 | steps_t:     0 | t: 2.697078 | r:  -504.000000 | e:   1.000000 | Q:        nan | won: False 
#  234 | steps:  2104 | steps_t:     0 | t: 2.712767 | r:  -511.000000 | e:   1.000000 | Q:        nan | won: False 
#  235 | steps:  2111 | steps_t:     0 | t: 2.712767 | r:  -506.000000 | e:   1.000000 | Q:        nan | won: False 
#  236 | steps:  2122 | steps_t:     0 | t: 2.728374 | r:  -510.000000 | e:   1.000000 | Q:        nan | won: False 
#  237 | steps:  2132 | steps_t:     0 | t: 2.743939 | r:  -509.000000 | e:   1.000000 | Q:        nan | won: False 
#  238 | steps:  2138 | steps_t:     0 | t: 2.759578 | r:  -505.000000 | e:   1.000000 | Q:        nan | won: False 
#  239 | steps:  2152 | steps_t:     0 | t: 2.775187 | r:  -513.000000 | e:   1.000000 | Q:        nan | won: False 
#  240 | steps:  2158 | steps_t:     0 | t: 2.775187 | r:  -505.000000 | e:   1.000000 | Q:        nan | won: False 
#  241 | steps:  2165 | steps_t:     0 | t: 2.790812 | r:  -506.000000 | e:   1.000000 | Q:        nan | won: False 
#  242 | steps:  2171 | steps_t:     0 | t: 2.806438 | r:  -505.000000 | e:   1.000000 | Q:        nan | won: False 
#  243 | steps:  2178 | steps_t:     0 | t: 2.806438 | r:  -506.000000 | e:   1.000000 | Q:        nan | won: False 
#  244 | steps:  2185 | steps_t:     0 | t: 2.822063 | r:  -506.000000 | e:   1.000000 | Q:        nan | won: False 
#  245 | steps:  2193 | steps_t:     0 | t: 2.837734 | r:  -507.000000 | e:   1.000000 | Q:        nan | won: False 
#  246 | steps:  2200 | steps_t:     0 | t: 2.837734 | r:  -506.000000 | e:   1.000000 | Q:        nan | won: False 
#  247 | steps:  2208 | steps_t:     0 | t: 2.853353 | r:  -507.000000 | e:   1.000000 | Q:        nan | won: False 
#  248 | steps:  2216 | steps_t:     0 | t: 2.868982 | r:  -507.000000 | e:   1.000000 | Q:        nan | won: False 
#  249 | steps:  2223 | steps_t:     0 | t: 2.868982 | r:  -506.000000 | e:   1.000000 | Q:        nan | won: False 
#  250 | steps:  2228 | steps_t:     0 | t: 2.884563 | r:  -504.000000 | e:   1.000000 | Q:        nan | won: False 
#  251 | steps:  2234 | steps_t:     0 | t: 2.884563 | r:  -505.000000 | e:   1.000000 | Q:        nan | won: False 
#  252 | steps:  2256 | steps_t:     0 | t: 2.915854 | r:  -521.000000 | e:   1.000000 | Q:        nan | won: False 
#  253 | steps:  2266 | steps_t:     0 | t: 2.931489 | r:  -509.000000 | e:   1.000000 | Q:        nan | won: False 
#  254 | steps:  2273 | steps_t:     0 | t: 2.947127 | r:  -506.000000 | e:   1.000000 | Q:        nan | won: False 
#  255 | steps:  2282 | steps_t:     0 | t: 2.962700 | r:  -508.000000 | e:   1.000000 | Q:        nan | won: False 
#  256 | steps:  2297 | steps_t:     0 | t: 2.993947 | r:  -514.000000 | e:   1.000000 | Q:        nan | won: False 
#  257 | steps:  2304 | steps_t:     0 | t: 3.009571 | r:  -506.000000 | e:   1.000000 | Q:        nan | won: False 
#  258 | steps:  2315 | steps_t:     0 | t: 3.025193 | r:  -510.000000 | e:   1.000000 | Q:        nan | won: False 
#  259 | steps:  2324 | steps_t:     0 | t: 3.040877 | r:  -508.000000 | e:   1.000000 | Q:        nan | won: False 
#  260 | steps:  2335 | steps_t:     0 | t: 3.072111 | r:  -510.000000 | e:   1.000000 | Q:        nan | won: False 
#  261 | steps:  2344 | steps_t:     0 | t: 3.094976 | r:  -508.000000 | e:   1.000000 | Q:        nan | won: False 
#  262 | steps:  2355 | steps_t:     0 | t: 3.118849 | r:  -510.000000 | e:   1.000000 | Q:        nan | won: False 
#  263 | steps:  2362 | steps_t:     0 | t: 3.134474 | r:  -506.000000 | e:   1.000000 | Q:        nan | won: False 
#  264 | steps:  2368 | steps_t:     0 | t: 3.150099 | r:  -505.000000 | e:   1.000000 | Q:        nan | won: False 
#  265 | steps:  2377 | steps_t:     0 | t: 3.165725 | r:  -508.000000 | e:   1.000000 | Q:        nan | won: False 
#  266 | steps:  2385 | steps_t:     0 | t: 3.181798 | r:  -507.000000 | e:   1.000000 | Q:        nan | won: False 
#  267 | steps:  2392 | steps_t:     0 | t: 3.190209 | r:  -506.000000 | e:   1.000000 | Q:        nan | won: False 
#  268 | steps:  2400 | steps_t:     0 | t: 3.205874 | r:  -507.000000 | e:   1.000000 | Q:        nan | won: False 
#  269 | steps:  2406 | steps_t:     0 | t: 3.221457 | r:  -505.000000 | e:   1.000000 | Q:        nan | won: False 
#  270 | steps:  2416 | steps_t:     0 | t: 3.237083 | r:  -509.000000 | e:   1.000000 | Q:        nan | won: False 
#  271 | steps:  2430 | steps_t:     0 | t: 3.268332 | r:  -513.000000 | e:   1.000000 | Q:        nan | won: False 
#  272 | steps:  2446 | steps_t:     0 | t: 3.299630 | r:  -515.000000 | e:   1.000000 | Q:        nan | won: False 
#  273 | steps:  2458 | steps_t:     0 | t: 3.330844 | r:  -511.000000 | e:   1.000000 | Q:        nan | won: False 
#  274 | steps:  2464 | steps_t:     0 | t: 3.346515 | r:  -505.000000 | e:   1.000000 | Q:        nan | won: False 
#  275 | steps:  2475 | steps_t:     0 | t: 3.362102 | r:  -510.000000 | e:   1.000000 | Q:        nan | won: False 
#  276 | steps:  2481 | steps_t:     0 | t: 3.377709 | r:  -505.000000 | e:   1.000000 | Q:        nan | won: False 
#  277 | steps:  2488 | steps_t:     0 | t: 3.393332 | r:  -506.000000 | e:   1.000000 | Q:        nan | won: False 
#  278 | steps:  2497 | steps_t:     0 | t: 3.408958 | r:  -508.000000 | e:   1.000000 | Q:        nan | won: False 
#  279 | steps:  2508 | steps_t:     0 | t: 3.424584 | r:  -510.000000 | e:   1.000000 | Q:        nan | won: False 
#  280 | steps:  2518 | steps_t:     0 | t: 3.440210 | r:  -509.000000 | e:   1.000000 | Q:        nan | won: False 
#  281 | steps:  2524 | steps_t:     0 | t: 3.455834 | r:  -505.000000 | e:   1.000000 | Q:        nan | won: False 
#  282 | steps:  2529 | steps_t:     0 | t: 3.471505 | r:  -504.000000 | e:   1.000000 | Q:        nan | won: False 
#  283 | steps:  2535 | steps_t:     0 | t: 3.487094 | r:  -505.000000 | e:   1.000000 | Q:        nan | won: False 
#  284 | steps:  2542 | steps_t:     0 | t: 3.502750 | r:  -506.000000 | e:   1.000000 | Q:        nan | won: False 
#  285 | steps:  2551 | steps_t:     0 | t: 3.518332 | r:  -508.000000 | e:   1.000000 | Q:        nan | won: False 
#  286 | steps:  2557 | steps_t:     0 | t: 3.533973 | r:  -505.000000 | e:   1.000000 | Q:        nan | won: False 
#  287 | steps:  2570 | steps_t:     0 | t: 3.549637 | r:  -512.000000 | e:   1.000000 | Q:        nan | won: False 
#  288 | steps:  2579 | steps_t:     0 | t: 3.580915 | r:  -508.000000 | e:   1.000000 | Q:        nan | won: False 
#  289 | steps:  2588 | steps_t:     0 | t: 3.596518 | r:  -508.000000 | e:   1.000000 | Q:        nan | won: False 
#  290 | steps:  2595 | steps_t:     0 | t: 3.618177 | r:  -506.000000 | e:   1.000000 | Q:        nan | won: False 
#  291 | steps:  2611 | steps_t:     0 | t: 3.643869 | r:  -515.000000 | e:   1.000000 | Q:        nan | won: False 
#  292 | steps:  2622 | steps_t:     0 | t: 3.659496 | r:  -510.000000 | e:   1.000000 | Q:        nan | won: False 
#  293 | steps:  2630 | steps_t:     0 | t: 3.675118 | r:  -507.000000 | e:   1.000000 | Q:        nan | won: False 
#  294 | steps:  2640 | steps_t:     0 | t: 3.706430 | r:  -509.000000 | e:   1.000000 | Q:        nan | won: False 
#  295 | steps:  2648 | steps_t:     0 | t: 3.722051 | r:  -507.000000 | e:   1.000000 | Q:        nan | won: False 
#  296 | steps:  2655 | steps_t:     0 | t: 3.737669 | r:  -506.000000 | e:   1.000000 | Q:        nan | won: False 
#  297 | steps:  2668 | steps_t:     0 | t: 3.753301 | r:  -512.000000 | e:   1.000000 | Q:        nan | won: False 
#  298 | steps:  2675 | steps_t:     0 | t: 3.774378 | r:  -506.000000 | e:   1.000000 | Q:        nan | won: False 
#  299 | steps:  2686 | steps_t:     0 | t: 3.800570 | r:  -510.000000 | e:   1.000000 | Q:        nan | won: False 
#  300 | steps:  2691 | steps_t:     0 | t: 3.816196 | r:  -504.000000 | e:   1.000000 | Q:        nan | won: False 
#  301 | steps:  2703 | steps_t:     0 | t: 3.831820 | r:  -511.000000 | e:   1.000000 | Q:        nan | won: False 
#  302 | steps:  2709 | steps_t:     0 | t: 3.847503 | r:  -505.000000 | e:   1.000000 | Q:        nan | won: False 
#  303 | steps:  2715 | steps_t:     0 | t: 3.863075 | r:  -505.000000 | e:   1.000000 | Q:        nan | won: False 
#  304 | steps:  2724 | steps_t:     0 | t: 3.878798 | r:  -508.000000 | e:   1.000000 | Q:        nan | won: False 
#  305 | steps:  2730 | steps_t:     0 | t: 3.894377 | r:  -505.000000 | e:   1.000000 | Q:        nan | won: False 
#  306 | steps:  2737 | steps_t:     0 | t: 3.909945 | r:  -506.000000 | e:   1.000000 | Q:        nan | won: False 
#  307 | steps:  2742 | steps_t:     0 | t: 3.909945 | r:  -504.000000 | e:   1.000000 | Q:        nan | won: False 
#  308 | steps:  2752 | steps_t:     0 | t: 3.941196 | r:  -509.000000 | e:   1.000000 | Q:        nan | won: False 
#  309 | steps:  2763 | steps_t:     0 | t: 3.956884 | r:  -510.000000 | e:   1.000000 | Q:        nan | won: False 
#  310 | steps:  2772 | steps_t:     0 | t: 3.972490 | r:  -508.000000 | e:   1.000000 | Q:        nan | won: False 
#  311 | steps:  2777 | steps_t:     0 | t: 3.988119 | r:  -504.000000 | e:   1.000000 | Q:        nan | won: False 
#  312 | steps:  2784 | steps_t:     0 | t: 4.003747 | r:  -506.000000 | e:   1.000000 | Q:        nan | won: False 
#  313 | steps:  2794 | steps_t:     0 | t: 4.019374 | r:  -509.000000 | e:   1.000000 | Q:        nan | won: False 
#  314 | steps:  2801 | steps_t:     0 | t: 4.035006 | r:  -506.000000 | e:   1.000000 | Q:        nan | won: False 
#  315 | steps:  2813 | steps_t:     0 | t: 4.050620 | r:  -511.000000 | e:   1.000000 | Q:        nan | won: False 
#  316 | steps:  2821 | steps_t:     0 | t: 4.066268 | r:  -507.000000 | e:   1.000000 | Q:        nan | won: False 
#  317 | steps:  2830 | steps_t:     0 | t: 4.096117 | r:  -508.000000 | e:   1.000000 | Q:        nan | won: False 
#  318 | steps:  2836 | steps_t:     0 | t: 4.104155 | r:  -505.000000 | e:   1.000000 | Q:        nan | won: False 
#  319 | steps:  2850 | steps_t:     0 | t: 4.112690 | r:  -513.000000 | e:   1.000000 | Q:        nan | won: False 
#  320 | steps:  2869 | steps_t:     0 | t: 4.143942 | r:  -518.000000 | e:   1.000000 | Q:        nan | won: False 
#  321 | steps:  2879 | steps_t:     0 | t: 4.159612 | r:  -509.000000 | e:   1.000000 | Q:        nan | won: False 
#  322 | steps:  2891 | steps_t:     0 | t: 4.175234 | r:  -511.000000 | e:   1.000000 | Q:        nan | won: False 
#  323 | steps:  2901 | steps_t:     0 | t: 4.188614 | r:  -509.000000 | e:   1.000000 | Q:        nan | won: False 
#  324 | steps:  2906 | steps_t:     0 | t: 4.188614 | r:  -504.000000 | e:   1.000000 | Q:        nan | won: False 
#  325 | steps:  2912 | steps_t:     0 | t: 4.204232 | r:  -505.000000 | e:   1.000000 | Q:        nan | won: False 
#  326 | steps:  2919 | steps_t:     0 | t: 4.204232 | r:  -506.000000 | e:   1.000000 | Q:        nan | won: False 
#  327 | steps:  2926 | steps_t:     0 | t: 4.220039 | r:  -506.000000 | e:   1.000000 | Q:        nan | won: False 
#  328 | steps:  2936 | steps_t:     0 | t: 4.228120 | r:  -509.000000 | e:   1.000000 | Q:        nan | won: False 
#  329 | steps:  2945 | steps_t:     0 | t: 4.228120 | r:  -508.000000 | e:   1.000000 | Q:        nan | won: False 
#  330 | steps:  2953 | steps_t:     0 | t: 4.236102 | r:  -507.000000 | e:   1.000000 | Q:        nan | won: False 
#  331 | steps:  2959 | steps_t:     0 | t: 4.244128 | r:  -505.000000 | e:   1.000000 | Q:        nan | won: False 
#  332 | steps:  2968 | steps_t:     0 | t: 4.252118 | r:  -508.000000 | e:   1.000000 | Q:        nan | won: False 
#  333 | steps:  2978 | steps_t:     0 | t: 4.260129 | r:  -509.000000 | e:   1.000000 | Q:        nan | won: False 
#  334 | steps:  2986 | steps_t:     0 | t: 4.268401 | r:  -507.000000 | e:   1.000000 | Q:        nan | won: False 
#  335 | steps:  2993 | steps_t:     0 | t: 4.271901 | r:  -506.000000 | e:   1.000000 | Q:        nan | won: False 
#  336 | steps:  3001 | steps_t:     0 | t: 4.279900 | r:  -507.000000 | e:   1.000000 | Q:        nan | won: False 
#  337 | steps:  3007 | steps_t:     0 | t: 4.279900 | r:  -505.000000 | e:   1.000000 | Q:        nan | won: False 
#  338 | steps:  3014 | steps_t:     0 | t: 4.287933 | r:  -506.000000 | e:   1.000000 | Q:        nan | won: False 
#  339 | steps:  3021 | steps_t:     0 | t: 4.295916 | r:  -506.000000 | e:   1.000000 | Q:        nan | won: False 
#  340 | steps:  3028 | steps_t:     0 | t: 4.295916 | r:  -506.000000 | e:   1.000000 | Q:        nan | won: False 
#  341 | steps:  3037 | steps_t:     0 | t: 4.304188 | r:  -508.000000 | e:   1.000000 | Q:        nan | won: False 
#  342 | steps:  3047 | steps_t:     0 | t: 4.304188 | r:  -509.000000 | e:   1.000000 | Q:        nan | won: False 
#  343 | steps:  3055 | steps_t:     0 | t: 4.319813 | r:  -507.000000 | e:   1.000000 | Q:        nan | won: False 
#  344 | steps:  3064 | steps_t:     0 | t: 4.319813 | r:  -508.000000 | e:   1.000000 | Q:        nan | won: False 
#  345 | steps:  3074 | steps_t:     0 | t: 4.319813 | r:  -509.000000 | e:   1.000000 | Q:        nan | won: False 
#  346 | steps:  3083 | steps_t:     0 | t: 4.335438 | r:  -508.000000 | e:   1.000000 | Q:        nan | won: False 
#  347 | steps:  3091 | steps_t:     0 | t: 4.335438 | r:  -507.000000 | e:   1.000000 | Q:        nan | won: False 
#  348 | steps:  3098 | steps_t:     0 | t: 4.351063 | r:  -506.000000 | e:   1.000000 | Q:        nan | won: False 
#  349 | steps:  3113 | steps_t:     0 | t: 4.351063 | r:  -514.000000 | e:   1.000000 | Q:        nan | won: False 
#  350 | steps:  3124 | steps_t:     0 | t: 4.366697 | r:  -510.000000 | e:   1.000000 | Q:        nan | won: False 
#  351 | steps:  3135 | steps_t:     0 | t: 4.366697 | r:  -510.000000 | e:   1.000000 | Q:        nan | won: False 
#  352 | steps:  3143 | steps_t:     0 | t: 4.382313 | r:  -507.000000 | e:   1.000000 | Q:        nan | won: False 
#  353 | steps:  3154 | steps_t:     0 | t: 4.382313 | r:  -510.000000 | e:   1.000000 | Q:        nan | won: False 
#  354 | steps:  3163 | steps_t:     0 | t: 4.397938 | r:  -508.000000 | e:   1.000000 | Q:        nan | won: False 
#  355 | steps:  3169 | steps_t:     0 | t: 4.397938 | r:  -505.000000 | e:   1.000000 | Q:        nan | won: False 
#  356 | steps:  3177 | steps_t:     0 | t: 4.413627 | r:  -507.000000 | e:   1.000000 | Q:        nan | won: False 
#  357 | steps:  3183 | steps_t:     0 | t: 4.413627 | r:  -505.000000 | e:   1.000000 | Q:        nan | won: False 
#  358 | steps:  3191 | steps_t:     0 | t: 4.429194 | r:  -507.000000 | e:   1.000000 | Q:        nan | won: False 
#  359 | steps:  3203 | steps_t:     0 | t: 4.429194 | r:  -511.000000 | e:   1.000000 | Q:        nan | won: False 
#  360 | steps:  3213 | steps_t:     0 | t: 4.444854 | r:  -509.000000 | e:   1.000000 | Q:        nan | won: False 
#  361 | steps:  3225 | steps_t:     0 | t: 4.444854 | r:  -511.000000 | e:   1.000000 | Q:        nan | won: False 
#  362 | steps:  3233 | steps_t:     0 | t: 4.460480 | r:  -507.000000 | e:   1.000000 | Q:        nan | won: False 
#  363 | steps:  3241 | steps_t:     0 | t: 4.460480 | r:  -507.000000 | e:   1.000000 | Q:        nan | won: False 
#  364 | steps:  3248 | steps_t:     0 | t: 4.460480 | r:  -506.000000 | e:   1.000000 | Q:        nan | won: False 
#  365 | steps:  3260 | steps_t:     0 | t: 4.476076 | r:  -511.000000 | e:   1.000000 | Q:        nan | won: False 
#  366 | steps:  3265 | steps_t:     0 | t: 4.476076 | r:  -504.000000 | e:   1.000000 | Q:        nan | won: False 
#  367 | steps:  3276 | steps_t:     0 | t: 4.491688 | r:  -510.000000 | e:   1.000000 | Q:        nan | won: False 
#  368 | steps:  3283 | steps_t:     0 | t: 4.491688 | r:  -506.000000 | e:   1.000000 | Q:        nan | won: False 
#  369 | steps:  3293 | steps_t:     0 | t: 4.507325 | r:  -509.000000 | e:   1.000000 | Q:        nan | won: False 
#  370 | steps:  3300 | steps_t:     0 | t: 4.507325 | r:  -506.000000 | e:   1.000000 | Q:        nan | won: False 
#  371 | steps:  3310 | steps_t:     0 | t: 4.522978 | r:  -509.000000 | e:   1.000000 | Q:        nan | won: False 
#  372 | steps:  3316 | steps_t:     0 | t: 4.522978 | r:  -505.000000 | e:   1.000000 | Q:        nan | won: False 
#  373 | steps:  3324 | steps_t:     0 | t: 4.538615 | r:  -507.000000 | e:   1.000000 | Q:        nan | won: False 
#  374 | steps:  3332 | steps_t:     0 | t: 4.538615 | r:  -507.000000 | e:   1.000000 | Q:        nan | won: False 
#  375 | steps:  3341 | steps_t:     0 | t: 4.554225 | r:  -508.000000 | e:   1.000000 | Q:        nan | won: False 
#  376 | steps:  3348 | steps_t:     0 | t: 4.554225 | r:  -506.000000 | e:   1.000000 | Q:        nan | won: False 
#  377 | steps:  3354 | steps_t:     0 | t: 4.554225 | r:  -505.000000 | e:   1.000000 | Q:        nan | won: False 
#  378 | steps:  3362 | steps_t:     0 | t: 4.569819 | r:  -507.000000 | e:   1.000000 | Q:        nan | won: False 
#  379 | steps:  3369 | steps_t:     0 | t: 4.569819 | r:  -506.000000 | e:   1.000000 | Q:        nan | won: False 
#  380 | steps:  3376 | steps_t:     0 | t: 4.585479 | r:  -506.000000 | e:   1.000000 | Q:        nan | won: False 
#  381 | steps:  3385 | steps_t:     0 | t: 4.585479 | r:  -508.000000 | e:   1.000000 | Q:        nan | won: False 
#  382 | steps:  3398 | steps_t:     0 | t: 4.601102 | r:  -512.000000 | e:   1.000000 | Q:        nan | won: False 
#  383 | steps:  3410 | steps_t:     0 | t: 4.601102 | r:  -511.000000 | e:   1.000000 | Q:        nan | won: False 
#  384 | steps:  3417 | steps_t:     0 | t: 4.616688 | r:  -506.000000 | e:   1.000000 | Q:        nan | won: False 
#  385 | steps:  3427 | steps_t:     0 | t: 4.616688 | r:  -509.000000 | e:   1.000000 | Q:        nan | won: False 
#  386 | steps:  3437 | steps_t:     0 | t: 4.616688 | r:  -509.000000 | e:   1.000000 | Q:        nan | won: False 
#  387 | steps:  3445 | steps_t:     0 | t: 4.632325 | r:  -507.000000 | e:   1.000000 | Q:        nan | won: False 
#  388 | steps:  3451 | steps_t:     0 | t: 4.632325 | r:  -505.000000 | e:   1.000000 | Q:        nan | won: False 
#  389 | steps:  3458 | steps_t:     0 | t: 4.632325 | r:  -506.000000 | e:   1.000000 | Q:        nan | won: False 
#  390 | steps:  3467 | steps_t:     0 | t: 4.647940 | r:  -508.000000 | e:   1.000000 | Q:        nan | won: False 
#  391 | steps:  3476 | steps_t:     0 | t: 4.647940 | r:  -508.000000 | e:   1.000000 | Q:        nan | won: False 
#  392 | steps:  3482 | steps_t:     0 | t: 4.663574 | r:  -505.000000 | e:   1.000000 | Q:        nan | won: False 
#  393 | steps:  3494 | steps_t:     0 | t: 4.663574 | r:  -511.000000 | e:   1.000000 | Q:        nan | won: False 
#  394 | steps:  3504 | steps_t:     0 | t: 4.679199 | r:  -509.000000 | e:   1.000000 | Q:        nan | won: False 
#  395 | steps:  3513 | steps_t:     0 | t: 4.679199 | r:  -508.000000 | e:   1.000000 | Q:        nan | won: False 
#  396 | steps:  3522 | steps_t:     0 | t: 4.679199 | r:  -508.000000 | e:   1.000000 | Q:        nan | won: False 
#  397 | steps:  3529 | steps_t:     0 | t: 4.694856 | r:  -506.000000 | e:   1.000000 | Q:        nan | won: False 
#  398 | steps:  3542 | steps_t:     0 | t: 4.694856 | r:  -512.000000 | e:   1.000000 | Q:        nan | won: False 
#  399 | steps:  3549 | steps_t:     0 | t: 4.710439 | r:  -506.000000 | e:   1.000000 | Q:        nan | won: False 
#  400 | steps:  3557 | steps_t:     0 | t: 4.710439 | r:  -507.000000 | e:   1.000000 | Q:        nan | won: False 
#  401 | steps:  3564 | steps_t:     0 | t: 4.710439 | r:  -506.000000 | e:   1.000000 | Q:        nan | won: False 
#  402 | steps:  3571 | steps_t:     0 | t: 4.726078 | r:  -506.000000 | e:   1.000000 | Q:        nan | won: False 
#  403 | steps:  3579 | steps_t:     0 | t: 4.726078 | r:  -507.000000 | e:   1.000000 | Q:        nan | won: False 
#  404 | steps:  3587 | steps_t:     0 | t: 4.726078 | r:  -507.000000 | e:   1.000000 | Q:        nan | won: False 
#  405 | steps:  3594 | steps_t:     0 | t: 4.741695 | r:  -506.000000 | e:   1.000000 | Q:        nan | won: False 
#  406 | steps:  3600 | steps_t:     0 | t: 4.741695 | r:  -505.000000 | e:   1.000000 | Q:        nan | won: False 
#  407 | steps:  3608 | steps_t:     0 | t: 4.757314 | r:  -507.000000 | e:   1.000000 | Q:        nan | won: False 
#  408 | steps:  3617 | steps_t:     0 | t: 4.757314 | r:  -508.000000 | e:   1.000000 | Q:        nan | won: False 
#  409 | steps:  3626 | steps_t:     0 | t: 4.772938 | r:  -508.000000 | e:   1.000000 | Q:        nan | won: False 
#  410 | steps:  3638 | steps_t:     0 | t: 4.772938 | r:  -511.000000 | e:   1.000000 | Q:        nan | won: False 
#  411 | steps:  3646 | steps_t:     0 | t: 4.772938 | r:  -507.000000 | e:   1.000000 | Q:        nan | won: False 
#  412 | steps:  3655 | steps_t:     0 | t: 4.788564 | r:  -508.000000 | e:   1.000000 | Q:        nan | won: False 
#  413 | steps:  3664 | steps_t:     0 | t: 4.788564 | r:  -508.000000 | e:   1.000000 | Q:        nan | won: False 
#  414 | steps:  3670 | steps_t:     0 | t: 4.804228 | r:  -505.000000 | e:   1.000000 | Q:        nan | won: False 
#  415 | steps:  3675 | steps_t:     0 | t: 4.804228 | r:  -504.000000 | e:   1.000000 | Q:        nan | won: False 
#  416 | steps:  3682 | steps_t:     0 | t: 4.819813 | r:  -506.000000 | e:   1.000000 | Q:        nan | won: False 
#  417 | steps:  3691 | steps_t:     0 | t: 4.819813 | r:  -508.000000 | e:   1.000000 | Q:        nan | won: False 
#  418 | steps:  3705 | steps_t:     0 | t: 4.835440 | r:  -513.000000 | e:   1.000000 | Q:        nan | won: False 
#  419 | steps:  3711 | steps_t:     0 | t: 4.835440 | r:  -505.000000 | e:   1.000000 | Q:        nan | won: False 
#  420 | steps:  3720 | steps_t:     0 | t: 4.851065 | r:  -508.000000 | e:   1.000000 | Q:        nan | won: False 
#  421 | steps:  3728 | steps_t:     0 | t: 4.851065 | r:  -507.000000 | e:   1.000000 | Q:        nan | won: False 
#  422 | steps:  3743 | steps_t:     0 | t: 4.866732 | r:  -514.000000 | e:   1.000000 | Q:        nan | won: False 
#  423 | steps:  3756 | steps_t:     0 | t: 4.866732 | r:  -512.000000 | e:   1.000000 | Q:        nan | won: False 
#  424 | steps:  3763 | steps_t:     0 | t: 4.882352 | r:  -506.000000 | e:   1.000000 | Q:        nan | won: False 
#  425 | steps:  3772 | steps_t:     0 | t: 4.882352 | r:  -508.000000 | e:   1.000000 | Q:        nan | won: False 
#  426 | steps:  3779 | steps_t:     0 | t: 4.882352 | r:  -506.000000 | e:   1.000000 | Q:        nan | won: False 
#  427 | steps:  3787 | steps_t:     0 | t: 4.897978 | r:  -507.000000 | e:   1.000000 | Q:        nan | won: False 
#  428 | steps:  3794 | steps_t:     0 | t: 4.897978 | r:  -506.000000 | e:   1.000000 | Q:        nan | won: False 
#  429 | steps:  3807 | steps_t:     0 | t: 4.913564 | r:  -512.000000 | e:   1.000000 | Q:        nan | won: False 
#  430 | steps:  3815 | steps_t:     0 | t: 4.913564 | r:  -507.000000 | e:   1.000000 | Q:        nan | won: False 
#  431 | steps:  3825 | steps_t:     0 | t: 4.913564 | r:  -509.000000 | e:   1.000000 | Q:        nan | won: False 
#  432 | steps:  3832 | steps_t:     0 | t: 4.929189 | r:  -506.000000 | e:   1.000000 | Q:        nan | won: False 
#  433 | steps:  3839 | steps_t:     0 | t: 4.929189 | r:  -506.000000 | e:   1.000000 | Q:        nan | won: False 
#  434 | steps:  3844 | steps_t:     0 | t: 4.929189 | r:  -504.000000 | e:   1.000000 | Q:        nan | won: False 
#  435 | steps:  3852 | steps_t:     0 | t: 4.944831 | r:  -507.000000 | e:   1.000000 | Q:        nan | won: False 
#  436 | steps:  3862 | steps_t:     0 | t: 4.944831 | r:  -509.000000 | e:   1.000000 | Q:        nan | won: False 
#  437 | steps:  3867 | steps_t:     0 | t: 4.944831 | r:  -504.000000 | e:   1.000000 | Q:        nan | won: False 
#  438 | steps:  3875 | steps_t:     0 | t: 4.960452 | r:  -507.000000 | e:   1.000000 | Q:        nan | won: False 
#  439 | steps:  3880 | steps_t:     0 | t: 4.960452 | r:  -504.000000 | e:   1.000000 | Q:        nan | won: False 
#  440 | steps:  3886 | steps_t:     0 | t: 4.960452 | r:  -505.000000 | e:   1.000000 | Q:        nan | won: False 
#  441 | steps:  3892 | steps_t:     0 | t: 4.981092 | r:  -505.000000 | e:   1.000000 | Q:        nan | won: False 
#  442 | steps:  3899 | steps_t:     0 | t: 4.982107 | r:  -506.000000 | e:   1.000000 | Q:        nan | won: False 
#  443 | steps:  3910 | steps_t:     0 | t: 4.992164 | r:  -510.000000 | e:   1.000000 | Q:        nan | won: False 
#  444 | steps:  3920 | steps_t:     0 | t: 4.992164 | r:  -509.000000 | e:   1.000000 | Q:        nan | won: False 
#  445 | steps:  3929 | steps_t:     0 | t: 5.007807 | r:  -508.000000 | e:   1.000000 | Q:        nan | won: False 
#  446 | steps:  3940 | steps_t:     0 | t: 5.007807 | r:  -510.000000 | e:   1.000000 | Q:        nan | won: False 
#  447 | steps:  3947 | steps_t:     0 | t: 5.023433 | r:  -506.000000 | e:   1.000000 | Q:        nan | won: False 
#  448 | steps:  3955 | steps_t:     0 | t: 5.023433 | r:  -507.000000 | e:   1.000000 | Q:        nan | won: False 
#  449 | steps:  3965 | steps_t:     0 | t: 5.039055 | r:  -509.000000 | e:   1.000000 | Q:        nan | won: False 
#  450 | steps:  3972 | steps_t:     0 | t: 5.039055 | r:  -506.000000 | e:   1.000000 | Q:        nan | won: False 
#  451 | steps:  3980 | steps_t:     0 | t: 5.054716 | r:  -507.000000 | e:   1.000000 | Q:        nan | won: False 
#  452 | steps:  3987 | steps_t:     0 | t: 5.054716 | r:  -506.000000 | e:   1.000000 | Q:        nan | won: False 
#  453 | steps:  3995 | steps_t:     0 | t: 5.070306 | r:  -507.000000 | e:   1.000000 | Q:        nan | won: False 
#  454 | steps:  4006 | steps_t:     0 | t: 5.070306 | r:  -510.000000 | e:   1.000000 | Q:        nan | won: False 
#  455 | steps:  4013 | steps_t:     0 | t: 5.087702 | r:  -506.000000 | e:   1.000000 | Q:        nan | won: False 
#  456 | steps:  4025 | steps_t:     0 | t: 5.095753 | r:  -511.000000 | e:   1.000000 | Q:        nan | won: False 
#  457 | steps:  4036 | steps_t:     0 | t: 5.103698 | r:  -510.000000 | e:   1.000000 | Q:        nan | won: False 
#  458 | steps:  4043 | steps_t:     0 | t: 5.103698 | r:  -506.000000 | e:   1.000000 | Q:        nan | won: False 
#  459 | steps:  4050 | steps_t:     0 | t: 5.112224 | r:  -506.000000 | e:   1.000000 | Q:        nan | won: False 
#  460 | steps:  4060 | steps_t:     0 | t: 5.112224 | r:  -509.000000 | e:   1.000000 | Q:        nan | won: False 
#  461 | steps:  4066 | steps_t:     0 | t: 5.127861 | r:  -505.000000 | e:   1.000000 | Q:        nan | won: False 
#  462 | steps:  4073 | steps_t:     0 | t: 5.127861 | r:  -506.000000 | e:   1.000000 | Q:        nan | won: False 
#  463 | steps:  4081 | steps_t:     0 | t: 5.127861 | r:  -507.000000 | e:   1.000000 | Q:        nan | won: False 
#  464 | steps:  4089 | steps_t:     0 | t: 5.143515 | r:  -507.000000 | e:   1.000000 | Q:        nan | won: False 
#  465 | steps:  4099 | steps_t:     0 | t: 5.143515 | r:  -509.000000 | e:   1.000000 | Q:        nan | won: False 
#  466 | steps:  4110 | steps_t:     0 | t: 5.159092 | r:  -510.000000 | e:   1.000000 | Q:        nan | won: False 
#  467 | steps:  4117 | steps_t:     0 | t: 5.159092 | r:  -506.000000 | e:   1.000000 | Q:        nan | won: False 
#  468 | steps:  4128 | steps_t:     0 | t: 5.174719 | r:  -510.000000 | e:   1.000000 | Q:        nan | won: False 
#  469 | steps:  4138 | steps_t:     0 | t: 5.174719 | r:  -509.000000 | e:   1.000000 | Q:        nan | won: False 
#  470 | steps:  4146 | steps_t:     0 | t: 5.190352 | r:  -507.000000 | e:   1.000000 | Q:        nan | won: False 
#  471 | steps:  4156 | steps_t:     0 | t: 5.190352 | r:  -509.000000 | e:   1.000000 | Q:        nan | won: False 
#  472 | steps:  4165 | steps_t:     0 | t: 5.205972 | r:  -508.000000 | e:   1.000000 | Q:        nan | won: False 
#  473 | steps:  4174 | steps_t:     0 | t: 5.205972 | r:  -508.000000 | e:   1.000000 | Q:        nan | won: False 
#  474 | steps:  4184 | steps_t:     0 | t: 5.221592 | r:  -509.000000 | e:   1.000000 | Q:        nan | won: False 
#  475 | steps:  4194 | steps_t:     0 | t: 5.221592 | r:  -509.000000 | e:   1.000000 | Q:        nan | won: False 
#  476 | steps:  4201 | steps_t:     0 | t: 5.237217 | r:  -506.000000 | e:   1.000000 | Q:        nan | won: False 
#  477 | steps:  4209 | steps_t:     0 | t: 5.237217 | r:  -507.000000 | e:   1.000000 | Q:        nan | won: False 
#  478 | steps:  4216 | steps_t:     0 | t: 5.237217 | r:  -506.000000 | e:   1.000000 | Q:        nan | won: False 
#  479 | steps:  4222 | steps_t:     0 | t: 5.252843 | r:  -505.000000 | e:   1.000000 | Q:        nan | won: False 
#  480 | steps:  4228 | steps_t:     0 | t: 5.252843 | r:  -505.000000 | e:   1.000000 | Q:        nan | won: False 
#  481 | steps:  4236 | steps_t:     0 | t: 5.268505 | r:  -507.000000 | e:   1.000000 | Q:        nan | won: False 
#  482 | steps:  4250 | steps_t:     0 | t: 5.268505 | r:  -502.000000 | e:   1.000000 | Q:        nan | won: False 
#  483 | steps:  4259 | steps_t:     0 | t: 5.284092 | r:  -508.000000 | e:   1.000000 | Q:        nan | won: False 
#  484 | steps:  4267 | steps_t:     0 | t: 5.284092 | r:  -507.000000 | e:   1.000000 | Q:        nan | won: False 
#  485 | steps:  4274 | steps_t:     0 | t: 5.284092 | r:  -506.000000 | e:   1.000000 | Q:        nan | won: False 
#  486 | steps:  4281 | steps_t:     0 | t: 5.299753 | r:  -506.000000 | e:   1.000000 | Q:        nan | won: False 
#  487 | steps:  4289 | steps_t:     0 | t: 5.299753 | r:  -507.000000 | e:   1.000000 | Q:        nan | won: False 
#  488 | steps:  4296 | steps_t:     0 | t: 5.299753 | r:  -506.000000 | e:   1.000000 | Q:        nan | won: False 
#  489 | steps:  4304 | steps_t:     0 | t: 5.315379 | r:  -507.000000 | e:   1.000000 | Q:        nan | won: False 
#  490 | steps:  4313 | steps_t:     0 | t: 5.315379 | r:  -508.000000 | e:   1.000000 | Q:        nan | won: False 
#  491 | steps:  4320 | steps_t:     0 | t: 5.315379 | r:  -506.000000 | e:   1.000000 | Q:        nan | won: False 
#  492 | steps:  4334 | steps_t:     0 | t: 5.330968 | r:  -513.000000 | e:   1.000000 | Q:        nan | won: False 
#  493 | steps:  4351 | steps_t:     0 | t: 5.346630 | r:  -516.000000 | e:   1.000000 | Q:        nan | won: False 
#  494 | steps:  4356 | steps_t:     0 | t: 5.346630 | r:  -504.000000 | e:   1.000000 | Q:        nan | won: False 
#  495 | steps:  4370 | steps_t:     0 | t: 5.362217 | r:  -513.000000 | e:   1.000000 | Q:        nan | won: False 
#  496 | steps:  4378 | steps_t:     0 | t: 5.362217 | r:  -507.000000 | e:   1.000000 | Q:        nan | won: False 
#  497 | steps:  4385 | steps_t:     0 | t: 5.362217 | r:  -506.000000 | e:   1.000000 | Q:        nan | won: False 
#  498 | steps:  4392 | steps_t:     0 | t: 5.377896 | r:  -506.000000 | e:   1.000000 | Q:        nan | won: False 
#  499 | steps:  4401 | steps_t:     0 | t: 5.377896 | r:  -508.000000 | e:   1.000000 | Q:        nan | won: False 
#  500 | steps:  4408 | steps_t:     0 | t: 5.393471 | r:  -506.000000 | e:   1.000000 | Q:        nan | won: False 
#  501 | steps:  4417 | steps_t:     0 | t: 5.393471 | r:  -508.000000 | e:   1.000000 | Q:        nan | won: False 
#  502 | steps:  4425 | steps_t:     0 | t: 5.409093 | r:  -507.000000 | e:   1.000000 | Q:        nan | won: False 
#  503 | steps:  4433 | steps_t:     0 | t: 5.409093 | r:  -507.000000 | e:   1.000000 | Q:        nan | won: False 
#  504 | steps:  4443 | steps_t:     0 | t: 5.424718 | r:  -509.000000 | e:   1.000000 | Q:        nan | won: False 
#  505 | steps:  4456 | steps_t:     0 | t: 5.424718 | r:  -512.000000 | e:   1.000000 | Q:        nan | won: False 
#  506 | steps:  4463 | steps_t:     0 | t: 5.440344 | r:  -506.000000 | e:   1.000000 | Q:        nan | won: False 
#  507 | steps:  4472 | steps_t:     0 | t: 5.440344 | r:  -508.000000 | e:   1.000000 | Q:        nan | won: False 
#  508 | steps:  4479 | steps_t:     0 | t: 5.456000 | r:  -506.000000 | e:   1.000000 | Q:        nan | won: False 
#  509 | steps:  4487 | steps_t:     0 | t: 5.456000 | r:  -507.000000 | e:   1.000000 | Q:        nan | won: False 
#  510 | steps:  4501 | steps_t:     0 | t: 5.471633 | r:  -513.000000 | e:   1.000000 | Q:        nan | won: False 
#  511 | steps:  4507 | steps_t:     0 | t: 5.471633 | r:  -505.000000 | e:   1.000000 | Q:        nan | won: False 
#  512 | steps:  4514 | steps_t:     0 | t: 5.487252 | r:  -506.000000 | e:   1.000000 | Q:        nan | won: False 
#  513 | steps:  4520 | steps_t:     0 | t: 5.487252 | r:  -505.000000 | e:   1.000000 | Q:        nan | won: False 
#  514 | steps:  4527 | steps_t:     0 | t: 5.502877 | r:  -506.000000 | e:   1.000000 | Q:        nan | won: False 
#  515 | steps:  4534 | steps_t:     0 | t: 5.502877 | r:  -506.000000 | e:   1.000000 | Q:        nan | won: False 
#  516 | steps:  4543 | steps_t:     0 | t: 5.518467 | r:  -508.000000 | e:   1.000000 | Q:        nan | won: False 
#  517 | steps:  4552 | steps_t:     0 | t: 5.518467 | r:  -508.000000 | e:   1.000000 | Q:        nan | won: False 
#  518 | steps:  4561 | steps_t:     0 | t: 5.534092 | r:  -508.000000 | e:   1.000000 | Q:        nan | won: False 
#  519 | steps:  4574 | steps_t:     0 | t: 5.534092 | r:  -512.000000 | e:   1.000000 | Q:        nan | won: False 
#  520 | steps:  4584 | steps_t:     0 | t: 5.549717 | r:  -509.000000 | e:   1.000000 | Q:        nan | won: False 
#  521 | steps:  4594 | steps_t:     0 | t: 5.549717 | r:  -509.000000 | e:   1.000000 | Q:        nan | won: False 
#  522 | steps:  4603 | steps_t:     0 | t: 5.565344 | r:  -508.000000 | e:   1.000000 | Q:        nan | won: False 
#  523 | steps:  4615 | steps_t:     0 | t: 5.565344 | r:  -511.000000 | e:   1.000000 | Q:        nan | won: False 
#  524 | steps:  4622 | steps_t:     0 | t: 5.580968 | r:  -506.000000 | e:   1.000000 | Q:        nan | won: False 
#  525 | steps:  4641 | steps_t:     0 | t: 5.596593 | r:  -518.000000 | e:   1.000000 | Q:        nan | won: False 
#  526 | steps:  4647 | steps_t:     0 | t: 5.596593 | r:  -505.000000 | e:   1.000000 | Q:        nan | won: False 
#  527 | steps:  4656 | steps_t:     0 | t: 5.596593 | r:  -508.000000 | e:   1.000000 | Q:        nan | won: False 
#  528 | steps:  4664 | steps_t:     0 | t: 5.612279 | r:  -507.000000 | e:   1.000000 | Q:        nan | won: False 
#  529 | steps:  4672 | steps_t:     0 | t: 5.612279 | r:  -507.000000 | e:   1.000000 | Q:        nan | won: False 
#  530 | steps:  4678 | steps_t:     0 | t: 5.627898 | r:  -505.000000 | e:   1.000000 | Q:        nan | won: False 
#  531 | steps:  4686 | steps_t:     0 | t: 5.627898 | r:  -507.000000 | e:   1.000000 | Q:        nan | won: False 
#  532 | steps:  4695 | steps_t:     0 | t: 5.643472 | r:  -508.000000 | e:   1.000000 | Q:        nan | won: False 
#  533 | steps:  4702 | steps_t:     0 | t: 5.643472 | r:  -506.000000 | e:   1.000000 | Q:        nan | won: False 
#  534 | steps:  4714 | steps_t:     0 | t: 5.659093 | r:  -511.000000 | e:   1.000000 | Q:        nan | won: False 
#  535 | steps:  4725 | steps_t:     0 | t: 5.659093 | r:  -510.000000 | e:   1.000000 | Q:        nan | won: False 
#  536 | steps:  4740 | steps_t:     0 | t: 5.674719 | r:  -503.000000 | e:   1.000000 | Q:        nan | won: False 
#  537 | steps:  4750 | steps_t:     0 | t: 5.690343 | r:  -509.000000 | e:   1.000000 | Q:        nan | won: False 
#  538 | steps:  4757 | steps_t:     0 | t: 5.690343 | r:  -506.000000 | e:   1.000000 | Q:        nan | won: False 
#  539 | steps:  4766 | steps_t:     0 | t: 5.706001 | r:  -508.000000 | e:   1.000000 | Q:        nan | won: False 
#  540 | steps:  4772 | steps_t:     0 | t: 5.706001 | r:  -505.000000 | e:   1.000000 | Q:        nan | won: False 
#  541 | steps:  4788 | steps_t:     0 | t: 5.721628 | r:  -515.000000 | e:   1.000000 | Q:        nan | won: False 
#  542 | steps:  4800 | steps_t:     0 | t: 5.737217 | r:  -511.000000 | e:   1.000000 | Q:        nan | won: False 
#  543 | steps:  4809 | steps_t:     0 | t: 5.737217 | r:  -508.000000 | e:   1.000000 | Q:        nan | won: False 
#  544 | steps:  4817 | steps_t:     0 | t: 5.752841 | r:  -507.000000 | e:   1.000000 | Q:        nan | won: False 
#  545 | steps:  4824 | steps_t:     0 | t: 5.752841 | r:  -506.000000 | e:   1.000000 | Q:        nan | won: False 
#  546 | steps:  4834 | steps_t:     0 | t: 5.752841 | r:  -509.000000 | e:   1.000000 | Q:        nan | won: False 
#  547 | steps:  4844 | steps_t:     0 | t: 5.768467 | r:  -509.000000 | e:   1.000000 | Q:        nan | won: False 
#  548 | steps:  4854 | steps_t:     0 | t: 5.768467 | r:  -509.000000 | e:   1.000000 | Q:        nan | won: False 
#  549 | steps:  4863 | steps_t:     0 | t: 5.784092 | r:  -508.000000 | e:   1.000000 | Q:        nan | won: False 
#  550 | steps:  4871 | steps_t:     0 | t: 5.784092 | r:  -507.000000 | e:   1.000000 | Q:        nan | won: False 
#  551 | steps:  4878 | steps_t:     0 | t: 5.799717 | r:  -506.000000 | e:   1.000000 | Q:        nan | won: False 
#  552 | steps:  4887 | steps_t:     0 | t: 5.799717 | r:  -508.000000 | e:   1.000000 | Q:        nan | won: False 
#  553 | steps:  4896 | steps_t:     0 | t: 5.799717 | r:  -508.000000 | e:   1.000000 | Q:        nan | won: False 
#  554 | steps:  4903 | steps_t:     0 | t: 5.815343 | r:  -506.000000 | e:   1.000000 | Q:        nan | won: False 
#  555 | steps:  4915 | steps_t:     0 | t: 5.815343 | r:  -511.000000 | e:   1.000000 | Q:        nan | won: False 
#  556 | steps:  4923 | steps_t:     0 | t: 5.831009 | r:  -507.000000 | e:   1.000000 | Q:        nan | won: False 
#  557 | steps:  4930 | steps_t:     0 | t: 5.831009 | r:  -506.000000 | e:   1.000000 | Q:        nan | won: False 
#  558 | steps:  4941 | steps_t:     0 | t: 5.831009 | r:  -510.000000 | e:   1.000000 | Q:        nan | won: False 
#  559 | steps:  4949 | steps_t:     0 | t: 5.846592 | r:  -507.000000 | e:   1.000000 | Q:        nan | won: False 
#  560 | steps:  4973 | steps_t:     0 | t: 5.862217 | r:  -512.000000 | e:   1.000000 | Q:        nan | won: False 
#  561 | steps:  4979 | steps_t:     0 | t: 5.862217 | r:  -505.000000 | e:   1.000000 | Q:        nan | won: False 
#  562 | steps:  4992 | steps_t:     0 | t: 5.877856 | r:  -512.000000 | e:   1.000000 | Q:        nan | won: False 
#  563 | steps:  4999 | steps_t:     0 | t: 5.877856 | r:  -506.000000 | e:   1.000000 | Q:        nan | won: False 
#  564 | steps:  5009 | steps_t:     8 | t: 6.080983 | r:  -509.000000 | e:   0.999200 | Q:        nan | won: False 
#  565 | steps:  5020 | steps_t:    18 | t: 6.172789 | r:  -510.000000 | e:   0.998200 | Q:        nan | won: False 
#  566 | steps:  5040 | steps_t:    37 | t: 6.360759 | r:  -508.000000 | e:   0.996300 | Q:        nan | won: False 
#  567 | steps:  5047 | steps_t:    43 | t: 6.423281 | r:  -506.000000 | e:   0.995700 | Q:        nan | won: False 
#  568 | steps:  5055 | steps_t:    50 | t: 6.517546 | r:  -507.000000 | e:   0.995000 | Q:        nan | won: False 
#  569 | steps:  5062 | steps_t:    56 | t: 6.580099 | r:  -506.000000 | e:   0.994400 | Q:        nan | won: False 
#  570 | steps:  5074 | steps_t:    67 | t: 6.689442 | r:  -511.000000 | e:   0.993300 | Q:        nan | won: False 
#  571 | steps:  5080 | steps_t:    72 | t: 6.751942 | r:  -505.000000 | e:   0.992800 | Q:        nan | won: False 
#  572 | steps:  5088 | steps_t:    79 | t: 6.830067 | r:  -507.000000 | e:   0.992100 | Q:        nan | won: False 
#  573 | steps:  5105 | steps_t:    95 | t: 6.986315 | r:  -516.000000 | e:   0.990500 | Q:        nan | won: False 
#  574 | steps:  5114 | steps_t:   103 | t: 7.080072 | r:  -508.000000 | e:   0.989700 | Q:        nan | won: False 
#  575 | steps:  5125 | steps_t:   113 | t: 7.284385 | r:  -510.000000 | e:   0.988700 | Q:        nan | won: False 
#  576 | steps:  5133 | steps_t:   120 | t: 7.425009 | r:  -507.000000 | e:   0.988000 | Q:        nan | won: False 
#  577 | steps:  5145 | steps_t:   131 | t: 7.628133 | r:  -511.000000 | e:   0.986900 | Q:        nan | won: False 
#  578 | steps:  5153 | steps_t:   138 | t: 7.753288 | r:  -507.000000 | e:   0.986200 | Q:        nan | won: False 
#  579 | steps:  5163 | steps_t:   147 | t: 7.925162 | r:  -509.000000 | e:   0.985300 | Q:        nan | won: False 
#  580 | steps:  5171 | steps_t:   154 | t: 8.065827 | r:  -507.000000 | e:   0.984600 | Q:        nan | won: False 
#  581 | steps:  5178 | steps_t:   160 | t: 8.173805 | r:  -506.000000 | e:   0.984000 | Q:        nan | won: False 
#  582 | steps:  5188 | steps_t:   169 | t: 8.345681 | r:  -509.000000 | e:   0.983100 | Q:        nan | won: False 
#  583 | steps:  5194 | steps_t:   174 | t: 8.439911 | r:  -505.000000 | e:   0.982600 | Q:        nan | won: False 
#  584 | steps:  5201 | steps_t:   180 | t: 8.564958 | r:  -506.000000 | e:   0.982000 | Q:        nan | won: False 
#  585 | steps:  5220 | steps_t:   198 | t: 8.893072 | r:  -496.000000 | e:   0.980200 | Q:        nan | won: False 
#  586 | steps:  5230 | steps_t:   207 | t: 9.070112 | r:  -509.000000 | e:   0.979300 | Q:        nan | won: False 
#  587 | steps:  5238 | steps_t:   214 | t: 9.205012 | r:  -507.000000 | e:   0.978600 | Q:        nan | won: False 
#  588 | steps:  5244 | steps_t:   219 | t: 9.298763 | r:  -505.000000 | e:   0.978100 | Q:        nan | won: False 
#  589 | steps:  5250 | steps_t:   224 | t: 9.408146 | r:  -505.000000 | e:   0.977600 | Q:        nan | won: False 
#  590 | steps:  5257 | steps_t:   230 | t: 9.517539 | r:  -506.000000 | e:   0.977000 | Q:        nan | won: False 
#  591 | steps:  5267 | steps_t:   239 | t: 9.689387 | r:  -509.000000 | e:   0.976100 | Q: -298.230896 | won: False 
#  592 | steps:  5276 | steps_t:   247 | t: 9.845667 | r:  -508.000000 | e:   0.975300 | Q:        nan | won: False 
#  593 | steps:  5284 | steps_t:   254 | t: 9.970641 | r:  -507.000000 | e:   0.974600 | Q:        nan | won: False 
#  594 | steps:  5291 | steps_t:   260 | t: 10.095658 | r:  -506.000000 | e:   0.974000 | Q:        nan | won: False 
#  595 | steps:  5297 | steps_t:   265 | t: 10.189540 | r:  -505.000000 | e:   0.973500 | Q:        nan | won: False 
#  596 | steps:  5310 | steps_t:   277 | t: 10.408299 | r:  -512.000000 | e:   0.972300 | Q:        nan | won: False 
#  597 | steps:  5321 | steps_t:   287 | t: 10.611557 | r:  -510.000000 | e:   0.971300 | Q: -325.393188 | won: False 
#  598 | steps:  5332 | steps_t:   297 | t: 10.799059 | r:  -510.000000 | e:   0.970300 | Q:        nan | won: False 
#  599 | steps:  5340 | steps_t:   304 | t: 10.939678 | r:  -507.000000 | e:   0.969600 | Q:        nan | won: False 
#  600 | steps:  5349 | steps_t:   312 | t: 11.080309 | r:  -508.000000 | e:   0.968800 | Q:        nan | won: False 
#  601 | steps:  5360 | steps_t:   322 | t: 11.282605 | r:  -510.000000 | e:   0.967800 | Q: -309.424927 | won: False 
#  602 | steps:  5366 | steps_t:   327 | t: 11.376315 | r:  -505.000000 | e:   0.967300 | Q:        nan | won: False 
#  603 | steps:  5374 | steps_t:   334 | t: 11.522007 | r:  -507.000000 | e:   0.966600 | Q:        nan | won: False 
#  604 | steps:  5383 | steps_t:   342 | t: 11.658082 | r:  -508.000000 | e:   0.965800 | Q:        nan | won: False 
#  605 | steps:  5390 | steps_t:   348 | t: 11.788827 | r:  -506.000000 | e:   0.965200 | Q:        nan | won: False 
#  606 | steps:  5409 | steps_t:   366 | t: 12.111384 | r:  -507.000000 | e:   0.963400 | Q:        nan | won: False 
#  607 | steps:  5416 | steps_t:   372 | t: 12.234310 | r:  -506.000000 | e:   0.962800 | Q:        nan | won: False 
#  608 | steps:  5423 | steps_t:   378 | t: 12.343685 | r:  -506.000000 | e:   0.962200 | Q:        nan | won: False 
#  609 | steps:  5430 | steps_t:   384 | t: 12.453063 | r:  -506.000000 | e:   0.961600 | Q:        nan | won: False 
#  610 | steps:  5440 | steps_t:   393 | t: 12.648910 | r:  -509.000000 | e:   0.960700 | Q:        nan | won: False 
#  611 | steps:  5452 | steps_t:   404 | t: 12.828206 | r:  -511.000000 | e:   0.959600 | Q: -319.278961 | won: False 
#  612 | steps:  5459 | steps_t:   410 | t: 12.910178 | r:  -506.000000 | e:   0.959000 | Q:        nan | won: False 
#  613 | steps:  5467 | steps_t:   417 | t: 13.030446 | r:  -507.000000 | e:   0.958300 | Q:        nan | won: False 
#  614 | steps:  5482 | steps_t:   431 | t: 13.230450 | r:  -514.000000 | e:   0.956900 | Q:        nan | won: False 
#  615 | steps:  5490 | steps_t:   438 | t: 13.342445 | r:  -507.000000 | e:   0.956200 | Q:        nan | won: False 
#  616 | steps:  5497 | steps_t:   444 | t: 13.422448 | r:  -506.000000 | e:   0.955600 | Q:        nan | won: False 
#  617 | steps:  5503 | steps_t:   449 | t: 13.486453 | r:  -505.000000 | e:   0.955100 | Q:        nan | won: False 
#  618 | steps:  5514 | steps_t:   459 | t: 13.606581 | r:  -510.000000 | e:   0.954100 | Q:        nan | won: False 
#  619 | steps:  5529 | steps_t:   473 | t: 13.766596 | r:  -514.000000 | e:   0.952700 | Q:        nan | won: False 
#  620 | steps:  5538 | steps_t:   481 | t: 13.862588 | r:  -508.000000 | e:   0.951900 | Q:        nan | won: False 
#  621 | steps:  5547 | steps_t:   489 | t: 13.966578 | r:  -508.000000 | e:   0.951100 | Q:        nan | won: False 
#  622 | steps:  5555 | steps_t:   496 | t: 14.046759 | r:  -507.000000 | e:   0.950400 | Q:        nan | won: False 
#  623 | steps:  5562 | steps_t:   502 | t: 14.126758 | r:  -506.000000 | e:   0.949800 | Q:        nan | won: False 
#  624 | steps:  5570 | steps_t:   509 | t: 14.214759 | r:  -507.000000 | e:   0.949100 | Q:        nan | won: False 
#  625 | steps:  5581 | steps_t:   519 | t: 14.342762 | r:  -510.000000 | e:   0.948100 | Q: -325.503845 | won: False 
#  626 | steps:  5588 | steps_t:   525 | t: 14.422761 | r:  -506.000000 | e:   0.947500 | Q:        nan | won: False 
#  627 | steps:  5595 | steps_t:   531 | t: 14.486758 | r:  -506.000000 | e:   0.946900 | Q:        nan | won: False 
#  628 | steps:  5604 | steps_t:   539 | t: 14.591012 | r:  -508.000000 | e:   0.946100 | Q:        nan | won: False 
#  629 | steps:  5612 | steps_t:   546 | t: 14.679001 | r:  -507.000000 | e:   0.945400 | Q: -328.350922 | won: False 
#  630 | steps:  5620 | steps_t:   553 | t: 14.775023 | r:  -507.000000 | e:   0.944700 | Q:        nan | won: False 
#  631 | steps:  5628 | steps_t:   560 | t: 14.871004 | r:  -507.000000 | e:   0.944000 | Q: -304.351990 | won: False 
#  632 | steps:  5635 | steps_t:   566 | t: 14.959005 | r:  -506.000000 | e:   0.943400 | Q:        nan | won: False 
#  633 | steps:  5645 | steps_t:   575 | t: 15.079003 | r:  -509.000000 | e:   0.942500 | Q: -288.589844 | won: False 
#  634 | steps:  5653 | steps_t:   582 | t: 15.159009 | r:  -507.000000 | e:   0.941800 | Q:        nan | won: False 
#  635 | steps:  5661 | steps_t:   589 | t: 15.239003 | r:  -507.000000 | e:   0.941100 | Q:        nan | won: False 
#  636 | steps:  5671 | steps_t:   598 | t: 15.335012 | r:  -509.000000 | e:   0.940200 | Q:        nan | won: False 
#  637 | steps:  5681 | steps_t:   607 | t: 15.431001 | r:  -509.000000 | e:   0.939300 | Q:        nan | won: False 
#  638 | steps:  5692 | steps_t:   617 | t: 15.534893 | r:  -510.000000 | e:   0.938300 | Q: -272.611450 | won: False 
#  639 | steps:  5700 | steps_t:   624 | t: 15.614886 | r:  -507.000000 | e:   0.937600 | Q:        nan | won: False 
#  640 | steps:  5709 | steps_t:   632 | t: 15.710887 | r:  -508.000000 | e:   0.936800 | Q: -317.506836 | won: False 
#  641 | steps:  5719 | steps_t:   641 | t: 15.806893 | r:  -509.000000 | e:   0.935900 | Q:        nan | won: False 
#  642 | steps:  5724 | steps_t:   645 | t: 15.849917 | r:  -504.000000 | e:   0.935500 | Q:        nan | won: False 
#  643 | steps:  5731 | steps_t:   651 | t: 15.928548 | r:  -506.000000 | e:   0.934900 | Q: -299.374847 | won: False 
#  644 | steps:  5740 | steps_t:   659 | t: 16.022303 | r:  -508.000000 | e:   0.934100 | Q: -302.743652 | won: False 
#  645 | steps:  5748 | steps_t:   666 | t: 16.100421 | r:  -507.000000 | e:   0.933400 | Q: -299.124786 | won: False 
#  646 | steps:  5754 | steps_t:   671 | t: 16.147296 | r:  -505.000000 | e:   0.932900 | Q:        nan | won: False 
#  647 | steps:  5763 | steps_t:   679 | t: 16.241979 | r:  -508.000000 | e:   0.932100 | Q:        nan | won: False 
#  648 | steps:  5771 | steps_t:   686 | t: 16.320076 | r:  -507.000000 | e:   0.931400 | Q:        nan | won: False 
#  649 | steps:  5781 | steps_t:   695 | t: 16.445074 | r:  -509.000000 | e:   0.930500 | Q: -295.818939 | won: False 
#  650 | steps:  5791 | steps_t:   704 | t: 16.585696 | r:  -509.000000 | e:   0.929600 | Q: -308.675720 | won: False 
#  651 | steps:  5800 | steps_t:   712 | t: 16.710698 | r:  -508.000000 | e:   0.928800 | Q: -300.971191 | won: False 
#  652 | steps:  5809 | steps_t:   720 | t: 16.835697 | r:  -508.000000 | e:   0.928000 | Q: -309.954163 | won: False 
#  653 | steps:  5817 | steps_t:   727 | t: 16.929448 | r:  -507.000000 | e:   0.927300 | Q:        nan | won: False 
#  654 | steps:  5825 | steps_t:   734 | t: 17.038821 | r:  -507.000000 | e:   0.926600 | Q: -328.489502 | won: False 
#  655 | steps:  5838 | steps_t:   746 | t: 17.229096 | r:  -512.000000 | e:   0.925400 | Q:        nan | won: False 
#  656 | steps:  5845 | steps_t:   752 | t: 17.322949 | r:  -506.000000 | e:   0.924800 | Q:        nan | won: False 
#  657 | steps:  5855 | steps_t:   761 | t: 17.463578 | r:  -509.000000 | e:   0.923900 | Q: -340.517761 | won: False 
#  658 | steps:  5863 | steps_t:   768 | t: 17.635453 | r:  -507.000000 | e:   0.923200 | Q: -330.969757 | won: False 
#  659 | steps:  5871 | steps_t:   775 | t: 17.791716 | r:  -507.000000 | e:   0.922500 | Q: -330.051361 | won: False 
#  660 | steps:  5879 | steps_t:   782 | t: 17.963579 | r:  -507.000000 | e:   0.921800 | Q:        nan | won: False 
#  661 | steps:  5886 | steps_t:   788 | t: 18.104209 | r:  -506.000000 | e:   0.921200 | Q:        nan | won: False 
#  662 | steps:  5893 | steps_t:   794 | t: 18.243024 | r:  -506.000000 | e:   0.920600 | Q:        nan | won: False 
#  663 | steps:  5900 | steps_t:   800 | t: 18.399275 | r:  -506.000000 | e:   0.920000 | Q: -302.348022 | won: False 
#  664 | steps:  5908 | steps_t:   807 | t: 18.555477 | r:  -507.000000 | e:   0.919300 | Q: -295.869324 | won: False 
#  665 | steps:  5916 | steps_t:   814 | t: 18.727497 | r:  -507.000000 | e:   0.918600 | Q: -295.176514 | won: False 
#  666 | steps:  5929 | steps_t:   826 | t: 19.008754 | r:  -512.000000 | e:   0.917400 | Q: -346.006042 | won: False 
#  667 | steps:  5937 | steps_t:   833 | t: 19.164987 | r:  -507.000000 | e:   0.916700 | Q: -354.501038 | won: False 
#  668 | steps:  5948 | steps_t:   843 | t: 19.416755 | r:  -510.000000 | e:   0.915700 | Q: -350.651611 | won: False 
#  669 | steps:  5960 | steps_t:   854 | t: 19.666752 | r:  -511.000000 | e:   0.914600 | Q:        nan | won: False 
#  670 | steps:  5972 | steps_t:   865 | t: 19.932374 | r:  -511.000000 | e:   0.913500 | Q: -361.148346 | won: False 
#  671 | steps:  5984 | steps_t:   876 | t: 20.198308 | r:  -511.000000 | e:   0.912400 | Q: -364.874268 | won: False 
#  672 | steps:  5993 | steps_t:   884 | t: 20.390523 | r:  -508.000000 | e:   0.911600 | Q: -355.462677 | won: False 
#  673 | steps:  6003 | steps_t:   893 | t: 20.593651 | r:  -509.000000 | e:   0.910700 | Q:        nan | won: False 
#  674 | steps:  6008 | steps_t:   897 | t: 20.687398 | r:  -504.000000 | e:   0.910300 | Q:        nan | won: False 
#  675 | steps:  6018 | steps_t:   906 | t: 20.890522 | r:  -509.000000 | e:   0.909400 | Q: -286.261139 | won: False 
#  676 | steps:  6029 | steps_t:   916 | t: 21.124903 | r:  -510.000000 | e:   0.908400 | Q:        nan | won: False 
#  677 | steps:  6037 | steps_t:   923 | t: 21.296487 | r:  -507.000000 | e:   0.907700 | Q:        nan | won: False 
#  678 | steps:  6047 | steps_t:   932 | t: 21.499757 | r:  -509.000000 | e:   0.906800 | Q:        nan | won: False 
#  679 | steps:  6054 | steps_t:   938 | t: 21.656015 | r:  -506.000000 | e:   0.906200 | Q: -312.114075 | won: False 
#  680 | steps:  6062 | steps_t:   945 | t: 21.812258 | r:  -507.000000 | e:   0.905500 | Q: -339.813232 | won: False 
#  681 | steps:  6072 | steps_t:   954 | t: 22.031008 | r:  -509.000000 | e:   0.904600 | Q: -335.415619 | won: False 
#  682 | steps:  6079 | steps_t:   960 | t: 22.171902 | r:  -506.000000 | e:   0.904000 | Q:        nan | won: False 
#  683 | steps:  6091 | steps_t:   971 | t: 22.425189 | r:  -511.000000 | e:   0.902900 | Q:        nan | won: False 
#  684 | steps:  6098 | steps_t:   977 | t: 22.550241 | r:  -506.000000 | e:   0.902300 | Q:        nan | won: False 
#  685 | steps:  6106 | steps_t:   984 | t: 22.722225 | r:  -507.000000 | e:   0.901600 | Q: -336.304932 | won: False 
#  686 | steps:  6115 | steps_t:   992 | t: 22.925363 | r:  -508.000000 | e:   0.900800 | Q:        nan | won: False 
#  687 | steps:  6125 | steps_t:  1001 | t: 23.144352 | r:  -509.000000 | e:   0.899900 | Q: -324.319183 | won: False 
#  688 | steps:  6141 | steps_t:  1016 | t: 23.509441 | r:  -515.000000 | e:   0.898400 | Q: -330.779144 | won: False 
#  689 | steps:  6150 | steps_t:  1024 | t: 23.696899 | r:  -508.000000 | e:   0.897600 | Q: -309.248871 | won: False 
#  690 | steps:  6163 | steps_t:  1036 | t: 23.978209 | r:  -512.000000 | e:   0.896400 | Q: -280.735626 | won: False 
#  691 | steps:  6178 | steps_t:  1050 | t: 24.165952 | r:  -503.000000 | e:   0.895000 | Q:        nan | won: False 
#  692 | steps:  6184 | steps_t:  1055 | t: 24.230929 | r:  -505.000000 | e:   0.894500 | Q:        nan | won: False 
#  693 | steps:  6194 | steps_t:  1064 | t: 24.318058 | r:  -509.000000 | e:   0.893600 | Q: -302.964447 | won: False 
#  694 | steps:  6206 | steps_t:  1075 | t: 24.443054 | r:  -511.000000 | e:   0.892500 | Q:        nan | won: False 
#  695 | steps:  6215 | steps_t:  1083 | t: 24.521186 | r:  -508.000000 | e:   0.891700 | Q: -332.383057 | won: False 
#  696 | steps:  6223 | steps_t:  1090 | t: 24.599313 | r:  -507.000000 | e:   0.891000 | Q:        nan | won: False 
#  697 | steps:  6231 | steps_t:  1097 | t: 24.693060 | r:  -507.000000 | e:   0.890300 | Q: -312.177368 | won: False 
#  698 | steps:  6239 | steps_t:  1104 | t: 24.771181 | r:  -507.000000 | e:   0.889600 | Q: -307.064941 | won: False 
#  699 | steps:  6250 | steps_t:  1114 | t: 24.880556 | r:  -510.000000 | e:   0.888600 | Q: -301.168274 | won: False 
#  700 | steps:  6261 | steps_t:  1124 | t: 24.989931 | r:  -510.000000 | e:   0.887600 | Q: -313.412231 | won: False 
#  701 | steps:  6270 | steps_t:  1132 | t: 25.083711 | r:  -508.000000 | e:   0.886800 | Q: -329.376892 | won: False 
#  702 | steps:  6280 | steps_t:  1141 | t: 25.177431 | r:  -509.000000 | e:   0.885900 | Q:        nan | won: False 
#  703 | steps:  6289 | steps_t:  1149 | t: 25.268547 | r:  -508.000000 | e:   0.885100 | Q: -308.751343 | won: False 
#  704 | steps:  6296 | steps_t:  1155 | t: 25.346677 | r:  -506.000000 | e:   0.884500 | Q:        nan | won: False 
#  705 | steps:  6304 | steps_t:  1162 | t: 25.429821 | r:  -507.000000 | e:   0.883800 | Q:        nan | won: False 
#  706 | steps:  6316 | steps_t:  1173 | t: 25.565856 | r:  -511.000000 | e:   0.882700 | Q: -299.714600 | won: False 
#  707 | steps:  6323 | steps_t:  1179 | t: 25.628357 | r:  -506.000000 | e:   0.882100 | Q:        nan | won: False 
#  708 | steps:  6332 | steps_t:  1187 | t: 25.737734 | r:  -508.000000 | e:   0.881300 | Q: -272.841797 | won: False 
#  709 | steps:  6342 | steps_t:  1196 | t: 25.831482 | r:  -509.000000 | e:   0.880400 | Q: -264.549774 | won: False 
#  710 | steps:  6351 | steps_t:  1204 | t: 25.940860 | r:  -508.000000 | e:   0.879600 | Q:        nan | won: False 
#  711 | steps:  6359 | steps_t:  1211 | t: 26.034609 | r:  -507.000000 | e:   0.878900 | Q: -273.398315 | won: False 
#  712 | steps:  6367 | steps_t:  1218 | t: 26.143988 | r:  -507.000000 | e:   0.878200 | Q: -276.673096 | won: False 
#  713 | steps:  6373 | steps_t:  1223 | t: 26.222116 | r:  -505.000000 | e:   0.877700 | Q: -324.424072 | won: False 
#  714 | steps:  6379 | steps_t:  1228 | t: 26.280162 | r:  -505.000000 | e:   0.877200 | Q:        nan | won: False 
#  715 | steps:  6389 | steps_t:  1237 | t: 26.405172 | r:  -509.000000 | e:   0.876300 | Q:        nan | won: False 
#  716 | steps:  6403 | steps_t:  1250 | t: 26.592676 | r:  -513.000000 | e:   0.875000 | Q: -311.831543 | won: False 
#  717 | steps:  6414 | steps_t:  1260 | t: 26.733300 | r:  -510.000000 | e:   0.874000 | Q: -299.639832 | won: False 
#  718 | steps:  6419 | steps_t:  1264 | t: 26.827276 | r:  -504.000000 | e:   0.873600 | Q:        nan | won: False 
#  719 | steps:  6428 | steps_t:  1272 | t: 26.999148 | r:  -508.000000 | e:   0.872800 | Q: -294.710388 | won: False 
#  720 | steps:  6442 | steps_t:  1285 | t: 27.309933 | r:  -513.000000 | e:   0.871500 | Q: -278.407257 | won: False 
#  721 | steps:  6448 | steps_t:  1290 | t: 27.419311 | r:  -505.000000 | e:   0.871000 | Q: -302.253204 | won: False 
#  722 | steps:  6459 | steps_t:  1300 | t: 27.653684 | r:  -510.000000 | e:   0.870000 | Q:        nan | won: False 
#  723 | steps:  6469 | steps_t:  1309 | t: 27.856812 | r:  -509.000000 | e:   0.869100 | Q: -317.715210 | won: False 
#  724 | steps:  6479 | steps_t:  1318 | t: 28.059939 | r:  -509.000000 | e:   0.868200 | Q: -326.535767 | won: False 
#  725 | steps:  6485 | steps_t:  1323 | t: 28.185061 | r:  -505.000000 | e:   0.867700 | Q:        nan | won: False 
#  726 | steps:  6494 | steps_t:  1331 | t: 28.373103 | r:  -508.000000 | e:   0.866900 | Q: -322.562256 | won: False 
#  727 | steps:  6502 | steps_t:  1338 | t: 28.529327 | r:  -507.000000 | e:   0.866200 | Q:        nan | won: False 
#  728 | steps:  6512 | steps_t:  1347 | t: 28.732461 | r:  -509.000000 | e:   0.865300 | Q: -299.936707 | won: False 
#  729 | steps:  6519 | steps_t:  1353 | t: 28.857500 | r:  -506.000000 | e:   0.864700 | Q:        nan | won: False 
#  730 | steps:  6527 | steps_t:  1360 | t: 29.029329 | r:  -507.000000 | e:   0.864000 | Q: -289.964233 | won: False 
#  731 | steps:  6536 | steps_t:  1368 | t: 29.201199 | r:  -508.000000 | e:   0.863200 | Q: -272.434601 | won: False 
#  732 | steps:  6555 | steps_t:  1386 | t: 29.599519 | r:  -518.000000 | e:   0.861400 | Q: -273.677002 | won: False 
#  733 | steps:  6569 | steps_t:  1399 | t: 29.896379 | r:  -513.000000 | e:   0.860100 | Q: -344.709473 | won: False 
#  734 | steps:  6577 | steps_t:  1406 | t: 30.052642 | r:  -507.000000 | e:   0.859400 | Q:        nan | won: False 
#  735 | steps:  6588 | steps_t:  1416 | t: 30.287009 | r:  -510.000000 | e:   0.858400 | Q: -324.390137 | won: False 
#  736 | steps:  6599 | steps_t:  1426 | t: 30.521672 | r:  -510.000000 | e:   0.857400 | Q: -321.955170 | won: False 
#  737 | steps:  6607 | steps_t:  1433 | t: 30.677923 | r:  -507.000000 | e:   0.856700 | Q: -298.194519 | won: False 
#  738 | steps:  6619 | steps_t:  1444 | t: 30.944000 | r:  -511.000000 | e:   0.855600 | Q: -298.004211 | won: False 
#  739 | steps:  6627 | steps_t:  1451 | t: 31.100256 | r:  -507.000000 | e:   0.854900 | Q: -305.490204 | won: False 
#  740 | steps:  6635 | steps_t:  1458 | t: 31.272186 | r:  -507.000000 | e:   0.854200 | Q: -348.991882 | won: False 
#  741 | steps:  6641 | steps_t:  1463 | t: 31.383346 | r:  -505.000000 | e:   0.853700 | Q:        nan | won: False 
#  742 | steps:  6647 | steps_t:  1468 | t: 31.508380 | r:  -505.000000 | e:   0.853200 | Q: -357.838348 | won: False 
#  743 | steps:  6657 | steps_t:  1477 | t: 31.727099 | r:  -509.000000 | e:   0.852300 | Q: -354.006226 | won: False 
#  744 | steps:  6665 | steps_t:  1484 | t: 31.883347 | r:  -507.000000 | e:   0.851600 | Q: -330.171936 | won: False 
#  745 | steps:  6677 | steps_t:  1495 | t: 32.133340 | r:  -511.000000 | e:   0.850500 | Q: -324.092255 | won: False 
#  746 | steps:  6684 | steps_t:  1501 | t: 32.274402 | r:  -506.000000 | e:   0.849900 | Q:        nan | won: False 
#  747 | steps:  6695 | steps_t:  1511 | t: 32.505860 | r:  -510.000000 | e:   0.848900 | Q: -318.354614 | won: False 
#  748 | steps:  6706 | steps_t:  1521 | t: 32.740267 | r:  -510.000000 | e:   0.847900 | Q: -317.703796 | won: False 
#  749 | steps:  6716 | steps_t:  1530 | t: 32.943351 | r:  -509.000000 | e:   0.847000 | Q: -339.975952 | won: False 
#  750 | steps:  6724 | steps_t:  1537 | t: 33.099601 | r:  -507.000000 | e:   0.846300 | Q: -307.329956 | won: False 
#  751 | steps:  6735 | steps_t:  1547 | t: 33.339450 | r:  -510.000000 | e:   0.845300 | Q: -326.372894 | won: False 
#  752 | steps:  6745 | steps_t:  1556 | t: 33.544765 | r:  -509.000000 | e:   0.844400 | Q: -293.774689 | won: False 
#  753 | steps:  6753 | steps_t:  1563 | t: 33.717017 | r:  -507.000000 | e:   0.843700 | Q: -296.524658 | won: False 
#  754 | steps:  6764 | steps_t:  1573 | t: 33.951892 | r:  -510.000000 | e:   0.842700 | Q: -323.306641 | won: False 
#  755 | steps:  6772 | steps_t:  1580 | t: 34.108144 | r:  -507.000000 | e:   0.842000 | Q: -312.159424 | won: False 
#  756 | steps:  6781 | steps_t:  1588 | t: 34.295641 | r:  -508.000000 | e:   0.841200 | Q: -308.698303 | won: False 
#  757 | steps:  6796 | steps_t:  1602 | t: 34.606720 | r:  -492.000000 | e:   0.839800 | Q: -289.881805 | won: False 
#  758 | steps:  6807 | steps_t:  1612 | t: 34.841056 | r:  -510.000000 | e:   0.838800 | Q: -294.378479 | won: False 
#  759 | steps:  6818 | steps_t:  1622 | t: 35.075546 | r:  -510.000000 | e:   0.837800 | Q: -300.801453 | won: False 
#  760 | steps:  6826 | steps_t:  1629 | t: 35.231805 | r:  -507.000000 | e:   0.837100 | Q:        nan | won: False 
#  761 | steps:  6835 | steps_t:  1637 | t: 35.403523 | r:  -508.000000 | e:   0.836300 | Q: -326.898987 | won: False 
#  762 | steps:  6841 | steps_t:  1642 | t: 35.528527 | r:  -505.000000 | e:   0.835800 | Q:        nan | won: False 
#  763 | steps:  6855 | steps_t:  1655 | t: 35.825398 | r:  -513.000000 | e:   0.834500 | Q: -339.371124 | won: False 
#  764 | steps:  6865 | steps_t:  1664 | t: 36.028528 | r:  -509.000000 | e:   0.833600 | Q: -327.137787 | won: False 
#  765 | steps:  6892 | steps_t:  1690 | t: 36.621698 | r:  -515.000000 | e:   0.831000 | Q: -319.732574 | won: False 
#  766 | steps:  6904 | steps_t:  1701 | t: 36.871703 | r:  -511.000000 | e:   0.829900 | Q: -331.465851 | won: False 
#  767 | steps:  6912 | steps_t:  1708 | t: 37.027956 | r:  -507.000000 | e:   0.829200 | Q: -374.350647 | won: False 
#  768 | steps:  6920 | steps_t:  1715 | t: 37.200249 | r:  -507.000000 | e:   0.828500 | Q: -338.690765 | won: False 
#  769 | steps:  6930 | steps_t:  1724 | t: 37.409555 | r:  -509.000000 | e:   0.827600 | Q: -334.314270 | won: False 
#  770 | steps:  6940 | steps_t:  1733 | t: 37.612678 | r:  -509.000000 | e:   0.826700 | Q: -361.304047 | won: False 
#  771 | steps:  6946 | steps_t:  1738 | t: 37.722250 | r:  -505.000000 | e:   0.826200 | Q: -380.778503 | won: False 
#  772 | steps:  6956 | steps_t:  1747 | t: 37.941010 | r:  -509.000000 | e:   0.825300 | Q: -361.936340 | won: False 
#  773 | steps:  6963 | steps_t:  1753 | t: 38.081633 | r:  -506.000000 | e:   0.824700 | Q: -390.558838 | won: False 
#  774 | steps:  6969 | steps_t:  1758 | t: 38.191005 | r:  -505.000000 | e:   0.824200 | Q:        nan | won: False 
#  775 | steps:  6981 | steps_t:  1769 | t: 38.444421 | r:  -511.000000 | e:   0.823100 | Q: -338.123657 | won: False 
#  776 | steps:  6994 | steps_t:  1781 | t: 38.725684 | r:  -512.000000 | e:   0.821900 | Q: -311.434540 | won: False 
#  777 | steps:  7003 | steps_t:  1789 | t: 38.913172 | r:  -508.000000 | e:   0.821100 | Q:        nan | won: False 
#  778 | steps:  7015 | steps_t:  1800 | t: 39.179190 | r:  -511.000000 | e:   0.820000 | Q: -371.442566 | won: False 
#  779 | steps:  7024 | steps_t:  1808 | t: 39.366708 | r:  -508.000000 | e:   0.819200 | Q: -320.626160 | won: False 
#  780 | steps:  7031 | steps_t:  1814 | t: 39.507568 | r:  -506.000000 | e:   0.818600 | Q:        nan | won: False 
#  781 | steps:  7039 | steps_t:  1821 | t: 39.679394 | r:  -507.000000 | e:   0.817900 | Q: -321.264160 | won: False 
#  782 | steps:  7047 | steps_t:  1828 | t: 39.835690 | r:  -507.000000 | e:   0.817200 | Q: -382.335571 | won: False 
#  783 | steps:  7056 | steps_t:  1836 | t: 40.023188 | r:  -508.000000 | e:   0.816400 | Q: -390.738159 | won: False 
#  784 | steps:  7066 | steps_t:  1845 | t: 40.226315 | r:  -509.000000 | e:   0.815500 | Q: -372.013916 | won: False 
#  785 | steps:  7073 | steps_t:  1851 | t: 40.351318 | r:  -506.000000 | e:   0.814900 | Q:        nan | won: False 
#  786 | steps:  7083 | steps_t:  1860 | t: 40.575386 | r:  -509.000000 | e:   0.814000 | Q:        nan | won: False 
#  787 | steps:  7094 | steps_t:  1870 | t: 40.809758 | r:  -510.000000 | e:   0.813000 | Q: -362.710541 | won: False 
#  788 | steps:  7108 | steps_t:  1883 | t: 41.106634 | r:  -513.000000 | e:   0.811700 | Q: -311.242096 | won: False 
#  789 | steps:  7117 | steps_t:  1891 | t: 41.325380 | r:  -508.000000 | e:   0.810900 | Q: -329.081970 | won: False 
#  790 | steps:  7130 | steps_t:  1903 | t: 41.633745 | r:  -512.000000 | e:   0.809700 | Q: -401.841492 | won: False 
#  791 | steps:  7138 | steps_t:  1910 | t: 41.821474 | r:  -507.000000 | e:   0.809000 | Q:        nan | won: False 
#  792 | steps:  7148 | steps_t:  1919 | t: 42.040181 | r:  -509.000000 | e:   0.808100 | Q:        nan | won: False 
#  793 | steps:  7159 | steps_t:  1929 | t: 42.321958 | r:  -510.000000 | e:   0.807100 | Q: -329.496307 | won: False 
#  794 | steps:  7168 | steps_t:  1937 | t: 42.527836 | r:  -508.000000 | e:   0.806300 | Q: -321.085266 | won: False 
#  795 | steps:  7177 | steps_t:  1945 | t: 42.746918 | r:  -508.000000 | e:   0.805500 | Q: -368.062866 | won: False 
#  796 | steps:  7183 | steps_t:  1950 | t: 42.887578 | r:  -505.000000 | e:   0.805000 | Q: -383.001526 | won: False 
#  797 | steps:  7192 | steps_t:  1958 | t: 43.090880 | r:  -508.000000 | e:   0.804200 | Q: -324.177979 | won: False 
#  798 | steps:  7198 | steps_t:  1963 | t: 43.232022 | r:  -505.000000 | e:   0.803700 | Q:        nan | won: False 
#  799 | steps:  7210 | steps_t:  1974 | t: 43.518319 | r:  -511.000000 | e:   0.802600 | Q: -436.831024 | won: False 
#  800 | steps:  7221 | steps_t:  1984 | t: 43.799468 | r:  -510.000000 | e:   0.801600 | Q: -344.152008 | won: False 
#  801 | steps:  7230 | steps_t:  1992 | t: 44.002588 | r:  -508.000000 | e:   0.800800 | Q: -338.923431 | won: False 
#  802 | steps:  7241 | steps_t:  2002 | t: 44.268220 | r:  -510.000000 | e:   0.799800 | Q: -325.975433 | won: False 
#  803 | steps:  7251 | steps_t:  2011 | t: 44.519871 | r:  -509.000000 | e:   0.798900 | Q: -344.024109 | won: False 
#  804 | steps:  7266 | steps_t:  2025 | t: 44.879292 | r:  -492.000000 | e:   0.797500 | Q: -359.453949 | won: False 
#  805 | steps:  7275 | steps_t:  2033 | t: 45.082421 | r:  -508.000000 | e:   0.796700 | Q: -414.402618 | won: False 
#  806 | steps:  7285 | steps_t:  2042 | t: 45.316788 | r:  -509.000000 | e:   0.795800 | Q:        nan | won: False 
#  807 | steps:  7294 | steps_t:  2050 | t: 45.540692 | r:  -508.000000 | e:   0.795000 | Q: -361.532349 | won: False 
#  808 | steps:  7305 | steps_t:  2060 | t: 45.806311 | r:  -510.000000 | e:   0.794000 | Q: -327.353119 | won: False 
#  809 | steps:  7313 | steps_t:  2067 | t: 45.994396 | r:  -507.000000 | e:   0.793300 | Q: -408.299011 | won: False 
#  810 | steps:  7322 | steps_t:  2075 | t: 46.197525 | r:  -508.000000 | e:   0.792500 | Q: -407.643219 | won: False 
#  811 | steps:  7329 | steps_t:  2081 | t: 46.369406 | r:  -506.000000 | e:   0.791900 | Q: -321.787598 | won: False 
#  812 | steps:  7337 | steps_t:  2088 | t: 46.558715 | r:  -507.000000 | e:   0.791200 | Q: -405.872314 | won: False 
#  813 | steps:  7349 | steps_t:  2099 | t: 46.839975 | r:  -511.000000 | e:   0.790100 | Q: -308.003174 | won: False 
#  814 | steps:  7363 | steps_t:  2112 | t: 47.183739 | r:  -513.000000 | e:   0.788800 | Q: -396.507263 | won: False 
#  815 | steps:  7374 | steps_t:  2122 | t: 47.456820 | r:  -510.000000 | e:   0.787800 | Q: -371.972473 | won: False 
#  816 | steps:  7383 | steps_t:  2130 | t: 47.675585 | r:  -508.000000 | e:   0.787000 | Q: -328.435730 | won: False 
#  817 | steps:  7391 | steps_t:  2137 | t: 47.847453 | r:  -507.000000 | e:   0.786300 | Q: -332.768494 | won: False 
#  818 | steps:  7397 | steps_t:  2142 | t: 47.988086 | r:  -505.000000 | e:   0.785800 | Q: -338.115143 | won: False 
#  819 | steps:  7404 | steps_t:  2148 | t: 48.144334 | r:  -506.000000 | e:   0.785200 | Q: -384.467560 | won: False 
#  820 | steps:  7411 | steps_t:  2154 | t: 48.316207 | r:  -506.000000 | e:   0.784600 | Q: -343.024963 | won: False 
#  821 | steps:  7420 | steps_t:  2162 | t: 48.532456 | r:  -508.000000 | e:   0.783800 | Q: -349.085907 | won: False 
#  822 | steps:  7428 | steps_t:  2169 | t: 48.720103 | r:  -507.000000 | e:   0.783100 | Q: -366.351624 | won: False 
#  823 | steps:  7441 | steps_t:  2181 | t: 49.032605 | r:  -512.000000 | e:   0.781900 | Q: -337.087494 | won: False 
#  824 | steps:  7447 | steps_t:  2186 | t: 49.173221 | r:  -505.000000 | e:   0.781400 | Q: -336.510834 | won: False 
#  825 | steps:  7454 | steps_t:  2192 | t: 49.345099 | r:  -506.000000 | e:   0.780800 | Q: -356.084869 | won: False 
#  826 | steps:  7462 | steps_t:  2199 | t: 49.521130 | r:  -507.000000 | e:   0.780100 | Q: -382.934631 | won: False 
#  827 | steps:  7468 | steps_t:  2204 | t: 49.661772 | r:  -505.000000 | e:   0.779600 | Q:        nan | won: False 
#  828 | steps:  7477 | steps_t:  2212 | t: 49.864877 | r:  -508.000000 | e:   0.778800 | Q: -348.256317 | won: False 
#  829 | steps:  7491 | steps_t:  2225 | t: 50.208856 | r:  -513.000000 | e:   0.777500 | Q: -418.343262 | won: False 
#  830 | steps:  7505 | steps_t:  2238 | t: 50.549965 | r:  -513.000000 | e:   0.776200 | Q: -410.709198 | won: False 
#  831 | steps:  7517 | steps_t:  2249 | t: 50.846824 | r:  -511.000000 | e:   0.775100 | Q: -360.736786 | won: False 
#  832 | steps:  7523 | steps_t:  2254 | t: 50.971817 | r:  -505.000000 | e:   0.774600 | Q: -348.962738 | won: False 
#  833 | steps:  7528 | steps_t:  2258 | t: 51.096833 | r:  -504.000000 | e:   0.774200 | Q: -353.460968 | won: False 
#  834 | steps:  7539 | steps_t:  2268 | t: 51.365008 | r:  -510.000000 | e:   0.773200 | Q: -362.606781 | won: False 
#  835 | steps:  7550 | steps_t:  2278 | t: 51.636797 | r:  -510.000000 | e:   0.772200 | Q: -336.281036 | won: False 
