#    1 | steps:     8 | steps_t:     0 | t: 0.002001 | r:  -507.000000 | e:   1.000000 | Q:        nan | won: False 
#    2 | steps:    16 | steps_t:     0 | t: 0.006002 | r:  -507.000000 | e:   1.000000 | Q:        nan | won: False 
#    3 | steps:    23 | steps_t:     0 | t: 0.008003 | r:  -506.000000 | e:   1.000000 | Q:        nan | won: False 
#    4 | steps:    31 | steps_t:     0 | t: 0.010003 | r:  -507.000000 | e:   1.000000 | Q:        nan | won: False 
#    5 | steps:    40 | steps_t:     0 | t: 0.014004 | r:  -508.000000 | e:   1.000000 | Q:        nan | won: False 
#    6 | steps:    47 | steps_t:     0 | t: 0.016005 | r:  -506.000000 | e:   1.000000 | Q:        nan | won: False 
#    7 | steps:    56 | steps_t:     0 | t: 0.018006 | r:  -508.000000 | e:   1.000000 | Q:        nan | won: False 
#    8 | steps:    67 | steps_t:     0 | t: 0.022006 | r:  -510.000000 | e:   1.000000 | Q:        nan | won: False 
#    9 | steps:    73 | steps_t:     0 | t: 0.024007 | r:  -505.000000 | e:   1.000000 | Q:        nan | won: False 
#   10 | steps:    82 | steps_t:     0 | t: 0.026007 | r:  -508.000000 | e:   1.000000 | Q:        nan | won: False 
#   11 | steps:    89 | steps_t:     0 | t: 0.028042 | r:  -506.000000 | e:   1.000000 | Q:        nan | won: False 
#   12 | steps:    99 | steps_t:     0 | t: 0.030012 | r:  -509.000000 | e:   1.000000 | Q:        nan | won: False 
#   13 | steps:   105 | steps_t:     0 | t: 0.032012 | r:  -505.000000 | e:   1.000000 | Q:        nan | won: False 
#   14 | steps:   112 | steps_t:     0 | t: 0.034013 | r:  -506.000000 | e:   1.000000 | Q:        nan | won: False 
#   15 | steps:   117 | steps_t:     0 | t: 0.036013 | r:  -504.000000 | e:   1.000000 | Q:        nan | won: False 
#   16 | steps:   122 | steps_t:     0 | t: 0.038014 | r:  -504.000000 | e:   1.000000 | Q:        nan | won: False 
#   17 | steps:   133 | steps_t:     0 | t: 0.042015 | r:  -510.000000 | e:   1.000000 | Q:        nan | won: False 
#   18 | steps:   144 | steps_t:     0 | t: 0.044016 | r:  -510.000000 | e:   1.000000 | Q:        nan | won: False 
#   19 | steps:   160 | steps_t:     0 | t: 0.048017 | r:  -515.000000 | e:   1.000000 | Q:        nan | won: False 
#   20 | steps:   168 | steps_t:     0 | t: 0.052017 | r:  -507.000000 | e:   1.000000 | Q:        nan | won: False 
#   21 | steps:   175 | steps_t:     0 | t: 0.054018 | r:  -506.000000 | e:   1.000000 | Q:        nan | won: False 
#   22 | steps:   184 | steps_t:     0 | t: 0.056018 | r:  -508.000000 | e:   1.000000 | Q:        nan | won: False 
#   23 | steps:   194 | steps_t:     0 | t: 0.060019 | r:  -509.000000 | e:   1.000000 | Q:        nan | won: False 
#   24 | steps:   202 | steps_t:     0 | t: 0.062020 | r:  -507.000000 | e:   1.000000 | Q:        nan | won: False 
#   25 | steps:   216 | steps_t:     0 | t: 0.066021 | r:  -513.000000 | e:   1.000000 | Q:        nan | won: False 
#   26 | steps:   224 | steps_t:     0 | t: 0.070022 | r:  -507.000000 | e:   1.000000 | Q:        nan | won: False 
#   27 | steps:   233 | steps_t:     0 | t: 0.072022 | r:  -508.000000 | e:   1.000000 | Q:        nan | won: False 
#   28 | steps:   240 | steps_t:     0 | t: 0.074023 | r:  -506.000000 | e:   1.000000 | Q:        nan | won: False 
#   29 | steps:   249 | steps_t:     0 | t: 0.076024 | r:  -508.000000 | e:   1.000000 | Q:        nan | won: False 
#   30 | steps:   257 | steps_t:     0 | t: 0.078024 | r:  -507.000000 | e:   1.000000 | Q:        nan | won: False 
#   31 | steps:   268 | steps_t:     0 | t: 0.082025 | r:  -510.000000 | e:   1.000000 | Q:        nan | won: False 
#   32 | steps:   276 | steps_t:     0 | t: 0.086026 | r:  -507.000000 | e:   1.000000 | Q:        nan | won: False 
#   33 | steps:   283 | steps_t:     0 | t: 0.088027 | r:  -506.000000 | e:   1.000000 | Q:        nan | won: False 
#   34 | steps:   291 | steps_t:     0 | t: 0.090027 | r:  -507.000000 | e:   1.000000 | Q:        nan | won: False 
#   35 | steps:   300 | steps_t:     0 | t: 0.092028 | r:  -508.000000 | e:   1.000000 | Q:        nan | won: False 
#   36 | steps:   307 | steps_t:     0 | t: 0.094028 | r:  -506.000000 | e:   1.000000 | Q:        nan | won: False 
#   37 | steps:   316 | steps_t:     0 | t: 0.096028 | r:  -508.000000 | e:   1.000000 | Q:        nan | won: False 
#   38 | steps:   324 | steps_t:     0 | t: 0.100030 | r:  -507.000000 | e:   1.000000 | Q:        nan | won: False 
#   39 | steps:   335 | steps_t:     0 | t: 0.102030 | r:  -510.000000 | e:   1.000000 | Q:        nan | won: False 
#   40 | steps:   342 | steps_t:     0 | t: 0.104030 | r:  -506.000000 | e:   1.000000 | Q:        nan | won: False 
#   41 | steps:   347 | steps_t:     0 | t: 0.106031 | r:  -504.000000 | e:   1.000000 | Q:        nan | won: False 
#   42 | steps:   354 | steps_t:     0 | t: 0.108032 | r:  -506.000000 | e:   1.000000 | Q:        nan | won: False 
#   43 | steps:   364 | steps_t:     0 | t: 0.112032 | r:  -509.000000 | e:   1.000000 | Q:        nan | won: False 
#   44 | steps:   371 | steps_t:     0 | t: 0.114033 | r:  -506.000000 | e:   1.000000 | Q:        nan | won: False 
#   45 | steps:   380 | steps_t:     0 | t: 0.116034 | r:  -508.000000 | e:   1.000000 | Q:        nan | won: False 
#   46 | steps:   389 | steps_t:     0 | t: 0.120034 | r:  -508.000000 | e:   1.000000 | Q:        nan | won: False 
#   47 | steps:   397 | steps_t:     0 | t: 0.122035 | r:  -507.000000 | e:   1.000000 | Q:        nan | won: False 
#   48 | steps:   407 | steps_t:     0 | t: 0.124036 | r:  -509.000000 | e:   1.000000 | Q:        nan | won: False 
#   49 | steps:   413 | steps_t:     0 | t: 0.126036 | r:  -505.000000 | e:   1.000000 | Q:        nan | won: False 
#   50 | steps:   423 | steps_t:     0 | t: 0.130041 | r:  -509.000000 | e:   1.000000 | Q:        nan | won: False 
#   51 | steps:   435 | steps_t:     0 | t: 0.132042 | r:  -511.000000 | e:   1.000000 | Q:        nan | won: False 
#   52 | steps:   441 | steps_t:     0 | t: 0.134042 | r:  -505.000000 | e:   1.000000 | Q:        nan | won: False 
#   53 | steps:   447 | steps_t:     0 | t: 0.136043 | r:  -505.000000 | e:   1.000000 | Q:        nan | won: False 
#   54 | steps:   454 | steps_t:     0 | t: 0.138043 | r:  -506.000000 | e:   1.000000 | Q:        nan | won: False 
#   55 | steps:   461 | steps_t:     0 | t: 0.140043 | r:  -506.000000 | e:   1.000000 | Q:        nan | won: False 
#   56 | steps:   467 | steps_t:     0 | t: 0.142045 | r:  -505.000000 | e:   1.000000 | Q:        nan | won: False 
#   57 | steps:   475 | steps_t:     0 | t: 0.144045 | r:  -507.000000 | e:   1.000000 | Q:        nan | won: False 
#   58 | steps:   486 | steps_t:     0 | t: 0.148046 | r:  -510.000000 | e:   1.000000 | Q:        nan | won: False 
#   59 | steps:   493 | steps_t:     0 | t: 0.150046 | r:  -506.000000 | e:   1.000000 | Q:        nan | won: False 
#   60 | steps:   503 | steps_t:     0 | t: 0.152046 | r:  -509.000000 | e:   1.000000 | Q:        nan | won: False 
#   61 | steps:   510 | steps_t:     0 | t: 0.156235 | r:  -506.000000 | e:   1.000000 | Q:        nan | won: False 
#   62 | steps:   520 | steps_t:     0 | t: 0.158322 | r:  -509.000000 | e:   1.000000 | Q:        nan | won: False 
#   63 | steps:   535 | steps_t:     0 | t: 0.162322 | r:  -514.000000 | e:   1.000000 | Q:        nan | won: False 
#   64 | steps:   543 | steps_t:     0 | t: 0.166323 | r:  -507.000000 | e:   1.000000 | Q:        nan | won: False 
#   65 | steps:   552 | steps_t:     0 | t: 0.168324 | r:  -508.000000 | e:   1.000000 | Q:        nan | won: False 
#   66 | steps:   559 | steps_t:     0 | t: 0.170324 | r:  -506.000000 | e:   1.000000 | Q:        nan | won: False 
#   67 | steps:   568 | steps_t:     0 | t: 0.172325 | r:  -508.000000 | e:   1.000000 | Q:        nan | won: False 
#   68 | steps:   586 | steps_t:     0 | t: 0.178326 | r:  -517.000000 | e:   1.000000 | Q:        nan | won: False 
#   69 | steps:   599 | steps_t:     0 | t: 0.182327 | r:  -512.000000 | e:   1.000000 | Q:        nan | won: False 
#   70 | steps:   608 | steps_t:     0 | t: 0.184328 | r:  -508.000000 | e:   1.000000 | Q:        nan | won: False 
#   71 | steps:   614 | steps_t:     0 | t: 0.186328 | r:  -505.000000 | e:   1.000000 | Q:        nan | won: False 
#   72 | steps:   623 | steps_t:     0 | t: 0.188329 | r:  -508.000000 | e:   1.000000 | Q:        nan | won: False 
#   73 | steps:   632 | steps_t:     0 | t: 0.192329 | r:  -508.000000 | e:   1.000000 | Q:        nan | won: False 
#   74 | steps:   641 | steps_t:     0 | t: 0.194330 | r:  -508.000000 | e:   1.000000 | Q:        nan | won: False 
#   75 | steps:   650 | steps_t:     0 | t: 0.196331 | r:  -508.000000 | e:   1.000000 | Q:        nan | won: False 
#   76 | steps:   656 | steps_t:     0 | t: 0.198331 | r:  -505.000000 | e:   1.000000 | Q:        nan | won: False 
#   77 | steps:   663 | steps_t:     0 | t: 0.200331 | r:  -506.000000 | e:   1.000000 | Q:        nan | won: False 
#   78 | steps:   675 | steps_t:     0 | t: 0.204333 | r:  -511.000000 | e:   1.000000 | Q:        nan | won: False 
#   79 | steps:   683 | steps_t:     0 | t: 0.206333 | r:  -507.000000 | e:   1.000000 | Q:        nan | won: False 
#   80 | steps:   690 | steps_t:     0 | t: 0.208334 | r:  -506.000000 | e:   1.000000 | Q:        nan | won: False 
#   81 | steps:   700 | steps_t:     0 | t: 0.212335 | r:  -509.000000 | e:   1.000000 | Q:        nan | won: False 
#   82 | steps:   711 | steps_t:     0 | t: 0.214335 | r:  -510.000000 | e:   1.000000 | Q:        nan | won: False 
#   83 | steps:   724 | steps_t:     0 | t: 0.218336 | r:  -512.000000 | e:   1.000000 | Q:        nan | won: False 
#   84 | steps:   732 | steps_t:     0 | t: 0.220337 | r:  -507.000000 | e:   1.000000 | Q:        nan | won: False 
#   85 | steps:   745 | steps_t:     0 | t: 0.224337 | r:  -512.000000 | e:   1.000000 | Q:        nan | won: False 
#   86 | steps:   752 | steps_t:     0 | t: 0.226338 | r:  -506.000000 | e:   1.000000 | Q:        nan | won: False 
#   87 | steps:   759 | steps_t:     0 | t: 0.228350 | r:  -506.000000 | e:   1.000000 | Q:        nan | won: False 
#   88 | steps:   766 | steps_t:     0 | t: 0.230343 | r:  -506.000000 | e:   1.000000 | Q:        nan | won: False 
#   89 | steps:   774 | steps_t:     0 | t: 0.232343 | r:  -507.000000 | e:   1.000000 | Q:        nan | won: False 
#   90 | steps:   782 | steps_t:     0 | t: 0.236344 | r:  -507.000000 | e:   1.000000 | Q:        nan | won: False 
#   91 | steps:   798 | steps_t:     0 | t: 0.240346 | r:  -515.000000 | e:   1.000000 | Q:        nan | won: False 
#   92 | steps:   805 | steps_t:     0 | t: 0.242346 | r:  -506.000000 | e:   1.000000 | Q:        nan | won: False 
#   93 | steps:   814 | steps_t:     0 | t: 0.246346 | r:  -508.000000 | e:   1.000000 | Q:        nan | won: False 
#   94 | steps:   821 | steps_t:     0 | t: 0.248348 | r:  -506.000000 | e:   1.000000 | Q:        nan | won: False 
#   95 | steps:   839 | steps_t:     0 | t: 0.252347 | r:  -517.000000 | e:   1.000000 | Q:        nan | won: False 
#   96 | steps:   849 | steps_t:     0 | t: 0.256349 | r:  -509.000000 | e:   1.000000 | Q:        nan | won: False 
#   97 | steps:   856 | steps_t:     0 | t: 0.258350 | r:  -506.000000 | e:   1.000000 | Q:        nan | won: False 
#   98 | steps:   863 | steps_t:     0 | t: 0.260350 | r:  -506.000000 | e:   1.000000 | Q:        nan | won: False 
#   99 | steps:   877 | steps_t:     0 | t: 0.264351 | r:  -491.000000 | e:   1.000000 | Q:        nan | won: False 
#  100 | steps:   883 | steps_t:     0 | t: 0.266352 | r:  -505.000000 | e:   1.000000 | Q:        nan | won: False 
#  101 | steps:   895 | steps_t:     0 | t: 0.270352 | r:  -511.000000 | e:   1.000000 | Q:        nan | won: False 
#  102 | steps:   905 | steps_t:     0 | t: 0.272353 | r:  -509.000000 | e:   1.000000 | Q:        nan | won: False 
#  103 | steps:   914 | steps_t:     0 | t: 0.274354 | r:  -508.000000 | e:   1.000000 | Q:        nan | won: False 
#  104 | steps:   928 | steps_t:     0 | t: 0.278355 | r:  -513.000000 | e:   1.000000 | Q:        nan | won: False 
#  105 | steps:   936 | steps_t:     0 | t: 0.282356 | r:  -507.000000 | e:   1.000000 | Q:        nan | won: False 
#  106 | steps:   946 | steps_t:     0 | t: 0.286357 | r:  -509.000000 | e:   1.000000 | Q:        nan | won: False 
#  107 | steps:   952 | steps_t:     0 | t: 0.288357 | r:  -505.000000 | e:   1.000000 | Q:        nan | won: False 
#  108 | steps:   958 | steps_t:     0 | t: 0.290358 | r:  -505.000000 | e:   1.000000 | Q:        nan | won: False 
#  109 | steps:   964 | steps_t:     0 | t: 0.292358 | r:  -505.000000 | e:   1.000000 | Q:        nan | won: False 
#  110 | steps:   972 | steps_t:     0 | t: 0.296358 | r:  -507.000000 | e:   1.000000 | Q:        nan | won: False 
#  111 | steps:   980 | steps_t:     0 | t: 0.298358 | r:  -507.000000 | e:   1.000000 | Q:        nan | won: False 
#  112 | steps:   990 | steps_t:     0 | t: 0.302360 | r:  -509.000000 | e:   1.000000 | Q:        nan | won: False 
#  113 | steps:   999 | steps_t:     0 | t: 0.304360 | r:  -508.000000 | e:   1.000000 | Q:        nan | won: False 
#  114 | steps:  1007 | steps_t:     0 | t: 0.306361 | r:  -507.000000 | e:   1.000000 | Q:        nan | won: False 
#  115 | steps:  1014 | steps_t:     0 | t: 0.308362 | r:  -506.000000 | e:   1.000000 | Q:        nan | won: False 
#  116 | steps:  1021 | steps_t:     0 | t: 0.310363 | r:  -506.000000 | e:   1.000000 | Q:        nan | won: False 
#  117 | steps:  1026 | steps_t:     0 | t: 0.314362 | r:  -504.000000 | e:   1.000000 | Q:        nan | won: False 
#  118 | steps:  1034 | steps_t:     0 | t: 0.316364 | r:  -507.000000 | e:   1.000000 | Q:        nan | won: False 
#  119 | steps:  1040 | steps_t:     0 | t: 0.318365 | r:  -505.000000 | e:   1.000000 | Q:        nan | won: False 
#  120 | steps:  1048 | steps_t:     0 | t: 0.320366 | r:  -507.000000 | e:   1.000000 | Q:        nan | won: False 
#  121 | steps:  1055 | steps_t:     0 | t: 0.322366 | r:  -506.000000 | e:   1.000000 | Q:        nan | won: False 
#  122 | steps:  1061 | steps_t:     0 | t: 0.324366 | r:  -505.000000 | e:   1.000000 | Q:        nan | won: False 
#  123 | steps:  1067 | steps_t:     0 | t: 0.326367 | r:  -505.000000 | e:   1.000000 | Q:        nan | won: False 
#  124 | steps:  1075 | steps_t:     0 | t: 0.328378 | r:  -507.000000 | e:   1.000000 | Q:        nan | won: False 
#  125 | steps:  1083 | steps_t:     0 | t: 0.330372 | r:  -507.000000 | e:   1.000000 | Q:        nan | won: False 
#  126 | steps:  1091 | steps_t:     0 | t: 0.332372 | r:  -507.000000 | e:   1.000000 | Q:        nan | won: False 
#  127 | steps:  1097 | steps_t:     0 | t: 0.334373 | r:  -505.000000 | e:   1.000000 | Q:        nan | won: False 
#  128 | steps:  1106 | steps_t:     0 | t: 0.338374 | r:  -508.000000 | e:   1.000000 | Q:        nan | won: False 
#  129 | steps:  1113 | steps_t:     0 | t: 0.340374 | r:  -506.000000 | e:   1.000000 | Q:        nan | won: False 
#  130 | steps:  1121 | steps_t:     0 | t: 0.342375 | r:  -507.000000 | e:   1.000000 | Q:        nan | won: False 
#  131 | steps:  1127 | steps_t:     0 | t: 0.344377 | r:  -505.000000 | e:   1.000000 | Q:        nan | won: False 
#  132 | steps:  1136 | steps_t:     0 | t: 0.346376 | r:  -508.000000 | e:   1.000000 | Q:        nan | won: False 
#  133 | steps:  1144 | steps_t:     0 | t: 0.348377 | r:  -507.000000 | e:   1.000000 | Q:        nan | won: False 
#  134 | steps:  1150 | steps_t:     0 | t: 0.350377 | r:  -505.000000 | e:   1.000000 | Q:        nan | won: False 
#  135 | steps:  1158 | steps_t:     0 | t: 0.352378 | r:  -507.000000 | e:   1.000000 | Q:        nan | won: False 
#  136 | steps:  1168 | steps_t:     0 | t: 0.356378 | r:  -509.000000 | e:   1.000000 | Q:        nan | won: False 
#  137 | steps:  1175 | steps_t:     0 | t: 0.358379 | r:  -506.000000 | e:   1.000000 | Q:        nan | won: False 
#  138 | steps:  1184 | steps_t:     0 | t: 0.360379 | r:  -508.000000 | e:   1.000000 | Q:        nan | won: False 
#  139 | steps:  1189 | steps_t:     0 | t: 0.362380 | r:  -504.000000 | e:   1.000000 | Q:        nan | won: False 
#  140 | steps:  1197 | steps_t:     0 | t: 0.364381 | r:  -507.000000 | e:   1.000000 | Q:        nan | won: False 
#  141 | steps:  1202 | steps_t:     0 | t: 0.366381 | r:  -504.000000 | e:   1.000000 | Q:        nan | won: False 
#  142 | steps:  1219 | steps_t:     0 | t: 0.370382 | r:  -516.000000 | e:   1.000000 | Q:        nan | won: False 
#  143 | steps:  1226 | steps_t:     0 | t: 0.374383 | r:  -506.000000 | e:   1.000000 | Q:        nan | won: False 
#  144 | steps:  1231 | steps_t:     0 | t: 0.374383 | r:  -504.000000 | e:   1.000000 | Q:        nan | won: False 
#  145 | steps:  1240 | steps_t:     0 | t: 0.378384 | r:  -508.000000 | e:   1.000000 | Q:        nan | won: False 
#  146 | steps:  1251 | steps_t:     0 | t: 0.380384 | r:  -510.000000 | e:   1.000000 | Q:        nan | won: False 
#  147 | steps:  1262 | steps_t:     0 | t: 0.384385 | r:  -510.000000 | e:   1.000000 | Q:        nan | won: False 
#  148 | steps:  1271 | steps_t:     0 | t: 0.386386 | r:  -508.000000 | e:   1.000000 | Q:        nan | won: False 
#  149 | steps:  1281 | steps_t:     0 | t: 0.390388 | r:  -509.000000 | e:   1.000000 | Q:        nan | won: False 
#  150 | steps:  1289 | steps_t:     0 | t: 0.392953 | r:  -507.000000 | e:   1.000000 | Q:        nan | won: False 
#  151 | steps:  1300 | steps_t:     0 | t: 0.395952 | r:  -510.000000 | e:   1.000000 | Q:        nan | won: False 
#  152 | steps:  1309 | steps_t:     0 | t: 0.398952 | r:  -508.000000 | e:   1.000000 | Q:        nan | won: False 
#  153 | steps:  1316 | steps_t:     0 | t: 0.401953 | r:  -506.000000 | e:   1.000000 | Q:        nan | won: False 
#  154 | steps:  1324 | steps_t:     0 | t: 0.403953 | r:  -507.000000 | e:   1.000000 | Q:        nan | won: False 
#  155 | steps:  1331 | steps_t:     0 | t: 0.407953 | r:  -506.000000 | e:   1.000000 | Q:        nan | won: False 
#  156 | steps:  1337 | steps_t:     0 | t: 0.409954 | r:  -505.000000 | e:   1.000000 | Q:        nan | won: False 
#  157 | steps:  1344 | steps_t:     0 | t: 0.411955 | r:  -506.000000 | e:   1.000000 | Q:        nan | won: False 
#  158 | steps:  1353 | steps_t:     0 | t: 0.414956 | r:  -508.000000 | e:   1.000000 | Q:        nan | won: False 
#  159 | steps:  1360 | steps_t:     0 | t: 0.416957 | r:  -506.000000 | e:   1.000000 | Q:        nan | won: False 
#  160 | steps:  1369 | steps_t:     0 | t: 0.419957 | r:  -508.000000 | e:   1.000000 | Q:        nan | won: False 
#  161 | steps:  1376 | steps_t:     0 | t: 0.422998 | r:  -506.000000 | e:   1.000000 | Q:        nan | won: False 
#  162 | steps:  1391 | steps_t:     0 | t: 0.426999 | r:  -492.000000 | e:   1.000000 | Q:        nan | won: False 
#  163 | steps:  1401 | steps_t:     0 | t: 0.428514 | r:  -509.000000 | e:   1.000000 | Q:        nan | won: False 
#  164 | steps:  1407 | steps_t:     0 | t: 0.430506 | r:  -505.000000 | e:   1.000000 | Q:        nan | won: False 
#  165 | steps:  1417 | steps_t:     0 | t: 0.434507 | r:  -509.000000 | e:   1.000000 | Q:        nan | won: False 
#  166 | steps:  1425 | steps_t:     0 | t: 0.436508 | r:  -507.000000 | e:   1.000000 | Q:        nan | won: False 
#  167 | steps:  1430 | steps_t:     0 | t: 0.438510 | r:  -504.000000 | e:   1.000000 | Q:        nan | won: False 
#  168 | steps:  1439 | steps_t:     0 | t: 0.442510 | r:  -508.000000 | e:   1.000000 | Q:        nan | won: False 
#  169 | steps:  1447 | steps_t:     0 | t: 0.444510 | r:  -507.000000 | e:   1.000000 | Q:        nan | won: False 
#  170 | steps:  1454 | steps_t:     0 | t: 0.446511 | r:  -506.000000 | e:   1.000000 | Q:        nan | won: False 
#  171 | steps:  1462 | steps_t:     0 | t: 0.448512 | r:  -507.000000 | e:   1.000000 | Q:        nan | won: False 
#  172 | steps:  1469 | steps_t:     0 | t: 0.450512 | r:  -506.000000 | e:   1.000000 | Q:        nan | won: False 
#  173 | steps:  1480 | steps_t:     0 | t: 0.454513 | r:  -510.000000 | e:   1.000000 | Q:        nan | won: False 
#  174 | steps:  1487 | steps_t:     0 | t: 0.456513 | r:  -506.000000 | e:   1.000000 | Q:        nan | won: False 
#  175 | steps:  1494 | steps_t:     0 | t: 0.458512 | r:  -506.000000 | e:   1.000000 | Q:        nan | won: False 
#  176 | steps:  1504 | steps_t:     0 | t: 0.460513 | r:  -509.000000 | e:   1.000000 | Q:        nan | won: False 
#  177 | steps:  1513 | steps_t:     0 | t: 0.464515 | r:  -508.000000 | e:   1.000000 | Q:        nan | won: False 
#  178 | steps:  1521 | steps_t:     0 | t: 0.466516 | r:  -507.000000 | e:   1.000000 | Q:        nan | won: False 
#  179 | steps:  1526 | steps_t:     0 | t: 0.468517 | r:  -504.000000 | e:   1.000000 | Q:        nan | won: False 
#  180 | steps:  1535 | steps_t:     0 | t: 0.470516 | r:  -508.000000 | e:   1.000000 | Q:        nan | won: False 
#  181 | steps:  1544 | steps_t:     0 | t: 0.474518 | r:  -508.000000 | e:   1.000000 | Q:        nan | won: False 
#  182 | steps:  1555 | steps_t:     0 | t: 0.476518 | r:  -510.000000 | e:   1.000000 | Q:        nan | won: False 
#  183 | steps:  1564 | steps_t:     0 | t: 0.480519 | r:  -508.000000 | e:   1.000000 | Q:        nan | won: False 
#  184 | steps:  1573 | steps_t:     0 | t: 0.482519 | r:  -508.000000 | e:   1.000000 | Q:        nan | won: False 
#  185 | steps:  1582 | steps_t:     0 | t: 0.486521 | r:  -508.000000 | e:   1.000000 | Q:        nan | won: False 
#  186 | steps:  1591 | steps_t:     0 | t: 0.488523 | r:  -508.000000 | e:   1.000000 | Q:        nan | won: False 
#  187 | steps:  1598 | steps_t:     0 | t: 0.490522 | r:  -506.000000 | e:   1.000000 | Q:        nan | won: False 
#  188 | steps:  1603 | steps_t:     0 | t: 0.492522 | r:  -504.000000 | e:   1.000000 | Q:        nan | won: False 
#  189 | steps:  1612 | steps_t:     0 | t: 0.494522 | r:  -508.000000 | e:   1.000000 | Q:        nan | won: False 
#  190 | steps:  1622 | steps_t:     0 | t: 0.498524 | r:  -509.000000 | e:   1.000000 | Q:        nan | won: False 
#  191 | steps:  1632 | steps_t:     0 | t: 0.500525 | r:  -509.000000 | e:   1.000000 | Q:        nan | won: False 
#  192 | steps:  1641 | steps_t:     0 | t: 0.504525 | r:  -508.000000 | e:   1.000000 | Q:        nan | won: False 
#  193 | steps:  1651 | steps_t:     0 | t: 0.506526 | r:  -509.000000 | e:   1.000000 | Q:        nan | won: False 
#  194 | steps:  1657 | steps_t:     0 | t: 0.508526 | r:  -505.000000 | e:   1.000000 | Q:        nan | won: False 
#  195 | steps:  1666 | steps_t:     0 | t: 0.510527 | r:  -508.000000 | e:   1.000000 | Q:        nan | won: False 
#  196 | steps:  1675 | steps_t:     0 | t: 0.514527 | r:  -508.000000 | e:   1.000000 | Q:        nan | won: False 
#  197 | steps:  1684 | steps_t:     0 | t: 0.516528 | r:  -508.000000 | e:   1.000000 | Q:        nan | won: False 
#  198 | steps:  1692 | steps_t:     0 | t: 0.518529 | r:  -507.000000 | e:   1.000000 | Q:        nan | won: False 
#  199 | steps:  1700 | steps_t:     0 | t: 0.522530 | r:  -507.000000 | e:   1.000000 | Q:        nan | won: False 
#  200 | steps:  1709 | steps_t:     0 | t: 0.524530 | r:  -508.000000 | e:   1.000000 | Q:        nan | won: False 
#  201 | steps:  1715 | steps_t:     0 | t: 0.526531 | r:  -505.000000 | e:   1.000000 | Q:        nan | won: False 
#  202 | steps:  1723 | steps_t:     0 | t: 0.528557 | r:  -507.000000 | e:   1.000000 | Q:        nan | won: False 
#  203 | steps:  1734 | steps_t:     0 | t: 0.532536 | r:  -510.000000 | e:   1.000000 | Q:        nan | won: False 
#  204 | steps:  1741 | steps_t:     0 | t: 0.534537 | r:  -506.000000 | e:   1.000000 | Q:        nan | won: False 
#  205 | steps:  1751 | steps_t:     0 | t: 0.536537 | r:  -509.000000 | e:   1.000000 | Q:        nan | won: False 
#  206 | steps:  1759 | steps_t:     0 | t: 0.538538 | r:  -507.000000 | e:   1.000000 | Q:        nan | won: False 
#  207 | steps:  1764 | steps_t:     0 | t: 0.540538 | r:  -504.000000 | e:   1.000000 | Q:        nan | won: False 
#  208 | steps:  1771 | steps_t:     0 | t: 0.542539 | r:  -506.000000 | e:   1.000000 | Q:        nan | won: False 
#  209 | steps:  1778 | steps_t:     0 | t: 0.544539 | r:  -506.000000 | e:   1.000000 | Q:        nan | won: False 
#  210 | steps:  1784 | steps_t:     0 | t: 0.546540 | r:  -505.000000 | e:   1.000000 | Q:        nan | won: False 
#  211 | steps:  1793 | steps_t:     0 | t: 0.550541 | r:  -508.000000 | e:   1.000000 | Q:        nan | won: False 
#  212 | steps:  1803 | steps_t:     0 | t: 0.552541 | r:  -509.000000 | e:   1.000000 | Q:        nan | won: False 
#  213 | steps:  1811 | steps_t:     0 | t: 0.554542 | r:  -507.000000 | e:   1.000000 | Q:        nan | won: False 
#  214 | steps:  1819 | steps_t:     0 | t: 0.556542 | r:  -507.000000 | e:   1.000000 | Q:        nan | won: False 
#  215 | steps:  1831 | steps_t:     0 | t: 0.560543 | r:  -511.000000 | e:   1.000000 | Q:        nan | won: False 
#  216 | steps:  1840 | steps_t:     0 | t: 0.564544 | r:  -508.000000 | e:   1.000000 | Q:        nan | won: False 
#  217 | steps:  1848 | steps_t:     0 | t: 0.566545 | r:  -507.000000 | e:   1.000000 | Q:        nan | won: False 
#  218 | steps:  1863 | steps_t:     0 | t: 0.570545 | r:  -514.000000 | e:   1.000000 | Q:        nan | won: False 
#  219 | steps:  1875 | steps_t:     0 | t: 0.574546 | r:  -511.000000 | e:   1.000000 | Q:        nan | won: False 
#  220 | steps:  1885 | steps_t:     0 | t: 0.576547 | r:  -509.000000 | e:   1.000000 | Q:        nan | won: False 
#  221 | steps:  1891 | steps_t:     0 | t: 0.578548 | r:  -505.000000 | e:   1.000000 | Q:        nan | won: False 
#  222 | steps:  1897 | steps_t:     0 | t: 0.580548 | r:  -505.000000 | e:   1.000000 | Q:        nan | won: False 
#  223 | steps:  1906 | steps_t:     0 | t: 0.582549 | r:  -508.000000 | e:   1.000000 | Q:        nan | won: False 
#  224 | steps:  1917 | steps_t:     0 | t: 0.586550 | r:  -510.000000 | e:   1.000000 | Q:        nan | won: False 
#  225 | steps:  1928 | steps_t:     0 | t: 0.588551 | r:  -510.000000 | e:   1.000000 | Q:        nan | won: False 
#  226 | steps:  1936 | steps_t:     0 | t: 0.592551 | r:  -507.000000 | e:   1.000000 | Q:        nan | won: False 
#  227 | steps:  1942 | steps_t:     0 | t: 0.594551 | r:  -505.000000 | e:   1.000000 | Q:        nan | won: False 
#  228 | steps:  1953 | steps_t:     0 | t: 0.596553 | r:  -510.000000 | e:   1.000000 | Q:        nan | won: False 
#  229 | steps:  1961 | steps_t:     0 | t: 0.600554 | r:  -507.000000 | e:   1.000000 | Q:        nan | won: False 
#  230 | steps:  1970 | steps_t:     0 | t: 0.602554 | r:  -508.000000 | e:   1.000000 | Q:        nan | won: False 
#  231 | steps:  1979 | steps_t:     0 | t: 0.604554 | r:  -508.000000 | e:   1.000000 | Q:        nan | won: False 
#  232 | steps:  1985 | steps_t:     0 | t: 0.606555 | r:  -505.000000 | e:   1.000000 | Q:        nan | won: False 
#  233 | steps:  1991 | steps_t:     0 | t: 0.608556 | r:  -505.000000 | e:   1.000000 | Q:        nan | won: False 
#  234 | steps:  1998 | steps_t:     0 | t: 0.610556 | r:  -506.000000 | e:   1.000000 | Q:        nan | won: False 
#  235 | steps:  2006 | steps_t:     0 | t: 0.612556 | r:  -507.000000 | e:   1.000000 | Q:        nan | won: False 
#  236 | steps:  2015 | steps_t:     0 | t: 0.616557 | r:  -508.000000 | e:   1.000000 | Q:        nan | won: False 
#  237 | steps:  2022 | steps_t:     0 | t: 0.618558 | r:  -506.000000 | e:   1.000000 | Q:        nan | won: False 
#  238 | steps:  2028 | steps_t:     0 | t: 0.620558 | r:  -505.000000 | e:   1.000000 | Q:        nan | won: False 
#  239 | steps:  2036 | steps_t:     0 | t: 0.622559 | r:  -507.000000 | e:   1.000000 | Q:        nan | won: False 
#  240 | steps:  2042 | steps_t:     0 | t: 0.624559 | r:  -505.000000 | e:   1.000000 | Q:        nan | won: False 
#  241 | steps:  2050 | steps_t:     0 | t: 0.626560 | r:  -507.000000 | e:   1.000000 | Q:        nan | won: False 
#  242 | steps:  2059 | steps_t:     0 | t: 0.628572 | r:  -508.000000 | e:   1.000000 | Q:        nan | won: False 
#  243 | steps:  2065 | steps_t:     0 | t: 0.630565 | r:  -505.000000 | e:   1.000000 | Q:        nan | won: False 
#  244 | steps:  2072 | steps_t:     0 | t: 0.632565 | r:  -506.000000 | e:   1.000000 | Q:        nan | won: False 
#  245 | steps:  2081 | steps_t:     0 | t: 0.636566 | r:  -508.000000 | e:   1.000000 | Q:        nan | won: False 
#  246 | steps:  2105 | steps_t:     0 | t: 0.642568 | r:  -512.000000 | e:   1.000000 | Q:        nan | won: False 
#  247 | steps:  2114 | steps_t:     0 | t: 0.646569 | r:  -508.000000 | e:   1.000000 | Q:        nan | won: False 
#  248 | steps:  2121 | steps_t:     0 | t: 0.648569 | r:  -506.000000 | e:   1.000000 | Q:        nan | won: False 
#  249 | steps:  2131 | steps_t:     0 | t: 0.650570 | r:  -509.000000 | e:   1.000000 | Q:        nan | won: False 
#  250 | steps:  2138 | steps_t:     0 | t: 0.652570 | r:  -506.000000 | e:   1.000000 | Q:        nan | won: False 
#  251 | steps:  2144 | steps_t:     0 | t: 0.654571 | r:  -505.000000 | e:   1.000000 | Q:        nan | won: False 
#  252 | steps:  2153 | steps_t:     0 | t: 0.658572 | r:  -508.000000 | e:   1.000000 | Q:        nan | won: False 
#  253 | steps:  2163 | steps_t:     0 | t: 0.660572 | r:  -509.000000 | e:   1.000000 | Q:        nan | won: False 
#  254 | steps:  2169 | steps_t:     0 | t: 0.662573 | r:  -505.000000 | e:   1.000000 | Q:        nan | won: False 
#  255 | steps:  2178 | steps_t:     0 | t: 0.664573 | r:  -508.000000 | e:   1.000000 | Q:        nan | won: False 
#  256 | steps:  2186 | steps_t:     0 | t: 0.666574 | r:  -507.000000 | e:   1.000000 | Q:        nan | won: False 
#  257 | steps:  2195 | steps_t:     0 | t: 0.670575 | r:  -508.000000 | e:   1.000000 | Q:        nan | won: False 
#  258 | steps:  2203 | steps_t:     0 | t: 0.672575 | r:  -507.000000 | e:   1.000000 | Q:        nan | won: False 
#  259 | steps:  2211 | steps_t:     0 | t: 0.674576 | r:  -507.000000 | e:   1.000000 | Q:        nan | won: False 
#  260 | steps:  2220 | steps_t:     0 | t: 0.676577 | r:  -508.000000 | e:   1.000000 | Q:        nan | won: False 
#  261 | steps:  2226 | steps_t:     0 | t: 0.678577 | r:  -505.000000 | e:   1.000000 | Q:        nan | won: False 
#  262 | steps:  2234 | steps_t:     0 | t: 0.682578 | r:  -507.000000 | e:   1.000000 | Q:        nan | won: False 
#  263 | steps:  2248 | steps_t:     0 | t: 0.686578 | r:  -513.000000 | e:   1.000000 | Q:        nan | won: False 
#  264 | steps:  2258 | steps_t:     0 | t: 0.688579 | r:  -509.000000 | e:   1.000000 | Q:        nan | won: False 
#  265 | steps:  2271 | steps_t:     0 | t: 0.692580 | r:  -512.000000 | e:   1.000000 | Q:        nan | won: False 
#  266 | steps:  2278 | steps_t:     0 | t: 0.694581 | r:  -506.000000 | e:   1.000000 | Q:        nan | won: False 
#  267 | steps:  2286 | steps_t:     0 | t: 0.698582 | r:  -507.000000 | e:   1.000000 | Q:        nan | won: False 
#  268 | steps:  2294 | steps_t:     0 | t: 0.700582 | r:  -507.000000 | e:   1.000000 | Q:        nan | won: False 
#  269 | steps:  2300 | steps_t:     0 | t: 0.702583 | r:  -505.000000 | e:   1.000000 | Q:        nan | won: False 
#  270 | steps:  2310 | steps_t:     0 | t: 0.704583 | r:  -509.000000 | e:   1.000000 | Q:        nan | won: False 
#  271 | steps:  2320 | steps_t:     0 | t: 0.708585 | r:  -509.000000 | e:   1.000000 | Q:        nan | won: False 
#  272 | steps:  2326 | steps_t:     0 | t: 0.710585 | r:  -505.000000 | e:   1.000000 | Q:        nan | won: False 
#  273 | steps:  2342 | steps_t:     0 | t: 0.714586 | r:  -515.000000 | e:   1.000000 | Q:        nan | won: False 
#  274 | steps:  2349 | steps_t:     0 | t: 0.716586 | r:  -506.000000 | e:   1.000000 | Q:        nan | won: False 
#  275 | steps:  2356 | steps_t:     0 | t: 0.718587 | r:  -506.000000 | e:   1.000000 | Q:        nan | won: False 
#  276 | steps:  2364 | steps_t:     0 | t: 0.720587 | r:  -507.000000 | e:   1.000000 | Q:        nan | won: False 
#  277 | steps:  2372 | steps_t:     0 | t: 0.722587 | r:  -507.000000 | e:   1.000000 | Q:        nan | won: False 
#  278 | steps:  2378 | steps_t:     0 | t: 0.724588 | r:  -505.000000 | e:   1.000000 | Q:        nan | won: False 
#  279 | steps:  2384 | steps_t:     0 | t: 0.726588 | r:  -505.000000 | e:   1.000000 | Q:        nan | won: False 
#  280 | steps:  2390 | steps_t:     0 | t: 0.728600 | r:  -505.000000 | e:   1.000000 | Q:        nan | won: False 
#  281 | steps:  2399 | steps_t:     0 | t: 0.732594 | r:  -508.000000 | e:   1.000000 | Q:        nan | won: False 
#  282 | steps:  2406 | steps_t:     0 | t: 0.734594 | r:  -506.000000 | e:   1.000000 | Q:        nan | won: False 
#  283 | steps:  2414 | steps_t:     0 | t: 0.736595 | r:  -507.000000 | e:   1.000000 | Q:        nan | won: False 
#  284 | steps:  2421 | steps_t:     0 | t: 0.738595 | r:  -506.000000 | e:   1.000000 | Q:        nan | won: False 
#  285 | steps:  2427 | steps_t:     0 | t: 0.740596 | r:  -505.000000 | e:   1.000000 | Q:        nan | won: False 
#  286 | steps:  2435 | steps_t:     0 | t: 0.742596 | r:  -507.000000 | e:   1.000000 | Q:        nan | won: False 
#  287 | steps:  2447 | steps_t:     0 | t: 0.746597 | r:  -511.000000 | e:   1.000000 | Q:        nan | won: False 
#  288 | steps:  2455 | steps_t:     0 | t: 0.748598 | r:  -507.000000 | e:   1.000000 | Q:        nan | won: False 
#  289 | steps:  2462 | steps_t:     0 | t: 0.752599 | r:  -506.000000 | e:   1.000000 | Q:        nan | won: False 
#  290 | steps:  2469 | steps_t:     0 | t: 0.754599 | r:  -506.000000 | e:   1.000000 | Q:        nan | won: False 
#  291 | steps:  2477 | steps_t:     0 | t: 0.756600 | r:  -507.000000 | e:   1.000000 | Q:        nan | won: False 
#  292 | steps:  2486 | steps_t:     0 | t: 0.758600 | r:  -508.000000 | e:   1.000000 | Q:        nan | won: False 
#  293 | steps:  2494 | steps_t:     0 | t: 0.760601 | r:  -507.000000 | e:   1.000000 | Q:        nan | won: False 
#  294 | steps:  2502 | steps_t:     0 | t: 0.762601 | r:  -507.000000 | e:   1.000000 | Q:        nan | won: False 
#  295 | steps:  2511 | steps_t:     0 | t: 0.766602 | r:  -508.000000 | e:   1.000000 | Q:        nan | won: False 
#  296 | steps:  2519 | steps_t:     0 | t: 0.768603 | r:  -507.000000 | e:   1.000000 | Q:        nan | won: False 
#  297 | steps:  2527 | steps_t:     0 | t: 0.770603 | r:  -507.000000 | e:   1.000000 | Q:        nan | won: False 
#  298 | steps:  2537 | steps_t:     0 | t: 0.774604 | r:  -509.000000 | e:   1.000000 | Q:        nan | won: False 
#  299 | steps:  2545 | steps_t:     0 | t: 0.776605 | r:  -507.000000 | e:   1.000000 | Q:        nan | won: False 
#  300 | steps:  2552 | steps_t:     0 | t: 0.778606 | r:  -506.000000 | e:   1.000000 | Q:        nan | won: False 
#  301 | steps:  2558 | steps_t:     0 | t: 0.780606 | r:  -505.000000 | e:   1.000000 | Q:        nan | won: False 
#  302 | steps:  2572 | steps_t:     0 | t: 0.784607 | r:  -513.000000 | e:   1.000000 | Q:        nan | won: False 
#  303 | steps:  2579 | steps_t:     0 | t: 0.786607 | r:  -506.000000 | e:   1.000000 | Q:        nan | won: False 
#  304 | steps:  2590 | steps_t:     0 | t: 0.790608 | r:  -510.000000 | e:   1.000000 | Q:        nan | won: False 
#  305 | steps:  2602 | steps_t:     0 | t: 0.792609 | r:  -500.000000 | e:   1.000000 | Q:        nan | won: False 
#  306 | steps:  2608 | steps_t:     0 | t: 0.794609 | r:  -505.000000 | e:   1.000000 | Q:        nan | won: False 
#  307 | steps:  2614 | steps_t:     0 | t: 0.796610 | r:  -505.000000 | e:   1.000000 | Q:        nan | won: False 
#  308 | steps:  2621 | steps_t:     0 | t: 0.798611 | r:  -506.000000 | e:   1.000000 | Q:        nan | won: False 
#  309 | steps:  2636 | steps_t:     0 | t: 0.802611 | r:  -514.000000 | e:   1.000000 | Q:        nan | won: False 
#  310 | steps:  2650 | steps_t:     0 | t: 0.806612 | r:  -513.000000 | e:   1.000000 | Q:        nan | won: False 
#  311 | steps:  2663 | steps_t:     0 | t: 0.812614 | r:  -512.000000 | e:   1.000000 | Q:        nan | won: False 
#  312 | steps:  2671 | steps_t:     0 | t: 0.814614 | r:  -507.000000 | e:   1.000000 | Q:        nan | won: False 
#  313 | steps:  2680 | steps_t:     0 | t: 0.816615 | r:  -508.000000 | e:   1.000000 | Q:        nan | won: False 
#  314 | steps:  2689 | steps_t:     0 | t: 0.820616 | r:  -508.000000 | e:   1.000000 | Q:        nan | won: False 
#  315 | steps:  2695 | steps_t:     0 | t: 0.822616 | r:  -505.000000 | e:   1.000000 | Q:        nan | won: False 
#  316 | steps:  2702 | steps_t:     0 | t: 0.824617 | r:  -506.000000 | e:   1.000000 | Q:        nan | won: False 
#  317 | steps:  2710 | steps_t:     0 | t: 0.826617 | r:  -507.000000 | e:   1.000000 | Q:        nan | won: False 
#  318 | steps:  2717 | steps_t:     0 | t: 0.828643 | r:  -506.000000 | e:   1.000000 | Q:        nan | won: False 
#  319 | steps:  2726 | steps_t:     0 | t: 0.830622 | r:  -508.000000 | e:   1.000000 | Q:        nan | won: False 
#  320 | steps:  2734 | steps_t:     0 | t: 0.834623 | r:  -507.000000 | e:   1.000000 | Q:        nan | won: False 
#  321 | steps:  2742 | steps_t:     0 | t: 0.836623 | r:  -507.000000 | e:   1.000000 | Q:        nan | won: False 
#  322 | steps:  2750 | steps_t:     0 | t: 0.838624 | r:  -507.000000 | e:   1.000000 | Q:        nan | won: False 
#  323 | steps:  2757 | steps_t:     0 | t: 0.840624 | r:  -506.000000 | e:   1.000000 | Q:        nan | won: False 
#  324 | steps:  2765 | steps_t:     0 | t: 0.842625 | r:  -507.000000 | e:   1.000000 | Q:        nan | won: False 
#  325 | steps:  2775 | steps_t:     0 | t: 0.846626 | r:  -509.000000 | e:   1.000000 | Q:        nan | won: False 
#  326 | steps:  2787 | steps_t:     0 | t: 0.850627 | r:  -511.000000 | e:   1.000000 | Q:        nan | won: False 
#  327 | steps:  2799 | steps_t:     0 | t: 0.852628 | r:  -511.000000 | e:   1.000000 | Q:        nan | won: False 
#  328 | steps:  2806 | steps_t:     0 | t: 0.854628 | r:  -506.000000 | e:   1.000000 | Q:        nan | won: False 
#  329 | steps:  2813 | steps_t:     0 | t: 0.856628 | r:  -506.000000 | e:   1.000000 | Q:        nan | won: False 
#  330 | steps:  2824 | steps_t:     0 | t: 0.860630 | r:  -510.000000 | e:   1.000000 | Q:        nan | won: False 
#  331 | steps:  2832 | steps_t:     0 | t: 0.862630 | r:  -507.000000 | e:   1.000000 | Q:        nan | won: False 
#  332 | steps:  2841 | steps_t:     0 | t: 0.866631 | r:  -508.000000 | e:   1.000000 | Q:        nan | won: False 
#  333 | steps:  2850 | steps_t:     0 | t: 0.868632 | r:  -508.000000 | e:   1.000000 | Q:        nan | won: False 
#  334 | steps:  2858 | steps_t:     0 | t: 0.870632 | r:  -507.000000 | e:   1.000000 | Q:        nan | won: False 
#  335 | steps:  2870 | steps_t:     0 | t: 0.874633 | r:  -511.000000 | e:   1.000000 | Q:        nan | won: False 
#  336 | steps:  2878 | steps_t:     0 | t: 0.876634 | r:  -507.000000 | e:   1.000000 | Q:        nan | won: False 
#  337 | steps:  2904 | steps_t:     0 | t: 0.884636 | r:  -514.000000 | e:   1.000000 | Q:        nan | won: False 
#  338 | steps:  2914 | steps_t:     0 | t: 0.886636 | r:  -509.000000 | e:   1.000000 | Q:        nan | won: False 
#  339 | steps:  2920 | steps_t:     0 | t: 0.890637 | r:  -505.000000 | e:   1.000000 | Q:        nan | won: False 
#  340 | steps:  2927 | steps_t:     0 | t: 0.892638 | r:  -506.000000 | e:   1.000000 | Q:        nan | won: False 
#  341 | steps:  2935 | steps_t:     0 | t: 0.894638 | r:  -507.000000 | e:   1.000000 | Q:        nan | won: False 
#  342 | steps:  2944 | steps_t:     0 | t: 0.896639 | r:  -508.000000 | e:   1.000000 | Q:        nan | won: False 
#  343 | steps:  2956 | steps_t:     0 | t: 0.900640 | r:  -511.000000 | e:   1.000000 | Q:        nan | won: False 
#  344 | steps:  2962 | steps_t:     0 | t: 0.902640 | r:  -505.000000 | e:   1.000000 | Q:        nan | won: False 
#  345 | steps:  2971 | steps_t:     0 | t: 0.904641 | r:  -508.000000 | e:   1.000000 | Q:        nan | won: False 
#  346 | steps:  2978 | steps_t:     0 | t: 0.906641 | r:  -506.000000 | e:   1.000000 | Q:        nan | won: False 
#  347 | steps:  2985 | steps_t:     0 | t: 0.908642 | r:  -506.000000 | e:   1.000000 | Q:        nan | won: False 
#  348 | steps:  3000 | steps_t:     0 | t: 0.912642 | r:  -503.000000 | e:   1.000000 | Q:        nan | won: False 
#  349 | steps:  3006 | steps_t:     0 | t: 0.916644 | r:  -505.000000 | e:   1.000000 | Q:        nan | won: False 
#  350 | steps:  3012 | steps_t:     0 | t: 0.918645 | r:  -505.000000 | e:   1.000000 | Q:        nan | won: False 
#  351 | steps:  3031 | steps_t:     0 | t: 0.922645 | r:  -518.000000 | e:   1.000000 | Q:        nan | won: False 
#  352 | steps:  3039 | steps_t:     0 | t: 0.924646 | r:  -507.000000 | e:   1.000000 | Q:        nan | won: False 
#  353 | steps:  3062 | steps_t:     0 | t: 0.932652 | r:  -522.000000 | e:   1.000000 | Q:        nan | won: False 
#  354 | steps:  3068 | steps_t:     0 | t: 0.934652 | r:  -505.000000 | e:   1.000000 | Q:        nan | won: False 
#  355 | steps:  3075 | steps_t:     0 | t: 0.936652 | r:  -506.000000 | e:   1.000000 | Q:        nan | won: False 
#  356 | steps:  3084 | steps_t:     0 | t: 0.938654 | r:  -508.000000 | e:   1.000000 | Q:        nan | won: False 
#  357 | steps:  3092 | steps_t:     0 | t: 0.940653 | r:  -507.000000 | e:   1.000000 | Q:        nan | won: False 
#  358 | steps:  3098 | steps_t:     0 | t: 0.942654 | r:  -505.000000 | e:   1.000000 | Q:        nan | won: False 
#  359 | steps:  3106 | steps_t:     0 | t: 0.946656 | r:  -507.000000 | e:   1.000000 | Q:        nan | won: False 
#  360 | steps:  3116 | steps_t:     0 | t: 0.948656 | r:  -509.000000 | e:   1.000000 | Q:        nan | won: False 
#  361 | steps:  3123 | steps_t:     0 | t: 0.950657 | r:  -506.000000 | e:   1.000000 | Q:        nan | won: False 
#  362 | steps:  3134 | steps_t:     0 | t: 0.954657 | r:  -510.000000 | e:   1.000000 | Q:        nan | won: False 
#  363 | steps:  3143 | steps_t:     0 | t: 0.956657 | r:  -508.000000 | e:   1.000000 | Q:        nan | won: False 
#  364 | steps:  3151 | steps_t:     0 | t: 0.960659 | r:  -507.000000 | e:   1.000000 | Q:        nan | won: False 
#  365 | steps:  3160 | steps_t:     0 | t: 0.962659 | r:  -508.000000 | e:   1.000000 | Q:        nan | won: False 
#  366 | steps:  3167 | steps_t:     0 | t: 0.964660 | r:  -506.000000 | e:   1.000000 | Q:        nan | won: False 
#  367 | steps:  3174 | steps_t:     0 | t: 0.966661 | r:  -506.000000 | e:   1.000000 | Q:        nan | won: False 
#  368 | steps:  3184 | steps_t:     0 | t: 0.968661 | r:  -509.000000 | e:   1.000000 | Q:        nan | won: False 
#  369 | steps:  3191 | steps_t:     0 | t: 0.972662 | r:  -506.000000 | e:   1.000000 | Q:        nan | won: False 
#  370 | steps:  3197 | steps_t:     0 | t: 0.972662 | r:  -505.000000 | e:   1.000000 | Q:        nan | won: False 
#  371 | steps:  3204 | steps_t:     0 | t: 0.976663 | r:  -506.000000 | e:   1.000000 | Q:        nan | won: False 
#  372 | steps:  3214 | steps_t:     0 | t: 0.978663 | r:  -509.000000 | e:   1.000000 | Q:        nan | won: False 
#  373 | steps:  3223 | steps_t:     0 | t: 0.980664 | r:  -508.000000 | e:   1.000000 | Q:        nan | won: False 
#  374 | steps:  3231 | steps_t:     0 | t: 0.982665 | r:  -507.000000 | e:   1.000000 | Q:        nan | won: False 
#  375 | steps:  3237 | steps_t:     0 | t: 0.986665 | r:  -505.000000 | e:   1.000000 | Q:        nan | won: False 
#  376 | steps:  3244 | steps_t:     0 | t: 0.988665 | r:  -506.000000 | e:   1.000000 | Q:        nan | won: False 
#  377 | steps:  3252 | steps_t:     0 | t: 0.990667 | r:  -507.000000 | e:   1.000000 | Q:        nan | won: False 
#  378 | steps:  3262 | steps_t:     0 | t: 0.994667 | r:  -509.000000 | e:   1.000000 | Q:        nan | won: False 
#  379 | steps:  3271 | steps_t:     0 | t: 0.996668 | r:  -508.000000 | e:   1.000000 | Q:        nan | won: False 
#  380 | steps:  3285 | steps_t:     0 | t: 1.000669 | r:  -513.000000 | e:   1.000000 | Q:        nan | won: False 
#  381 | steps:  3296 | steps_t:     0 | t: 1.004670 | r:  -510.000000 | e:   1.000000 | Q:        nan | won: False 
#  382 | steps:  3307 | steps_t:     0 | t: 1.006670 | r:  -510.000000 | e:   1.000000 | Q:        nan | won: False 
#  383 | steps:  3316 | steps_t:     0 | t: 1.010672 | r:  -508.000000 | e:   1.000000 | Q:        nan | won: False 
#  384 | steps:  3329 | steps_t:     0 | t: 1.012672 | r:  -512.000000 | e:   1.000000 | Q:        nan | won: False 
#  385 | steps:  3336 | steps_t:     0 | t: 1.014672 | r:  -506.000000 | e:   1.000000 | Q:        nan | won: False 
#  386 | steps:  3343 | steps_t:     0 | t: 1.018674 | r:  -506.000000 | e:   1.000000 | Q:        nan | won: False 
#  387 | steps:  3355 | steps_t:     0 | t: 1.020674 | r:  -511.000000 | e:   1.000000 | Q:        nan | won: False 
#  388 | steps:  3366 | steps_t:     0 | t: 1.024675 | r:  -510.000000 | e:   1.000000 | Q:        nan | won: False 
#  389 | steps:  3384 | steps_t:     0 | t: 1.028688 | r:  -506.000000 | e:   1.000000 | Q:        nan | won: False 
#  390 | steps:  3393 | steps_t:     0 | t: 1.032681 | r:  -508.000000 | e:   1.000000 | Q:        nan | won: False 
#  391 | steps:  3404 | steps_t:     0 | t: 1.034681 | r:  -510.000000 | e:   1.000000 | Q:        nan | won: False 
#  392 | steps:  3410 | steps_t:     0 | t: 1.036681 | r:  -505.000000 | e:   1.000000 | Q:        nan | won: False 
#  393 | steps:  3419 | steps_t:     0 | t: 1.040682 | r:  -508.000000 | e:   1.000000 | Q:        nan | won: False 
#  394 | steps:  3425 | steps_t:     0 | t: 1.042683 | r:  -505.000000 | e:   1.000000 | Q:        nan | won: False 
#  395 | steps:  3431 | steps_t:     0 | t: 1.042683 | r:  -505.000000 | e:   1.000000 | Q:        nan | won: False 
#  396 | steps:  3453 | steps_t:     0 | t: 1.050685 | r:  -521.000000 | e:   1.000000 | Q:        nan | won: False 
#  397 | steps:  3459 | steps_t:     0 | t: 1.052685 | r:  -505.000000 | e:   1.000000 | Q:        nan | won: False 
#  398 | steps:  3467 | steps_t:     0 | t: 1.054685 | r:  -507.000000 | e:   1.000000 | Q:        nan | won: False 
#  399 | steps:  3473 | steps_t:     0 | t: 1.056686 | r:  -505.000000 | e:   1.000000 | Q:        nan | won: False 
#  400 | steps:  3480 | steps_t:     0 | t: 1.058687 | r:  -506.000000 | e:   1.000000 | Q:        nan | won: False 
#  401 | steps:  3488 | steps_t:     0 | t: 1.060688 | r:  -507.000000 | e:   1.000000 | Q:        nan | won: False 
#  402 | steps:  3498 | steps_t:     0 | t: 1.064688 | r:  -509.000000 | e:   1.000000 | Q:        nan | won: False 
#  403 | steps:  3505 | steps_t:     0 | t: 1.066689 | r:  -506.000000 | e:   1.000000 | Q:        nan | won: False 
#  404 | steps:  3515 | steps_t:     0 | t: 1.068690 | r:  -509.000000 | e:   1.000000 | Q:        nan | won: False 
#  405 | steps:  3520 | steps_t:     0 | t: 1.070690 | r:  -504.000000 | e:   1.000000 | Q:        nan | won: False 
#  406 | steps:  3527 | steps_t:     0 | t: 1.072690 | r:  -506.000000 | e:   1.000000 | Q:        nan | won: False 
#  407 | steps:  3541 | steps_t:     0 | t: 1.076691 | r:  -513.000000 | e:   1.000000 | Q:        nan | won: False 
#  408 | steps:  3548 | steps_t:     0 | t: 1.078692 | r:  -506.000000 | e:   1.000000 | Q:        nan | won: False 
#  409 | steps:  3554 | steps_t:     0 | t: 1.083403 | r:  -505.000000 | e:   1.000000 | Q:        nan | won: False 
#  410 | steps:  3562 | steps_t:     0 | t: 1.085405 | r:  -507.000000 | e:   1.000000 | Q:        nan | won: False 
#  411 | steps:  3572 | steps_t:     0 | t: 1.089406 | r:  -509.000000 | e:   1.000000 | Q:        nan | won: False 
#  412 | steps:  3582 | steps_t:     0 | t: 1.091407 | r:  -509.000000 | e:   1.000000 | Q:        nan | won: False 
#  413 | steps:  3593 | steps_t:     0 | t: 1.095408 | r:  -510.000000 | e:   1.000000 | Q:        nan | won: False 
#  414 | steps:  3599 | steps_t:     0 | t: 1.097408 | r:  -505.000000 | e:   1.000000 | Q:        nan | won: False 
#  415 | steps:  3607 | steps_t:     0 | t: 1.099408 | r:  -507.000000 | e:   1.000000 | Q:        nan | won: False 
#  416 | steps:  3613 | steps_t:     0 | t: 1.101409 | r:  -505.000000 | e:   1.000000 | Q:        nan | won: False 
#  417 | steps:  3620 | steps_t:     0 | t: 1.103410 | r:  -506.000000 | e:   1.000000 | Q:        nan | won: False 
#  418 | steps:  3630 | steps_t:     0 | t: 1.107411 | r:  -509.000000 | e:   1.000000 | Q:        nan | won: False 
#  419 | steps:  3638 | steps_t:     0 | t: 1.109411 | r:  -507.000000 | e:   1.000000 | Q:        nan | won: False 
#  420 | steps:  3646 | steps_t:     0 | t: 1.111412 | r:  -507.000000 | e:   1.000000 | Q:        nan | won: False 
#  421 | steps:  3654 | steps_t:     0 | t: 1.115412 | r:  -507.000000 | e:   1.000000 | Q:        nan | won: False 
#  422 | steps:  3662 | steps_t:     0 | t: 1.117413 | r:  -507.000000 | e:   1.000000 | Q:        nan | won: False 
#  423 | steps:  3669 | steps_t:     0 | t: 1.119413 | r:  -506.000000 | e:   1.000000 | Q:        nan | won: False 
#  424 | steps:  3675 | steps_t:     0 | t: 1.121414 | r:  -505.000000 | e:   1.000000 | Q:        nan | won: False 
#  425 | steps:  3683 | steps_t:     0 | t: 1.123414 | r:  -507.000000 | e:   1.000000 | Q:        nan | won: False 
#  426 | steps:  3695 | steps_t:     0 | t: 1.127415 | r:  -511.000000 | e:   1.000000 | Q:        nan | won: False 
#  427 | steps:  3706 | steps_t:     0 | t: 1.129416 | r:  -510.000000 | e:   1.000000 | Q:        nan | won: False 
#  428 | steps:  3713 | steps_t:     0 | t: 1.131416 | r:  -506.000000 | e:   1.000000 | Q:        nan | won: False 
#  429 | steps:  3724 | steps_t:     0 | t: 1.135417 | r:  -510.000000 | e:   1.000000 | Q:        nan | won: False 
#  430 | steps:  3731 | steps_t:     0 | t: 1.137419 | r:  -506.000000 | e:   1.000000 | Q:        nan | won: False 
#  431 | steps:  3740 | steps_t:     0 | t: 1.139418 | r:  -508.000000 | e:   1.000000 | Q:        nan | won: False 
#  432 | steps:  3747 | steps_t:     0 | t: 1.141419 | r:  -506.000000 | e:   1.000000 | Q:        nan | won: False 
#  433 | steps:  3754 | steps_t:     0 | t: 1.143420 | r:  -506.000000 | e:   1.000000 | Q:        nan | won: False 
#  434 | steps:  3764 | steps_t:     0 | t: 1.147420 | r:  -509.000000 | e:   1.000000 | Q:        nan | won: False 
#  435 | steps:  3772 | steps_t:     0 | t: 1.149421 | r:  -507.000000 | e:   1.000000 | Q:        nan | won: False 
#  436 | steps:  3784 | steps_t:     0 | t: 1.153422 | r:  -511.000000 | e:   1.000000 | Q:        nan | won: False 
#  437 | steps:  3793 | steps_t:     0 | t: 1.155422 | r:  -508.000000 | e:   1.000000 | Q:        nan | won: False 
#  438 | steps:  3800 | steps_t:     0 | t: 1.157423 | r:  -506.000000 | e:   1.000000 | Q:        nan | won: False 
#  439 | steps:  3810 | steps_t:     0 | t: 1.161424 | r:  -509.000000 | e:   1.000000 | Q:        nan | won: False 
#  440 | steps:  3819 | steps_t:     0 | t: 1.163424 | r:  -508.000000 | e:   1.000000 | Q:        nan | won: False 
#  441 | steps:  3830 | steps_t:     0 | t: 1.167426 | r:  -510.000000 | e:   1.000000 | Q:        nan | won: False 
#  442 | steps:  3840 | steps_t:     0 | t: 1.169426 | r:  -509.000000 | e:   1.000000 | Q:        nan | won: False 
#  443 | steps:  3854 | steps_t:     0 | t: 1.173427 | r:  -513.000000 | e:   1.000000 | Q:        nan | won: False 
#  444 | steps:  3861 | steps_t:     0 | t: 1.175427 | r:  -506.000000 | e:   1.000000 | Q:        nan | won: False 
#  445 | steps:  3870 | steps_t:     0 | t: 1.179428 | r:  -508.000000 | e:   1.000000 | Q:        nan | won: False 
#  446 | steps:  3887 | steps_t:     0 | t: 1.183429 | r:  -516.000000 | e:   1.000000 | Q:        nan | won: False 
#  447 | steps:  3894 | steps_t:     0 | t: 1.185430 | r:  -506.000000 | e:   1.000000 | Q:        nan | won: False 
#  448 | steps:  3902 | steps_t:     0 | t: 1.187431 | r:  -507.000000 | e:   1.000000 | Q:        nan | won: False 
#  449 | steps:  3919 | steps_t:     0 | t: 1.193432 | r:  -516.000000 | e:   1.000000 | Q:        nan | won: False 
#  450 | steps:  3926 | steps_t:     0 | t: 1.195432 | r:  -506.000000 | e:   1.000000 | Q:        nan | won: False 
#  451 | steps:  3934 | steps_t:     0 | t: 1.197433 | r:  -507.000000 | e:   1.000000 | Q:        nan | won: False 
#  452 | steps:  3945 | steps_t:     0 | t: 1.201434 | r:  -510.000000 | e:   1.000000 | Q:        nan | won: False 
#  453 | steps:  3955 | steps_t:     0 | t: 1.203435 | r:  -509.000000 | e:   1.000000 | Q:        nan | won: False 
#  454 | steps:  3968 | steps_t:     0 | t: 1.207436 | r:  -512.000000 | e:   1.000000 | Q:        nan | won: False 
#  455 | steps:  3980 | steps_t:     0 | t: 1.211436 | r:  -511.000000 | e:   1.000000 | Q:        nan | won: False 
#  456 | steps:  3988 | steps_t:     0 | t: 1.213437 | r:  -507.000000 | e:   1.000000 | Q:        nan | won: False 
#  457 | steps:  3998 | steps_t:     0 | t: 1.217438 | r:  -509.000000 | e:   1.000000 | Q:        nan | won: False 
#  458 | steps:  4007 | steps_t:     0 | t: 1.219438 | r:  -508.000000 | e:   1.000000 | Q:        nan | won: False 
#  459 | steps:  4014 | steps_t:     0 | t: 1.221439 | r:  -506.000000 | e:   1.000000 | Q:        nan | won: False 
#  460 | steps:  4022 | steps_t:     0 | t: 1.223440 | r:  -507.000000 | e:   1.000000 | Q:        nan | won: False 
#  461 | steps:  4032 | steps_t:     0 | t: 1.227441 | r:  -509.000000 | e:   1.000000 | Q:        nan | won: False 
#  462 | steps:  4037 | steps_t:     0 | t: 1.229440 | r:  -504.000000 | e:   1.000000 | Q:        nan | won: False 
#  463 | steps:  4045 | steps_t:     0 | t: 1.231441 | r:  -507.000000 | e:   1.000000 | Q:        nan | won: False 
#  464 | steps:  4054 | steps_t:     0 | t: 1.233442 | r:  -508.000000 | e:   1.000000 | Q:        nan | won: False 
#  465 | steps:  4061 | steps_t:     0 | t: 1.235442 | r:  -506.000000 | e:   1.000000 | Q:        nan | won: False 
#  466 | steps:  4069 | steps_t:     0 | t: 1.239443 | r:  -507.000000 | e:   1.000000 | Q:        nan | won: False 
#  467 | steps:  4081 | steps_t:     0 | t: 1.241444 | r:  -511.000000 | e:   1.000000 | Q:        nan | won: False 
#  468 | steps:  4094 | steps_t:     0 | t: 1.245445 | r:  -512.000000 | e:   1.000000 | Q:        nan | won: False 
#  469 | steps:  4100 | steps_t:     0 | t: 1.247446 | r:  -505.000000 | e:   1.000000 | Q:        nan | won: False 
#  470 | steps:  4113 | steps_t:     0 | t: 1.251446 | r:  -512.000000 | e:   1.000000 | Q:        nan | won: False 
#  471 | steps:  4127 | steps_t:     0 | t: 1.255446 | r:  -513.000000 | e:   1.000000 | Q:        nan | won: False 
#  472 | steps:  4142 | steps_t:     0 | t: 1.259448 | r:  -514.000000 | e:   1.000000 | Q:        nan | won: False 
#  473 | steps:  4151 | steps_t:     0 | t: 1.263449 | r:  -508.000000 | e:   1.000000 | Q:        nan | won: False 
#  474 | steps:  4158 | steps_t:     0 | t: 1.265450 | r:  -506.000000 | e:   1.000000 | Q:        nan | won: False 
#  475 | steps:  4168 | steps_t:     0 | t: 1.267450 | r:  -509.000000 | e:   1.000000 | Q:        nan | won: False 
#  476 | steps:  4178 | steps_t:     0 | t: 1.271452 | r:  -509.000000 | e:   1.000000 | Q:        nan | won: False 
#  477 | steps:  4185 | steps_t:     0 | t: 1.273452 | r:  -506.000000 | e:   1.000000 | Q:        nan | won: False 
#  478 | steps:  4193 | steps_t:     0 | t: 1.275452 | r:  -507.000000 | e:   1.000000 | Q:        nan | won: False 
#  479 | steps:  4199 | steps_t:     0 | t: 1.277453 | r:  -505.000000 | e:   1.000000 | Q:        nan | won: False 
#  480 | steps:  4207 | steps_t:     0 | t: 1.279453 | r:  -507.000000 | e:   1.000000 | Q:        nan | won: False 
#  481 | steps:  4215 | steps_t:     0 | t: 1.281454 | r:  -507.000000 | e:   1.000000 | Q:        nan | won: False 
#  482 | steps:  4221 | steps_t:     0 | t: 1.283454 | r:  -505.000000 | e:   1.000000 | Q:        nan | won: False 
#  483 | steps:  4228 | steps_t:     0 | t: 1.285455 | r:  -506.000000 | e:   1.000000 | Q:        nan | won: False 
#  484 | steps:  4239 | steps_t:     0 | t: 1.289456 | r:  -510.000000 | e:   1.000000 | Q:        nan | won: False 
#  485 | steps:  4249 | steps_t:     0 | t: 1.291456 | r:  -509.000000 | e:   1.000000 | Q:        nan | won: False 
#  486 | steps:  4256 | steps_t:     0 | t: 1.293457 | r:  -506.000000 | e:   1.000000 | Q:        nan | won: False 
#  487 | steps:  4267 | steps_t:     0 | t: 1.297458 | r:  -510.000000 | e:   1.000000 | Q:        nan | won: False 
#  488 | steps:  4274 | steps_t:     0 | t: 1.301459 | r:  -506.000000 | e:   1.000000 | Q:        nan | won: False 
#  489 | steps:  4282 | steps_t:     0 | t: 1.303459 | r:  -507.000000 | e:   1.000000 | Q:        nan | won: False 
#  490 | steps:  4290 | steps_t:     0 | t: 1.305460 | r:  -507.000000 | e:   1.000000 | Q:        nan | won: False 
#  491 | steps:  4299 | steps_t:     0 | t: 1.309461 | r:  -508.000000 | e:   1.000000 | Q:        nan | won: False 
#  492 | steps:  4304 | steps_t:     0 | t: 1.309461 | r:  -504.000000 | e:   1.000000 | Q:        nan | won: False 
#  493 | steps:  4310 | steps_t:     0 | t: 1.311462 | r:  -505.000000 | e:   1.000000 | Q:        nan | won: False 
#  494 | steps:  4318 | steps_t:     0 | t: 1.315462 | r:  -507.000000 | e:   1.000000 | Q:        nan | won: False 
#  495 | steps:  4323 | steps_t:     0 | t: 1.317389 | r:  -504.000000 | e:   1.000000 | Q:        nan | won: False 
#  496 | steps:  4329 | steps_t:     0 | t: 1.319387 | r:  -505.000000 | e:   1.000000 | Q:        nan | won: False 
#  497 | steps:  4340 | steps_t:     0 | t: 1.322029 | r:  -510.000000 | e:   1.000000 | Q:        nan | won: False 
#  498 | steps:  4349 | steps_t:     0 | t: 1.325030 | r:  -508.000000 | e:   1.000000 | Q:        nan | won: False 
#  499 | steps:  4364 | steps_t:     0 | t: 1.329030 | r:  -514.000000 | e:   1.000000 | Q:        nan | won: False 
#  500 | steps:  4372 | steps_t:     0 | t: 1.332031 | r:  -507.000000 | e:   1.000000 | Q:        nan | won: False 
#  501 | steps:  4386 | steps_t:     0 | t: 1.335900 | r:  -513.000000 | e:   1.000000 | Q:        nan | won: False 
#  502 | steps:  4394 | steps_t:     0 | t: 1.338901 | r:  -507.000000 | e:   1.000000 | Q:        nan | won: False 
#  503 | steps:  4407 | steps_t:     0 | t: 1.342902 | r:  -512.000000 | e:   1.000000 | Q:        nan | won: False 
#  504 | steps:  4416 | steps_t:     0 | t: 1.344902 | r:  -508.000000 | e:   1.000000 | Q:        nan | won: False 
#  505 | steps:  4421 | steps_t:     0 | t: 1.346903 | r:  -504.000000 | e:   1.000000 | Q:        nan | won: False 
#  506 | steps:  4430 | steps_t:     0 | t: 1.349903 | r:  -508.000000 | e:   1.000000 | Q:        nan | won: False 
#  507 | steps:  4436 | steps_t:     0 | t: 1.350903 | r:  -505.000000 | e:   1.000000 | Q:        nan | won: False 
#  508 | steps:  4448 | steps_t:     0 | t: 1.354904 | r:  -511.000000 | e:   1.000000 | Q:        nan | won: False 
#  509 | steps:  4463 | steps_t:     0 | t: 1.359905 | r:  -514.000000 | e:   1.000000 | Q:        nan | won: False 
#  510 | steps:  4468 | steps_t:     0 | t: 1.360906 | r:  -504.000000 | e:   1.000000 | Q:        nan | won: False 
#  511 | steps:  4473 | steps_t:     0 | t: 1.362905 | r:  -504.000000 | e:   1.000000 | Q:        nan | won: False 
#  512 | steps:  4487 | steps_t:     0 | t: 1.366907 | r:  -513.000000 | e:   1.000000 | Q:        nan | won: False 
#  513 | steps:  4496 | steps_t:     0 | t: 1.369907 | r:  -508.000000 | e:   1.000000 | Q:        nan | won: False 
#  514 | steps:  4505 | steps_t:     0 | t: 1.371908 | r:  -508.000000 | e:   1.000000 | Q:        nan | won: False 
#  515 | steps:  4512 | steps_t:     0 | t: 1.373908 | r:  -506.000000 | e:   1.000000 | Q:        nan | won: False 
#  516 | steps:  4523 | steps_t:     0 | t: 1.377909 | r:  -510.000000 | e:   1.000000 | Q:        nan | won: False 
#  517 | steps:  4530 | steps_t:     0 | t: 1.379909 | r:  -506.000000 | e:   1.000000 | Q:        nan | won: False 
#  518 | steps:  4535 | steps_t:     0 | t: 1.381910 | r:  -504.000000 | e:   1.000000 | Q:        nan | won: False 
#  519 | steps:  4544 | steps_t:     0 | t: 1.384911 | r:  -508.000000 | e:   1.000000 | Q:        nan | won: False 
#  520 | steps:  4555 | steps_t:     0 | t: 1.387911 | r:  -510.000000 | e:   1.000000 | Q:        nan | won: False 
#  521 | steps:  4562 | steps_t:     0 | t: 1.389912 | r:  -506.000000 | e:   1.000000 | Q:        nan | won: False 
#  522 | steps:  4574 | steps_t:     0 | t: 1.393912 | r:  -511.000000 | e:   1.000000 | Q:        nan | won: False 
#  523 | steps:  4579 | steps_t:     0 | t: 1.395913 | r:  -504.000000 | e:   1.000000 | Q:        nan | won: False 
#  524 | steps:  4586 | steps_t:     0 | t: 1.397913 | r:  -506.000000 | e:   1.000000 | Q:        nan | won: False 
#  525 | steps:  4596 | steps_t:     0 | t: 1.400915 | r:  -509.000000 | e:   1.000000 | Q:        nan | won: False 
#  526 | steps:  4605 | steps_t:     0 | t: 1.402915 | r:  -508.000000 | e:   1.000000 | Q:        nan | won: False 
#  527 | steps:  4615 | steps_t:     0 | t: 1.405915 | r:  -509.000000 | e:   1.000000 | Q:        nan | won: False 
#  528 | steps:  4622 | steps_t:     0 | t: 1.407916 | r:  -506.000000 | e:   1.000000 | Q:        nan | won: False 
#  529 | steps:  4640 | steps_t:     0 | t: 1.412917 | r:  -517.000000 | e:   1.000000 | Q:        nan | won: False 
#  530 | steps:  4651 | steps_t:     0 | t: 1.416918 | r:  -510.000000 | e:   1.000000 | Q:        nan | won: False 
#  531 | steps:  4658 | steps_t:     0 | t: 1.418918 | r:  -506.000000 | e:   1.000000 | Q:        nan | won: False 
#  532 | steps:  4665 | steps_t:     0 | t: 1.420919 | r:  -506.000000 | e:   1.000000 | Q:        nan | won: False 
#  533 | steps:  4674 | steps_t:     0 | t: 1.423919 | r:  -508.000000 | e:   1.000000 | Q:        nan | won: False 
#  534 | steps:  4686 | steps_t:     0 | t: 1.426920 | r:  -511.000000 | e:   1.000000 | Q:        nan | won: False 
#  535 | steps:  4695 | steps_t:     0 | t: 1.429920 | r:  -508.000000 | e:   1.000000 | Q:        nan | won: False 
#  536 | steps:  4705 | steps_t:     0 | t: 1.433922 | r:  -509.000000 | e:   1.000000 | Q:        nan | won: False 
#  537 | steps:  4713 | steps_t:     0 | t: 1.435922 | r:  -507.000000 | e:   1.000000 | Q:        nan | won: False 
#  538 | steps:  4723 | steps_t:     0 | t: 1.438923 | r:  -509.000000 | e:   1.000000 | Q:        nan | won: False 
#  539 | steps:  4730 | steps_t:     0 | t: 1.442924 | r:  -506.000000 | e:   1.000000 | Q:        nan | won: False 
#  540 | steps:  4735 | steps_t:     0 | t: 1.443924 | r:  -504.000000 | e:   1.000000 | Q:        nan | won: False 
#  541 | steps:  4741 | steps_t:     0 | t: 1.445924 | r:  -505.000000 | e:   1.000000 | Q:        nan | won: False 
#  542 | steps:  4752 | steps_t:     0 | t: 1.449925 | r:  -510.000000 | e:   1.000000 | Q:        nan | won: False 
#  543 | steps:  4762 | steps_t:     0 | t: 1.451926 | r:  -509.000000 | e:   1.000000 | Q:        nan | won: False 
#  544 | steps:  4769 | steps_t:     0 | t: 1.454926 | r:  -506.000000 | e:   1.000000 | Q:        nan | won: False 
#  545 | steps:  4781 | steps_t:     0 | t: 1.458928 | r:  -511.000000 | e:   1.000000 | Q:        nan | won: False 
#  546 | steps:  4789 | steps_t:     0 | t: 1.460927 | r:  -507.000000 | e:   1.000000 | Q:        nan | won: False 
#  547 | steps:  4801 | steps_t:     0 | t: 1.464929 | r:  -511.000000 | e:   1.000000 | Q:        nan | won: False 
#  548 | steps:  4815 | steps_t:     0 | t: 1.468930 | r:  -513.000000 | e:   1.000000 | Q:        nan | won: False 
#  549 | steps:  4825 | steps_t:     0 | t: 1.471930 | r:  -509.000000 | e:   1.000000 | Q:        nan | won: False 
#  550 | steps:  4836 | steps_t:     0 | t: 1.475931 | r:  -510.000000 | e:   1.000000 | Q:        nan | won: False 
#  551 | steps:  4847 | steps_t:     0 | t: 1.478932 | r:  -510.000000 | e:   1.000000 | Q:        nan | won: False 
#  552 | steps:  4857 | steps_t:     0 | t: 1.481933 | r:  -509.000000 | e:   1.000000 | Q:        nan | won: False 
#  553 | steps:  4863 | steps_t:     0 | t: 1.483933 | r:  -505.000000 | e:   1.000000 | Q:        nan | won: False 
#  554 | steps:  4873 | steps_t:     0 | t: 1.487934 | r:  -509.000000 | e:   1.000000 | Q:        nan | won: False 
#  555 | steps:  4883 | steps_t:     0 | t: 1.490935 | r:  -509.000000 | e:   1.000000 | Q:        nan | won: False 
#  556 | steps:  4894 | steps_t:     0 | t: 1.494936 | r:  -510.000000 | e:   1.000000 | Q:        nan | won: False 
#  557 | steps:  4901 | steps_t:     0 | t: 1.496936 | r:  -506.000000 | e:   1.000000 | Q:        nan | won: False 
#  558 | steps:  4915 | steps_t:     0 | t: 1.500937 | r:  -502.000000 | e:   1.000000 | Q:        nan | won: False 
#  559 | steps:  4922 | steps_t:     0 | t: 1.502937 | r:  -506.000000 | e:   1.000000 | Q:        nan | won: False 
#  560 | steps:  4930 | steps_t:     0 | t: 1.504937 | r:  -507.000000 | e:   1.000000 | Q:        nan | won: False 
#  561 | steps:  4939 | steps_t:     0 | t: 1.507938 | r:  -508.000000 | e:   1.000000 | Q:        nan | won: False 
#  562 | steps:  4954 | steps_t:     0 | t: 1.511939 | r:  -514.000000 | e:   1.000000 | Q:        nan | won: False 
#  563 | steps:  4964 | steps_t:     0 | t: 1.514941 | r:  -509.000000 | e:   1.000000 | Q:        nan | won: False 
#  564 | steps:  4971 | steps_t:     0 | t: 1.517941 | r:  -506.000000 | e:   1.000000 | Q:        nan | won: False 
#  565 | steps:  4979 | steps_t:     0 | t: 1.519941 | r:  -507.000000 | e:   1.000000 | Q:        nan | won: False 
#  566 | steps:  4986 | steps_t:     0 | t: 1.522941 | r:  -506.000000 | e:   1.000000 | Q:        nan | won: False 
#  567 | steps:  4997 | steps_t:     0 | t: 1.525942 | r:  -510.000000 | e:   1.000000 | Q:        nan | won: False 
#  568 | steps:  5003 | steps_t:     2 | t: 1.610016 | r:  -505.000000 | e:   0.999800 | Q:        nan | won: False 
#  569 | steps:  5011 | steps_t:     9 | t: 1.643023 | r:  -507.000000 | e:   0.999100 | Q:        nan | won: False 
#  570 | steps:  5021 | steps_t:    18 | t: 1.684033 | r:  -509.000000 | e:   0.998200 | Q:        nan | won: False 
#  571 | steps:  5028 | steps_t:    24 | t: 1.712039 | r:  -506.000000 | e:   0.997600 | Q:        nan | won: False 
#  572 | steps:  5039 | steps_t:    34 | t: 1.757049 | r:  -510.000000 | e:   0.996600 | Q:        nan | won: False 
#  573 | steps:  5045 | steps_t:    39 | t: 1.780054 | r:  -505.000000 | e:   0.996100 | Q:        nan | won: False 
#  574 | steps:  5051 | steps_t:    44 | t: 1.803060 | r:  -505.000000 | e:   0.995600 | Q:        nan | won: False 
#  575 | steps:  5060 | steps_t:    52 | t: 1.838181 | r:  -508.000000 | e:   0.994800 | Q:        nan | won: False 
#  576 | steps:  5072 | steps_t:    63 | t: 1.884193 | r:  -511.000000 | e:   0.993700 | Q:  -9.615130 | won: False 
#  577 | steps:  5080 | steps_t:    70 | t: 1.912200 | r:  -507.000000 | e:   0.993000 | Q:        nan | won: False 
#  578 | steps:  5088 | steps_t:    77 | t: 1.942782 | r:  -507.000000 | e:   0.992300 | Q:        nan | won: False 
#  579 | steps:  5094 | steps_t:    82 | t: 1.965788 | r:  -505.000000 | e:   0.991800 | Q:        nan | won: False 
#  580 | steps:  5101 | steps_t:    88 | t: 1.991966 | r:  -506.000000 | e:   0.991200 | Q:        nan | won: False 
#  581 | steps:  5108 | steps_t:    94 | t: 2.017576 | r:  -506.000000 | e:   0.990600 | Q:        nan | won: False 
#  582 | steps:  5117 | steps_t:   102 | t: 2.052598 | r:  -508.000000 | e:   0.989800 | Q:        nan | won: False 
#  583 | steps:  5127 | steps_t:   111 | t: 2.090607 | r:  -509.000000 | e:   0.988900 | Q:        nan | won: False 
#  584 | steps:  5135 | steps_t:   118 | t: 2.122992 | r:  -507.000000 | e:   0.988200 | Q: -156.604248 | won: False 
#  585 | steps:  5142 | steps_t:   124 | t: 2.148591 | r:  -506.000000 | e:   0.987600 | Q:        nan | won: False 
#  586 | steps:  5148 | steps_t:   129 | t: 2.170568 | r:  -505.000000 | e:   0.987100 | Q:        nan | won: False 
#  587 | steps:  5155 | steps_t:   135 | t: 2.194778 | r:  -506.000000 | e:   0.986500 | Q:        nan | won: False 
#  588 | steps:  5163 | steps_t:   142 | t: 2.225306 | r:  -507.000000 | e:   0.985800 | Q:        nan | won: False 
#  589 | steps:  5175 | steps_t:   153 | t: 2.272716 | r:  -511.000000 | e:   0.984700 | Q:        nan | won: False 
#  590 | steps:  5187 | steps_t:   164 | t: 2.316908 | r:  -511.000000 | e:   0.983600 | Q:        nan | won: False 
#  591 | steps:  5195 | steps_t:   171 | t: 2.347035 | r:  -507.000000 | e:   0.982900 | Q:        nan | won: False 
#  592 | steps:  5201 | steps_t:   176 | t: 2.369038 | r:  -505.000000 | e:   0.982400 | Q:        nan | won: False 
#  593 | steps:  5213 | steps_t:   187 | t: 2.417543 | r:  -511.000000 | e:   0.981300 | Q: -272.172577 | won: False 
#  594 | steps:  5219 | steps_t:   192 | t: 2.441548 | r:  -505.000000 | e:   0.980800 | Q:        nan | won: False 
#  595 | steps:  5229 | steps_t:   201 | t: 2.482558 | r:  -509.000000 | e:   0.979900 | Q:        nan | won: False 
#  596 | steps:  5240 | steps_t:   211 | t: 2.529833 | r:  -510.000000 | e:   0.978900 | Q:        nan | won: False 
#  597 | steps:  5246 | steps_t:   216 | t: 2.551360 | r:  -505.000000 | e:   0.978400 | Q:        nan | won: False 
#  598 | steps:  5251 | steps_t:   220 | t: 2.569366 | r:  -504.000000 | e:   0.978000 | Q:        nan | won: False 
#  599 | steps:  5264 | steps_t:   232 | t: 2.618962 | r:  -512.000000 | e:   0.976800 | Q:        nan | won: False 
#  600 | steps:  5270 | steps_t:   237 | t: 2.641350 | r:  -505.000000 | e:   0.976300 | Q:        nan | won: False 
#  601 | steps:  5279 | steps_t:   245 | t: 2.676358 | r:  -508.000000 | e:   0.975500 | Q:        nan | won: False 
#  602 | steps:  5291 | steps_t:   256 | t: 2.723201 | r:  -511.000000 | e:   0.974400 | Q: -297.469757 | won: False 
#  603 | steps:  5299 | steps_t:   263 | t: 2.753207 | r:  -507.000000 | e:   0.973700 | Q:        nan | won: False 
#  604 | steps:  5311 | steps_t:   274 | t: 2.801342 | r:  -511.000000 | e:   0.972600 | Q:        nan | won: False 
#  605 | steps:  5320 | steps_t:   282 | t: 2.835349 | r:  -508.000000 | e:   0.971800 | Q:        nan | won: False 
#  606 | steps:  5328 | steps_t:   289 | t: 2.866421 | r:  -507.000000 | e:   0.971100 | Q:        nan | won: False 
#  607 | steps:  5338 | steps_t:   298 | t: 2.905694 | r:  -509.000000 | e:   0.970200 | Q: -272.548126 | won: False 
#  608 | steps:  5345 | steps_t:   304 | t: 2.930701 | r:  -506.000000 | e:   0.969600 | Q:        nan | won: False 
#  609 | steps:  5353 | steps_t:   311 | t: 2.961063 | r:  -507.000000 | e:   0.968900 | Q:        nan | won: False 
#  610 | steps:  5362 | steps_t:   319 | t: 2.993070 | r:  -508.000000 | e:   0.968100 | Q: -236.141998 | won: False 
#  611 | steps:  5370 | steps_t:   326 | t: 3.023180 | r:  -507.000000 | e:   0.967400 | Q:        nan | won: False 
#  612 | steps:  5379 | steps_t:   334 | t: 3.055754 | r:  -508.000000 | e:   0.966600 | Q:        nan | won: False 
#  613 | steps:  5387 | steps_t:   341 | t: 3.085762 | r:  -507.000000 | e:   0.965900 | Q:        nan | won: False 
#  614 | steps:  5401 | steps_t:   354 | t: 3.139512 | r:  -513.000000 | e:   0.964600 | Q: -272.920441 | won: False 
#  615 | steps:  5409 | steps_t:   361 | t: 3.167621 | r:  -507.000000 | e:   0.963900 | Q:        nan | won: False 
#  616 | steps:  5427 | steps_t:   378 | t: 3.235900 | r:  -517.000000 | e:   0.962200 | Q:        nan | won: False 
#  617 | steps:  5433 | steps_t:   383 | t: 3.259066 | r:  -505.000000 | e:   0.961700 | Q:        nan | won: False 
#  618 | steps:  5442 | steps_t:   391 | t: 3.293795 | r:  -508.000000 | e:   0.960900 | Q:        nan | won: False 
#  619 | steps:  5451 | steps_t:   399 | t: 3.328803 | r:  -508.000000 | e:   0.960100 | Q:        nan | won: False 
#  620 | steps:  5459 | steps_t:   406 | t: 3.360061 | r:  -507.000000 | e:   0.959400 | Q:        nan | won: False 
#  621 | steps:  5466 | steps_t:   412 | t: 3.385806 | r:  -506.000000 | e:   0.958800 | Q:        nan | won: False 
#  622 | steps:  5474 | steps_t:   419 | t: 3.416813 | r:  -507.000000 | e:   0.958100 | Q:        nan | won: False 
#  623 | steps:  5481 | steps_t:   425 | t: 3.442205 | r:  -506.000000 | e:   0.957500 | Q:        nan | won: False 
#  624 | steps:  5499 | steps_t:   442 | t: 3.517703 | r:  -517.000000 | e:   0.955800 | Q: -324.191223 | won: False 
#  625 | steps:  5508 | steps_t:   450 | t: 3.552905 | r:  -508.000000 | e:   0.955000 | Q:        nan | won: False 
#  626 | steps:  5519 | steps_t:   460 | t: 3.595110 | r:  -510.000000 | e:   0.954000 | Q: -292.392944 | won: False 
#  627 | steps:  5529 | steps_t:   469 | t: 3.631119 | r:  -509.000000 | e:   0.953100 | Q:        nan | won: False 
#  628 | steps:  5535 | steps_t:   474 | t: 3.651816 | r:  -505.000000 | e:   0.952600 | Q:        nan | won: False 
#  629 | steps:  5547 | steps_t:   485 | t: 3.695826 | r:  -511.000000 | e:   0.951500 | Q:        nan | won: False 
#  630 | steps:  5552 | steps_t:   489 | t: 3.711830 | r:  -504.000000 | e:   0.951100 | Q:        nan | won: False 
#  631 | steps:  5559 | steps_t:   495 | t: 3.737837 | r:  -506.000000 | e:   0.950500 | Q: -264.533783 | won: False 
#  632 | steps:  5577 | steps_t:   512 | t: 3.807526 | r:  -506.000000 | e:   0.948800 | Q: -246.939499 | won: False 
#  633 | steps:  5583 | steps_t:   517 | t: 3.829531 | r:  -505.000000 | e:   0.948300 | Q:        nan | won: False 
#  634 | steps:  5592 | steps_t:   525 | t: 3.862363 | r:  -508.000000 | e:   0.947500 | Q: -249.586166 | won: False 
#  635 | steps:  5603 | steps_t:   535 | t: 3.903612 | r:  -510.000000 | e:   0.946500 | Q: -258.142273 | won: False 
#  636 | steps:  5612 | steps_t:   543 | t: 3.936752 | r:  -508.000000 | e:   0.945700 | Q: -276.482666 | won: False 
#  637 | steps:  5621 | steps_t:   551 | t: 3.968747 | r:  -508.000000 | e:   0.944900 | Q:        nan | won: False 
#  638 | steps:  5630 | steps_t:   559 | t: 4.002753 | r:  -508.000000 | e:   0.944100 | Q: -272.762848 | won: False 
#  639 | steps:  5637 | steps_t:   565 | t: 4.026761 | r:  -506.000000 | e:   0.943500 | Q:        nan | won: False 
#  640 | steps:  5653 | steps_t:   580 | t: 4.089960 | r:  -515.000000 | e:   0.942000 | Q: -261.903229 | won: False 
#  641 | steps:  5662 | steps_t:   588 | t: 4.123968 | r:  -508.000000 | e:   0.941200 | Q:        nan | won: False 
#  642 | steps:  5668 | steps_t:   593 | t: 4.144928 | r:  -505.000000 | e:   0.940700 | Q:        nan | won: False 
#  643 | steps:  5687 | steps_t:   611 | t: 4.218947 | r:  -518.000000 | e:   0.938900 | Q: -262.648926 | won: False 
#  644 | steps:  5695 | steps_t:   618 | t: 4.247306 | r:  -507.000000 | e:   0.938200 | Q:        nan | won: False 
#  645 | steps:  5704 | steps_t:   626 | t: 4.279314 | r:  -508.000000 | e:   0.937400 | Q: -311.659088 | won: False 
#  646 | steps:  5713 | steps_t:   634 | t: 4.313323 | r:  -508.000000 | e:   0.936600 | Q:        nan | won: False 
#  647 | steps:  5723 | steps_t:   643 | t: 4.349301 | r:  -509.000000 | e:   0.935700 | Q:        nan | won: False 
#  648 | steps:  5736 | steps_t:   655 | t: 4.397314 | r:  -512.000000 | e:   0.934500 | Q:        nan | won: False 
#  649 | steps:  5741 | steps_t:   659 | t: 4.415318 | r:  -504.000000 | e:   0.934100 | Q:        nan | won: False 
#  650 | steps:  5749 | steps_t:   666 | t: 4.443328 | r:  -507.000000 | e:   0.933400 | Q: -288.372131 | won: False 
#  651 | steps:  5756 | steps_t:   672 | t: 4.469335 | r:  -506.000000 | e:   0.932800 | Q: -289.934784 | won: False 
#  652 | steps:  5765 | steps_t:   680 | t: 4.503344 | r:  -508.000000 | e:   0.932000 | Q:        nan | won: False 
#  653 | steps:  5772 | steps_t:   686 | t: 4.529349 | r:  -506.000000 | e:   0.931400 | Q:        nan | won: False 
#  654 | steps:  5782 | steps_t:   695 | t: 4.569364 | r:  -509.000000 | e:   0.930500 | Q:        nan | won: False 
#  655 | steps:  5790 | steps_t:   702 | t: 4.597372 | r:  -507.000000 | e:   0.929800 | Q:        nan | won: False 
#  656 | steps:  5803 | steps_t:   714 | t: 4.647341 | r:  -512.000000 | e:   0.928600 | Q: -319.752075 | won: False 
#  657 | steps:  5817 | steps_t:   727 | t: 4.702353 | r:  -513.000000 | e:   0.927300 | Q: -297.745453 | won: False 
#  658 | steps:  5824 | steps_t:   733 | t: 4.726358 | r:  -506.000000 | e:   0.926700 | Q: -286.068604 | won: False 
#  659 | steps:  5831 | steps_t:   739 | t: 4.753509 | r:  -506.000000 | e:   0.926100 | Q:        nan | won: False 
#  660 | steps:  5842 | steps_t:   749 | t: 4.793519 | r:  -510.000000 | e:   0.925100 | Q: -276.511078 | won: False 
#  661 | steps:  5852 | steps_t:   758 | t: 4.832710 | r:  -509.000000 | e:   0.924200 | Q: -288.363586 | won: False 
#  662 | steps:  5865 | steps_t:   770 | t: 4.886722 | r:  -512.000000 | e:   0.923000 | Q: -303.321350 | won: False 
#  663 | steps:  5871 | steps_t:   775 | t: 4.909726 | r:  -505.000000 | e:   0.922500 | Q:        nan | won: False 
#  664 | steps:  5877 | steps_t:   780 | t: 4.931731 | r:  -505.000000 | e:   0.922000 | Q:        nan | won: False 
#  665 | steps:  5891 | steps_t:   793 | t: 4.990040 | r:  -513.000000 | e:   0.920700 | Q:        nan | won: False 
#  666 | steps:  5902 | steps_t:   803 | t: 5.037051 | r:  -510.000000 | e:   0.919700 | Q: -286.156372 | won: False 
#  667 | steps:  5909 | steps_t:   809 | t: 5.063056 | r:  -506.000000 | e:   0.919100 | Q:        nan | won: False 
#  668 | steps:  5915 | steps_t:   814 | t: 5.086078 | r:  -505.000000 | e:   0.918600 | Q:        nan | won: False 
#  669 | steps:  5922 | steps_t:   820 | t: 5.112067 | r:  -506.000000 | e:   0.918000 | Q:        nan | won: False 
#  670 | steps:  5931 | steps_t:   828 | t: 5.146075 | r:  -508.000000 | e:   0.917200 | Q:        nan | won: False 
#  671 | steps:  5941 | steps_t:   837 | t: 5.185084 | r:  -509.000000 | e:   0.916300 | Q:        nan | won: False 
#  672 | steps:  5950 | steps_t:   845 | t: 5.221092 | r:  -508.000000 | e:   0.915500 | Q:        nan | won: False 
#  673 | steps:  5956 | steps_t:   850 | t: 5.243097 | r:  -505.000000 | e:   0.915000 | Q:        nan | won: False 
#  674 | steps:  5965 | steps_t:   858 | t: 5.280106 | r:  -508.000000 | e:   0.914200 | Q: -292.044678 | won: False 
#  675 | steps:  5974 | steps_t:   866 | t: 5.316113 | r:  -508.000000 | e:   0.913400 | Q:        nan | won: False 
#  676 | steps:  5982 | steps_t:   873 | t: 5.348120 | r:  -507.000000 | e:   0.912700 | Q: -275.507355 | won: False 
#  677 | steps:  5989 | steps_t:   879 | t: 5.374127 | r:  -506.000000 | e:   0.912100 | Q:        nan | won: False 
#  678 | steps:  5998 | steps_t:   887 | t: 5.410135 | r:  -508.000000 | e:   0.911300 | Q: -271.275238 | won: False 
#  679 | steps:  6004 | steps_t:   892 | t: 5.433140 | r:  -505.000000 | e:   0.910800 | Q: -257.933716 | won: False 
#  680 | steps:  6010 | steps_t:   897 | t: 5.456145 | r:  -505.000000 | e:   0.910300 | Q:        nan | won: False 
#  681 | steps:  6015 | steps_t:   901 | t: 5.475149 | r:  -504.000000 | e:   0.909900 | Q:        nan | won: False 
#  682 | steps:  6025 | steps_t:   910 | t: 5.518159 | r:  -509.000000 | e:   0.909000 | Q: -253.159103 | won: False 
#  683 | steps:  6036 | steps_t:   920 | t: 5.564169 | r:  -510.000000 | e:   0.908000 | Q: -246.569901 | won: False 
#  684 | steps:  6046 | steps_t:   929 | t: 5.605178 | r:  -509.000000 | e:   0.907100 | Q:        nan | won: False 
#  685 | steps:  6057 | steps_t:   939 | t: 5.649188 | r:  -510.000000 | e:   0.906100 | Q:        nan | won: False 
#  686 | steps:  6065 | steps_t:   946 | t: 5.680195 | r:  -507.000000 | e:   0.905400 | Q:        nan | won: False 
#  687 | steps:  6072 | steps_t:   952 | t: 5.707201 | r:  -506.000000 | e:   0.904800 | Q:        nan | won: False 
#  688 | steps:  6080 | steps_t:   959 | t: 5.738208 | r:  -507.000000 | e:   0.904100 | Q:        nan | won: False 
#  689 | steps:  6091 | steps_t:   969 | t: 5.783218 | r:  -510.000000 | e:   0.903100 | Q: -282.841858 | won: False 
#  690 | steps:  6115 | steps_t:   992 | t: 5.875616 | r:  -523.000000 | e:   0.900800 | Q:        nan | won: False 
#  691 | steps:  6121 | steps_t:   997 | t: 5.895621 | r:  -505.000000 | e:   0.900300 | Q:        nan | won: False 
#  692 | steps:  6136 | steps_t:  1011 | t: 5.954487 | r:  -492.000000 | e:   0.898900 | Q: -269.332855 | won: False 
#  693 | steps:  6145 | steps_t:  1019 | t: 5.986600 | r:  -508.000000 | e:   0.898100 | Q: -278.994629 | won: False 
#  694 | steps:  6152 | steps_t:  1025 | t: 6.010606 | r:  -506.000000 | e:   0.897500 | Q:        nan | won: False 
#  695 | steps:  6159 | steps_t:  1031 | t: 6.034612 | r:  -506.000000 | e:   0.896900 | Q:        nan | won: False 
#  696 | steps:  6167 | steps_t:  1038 | t: 6.064620 | r:  -507.000000 | e:   0.896200 | Q: -286.421173 | won: False 
#  697 | steps:  6178 | steps_t:  1048 | t: 6.106630 | r:  -510.000000 | e:   0.895200 | Q: -274.616669 | won: False 
#  698 | steps:  6189 | steps_t:  1058 | t: 6.148641 | r:  -510.000000 | e:   0.894200 | Q: -254.738708 | won: False 
#  699 | steps:  6198 | steps_t:  1066 | t: 6.182649 | r:  -508.000000 | e:   0.893400 | Q:        nan | won: False 
#  700 | steps:  6207 | steps_t:  1074 | t: 6.214658 | r:  -508.000000 | e:   0.892600 | Q:        nan | won: False 
#  701 | steps:  6213 | steps_t:  1079 | t: 6.234663 | r:  -505.000000 | e:   0.892100 | Q:        nan | won: False 
#  702 | steps:  6222 | steps_t:  1087 | t: 6.268671 | r:  -508.000000 | e:   0.891300 | Q:        nan | won: False 
#  703 | steps:  6231 | steps_t:  1095 | t: 6.302679 | r:  -508.000000 | e:   0.890500 | Q: -297.423798 | won: False 
#  704 | steps:  6239 | steps_t:  1102 | t: 6.332687 | r:  -507.000000 | e:   0.889800 | Q: -288.612183 | won: False 
#  705 | steps:  6248 | steps_t:  1110 | t: 6.364695 | r:  -508.000000 | e:   0.889000 | Q:        nan | won: False 
#  706 | steps:  6257 | steps_t:  1118 | t: 6.398704 | r:  -508.000000 | e:   0.888200 | Q: -289.838531 | won: False 
#  707 | steps:  6266 | steps_t:  1126 | t: 6.430711 | r:  -508.000000 | e:   0.887400 | Q:        nan | won: False 
#  708 | steps:  6271 | steps_t:  1130 | t: 6.446716 | r:  -504.000000 | e:   0.887000 | Q:        nan | won: False 
#  709 | steps:  6280 | steps_t:  1138 | t: 6.482724 | r:  -508.000000 | e:   0.886200 | Q: -306.288361 | won: False 
#  710 | steps:  6286 | steps_t:  1143 | t: 6.504730 | r:  -505.000000 | e:   0.885700 | Q:        nan | won: False 
#  711 | steps:  6298 | steps_t:  1154 | t: 6.552741 | r:  -511.000000 | e:   0.884600 | Q: -313.622742 | won: False 
#  712 | steps:  6308 | steps_t:  1163 | t: 6.590757 | r:  -509.000000 | e:   0.883700 | Q: -306.285797 | won: False 
#  713 | steps:  6317 | steps_t:  1171 | t: 6.625343 | r:  -508.000000 | e:   0.882900 | Q:        nan | won: False 
#  714 | steps:  6329 | steps_t:  1182 | t: 6.671355 | r:  -511.000000 | e:   0.881800 | Q: -286.207916 | won: False 
#  715 | steps:  6334 | steps_t:  1186 | t: 6.689359 | r:  -504.000000 | e:   0.881400 | Q: -289.226776 | won: False 
#  716 | steps:  6343 | steps_t:  1194 | t: 6.723368 | r:  -508.000000 | e:   0.880600 | Q: -308.601685 | won: False 
#  717 | steps:  6358 | steps_t:  1208 | t: 6.780413 | r:  -503.000000 | e:   0.879200 | Q: -307.173096 | won: False 
#  718 | steps:  6366 | steps_t:  1215 | t: 6.810419 | r:  -507.000000 | e:   0.878500 | Q:        nan | won: False 
#  719 | steps:  6383 | steps_t:  1231 | t: 6.874629 | r:  -516.000000 | e:   0.876900 | Q: -300.724762 | won: False 
#  720 | steps:  6392 | steps_t:  1239 | t: 6.906929 | r:  -508.000000 | e:   0.876100 | Q:        nan | won: False 
#  721 | steps:  6402 | steps_t:  1248 | t: 6.942938 | r:  -509.000000 | e:   0.875200 | Q: -282.597290 | won: False 
#  722 | steps:  6410 | steps_t:  1255 | t: 6.972946 | r:  -507.000000 | e:   0.874500 | Q:        nan | won: False 
#  723 | steps:  6420 | steps_t:  1264 | t: 7.010956 | r:  -509.000000 | e:   0.873600 | Q: -286.609070 | won: False 
#  724 | steps:  6428 | steps_t:  1271 | t: 7.038962 | r:  -507.000000 | e:   0.872900 | Q: -319.399902 | won: False 
#  725 | steps:  6435 | steps_t:  1277 | t: 7.064969 | r:  -506.000000 | e:   0.872300 | Q: -307.050018 | won: False 
#  726 | steps:  6445 | steps_t:  1286 | t: 7.100978 | r:  -509.000000 | e:   0.871400 | Q: -314.278107 | won: False 
#  727 | steps:  6460 | steps_t:  1300 | t: 7.158992 | r:  -514.000000 | e:   0.870000 | Q: -296.112457 | won: False 
#  728 | steps:  6468 | steps_t:  1307 | t: 7.189977 | r:  -507.000000 | e:   0.869300 | Q: -286.235168 | won: False 
#  729 | steps:  6477 | steps_t:  1315 | t: 7.221985 | r:  -508.000000 | e:   0.868500 | Q: -288.307251 | won: False 
#  730 | steps:  6485 | steps_t:  1322 | t: 7.251884 | r:  -507.000000 | e:   0.867800 | Q: -289.174469 | won: False 
#  731 | steps:  6509 | steps_t:  1345 | t: 7.345543 | r:  -523.000000 | e:   0.865500 | Q: -275.265808 | won: False 
#  732 | steps:  6520 | steps_t:  1355 | t: 7.387547 | r:  -510.000000 | e:   0.864500 | Q: -312.985748 | won: False 
#  733 | steps:  6528 | steps_t:  1362 | t: 7.417554 | r:  -507.000000 | e:   0.863800 | Q:        nan | won: False 
#  734 | steps:  6541 | steps_t:  1374 | t: 7.465566 | r:  -512.000000 | e:   0.862600 | Q: -308.811005 | won: False 
#  735 | steps:  6549 | steps_t:  1381 | t: 7.497574 | r:  -507.000000 | e:   0.861900 | Q:        nan | won: False 
#  736 | steps:  6556 | steps_t:  1387 | t: 7.523582 | r:  -506.000000 | e:   0.861300 | Q: -275.860657 | won: False 
#  737 | steps:  6564 | steps_t:  1394 | t: 7.555588 | r:  -507.000000 | e:   0.860600 | Q: -280.297607 | won: False 
#  738 | steps:  6575 | steps_t:  1404 | t: 7.597600 | r:  -510.000000 | e:   0.859600 | Q: -287.502747 | won: False 
#  739 | steps:  6582 | steps_t:  1410 | t: 7.623605 | r:  -506.000000 | e:   0.859000 | Q: -290.483978 | won: False 
#  740 | steps:  6590 | steps_t:  1417 | t: 7.653613 | r:  -507.000000 | e:   0.858300 | Q: -312.513947 | won: False 
#  741 | steps:  6598 | steps_t:  1424 | t: 7.683621 | r:  -507.000000 | e:   0.857600 | Q:        nan | won: False 
#  742 | steps:  6607 | steps_t:  1432 | t: 7.717629 | r:  -508.000000 | e:   0.856800 | Q: -288.649780 | won: False 
#  743 | steps:  6616 | steps_t:  1440 | t: 7.751638 | r:  -508.000000 | e:   0.856000 | Q: -325.937408 | won: False 
#  744 | steps:  6623 | steps_t:  1446 | t: 7.775643 | r:  -506.000000 | e:   0.855400 | Q: -314.417511 | won: False 
#  745 | steps:  6630 | steps_t:  1452 | t: 7.801650 | r:  -506.000000 | e:   0.854800 | Q:        nan | won: False 
#  746 | steps:  6653 | steps_t:  1474 | t: 7.891082 | r:  -522.000000 | e:   0.852600 | Q: -315.324829 | won: False 
#  747 | steps:  6671 | steps_t:  1491 | t: 7.960008 | r:  -517.000000 | e:   0.850900 | Q: -317.639862 | won: False 
#  748 | steps:  6678 | steps_t:  1497 | t: 7.986014 | r:  -506.000000 | e:   0.850300 | Q:        nan | won: False 
#  749 | steps:  6685 | steps_t:  1503 | t: 8.010020 | r:  -506.000000 | e:   0.849700 | Q:        nan | won: False 
#  750 | steps:  6692 | steps_t:  1509 | t: 8.034025 | r:  -506.000000 | e:   0.849100 | Q: -322.990845 | won: False 
#  751 | steps:  6703 | steps_t:  1519 | t: 8.075165 | r:  -510.000000 | e:   0.848100 | Q: -308.878876 | won: False 
#  752 | steps:  6715 | steps_t:  1530 | t: 8.121177 | r:  -511.000000 | e:   0.847000 | Q: -300.224243 | won: False 
#  753 | steps:  6724 | steps_t:  1538 | t: 8.155189 | r:  -508.000000 | e:   0.846200 | Q: -285.361694 | won: False 
#  754 | steps:  6736 | steps_t:  1549 | t: 8.201200 | r:  -511.000000 | e:   0.845100 | Q: -318.118683 | won: False 
