#    1 | steps:     7 | steps_t:     0 | t: 0.000000 | r:  -506.000000 | e:   1.000000 | Q:        nan | won: False 
#    2 | steps:    14 | steps_t:     0 | t: 0.015626 | r:  -506.000000 | e:   1.000000 | Q:        nan | won: False 
#    3 | steps:    21 | steps_t:     0 | t: 0.015626 | r:  -506.000000 | e:   1.000000 | Q:        nan | won: False 
#    4 | steps:    31 | steps_t:     0 | t: 0.031284 | r:  -509.000000 | e:   1.000000 | Q:        nan | won: False 
#    5 | steps:    41 | steps_t:     0 | t: 0.031284 | r:  -509.000000 | e:   1.000000 | Q:        nan | won: False 
#    6 | steps:    48 | steps_t:     0 | t: 0.048972 | r:  -506.000000 | e:   1.000000 | Q:        nan | won: False 
#    7 | steps:    56 | steps_t:     0 | t: 0.048972 | r:  -507.000000 | e:   1.000000 | Q:        nan | won: False 
#    8 | steps:    61 | steps_t:     0 | t: 0.063017 | r:  -504.000000 | e:   1.000000 | Q:        nan | won: False 
#    9 | steps:    72 | steps_t:     0 | t: 0.063017 | r:  -510.000000 | e:   1.000000 | Q:        nan | won: False 
#   10 | steps:    80 | steps_t:     0 | t: 0.063017 | r:  -507.000000 | e:   1.000000 | Q:        nan | won: False 
#    1 | steps:    17 | steps_t: 2735611 | t: 0.073071 | r:    95.000000 | e:   0.100000 | Q: 102.149544 | won: True 
#    2 | steps:    38 | steps_t: 2735611 | t: 0.119914 | r:  -509.000000 | e:   0.100000 | Q:  73.193336 | won: False 
#    3 | steps:    59 | steps_t: 2735611 | t: 0.213669 | r:    91.000000 | e:   0.100000 | Q: 102.335548 | won: True 
#    4 | steps:    76 | steps_t: 2735611 | t: 0.276214 | r:    95.000000 | e:   0.100000 | Q: 101.230827 | won: True 
#    5 | steps:    96 | steps_t: 2735611 | t: 0.354302 | r:    92.000000 | e:   0.100000 | Q:  99.659950 | won: True 
#    6 | steps:   111 | steps_t: 2735611 | t: 0.401178 | r:  -514.000000 | e:   0.100000 | Q:  46.144871 | won: False 
#    7 | steps:   128 | steps_t: 2735611 | t: 0.472945 | r:    95.000000 | e:   0.100000 | Q:  96.004906 | won: True 
#    8 | steps:   145 | steps_t: 2735611 | t: 0.543891 | r:    95.000000 | e:   0.100000 | Q: 102.149544 | won: True 
#    9 | steps:   162 | steps_t: 2735611 | t: 0.606396 | r:    95.000000 | e:   0.100000 | Q: 102.149544 | won: True 
#   10 | steps:   178 | steps_t: 2735611 | t: 0.668889 | r:    96.000000 | e:   0.100000 | Q:  98.254601 | won: True 
