#    1 | steps:   135 | steps_t: 5860553 | t: 0.178045 | r:   -70.000000 | e:   0.100000 | Q: 194.040329 | won: False 
#    2 | steps:   230 | steps_t: 5860553 | t: 0.283723 | r:   742.000000 | e:   0.100000 | Q: 207.210526 | won: True 
#    3 | steps:   254 | steps_t: 5860553 | t: 0.311729 | r:  -289.000000 | e:   0.100000 | Q: 209.489471 | won: False 
#    4 | steps:   478 | steps_t: 5860553 | t: 0.562666 | r:   551.000000 | e:   0.100000 | Q: 206.312195 | won: True 
#    5 | steps:   675 | steps_t: 5860553 | t: 0.838068 | r:   -84.000000 | e:   0.100000 | Q: 192.681412 | won: False 
#    6 | steps:   776 | steps_t: 5860553 | t: 0.950992 | r:   645.000000 | e:   0.100000 | Q: 220.675491 | won: True 
#    7 | steps:   985 | steps_t: 5860553 | t: 1.185933 | r:  -111.000000 | e:   0.100000 | Q: 197.939636 | won: False 
#    8 | steps:  1074 | steps_t: 5860553 | t: 1.294489 | r:   657.000000 | e:   0.100000 | Q: 195.054977 | won: True 
#    9 | steps:  1188 | steps_t: 5860553 | t: 1.419326 | r:   712.000000 | e:   0.100000 | Q: 195.332397 | won: True 
#   10 | steps:  1307 | steps_t: 5860553 | t: 1.548208 | r:   718.000000 | e:   0.100000 | Q: 204.262527 | won: True 
#   11 | steps:  1430 | steps_t: 5860553 | t: 1.683081 | r:    19.000000 | e:   0.100000 | Q: 201.976593 | won: False 
#   12 | steps:  1512 | steps_t: 5860553 | t: 1.775995 | r:   715.000000 | e:   0.100000 | Q: 196.786758 | won: True 
#   13 | steps:  1601 | steps_t: 5860553 | t: 1.874855 | r:   657.000000 | e:   0.100000 | Q: 196.116653 | won: True 
#   14 | steps:  1747 | steps_t: 5860553 | t: 2.033782 | r:   713.000000 | e:   0.100000 | Q: 198.136414 | won: True 
#   15 | steps:  1829 | steps_t: 5860553 | t: 2.122626 | r:   664.000000 | e:   0.100000 | Q: 205.595627 | won: True 
#   16 | steps:  1929 | steps_t: 5860553 | t: 2.237522 | r:   737.000000 | e:   0.100000 | Q: 216.526901 | won: True 
#   17 | steps:  1951 | steps_t: 5860553 | t: 2.261528 | r:  -316.000000 | e:   0.100000 | Q: 204.272171 | won: False 
#   18 | steps:  2152 | steps_t: 5860553 | t: 2.482478 | r:   -81.000000 | e:   0.100000 | Q: 200.080887 | won: False 
#   19 | steps:  2229 | steps_t: 5860553 | t: 2.641496 | r:   -41.000000 | e:   0.100000 | Q: 193.175186 | won: False 
#   20 | steps:  2330 | steps_t: 5860553 | t: 2.754415 | r:   634.000000 | e:   0.100000 | Q: 214.475006 | won: True 
#   21 | steps:  2728 | steps_t: 5860553 | t: 3.191457 | r:  -172.000000 | e:   0.100000 | Q: 203.576004 | won: False 
#   22 | steps:  2805 | steps_t: 5860553 | t: 3.278321 | r:   749.000000 | e:   0.100000 | Q: 232.817627 | won: True 
#   23 | steps:  2992 | steps_t: 5860553 | t: 3.485168 | r:   588.000000 | e:   0.100000 | Q: 196.358673 | won: True 
#   24 | steps:  3100 | steps_t: 5860553 | t: 3.604017 | r:  -134.000000 | e:   0.100000 | Q: 194.788528 | won: False 
#   25 | steps:  3184 | steps_t: 5860553 | t: 3.698982 | r:   713.000000 | e:   0.100000 | Q: 198.997101 | won: True 
#   26 | steps:  3278 | steps_t: 5860553 | t: 3.805942 | r:   721.000000 | e:   0.100000 | Q: 201.008942 | won: True 
#   27 | steps:  3363 | steps_t: 5860553 | t: 3.902774 | r:   712.000000 | e:   0.100000 | Q: 207.992126 | won: True 
#   28 | steps:  3424 | steps_t: 5860553 | t: 3.972205 | r:   -54.000000 | e:   0.100000 | Q: 200.465134 | won: False 
#   29 | steps:  3518 | steps_t: 5860553 | t: 4.078232 | r:    77.000000 | e:   0.100000 | Q: 215.062515 | won: False 
#   30 | steps:  3622 | steps_t: 5860553 | t: 4.193120 | r:   722.000000 | e:   0.100000 | Q: 203.898499 | won: True 
#   31 | steps:  3746 | steps_t: 5860553 | t: 4.422115 | r:   -84.000000 | e:   0.100000 | Q: 181.586212 | won: False 
#   32 | steps:  3798 | steps_t: 5860553 | t: 4.483009 | r:  -152.000000 | e:   0.100000 | Q: 202.673035 | won: False 
#   33 | steps:  3874 | steps_t: 5860553 | t: 4.573896 | r:   772.000000 | e:   0.100000 | Q: 202.600174 | won: True 
#   34 | steps:  3959 | steps_t: 5860553 | t: 4.682873 | r:   712.000000 | e:   0.100000 | Q: 224.967041 | won: True 
#   35 | steps:  4051 | steps_t: 5860553 | t: 4.791785 | r:   705.000000 | e:   0.100000 | Q: 223.452530 | won: True 
#   36 | steps:  4143 | steps_t: 5860553 | t: 4.894725 | r:   -82.000000 | e:   0.100000 | Q: 198.116104 | won: False 
#   37 | steps:  4241 | steps_t: 5860553 | t: 5.009584 | r:    66.000000 | e:   0.100000 | Q: 227.832367 | won: False 
#   38 | steps:  4276 | steps_t: 5860553 | t: 5.045593 | r:  -168.000000 | e:   0.100000 | Q: 232.992615 | won: False 
#   39 | steps:  4359 | steps_t: 5860553 | t: 5.139617 | r:   663.000000 | e:   0.100000 | Q: 207.321976 | won: True 
#   40 | steps:  4784 | steps_t: 5860553 | t: 5.620198 | r:  -301.000000 | e:   0.100000 | Q: 205.603165 | won: False 
#   41 | steps:  4903 | steps_t: 5860553 | t: 5.755150 | r:   -17.000000 | e:   0.100000 | Q: 203.091339 | won: False 
#   42 | steps:  5063 | steps_t: 5860615 | t: 6.724222 | r:   717.000000 | e:   0.100000 | Q: 225.216019 | won: True 
#   43 | steps:  5144 | steps_t: 5860695 | t: 7.716155 | r:   745.000000 | e:   0.100000 | Q: 211.620453 | won: True 
#   44 | steps:  5186 | steps_t: 5860736 | t: 8.214462 | r:  -248.000000 | e:   0.100000 | Q: 188.265503 | won: False 
#   45 | steps:  5281 | steps_t: 5860830 | t: 9.367910 | r:   -63.000000 | e:   0.100000 | Q: 193.996140 | won: False 
#   46 | steps:  5370 | steps_t: 5860918 | t: 10.434175 | r:  -189.000000 | e:   0.100000 | Q: 186.243546 | won: False 
#   47 | steps:  5462 | steps_t: 5861009 | t: 11.645591 | r:   694.000000 | e:   0.100000 | Q: 182.712967 | won: True 
#   48 | steps:  5567 | steps_t: 5861113 | t: 12.884998 | r:   652.000000 | e:   0.100000 | Q: 187.344009 | won: True 
#   49 | steps:  5647 | steps_t: 5861192 | t: 13.840418 | r:    22.000000 | e:   0.100000 | Q: 203.859253 | won: False 
#   50 | steps:  5843 | steps_t: 5861387 | t: 16.147882 | r:    19.000000 | e:   0.100000 | Q: 210.677200 | won: False 
#   51 | steps:  5954 | steps_t: 5861497 | t: 17.464801 | r:   646.000000 | e:   0.100000 | Q: 183.837250 | won: True 
#   52 | steps:  6035 | steps_t: 5861577 | t: 18.448411 | r:   654.000000 | e:   0.100000 | Q: 193.979004 | won: True 
#   53 | steps:  6070 | steps_t: 5861611 | t: 18.869815 | r:  -278.000000 | e:   0.100000 | Q: 194.913025 | won: False 
