#    1 | steps:  1056 | steps_t: 2632496 | t: 1.233194 | r:  -510.000000 | e:   0.100000 | Q: 208.972260 | won: False 
#    2 | steps:  1243 | steps_t: 2632496 | t: 1.440454 | r:  1050.000000 | e:   0.100000 | Q: 238.917023 | won: True 
#    3 | steps:  1407 | steps_t: 2632496 | t: 1.630314 | r:  1004.000000 | e:   0.100000 | Q: 211.439392 | won: True 
#    4 | steps:  1620 | steps_t: 2632496 | t: 1.872381 | r:   984.000000 | e:   0.100000 | Q: 221.292511 | won: True 
#    5 | steps:  1877 | steps_t: 2632496 | t: 2.152555 | r:   980.000000 | e:   0.100000 | Q: 239.623871 | won: True 
#    6 | steps:  2266 | steps_t: 2632496 | t: 2.576785 | r:   779.000000 | e:   0.100000 | Q: 204.958771 | won: True 
#    7 | steps:  2539 | steps_t: 2632496 | t: 2.870018 | r:   935.000000 | e:   0.100000 | Q: 208.859131 | won: True 
#    8 | steps:  2849 | steps_t: 2632496 | t: 3.213616 | r:   232.000000 | e:   0.100000 | Q: 213.928467 | won: False 
#    9 | steps:  3076 | steps_t: 2632496 | t: 3.462703 | r:   970.000000 | e:   0.100000 | Q: 233.743820 | won: True 
#   10 | steps:  3256 | steps_t: 2632496 | t: 3.663901 | r:  1039.000000 | e:   0.100000 | Q: 204.521149 | won: True 
#   11 | steps:  3424 | steps_t: 2632496 | t: 3.919980 | r:  1029.000000 | e:   0.100000 | Q: 210.340591 | won: True 
#   12 | steps:  3610 | steps_t: 2632496 | t: 4.125143 | r:  1022.000000 | e:   0.100000 | Q: 203.003372 | won: True 
#   13 | steps:  3900 | steps_t: 2632496 | t: 4.438778 | r:   918.000000 | e:   0.100000 | Q: 212.118210 | won: True 
#   14 | steps:  4618 | steps_t: 2632496 | t: 5.219913 | r:  -132.000000 | e:   0.100000 | Q: 226.764984 | won: False 
#   15 | steps:  4793 | steps_t: 2632496 | t: 5.416971 | r:  1033.000000 | e:   0.100000 | Q: 207.779343 | won: True 
#   16 | steps:  5079 | steps_t: 2632574 | t: 7.067968 | r:   351.000000 | e:   0.100000 | Q: 222.630630 | won: False 
#   17 | steps:  5318 | steps_t: 2632812 | t: 11.338760 | r:   270.000000 | e:   0.100000 | Q: 219.581909 | won: False 
#   18 | steps:  5584 | steps_t: 2633077 | t: 16.169621 | r:   360.000000 | e:   0.100000 | Q: 225.410645 | won: False 
#   19 | steps:  5964 | steps_t: 2633456 | t: 22.779011 | r:   879.000000 | e:   0.100000 | Q: 238.630402 | won: True 
#   20 | steps:  6132 | steps_t: 2633623 | t: 25.615365 | r:   392.000000 | e:   0.100000 | Q: 229.933655 | won: False 
#   21 | steps:  6534 | steps_t: 2634024 | t: 32.382411 | r:   795.000000 | e:   0.100000 | Q: 229.639069 | won: True 
#   22 | steps:  6910 | steps_t: 2634399 | t: 38.638546 | r:   872.000000 | e:   0.100000 | Q: 240.801773 | won: True 
#   23 | steps:  7203 | steps_t: 2634691 | t: 43.434867 | r:   355.000000 | e:   0.100000 | Q: 234.096542 | won: False 
#   24 | steps:  7480 | steps_t: 2634967 | t: 47.895503 | r:   931.000000 | e:   0.100000 | Q: 212.922653 | won: True 
#   25 | steps:  7950 | steps_t: 2635436 | t: 55.427784 | r:   789.000000 | e:   0.100000 | Q: 241.935333 | won: True 
#   26 | steps:  8093 | steps_t: 2635578 | t: 57.700529 | r:   388.000000 | e:   0.100000 | Q: 223.231216 | won: False 
#   27 | steps:  8353 | steps_t: 2635837 | t: 61.901480 | r:   260.000000 | e:   0.100000 | Q: 243.085678 | won: False 
#   28 | steps:  8809 | steps_t: 2636292 | t: 69.067279 | r:   741.000000 | e:   0.100000 | Q: 213.827988 | won: True 
#   29 | steps:  8992 | steps_t: 2636474 | t: 71.950972 | r:   974.000000 | e:   0.100000 | Q: 207.412186 | won: True 
#   30 | steps:  9268 | steps_t: 2636749 | t: 76.267854 | r:   932.000000 | e:   0.100000 | Q: 216.238480 | won: True 
#   31 | steps:  9439 | steps_t: 2636919 | t: 78.935809 | r:  1066.000000 | e:   0.100000 | Q: 234.652573 | won: True 
#   32 | steps:  9717 | steps_t: 2637196 | t: 83.273375 | r:   930.000000 | e:   0.100000 | Q: 208.639786 | won: True 
#   33 | steps: 10041 | steps_t: 2637519 | t: 88.505517 | r:   884.000000 | e:   0.100000 | Q: 201.411362 | won: True 
#   34 | steps: 10422 | steps_t: 2637899 | t: 94.575772 | r:   776.000000 | e:   0.100000 | Q: 204.586456 | won: True 
#   35 | steps: 10658 | steps_t: 2638134 | t: 98.412528 | r:   961.000000 | e:   0.100000 | Q: 220.788849 | won: True 
#   36 | steps: 10700 | steps_t: 2638175 | t: 99.208357 | r:   -94.000000 | e:   0.100000 | Q: 218.302780 | won: False 
#   37 | steps: 11007 | steps_t: 2638481 | t: 104.517390 | r:   341.000000 | e:   0.100000 | Q: 221.754639 | won: False 
#   38 | steps: 11320 | steps_t: 2638793 | t: 109.719692 | r:   895.000000 | e:   0.100000 | Q: 211.683914 | won: True 
#   39 | steps: 11644 | steps_t: 2639116 | t: 115.098989 | r:   273.000000 | e:   0.100000 | Q: 250.813065 | won: False 
#   40 | steps: 11893 | steps_t: 2639364 | t: 119.258033 | r:   959.000000 | e:   0.100000 | Q: 216.345169 | won: True 
#   41 | steps: 12197 | steps_t: 2639667 | t: 124.202399 | r:   853.000000 | e:   0.100000 | Q: 195.110123 | won: True 
#   42 | steps: 12409 | steps_t: 2639878 | t: 127.566705 | r:   985.000000 | e:   0.100000 | Q: 208.397812 | won: True 
#   43 | steps: 12705 | steps_t: 2640173 | t: 132.397282 | r:   301.000000 | e:   0.100000 | Q: 229.790344 | won: False 
#   44 | steps: 12897 | steps_t: 2640364 | t: 135.388049 | r:   324.000000 | e:   0.100000 | Q: 200.330963 | won: False 
#   45 | steps: 13102 | steps_t: 2640568 | t: 138.556894 | r:  1043.000000 | e:   0.100000 | Q: 221.357437 | won: True 
#   46 | steps: 13271 | steps_t: 2640736 | t: 141.167710 | r:   329.000000 | e:   0.100000 | Q: 226.616318 | won: False 
#   47 | steps: 13516 | steps_t: 2640980 | t: 144.986075 | r:  1025.000000 | e:   0.100000 | Q: 209.738754 | won: True 
#   48 | steps: 13693 | steps_t: 2641156 | t: 147.763745 | r:  1071.000000 | e:   0.100000 | Q: 227.164642 | won: True 
#   49 | steps: 14020 | steps_t: 2641482 | t: 153.121329 | r:   910.000000 | e:   0.100000 | Q: 213.937958 | won: True 
#   50 | steps: 14660 | steps_t: 2642121 | t: 163.562216 | r:   597.000000 | e:   0.100000 | Q: 205.014374 | won: True 
#   51 | steps: 14796 | steps_t: 2642256 | t: 165.831371 | r:   388.000000 | e:   0.100000 | Q: 206.749237 | won: False 
#   52 | steps: 14839 | steps_t: 2642298 | t: 166.516834 | r:  -245.000000 | e:   0.100000 | Q: 205.124664 | won: False 
#   53 | steps: 14931 | steps_t: 2642389 | t: 167.991093 | r:   157.000000 | e:   0.100000 | Q: 202.180267 | won: False 
#   54 | steps: 15139 | steps_t: 2642596 | t: 171.400166 | r:  1051.000000 | e:   0.100000 | Q: 226.700012 | won: True 
#   55 | steps: 15238 | steps_t: 2642694 | t: 172.986994 | r:   274.000000 | e:   0.100000 | Q: 213.360474 | won: False 
#   56 | steps: 15582 | steps_t: 2643037 | t: 179.465438 | r:   893.000000 | e:   0.100000 | Q: 213.794006 | won: True 
#   57 | steps: 15868 | steps_t: 2643322 | t: 185.312122 | r:   973.000000 | e:   0.100000 | Q: 238.125275 | won: True 
#   58 | steps: 16037 | steps_t: 2643490 | t: 188.840589 | r:   325.000000 | e:   0.100000 | Q: 209.305405 | won: False 
#   59 | steps: 16202 | steps_t: 2643654 | t: 192.367562 | r:   333.000000 | e:   0.100000 | Q: 211.532257 | won: False 
#   60 | steps: 16463 | steps_t: 2643914 | t: 197.872235 | r:   896.000000 | e:   0.100000 | Q: 213.142822 | won: True 
#   61 | steps: 16707 | steps_t: 2644157 | t: 202.943663 | r:   993.000000 | e:   0.100000 | Q: 229.398407 | won: True 
#   62 | steps: 16785 | steps_t: 2644234 | t: 204.546720 | r:    24.000000 | e:   0.100000 | Q: 224.359940 | won: False 
#   63 | steps: 16860 | steps_t: 2644308 | t: 206.074452 | r:   184.000000 | e:   0.100000 | Q: 236.352463 | won: False 
#   64 | steps: 16974 | steps_t: 2644421 | t: 208.426198 | r:   358.000000 | e:   0.100000 | Q: 236.872650 | won: False 
#   65 | steps: 17153 | steps_t: 2644599 | t: 212.095447 | r:  1029.000000 | e:   0.100000 | Q: 208.923813 | won: True 
#   66 | steps: 17313 | steps_t: 2644758 | t: 215.407000 | r:  1088.000000 | e:   0.100000 | Q: 226.502686 | won: True 
#   67 | steps: 17673 | steps_t: 2645117 | t: 222.904081 | r:   837.000000 | e:   0.100000 | Q: 207.933334 | won: True 
#   68 | steps: 17920 | steps_t: 2645363 | t: 228.059960 | r:  1001.000000 | e:   0.100000 | Q: 202.964661 | won: True 
#   69 | steps: 18053 | steps_t: 2645495 | t: 230.845052 | r:   332.000000 | e:   0.100000 | Q: 241.051071 | won: False 
#   70 | steps: 18358 | steps_t: 2645799 | t: 237.270218 | r:   281.000000 | e:   0.100000 | Q: 208.202423 | won: False 
#   71 | steps: 18609 | steps_t: 2646049 | t: 242.726258 | r:   957.000000 | e:   0.100000 | Q: 214.910950 | won: True 
#   72 | steps: 18964 | steps_t: 2646403 | t: 250.522393 | r:   180.000000 | e:   0.100000 | Q: 212.874649 | won: False 
#   73 | steps: 19219 | steps_t: 2646657 | t: 255.983970 | r:   953.000000 | e:   0.100000 | Q: 210.639435 | won: True 
#   74 | steps: 19504 | steps_t: 2646941 | t: 262.066010 | r:   312.000000 | e:   0.100000 | Q: 214.085388 | won: False 
#   75 | steps: 19669 | steps_t: 2647105 | t: 265.595076 | r:   344.000000 | e:   0.100000 | Q: 229.598190 | won: False 
#   76 | steps: 19879 | steps_t: 2647314 | t: 270.105254 | r:   987.000000 | e:   0.100000 | Q: 212.829895 | won: True 
#   77 | steps: 20127 | steps_t: 2647561 | t: 275.589025 | r:   378.000000 | e:   0.100000 | Q: 205.450317 | won: False 
#   78 | steps: 20429 | steps_t: 2647862 | t: 282.426733 | r:   935.000000 | e:   0.100000 | Q: 224.495773 | won: True 
#   79 | steps: 20637 | steps_t: 2648069 | t: 286.846367 | r:  1040.000000 | e:   0.100000 | Q: 212.779953 | won: True 
#   80 | steps: 20854 | steps_t: 2648285 | t: 291.398724 | r:  1020.000000 | e:   0.100000 | Q: 234.816238 | won: True 
#   81 | steps: 21078 | steps_t: 2648508 | t: 296.214638 | r:  1013.000000 | e:   0.100000 | Q: 222.873215 | won: True 
#   82 | steps: 21364 | steps_t: 2648793 | t: 302.260695 | r:   922.000000 | e:   0.100000 | Q: 222.950806 | won: True 
#   83 | steps: 21419 | steps_t: 2648847 | t: 303.395162 | r:   -41.000000 | e:   0.100000 | Q: 205.887222 | won: False 
#   84 | steps: 21613 | steps_t: 2649040 | t: 307.424377 | r:  1003.000000 | e:   0.100000 | Q: 219.100098 | won: True 
#   85 | steps: 21746 | steps_t: 2649172 | t: 310.196521 | r:   211.000000 | e:   0.100000 | Q: 206.761169 | won: False 
#   86 | steps: 21954 | steps_t: 2649379 | t: 314.468902 | r:   949.000000 | e:   0.100000 | Q: 205.179382 | won: True 
#   87 | steps: 22282 | steps_t: 2649706 | t: 321.359137 | r:   920.000000 | e:   0.100000 | Q: 220.811203 | won: True 
#   88 | steps: 22908 | steps_t: 2650331 | t: 334.497725 | r:   531.000000 | e:   0.100000 | Q: 192.098984 | won: True 
#   89 | steps: 23136 | steps_t: 2650558 | t: 339.270765 | r:   969.000000 | e:   0.100000 | Q: 214.746902 | won: True 
#   90 | steps: 23332 | steps_t: 2650753 | t: 343.361586 | r:  1001.000000 | e:   0.100000 | Q: 204.256775 | won: True 
#   91 | steps: 23493 | steps_t: 2650913 | t: 346.723278 | r:   198.000000 | e:   0.100000 | Q: 206.962219 | won: False 
#   92 | steps: 23723 | steps_t: 2651142 | t: 351.583075 | r:  1018.000000 | e:   0.100000 | Q: 240.178528 | won: True 
#   93 | steps: 23984 | steps_t: 2651402 | t: 357.004567 | r:   896.000000 | e:   0.100000 | Q: 208.917511 | won: True 
#   94 | steps: 24176 | steps_t: 2651593 | t: 361.027530 | r:  1005.000000 | e:   0.100000 | Q: 215.533340 | won: True 
#   95 | steps: 24424 | steps_t: 2651840 | t: 366.180202 | r:   989.000000 | e:   0.100000 | Q: 218.325577 | won: True 
#   96 | steps: 24688 | steps_t: 2652103 | t: 371.772047 | r:   944.000000 | e:   0.100000 | Q: 234.236755 | won: True 
#   97 | steps: 24756 | steps_t: 2652170 | t: 373.203300 | r:   -61.000000 | e:   0.100000 | Q: 222.035919 | won: False 
#   98 | steps: 24992 | steps_t: 2652405 | t: 378.177191 | r:   321.000000 | e:   0.100000 | Q: 205.755630 | won: False 
#   99 | steps: 25194 | steps_t: 2652606 | t: 382.384275 | r:  1035.000000 | e:   0.100000 | Q: 246.206528 | won: True 
#  100 | steps: 25424 | steps_t: 2652835 | t: 387.182445 | r:   938.000000 | e:   0.100000 | Q: 209.582321 | won: True 
#  101 | steps: 26178 | steps_t: 2653588 | t: 399.828466 | r:   454.000000 | e:   0.100000 | Q: 198.088638 | won: True 
