#    1 | steps:    93 | steps_t: 2632496 | t: 0.326080 | r:   207.000000 | e:   0.100000 | Q: 228.850128 | won: False 
#    2 | steps:   300 | steps_t: 2632496 | t: 1.069985 | r:   441.000000 | e:   0.100000 | Q: 233.650818 | won: False 
#    3 | steps:   501 | steps_t: 2632496 | t: 1.746045 | r:   967.000000 | e:   0.100000 | Q: 206.892227 | won: True 
#    4 | steps:   657 | steps_t: 2632496 | t: 2.292000 | r:  1041.000000 | e:   0.100000 | Q: 226.307190 | won: True 
#    5 | steps:   911 | steps_t: 2632496 | t: 3.312758 | r:   266.000000 | e:   0.100000 | Q: 212.172699 | won: False 
#    6 | steps:  1062 | steps_t: 2632496 | t: 3.810059 | r:  1017.000000 | e:   0.100000 | Q: 212.532837 | won: True 
#    7 | steps:  1327 | steps_t: 2632496 | t: 4.667738 | r:   383.000000 | e:   0.100000 | Q: 217.516815 | won: False 
#    8 | steps:  1464 | steps_t: 2632496 | t: 5.061123 | r:   222.000000 | e:   0.100000 | Q: 212.004898 | won: False 
#    9 | steps:  1611 | steps_t: 2632496 | t: 5.492247 | r:   446.000000 | e:   0.100000 | Q: 202.637863 | won: False 
#   10 | steps:  1781 | steps_t: 2632496 | t: 5.996032 | r:   365.000000 | e:   0.100000 | Q: 212.118210 | won: False 
#   11 | steps:  1909 | steps_t: 2632496 | t: 6.355298 | r:   216.000000 | e:   0.100000 | Q: 211.798630 | won: False 
#   12 | steps:  2082 | steps_t: 2632496 | t: 6.858703 | r:   409.000000 | e:   0.100000 | Q: 220.479065 | won: False 
#   13 | steps:  2192 | steps_t: 2632496 | t: 7.182837 | r:   212.000000 | e:   0.100000 | Q: 215.257782 | won: False 
#   14 | steps:  2233 | steps_t: 2632496 | t: 7.298864 | r:  -276.000000 | e:   0.100000 | Q: 202.623825 | won: False 
#   15 | steps:  2378 | steps_t: 2632496 | t: 7.702593 | r:   342.000000 | e:   0.100000 | Q: 241.300766 | won: False 
#   16 | steps:  2499 | steps_t: 2632496 | t: 8.040302 | r:   227.000000 | e:   0.100000 | Q: 215.266998 | won: False 
#   17 | steps:  2690 | steps_t: 2632496 | t: 8.595273 | r:   351.000000 | e:   0.100000 | Q: 217.526260 | won: False 
#   18 | steps:  2853 | steps_t: 2632496 | t: 9.092555 | r:   452.000000 | e:   0.100000 | Q: 223.435730 | won: False 
#   19 | steps:  2953 | steps_t: 2632496 | t: 9.392056 | r:   178.000000 | e:   0.100000 | Q: 212.128143 | won: False 
#   20 | steps:  3165 | steps_t: 2632496 | t: 10.175043 | r:   345.000000 | e:   0.100000 | Q: 206.892227 | won: False 
#   21 | steps:  3181 | steps_t: 2632496 | t: 10.221055 | r:  -350.000000 | e:   0.100000 | Q: 218.623642 | won: False 
#   22 | steps:  3299 | steps_t: 2632496 | t: 10.581478 | r:   347.000000 | e:   0.100000 | Q: 205.781174 | won: False 
#   23 | steps:  3429 | steps_t: 2632496 | t: 10.976465 | r:   324.000000 | e:   0.100000 | Q: 212.053131 | won: False 
#   24 | steps:  3490 | steps_t: 2632496 | t: 11.161972 | r:   -69.000000 | e:   0.100000 | Q: 216.115112 | won: False 
#   25 | steps:  3645 | steps_t: 2632496 | t: 11.641370 | r:   380.000000 | e:   0.100000 | Q: 212.118210 | won: False 
#   26 | steps:  3675 | steps_t: 2632496 | t: 11.721706 | r:  -331.000000 | e:   0.100000 | Q: 197.762878 | won: False 
#   27 | steps:  3860 | steps_t: 2632496 | t: 12.282762 | r:  1012.000000 | e:   0.100000 | Q: 217.112274 | won: True 
#   28 | steps:  4020 | steps_t: 2632496 | t: 12.776977 | r:   268.000000 | e:   0.100000 | Q: 222.372696 | won: False 
#   29 | steps:  4182 | steps_t: 2632496 | t: 13.251022 | r:   354.000000 | e:   0.100000 | Q: 230.807968 | won: False 
#   30 | steps:  4319 | steps_t: 2632496 | t: 13.664855 | r:   222.000000 | e:   0.100000 | Q: 212.532837 | won: False 
#   31 | steps:  4442 | steps_t: 2632496 | t: 14.006491 | r:   324.000000 | e:   0.100000 | Q: 225.821548 | won: False 
#   32 | steps:  4540 | steps_t: 2632496 | t: 14.290039 | r:   151.000000 | e:   0.100000 | Q: 211.798630 | won: False 
#   33 | steps:  4652 | steps_t: 2632496 | t: 14.448635 | r:   250.000000 | e:   0.100000 | Q: 215.266998 | won: False 
#   34 | steps:  4702 | steps_t: 2632496 | t: 14.529967 | r:   -69.000000 | e:   0.100000 | Q: 224.123077 | won: False 
#   35 | steps:  4761 | steps_t: 2632496 | t: 14.708646 | r:    21.000000 | e:   0.100000 | Q: 203.110428 | won: False 
#   36 | steps:  4949 | steps_t: 2632496 | t: 15.221604 | r:   354.000000 | e:   0.100000 | Q: 217.112274 | won: False 
#   37 | steps:  4988 | steps_t: 2632496 | t: 15.330439 | r:  -157.000000 | e:   0.100000 | Q: 236.288879 | won: False 
#   38 | steps:  5144 | steps_t: 2632639 | t: 18.964684 | r:   349.000000 | e:   0.100000 | Q: 214.373901 | won: False 
#   39 | steps:  5397 | steps_t: 2632891 | t: 25.382706 | r:   329.000000 | e:   0.100000 | Q: 203.978180 | won: False 
#   40 | steps:  5590 | steps_t: 2633083 | t: 30.251256 | r:   254.000000 | e:   0.100000 | Q: 208.527847 | won: False 
#   41 | steps:  5691 | steps_t: 2633183 | t: 32.755497 | r:   155.000000 | e:   0.100000 | Q: 230.343872 | won: False 
#   42 | steps:  5900 | steps_t: 2633391 | t: 37.871520 | r:   260.000000 | e:   0.100000 | Q: 220.250504 | won: False 
#   43 | steps:  6091 | steps_t: 2633581 | t: 42.443900 | r:   278.000000 | e:   0.100000 | Q: 221.481140 | won: False 
#   44 | steps:  6327 | steps_t: 2633816 | t: 47.901780 | r:   262.000000 | e:   0.100000 | Q: 206.614349 | won: False 
#   45 | steps:  6416 | steps_t: 2633904 | t: 49.937969 | r:   -16.000000 | e:   0.100000 | Q: 221.030182 | won: False 
#   46 | steps:  6519 | steps_t: 2634006 | t: 52.313754 | r:   -96.000000 | e:   0.100000 | Q: 222.714828 | won: False 
#   47 | steps:  6809 | steps_t: 2634295 | t: 58.920439 | r:   296.000000 | e:   0.100000 | Q: 216.482132 | won: False 
#   48 | steps:  7001 | steps_t: 2634486 | t: 63.207788 | r:   174.000000 | e:   0.100000 | Q: 288.841431 | won: False 
#   49 | steps:  7122 | steps_t: 2634606 | t: 65.893094 | r:   201.000000 | e:   0.100000 | Q: 221.746643 | won: False 
#   50 | steps:  7198 | steps_t: 2634681 | t: 67.555528 | r:     8.000000 | e:   0.100000 | Q: 205.059723 | won: False 
#   51 | steps:  7388 | steps_t: 2634870 | t: 71.754927 | r:   158.000000 | e:   0.100000 | Q: 232.515518 | won: False 
#   52 | steps:  7499 | steps_t: 2634980 | t: 74.200139 | r:   138.000000 | e:   0.100000 | Q: 200.074814 | won: False 
#   53 | steps:  7670 | steps_t: 2635150 | t: 77.994406 | r:   364.000000 | e:   0.100000 | Q: 232.798767 | won: False 
#   54 | steps:  7787 | steps_t: 2635266 | t: 81.088281 | r:    99.000000 | e:   0.100000 | Q: 212.317123 | won: False 
#   55 | steps:  7899 | steps_t: 2635377 | t: 83.763840 | r:   166.000000 | e:   0.100000 | Q: 210.226883 | won: False 
#   56 | steps:  8007 | steps_t: 2635484 | t: 86.205939 | r:   291.000000 | e:   0.100000 | Q: 238.035004 | won: False 
#   57 | steps:  8160 | steps_t: 2635636 | t: 89.724151 | r:   330.000000 | e:   0.100000 | Q: 219.625809 | won: False 
#   58 | steps:  8328 | steps_t: 2635803 | t: 93.364432 | r:   370.000000 | e:   0.100000 | Q: 209.127853 | won: False 
#   59 | steps:  8515 | steps_t: 2635989 | t: 97.392714 | r:   293.000000 | e:   0.100000 | Q: 207.514648 | won: False 
#   60 | steps:  8669 | steps_t: 2636142 | t: 100.709304 | r:   245.000000 | e:   0.100000 | Q: 215.386063 | won: False 
#   61 | steps:  8815 | steps_t: 2636287 | t: 103.841494 | r:   198.000000 | e:   0.100000 | Q: 241.947983 | won: False 
#   62 | steps:  9018 | steps_t: 2636489 | t: 108.206789 | r:   255.000000 | e:   0.100000 | Q: 229.078949 | won: False 
#   63 | steps:  9172 | steps_t: 2636642 | t: 111.537784 | r:   227.000000 | e:   0.100000 | Q: 237.670303 | won: False 
#   64 | steps:  9454 | steps_t: 2636923 | t: 117.543955 | r:   242.000000 | e:   0.100000 | Q: 242.597565 | won: False 
#   65 | steps:  9477 | steps_t: 2636945 | t: 118.012105 | r:  -346.000000 | e:   0.100000 | Q: 210.248383 | won: False 
#   66 | steps:  9582 | steps_t: 2637049 | t: 120.254258 | r:    85.000000 | e:   0.100000 | Q: 205.073502 | won: False 
#   67 | steps:  9613 | steps_t: 2637079 | t: 120.904562 | r:  -277.000000 | e:   0.100000 | Q: 233.203400 | won: False 
#   68 | steps:  9873 | steps_t: 2637338 | t: 126.481783 | r:    66.000000 | e:   0.100000 | Q: 229.808624 | won: False 
#   69 | steps:  9924 | steps_t: 2637388 | t: 127.576720 | r:   -81.000000 | e:   0.100000 | Q: 243.675003 | won: False 
#   70 | steps: 10179 | steps_t: 2637642 | t: 133.659627 | r:   342.000000 | e:   0.100000 | Q: 206.259949 | won: False 
#   71 | steps: 10224 | steps_t: 2637686 | t: 134.605366 | r:  -130.000000 | e:   0.100000 | Q: 216.173523 | won: False 
#   72 | steps: 10251 | steps_t: 2637712 | t: 135.165013 | r:  -251.000000 | e:   0.100000 | Q: 216.239807 | won: False 
#   73 | steps: 10541 | steps_t: 2638001 | t: 141.435470 | r:   296.000000 | e:   0.100000 | Q: 211.809006 | won: False 
#   74 | steps: 10683 | steps_t: 2638142 | t: 144.618327 | r:   279.000000 | e:   0.100000 | Q: 222.418900 | won: False 
#   75 | steps: 10715 | steps_t: 2638173 | t: 145.295931 | r:  -300.000000 | e:   0.100000 | Q: 211.263489 | won: False 
#   76 | steps: 10782 | steps_t: 2638239 | t: 146.748110 | r:   -53.000000 | e:   0.100000 | Q: 238.819458 | won: False 
#   77 | steps: 11054 | steps_t: 2638510 | t: 153.039867 | r:   314.000000 | e:   0.100000 | Q: 215.354065 | won: False 
#   78 | steps: 11187 | steps_t: 2638642 | t: 155.976844 | r:   266.000000 | e:   0.100000 | Q: 227.152878 | won: False 
#   79 | steps: 11345 | steps_t: 2638799 | t: 159.493694 | r:    58.000000 | e:   0.100000 | Q: 217.754990 | won: False 
#   80 | steps: 11428 | steps_t: 2638881 | t: 161.341256 | r:    34.000000 | e:   0.100000 | Q: 214.310211 | won: False 
#   81 | steps: 11581 | steps_t: 2639033 | t: 164.691664 | r:    30.000000 | e:   0.100000 | Q: 205.425552 | won: False 
#   82 | steps: 11644 | steps_t: 2639095 | t: 166.070718 | r:     6.000000 | e:   0.100000 | Q: 221.387115 | won: False 
#   83 | steps: 11809 | steps_t: 2639259 | t: 169.649125 | r:   296.000000 | e:   0.100000 | Q: 232.236160 | won: False 
#   84 | steps: 11912 | steps_t: 2639361 | t: 171.856316 | r:    43.000000 | e:   0.100000 | Q: 216.330841 | won: False 
#   85 | steps: 12089 | steps_t: 2639537 | t: 175.641526 | r:   288.000000 | e:   0.100000 | Q: 212.520370 | won: False 
#   86 | steps: 12207 | steps_t: 2639654 | t: 178.162600 | r:   -49.000000 | e:   0.100000 | Q: 218.674210 | won: False 
#   87 | steps: 12352 | steps_t: 2639798 | t: 181.229280 | r:   331.000000 | e:   0.100000 | Q: 213.193832 | won: False 
#   88 | steps: 12578 | steps_t: 2640023 | t: 186.052380 | r:   210.000000 | e:   0.100000 | Q: 208.066681 | won: False 
#   89 | steps: 12591 | steps_t: 2640035 | t: 186.309200 | r:  -380.000000 | e:   0.100000 | Q: 208.814865 | won: False 
#   90 | steps: 12774 | steps_t: 2640217 | t: 190.212016 | r:   443.000000 | e:   0.100000 | Q: 220.274216 | won: False 
#   91 | steps: 12941 | steps_t: 2640383 | t: 193.737268 | r:   320.000000 | e:   0.100000 | Q: 215.292221 | won: False 
#   92 | steps: 12987 | steps_t: 2640428 | t: 194.676671 | r:  -109.000000 | e:   0.100000 | Q: 220.871674 | won: False 
#   93 | steps: 13249 | steps_t: 2640689 | t: 200.152503 | r:   946.000000 | e:   0.100000 | Q: 204.029205 | won: True 
#   94 | steps: 13332 | steps_t: 2640771 | t: 201.878419 | r:  -274.000000 | e:   0.100000 | Q: 237.116241 | won: False 
#   95 | steps: 13721 | steps_t: 2641159 | t: 210.007313 | r:   768.000000 | e:   0.100000 | Q: 206.254349 | won: True 
#   96 | steps: 13820 | steps_t: 2641257 | t: 212.069907 | r:    51.000000 | e:   0.100000 | Q: 206.838852 | won: False 
#   97 | steps: 14085 | steps_t: 2641521 | t: 217.645526 | r:   171.000000 | e:   0.100000 | Q: 200.602539 | won: False 
#   98 | steps: 14215 | steps_t: 2641650 | t: 220.355925 | r:   181.000000 | e:   0.100000 | Q: 226.708694 | won: False 
#   99 | steps: 14377 | steps_t: 2641811 | t: 223.682799 | r:   373.000000 | e:   0.100000 | Q: 212.930542 | won: False 
#  100 | steps: 14560 | steps_t: 2641993 | t: 227.480161 | r:   348.000000 | e:   0.100000 | Q: 205.047958 | won: False 
#  101 | steps: 14674 | steps_t: 2642106 | t: 229.839897 | r:   296.000000 | e:   0.100000 | Q: 210.171783 | won: False 
