#    1 | steps:   205 | steps_t: 2632496 | t: 0.268475 | r:  1003.000000 | e:   0.100000 | Q: 206.561661 | won: True 
#    2 | steps:   449 | steps_t: 2632496 | t: 0.542240 | r:   342.000000 | e:   0.100000 | Q: 233.740082 | won: False 
#    3 | steps:   619 | steps_t: 2632496 | t: 0.741452 | r:  1038.000000 | e:   0.100000 | Q: 217.892075 | won: True 
#    4 | steps:   777 | steps_t: 2632496 | t: 0.979728 | r:  1050.000000 | e:   0.100000 | Q: 214.245819 | won: True 
#    5 | steps:   955 | steps_t: 2632496 | t: 1.271794 | r:  1081.000000 | e:   0.100000 | Q: 203.937759 | won: True 
#    6 | steps:  1193 | steps_t: 2632496 | t: 1.565860 | r:  1021.000000 | e:   0.100000 | Q: 208.618927 | won: True 
#    7 | steps:  1421 | steps_t: 2632496 | t: 1.851924 | r:   991.000000 | e:   0.100000 | Q: 216.771393 | won: True 
#    8 | steps:  1629 | steps_t: 2632496 | t: 2.097979 | r:  1040.000000 | e:   0.100000 | Q: 245.414001 | won: True 
#    9 | steps:  1788 | steps_t: 2632496 | t: 2.288898 | r:  1049.000000 | e:   0.100000 | Q: 218.553131 | won: True 
#   10 | steps:  1896 | steps_t: 2632496 | t: 2.411946 | r:   342.000000 | e:   0.100000 | Q: 239.623871 | won: False 
#   11 | steps:  2022 | steps_t: 2632496 | t: 2.588904 | r:   277.000000 | e:   0.100000 | Q: 202.773911 | won: False 
#   12 | steps:  2215 | steps_t: 2632496 | t: 2.799906 | r:  1004.000000 | e:   0.100000 | Q: 210.099762 | won: True 
#   13 | steps:  2485 | steps_t: 2632496 | t: 3.123497 | r:   938.000000 | e:   0.100000 | Q: 222.265335 | won: True 
#   14 | steps:  2753 | steps_t: 2632496 | t: 3.430016 | r:   929.000000 | e:   0.100000 | Q: 232.124817 | won: True 
#   15 | steps:  2941 | steps_t: 2632496 | t: 3.641065 | r:  1020.000000 | e:   0.100000 | Q: 226.973038 | won: True 
#   16 | steps:  3080 | steps_t: 2632496 | t: 3.878178 | r:   392.000000 | e:   0.100000 | Q: 233.968277 | won: False 
#   17 | steps:  3237 | steps_t: 2632496 | t: 4.059277 | r:  1040.000000 | e:   0.100000 | Q: 216.616776 | won: True 
#   18 | steps:  3418 | steps_t: 2632496 | t: 4.264345 | r:   987.000000 | e:   0.100000 | Q: 217.177094 | won: True 
#   19 | steps:  3621 | steps_t: 2632496 | t: 4.501480 | r:   394.000000 | e:   0.100000 | Q: 229.925613 | won: False 
#   20 | steps:  3817 | steps_t: 2632496 | t: 4.724585 | r:  1063.000000 | e:   0.100000 | Q: 205.212601 | won: True 
#   21 | steps:  4168 | steps_t: 2632496 | t: 5.114021 | r:   817.000000 | e:   0.100000 | Q: 206.121765 | won: True 
#   22 | steps:  5243 | steps_t: 2632738 | t: 10.516372 | r:   162.000000 | e:   0.100000 | Q: 219.127396 | won: True 
#   23 | steps:  5751 | steps_t: 2633245 | t: 19.801350 | r:   740.000000 | e:   0.100000 | Q: 264.659363 | won: True 
#   24 | steps:  5788 | steps_t: 2633281 | t: 20.452958 | r:  -122.000000 | e:   0.100000 | Q: 222.883301 | won: False 
#   25 | steps:  5999 | steps_t: 2633491 | t: 24.122566 | r:   946.000000 | e:   0.100000 | Q: 201.787415 | won: True 
#   26 | steps:  6043 | steps_t: 2633534 | t: 24.867212 | r:  -257.000000 | e:   0.100000 | Q: 210.470428 | won: False 
#   27 | steps:  6164 | steps_t: 2633654 | t: 26.901072 | r:   351.000000 | e:   0.100000 | Q: 232.484741 | won: False 
#   28 | steps:  6421 | steps_t: 2633910 | t: 31.359368 | r:   391.000000 | e:   0.100000 | Q: 214.838242 | won: False 
#   29 | steps:  6763 | steps_t: 2634251 | t: 37.142420 | r:   815.000000 | e:   0.100000 | Q: 224.602783 | won: True 
#   30 | steps:  6960 | steps_t: 2634447 | t: 40.443443 | r:   960.000000 | e:   0.100000 | Q: 207.306290 | won: True 
#   31 | steps:  7196 | steps_t: 2634682 | t: 44.339385 | r:  1034.000000 | e:   0.100000 | Q: 212.750092 | won: True 
#   32 | steps:  7444 | steps_t: 2634929 | t: 48.449619 | r:   960.000000 | e:   0.100000 | Q: 207.285172 | won: True 
#   33 | steps:  7654 | steps_t: 2635138 | t: 51.829623 | r:  1027.000000 | e:   0.100000 | Q: 233.504700 | won: True 
#   34 | steps:  8245 | steps_t: 2635728 | t: 61.553452 | r:   566.000000 | e:   0.100000 | Q: 212.119278 | won: True 
#   35 | steps:  8440 | steps_t: 2635922 | t: 64.673147 | r:   380.000000 | e:   0.100000 | Q: 218.711090 | won: False 
#   36 | steps:  8636 | steps_t: 2636117 | t: 67.761459 | r:  1001.000000 | e:   0.100000 | Q: 210.089691 | won: True 
#   37 | steps:  8937 | steps_t: 2636417 | t: 72.532383 | r:   263.000000 | e:   0.100000 | Q: 230.111130 | won: False 
#   38 | steps:  9296 | steps_t: 2636775 | t: 78.272984 | r:   849.000000 | e:   0.100000 | Q: 235.899170 | won: True 
#   39 | steps:  9562 | steps_t: 2637040 | t: 82.592015 | r:   942.000000 | e:   0.100000 | Q: 226.633850 | won: True 
#   40 | steps:  9772 | steps_t: 2637249 | t: 85.874092 | r:   998.000000 | e:   0.100000 | Q: 213.083252 | won: True 
#   41 | steps: 10252 | steps_t: 2637728 | t: 93.714423 | r:   117.000000 | e:   0.100000 | Q: 226.239670 | won: False 
#   42 | steps: 10708 | steps_t: 2638183 | t: 100.904979 | r:   763.000000 | e:   0.100000 | Q: 212.858765 | won: True 
#   43 | steps: 11069 | steps_t: 2638543 | t: 106.666400 | r:   858.000000 | e:   0.100000 | Q: 204.947845 | won: True 
#   44 | steps: 11221 | steps_t: 2638694 | t: 109.143353 | r:  1067.000000 | e:   0.100000 | Q: 203.687149 | won: True 
#   45 | steps: 11475 | steps_t: 2638947 | t: 113.409250 | r:   914.000000 | e:   0.100000 | Q: 217.776993 | won: True 
#   46 | steps: 11719 | steps_t: 2639190 | t: 117.347571 | r:  1015.000000 | e:   0.100000 | Q: 225.988739 | won: True 
#   47 | steps: 12078 | steps_t: 2639548 | t: 123.018883 | r:   838.000000 | e:   0.100000 | Q: 210.839966 | won: True 
#   48 | steps: 12353 | steps_t: 2639822 | t: 127.262810 | r:   933.000000 | e:   0.100000 | Q: 236.105560 | won: True 
#   49 | steps: 12622 | steps_t: 2640090 | t: 131.393587 | r:   888.000000 | e:   0.100000 | Q: 218.859406 | won: True 
#   50 | steps: 12903 | steps_t: 2640370 | t: 135.808207 | r:   265.000000 | e:   0.100000 | Q: 208.498764 | won: False 
#   51 | steps: 13670 | steps_t: 2641136 | t: 147.640641 | r:  -170.000000 | e:   0.100000 | Q: 223.234634 | won: False 
#   52 | steps: 14104 | steps_t: 2641569 | t: 154.261307 | r:   774.000000 | e:   0.100000 | Q: 213.983734 | won: True 
#   53 | steps: 14296 | steps_t: 2641760 | t: 157.183742 | r:  1016.000000 | e:   0.100000 | Q: 213.994110 | won: True 
#   54 | steps: 14485 | steps_t: 2641948 | t: 160.044990 | r:  1048.000000 | e:   0.100000 | Q: 227.350098 | won: True 
#   55 | steps: 14598 | steps_t: 2642060 | t: 161.744909 | r:   235.000000 | e:   0.100000 | Q: 223.867432 | won: False 
#   56 | steps: 15344 | steps_t: 2642805 | t: 173.275006 | r:   411.000000 | e:   0.100000 | Q: 202.694412 | won: True 
#   57 | steps: 15417 | steps_t: 2642877 | t: 174.397711 | r:   135.000000 | e:   0.100000 | Q: 218.653580 | won: False 
#   58 | steps: 15799 | steps_t: 2643258 | t: 180.276571 | r:   826.000000 | e:   0.100000 | Q: 242.969193 | won: True 
#   59 | steps: 16207 | steps_t: 2643665 | t: 186.529660 | r:   149.000000 | e:   0.100000 | Q: 199.451065 | won: False 
#   60 | steps: 16653 | steps_t: 2644110 | t: 193.369347 | r:   802.000000 | e:   0.100000 | Q: 214.454849 | won: True 
#   61 | steps: 16868 | steps_t: 2644324 | t: 196.654257 | r:  1044.000000 | e:   0.100000 | Q: 207.357086 | won: True 
#   62 | steps: 17314 | steps_t: 2644769 | t: 203.483881 | r:   711.000000 | e:   0.100000 | Q: 216.053589 | won: True 
#   63 | steps: 17522 | steps_t: 2644976 | t: 206.670678 | r:   989.000000 | e:   0.100000 | Q: 220.565704 | won: True 
#   64 | steps: 17667 | steps_t: 2645120 | t: 208.895966 | r:   371.000000 | e:   0.100000 | Q: 211.274017 | won: False 
#   65 | steps: 18030 | steps_t: 2645482 | t: 214.701852 | r:   794.000000 | e:   0.100000 | Q: 230.809097 | won: True 
#   66 | steps: 18225 | steps_t: 2645676 | t: 217.767828 | r:  1002.000000 | e:   0.100000 | Q: 213.405869 | won: True 
#   67 | steps: 18263 | steps_t: 2645713 | t: 218.347603 | r:  -156.000000 | e:   0.100000 | Q: 222.272995 | won: False 
#   68 | steps: 18470 | steps_t: 2645919 | t: 221.545128 | r:  1001.000000 | e:   0.100000 | Q: 203.365997 | won: True 
#   69 | steps: 18776 | steps_t: 2646224 | t: 226.347029 | r:   942.000000 | e:   0.100000 | Q: 225.238174 | won: True 
#   70 | steps: 19047 | steps_t: 2646494 | t: 230.533272 | r:   886.000000 | e:   0.100000 | Q: 205.087677 | won: True 
#   71 | steps: 19299 | steps_t: 2646745 | t: 234.391708 | r:   396.000000 | e:   0.100000 | Q: 230.306824 | won: False 
#   72 | steps: 19783 | steps_t: 2647228 | t: 241.836161 | r:   113.000000 | e:   0.100000 | Q: 215.281281 | won: False 
#   73 | steps: 19959 | steps_t: 2647403 | t: 244.556764 | r:  1021.000000 | e:   0.100000 | Q: 206.285721 | won: True 
#   74 | steps: 20164 | steps_t: 2647607 | t: 247.933945 | r:   963.000000 | e:   0.100000 | Q: 205.236511 | won: True 
#   75 | steps: 20514 | steps_t: 2647956 | t: 253.471287 | r:   898.000000 | e:   0.100000 | Q: 215.808533 | won: True 
#   76 | steps: 20690 | steps_t: 2648131 | t: 256.165672 | r:  1032.000000 | e:   0.100000 | Q: 218.102692 | won: True 
#   77 | steps: 20985 | steps_t: 2648425 | t: 260.693746 | r:   913.000000 | e:   0.100000 | Q: 208.958847 | won: True 
#   78 | steps: 21153 | steps_t: 2648592 | t: 263.271024 | r:   989.000000 | e:   0.100000 | Q: 207.159119 | won: True 
#   79 | steps: 21970 | steps_t: 2649408 | t: 275.754558 | r:   391.000000 | e:   0.100000 | Q: 211.859833 | won: True 
#   80 | steps: 22152 | steps_t: 2649589 | t: 278.530878 | r:  1055.000000 | e:   0.100000 | Q: 229.441803 | won: True 
#   81 | steps: 22362 | steps_t: 2649798 | t: 281.739496 | r:   998.000000 | e:   0.100000 | Q: 203.911758 | won: True 
#   82 | steps: 22817 | steps_t: 2650252 | t: 288.814716 | r:   793.000000 | e:   0.100000 | Q: 225.865692 | won: True 
#   83 | steps: 23048 | steps_t: 2650482 | t: 292.356595 | r:   937.000000 | e:   0.100000 | Q: 205.918655 | won: True 
#   84 | steps: 23250 | steps_t: 2650683 | t: 295.457138 | r:   995.000000 | e:   0.100000 | Q: 222.539642 | won: True 
#   85 | steps: 23651 | steps_t: 2651083 | t: 301.626613 | r:   807.000000 | e:   0.100000 | Q: 229.568481 | won: True 
#   86 | steps: 23809 | steps_t: 2651240 | t: 304.039212 | r:  1090.000000 | e:   0.100000 | Q: 199.557297 | won: True 
#   87 | steps: 24003 | steps_t: 2651433 | t: 307.088793 | r:  1003.000000 | e:   0.100000 | Q: 220.225815 | won: True 
#   88 | steps: 24201 | steps_t: 2651630 | t: 310.304339 | r:   970.000000 | e:   0.100000 | Q: 208.508865 | won: True 
#   89 | steps: 24282 | steps_t: 2651710 | t: 311.579127 | r:    69.000000 | e:   0.100000 | Q: 206.705246 | won: False 
#   90 | steps: 24937 | steps_t: 2652364 | t: 321.992904 | r:   593.000000 | e:   0.100000 | Q: 211.541153 | won: True 
#   91 | steps: 25566 | steps_t: 2652992 | t: 331.685072 | r:  -109.000000 | e:   0.100000 | Q: 226.563293 | won: False 
#   92 | steps: 25853 | steps_t: 2653278 | t: 336.030469 | r:   910.000000 | e:   0.100000 | Q: 203.700089 | won: True 
#   93 | steps: 26249 | steps_t: 2653673 | t: 342.224240 | r:   241.000000 | e:   0.100000 | Q: 235.031387 | won: False 
#   94 | steps: 26286 | steps_t: 2653709 | t: 343.050268 | r:  -133.000000 | e:   0.100000 | Q: 225.959106 | won: False 
#   95 | steps: 26645 | steps_t: 2654067 | t: 348.750726 | r:   849.000000 | e:   0.100000 | Q: 199.748459 | won: True 
#   96 | steps: 26852 | steps_t: 2654273 | t: 352.043160 | r:   990.000000 | e:   0.100000 | Q: 211.642197 | won: True 
#   97 | steps: 26908 | steps_t: 2654328 | t: 352.920568 | r:    -9.000000 | e:   0.100000 | Q: 226.390442 | won: False 
#   98 | steps: 27167 | steps_t: 2654586 | t: 356.987399 | r:   978.000000 | e:   0.100000 | Q: 214.103287 | won: True 
#   99 | steps: 27343 | steps_t: 2654761 | t: 359.736252 | r:   223.000000 | e:   0.100000 | Q: 244.413544 | won: False 
#  100 | steps: 27444 | steps_t: 2654861 | t: 361.351004 | r:   331.000000 | e:   0.100000 | Q: 202.962585 | won: False 
#  101 | steps: 27618 | steps_t: 2655034 | t: 364.044619 | r:  1034.000000 | e:   0.100000 | Q: 206.943817 | won: True 
