#    1 | steps:   241 | steps_t: 2632496 | t: 0.374094 | r:  1018.000000 | e:   0.100000 | Q: 221.381760 | won: True 
#    2 | steps:   357 | steps_t: 2632496 | t: 0.543263 | r:   195.000000 | e:   0.100000 | Q: 237.947464 | won: False 
#    3 | steps:   598 | steps_t: 2632496 | t: 0.880978 | r:   956.000000 | e:   0.100000 | Q: 236.483551 | won: True 
#    4 | steps:   758 | steps_t: 2632496 | t: 1.214037 | r:   440.000000 | e:   0.100000 | Q: 230.586594 | won: False 
#    5 | steps:   943 | steps_t: 2632496 | t: 1.481213 | r:  1052.000000 | e:   0.100000 | Q: 238.348267 | won: True 
#    6 | steps:  1124 | steps_t: 2632496 | t: 1.746258 | r:   419.000000 | e:   0.100000 | Q: 218.942841 | won: False 
#    7 | steps:  1348 | steps_t: 2632496 | t: 2.071290 | r:  1115.000000 | e:   0.100000 | Q: 227.971512 | won: True 
#    8 | steps:  2406 | steps_t: 2632496 | t: 3.650702 | r:  -341.000000 | e:   0.100000 | Q: 229.387238 | won: False 
#    9 | steps:  2856 | steps_t: 2632496 | t: 4.291910 | r:   827.000000 | e:   0.100000 | Q: 234.755127 | won: True 
#   10 | steps:  2965 | steps_t: 2632496 | t: 4.451004 | r:   246.000000 | e:   0.100000 | Q: 240.119202 | won: False 
#   11 | steps:  3230 | steps_t: 2632496 | t: 4.828082 | r:   372.000000 | e:   0.100000 | Q: 231.348053 | won: False 
#   12 | steps:  3363 | steps_t: 2632496 | t: 5.019105 | r:   284.000000 | e:   0.100000 | Q: 247.385941 | won: False 
#   13 | steps:  3619 | steps_t: 2632496 | t: 5.476228 | r:  1032.000000 | e:   0.100000 | Q: 243.467789 | won: True 
#   14 | steps:  3913 | steps_t: 2632496 | t: 5.895364 | r:   965.000000 | e:   0.100000 | Q: 233.884308 | won: True 
#   15 | steps:  4306 | steps_t: 2632496 | t: 6.454513 | r:   815.000000 | e:   0.100000 | Q: 237.594238 | won: True 
#   16 | steps:  4560 | steps_t: 2632496 | t: 6.815675 | r:   943.000000 | e:   0.100000 | Q: 234.748856 | won: True 
#   17 | steps:  5128 | steps_t: 2632623 | t: 9.835187 | r:   651.000000 | e:   0.100000 | Q: 221.813538 | won: True 
#   18 | steps:  5518 | steps_t: 2633012 | t: 17.308708 | r:   185.000000 | e:   0.100000 | Q: 238.701767 | won: False 
#   19 | steps:  6248 | steps_t: 2633741 | t: 30.397035 | r:   -82.000000 | e:   0.100000 | Q: 244.074936 | won: False 
#   20 | steps:  6509 | steps_t: 2634001 | t: 35.077473 | r:   336.000000 | e:   0.100000 | Q: 232.571243 | won: False 
#   21 | steps:  6736 | steps_t: 2634227 | t: 39.153678 | r:  1083.000000 | e:   0.100000 | Q: 218.137375 | won: True 
#   22 | steps:  6883 | steps_t: 2634373 | t: 41.750624 | r:   347.000000 | e:   0.100000 | Q: 243.872330 | won: False 
#   23 | steps:  7229 | steps_t: 2634718 | t: 47.851957 | r:   331.000000 | e:   0.100000 | Q: 228.985428 | won: False 
#   24 | steps:  7437 | steps_t: 2634925 | t: 51.472749 | r:   378.000000 | e:   0.100000 | Q: 226.050491 | won: False 
#   25 | steps:  7618 | steps_t: 2635105 | t: 54.708211 | r:   474.000000 | e:   0.100000 | Q: 246.959579 | won: False 
#   26 | steps:  7987 | steps_t: 2635473 | t: 61.128997 | r:   180.000000 | e:   0.100000 | Q: 256.910065 | won: False 
#   27 | steps:  8184 | steps_t: 2635669 | t: 64.547651 | r:   261.000000 | e:   0.100000 | Q: 207.892227 | won: False 
#   28 | steps:  8355 | steps_t: 2635839 | t: 67.520027 | r:   425.000000 | e:   0.100000 | Q: 247.215332 | won: False 
#   29 | steps:  8753 | steps_t: 2636236 | t: 74.309605 | r:   199.000000 | e:   0.100000 | Q: 239.889175 | won: False 
#   30 | steps:  8800 | steps_t: 2636282 | t: 75.104749 | r:  -154.000000 | e:   0.100000 | Q: 230.822693 | won: False 
#   31 | steps:  8964 | steps_t: 2636445 | t: 77.853322 | r:   -51.000000 | e:   0.100000 | Q: 198.415527 | won: False 
#   32 | steps:  9161 | steps_t: 2636641 | t: 81.169404 | r:   297.000000 | e:   0.100000 | Q: 230.781158 | won: False 
#   33 | steps:  9471 | steps_t: 2636950 | t: 86.251123 | r:   327.000000 | e:   0.100000 | Q: 253.773422 | won: False 
#   34 | steps:  9758 | steps_t: 2637236 | t: 90.937517 | r:   921.000000 | e:   0.100000 | Q: 225.308731 | won: True 
#   35 | steps: 10104 | steps_t: 2637581 | t: 96.973278 | r:   240.000000 | e:   0.100000 | Q: 211.831146 | won: False 
#   36 | steps: 10425 | steps_t: 2637901 | t: 102.252259 | r:   159.000000 | e:   0.100000 | Q: 203.302673 | won: False 
#   37 | steps: 10669 | steps_t: 2638144 | t: 106.349217 | r:  1044.000000 | e:   0.100000 | Q: 224.074142 | won: True 
#   38 | steps: 10866 | steps_t: 2638340 | t: 109.628884 | r:   322.000000 | e:   0.100000 | Q: 239.687561 | won: False 
#   39 | steps: 11094 | steps_t: 2638567 | t: 113.646810 | r:   306.000000 | e:   0.100000 | Q: 219.164795 | won: False 
#   40 | steps: 11499 | steps_t: 2638971 | t: 120.509002 | r:   294.000000 | e:   0.100000 | Q: 241.964737 | won: False 
#   41 | steps: 12087 | steps_t: 2639558 | t: 130.277359 | r:    89.000000 | e:   0.100000 | Q: 224.715012 | won: False 
#   42 | steps: 12283 | steps_t: 2639753 | t: 133.398235 | r:   335.000000 | e:   0.100000 | Q: 222.226852 | won: False 
#   43 | steps: 12470 | steps_t: 2639939 | t: 136.370827 | r:   362.000000 | e:   0.100000 | Q: 221.594330 | won: False 
#   44 | steps: 12725 | steps_t: 2640193 | t: 140.466525 | r:   389.000000 | e:   0.100000 | Q: 241.739853 | won: False 
#   45 | steps: 12861 | steps_t: 2640328 | t: 142.681929 | r:   237.000000 | e:   0.100000 | Q: 245.003464 | won: False 
#   46 | steps: 12990 | steps_t: 2640456 | t: 144.744205 | r:   303.000000 | e:   0.100000 | Q: 249.424408 | won: False 
#   47 | steps: 13285 | steps_t: 2640750 | t: 149.526193 | r:   291.000000 | e:   0.100000 | Q: 234.977631 | won: False 
#   48 | steps: 13325 | steps_t: 2640789 | t: 150.130521 | r:  -213.000000 | e:   0.100000 | Q: 241.716385 | won: False 
#   49 | steps: 13616 | steps_t: 2641079 | t: 154.643546 | r:  1019.000000 | e:   0.100000 | Q: 242.073868 | won: True 
#   50 | steps: 13934 | steps_t: 2641396 | t: 159.588004 | r:   941.000000 | e:   0.100000 | Q: 229.554642 | won: True 
#   51 | steps: 14115 | steps_t: 2641576 | t: 162.416903 | r:   335.000000 | e:   0.100000 | Q: 233.395538 | won: False 
#   52 | steps: 14592 | steps_t: 2642052 | t: 170.022320 | r:   120.000000 | e:   0.100000 | Q: 206.242157 | won: False 
#   53 | steps: 14736 | steps_t: 2642195 | t: 172.320471 | r:   240.000000 | e:   0.100000 | Q: 216.050308 | won: False 
#   54 | steps: 14893 | steps_t: 2642351 | t: 174.841742 | r:   388.000000 | e:   0.100000 | Q: 237.051865 | won: False 
#   55 | steps: 14978 | steps_t: 2642435 | t: 176.204449 | r:   127.000000 | e:   0.100000 | Q: 225.948090 | won: False 
#   56 | steps: 15461 | steps_t: 2642917 | t: 183.946034 | r:   103.000000 | e:   0.100000 | Q: 233.028580 | won: False 
#   57 | steps: 15566 | steps_t: 2643021 | t: 185.649094 | r:   363.000000 | e:   0.100000 | Q: 257.759064 | won: False 
#   58 | steps: 15783 | steps_t: 2643237 | t: 189.065137 | r:  1071.000000 | e:   0.100000 | Q: 243.456284 | won: True 
#   59 | steps: 16294 | steps_t: 2643747 | t: 197.245043 | r:   737.000000 | e:   0.100000 | Q: 226.455292 | won: True 
#   60 | steps: 16405 | steps_t: 2643857 | t: 198.997529 | r:   280.000000 | e:   0.100000 | Q: 255.408066 | won: False 
#   61 | steps: 16518 | steps_t: 2643969 | t: 200.820240 | r:   220.000000 | e:   0.100000 | Q: 241.030518 | won: False 
#   62 | steps: 16662 | steps_t: 2644112 | t: 203.057842 | r:   244.000000 | e:   0.100000 | Q: 235.076691 | won: False 
#   63 | steps: 17073 | steps_t: 2644522 | t: 209.860026 | r:   837.000000 | e:   0.100000 | Q: 245.028122 | won: True 
#   64 | steps: 17346 | steps_t: 2644794 | t: 214.348149 | r:   935.000000 | e:   0.100000 | Q: 231.286163 | won: True 
#   65 | steps: 17778 | steps_t: 2645225 | t: 221.419526 | r:   234.000000 | e:   0.100000 | Q: 266.318848 | won: False 
#   66 | steps: 17959 | steps_t: 2645405 | t: 224.285024 | r:   368.000000 | e:   0.100000 | Q: 237.353470 | won: False 
#   67 | steps: 18621 | steps_t: 2646066 | t: 234.867393 | r:  -105.000000 | e:   0.100000 | Q: 231.102661 | won: False 
#   68 | steps: 18885 | steps_t: 2646329 | t: 239.064265 | r:   944.000000 | e:   0.100000 | Q: 243.909195 | won: True 
#   69 | steps: 19014 | steps_t: 2646457 | t: 241.122484 | r:   303.000000 | e:   0.100000 | Q: 227.750244 | won: False 
#   70 | steps: 19051 | steps_t: 2646493 | t: 241.703790 | r:  -115.000000 | e:   0.100000 | Q: 230.755188 | won: False 
#   71 | steps: 19102 | steps_t: 2646543 | t: 242.498955 | r:  -125.000000 | e:   0.100000 | Q: 224.658569 | won: False 
#   72 | steps: 19166 | steps_t: 2646606 | t: 243.496151 | r:   -87.000000 | e:   0.100000 | Q: 247.333939 | won: False 
#   73 | steps: 19533 | steps_t: 2646972 | t: 249.280936 | r:   790.000000 | e:   0.100000 | Q: 215.359070 | won: True 
#   74 | steps: 19740 | steps_t: 2647178 | t: 252.576863 | r:   240.000000 | e:   0.100000 | Q: 231.386124 | won: False 
#   75 | steps: 19859 | steps_t: 2647296 | t: 254.458236 | r:   334.000000 | e:   0.100000 | Q: 233.767929 | won: False 
#   76 | steps: 19937 | steps_t: 2647373 | t: 255.688857 | r:   -16.000000 | e:   0.100000 | Q: 211.017349 | won: False 
#   77 | steps: 20005 | steps_t: 2647440 | t: 256.928020 | r:    41.000000 | e:   0.100000 | Q: 232.387009 | won: False 
#   78 | steps: 20277 | steps_t: 2647711 | t: 261.249963 | r:   965.000000 | e:   0.100000 | Q: 240.045212 | won: True 
#   79 | steps: 20831 | steps_t: 2648264 | t: 269.856034 | r:    21.000000 | e:   0.100000 | Q: 226.627823 | won: False 
#   80 | steps: 20960 | steps_t: 2648392 | t: 271.854976 | r:   277.000000 | e:   0.100000 | Q: 216.141861 | won: False 
#   81 | steps: 21012 | steps_t: 2648443 | t: 272.649207 | r:  -170.000000 | e:   0.100000 | Q: 232.477982 | won: False 
#   82 | steps: 21066 | steps_t: 2648496 | t: 273.475866 | r:  -161.000000 | e:   0.100000 | Q: 231.239639 | won: False 
#   83 | steps: 21334 | steps_t: 2648763 | t: 277.630541 | r:   969.000000 | e:   0.100000 | Q: 226.739609 | won: True 
#   84 | steps: 21678 | steps_t: 2649106 | t: 282.977480 | r:   893.000000 | e:   0.100000 | Q: 232.823959 | won: True 
#   85 | steps: 21853 | steps_t: 2649280 | t: 285.974387 | r:   271.000000 | e:   0.100000 | Q: 237.488312 | won: False 
#   86 | steps: 22020 | steps_t: 2649446 | t: 288.566256 | r:   272.000000 | e:   0.100000 | Q: 232.006836 | won: False 
#   87 | steps: 23311 | steps_t: 2650736 | t: 308.721360 | r:  -654.000000 | e:   0.100000 | Q: 240.409515 | won: False 
#   88 | steps: 23526 | steps_t: 2650950 | t: 312.055701 | r:   429.000000 | e:   0.100000 | Q: 238.186249 | won: False 
#   89 | steps: 23731 | steps_t: 2651154 | t: 315.252677 | r:   366.000000 | e:   0.100000 | Q: 228.170242 | won: False 
#   90 | steps: 23881 | steps_t: 2651303 | t: 317.569182 | r:   388.000000 | e:   0.100000 | Q: 218.730011 | won: False 
#   91 | steps: 24108 | steps_t: 2651529 | t: 321.101549 | r:   278.000000 | e:   0.100000 | Q: 223.001862 | won: False 
#   92 | steps: 24139 | steps_t: 2651559 | t: 321.574860 | r:  -182.000000 | e:   0.100000 | Q: 239.428925 | won: False 
#   93 | steps: 24586 | steps_t: 2652005 | t: 328.546460 | r:   852.000000 | e:   0.100000 | Q: 235.816116 | won: True 
#   94 | steps: 24711 | steps_t: 2652129 | t: 330.478410 | r:   259.000000 | e:   0.100000 | Q: 229.684967 | won: False 
#   95 | steps: 25346 | steps_t: 2652763 | t: 340.403028 | r:     2.000000 | e:   0.100000 | Q: 242.909225 | won: False 
#   96 | steps: 25696 | steps_t: 2653112 | t: 345.892802 | r:   298.000000 | e:   0.100000 | Q: 230.448242 | won: False 
#   97 | steps: 26075 | steps_t: 2653490 | t: 351.830151 | r:   869.000000 | e:   0.100000 | Q: 213.841873 | won: True 
#   98 | steps: 26421 | steps_t: 2653835 | t: 357.259960 | r:   902.000000 | e:   0.100000 | Q: 231.936279 | won: True 
#   99 | steps: 26673 | steps_t: 2654086 | t: 361.199330 | r:   396.000000 | e:   0.100000 | Q: 230.014282 | won: False 
#  100 | steps: 27385 | steps_t: 2654797 | t: 372.404402 | r:   485.000000 | e:   0.100000 | Q: 250.042145 | won: True 
#  101 | steps: 27618 | steps_t: 2655029 | t: 376.077062 | r:   411.000000 | e:   0.100000 | Q: 228.144211 | won: False 
