#    1 | steps:     8 | steps_t:     0 | t: 0.004001 | r:  -507.000000 | e:   1.000000 | Q:        nan | won: False 
#    2 | steps:    22 | steps_t:     0 | t: 0.008002 | r:  -513.000000 | e:   1.000000 | Q:        nan | won: False 
#    3 | steps:    28 | steps_t:     0 | t: 0.010002 | r:  -505.000000 | e:   1.000000 | Q:        nan | won: False 
#    4 | steps:    36 | steps_t:     0 | t: 0.012003 | r:  -507.000000 | e:   1.000000 | Q:        nan | won: False 
#    5 | steps:    42 | steps_t:     0 | t: 0.014004 | r:  -505.000000 | e:   1.000000 | Q:        nan | won: False 
#    6 | steps:    49 | steps_t:     0 | t: 0.017407 | r:  -506.000000 | e:   1.000000 | Q:        nan | won: False 
#    7 | steps:    59 | steps_t:     0 | t: 0.019407 | r:  -509.000000 | e:   1.000000 | Q:        nan | won: False 
#    8 | steps:    68 | steps_t:     0 | t: 0.021407 | r:  -508.000000 | e:   1.000000 | Q:        nan | won: False 
#    9 | steps:    82 | steps_t:     0 | t: 0.025408 | r:  -513.000000 | e:   1.000000 | Q:        nan | won: False 
#   10 | steps:    91 | steps_t:     0 | t: 0.029409 | r:  -508.000000 | e:   1.000000 | Q:        nan | won: False 
#   11 | steps:   102 | steps_t:     0 | t: 0.031410 | r:  -510.000000 | e:   1.000000 | Q:        nan | won: False 
#   12 | steps:   107 | steps_t:     0 | t: 0.033411 | r:  -504.000000 | e:   1.000000 | Q:        nan | won: False 
#   13 | steps:   117 | steps_t:     0 | t: 0.035411 | r:  -509.000000 | e:   1.000000 | Q:        nan | won: False 
#   14 | steps:   127 | steps_t:     0 | t: 0.039412 | r:  -509.000000 | e:   1.000000 | Q:        nan | won: False 
#   15 | steps:   141 | steps_t:     0 | t: 0.042754 | r:  -513.000000 | e:   1.000000 | Q:        nan | won: False 
#   16 | steps:   146 | steps_t:     0 | t: 0.044755 | r:  -504.000000 | e:   1.000000 | Q:        nan | won: False 
#   17 | steps:   152 | steps_t:     0 | t: 0.046755 | r:  -505.000000 | e:   1.000000 | Q:        nan | won: False 
#   18 | steps:   167 | steps_t:     0 | t: 0.050756 | r:  -514.000000 | e:   1.000000 | Q:        nan | won: False 
#   19 | steps:   177 | steps_t:     0 | t: 0.054757 | r:  -509.000000 | e:   1.000000 | Q:        nan | won: False 
#   20 | steps:   187 | steps_t:     0 | t: 0.056757 | r:  -509.000000 | e:   1.000000 | Q:        nan | won: False 
#   21 | steps:   199 | steps_t:     0 | t: 0.060759 | r:  -511.000000 | e:   1.000000 | Q:        nan | won: False 
#   22 | steps:   207 | steps_t:     0 | t: 0.062759 | r:  -507.000000 | e:   1.000000 | Q:        nan | won: False 
#   23 | steps:   214 | steps_t:     0 | t: 0.064759 | r:  -506.000000 | e:   1.000000 | Q:        nan | won: False 
#   24 | steps:   219 | steps_t:     0 | t: 0.066760 | r:  -504.000000 | e:   1.000000 | Q:        nan | won: False 
#   25 | steps:   232 | steps_t:     0 | t: 0.070761 | r:  -512.000000 | e:   1.000000 | Q:        nan | won: False 
#   26 | steps:   238 | steps_t:     0 | t: 0.072762 | r:  -505.000000 | e:   1.000000 | Q:        nan | won: False 
#   27 | steps:   249 | steps_t:     0 | t: 0.074763 | r:  -510.000000 | e:   1.000000 | Q:        nan | won: False 
#   28 | steps:   258 | steps_t:     0 | t: 0.078763 | r:  -508.000000 | e:   1.000000 | Q:        nan | won: False 
#   29 | steps:   274 | steps_t:     0 | t: 0.082764 | r:  -515.000000 | e:   1.000000 | Q:        nan | won: False 
#   30 | steps:   281 | steps_t:     0 | t: 0.084764 | r:  -506.000000 | e:   1.000000 | Q:        nan | won: False 
#   31 | steps:   287 | steps_t:     0 | t: 0.086765 | r:  -505.000000 | e:   1.000000 | Q:        nan | won: False 
#   32 | steps:   294 | steps_t:     0 | t: 0.088765 | r:  -506.000000 | e:   1.000000 | Q:        nan | won: False 
#   33 | steps:   301 | steps_t:     0 | t: 0.090766 | r:  -506.000000 | e:   1.000000 | Q:        nan | won: False 
#   34 | steps:   308 | steps_t:     0 | t: 0.092767 | r:  -506.000000 | e:   1.000000 | Q:        nan | won: False 
#   35 | steps:   316 | steps_t:     0 | t: 0.094767 | r:  -507.000000 | e:   1.000000 | Q:        nan | won: False 
#   36 | steps:   325 | steps_t:     0 | t: 0.098768 | r:  -508.000000 | e:   1.000000 | Q:        nan | won: False 
#   37 | steps:   332 | steps_t:     0 | t: 0.100769 | r:  -506.000000 | e:   1.000000 | Q:        nan | won: False 
#   38 | steps:   348 | steps_t:     0 | t: 0.104769 | r:  -515.000000 | e:   1.000000 | Q:        nan | won: False 
#   39 | steps:   360 | steps_t:     0 | t: 0.108770 | r:  -511.000000 | e:   1.000000 | Q:        nan | won: False 
#   40 | steps:   374 | steps_t:     0 | t: 0.112771 | r:  -513.000000 | e:   1.000000 | Q:        nan | won: False 
#   41 | steps:   388 | steps_t:     0 | t: 0.116773 | r:  -513.000000 | e:   1.000000 | Q:        nan | won: False 
#   42 | steps:   393 | steps_t:     0 | t: 0.118773 | r:  -504.000000 | e:   1.000000 | Q:        nan | won: False 
#   43 | steps:   401 | steps_t:     0 | t: 0.120774 | r:  -507.000000 | e:   1.000000 | Q:        nan | won: False 
#   44 | steps:   413 | steps_t:     0 | t: 0.124774 | r:  -511.000000 | e:   1.000000 | Q:        nan | won: False 
#   45 | steps:   421 | steps_t:     0 | t: 0.126775 | r:  -507.000000 | e:   1.000000 | Q:        nan | won: False 
#   46 | steps:   430 | steps_t:     0 | t: 0.128775 | r:  -508.000000 | e:   1.000000 | Q:        nan | won: False 
#   47 | steps:   442 | steps_t:     0 | t: 0.132776 | r:  -511.000000 | e:   1.000000 | Q:        nan | won: False 
#   48 | steps:   457 | steps_t:     0 | t: 0.136777 | r:  -503.000000 | e:   1.000000 | Q:        nan | won: False 
#   49 | steps:   462 | steps_t:     0 | t: 0.138778 | r:  -504.000000 | e:   1.000000 | Q:        nan | won: False 
#   50 | steps:   468 | steps_t:     0 | t: 0.140779 | r:  -505.000000 | e:   1.000000 | Q:        nan | won: False 
#   51 | steps:   476 | steps_t:     0 | t: 0.142779 | r:  -507.000000 | e:   1.000000 | Q:        nan | won: False 
#   52 | steps:   488 | steps_t:     0 | t: 0.146780 | r:  -511.000000 | e:   1.000000 | Q:        nan | won: False 
#   53 | steps:   497 | steps_t:     0 | t: 0.148781 | r:  -508.000000 | e:   1.000000 | Q:        nan | won: False 
#   54 | steps:   504 | steps_t:     0 | t: 0.150781 | r:  -506.000000 | e:   1.000000 | Q:        nan | won: False 
#   55 | steps:   514 | steps_t:     0 | t: 0.154782 | r:  -509.000000 | e:   1.000000 | Q:        nan | won: False 
#   56 | steps:   523 | steps_t:     0 | t: 0.156782 | r:  -508.000000 | e:   1.000000 | Q:        nan | won: False 
#   57 | steps:   538 | steps_t:     0 | t: 0.160784 | r:  -514.000000 | e:   1.000000 | Q:        nan | won: False 
#   58 | steps:   546 | steps_t:     0 | t: 0.162784 | r:  -507.000000 | e:   1.000000 | Q:        nan | won: False 
#   59 | steps:   557 | steps_t:     0 | t: 0.166785 | r:  -510.000000 | e:   1.000000 | Q:        nan | won: False 
#   60 | steps:   565 | steps_t:     0 | t: 0.168785 | r:  -507.000000 | e:   1.000000 | Q:        nan | won: False 
#   61 | steps:   573 | steps_t:     0 | t: 0.170786 | r:  -507.000000 | e:   1.000000 | Q:        nan | won: False 
#   62 | steps:   582 | steps_t:     0 | t: 0.174787 | r:  -508.000000 | e:   1.000000 | Q:        nan | won: False 
#   63 | steps:   590 | steps_t:     0 | t: 0.176787 | r:  -507.000000 | e:   1.000000 | Q:        nan | won: False 
#   64 | steps:   600 | steps_t:     0 | t: 0.178788 | r:  -509.000000 | e:   1.000000 | Q:        nan | won: False 
#   65 | steps:   607 | steps_t:     0 | t: 0.180789 | r:  -506.000000 | e:   1.000000 | Q:        nan | won: False 
#   66 | steps:   614 | steps_t:     0 | t: 0.182789 | r:  -506.000000 | e:   1.000000 | Q:        nan | won: False 
#   67 | steps:   623 | steps_t:     0 | t: 0.186790 | r:  -508.000000 | e:   1.000000 | Q:        nan | won: False 
#   68 | steps:   630 | steps_t:     0 | t: 0.188791 | r:  -506.000000 | e:   1.000000 | Q:        nan | won: False 
#   69 | steps:   638 | steps_t:     0 | t: 0.190791 | r:  -507.000000 | e:   1.000000 | Q:        nan | won: False 
#   70 | steps:   644 | steps_t:     0 | t: 0.192791 | r:  -505.000000 | e:   1.000000 | Q:        nan | won: False 
#   71 | steps:   653 | steps_t:     0 | t: 0.194792 | r:  -508.000000 | e:   1.000000 | Q:        nan | won: False 
#   72 | steps:   667 | steps_t:     0 | t: 0.198793 | r:  -513.000000 | e:   1.000000 | Q:        nan | won: False 
#   73 | steps:   678 | steps_t:     0 | t: 0.202794 | r:  -510.000000 | e:   1.000000 | Q:        nan | won: False 
#   74 | steps:   692 | steps_t:     0 | t: 0.206795 | r:  -513.000000 | e:   1.000000 | Q:        nan | won: False 
#   75 | steps:   709 | steps_t:     0 | t: 0.210796 | r:  -516.000000 | e:   1.000000 | Q:        nan | won: False 
#   76 | steps:   719 | steps_t:     0 | t: 0.214797 | r:  -509.000000 | e:   1.000000 | Q:        nan | won: False 
#   77 | steps:   726 | steps_t:     0 | t: 0.216797 | r:  -506.000000 | e:   1.000000 | Q:        nan | won: False 
#   78 | steps:   741 | steps_t:     0 | t: 0.220799 | r:  -514.000000 | e:   1.000000 | Q:        nan | won: False 
#   79 | steps:   750 | steps_t:     0 | t: 0.222799 | r:  -508.000000 | e:   1.000000 | Q:        nan | won: False 
#   80 | steps:   760 | steps_t:     0 | t: 0.226800 | r:  -509.000000 | e:   1.000000 | Q:        nan | won: False 
#   81 | steps:   774 | steps_t:     0 | t: 0.230801 | r:  -513.000000 | e:   1.000000 | Q:        nan | won: False 
#   82 | steps:   782 | steps_t:     0 | t: 0.232801 | r:  -507.000000 | e:   1.000000 | Q:        nan | won: False 
#   83 | steps:   797 | steps_t:     0 | t: 0.236802 | r:  -503.000000 | e:   1.000000 | Q:        nan | won: False 
#   84 | steps:   809 | steps_t:     0 | t: 0.240803 | r:  -511.000000 | e:   1.000000 | Q:        nan | won: False 
#   85 | steps:   817 | steps_t:     0 | t: 0.242804 | r:  -507.000000 | e:   1.000000 | Q:        nan | won: False 
#   86 | steps:   825 | steps_t:     0 | t: 0.244804 | r:  -507.000000 | e:   1.000000 | Q:        nan | won: False 
#   87 | steps:   839 | steps_t:     0 | t: 0.248805 | r:  -513.000000 | e:   1.000000 | Q:        nan | won: False 
#   88 | steps:   851 | steps_t:     0 | t: 0.252807 | r:  -511.000000 | e:   1.000000 | Q:        nan | won: False 
#   89 | steps:   860 | steps_t:     0 | t: 0.256807 | r:  -508.000000 | e:   1.000000 | Q:        nan | won: False 
#   90 | steps:   867 | steps_t:     0 | t: 0.258808 | r:  -506.000000 | e:   1.000000 | Q:        nan | won: False 
#   91 | steps:   879 | steps_t:     0 | t: 0.260808 | r:  -511.000000 | e:   1.000000 | Q:        nan | won: False 
#   92 | steps:   886 | steps_t:     0 | t: 0.262809 | r:  -506.000000 | e:   1.000000 | Q:        nan | won: False 
#   93 | steps:   893 | steps_t:     0 | t: 0.264809 | r:  -506.000000 | e:   1.000000 | Q:        nan | won: False 
#   94 | steps:   898 | steps_t:     0 | t: 0.266810 | r:  -504.000000 | e:   1.000000 | Q:        nan | won: False 
#   95 | steps:   904 | steps_t:     0 | t: 0.268811 | r:  -505.000000 | e:   1.000000 | Q:        nan | won: False 
#   96 | steps:   911 | steps_t:     0 | t: 0.270811 | r:  -506.000000 | e:   1.000000 | Q:        nan | won: False 
#   97 | steps:   919 | steps_t:     0 | t: 0.272811 | r:  -507.000000 | e:   1.000000 | Q:        nan | won: False 
#   98 | steps:   926 | steps_t:     0 | t: 0.274812 | r:  -506.000000 | e:   1.000000 | Q:        nan | won: False 
#   99 | steps:   932 | steps_t:     0 | t: 0.276812 | r:  -505.000000 | e:   1.000000 | Q:        nan | won: False 
#  100 | steps:   939 | steps_t:     0 | t: 0.278813 | r:  -506.000000 | e:   1.000000 | Q:        nan | won: False 
#  101 | steps:   948 | steps_t:     0 | t: 0.282815 | r:  -508.000000 | e:   1.000000 | Q:        nan | won: False 
#  102 | steps:   954 | steps_t:     0 | t: 0.284815 | r:  -505.000000 | e:   1.000000 | Q:        nan | won: False 
#  103 | steps:   966 | steps_t:     0 | t: 0.288815 | r:  -511.000000 | e:   1.000000 | Q:        nan | won: False 
#  104 | steps:   979 | steps_t:     0 | t: 0.292816 | r:  -512.000000 | e:   1.000000 | Q:        nan | won: False 
#  105 | steps:   989 | steps_t:     0 | t: 0.294817 | r:  -509.000000 | e:   1.000000 | Q:        nan | won: False 
#  106 | steps:   999 | steps_t:     0 | t: 0.298818 | r:  -509.000000 | e:   1.000000 | Q:        nan | won: False 
#  107 | steps:  1006 | steps_t:     0 | t: 0.300818 | r:  -506.000000 | e:   1.000000 | Q:        nan | won: False 
#  108 | steps:  1014 | steps_t:     0 | t: 0.302819 | r:  -507.000000 | e:   1.000000 | Q:        nan | won: False 
#  109 | steps:  1020 | steps_t:     0 | t: 0.304819 | r:  -505.000000 | e:   1.000000 | Q:        nan | won: False 
#  110 | steps:  1028 | steps_t:     0 | t: 0.306820 | r:  -507.000000 | e:   1.000000 | Q:        nan | won: False 
#  111 | steps:  1036 | steps_t:     0 | t: 0.308820 | r:  -507.000000 | e:   1.000000 | Q:        nan | won: False 
#  112 | steps:  1046 | steps_t:     0 | t: 0.312821 | r:  -509.000000 | e:   1.000000 | Q:        nan | won: False 
#  113 | steps:  1058 | steps_t:     0 | t: 0.314822 | r:  -511.000000 | e:   1.000000 | Q:        nan | won: False 
#  114 | steps:  1067 | steps_t:     0 | t: 0.318823 | r:  -508.000000 | e:   1.000000 | Q:        nan | won: False 
#  115 | steps:  1076 | steps_t:     0 | t: 0.320823 | r:  -508.000000 | e:   1.000000 | Q:        nan | won: False 
#  116 | steps:  1084 | steps_t:     0 | t: 0.322824 | r:  -507.000000 | e:   1.000000 | Q:        nan | won: False 
#  117 | steps:  1092 | steps_t:     0 | t: 0.326825 | r:  -507.000000 | e:   1.000000 | Q:        nan | won: False 
#  118 | steps:  1099 | steps_t:     0 | t: 0.328825 | r:  -506.000000 | e:   1.000000 | Q:        nan | won: False 
#  119 | steps:  1109 | steps_t:     0 | t: 0.330826 | r:  -509.000000 | e:   1.000000 | Q:        nan | won: False 
#  120 | steps:  1117 | steps_t:     0 | t: 0.334827 | r:  -507.000000 | e:   1.000000 | Q:        nan | won: False 
#  121 | steps:  1129 | steps_t:     0 | t: 0.336827 | r:  -511.000000 | e:   1.000000 | Q:        nan | won: False 
#  122 | steps:  1135 | steps_t:     0 | t: 0.338828 | r:  -505.000000 | e:   1.000000 | Q:        nan | won: False 
#  123 | steps:  1144 | steps_t:     0 | t: 0.342829 | r:  -508.000000 | e:   1.000000 | Q:        nan | won: False 
#  124 | steps:  1151 | steps_t:     0 | t: 0.344829 | r:  -506.000000 | e:   1.000000 | Q:        nan | won: False 
#  125 | steps:  1169 | steps_t:     0 | t: 0.350831 | r:  -517.000000 | e:   1.000000 | Q:        nan | won: False 
#  126 | steps:  1181 | steps_t:     0 | t: 0.352832 | r:  -511.000000 | e:   1.000000 | Q:        nan | won: False 
#  127 | steps:  1187 | steps_t:     0 | t: 0.354832 | r:  -505.000000 | e:   1.000000 | Q:        nan | won: False 
#  128 | steps:  1197 | steps_t:     0 | t: 0.358834 | r:  -509.000000 | e:   1.000000 | Q:        nan | won: False 
#  129 | steps:  1209 | steps_t:     0 | t: 0.362834 | r:  -511.000000 | e:   1.000000 | Q:        nan | won: False 
#  130 | steps:  1216 | steps_t:     0 | t: 0.364834 | r:  -506.000000 | e:   1.000000 | Q:        nan | won: False 
#  131 | steps:  1226 | steps_t:     0 | t: 0.366835 | r:  -509.000000 | e:   1.000000 | Q:        nan | won: False 
#  132 | steps:  1243 | steps_t:     0 | t: 0.372836 | r:  -516.000000 | e:   1.000000 | Q:        nan | won: False 
#  133 | steps:  1250 | steps_t:     0 | t: 0.374837 | r:  -506.000000 | e:   1.000000 | Q:        nan | won: False 
#  134 | steps:  1257 | steps_t:     0 | t: 0.376837 | r:  -506.000000 | e:   1.000000 | Q:        nan | won: False 
#  135 | steps:  1265 | steps_t:     0 | t: 0.378838 | r:  -507.000000 | e:   1.000000 | Q:        nan | won: False 
#  136 | steps:  1273 | steps_t:     0 | t: 0.380838 | r:  -507.000000 | e:   1.000000 | Q:        nan | won: False 
#  137 | steps:  1280 | steps_t:     0 | t: 0.382839 | r:  -506.000000 | e:   1.000000 | Q:        nan | won: False 
#  138 | steps:  1288 | steps_t:     0 | t: 0.384839 | r:  -507.000000 | e:   1.000000 | Q:        nan | won: False 
#  139 | steps:  1294 | steps_t:     0 | t: 0.386840 | r:  -505.000000 | e:   1.000000 | Q:        nan | won: False 
#  140 | steps:  1307 | steps_t:     0 | t: 0.390841 | r:  -501.000000 | e:   1.000000 | Q:        nan | won: False 
#  141 | steps:  1315 | steps_t:     0 | t: 0.392841 | r:  -507.000000 | e:   1.000000 | Q:        nan | won: False 
#  142 | steps:  1321 | steps_t:     0 | t: 0.394842 | r:  -505.000000 | e:   1.000000 | Q:        nan | won: False 
#  143 | steps:  1330 | steps_t:     0 | t: 0.398843 | r:  -508.000000 | e:   1.000000 | Q:        nan | won: False 
#  144 | steps:  1336 | steps_t:     0 | t: 0.400843 | r:  -505.000000 | e:   1.000000 | Q:        nan | won: False 
#  145 | steps:  1345 | steps_t:     0 | t: 0.402844 | r:  -508.000000 | e:   1.000000 | Q:        nan | won: False 
#  146 | steps:  1353 | steps_t:     0 | t: 0.404844 | r:  -507.000000 | e:   1.000000 | Q:        nan | won: False 
#  147 | steps:  1360 | steps_t:     0 | t: 0.406845 | r:  -506.000000 | e:   1.000000 | Q:        nan | won: False 
#  148 | steps:  1370 | steps_t:     0 | t: 0.410846 | r:  -509.000000 | e:   1.000000 | Q:        nan | won: False 
#  149 | steps:  1381 | steps_t:     0 | t: 0.412846 | r:  -510.000000 | e:   1.000000 | Q:        nan | won: False 
#  150 | steps:  1390 | steps_t:     0 | t: 0.414847 | r:  -508.000000 | e:   1.000000 | Q:        nan | won: False 
#  151 | steps:  1400 | steps_t:     0 | t: 0.418848 | r:  -509.000000 | e:   1.000000 | Q:        nan | won: False 
#  152 | steps:  1418 | steps_t:     0 | t: 0.422848 | r:  -517.000000 | e:   1.000000 | Q:        nan | won: False 
#  153 | steps:  1424 | steps_t:     0 | t: 0.424849 | r:  -505.000000 | e:   1.000000 | Q:        nan | won: False 
#  154 | steps:  1431 | steps_t:     0 | t: 0.428850 | r:  -506.000000 | e:   1.000000 | Q:        nan | won: False 
#  155 | steps:  1438 | steps_t:     0 | t: 0.430851 | r:  -506.000000 | e:   1.000000 | Q:        nan | won: False 
#  156 | steps:  1447 | steps_t:     0 | t: 0.432851 | r:  -508.000000 | e:   1.000000 | Q:        nan | won: False 
#  157 | steps:  1461 | steps_t:     0 | t: 0.436852 | r:  -513.000000 | e:   1.000000 | Q:        nan | won: False 
#  158 | steps:  1471 | steps_t:     0 | t: 0.438853 | r:  -509.000000 | e:   1.000000 | Q:        nan | won: False 
#  159 | steps:  1478 | steps_t:     0 | t: 0.441010 | r:  -506.000000 | e:   1.000000 | Q:        nan | won: False 
#  160 | steps:  1486 | steps_t:     0 | t: 0.442997 | r:  -507.000000 | e:   1.000000 | Q:        nan | won: False 
#  161 | steps:  1495 | steps_t:     0 | t: 0.446998 | r:  -508.000000 | e:   1.000000 | Q:        nan | won: False 
#  162 | steps:  1504 | steps_t:     0 | t: 0.448999 | r:  -508.000000 | e:   1.000000 | Q:        nan | won: False 
#  163 | steps:  1514 | steps_t:     0 | t: 0.453000 | r:  -509.000000 | e:   1.000000 | Q:        nan | won: False 
#  164 | steps:  1527 | steps_t:     0 | t: 0.455000 | r:  -512.000000 | e:   1.000000 | Q:        nan | won: False 
#  165 | steps:  1536 | steps_t:     0 | t: 0.459002 | r:  -508.000000 | e:   1.000000 | Q:        nan | won: False 
#  166 | steps:  1546 | steps_t:     0 | t: 0.461002 | r:  -509.000000 | e:   1.000000 | Q:        nan | won: False 
#  167 | steps:  1554 | steps_t:     0 | t: 0.465003 | r:  -507.000000 | e:   1.000000 | Q:        nan | won: False 
#  168 | steps:  1559 | steps_t:     0 | t: 0.465003 | r:  -504.000000 | e:   1.000000 | Q:        nan | won: False 
#  169 | steps:  1570 | steps_t:     0 | t: 0.469004 | r:  -510.000000 | e:   1.000000 | Q:        nan | won: False 
#  170 | steps:  1581 | steps_t:     0 | t: 0.473005 | r:  -510.000000 | e:   1.000000 | Q:        nan | won: False 
#  171 | steps:  1589 | steps_t:     0 | t: 0.475005 | r:  -507.000000 | e:   1.000000 | Q:        nan | won: False 
#  172 | steps:  1604 | steps_t:     0 | t: 0.479006 | r:  -514.000000 | e:   1.000000 | Q:        nan | won: False 
#  173 | steps:  1616 | steps_t:     0 | t: 0.483007 | r:  -511.000000 | e:   1.000000 | Q:        nan | won: False 
#  174 | steps:  1623 | steps_t:     0 | t: 0.485008 | r:  -506.000000 | e:   1.000000 | Q:        nan | won: False 
#  175 | steps:  1631 | steps_t:     0 | t: 0.487008 | r:  -507.000000 | e:   1.000000 | Q:        nan | won: False 
#  176 | steps:  1640 | steps_t:     0 | t: 0.489009 | r:  -508.000000 | e:   1.000000 | Q:        nan | won: False 
#  177 | steps:  1646 | steps_t:     0 | t: 0.491009 | r:  -505.000000 | e:   1.000000 | Q:        nan | won: False 
#  178 | steps:  1652 | steps_t:     0 | t: 0.493010 | r:  -505.000000 | e:   1.000000 | Q:        nan | won: False 
#  179 | steps:  1658 | steps_t:     0 | t: 0.495010 | r:  -505.000000 | e:   1.000000 | Q:        nan | won: False 
#  180 | steps:  1665 | steps_t:     0 | t: 0.497011 | r:  -506.000000 | e:   1.000000 | Q:        nan | won: False 
#  181 | steps:  1673 | steps_t:     0 | t: 0.499011 | r:  -507.000000 | e:   1.000000 | Q:        nan | won: False 
#  182 | steps:  1678 | steps_t:     0 | t: 0.501012 | r:  -504.000000 | e:   1.000000 | Q:        nan | won: False 
#  183 | steps:  1684 | steps_t:     0 | t: 0.503012 | r:  -505.000000 | e:   1.000000 | Q:        nan | won: False 
#  184 | steps:  1693 | steps_t:     0 | t: 0.505013 | r:  -508.000000 | e:   1.000000 | Q:        nan | won: False 
#  185 | steps:  1702 | steps_t:     0 | t: 0.509014 | r:  -508.000000 | e:   1.000000 | Q:        nan | won: False 
#  186 | steps:  1714 | steps_t:     0 | t: 0.511014 | r:  -511.000000 | e:   1.000000 | Q:        nan | won: False 
#  187 | steps:  1721 | steps_t:     0 | t: 0.513015 | r:  -506.000000 | e:   1.000000 | Q:        nan | won: False 
#  188 | steps:  1728 | steps_t:     0 | t: 0.515015 | r:  -506.000000 | e:   1.000000 | Q:        nan | won: False 
#  189 | steps:  1736 | steps_t:     0 | t: 0.519017 | r:  -507.000000 | e:   1.000000 | Q:        nan | won: False 
#  190 | steps:  1744 | steps_t:     0 | t: 0.521017 | r:  -507.000000 | e:   1.000000 | Q:        nan | won: False 
#  191 | steps:  1751 | steps_t:     0 | t: 0.523017 | r:  -506.000000 | e:   1.000000 | Q:        nan | won: False 
#  192 | steps:  1758 | steps_t:     0 | t: 0.525017 | r:  -506.000000 | e:   1.000000 | Q:        nan | won: False 
#  193 | steps:  1767 | steps_t:     0 | t: 0.527018 | r:  -508.000000 | e:   1.000000 | Q:        nan | won: False 
#  194 | steps:  1779 | steps_t:     0 | t: 0.531019 | r:  -511.000000 | e:   1.000000 | Q:        nan | won: False 
#  195 | steps:  1787 | steps_t:     0 | t: 0.533020 | r:  -507.000000 | e:   1.000000 | Q:        nan | won: False 
#  196 | steps:  1798 | steps_t:     0 | t: 0.537021 | r:  -510.000000 | e:   1.000000 | Q:        nan | won: False 
#  197 | steps:  1805 | steps_t:     0 | t: 0.539021 | r:  -506.000000 | e:   1.000000 | Q:        nan | won: False 
#  198 | steps:  1814 | steps_t:     0 | t: 0.543022 | r:  -508.000000 | e:   1.000000 | Q:        nan | won: False 
#  199 | steps:  1823 | steps_t:     0 | t: 0.545023 | r:  -508.000000 | e:   1.000000 | Q:        nan | won: False 
#  200 | steps:  1831 | steps_t:     0 | t: 0.547023 | r:  -507.000000 | e:   1.000000 | Q:        nan | won: False 
#  201 | steps:  1837 | steps_t:     0 | t: 0.549024 | r:  -505.000000 | e:   1.000000 | Q:        nan | won: False 
#  202 | steps:  1843 | steps_t:     0 | t: 0.551024 | r:  -505.000000 | e:   1.000000 | Q:        nan | won: False 
#  203 | steps:  1851 | steps_t:     0 | t: 0.553025 | r:  -507.000000 | e:   1.000000 | Q:        nan | won: False 
#  204 | steps:  1857 | steps_t:     0 | t: 0.555026 | r:  -505.000000 | e:   1.000000 | Q:        nan | won: False 
#  205 | steps:  1867 | steps_t:     0 | t: 0.559026 | r:  -509.000000 | e:   1.000000 | Q:        nan | won: False 
#  206 | steps:  1875 | steps_t:     0 | t: 0.561027 | r:  -507.000000 | e:   1.000000 | Q:        nan | won: False 
#  207 | steps:  1882 | steps_t:     0 | t: 0.563027 | r:  -506.000000 | e:   1.000000 | Q:        nan | won: False 
#  208 | steps:  1893 | steps_t:     0 | t: 0.567028 | r:  -510.000000 | e:   1.000000 | Q:        nan | won: False 
#  209 | steps:  1913 | steps_t:     0 | t: 0.573030 | r:  -519.000000 | e:   1.000000 | Q:        nan | won: False 
#  210 | steps:  1919 | steps_t:     0 | t: 0.575030 | r:  -505.000000 | e:   1.000000 | Q:        nan | won: False 
#  211 | steps:  1926 | steps_t:     0 | t: 0.577031 | r:  -506.000000 | e:   1.000000 | Q:        nan | won: False 
#  212 | steps:  1934 | steps_t:     0 | t: 0.579031 | r:  -507.000000 | e:   1.000000 | Q:        nan | won: False 
#  213 | steps:  1939 | steps_t:     0 | t: 0.581032 | r:  -504.000000 | e:   1.000000 | Q:        nan | won: False 
#  214 | steps:  1946 | steps_t:     0 | t: 0.583032 | r:  -506.000000 | e:   1.000000 | Q:        nan | won: False 
#  215 | steps:  1955 | steps_t:     0 | t: 0.585033 | r:  -508.000000 | e:   1.000000 | Q:        nan | won: False 
#  216 | steps:  1962 | steps_t:     0 | t: 0.587033 | r:  -506.000000 | e:   1.000000 | Q:        nan | won: False 
#  217 | steps:  1972 | steps_t:     0 | t: 0.591034 | r:  -509.000000 | e:   1.000000 | Q:        nan | won: False 
#  218 | steps:  1981 | steps_t:     0 | t: 0.593035 | r:  -508.000000 | e:   1.000000 | Q:        nan | won: False 
#  219 | steps:  1989 | steps_t:     0 | t: 0.597037 | r:  -507.000000 | e:   1.000000 | Q:        nan | won: False 
#  220 | steps:  1995 | steps_t:     0 | t: 0.599036 | r:  -505.000000 | e:   1.000000 | Q:        nan | won: False 
#  221 | steps:  2002 | steps_t:     0 | t: 0.601037 | r:  -506.000000 | e:   1.000000 | Q:        nan | won: False 
#  222 | steps:  2009 | steps_t:     0 | t: 0.603037 | r:  -506.000000 | e:   1.000000 | Q:        nan | won: False 
#  223 | steps:  2018 | steps_t:     0 | t: 0.605038 | r:  -508.000000 | e:   1.000000 | Q:        nan | won: False 
#  224 | steps:  2026 | steps_t:     0 | t: 0.609039 | r:  -507.000000 | e:   1.000000 | Q:        nan | won: False 
#  225 | steps:  2032 | steps_t:     0 | t: 0.609039 | r:  -505.000000 | e:   1.000000 | Q:        nan | won: False 
#  226 | steps:  2038 | steps_t:     0 | t: 0.611039 | r:  -505.000000 | e:   1.000000 | Q:        nan | won: False 
#  227 | steps:  2045 | steps_t:     0 | t: 0.613039 | r:  -506.000000 | e:   1.000000 | Q:        nan | won: False 
#  228 | steps:  2054 | steps_t:     0 | t: 0.617041 | r:  -508.000000 | e:   1.000000 | Q:        nan | won: False 
#  229 | steps:  2065 | steps_t:     0 | t: 0.619041 | r:  -510.000000 | e:   1.000000 | Q:        nan | won: False 
#  230 | steps:  2075 | steps_t:     0 | t: 0.623042 | r:  -509.000000 | e:   1.000000 | Q:        nan | won: False 
#  231 | steps:  2082 | steps_t:     0 | t: 0.625043 | r:  -506.000000 | e:   1.000000 | Q:        nan | won: False 
#  232 | steps:  2091 | steps_t:     0 | t: 0.627043 | r:  -508.000000 | e:   1.000000 | Q:        nan | won: False 
#  233 | steps:  2101 | steps_t:     0 | t: 0.631044 | r:  -509.000000 | e:   1.000000 | Q:        nan | won: False 
#  234 | steps:  2108 | steps_t:     0 | t: 0.633045 | r:  -506.000000 | e:   1.000000 | Q:        nan | won: False 
#  235 | steps:  2115 | steps_t:     0 | t: 0.635045 | r:  -506.000000 | e:   1.000000 | Q:        nan | won: False 
#  236 | steps:  2125 | steps_t:     0 | t: 0.639046 | r:  -509.000000 | e:   1.000000 | Q:        nan | won: False 
#  237 | steps:  2135 | steps_t:     0 | t: 0.641047 | r:  -509.000000 | e:   1.000000 | Q:        nan | won: False 
#  238 | steps:  2142 | steps_t:     0 | t: 0.643047 | r:  -506.000000 | e:   1.000000 | Q:        nan | won: False 
#  239 | steps:  2150 | steps_t:     0 | t: 0.645048 | r:  -507.000000 | e:   1.000000 | Q:        nan | won: False 
#  240 | steps:  2160 | steps_t:     0 | t: 0.649049 | r:  -509.000000 | e:   1.000000 | Q:        nan | won: False 
#  241 | steps:  2170 | steps_t:     0 | t: 0.651049 | r:  -509.000000 | e:   1.000000 | Q:        nan | won: False 
#  242 | steps:  2179 | steps_t:     0 | t: 0.655050 | r:  -508.000000 | e:   1.000000 | Q:        nan | won: False 
#  243 | steps:  2185 | steps_t:     0 | t: 0.657051 | r:  -505.000000 | e:   1.000000 | Q:        nan | won: False 
#  244 | steps:  2198 | steps_t:     0 | t: 0.659051 | r:  -512.000000 | e:   1.000000 | Q:        nan | won: False 
#  245 | steps:  2205 | steps_t:     0 | t: 0.663052 | r:  -506.000000 | e:   1.000000 | Q:        nan | won: False 
#  246 | steps:  2215 | steps_t:     0 | t: 0.665053 | r:  -509.000000 | e:   1.000000 | Q:        nan | won: False 
#  247 | steps:  2226 | steps_t:     0 | t: 0.669054 | r:  -510.000000 | e:   1.000000 | Q:        nan | won: False 
#  248 | steps:  2237 | steps_t:     0 | t: 0.671054 | r:  -510.000000 | e:   1.000000 | Q:        nan | won: False 
#  249 | steps:  2243 | steps_t:     0 | t: 0.673055 | r:  -505.000000 | e:   1.000000 | Q:        nan | won: False 
#  250 | steps:  2251 | steps_t:     0 | t: 0.675055 | r:  -507.000000 | e:   1.000000 | Q:        nan | won: False 
#  251 | steps:  2259 | steps_t:     0 | t: 0.677056 | r:  -507.000000 | e:   1.000000 | Q:        nan | won: False 
#  252 | steps:  2273 | steps_t:     0 | t: 0.681057 | r:  -513.000000 | e:   1.000000 | Q:        nan | won: False 
#  253 | steps:  2280 | steps_t:     0 | t: 0.683057 | r:  -506.000000 | e:   1.000000 | Q:        nan | won: False 
#  254 | steps:  2287 | steps_t:     0 | t: 0.687058 | r:  -506.000000 | e:   1.000000 | Q:        nan | won: False 
#  255 | steps:  2298 | steps_t:     0 | t: 0.689059 | r:  -510.000000 | e:   1.000000 | Q:        nan | won: False 
#  256 | steps:  2304 | steps_t:     0 | t: 0.691060 | r:  -505.000000 | e:   1.000000 | Q:        nan | won: False 
#  257 | steps:  2312 | steps_t:     0 | t: 0.693060 | r:  -507.000000 | e:   1.000000 | Q:        nan | won: False 
#  258 | steps:  2322 | steps_t:     0 | t: 0.697061 | r:  -509.000000 | e:   1.000000 | Q:        nan | won: False 
#  259 | steps:  2329 | steps_t:     0 | t: 0.699061 | r:  -506.000000 | e:   1.000000 | Q:        nan | won: False 
#  260 | steps:  2338 | steps_t:     0 | t: 0.701061 | r:  -508.000000 | e:   1.000000 | Q:        nan | won: False 
#  261 | steps:  2346 | steps_t:     0 | t: 0.703062 | r:  -507.000000 | e:   1.000000 | Q:        nan | won: False 
#  262 | steps:  2356 | steps_t:     0 | t: 0.707063 | r:  -509.000000 | e:   1.000000 | Q:        nan | won: False 
#  263 | steps:  2368 | steps_t:     0 | t: 0.711064 | r:  -511.000000 | e:   1.000000 | Q:        nan | won: False 
#  264 | steps:  2376 | steps_t:     0 | t: 0.713065 | r:  -507.000000 | e:   1.000000 | Q:        nan | won: False 
#  265 | steps:  2385 | steps_t:     0 | t: 0.715065 | r:  -508.000000 | e:   1.000000 | Q:        nan | won: False 
#  266 | steps:  2400 | steps_t:     0 | t: 0.719066 | r:  -514.000000 | e:   1.000000 | Q:        nan | won: False 
#  267 | steps:  2414 | steps_t:     0 | t: 0.723067 | r:  -502.000000 | e:   1.000000 | Q:        nan | won: False 
#  268 | steps:  2422 | steps_t:     0 | t: 0.727068 | r:  -507.000000 | e:   1.000000 | Q:        nan | won: False 
#  269 | steps:  2429 | steps_t:     0 | t: 0.729069 | r:  -506.000000 | e:   1.000000 | Q:        nan | won: False 
#  270 | steps:  2437 | steps_t:     0 | t: 0.731069 | r:  -507.000000 | e:   1.000000 | Q:        nan | won: False 
#  271 | steps:  2443 | steps_t:     0 | t: 0.733070 | r:  -505.000000 | e:   1.000000 | Q:        nan | won: False 
#  272 | steps:  2454 | steps_t:     0 | t: 0.735070 | r:  -510.000000 | e:   1.000000 | Q:        nan | won: False 
#  273 | steps:  2465 | steps_t:     0 | t: 0.739071 | r:  -510.000000 | e:   1.000000 | Q:        nan | won: False 
#  274 | steps:  2472 | steps_t:     0 | t: 0.741071 | r:  -506.000000 | e:   1.000000 | Q:        nan | won: False 
#  275 | steps:  2480 | steps_t:     0 | t: 0.743072 | r:  -507.000000 | e:   1.000000 | Q:        nan | won: False 
#  276 | steps:  2490 | steps_t:     0 | t: 0.747073 | r:  -509.000000 | e:   1.000000 | Q:        nan | won: False 
#  277 | steps:  2500 | steps_t:     0 | t: 0.749074 | r:  -509.000000 | e:   1.000000 | Q:        nan | won: False 
#  278 | steps:  2506 | steps_t:     0 | t: 0.751074 | r:  -505.000000 | e:   1.000000 | Q:        nan | won: False 
#  279 | steps:  2514 | steps_t:     0 | t: 0.753075 | r:  -507.000000 | e:   1.000000 | Q:        nan | won: False 
#  280 | steps:  2524 | steps_t:     0 | t: 0.757076 | r:  -509.000000 | e:   1.000000 | Q:        nan | won: False 
#  281 | steps:  2533 | steps_t:     0 | t: 0.759076 | r:  -508.000000 | e:   1.000000 | Q:        nan | won: False 
#  282 | steps:  2543 | steps_t:     0 | t: 0.763077 | r:  -509.000000 | e:   1.000000 | Q:        nan | won: False 
#  283 | steps:  2553 | steps_t:     0 | t: 0.765078 | r:  -509.000000 | e:   1.000000 | Q:        nan | won: False 
#  284 | steps:  2560 | steps_t:     0 | t: 0.767078 | r:  -506.000000 | e:   1.000000 | Q:        nan | won: False 
#  285 | steps:  2566 | steps_t:     0 | t: 0.769079 | r:  -505.000000 | e:   1.000000 | Q:        nan | won: False 
#  286 | steps:  2573 | steps_t:     0 | t: 0.771079 | r:  -506.000000 | e:   1.000000 | Q:        nan | won: False 
#  287 | steps:  2581 | steps_t:     0 | t: 0.773080 | r:  -507.000000 | e:   1.000000 | Q:        nan | won: False 
#  288 | steps:  2587 | steps_t:     0 | t: 0.775080 | r:  -505.000000 | e:   1.000000 | Q:        nan | won: False 
#  289 | steps:  2592 | steps_t:     0 | t: 0.777081 | r:  -504.000000 | e:   1.000000 | Q:        nan | won: False 
#  290 | steps:  2601 | steps_t:     0 | t: 0.781082 | r:  -508.000000 | e:   1.000000 | Q:        nan | won: False 
#  291 | steps:  2610 | steps_t:     0 | t: 0.783082 | r:  -508.000000 | e:   1.000000 | Q:        nan | won: False 
#  292 | steps:  2621 | steps_t:     0 | t: 0.785083 | r:  -510.000000 | e:   1.000000 | Q:        nan | won: False 
#  293 | steps:  2628 | steps_t:     0 | t: 0.789084 | r:  -506.000000 | e:   1.000000 | Q:        nan | won: False 
#  294 | steps:  2635 | steps_t:     0 | t: 0.791084 | r:  -506.000000 | e:   1.000000 | Q:        nan | won: False 
#  295 | steps:  2643 | steps_t:     0 | t: 0.793085 | r:  -507.000000 | e:   1.000000 | Q:        nan | won: False 
#  296 | steps:  2648 | steps_t:     0 | t: 0.795085 | r:  -504.000000 | e:   1.000000 | Q:        nan | won: False 
#  297 | steps:  2654 | steps_t:     0 | t: 0.797086 | r:  -505.000000 | e:   1.000000 | Q:        nan | won: False 
#  298 | steps:  2670 | steps_t:     0 | t: 0.801087 | r:  -515.000000 | e:   1.000000 | Q:        nan | won: False 
#  299 | steps:  2679 | steps_t:     0 | t: 0.803087 | r:  -508.000000 | e:   1.000000 | Q:        nan | won: False 
#  300 | steps:  2685 | steps_t:     0 | t: 0.805088 | r:  -505.000000 | e:   1.000000 | Q:        nan | won: False 
#  301 | steps:  2692 | steps_t:     0 | t: 0.807088 | r:  -506.000000 | e:   1.000000 | Q:        nan | won: False 
#  302 | steps:  2699 | steps_t:     0 | t: 0.809088 | r:  -506.000000 | e:   1.000000 | Q:        nan | won: False 
#  303 | steps:  2707 | steps_t:     0 | t: 0.811089 | r:  -507.000000 | e:   1.000000 | Q:        nan | won: False 
#  304 | steps:  2716 | steps_t:     0 | t: 0.815090 | r:  -508.000000 | e:   1.000000 | Q:        nan | won: False 
#  305 | steps:  2722 | steps_t:     0 | t: 0.817091 | r:  -505.000000 | e:   1.000000 | Q:        nan | won: False 
#  306 | steps:  2731 | steps_t:     0 | t: 0.819091 | r:  -508.000000 | e:   1.000000 | Q:        nan | won: False 
#  307 | steps:  2742 | steps_t:     0 | t: 0.823092 | r:  -510.000000 | e:   1.000000 | Q:        nan | won: False 
#  308 | steps:  2749 | steps_t:     0 | t: 0.825093 | r:  -506.000000 | e:   1.000000 | Q:        nan | won: False 
#  309 | steps:  2757 | steps_t:     0 | t: 0.827094 | r:  -507.000000 | e:   1.000000 | Q:        nan | won: False 
#  310 | steps:  2765 | steps_t:     0 | t: 0.829094 | r:  -507.000000 | e:   1.000000 | Q:        nan | won: False 
#  311 | steps:  2772 | steps_t:     0 | t: 0.831094 | r:  -506.000000 | e:   1.000000 | Q:        nan | won: False 
#  312 | steps:  2783 | steps_t:     0 | t: 0.835095 | r:  -510.000000 | e:   1.000000 | Q:        nan | won: False 
#  313 | steps:  2790 | steps_t:     0 | t: 0.837096 | r:  -506.000000 | e:   1.000000 | Q:        nan | won: False 
#  314 | steps:  2797 | steps_t:     0 | t: 0.839096 | r:  -506.000000 | e:   1.000000 | Q:        nan | won: False 
#  315 | steps:  2807 | steps_t:     0 | t: 0.842996 | r:  -509.000000 | e:   1.000000 | Q:        nan | won: False 
#  316 | steps:  2815 | steps_t:     0 | t: 0.844997 | r:  -507.000000 | e:   1.000000 | Q:        nan | won: False 
#  317 | steps:  2821 | steps_t:     0 | t: 0.846997 | r:  -505.000000 | e:   1.000000 | Q:        nan | won: False 
#  318 | steps:  2836 | steps_t:     0 | t: 0.850998 | r:  -503.000000 | e:   1.000000 | Q:        nan | won: False 
#  319 | steps:  2842 | steps_t:     0 | t: 0.852999 | r:  -505.000000 | e:   1.000000 | Q:        nan | won: False 
#  320 | steps:  2847 | steps_t:     0 | t: 0.854999 | r:  -504.000000 | e:   1.000000 | Q:        nan | won: False 
#  321 | steps:  2855 | steps_t:     0 | t: 0.857000 | r:  -507.000000 | e:   1.000000 | Q:        nan | won: False 
#  322 | steps:  2865 | steps_t:     0 | t: 0.859000 | r:  -509.000000 | e:   1.000000 | Q:        nan | won: False 
#  323 | steps:  2873 | steps_t:     0 | t: 0.863001 | r:  -507.000000 | e:   1.000000 | Q:        nan | won: False 
#  324 | steps:  2879 | steps_t:     0 | t: 0.863001 | r:  -505.000000 | e:   1.000000 | Q:        nan | won: False 
#  325 | steps:  2886 | steps_t:     0 | t: 0.867002 | r:  -506.000000 | e:   1.000000 | Q:        nan | won: False 
#  326 | steps:  2899 | steps_t:     0 | t: 0.869003 | r:  -512.000000 | e:   1.000000 | Q:        nan | won: False 
#  327 | steps:  2905 | steps_t:     0 | t: 0.871003 | r:  -505.000000 | e:   1.000000 | Q:        nan | won: False 
#  328 | steps:  2921 | steps_t:     0 | t: 0.877005 | r:  -515.000000 | e:   1.000000 | Q:        nan | won: False 
#  329 | steps:  2928 | steps_t:     0 | t: 0.879005 | r:  -506.000000 | e:   1.000000 | Q:        nan | won: False 
#  330 | steps:  2934 | steps_t:     0 | t: 0.881006 | r:  -505.000000 | e:   1.000000 | Q:        nan | won: False 
#  331 | steps:  2952 | steps_t:     0 | t: 0.885007 | r:  -517.000000 | e:   1.000000 | Q:        nan | won: False 
#  332 | steps:  2959 | steps_t:     0 | t: 0.887007 | r:  -506.000000 | e:   1.000000 | Q:        nan | won: False 
#  333 | steps:  2969 | steps_t:     0 | t: 0.891008 | r:  -509.000000 | e:   1.000000 | Q:        nan | won: False 
#  334 | steps:  2976 | steps_t:     0 | t: 0.893009 | r:  -506.000000 | e:   1.000000 | Q:        nan | won: False 
#  335 | steps:  2985 | steps_t:     0 | t: 0.895009 | r:  -508.000000 | e:   1.000000 | Q:        nan | won: False 
#  336 | steps:  2992 | steps_t:     0 | t: 0.897010 | r:  -506.000000 | e:   1.000000 | Q:        nan | won: False 
#  337 | steps:  3005 | steps_t:     0 | t: 0.901011 | r:  -512.000000 | e:   1.000000 | Q:        nan | won: False 
#  338 | steps:  3013 | steps_t:     0 | t: 0.903011 | r:  -507.000000 | e:   1.000000 | Q:        nan | won: False 
#  339 | steps:  3021 | steps_t:     0 | t: 0.907012 | r:  -507.000000 | e:   1.000000 | Q:        nan | won: False 
#  340 | steps:  3027 | steps_t:     0 | t: 0.907012 | r:  -505.000000 | e:   1.000000 | Q:        nan | won: False 
#  341 | steps:  3035 | steps_t:     0 | t: 0.911013 | r:  -507.000000 | e:   1.000000 | Q:        nan | won: False 
#  342 | steps:  3044 | steps_t:     0 | t: 0.913014 | r:  -508.000000 | e:   1.000000 | Q:        nan | won: False 
#  343 | steps:  3051 | steps_t:     0 | t: 0.915014 | r:  -506.000000 | e:   1.000000 | Q:        nan | won: False 
#  344 | steps:  3062 | steps_t:     0 | t: 0.919015 | r:  -510.000000 | e:   1.000000 | Q:        nan | won: False 
#  345 | steps:  3075 | steps_t:     0 | t: 0.923016 | r:  -501.000000 | e:   1.000000 | Q:        nan | won: False 
#  346 | steps:  3092 | steps_t:     0 | t: 0.927017 | r:  -516.000000 | e:   1.000000 | Q:        nan | won: False 
#  347 | steps:  3106 | steps_t:     0 | t: 0.931018 | r:  -513.000000 | e:   1.000000 | Q:        nan | won: False 
#  348 | steps:  3115 | steps_t:     0 | t: 0.933019 | r:  -508.000000 | e:   1.000000 | Q:        nan | won: False 
#  349 | steps:  3121 | steps_t:     0 | t: 0.935019 | r:  -505.000000 | e:   1.000000 | Q:        nan | won: False 
#  350 | steps:  3134 | steps_t:     0 | t: 0.941020 | r:  -512.000000 | e:   1.000000 | Q:        nan | won: False 
#  351 | steps:  3141 | steps_t:     0 | t: 0.943021 | r:  -506.000000 | e:   1.000000 | Q:        nan | won: False 
#  352 | steps:  3152 | steps_t:     0 | t: 0.945022 | r:  -510.000000 | e:   1.000000 | Q:        nan | won: False 
#  353 | steps:  3162 | steps_t:     0 | t: 0.949023 | r:  -509.000000 | e:   1.000000 | Q:        nan | won: False 
#  354 | steps:  3173 | steps_t:     0 | t: 0.951023 | r:  -510.000000 | e:   1.000000 | Q:        nan | won: False 
#  355 | steps:  3181 | steps_t:     0 | t: 0.955024 | r:  -507.000000 | e:   1.000000 | Q:        nan | won: False 
#  356 | steps:  3188 | steps_t:     0 | t: 0.957025 | r:  -506.000000 | e:   1.000000 | Q:        nan | won: False 
#  357 | steps:  3198 | steps_t:     0 | t: 0.959025 | r:  -509.000000 | e:   1.000000 | Q:        nan | won: False 
#  358 | steps:  3206 | steps_t:     0 | t: 0.961026 | r:  -507.000000 | e:   1.000000 | Q:        nan | won: False 
#  359 | steps:  3227 | steps_t:     0 | t: 0.967027 | r:  -520.000000 | e:   1.000000 | Q:        nan | won: False 
#  360 | steps:  3235 | steps_t:     0 | t: 0.969028 | r:  -507.000000 | e:   1.000000 | Q:        nan | won: False 
#  361 | steps:  3244 | steps_t:     0 | t: 0.973029 | r:  -508.000000 | e:   1.000000 | Q:        nan | won: False 
#  362 | steps:  3253 | steps_t:     0 | t: 0.975029 | r:  -508.000000 | e:   1.000000 | Q:        nan | won: False 
#  363 | steps:  3264 | steps_t:     0 | t: 0.979030 | r:  -510.000000 | e:   1.000000 | Q:        nan | won: False 
#  364 | steps:  3276 | steps_t:     0 | t: 0.981031 | r:  -511.000000 | e:   1.000000 | Q:        nan | won: False 
#  365 | steps:  3282 | steps_t:     0 | t: 0.983031 | r:  -505.000000 | e:   1.000000 | Q:        nan | won: False 
#  366 | steps:  3290 | steps_t:     0 | t: 0.987032 | r:  -507.000000 | e:   1.000000 | Q:        nan | won: False 
#  367 | steps:  3300 | steps_t:     0 | t: 0.989033 | r:  -509.000000 | e:   1.000000 | Q:        nan | won: False 
#  368 | steps:  3310 | steps_t:     0 | t: 0.993034 | r:  -509.000000 | e:   1.000000 | Q:        nan | won: False 
#  369 | steps:  3316 | steps_t:     0 | t: 0.993034 | r:  -505.000000 | e:   1.000000 | Q:        nan | won: False 
#  370 | steps:  3323 | steps_t:     0 | t: 0.995034 | r:  -506.000000 | e:   1.000000 | Q:        nan | won: False 
#  371 | steps:  3331 | steps_t:     0 | t: 0.999035 | r:  -507.000000 | e:   1.000000 | Q:        nan | won: False 
#  372 | steps:  3339 | steps_t:     0 | t: 1.001036 | r:  -507.000000 | e:   1.000000 | Q:        nan | won: False 
#  373 | steps:  3348 | steps_t:     0 | t: 1.003037 | r:  -508.000000 | e:   1.000000 | Q:        nan | won: False 
#  374 | steps:  3354 | steps_t:     0 | t: 1.005037 | r:  -505.000000 | e:   1.000000 | Q:        nan | won: False 
#  375 | steps:  3364 | steps_t:     0 | t: 1.009038 | r:  -509.000000 | e:   1.000000 | Q:        nan | won: False 
#  376 | steps:  3371 | steps_t:     0 | t: 1.011038 | r:  -506.000000 | e:   1.000000 | Q:        nan | won: False 
#  377 | steps:  3379 | steps_t:     0 | t: 1.015039 | r:  -507.000000 | e:   1.000000 | Q:        nan | won: False 
#  378 | steps:  3385 | steps_t:     0 | t: 1.017040 | r:  -505.000000 | e:   1.000000 | Q:        nan | won: False 
#  379 | steps:  3392 | steps_t:     0 | t: 1.019040 | r:  -506.000000 | e:   1.000000 | Q:        nan | won: False 
#  380 | steps:  3403 | steps_t:     0 | t: 1.023041 | r:  -510.000000 | e:   1.000000 | Q:        nan | won: False 
#  381 | steps:  3410 | steps_t:     0 | t: 1.025042 | r:  -506.000000 | e:   1.000000 | Q:        nan | won: False 
#  382 | steps:  3420 | steps_t:     0 | t: 1.027042 | r:  -509.000000 | e:   1.000000 | Q:        nan | won: False 
#  383 | steps:  3428 | steps_t:     0 | t: 1.029043 | r:  -507.000000 | e:   1.000000 | Q:        nan | won: False 
#  384 | steps:  3439 | steps_t:     0 | t: 1.033044 | r:  -510.000000 | e:   1.000000 | Q:        nan | won: False 
#  385 | steps:  3449 | steps_t:     0 | t: 1.035044 | r:  -509.000000 | e:   1.000000 | Q:        nan | won: False 
#  386 | steps:  3456 | steps_t:     0 | t: 1.037045 | r:  -506.000000 | e:   1.000000 | Q:        nan | won: False 
#  387 | steps:  3463 | steps_t:     0 | t: 1.039045 | r:  -506.000000 | e:   1.000000 | Q:        nan | won: False 
#  388 | steps:  3472 | steps_t:     0 | t: 1.043380 | r:  -508.000000 | e:   1.000000 | Q:        nan | won: False 
#  389 | steps:  3479 | steps_t:     0 | t: 1.045380 | r:  -506.000000 | e:   1.000000 | Q:        nan | won: False 
#  390 | steps:  3486 | steps_t:     0 | t: 1.047381 | r:  -506.000000 | e:   1.000000 | Q:        nan | won: False 
#  391 | steps:  3497 | steps_t:     0 | t: 1.051382 | r:  -510.000000 | e:   1.000000 | Q:        nan | won: False 
#  392 | steps:  3504 | steps_t:     0 | t: 1.053382 | r:  -506.000000 | e:   1.000000 | Q:        nan | won: False 
#  393 | steps:  3509 | steps_t:     0 | t: 1.053382 | r:  -504.000000 | e:   1.000000 | Q:        nan | won: False 
#  394 | steps:  3517 | steps_t:     0 | t: 1.057383 | r:  -507.000000 | e:   1.000000 | Q:        nan | won: False 
#  395 | steps:  3527 | steps_t:     0 | t: 1.059384 | r:  -509.000000 | e:   1.000000 | Q:        nan | won: False 
#  396 | steps:  3537 | steps_t:     0 | t: 1.061384 | r:  -509.000000 | e:   1.000000 | Q:        nan | won: False 
#  397 | steps:  3544 | steps_t:     0 | t: 1.063385 | r:  -506.000000 | e:   1.000000 | Q:        nan | won: False 
#  398 | steps:  3561 | steps_t:     0 | t: 1.069386 | r:  -516.000000 | e:   1.000000 | Q:        nan | won: False 
#  399 | steps:  3576 | steps_t:     0 | t: 1.073387 | r:  -514.000000 | e:   1.000000 | Q:        nan | won: False 
#  400 | steps:  3584 | steps_t:     0 | t: 1.075388 | r:  -507.000000 | e:   1.000000 | Q:        nan | won: False 
#  401 | steps:  3599 | steps_t:     0 | t: 1.079389 | r:  -503.000000 | e:   1.000000 | Q:        nan | won: False 
#  402 | steps:  3609 | steps_t:     0 | t: 1.083390 | r:  -509.000000 | e:   1.000000 | Q:        nan | won: False 
#  403 | steps:  3620 | steps_t:     0 | t: 1.087391 | r:  -510.000000 | e:   1.000000 | Q:        nan | won: False 
#  404 | steps:  3627 | steps_t:     0 | t: 1.089391 | r:  -506.000000 | e:   1.000000 | Q:        nan | won: False 
#  405 | steps:  3646 | steps_t:     0 | t: 1.093392 | r:  -518.000000 | e:   1.000000 | Q:        nan | won: False 
#  406 | steps:  3653 | steps_t:     0 | t: 1.095393 | r:  -506.000000 | e:   1.000000 | Q:        nan | won: False 
#  407 | steps:  3659 | steps_t:     0 | t: 1.097393 | r:  -505.000000 | e:   1.000000 | Q:        nan | won: False 
#  408 | steps:  3665 | steps_t:     0 | t: 1.099394 | r:  -505.000000 | e:   1.000000 | Q:        nan | won: False 
#  409 | steps:  3678 | steps_t:     0 | t: 1.103395 | r:  -512.000000 | e:   1.000000 | Q:        nan | won: False 
#  410 | steps:  3689 | steps_t:     0 | t: 1.105395 | r:  -510.000000 | e:   1.000000 | Q:        nan | won: False 
#  411 | steps:  3696 | steps_t:     0 | t: 1.107396 | r:  -506.000000 | e:   1.000000 | Q:        nan | won: False 
#  412 | steps:  3705 | steps_t:     0 | t: 1.111397 | r:  -508.000000 | e:   1.000000 | Q:        nan | won: False 
#  413 | steps:  3715 | steps_t:     0 | t: 1.113397 | r:  -509.000000 | e:   1.000000 | Q:        nan | won: False 
#  414 | steps:  3722 | steps_t:     0 | t: 1.115398 | r:  -506.000000 | e:   1.000000 | Q:        nan | won: False 
#  415 | steps:  3733 | steps_t:     0 | t: 1.119399 | r:  -510.000000 | e:   1.000000 | Q:        nan | won: False 
#  416 | steps:  3740 | steps_t:     0 | t: 1.121399 | r:  -506.000000 | e:   1.000000 | Q:        nan | won: False 
#  417 | steps:  3749 | steps_t:     0 | t: 1.123400 | r:  -508.000000 | e:   1.000000 | Q:        nan | won: False 
#  418 | steps:  3759 | steps_t:     0 | t: 1.127401 | r:  -509.000000 | e:   1.000000 | Q:        nan | won: False 
#  419 | steps:  3766 | steps_t:     0 | t: 1.129401 | r:  -506.000000 | e:   1.000000 | Q:        nan | won: False 
#  420 | steps:  3774 | steps_t:     0 | t: 1.131402 | r:  -507.000000 | e:   1.000000 | Q:        nan | won: False 
#  421 | steps:  3786 | steps_t:     0 | t: 1.135403 | r:  -511.000000 | e:   1.000000 | Q:        nan | won: False 
#  422 | steps:  3800 | steps_t:     0 | t: 1.139404 | r:  -513.000000 | e:   1.000000 | Q:        nan | won: False 
#  423 | steps:  3809 | steps_t:     0 | t: 1.141688 | r:  -508.000000 | e:   1.000000 | Q:        nan | won: False 
#  424 | steps:  3817 | steps_t:     0 | t: 1.143682 | r:  -507.000000 | e:   1.000000 | Q:        nan | won: False 
#  425 | steps:  3827 | steps_t:     0 | t: 1.147682 | r:  -509.000000 | e:   1.000000 | Q:        nan | won: False 
#  426 | steps:  3833 | steps_t:     0 | t: 1.149683 | r:  -505.000000 | e:   1.000000 | Q:        nan | won: False 
#  427 | steps:  3843 | steps_t:     0 | t: 1.151683 | r:  -509.000000 | e:   1.000000 | Q:        nan | won: False 
#  428 | steps:  3848 | steps_t:     0 | t: 1.153684 | r:  -504.000000 | e:   1.000000 | Q:        nan | won: False 
#  429 | steps:  3855 | steps_t:     0 | t: 1.155684 | r:  -506.000000 | e:   1.000000 | Q:        nan | won: False 
#  430 | steps:  3862 | steps_t:     0 | t: 1.157685 | r:  -506.000000 | e:   1.000000 | Q:        nan | won: False 
#  431 | steps:  3870 | steps_t:     0 | t: 1.159685 | r:  -507.000000 | e:   1.000000 | Q:        nan | won: False 
#  432 | steps:  3880 | steps_t:     0 | t: 1.163686 | r:  -509.000000 | e:   1.000000 | Q:        nan | won: False 
#  433 | steps:  3885 | steps_t:     0 | t: 1.163686 | r:  -504.000000 | e:   1.000000 | Q:        nan | won: False 
#  434 | steps:  3893 | steps_t:     0 | t: 1.167687 | r:  -507.000000 | e:   1.000000 | Q:        nan | won: False 
#  435 | steps:  3909 | steps_t:     0 | t: 1.171689 | r:  -515.000000 | e:   1.000000 | Q:        nan | won: False 
#  436 | steps:  3916 | steps_t:     0 | t: 1.173689 | r:  -506.000000 | e:   1.000000 | Q:        nan | won: False 
#  437 | steps:  3924 | steps_t:     0 | t: 1.175689 | r:  -507.000000 | e:   1.000000 | Q:        nan | won: False 
#  438 | steps:  3932 | steps_t:     0 | t: 1.177690 | r:  -507.000000 | e:   1.000000 | Q:        nan | won: False 
#  439 | steps:  3939 | steps_t:     0 | t: 1.179690 | r:  -506.000000 | e:   1.000000 | Q:        nan | won: False 
#  440 | steps:  3950 | steps_t:     0 | t: 1.183691 | r:  -510.000000 | e:   1.000000 | Q:        nan | won: False 
#  441 | steps:  3958 | steps_t:     0 | t: 1.185692 | r:  -507.000000 | e:   1.000000 | Q:        nan | won: False 
#  442 | steps:  3966 | steps_t:     0 | t: 1.187692 | r:  -507.000000 | e:   1.000000 | Q:        nan | won: False 
#  443 | steps:  3975 | steps_t:     0 | t: 1.191693 | r:  -508.000000 | e:   1.000000 | Q:        nan | won: False 
#  444 | steps:  3985 | steps_t:     0 | t: 1.193694 | r:  -509.000000 | e:   1.000000 | Q:        nan | won: False 
#  445 | steps:  3992 | steps_t:     0 | t: 1.195694 | r:  -506.000000 | e:   1.000000 | Q:        nan | won: False 
#  446 | steps:  4000 | steps_t:     0 | t: 1.199695 | r:  -507.000000 | e:   1.000000 | Q:        nan | won: False 
#  447 | steps:  4010 | steps_t:     0 | t: 1.201696 | r:  -509.000000 | e:   1.000000 | Q:        nan | won: False 
#  448 | steps:  4016 | steps_t:     0 | t: 1.203696 | r:  -505.000000 | e:   1.000000 | Q:        nan | won: False 
#  449 | steps:  4025 | steps_t:     0 | t: 1.205697 | r:  -508.000000 | e:   1.000000 | Q:        nan | won: False 
#  450 | steps:  4035 | steps_t:     0 | t: 1.209698 | r:  -509.000000 | e:   1.000000 | Q:        nan | won: False 
#  451 | steps:  4042 | steps_t:     0 | t: 1.211698 | r:  -506.000000 | e:   1.000000 | Q:        nan | won: False 
#  452 | steps:  4047 | steps_t:     0 | t: 1.213699 | r:  -504.000000 | e:   1.000000 | Q:        nan | won: False 
#  453 | steps:  4057 | steps_t:     0 | t: 1.215699 | r:  -509.000000 | e:   1.000000 | Q:        nan | won: False 
#  454 | steps:  4066 | steps_t:     0 | t: 1.217700 | r:  -508.000000 | e:   1.000000 | Q:        nan | won: False 
#  455 | steps:  4079 | steps_t:     0 | t: 1.223701 | r:  -512.000000 | e:   1.000000 | Q:        nan | won: False 
#  456 | steps:  4086 | steps_t:     0 | t: 1.225702 | r:  -506.000000 | e:   1.000000 | Q:        nan | won: False 
#  457 | steps:  4096 | steps_t:     0 | t: 1.227702 | r:  -509.000000 | e:   1.000000 | Q:        nan | won: False 
#  458 | steps:  4105 | steps_t:     0 | t: 1.231703 | r:  -508.000000 | e:   1.000000 | Q:        nan | won: False 
#  459 | steps:  4116 | steps_t:     0 | t: 1.233704 | r:  -510.000000 | e:   1.000000 | Q:        nan | won: False 
#  460 | steps:  4125 | steps_t:     0 | t: 1.237705 | r:  -508.000000 | e:   1.000000 | Q:        nan | won: False 
#  461 | steps:  4132 | steps_t:     0 | t: 1.239705 | r:  -506.000000 | e:   1.000000 | Q:        nan | won: False 
#  462 | steps:  4141 | steps_t:     0 | t: 1.241706 | r:  -508.000000 | e:   1.000000 | Q:        nan | won: False 
#  463 | steps:  4150 | steps_t:     0 | t: 1.243706 | r:  -508.000000 | e:   1.000000 | Q:        nan | won: False 
#  464 | steps:  4165 | steps_t:     0 | t: 1.247707 | r:  -514.000000 | e:   1.000000 | Q:        nan | won: False 
#  465 | steps:  4173 | steps_t:     0 | t: 1.251708 | r:  -507.000000 | e:   1.000000 | Q:        nan | won: False 
#  466 | steps:  4183 | steps_t:     0 | t: 1.253709 | r:  -509.000000 | e:   1.000000 | Q:        nan | won: False 
#  467 | steps:  4197 | steps_t:     0 | t: 1.257710 | r:  -513.000000 | e:   1.000000 | Q:        nan | won: False 
#  468 | steps:  4206 | steps_t:     0 | t: 1.261711 | r:  -508.000000 | e:   1.000000 | Q:        nan | won: False 
#  469 | steps:  4213 | steps_t:     0 | t: 1.263711 | r:  -506.000000 | e:   1.000000 | Q:        nan | won: False 
#  470 | steps:  4224 | steps_t:     0 | t: 1.265712 | r:  -510.000000 | e:   1.000000 | Q:        nan | won: False 
#  471 | steps:  4230 | steps_t:     0 | t: 1.267712 | r:  -505.000000 | e:   1.000000 | Q:        nan | won: False 
#  472 | steps:  4244 | steps_t:     0 | t: 1.271713 | r:  -513.000000 | e:   1.000000 | Q:        nan | won: False 
#  473 | steps:  4251 | steps_t:     0 | t: 1.273714 | r:  -506.000000 | e:   1.000000 | Q:        nan | won: False 
#  474 | steps:  4259 | steps_t:     0 | t: 1.277715 | r:  -507.000000 | e:   1.000000 | Q:        nan | won: False 
#  475 | steps:  4271 | steps_t:     0 | t: 1.279715 | r:  -511.000000 | e:   1.000000 | Q:        nan | won: False 
#  476 | steps:  4286 | steps_t:     0 | t: 1.283716 | r:  -514.000000 | e:   1.000000 | Q:        nan | won: False 
#  477 | steps:  4293 | steps_t:     0 | t: 1.285717 | r:  -506.000000 | e:   1.000000 | Q:        nan | won: False 
#  478 | steps:  4303 | steps_t:     0 | t: 1.289718 | r:  -509.000000 | e:   1.000000 | Q:        nan | won: False 
#  479 | steps:  4314 | steps_t:     0 | t: 1.293719 | r:  -510.000000 | e:   1.000000 | Q:        nan | won: False 
#  480 | steps:  4320 | steps_t:     0 | t: 1.293719 | r:  -505.000000 | e:   1.000000 | Q:        nan | won: False 
#  481 | steps:  4327 | steps_t:     0 | t: 1.295719 | r:  -506.000000 | e:   1.000000 | Q:        nan | won: False 
#  482 | steps:  4335 | steps_t:     0 | t: 1.299721 | r:  -507.000000 | e:   1.000000 | Q:        nan | won: False 
#  483 | steps:  4347 | steps_t:     0 | t: 1.303721 | r:  -511.000000 | e:   1.000000 | Q:        nan | won: False 
#  484 | steps:  4353 | steps_t:     0 | t: 1.305722 | r:  -505.000000 | e:   1.000000 | Q:        nan | won: False 
#  485 | steps:  4363 | steps_t:     0 | t: 1.307722 | r:  -509.000000 | e:   1.000000 | Q:        nan | won: False 
