#    1 | steps:    53 | steps_t:     0 | t: 0.063487 | r:  -508.000000 | e:   1.000000 | Q:        nan | won: False 
#    2 | steps:    80 | steps_t:     0 | t: 0.087492 | r:  -482.000000 | e:   1.000000 | Q:        nan | won: False 
#    3 | steps:   114 | steps_t:     0 | t: 0.119711 | r:  -467.000000 | e:   1.000000 | Q:        nan | won: False 
#    4 | steps:   174 | steps_t:     0 | t: 0.173725 | r:  -394.000000 | e:   1.000000 | Q:        nan | won: False 
#    5 | steps:   227 | steps_t:     0 | t: 0.223737 | r:  -519.000000 | e:   1.000000 | Q:        nan | won: False 
#    6 | steps:   320 | steps_t:     0 | t: 0.308585 | r:  -471.000000 | e:   1.000000 | Q:        nan | won: False 
#    7 | steps:   482 | steps_t:     0 | t: 0.455208 | r:  -320.000000 | e:   1.000000 | Q:        nan | won: False 
#    8 | steps:   534 | steps_t:     0 | t: 0.503221 | r:  -485.000000 | e:   1.000000 | Q:        nan | won: False 
#    9 | steps:   605 | steps_t:     0 | t: 0.568042 | r:  -427.000000 | e:   1.000000 | Q:        nan | won: False 
#   10 | steps:   684 | steps_t:     0 | t: 0.694706 | r:  -490.000000 | e:   1.000000 | Q:        nan | won: False 
#   11 | steps:   712 | steps_t:     0 | t: 0.720713 | r:  -417.000000 | e:   1.000000 | Q:        nan | won: False 
#   12 | steps:   775 | steps_t:     0 | t: 0.778463 | r:  -408.000000 | e:   1.000000 | Q:        nan | won: False 
#   13 | steps:   847 | steps_t:     0 | t: 0.843854 | r:  -505.000000 | e:   1.000000 | Q:        nan | won: False 
#   14 | steps:   892 | steps_t:     0 | t: 0.885864 | r:  -489.000000 | e:   1.000000 | Q:        nan | won: False 
#   15 | steps:   981 | steps_t:     0 | t: 0.968774 | r:  -500.000000 | e:   1.000000 | Q:        nan | won: False 
#   16 | steps:  1027 | steps_t:     0 | t: 1.010785 | r:  -413.000000 | e:   1.000000 | Q:        nan | won: False 
#   17 | steps:  1119 | steps_t:     0 | t: 1.093680 | r:  -459.000000 | e:   1.000000 | Q:        nan | won: False 
#   18 | steps:  1179 | steps_t:     0 | t: 1.150379 | r:  -504.000000 | e:   1.000000 | Q:        nan | won: False 
#   19 | steps:  1257 | steps_t:     0 | t: 1.221199 | r:  -445.000000 | e:   1.000000 | Q:        nan | won: False 
#   20 | steps:  1359 | steps_t:     0 | t: 6.020776 | r:  -535.000000 | e:   1.000000 | Q:        nan | won: False 
#   21 | steps:  1376 | steps_t:     0 | t: 6.036780 | r:  -472.000000 | e:   1.000000 | Q:        nan | won: False 
#   22 | steps:  1444 | steps_t:     0 | t: 6.096794 | r:  -501.000000 | e:   1.000000 | Q:        nan | won: False 
#   23 | steps:  1489 | steps_t:     0 | t: 6.138805 | r:  -511.000000 | e:   1.000000 | Q:        nan | won: False 
#   24 | steps:  1574 | steps_t:     0 | t: 6.215680 | r:  -463.000000 | e:   1.000000 | Q:        nan | won: False 
#   25 | steps:  1608 | steps_t:     0 | t: 6.245688 | r:  -489.000000 | e:   1.000000 | Q:        nan | won: False 
#   26 | steps:  1627 | steps_t:     0 | t: 6.263693 | r:  -485.000000 | e:   1.000000 | Q:        nan | won: False 
#   27 | steps:  1667 | steps_t:     0 | t: 6.299701 | r:  -462.000000 | e:   1.000000 | Q:        nan | won: False 
#   28 | steps:  1714 | steps_t:     0 | t: 6.341712 | r:  -414.000000 | e:   1.000000 | Q:        nan | won: False 
#   29 | steps:  1746 | steps_t:     0 | t: 6.369719 | r:  -421.000000 | e:   1.000000 | Q:        nan | won: False 
#   30 | steps:  1989 | steps_t:     0 | t: 6.589437 | r:  -317.000000 | e:   1.000000 | Q:        nan | won: False 
#   31 | steps:  2099 | steps_t:     0 | t: 6.689462 | r:  -444.000000 | e:   1.000000 | Q:        nan | won: False 
#   32 | steps:  2140 | steps_t:     0 | t: 6.727471 | r:  -375.000000 | e:   1.000000 | Q:        nan | won: False 
#   33 | steps:  2212 | steps_t:     0 | t: 6.794361 | r:  -483.000000 | e:   1.000000 | Q:        nan | won: False 
#   34 | steps:  2464 | steps_t:     0 | t: 7.104342 | r:  -465.000000 | e:   1.000000 | Q:        nan | won: False 
#   35 | steps:  2592 | steps_t:     0 | t: 7.221191 | r:  -411.000000 | e:   1.000000 | Q:        nan | won: False 
#   36 | steps:  2722 | steps_t:     0 | t: 7.340218 | r:  -442.000000 | e:   1.000000 | Q:        nan | won: False 
#   37 | steps:  2872 | steps_t:     0 | t: 7.476456 | r:  -473.000000 | e:   1.000000 | Q:        nan | won: False 
#   38 | steps:  2971 | steps_t:     0 | t: 7.567477 | r:  -521.000000 | e:   1.000000 | Q:        nan | won: False 
#   39 | steps:  3069 | steps_t:     0 | t: 7.657498 | r:  -443.000000 | e:   1.000000 | Q:        nan | won: False 
#   40 | steps:  3103 | steps_t:     0 | t: 7.688504 | r:  -511.000000 | e:   1.000000 | Q:        nan | won: False 
#   41 | steps:  3154 | steps_t:     0 | t: 7.735515 | r:  -396.000000 | e:   1.000000 | Q:        nan | won: False 
#   42 | steps:  3198 | steps_t:     0 | t: 7.775524 | r:  -488.000000 | e:   1.000000 | Q:        nan | won: False 
#   43 | steps:  3258 | steps_t:     0 | t: 7.830536 | r:  -471.000000 | e:   1.000000 | Q:        nan | won: False 
#   44 | steps:  3343 | steps_t:     0 | t: 7.908554 | r:  -430.000000 | e:   1.000000 | Q:        nan | won: False 
#   45 | steps:  3392 | steps_t:     0 | t: 7.953564 | r:  -482.000000 | e:   1.000000 | Q:        nan | won: False 
#   46 | steps:  3526 | steps_t:     0 | t: 8.075591 | r:  -501.000000 | e:   1.000000 | Q:        nan | won: False 
#   47 | steps:  3699 | steps_t:     0 | t: 8.233685 | r:  -386.000000 | e:   1.000000 | Q:        nan | won: False 
#   48 | steps:  3719 | steps_t:     0 | t: 8.252690 | r:  -464.000000 | e:   1.000000 | Q:        nan | won: False 
#   49 | steps:  3764 | steps_t:     0 | t: 8.292699 | r:  -500.000000 | e:   1.000000 | Q:        nan | won: False 
#   50 | steps:  3837 | steps_t:     0 | t: 8.359391 | r:  -418.000000 | e:   1.000000 | Q:        nan | won: False 
#   51 | steps:  3920 | steps_t:     0 | t: 8.435101 | r:  -340.000000 | e:   1.000000 | Q:        nan | won: False 
#   52 | steps:  3969 | steps_t:     0 | t: 19.672457 | r:  -482.000000 | e:   1.000000 | Q:        nan | won: False 
#   53 | steps:  4067 | steps_t:     0 | t: 19.761363 | r:  -531.000000 | e:   1.000000 | Q:        nan | won: False 
#   54 | steps:  4165 | steps_t:     0 | t: 19.942129 | r:  -498.000000 | e:   1.000000 | Q:        nan | won: False 
#   55 | steps:  4211 | steps_t:     0 | t: 19.984139 | r:  -501.000000 | e:   1.000000 | Q:        nan | won: False 
#   56 | steps:  4261 | steps_t:     0 | t: 20.028150 | r:  -450.000000 | e:   1.000000 | Q:        nan | won: False 
#   57 | steps:  4292 | steps_t:     0 | t: 20.056157 | r:  -486.000000 | e:   1.000000 | Q:        nan | won: False 
#   58 | steps:  4307 | steps_t:     0 | t: 20.070161 | r:  -481.000000 | e:   1.000000 | Q:        nan | won: False 
#   59 | steps:  4330 | steps_t:     0 | t: 20.090166 | r:  -489.000000 | e:   1.000000 | Q:        nan | won: False 
#   60 | steps:  4453 | steps_t:     0 | t: 20.200969 | r:  -523.000000 | e:   1.000000 | Q:        nan | won: False 
#   61 | steps:  4493 | steps_t:     0 | t: 20.236979 | r:  -495.000000 | e:   1.000000 | Q:        nan | won: False 
#   62 | steps:  4516 | steps_t:     0 | t: 20.256983 | r:  -478.000000 | e:   1.000000 | Q:        nan | won: False 
#   63 | steps:  4572 | steps_t:     0 | t: 20.308996 | r:  -467.000000 | e:   1.000000 | Q:        nan | won: False 
#   64 | steps:  4600 | steps_t:     0 | t: 20.333002 | r:  -472.000000 | e:   1.000000 | Q:        nan | won: False 
#   65 | steps:  4677 | steps_t:     0 | t: 20.403872 | r:  -477.000000 | e:   1.000000 | Q:        nan | won: False 
#   66 | steps:  4710 | steps_t:     0 | t: 20.431879 | r:  -455.000000 | e:   1.000000 | Q:        nan | won: False 
#   67 | steps:  4814 | steps_t:     0 | t: 20.528713 | r:  -526.000000 | e:   1.000000 | Q:        nan | won: False 
#   68 | steps:  4859 | steps_t:     0 | t: 20.568736 | r:  -357.000000 | e:   1.000000 | Q:        nan | won: False 
#   69 | steps:  4891 | steps_t:     0 | t: 20.599902 | r:  -399.000000 | e:   1.000000 | Q:        nan | won: False 
#   70 | steps:  4917 | steps_t:     0 | t: 20.622906 | r:  -492.000000 | e:   1.000000 | Q:        nan | won: False 
#   71 | steps:  4965 | steps_t:     0 | t: 20.666916 | r:  -437.000000 | e:   1.000000 | Q:        nan | won: False 
#   72 | steps:  4982 | steps_t:     0 | t: 20.682920 | r:  -439.000000 | e:   1.000000 | Q:        nan | won: False 
#   73 | steps:  5015 | steps_t:    14 | t: 21.003017 | r:  -477.000000 | e:   0.998600 | Q:        nan | won: False 
#   74 | steps:  5059 | steps_t:    57 | t: 21.751303 | r:  -455.000000 | e:   0.994300 | Q:        nan | won: False 
#   75 | steps:  5132 | steps_t:   129 | t: 23.052839 | r:  -396.000000 | e:   0.987100 | Q: -12.915955 | won: False 
#   76 | steps:  5160 | steps_t:   156 | t: 23.557062 | r:  -461.000000 | e:   0.984400 | Q:        nan | won: False 
#   77 | steps:  5179 | steps_t:   174 | t: 23.911141 | r:  -485.000000 | e:   0.982600 | Q: -16.036425 | won: False 
#   78 | steps:  5220 | steps_t:   214 | t: 24.674313 | r:  -419.000000 | e:   0.978600 | Q: -30.749882 | won: False 
#   79 | steps:  5290 | steps_t:   283 | t: 25.868581 | r:  -481.000000 | e:   0.971700 | Q: -20.211023 | won: False 
#   80 | steps:  5313 | steps_t:   305 | t: 26.283675 | r:  -467.000000 | e:   0.969500 | Q: -19.903410 | won: False 
#   81 | steps:  5395 | steps_t:   386 | t: 27.761790 | r:  -471.000000 | e:   0.961400 | Q: -44.389004 | won: False 
#   82 | steps:  5489 | steps_t:   479 | t: 29.480274 | r:  -516.000000 | e:   0.952100 | Q: -53.962502 | won: False 
#   83 | steps:  5680 | steps_t:   669 | t: 32.819220 | r:  -426.000000 | e:   0.933100 | Q: -42.020168 | won: False 
#   84 | steps:  5744 | steps_t:   732 | t: 33.890786 | r:  -475.000000 | e:   0.926800 | Q: -39.667511 | won: False 
#   85 | steps:  5777 | steps_t:   764 | t: 34.436195 | r:  -411.000000 | e:   0.923600 | Q: -54.156166 | won: False 
#   86 | steps:  5795 | steps_t:   781 | t: 34.728167 | r:  -473.000000 | e:   0.921900 | Q: -53.930470 | won: False 
#   87 | steps:  5860 | steps_t:   845 | t: 35.811903 | r:  -443.000000 | e:   0.915500 | Q: -49.788212 | won: False 
#   88 | steps:  5945 | steps_t:   929 | t: 37.227833 | r:  -485.000000 | e:   0.907100 | Q: -48.954945 | won: False 
#   89 | steps:  5970 | steps_t:   953 | t: 37.629345 | r:  -480.000000 | e:   0.904700 | Q: -45.312622 | won: False 
#   90 | steps:  6010 | steps_t:   992 | t: 38.394124 | r:  -407.000000 | e:   0.900800 | Q: -36.753342 | won: False 
#   91 | steps:  6033 | steps_t:  1014 | t: 38.760280 | r:  -478.000000 | e:   0.898600 | Q: -66.760887 | won: False 
#   92 | steps:  6107 | steps_t:  1087 | t: 39.974857 | r:  -441.000000 | e:   0.891300 | Q: -75.733078 | won: False 
#   93 | steps:  6137 | steps_t:  1116 | t: 40.470468 | r:  -463.000000 | e:   0.888400 | Q: -72.854813 | won: False 
#   94 | steps:  6152 | steps_t:  1130 | t: 40.716469 | r:  -459.000000 | e:   0.887000 | Q: -73.392143 | won: False 
#   95 | steps:  6198 | steps_t:  1175 | t: 41.468745 | r:  -446.000000 | e:   0.882500 | Q: -58.727608 | won: False 
#   96 | steps:  6281 | steps_t:  1257 | t: 42.840092 | r:  -505.000000 | e:   0.874300 | Q: -50.741241 | won: False 
#   97 | steps:  6302 | steps_t:  1277 | t: 43.166213 | r:  -476.000000 | e:   0.872300 | Q: -53.462757 | won: False 
#   98 | steps:  6471 | steps_t:  1445 | t: 45.955924 | r:  -448.000000 | e:   0.855500 | Q: -50.457603 | won: False 
#   99 | steps:  6530 | steps_t:  1503 | t: 46.957391 | r:  -481.000000 | e:   0.849700 | Q: -52.237617 | won: False 
#  100 | steps:  6569 | steps_t:  1541 | t: 47.557244 | r:  -428.000000 | e:   0.845900 | Q: -62.242474 | won: False 
#  101 | steps:  6594 | steps_t:  1565 | t: 47.951984 | r:  -491.000000 | e:   0.843500 | Q: -74.732185 | won: False 
#  102 | steps:  6652 | steps_t:  1622 | t: 48.869527 | r:  -502.000000 | e:   0.837800 | Q: -66.217834 | won: False 
#  103 | steps:  6683 | steps_t:  1652 | t: 49.344780 | r:  -420.000000 | e:   0.834800 | Q: -58.796700 | won: False 
#  104 | steps:  6720 | steps_t:  1688 | t: 49.935708 | r:  -415.000000 | e:   0.831200 | Q: -46.489315 | won: False 
#  105 | steps:  6874 | steps_t:  1841 | t: 52.510622 | r:  -367.000000 | e:   0.815900 | Q: -51.665703 | won: False 
#  106 | steps:  6938 | steps_t:  1904 | t: 53.497313 | r:  -453.000000 | e:   0.809600 | Q: -60.754406 | won: False 
#  107 | steps:  7097 | steps_t:  2062 | t: 56.078531 | r:  -405.000000 | e:   0.793800 | Q: -41.505760 | won: False 
#  108 | steps:  7167 | steps_t:  2131 | t: 57.191767 | r:  -459.000000 | e:   0.786900 | Q: -35.928467 | won: False 
#  109 | steps:  7270 | steps_t:  2233 | t: 58.859732 | r:  -459.000000 | e:   0.776700 | Q: -48.658726 | won: False 
#  110 | steps:  7299 | steps_t:  2261 | t: 59.320616 | r:  -484.000000 | e:   0.773900 | Q: -45.382122 | won: False 
#  111 | steps:  7345 | steps_t:  2306 | t: 60.087405 | r:  -369.000000 | e:   0.769400 | Q: -39.597473 | won: False 
#  112 | steps:  7362 | steps_t:  2322 | t: 60.350659 | r:  -472.000000 | e:   0.767800 | Q: -42.658447 | won: False 
#  113 | steps:  7390 | steps_t:  2349 | t: 60.795901 | r:  -483.000000 | e:   0.765100 | Q: -49.644001 | won: False 
#  114 | steps:  7451 | steps_t:  2409 | t: 61.806234 | r:  -472.000000 | e:   0.759100 | Q: -68.062393 | won: False 
#  115 | steps:  7481 | steps_t:  2438 | t: 62.292117 | r:  -364.000000 | e:   0.756200 | Q: -59.970158 | won: False 
#  116 | steps:  7516 | steps_t:  2472 | t: 62.845674 | r:  -435.000000 | e:   0.752800 | Q: -65.985863 | won: False 
#  117 | steps:  7660 | steps_t:  2615 | t: 65.137458 | r:  -357.000000 | e:   0.738500 | Q: -58.681374 | won: False 
#  118 | steps:  7711 | steps_t:  2665 | t: 65.955258 | r:  -495.000000 | e:   0.733500 | Q: -69.629082 | won: False 
#  119 | steps:  7759 | steps_t:  2712 | t: 66.717340 | r:  -481.000000 | e:   0.728800 | Q: -70.625023 | won: False 
#  120 | steps:  7797 | steps_t:  2749 | t: 67.314542 | r:  -460.000000 | e:   0.725100 | Q: -73.261566 | won: False 
#  121 | steps:  7847 | steps_t:  2798 | t: 68.096748 | r:  -483.000000 | e:   0.720200 | Q: -57.313927 | won: False 
#  122 | steps:  7895 | steps_t:  2845 | t: 68.855400 | r:  -459.000000 | e:   0.715500 | Q: -46.884888 | won: False 
#  123 | steps:  7952 | steps_t:  2901 | t: 69.748852 | r:  -468.000000 | e:   0.709900 | Q: -58.088512 | won: False 
#  124 | steps:  8064 | steps_t:  3012 | t: 71.512132 | r:  -512.000000 | e:   0.698800 | Q: -57.716709 | won: False 
#  125 | steps:  8090 | steps_t:  3037 | t: 71.929340 | r:  -470.000000 | e:   0.696300 | Q: -61.730797 | won: False 
#  126 | steps:  8120 | steps_t:  3066 | t: 72.385493 | r:  -397.000000 | e:   0.693400 | Q: -65.389641 | won: False 
#  127 | steps:  8148 | steps_t:  3093 | t: 72.824473 | r:  -472.000000 | e:   0.690700 | Q: -54.049469 | won: False 
#  128 | steps:  8205 | steps_t:  3149 | t: 73.701664 | r:  -380.000000 | e:   0.685100 | Q: -49.962299 | won: False 
#  129 | steps:  8280 | steps_t:  3223 | t: 74.880531 | r:  -464.000000 | e:   0.677700 | Q: -71.307564 | won: False 
#  130 | steps:  8378 | steps_t:  3320 | t: 76.559835 | r:  -443.000000 | e:   0.668000 | Q: -83.644798 | won: False 
#  131 | steps:  8391 | steps_t:  3332 | t: 76.753206 | r:  -435.000000 | e:   0.666800 | Q: -82.766663 | won: False 
#  132 | steps:  8464 | steps_t:  3404 | t: 77.958219 | r:  -363.000000 | e:   0.659600 | Q: -53.259430 | won: False 
#  133 | steps:  8536 | steps_t:  3475 | t: 79.074708 | r:  -483.000000 | e:   0.652500 | Q: -53.038074 | won: False 
#  134 | steps:  8570 | steps_t:  3508 | t: 79.589255 | r:  -467.000000 | e:   0.649200 | Q: -67.051033 | won: False 
#  135 | steps:  8618 | steps_t:  3555 | t: 80.378756 | r:  -437.000000 | e:   0.644500 | Q: -75.671143 | won: False 
#  136 | steps:  8687 | steps_t:  3623 | t: 81.505834 | r:  -414.000000 | e:   0.637700 | Q: -64.061607 | won: False 
#  137 | steps:  8726 | steps_t:  3661 | t: 82.143162 | r:  -483.000000 | e:   0.633900 | Q: -56.835823 | won: False 
#  138 | steps:  8753 | steps_t:  3687 | t: 82.573746 | r:  -416.000000 | e:   0.631300 | Q: -58.400185 | won: False 
#  139 | steps:  8767 | steps_t:  3700 | t: 82.795636 | r:  -469.000000 | e:   0.630000 | Q: -59.790901 | won: False 
#  140 | steps:  8887 | steps_t:  3819 | t: 84.743033 | r:  -388.000000 | e:   0.618100 | Q: -57.243874 | won: False 
#  141 | steps:  8974 | steps_t:  3905 | t: 86.166881 | r:  -410.000000 | e:   0.609500 | Q: -54.758259 | won: False 
#  142 | steps:  9012 | steps_t:  3942 | t: 86.788729 | r:  -449.000000 | e:   0.605800 | Q: -63.057983 | won: False 
#  143 | steps:  9138 | steps_t:  4067 | t: 88.880268 | r:  -537.000000 | e:   0.593300 | Q: -66.837883 | won: False 
#  144 | steps:  9169 | steps_t:  4097 | t: 89.370305 | r:  -475.000000 | e:   0.590300 | Q: -65.634338 | won: False 
#  145 | steps:  9200 | steps_t:  4127 | t: 89.863837 | r:  -442.000000 | e:   0.587300 | Q: -67.010849 | won: False 
#  146 | steps:  9322 | steps_t:  4248 | t: 91.844262 | r:  -423.000000 | e:   0.575200 | Q: -59.816380 | won: False 
#  147 | steps:  9379 | steps_t:  4304 | t: 92.762825 | r:  -457.000000 | e:   0.569600 | Q: -53.171280 | won: False 
#  148 | steps:  9500 | steps_t:  4424 | t: 94.684015 | r:  -488.000000 | e:   0.557600 | Q: -51.529606 | won: False 
#  149 | steps:  9598 | steps_t:  4521 | t: 96.211942 | r:  -355.000000 | e:   0.547900 | Q: -51.591137 | won: False 
#  150 | steps:  9809 | steps_t:  4731 | t: 99.524537 | r:  -468.000000 | e:   0.526900 | Q: -40.334583 | won: False 
#  151 | steps: 10066 | steps_t:  4987 | t: 103.963237 | r:  -397.000000 | e:   0.501300 | Q: -47.941166 | won: False 
#  152 | steps: 10125 | steps_t:  5045 | t: 104.946054 | r:  -459.000000 | e:   0.495500 | Q: -49.619564 | won: False 
#  153 | steps: 10259 | steps_t:  5178 | t: 107.071968 | r:  -468.000000 | e:   0.482200 | Q: -47.624023 | won: False 
#  154 | steps: 10360 | steps_t:  5278 | t: 108.673593 | r:  -413.000000 | e:   0.472200 | Q: -55.935497 | won: False 
#  155 | steps: 10415 | steps_t:  5332 | t: 109.558391 | r:  -400.000000 | e:   0.466800 | Q: -52.465172 | won: False 
#  156 | steps: 10478 | steps_t:  5394 | t: 110.552098 | r:  -386.000000 | e:   0.460600 | Q: -51.963501 | won: False 
#  157 | steps: 10582 | steps_t:  5497 | t: 112.302146 | r:  -427.000000 | e:   0.450300 | Q: -57.955082 | won: False 
#  158 | steps: 10665 | steps_t:  5579 | t: 113.693311 | r:  -428.000000 | e:   0.442100 | Q: -37.152187 | won: False 
#  159 | steps: 10761 | steps_t:  5674 | t: 115.318304 | r:  -529.000000 | e:   0.432600 | Q: -36.932594 | won: False 
#  160 | steps: 10898 | steps_t:  5810 | t: 117.664465 | r:  -372.000000 | e:   0.419000 | Q: -60.529514 | won: False 
#  161 | steps: 10996 | steps_t:  5907 | t: 119.237322 | r:  -267.000000 | e:   0.409300 | Q: -56.474525 | won: False 
#  162 | steps: 11027 | steps_t:  5937 | t: 119.725107 | r:  -475.000000 | e:   0.406300 | Q: -51.975292 | won: False 
#  163 | steps: 11043 | steps_t:  5952 | t: 119.972381 | r:  -460.000000 | e:   0.404800 | Q: -50.551132 | won: False 
#  164 | steps: 11294 | steps_t:  6202 | t: 124.384303 | r:  -292.000000 | e:   0.379800 | Q: -52.823776 | won: False 
#  165 | steps: 11328 | steps_t:  6235 | t: 124.948109 | r:  -401.000000 | e:   0.376500 | Q: -57.174633 | won: False 
#  166 | steps: 11364 | steps_t:  6270 | t: 125.560531 | r:  -480.000000 | e:   0.373000 | Q: -42.135998 | won: False 
#  167 | steps: 11410 | steps_t:  6315 | t: 126.359352 | r:  -490.000000 | e:   0.368500 | Q: -41.820423 | won: False 
#  168 | steps: 11427 | steps_t:  6331 | t: 126.620014 | r:  -461.000000 | e:   0.366900 | Q: -49.710922 | won: False 
#  169 | steps: 11501 | steps_t:  6404 | t: 127.809823 | r:  -386.000000 | e:   0.359600 | Q: -61.254322 | won: False 
#  170 | steps: 11527 | steps_t:  6429 | t: 128.217302 | r:  -404.000000 | e:   0.357100 | Q: -68.549194 | won: False 
#  171 | steps: 11554 | steps_t:  6455 | t: 128.655503 | r:  -482.000000 | e:   0.354500 | Q: -62.169086 | won: False 
#  172 | steps: 11594 | steps_t:  6494 | t: 129.316568 | r:  -396.000000 | e:   0.350600 | Q: -56.532810 | won: False 
#  173 | steps: 11688 | steps_t:  6587 | t: 130.870320 | r:  -362.000000 | e:   0.341300 | Q: -43.651730 | won: False 
#  174 | steps: 11713 | steps_t:  6611 | t: 131.264188 | r:  -480.000000 | e:   0.338900 | Q: -45.991619 | won: False 
#  175 | steps: 11754 | steps_t:  6651 | t: 131.930484 | r:  -408.000000 | e:   0.334900 | Q: -51.439404 | won: False 
#  176 | steps: 11798 | steps_t:  6694 | t: 132.611399 | r:  -488.000000 | e:   0.330600 | Q: -69.208954 | won: False 
#  177 | steps: 11833 | steps_t:  6728 | t: 133.145681 | r:  -490.000000 | e:   0.327200 | Q: -69.013031 | won: False 
#  178 | steps: 11852 | steps_t:  6746 | t: 133.422225 | r:  -408.000000 | e:   0.325400 | Q: -80.427948 | won: False 
#  179 | steps: 11888 | steps_t:  6781 | t: 133.971185 | r:  -502.000000 | e:   0.321900 | Q: -63.828613 | won: False 
#  180 | steps: 11909 | steps_t:  6801 | t: 134.276309 | r:  -476.000000 | e:   0.319900 | Q: -58.639484 | won: False 
#  181 | steps: 12105 | steps_t:  6996 | t: 137.340461 | r:  -475.000000 | e:   0.300400 | Q: -54.073418 | won: False 
#  182 | steps: 12236 | steps_t:  7126 | t: 139.345047 | r:  -399.000000 | e:   0.287400 | Q: -50.362274 | won: False 
#  183 | steps: 12280 | steps_t:  7169 | t: 140.013349 | r:  -455.000000 | e:   0.283100 | Q: -67.329689 | won: False 
#  184 | steps: 12366 | steps_t:  7254 | t: 141.329627 | r:  -387.000000 | e:   0.274600 | Q: -65.830055 | won: False 
#  185 | steps: 12428 | steps_t:  7315 | t: 142.307797 | r:  -407.000000 | e:   0.268500 | Q: -58.237484 | won: False 
#  186 | steps: 12457 | steps_t:  7343 | t: 142.758466 | r:  -506.000000 | e:   0.265700 | Q: -52.188351 | won: False 
#  187 | steps: 12497 | steps_t:  7382 | t: 143.399379 | r:  -506.000000 | e:   0.261800 | Q: -51.426769 | won: False 
#  188 | steps: 12590 | steps_t:  7474 | t: 144.908179 | r:  -361.000000 | e:   0.252600 | Q: -52.867752 | won: False 
#  189 | steps: 12704 | steps_t:  7587 | t: 146.757022 | r:  -382.000000 | e:   0.241300 | Q: -55.962627 | won: False 
#  190 | steps: 12720 | steps_t:  7602 | t: 146.987965 | r:  -416.000000 | e:   0.239800 | Q: -77.015900 | won: False 
#  191 | steps: 12815 | steps_t:  7696 | t: 148.448192 | r:  -396.000000 | e:   0.230400 | Q: -63.754395 | won: False 
#  192 | steps: 12877 | steps_t:  7757 | t: 149.391323 | r:  -484.000000 | e:   0.224300 | Q: -57.369781 | won: False 
#  193 | steps: 12892 | steps_t:  7771 | t: 149.616209 | r:  -459.000000 | e:   0.222900 | Q: -81.521744 | won: False 
#  194 | steps: 12994 | steps_t:  7872 | t: 151.290692 | r:  -392.000000 | e:   0.212800 | Q: -67.523323 | won: False 
#  195 | steps: 13068 | steps_t:  7945 | t: 152.503709 | r:  -375.000000 | e:   0.205500 | Q: -67.066231 | won: False 
#  196 | steps: 13088 | steps_t:  7964 | t: 152.828603 | r:  -442.000000 | e:   0.203600 | Q: -62.702549 | won: False 
#  197 | steps: 13160 | steps_t:  8035 | t: 153.969317 | r:  -450.000000 | e:   0.196500 | Q: -60.343407 | won: False 
#  198 | steps: 13206 | steps_t:  8080 | t: 154.671625 | r:  -512.000000 | e:   0.192000 | Q: -52.903118 | won: False 
#  199 | steps: 13263 | steps_t:  8136 | t: 155.562226 | r:  -534.000000 | e:   0.186400 | Q: -67.537430 | won: False 
#  200 | steps: 13335 | steps_t:  8207 | t: 156.686528 | r:  -483.000000 | e:   0.179300 | Q: -59.900753 | won: False 
#  201 | steps: 13372 | steps_t:  8243 | t: 157.241735 | r:  -503.000000 | e:   0.175700 | Q: -59.841747 | won: False 
#  202 | steps: 13465 | steps_t:  8335 | t: 158.725068 | r:  -493.000000 | e:   0.166500 | Q: -55.087101 | won: False 
#  203 | steps: 13496 | steps_t:  8365 | t: 159.217179 | r:  -453.000000 | e:   0.163500 | Q: -57.679096 | won: False 
#  204 | steps: 13544 | steps_t:  8412 | t: 160.006356 | r:  -415.000000 | e:   0.158800 | Q: -54.199711 | won: False 
#  205 | steps: 13574 | steps_t:  8441 | t: 160.481785 | r:  -474.000000 | e:   0.155900 | Q: -61.992092 | won: False 
#  206 | steps: 13611 | steps_t:  8477 | t: 161.071001 | r:  -481.000000 | e:   0.152300 | Q: -49.729996 | won: False 
#  207 | steps: 13680 | steps_t:  8545 | t: 162.148815 | r:  -513.000000 | e:   0.145500 | Q: -18.831316 | won: False 
#  208 | steps: 13811 | steps_t:  8675 | t: 164.198078 | r:  -410.000000 | e:   0.132500 | Q: -16.508589 | won: False 
#  209 | steps: 13851 | steps_t:  8714 | t: 164.814365 | r:  -462.000000 | e:   0.128600 | Q: -58.425022 | won: False 
#  210 | steps: 13890 | steps_t:  8752 | t: 165.404216 | r:  -494.000000 | e:   0.124800 | Q: -48.269009 | won: False 
#  211 | steps: 13957 | steps_t:  8818 | t: 166.445296 | r:  -390.000000 | e:   0.118200 | Q: -33.756500 | won: False 
#  212 | steps: 14008 | steps_t:  8868 | t: 167.228260 | r:  -528.000000 | e:   0.113200 | Q: -38.112610 | won: False 
#  213 | steps: 14050 | steps_t:  8909 | t: 167.866838 | r:  -530.000000 | e:   0.109100 | Q: -30.529921 | won: False 
#  214 | steps: 14105 | steps_t:  8963 | t: 168.692112 | r:  -477.000000 | e:   0.103700 | Q: -27.942673 | won: False 
#  215 | steps: 14154 | steps_t:  9011 | t: 169.427983 | r:  -460.000000 | e:   0.100000 | Q: -59.028912 | won: False 
#  216 | steps: 14169 | steps_t:  9025 | t: 169.657169 | r:  -437.000000 | e:   0.100000 | Q: -49.146458 | won: False 
#  217 | steps: 14258 | steps_t:  9113 | t: 171.033367 | r:  -511.000000 | e:   0.100000 | Q: -61.963478 | won: False 
#  218 | steps: 14326 | steps_t:  9180 | t: 172.068376 | r:  -424.000000 | e:   0.100000 | Q: -43.696274 | won: False 
#  219 | steps: 14345 | steps_t:  9198 | t: 172.347181 | r:  -463.000000 | e:   0.100000 | Q: -24.370848 | won: False 
#  220 | steps: 14655 | steps_t:  9507 | t: 177.396283 | r:  -556.000000 | e:   0.100000 | Q: -27.498032 | won: False 
#  221 | steps: 14758 | steps_t:  9609 | t: 178.996408 | r:  -393.000000 | e:   0.100000 | Q:  -7.805760 | won: False 
#  222 | steps: 14813 | steps_t:  9663 | t: 179.840413 | r:  -411.000000 | e:   0.100000 | Q:  -2.059735 | won: False 
#  223 | steps: 14829 | steps_t:  9678 | t: 180.068014 | r:  -405.000000 | e:   0.100000 | Q:  -5.427872 | won: False 
#  224 | steps: 14869 | steps_t:  9717 | t: 180.674544 | r:  -462.000000 | e:   0.100000 | Q:  -9.326255 | won: False 
#  225 | steps: 14895 | steps_t:  9742 | t: 181.079473 | r:  -481.000000 | e:   0.100000 | Q: -22.795242 | won: False 
#  226 | steps: 14931 | steps_t:  9777 | t: 181.645328 | r:  -480.000000 | e:   0.100000 | Q:  -9.531689 | won: False 
#  227 | steps: 15097 | steps_t:  9942 | t: 184.254706 | r:  -445.000000 | e:   0.100000 | Q: -10.266027 | won: False 
#  228 | steps: 15115 | steps_t:  9959 | t: 184.533769 | r:  -473.000000 | e:   0.100000 | Q:  -4.182412 | won: False 
#  229 | steps: 15260 | steps_t: 10103 | t: 186.895435 | r:  -424.000000 | e:   0.100000 | Q:  -1.120962 | won: False 
#  230 | steps: 15283 | steps_t: 10125 | t: 187.247514 | r:  -456.000000 | e:   0.100000 | Q:   5.713552 | won: False 
#  231 | steps: 15349 | steps_t: 10190 | t: 188.281746 | r:  -477.000000 | e:   0.100000 | Q:   5.723828 | won: False 
#  232 | steps: 15482 | steps_t: 10322 | t: 190.393707 | r:  -544.000000 | e:   0.100000 | Q:   5.268844 | won: False 
#  233 | steps: 15554 | steps_t: 10393 | t: 191.563033 | r:  -329.000000 | e:   0.100000 | Q:   6.935109 | won: False 
#  234 | steps: 15669 | steps_t: 10507 | t: 193.430810 | r:  -416.000000 | e:   0.100000 | Q:  -3.526619 | won: False 
#  235 | steps: 15775 | steps_t: 10612 | t: 195.178822 | r:  -363.000000 | e:   0.100000 | Q:   2.266699 | won: False 
#  236 | steps: 15840 | steps_t: 10676 | t: 196.230448 | r:  -476.000000 | e:   0.100000 | Q:   0.089869 | won: False 
#  237 | steps: 15908 | steps_t: 10743 | t: 197.352701 | r:  -391.000000 | e:   0.100000 | Q:   4.898705 | won: False 
#  238 | steps: 15954 | steps_t: 10788 | t: 198.120874 | r:  -501.000000 | e:   0.100000 | Q:   0.264157 | won: False 
#  239 | steps: 15971 | steps_t: 10804 | t: 198.394935 | r:  -472.000000 | e:   0.100000 | Q:   3.479564 | won: False 
#  240 | steps: 16020 | steps_t: 10852 | t: 199.224303 | r:  -471.000000 | e:   0.100000 | Q:   2.175911 | won: False 
#  241 | steps: 16043 | steps_t: 10874 | t: 199.603720 | r:  -478.000000 | e:   0.100000 | Q:  -4.022961 | won: False 
#  242 | steps: 16093 | steps_t: 10923 | t: 200.445235 | r:  -505.000000 | e:   0.100000 | Q:  -8.183302 | won: False 
#  243 | steps: 16275 | steps_t: 11104 | t: 203.505922 | r:  -472.000000 | e:   0.100000 | Q:   3.530855 | won: False 
#  244 | steps: 16294 | steps_t: 11122 | t: 203.814991 | r:  -463.000000 | e:   0.100000 | Q:   5.853751 | won: False 
#  245 | steps: 16433 | steps_t: 11260 | t: 206.058496 | r:  -506.000000 | e:   0.100000 | Q:   5.618615 | won: False 
#  246 | steps: 16543 | steps_t: 11369 | t: 207.927915 | r:  -510.000000 | e:   0.100000 | Q:   1.795290 | won: False 
#  247 | steps: 16641 | steps_t: 11466 | t: 209.570285 | r:  -410.000000 | e:   0.100000 | Q:  -1.521463 | won: False 
#  248 | steps: 16708 | steps_t: 11532 | t: 210.695537 | r:  -489.000000 | e:   0.100000 | Q:  -2.722490 | won: False 
#  249 | steps: 16729 | steps_t: 11552 | t: 211.036614 | r:  -476.000000 | e:   0.100000 | Q:  -0.930922 | won: False 
#  250 | steps: 16804 | steps_t: 11626 | t: 212.292896 | r:  -486.000000 | e:   0.100000 | Q:  -0.877801 | won: False 
#  251 | steps: 16908 | steps_t: 11729 | t: 214.037288 | r:  -460.000000 | e:   0.100000 | Q:  -1.775901 | won: False 
#  252 | steps: 16922 | steps_t: 11742 | t: 214.259338 | r:  -414.000000 | e:   0.100000 | Q:  -1.634038 | won: False 
#  253 | steps: 16997 | steps_t: 11816 | t: 215.458608 | r:  -343.000000 | e:   0.100000 | Q:   1.136264 | won: False 
#  254 | steps: 17016 | steps_t: 11834 | t: 215.755674 | r:  -408.000000 | e:   0.100000 | Q:   2.152678 | won: False 
#  255 | steps: 17035 | steps_t: 11852 | t: 216.039738 | r:  -441.000000 | e:   0.100000 | Q:  -0.464286 | won: False 
#  256 | steps: 17061 | steps_t: 11877 | t: 216.434827 | r:  -371.000000 | e:   0.100000 | Q:  -3.974833 | won: False 
#  257 | steps: 17121 | steps_t: 11936 | t: 217.370037 | r:  -493.000000 | e:   0.100000 | Q:   0.535867 | won: False 
#  258 | steps: 17170 | steps_t: 11984 | t: 218.127207 | r:  -427.000000 | e:   0.100000 | Q:  -3.482898 | won: False 
#  259 | steps: 17351 | steps_t: 12164 | t: 221.071868 | r:  -460.000000 | e:   0.100000 | Q:  -3.794920 | won: False 
#  260 | steps: 17384 | steps_t: 12196 | t: 221.569981 | r:  -389.000000 | e:   0.100000 | Q:  -1.298780 | won: False 
#  261 | steps: 17603 | steps_t: 12414 | t: 225.006753 | r:  -399.000000 | e:   0.100000 | Q:  -2.969202 | won: False 
#  262 | steps: 17726 | steps_t: 12536 | t: 226.955191 | r:  -369.000000 | e:   0.100000 | Q: -10.965049 | won: False 
#  263 | steps: 17769 | steps_t: 12578 | t: 227.654348 | r:  -465.000000 | e:   0.100000 | Q:  -6.104045 | won: False 
#  264 | steps: 17786 | steps_t: 12594 | t: 227.907929 | r:  -461.000000 | e:   0.100000 | Q:  -6.714425 | won: False 
#  265 | steps: 17850 | steps_t: 12657 | t: 228.955918 | r:  -486.000000 | e:   0.100000 | Q:  -4.548109 | won: False 
#  266 | steps: 17995 | steps_t: 12801 | t: 231.334452 | r:  -380.000000 | e:   0.100000 | Q:  -6.135211 | won: False 
#  267 | steps: 18068 | steps_t: 12873 | t: 232.557728 | r:  -418.000000 | e:   0.100000 | Q:  -6.880237 | won: False 
#  268 | steps: 18292 | steps_t: 13096 | t: 236.189080 | r:  -243.000000 | e:   0.100000 | Q:  -4.348402 | won: False 
