#    1 | steps:    67 | steps_t:     0 | t: 0.104270 | r:  -335.000000 | e:   1.000000 | Q:        nan | won: False 
#    2 | steps:   198 | steps_t:     0 | t: 0.223292 | r:  -531.000000 | e:   1.000000 | Q:        nan | won: False 
#    3 | steps:   234 | steps_t:     0 | t: 0.255301 | r:  -513.000000 | e:   1.000000 | Q:        nan | won: False 
#    4 | steps:   274 | steps_t:     0 | t: 0.291310 | r:  -484.000000 | e:   1.000000 | Q:        nan | won: False 
#    5 | steps:   322 | steps_t:     0 | t: 0.335320 | r:  -371.000000 | e:   1.000000 | Q:        nan | won: False 
#    6 | steps:   352 | steps_t:     0 | t: 0.363327 | r:  -430.000000 | e:   1.000000 | Q:        nan | won: False 
#    7 | steps:   408 | steps_t:     0 | t: 0.413340 | r:  -500.000000 | e:   1.000000 | Q:        nan | won: False 
#    8 | steps:   430 | steps_t:     0 | t: 0.433345 | r:  -499.000000 | e:   1.000000 | Q:        nan | won: False 
#    9 | steps:   724 | steps_t:     0 | t: 0.751517 | r:  -463.000000 | e:   1.000000 | Q:        nan | won: False 
#   10 | steps:   828 | steps_t:     0 | t: 0.846355 | r:  -394.000000 | e:   1.000000 | Q:        nan | won: False 
#   11 | steps:   902 | steps_t:     0 | t: 0.913167 | r:  -474.000000 | e:   1.000000 | Q:        nan | won: False 
#   12 | steps:  1016 | steps_t:     0 | t: 1.017851 | r:  -547.000000 | e:   1.000000 | Q:        nan | won: False 
#   13 | steps:  1075 | steps_t:     0 | t: 1.073865 | r:  -470.000000 | e:   1.000000 | Q:        nan | won: False 
#   14 | steps:  1103 | steps_t:     0 | t: 1.098752 | r:  -439.000000 | e:   1.000000 | Q:        nan | won: False 
#   15 | steps:  1285 | steps_t:     0 | t: 1.262829 | r:  -516.000000 | e:   1.000000 | Q:        nan | won: False 
#   16 | steps:  1377 | steps_t:     0 | t: 1.345752 | r:  -382.000000 | e:   1.000000 | Q:        nan | won: False 
#   17 | steps:  1402 | steps_t:     0 | t: 1.367758 | r:  -458.000000 | e:   1.000000 | Q:        nan | won: False 
#   18 | steps:  1426 | steps_t:     0 | t: 1.391763 | r:  -457.000000 | e:   1.000000 | Q:        nan | won: False 
#   19 | steps:  1446 | steps_t:     0 | t: 1.409768 | r:  -453.000000 | e:   1.000000 | Q:        nan | won: False 
#   20 | steps:  1528 | steps_t:     0 | t: 1.482632 | r:  -372.000000 | e:   1.000000 | Q:        nan | won: False 
#   21 | steps:  1564 | steps_t:     0 | t: 1.514640 | r:  -491.000000 | e:   1.000000 | Q:        nan | won: False 
#   22 | steps:  1605 | steps_t:     0 | t: 1.552649 | r:  -397.000000 | e:   1.000000 | Q:        nan | won: False 
#   23 | steps:  1642 | steps_t:     0 | t: 1.586658 | r:  -470.000000 | e:   1.000000 | Q:        nan | won: False 
#   24 | steps:  1655 | steps_t:     0 | t: 1.598661 | r:  -457.000000 | e:   1.000000 | Q:        nan | won: False 
#   25 | steps:  1719 | steps_t:     0 | t: 1.655587 | r:  -519.000000 | e:   1.000000 | Q:        nan | won: False 
#   26 | steps:  1848 | steps_t:     0 | t: 1.772333 | r:  -441.000000 | e:   1.000000 | Q:        nan | won: False 
#   27 | steps:  2164 | steps_t:     0 | t: 2.059086 | r:  -280.000000 | e:   1.000000 | Q:        nan | won: False 
#   28 | steps:  2218 | steps_t:     0 | t: 2.109099 | r:  -377.000000 | e:   1.000000 | Q:        nan | won: False 
#   29 | steps:  2362 | steps_t:     0 | t: 2.314033 | r:  -511.000000 | e:   1.000000 | Q:        nan | won: False 
#   30 | steps:  2391 | steps_t:     0 | t: 2.340039 | r:  -473.000000 | e:   1.000000 | Q:        nan | won: False 
#   31 | steps:  2523 | steps_t:     0 | t: 2.458961 | r:  -422.000000 | e:   1.000000 | Q:        nan | won: False 
#   32 | steps:  2565 | steps_t:     0 | t: 2.496971 | r:  -464.000000 | e:   1.000000 | Q:        nan | won: False 
#   33 | steps:  2586 | steps_t:     0 | t: 2.514975 | r:  -465.000000 | e:   1.000000 | Q:        nan | won: False 
#   34 | steps:  2777 | steps_t:     0 | t: 2.687913 | r:  -371.000000 | e:   1.000000 | Q:        nan | won: False 
#   35 | steps:  2797 | steps_t:     0 | t: 2.705918 | r:  -464.000000 | e:   1.000000 | Q:        nan | won: False 
#   36 | steps:  2963 | steps_t:     0 | t: 2.858857 | r:  -423.000000 | e:   1.000000 | Q:        nan | won: False 
#   37 | steps:  3019 | steps_t:     0 | t: 2.908870 | r:  -445.000000 | e:   1.000000 | Q:        nan | won: False 
#   38 | steps:  3036 | steps_t:     0 | t: 2.924874 | r:  -494.000000 | e:   1.000000 | Q:        nan | won: False 
#   39 | steps:  3064 | steps_t:     0 | t: 2.948880 | r:  -428.000000 | e:   1.000000 | Q:        nan | won: False 
#   40 | steps:  3088 | steps_t:     0 | t: 2.970886 | r:  -468.000000 | e:   1.000000 | Q:        nan | won: False 
#   41 | steps:  3102 | steps_t:     0 | t: 2.982888 | r:  -469.000000 | e:   1.000000 | Q:        nan | won: False 
#   42 | steps:  3146 | steps_t:     0 | t: 3.022898 | r:  -367.000000 | e:   1.000000 | Q:        nan | won: False 
#   43 | steps:  3183 | steps_t:     0 | t: 3.056907 | r:  -459.000000 | e:   1.000000 | Q:        nan | won: False 
#   44 | steps:  3226 | steps_t:     0 | t: 3.094917 | r:  -454.000000 | e:   1.000000 | Q:        nan | won: False 
#   45 | steps:  3435 | steps_t:     0 | t: 3.283870 | r:  -510.000000 | e:   1.000000 | Q:        nan | won: False 
#   46 | steps:  3451 | steps_t:     0 | t: 3.297874 | r:  -482.000000 | e:   1.000000 | Q:        nan | won: False 
#   47 | steps:  3599 | steps_t:     0 | t: 3.430899 | r:  -471.000000 | e:   1.000000 | Q:        nan | won: False 
#   48 | steps:  3692 | steps_t:     0 | t: 3.515788 | r:  -405.000000 | e:   1.000000 | Q:        nan | won: False 
#   49 | steps:  3764 | steps_t:     0 | t: 3.582424 | r:  -494.000000 | e:   1.000000 | Q:        nan | won: False 
#   50 | steps:  3854 | steps_t:     0 | t: 3.664976 | r:  -435.000000 | e:   1.000000 | Q:        nan | won: False 
#   51 | steps:  3881 | steps_t:     0 | t: 3.688982 | r:  -460.000000 | e:   1.000000 | Q:        nan | won: False 
#   52 | steps:  3911 | steps_t:     0 | t: 3.714988 | r:  -474.000000 | e:   1.000000 | Q:        nan | won: False 
#   53 | steps:  3980 | steps_t:     0 | t: 3.779004 | r:  -414.000000 | e:   1.000000 | Q:        nan | won: False 
#   54 | steps:  4118 | steps_t:     0 | t: 3.996802 | r:  -538.000000 | e:   1.000000 | Q:        nan | won: False 
#   55 | steps:  4164 | steps_t:     0 | t: 4.036812 | r:  -446.000000 | e:   1.000000 | Q:        nan | won: False 
#   56 | steps:  4198 | steps_t:     0 | t: 4.068820 | r:  -445.000000 | e:   1.000000 | Q:        nan | won: False 
#   57 | steps:  4223 | steps_t:     0 | t: 4.090826 | r:  -469.000000 | e:   1.000000 | Q:        nan | won: False 
#   58 | steps:  4257 | steps_t:     0 | t: 4.120834 | r:  -489.000000 | e:   1.000000 | Q:        nan | won: False 
#   59 | steps:  4284 | steps_t:     0 | t: 4.146840 | r:  -361.000000 | e:   1.000000 | Q:        nan | won: False 
#   60 | steps:  4302 | steps_t:     0 | t: 4.162844 | r:  -473.000000 | e:   1.000000 | Q:        nan | won: False 
#   61 | steps:  4354 | steps_t:     0 | t: 4.208855 | r:  -507.000000 | e:   1.000000 | Q:        nan | won: False 
#   62 | steps:  4406 | steps_t:     0 | t: 4.256867 | r:  -485.000000 | e:   1.000000 | Q:        nan | won: False 
#   63 | steps:  4502 | steps_t:     0 | t: 4.341733 | r:  -507.000000 | e:   1.000000 | Q:        nan | won: False 
#   64 | steps:  4579 | steps_t:     0 | t: 4.412605 | r:  -477.000000 | e:   1.000000 | Q:        nan | won: False 
#   65 | steps:  4619 | steps_t:     0 | t: 4.450614 | r:  -473.000000 | e:   1.000000 | Q:        nan | won: False 
#   66 | steps:  4640 | steps_t:     0 | t: 4.468619 | r:  -465.000000 | e:   1.000000 | Q:        nan | won: False 
#   67 | steps:  4690 | steps_t:     0 | t: 4.514630 | r:  -472.000000 | e:   1.000000 | Q:        nan | won: False 
#   68 | steps:  4808 | steps_t:     0 | t: 4.620657 | r:  -397.000000 | e:   1.000000 | Q:        nan | won: False 
#   69 | steps:  4923 | steps_t:     0 | t: 4.725493 | r:  -383.000000 | e:   1.000000 | Q:        nan | won: False 
#   70 | steps:  4966 | steps_t:     0 | t: 4.763502 | r:  -487.000000 | e:   1.000000 | Q:        nan | won: False 
#   71 | steps:  5061 | steps_t:    60 | t: 5.882532 | r:  -451.000000 | e:   0.994000 | Q:        nan | won: False 
#   72 | steps:  5091 | steps_t:    89 | t: 6.410187 | r:  -496.000000 | e:   0.991100 | Q:        nan | won: False 
#   73 | steps:  5135 | steps_t:   132 | t: 7.202073 | r:  -499.000000 | e:   0.986800 | Q:   0.860015 | won: False 
#   74 | steps:  5264 | steps_t:   260 | t: 9.478439 | r:  -474.000000 | e:   0.974000 | Q:  -3.785218 | won: False 
#   75 | steps:  5377 | steps_t:   372 | t: 11.479875 | r:  -348.000000 | e:   0.962800 | Q: -17.438250 | won: False 
#   76 | steps:  5428 | steps_t:   422 | t: 12.359797 | r:  -506.000000 | e:   0.957800 | Q: -37.831020 | won: False 
#   77 | steps:  5497 | steps_t:   490 | t: 13.569113 | r:  -436.000000 | e:   0.951000 | Q: -39.513851 | won: False 
#   78 | steps:  5551 | steps_t:   543 | t: 14.515393 | r:  -388.000000 | e:   0.945700 | Q: -43.784752 | won: False 
#   79 | steps:  5698 | steps_t:   689 | t: 17.105560 | r:  -382.000000 | e:   0.931100 | Q: -36.966717 | won: False 
#   80 | steps:  5812 | steps_t:   802 | t: 19.041852 | r:  -415.000000 | e:   0.919800 | Q: -41.558510 | won: False 
#   81 | steps:  5827 | steps_t:   816 | t: 19.293465 | r:  -503.000000 | e:   0.918400 | Q: -51.315258 | won: False 
#   82 | steps:  5882 | steps_t:   870 | t: 20.202860 | r:  -433.000000 | e:   0.913000 | Q: -52.213966 | won: False 
#   83 | steps:  5926 | steps_t:   913 | t: 20.930714 | r:  -411.000000 | e:   0.908700 | Q: -35.520844 | won: False 
#   84 | steps:  5974 | steps_t:   960 | t: 21.856297 | r:  -503.000000 | e:   0.904000 | Q: -37.117592 | won: False 
#   85 | steps:  6012 | steps_t:   997 | t: 22.512090 | r:  -493.000000 | e:   0.900300 | Q: -59.011642 | won: False 
#   86 | steps:  6127 | steps_t:  1111 | t: 24.506821 | r:  -251.000000 | e:   0.888900 | Q: -50.887508 | won: False 
#   87 | steps:  6151 | steps_t:  1134 | t: 24.871914 | r:  -424.000000 | e:   0.886600 | Q: -51.057106 | won: False 
#   88 | steps:  6322 | steps_t:  1304 | t: 27.711271 | r:  -450.000000 | e:   0.869600 | Q: -49.619606 | won: False 
#   89 | steps:  6352 | steps_t:  1333 | t: 28.192783 | r:  -485.000000 | e:   0.866700 | Q: -71.056877 | won: False 
#   90 | steps:  6378 | steps_t:  1358 | t: 28.598717 | r:  -470.000000 | e:   0.864200 | Q: -54.332722 | won: False 
#   91 | steps:  6408 | steps_t:  1387 | t: 29.069828 | r:  -430.000000 | e:   0.861300 | Q: -47.348152 | won: False 
#   92 | steps:  6455 | steps_t:  1433 | t: 29.876920 | r:  -458.000000 | e:   0.856700 | Q: -40.022011 | won: False 
#   93 | steps:  6551 | steps_t:  1528 | t: 31.512235 | r:  -408.000000 | e:   0.847200 | Q: -47.634991 | won: False 
#   94 | steps:  6597 | steps_t:  1573 | t: 32.245127 | r:  -402.000000 | e:   0.842700 | Q: -48.180405 | won: False 
#   95 | steps:  6623 | steps_t:  1598 | t: 32.638492 | r:  -503.000000 | e:   0.840200 | Q: -46.090305 | won: False 
#   96 | steps:  6679 | steps_t:  1653 | t: 33.540929 | r:  -456.000000 | e:   0.834700 | Q: -41.978096 | won: False 
#   97 | steps:  6697 | steps_t:  1670 | t: 33.826195 | r:  -506.000000 | e:   0.833000 | Q: -59.302059 | won: False 
#   98 | steps:  6729 | steps_t:  1701 | t: 34.333132 | r:  -432.000000 | e:   0.829900 | Q: -52.111084 | won: False 
#   99 | steps:  6778 | steps_t:  1749 | t: 35.120800 | r:  -482.000000 | e:   0.825100 | Q: -46.711353 | won: False 
#  100 | steps:  6888 | steps_t:  1858 | t: 36.921436 | r:  -510.000000 | e:   0.814200 | Q: -43.924244 | won: False 
#  101 | steps:  6906 | steps_t:  1875 | t: 37.222317 | r:  -462.000000 | e:   0.812500 | Q: -65.947975 | won: False 
#  102 | steps:  7007 | steps_t:  1975 | t: 38.897288 | r:  -523.000000 | e:   0.802500 | Q: -57.827095 | won: False 
#  103 | steps:  7054 | steps_t:  2021 | t: 39.672986 | r:  -403.000000 | e:   0.797900 | Q: -61.022202 | won: False 
#  104 | steps:  7101 | steps_t:  2067 | t: 40.457445 | r:  -469.000000 | e:   0.793300 | Q: -65.946800 | won: False 
#  105 | steps:  7157 | steps_t:  2122 | t: 41.366737 | r:  -500.000000 | e:   0.787800 | Q: -57.861759 | won: False 
#  106 | steps:  7253 | steps_t:  2217 | t: 42.920375 | r:  -408.000000 | e:   0.778300 | Q: -49.001396 | won: False 
#  107 | steps:  7293 | steps_t:  2256 | t: 43.570540 | r:  -495.000000 | e:   0.774400 | Q: -51.588211 | won: False 
#  108 | steps:  7439 | steps_t:  2401 | t: 45.964887 | r:  -359.000000 | e:   0.759900 | Q: -40.623535 | won: False 
#  109 | steps:  7487 | steps_t:  2448 | t: 46.736825 | r:  -415.000000 | e:   0.755200 | Q: -40.936653 | won: False 
#  110 | steps:  7527 | steps_t:  2487 | t: 47.402190 | r:  -440.000000 | e:   0.751300 | Q: -48.194202 | won: False 
#  111 | steps:  7553 | steps_t:  2512 | t: 47.834178 | r:  -415.000000 | e:   0.748800 | Q: -49.669937 | won: False 
#  112 | steps:  7729 | steps_t:  2687 | t: 50.859415 | r:  -466.000000 | e:   0.731300 | Q: -49.811817 | won: False 
#  113 | steps:  7756 | steps_t:  2713 | t: 51.279338 | r:  -416.000000 | e:   0.728700 | Q: -75.317604 | won: False 
#  114 | steps:  7834 | steps_t:  2790 | t: 52.539721 | r:  -412.000000 | e:   0.721000 | Q: -54.418488 | won: False 
#  115 | steps:  8100 | steps_t:  3055 | t: 56.810691 | r:  -457.000000 | e:   0.694500 | Q: -52.975632 | won: False 
#  116 | steps:  8151 | steps_t:  3105 | t: 57.619643 | r:  -495.000000 | e:   0.689500 | Q: -50.851746 | won: False 
#  117 | steps:  8177 | steps_t:  3130 | t: 58.014461 | r:  -459.000000 | e:   0.687000 | Q: -66.292313 | won: False 
#  118 | steps:  8202 | steps_t:  3154 | t: 58.414663 | r:  -502.000000 | e:   0.684600 | Q: -77.916824 | won: False 
#  119 | steps:  8220 | steps_t:  3171 | t: 58.691391 | r:  -451.000000 | e:   0.682900 | Q: -83.366524 | won: False 
#  120 | steps:  8286 | steps_t:  3236 | t: 59.847245 | r:  -499.000000 | e:   0.676400 | Q: -55.009510 | won: False 
#  121 | steps:  8415 | steps_t:  3364 | t: 61.888188 | r:  -269.000000 | e:   0.663600 | Q: -49.809898 | won: False 
#  122 | steps:  8457 | steps_t:  3405 | t: 62.544178 | r:  -497.000000 | e:   0.659500 | Q: -53.753052 | won: False 
#  123 | steps:  8528 | steps_t:  3475 | t: 63.658815 | r:  -460.000000 | e:   0.652500 | Q: -39.051426 | won: False 
#  124 | steps:  8562 | steps_t:  3508 | t: 64.179528 | r:  -511.000000 | e:   0.649200 | Q: -49.785522 | won: False 
#  125 | steps:  8593 | steps_t:  3538 | t: 64.656944 | r:  -453.000000 | e:   0.646200 | Q: -63.572220 | won: False 
#  126 | steps:  8627 | steps_t:  3571 | t: 65.173519 | r:  -489.000000 | e:   0.642900 | Q: -71.292007 | won: False 
#  127 | steps:  8808 | steps_t:  3751 | t: 68.044693 | r:  -306.000000 | e:   0.624900 | Q: -53.933750 | won: False 
#  128 | steps:  8850 | steps_t:  3792 | t: 68.715126 | r:  -409.000000 | e:   0.620800 | Q: -55.525074 | won: False 
#  129 | steps:  8864 | steps_t:  3805 | t: 68.918799 | r:  -447.000000 | e:   0.619500 | Q: -58.960785 | won: False 
#  130 | steps:  8949 | steps_t:  3889 | t: 70.264557 | r:  -496.000000 | e:   0.611100 | Q: -44.311481 | won: False 
#  131 | steps:  9031 | steps_t:  3970 | t: 71.556233 | r:  -427.000000 | e:   0.603000 | Q: -45.668625 | won: False 
#  132 | steps:  9114 | steps_t:  4052 | t: 72.878388 | r:  -450.000000 | e:   0.594800 | Q: -59.011551 | won: False 
#  133 | steps:  9167 | steps_t:  4104 | t: 73.708591 | r:  -442.000000 | e:   0.589600 | Q: -45.049164 | won: False 
#  134 | steps:  9294 | steps_t:  4230 | t: 75.732471 | r:  -417.000000 | e:   0.577000 | Q: -39.187824 | won: False 
#  135 | steps:  9318 | steps_t:  4253 | t: 76.125228 | r:  -490.000000 | e:   0.574700 | Q: -50.784203 | won: False 
#  136 | steps:  9386 | steps_t:  4320 | t: 77.227390 | r:  -501.000000 | e:   0.568000 | Q: -45.497097 | won: False 
#  137 | steps:  9481 | steps_t:  4414 | t: 78.711978 | r:  -539.000000 | e:   0.558600 | Q: -43.814507 | won: False 
#  138 | steps:  9497 | steps_t:  4429 | t: 78.946381 | r:  -493.000000 | e:   0.557100 | Q: -54.392834 | won: False 
#  139 | steps:  9597 | steps_t:  4528 | t: 80.528923 | r:  -379.000000 | e:   0.547200 | Q: -52.151981 | won: False 
#  140 | steps:  9618 | steps_t:  4548 | t: 80.845915 | r:  -465.000000 | e:   0.545200 | Q: -56.055668 | won: False 
#  141 | steps:  9706 | steps_t:  4635 | t: 82.267978 | r:  -400.000000 | e:   0.536500 | Q: -65.726212 | won: False 
#  142 | steps:  9749 | steps_t:  4677 | t: 82.960128 | r:  -377.000000 | e:   0.532300 | Q: -44.804413 | won: False 
#  143 | steps:  9781 | steps_t:  4708 | t: 83.501213 | r:  -509.000000 | e:   0.529200 | Q: -44.280796 | won: False 
#  144 | steps:  9891 | steps_t:  4817 | t: 85.351945 | r:  -466.000000 | e:   0.518300 | Q: -47.278122 | won: False 
#  145 | steps:  9908 | steps_t:  4833 | t: 85.623701 | r:  -428.000000 | e:   0.516700 | Q: -40.831467 | won: False 
#  146 | steps:  9981 | steps_t:  4905 | t: 86.844837 | r:  -517.000000 | e:   0.509500 | Q: -37.643444 | won: False 
#  147 | steps: 10075 | steps_t:  4998 | t: 88.685182 | r:  -439.000000 | e:   0.500200 | Q: -35.016338 | won: False 
#  148 | steps: 10096 | steps_t:  5018 | t: 89.047403 | r:  -487.000000 | e:   0.498200 | Q: -34.405502 | won: False 
#  149 | steps: 10147 | steps_t:  5068 | t: 89.906056 | r:  -429.000000 | e:   0.493200 | Q: -35.691700 | won: False 
#  150 | steps: 10172 | steps_t:  5092 | t: 90.306764 | r:  -425.000000 | e:   0.490800 | Q: -39.006943 | won: False 
#  151 | steps: 10210 | steps_t:  5129 | t: 90.903518 | r:  -405.000000 | e:   0.487100 | Q: -38.368565 | won: False 
#  152 | steps: 10234 | steps_t:  5152 | t: 91.273420 | r:  -479.000000 | e:   0.484800 | Q: -51.279190 | won: False 
#  153 | steps: 10257 | steps_t:  5174 | t: 91.620419 | r:  -456.000000 | e:   0.482600 | Q: -64.970314 | won: False 
#  154 | steps: 10296 | steps_t:  5212 | t: 92.224678 | r:  -494.000000 | e:   0.478800 | Q: -69.720566 | won: False 
#  155 | steps: 10317 | steps_t:  5232 | t: 92.571102 | r:  -498.000000 | e:   0.476800 | Q: -82.604446 | won: False 
#  156 | steps: 10357 | steps_t:  5271 | t: 93.202275 | r:  -517.000000 | e:   0.472900 | Q: -80.242027 | won: False 
#  157 | steps: 10377 | steps_t:  5290 | t: 93.509554 | r:  -475.000000 | e:   0.471000 | Q: -80.562363 | won: False 
#  158 | steps: 10472 | steps_t:  5384 | t: 95.011741 | r:  -330.000000 | e:   0.461600 | Q: -71.130325 | won: False 
#  159 | steps: 10505 | steps_t:  5416 | t: 95.575797 | r:  -378.000000 | e:   0.458400 | Q: -72.430351 | won: False 
#  160 | steps: 10525 | steps_t:  5435 | t: 95.879018 | r:  -497.000000 | e:   0.456500 | Q: -78.637695 | won: False 
#  161 | steps: 10631 | steps_t:  5540 | t: 97.636099 | r:  -396.000000 | e:   0.446000 | Q: -62.382416 | won: False 
#  162 | steps: 10659 | steps_t:  5567 | t: 98.061483 | r:  -472.000000 | e:   0.443300 | Q: -60.951962 | won: False 
#  163 | steps: 10673 | steps_t:  5580 | t: 98.287258 | r:  -502.000000 | e:   0.442000 | Q: -64.621300 | won: False 
