#    1 | steps:    13 | steps_t:     0 | t: 0.010002 | r:  -479.000000 | e:   1.000000 | Q:        nan | won: False 
#    2 | steps:    26 | steps_t:     0 | t: 0.019004 | r:  -479.000000 | e:   1.000000 | Q:        nan | won: False 
#    3 | steps:    36 | steps_t:     0 | t: 0.026007 | r:  -476.000000 | e:   1.000000 | Q:        nan | won: False 
#    4 | steps:    50 | steps_t:     0 | t: 0.036008 | r:  -491.000000 | e:   1.000000 | Q:        nan | won: False 
#    5 | steps:    61 | steps_t:     0 | t: 0.045010 | r:  -499.000000 | e:   1.000000 | Q:        nan | won: False 
#    6 | steps:    74 | steps_t:     0 | t: 0.054012 | r:  -490.000000 | e:   1.000000 | Q:        nan | won: False 
#    7 | steps:    86 | steps_t:     0 | t: 0.063015 | r:  -489.000000 | e:   1.000000 | Q:        nan | won: False 
#    8 | steps:   100 | steps_t:     0 | t: 0.073017 | r:  -414.000000 | e:   1.000000 | Q:        nan | won: False 
#    9 | steps:   115 | steps_t:     0 | t: 0.084019 | r:  -481.000000 | e:   1.000000 | Q:        nan | won: False 
#   10 | steps:   127 | steps_t:     0 | t: 0.092021 | r:  -423.000000 | e:   1.000000 | Q:        nan | won: False 
#    1 | steps:    32 | steps_t: 5860553 | t: 0.061014 | r:  -187.000000 | e:   0.100000 | Q: 206.571106 | won: False 
#    2 | steps:   114 | steps_t: 5860553 | t: 0.156035 | r:   715.000000 | e:   0.100000 | Q: 200.227646 | won: True 
#    3 | steps:   200 | steps_t: 5860553 | t: 0.251056 | r:   -28.000000 | e:   0.100000 | Q: 209.916290 | won: False 
#    4 | steps:   283 | steps_t: 5860553 | t: 0.343078 | r:   663.000000 | e:   0.100000 | Q: 212.703903 | won: True 
#    5 | steps:   345 | steps_t: 5860553 | t: 0.414093 | r:   -81.000000 | e:   0.100000 | Q: 181.669235 | won: False 
#    6 | steps:   421 | steps_t: 5860553 | t: 0.497112 | r:   750.000000 | e:   0.100000 | Q: 235.740845 | won: True 
#    7 | steps:   441 | steps_t: 5860553 | t: 0.520117 | r:  -285.000000 | e:   0.100000 | Q: 215.467102 | won: False 
#    8 | steps:   485 | steps_t: 5860553 | t: 0.569129 | r:   -89.000000 | e:   0.100000 | Q: 194.040329 | won: False 
#    9 | steps:   568 | steps_t: 5860553 | t: 0.660149 | r:   663.000000 | e:   0.100000 | Q: 205.017075 | won: True 
#   10 | steps:   620 | steps_t: 5860553 | t: 0.718162 | r:   -42.000000 | e:   0.100000 | Q: 193.073395 | won: False 
