#    1 | steps:    17 | steps_t: 2735611 | t: 0.031216 | r:    95.000000 | e:   0.100000 | Q: 101.350464 | won: True 
#    2 | steps:    32 | steps_t: 2735611 | t: 0.046867 | r:  -503.000000 | e:   0.100000 | Q:  76.950836 | won: False 
#    3 | steps:    47 | steps_t: 2735611 | t: 0.062490 | r:  -503.000000 | e:   0.100000 | Q:  68.836113 | won: False 
#    4 | steps:    64 | steps_t: 2735611 | t: 0.093755 | r:    95.000000 | e:   0.100000 | Q: 101.350464 | won: True 
#    5 | steps:    94 | steps_t: 2735611 | t: 0.125004 | r:    82.000000 | e:   0.100000 | Q:  98.804779 | won: True 
#    6 | steps:   111 | steps_t: 2735611 | t: 0.156563 | r:    95.000000 | e:   0.100000 | Q: 101.350464 | won: True 
#    7 | steps:   134 | steps_t: 2735611 | t: 0.172189 | r:    89.000000 | e:   0.100000 | Q: 106.888481 | won: True 
#    8 | steps:   159 | steps_t: 2735611 | t: 0.203445 | r:  -513.000000 | e:   0.100000 | Q:  67.914894 | won: False 
#    9 | steps:   189 | steps_t: 2735611 | t: 0.234690 | r:    82.000000 | e:   0.100000 | Q:  98.804779 | won: True 
#   10 | steps:   202 | steps_t: 2735611 | t: 0.250359 | r:  -501.000000 | e:   0.100000 | Q:  71.056778 | won: False 
#    1 | steps:    26 | steps_t: 2735611 | t: 0.031278 | r:    86.000000 | e:   0.100000 | Q:  98.804779 | won: True 
#    2 | steps:    39 | steps_t: 2735611 | t: 0.046861 | r:  -501.000000 | e:   0.100000 | Q:  71.056778 | won: False 
#    3 | steps:    56 | steps_t: 2735611 | t: 0.062531 | r:    95.000000 | e:   0.100000 | Q: 101.350464 | won: True 
#    4 | steps:    73 | steps_t: 2735611 | t: 0.093737 | r:    95.000000 | e:   0.100000 | Q: 101.230827 | won: True 
#    5 | steps:    91 | steps_t: 2735611 | t: 0.109429 | r:    94.000000 | e:   0.100000 | Q: 100.611267 | won: True 
#    6 | steps:   110 | steps_t: 2735611 | t: 0.140678 | r:    93.000000 | e:   0.100000 | Q:  99.760963 | won: True 
#    7 | steps:   127 | steps_t: 2735611 | t: 0.156322 | r:    95.000000 | e:   0.100000 | Q: 102.149544 | won: True 
#    8 | steps:   153 | steps_t: 2735611 | t: 0.203194 | r:    86.000000 | e:   0.100000 | Q:  98.804779 | won: True 
#    9 | steps:   172 | steps_t: 2735611 | t: 0.218820 | r:    93.000000 | e:   0.100000 | Q:  99.760963 | won: True 
#   10 | steps:   193 | steps_t: 2735611 | t: 0.234492 | r:    91.000000 | e:   0.100000 | Q: 101.230827 | won: True 
