#    1 | steps:    23 | steps_t: 3271349 | t: 0.046840 | r:    89.000000 | e:   0.100000 | Q: 104.667717 | won: True 
#    2 | steps:    40 | steps_t: 3271349 | t: 0.078128 | r:    95.000000 | e:   0.100000 | Q: 100.647797 | won: True 
#    3 | steps:    58 | steps_t: 3271349 | t: 0.109339 | r:    94.000000 | e:   0.100000 | Q:  99.616348 | won: True 
#    4 | steps:    78 | steps_t: 3271349 | t: 0.140904 | r:    92.000000 | e:   0.100000 | Q: 100.136078 | won: True 
#    5 | steps:    95 | steps_t: 3271349 | t: 0.172235 | r:    95.000000 | e:   0.100000 | Q:  99.937119 | won: True 
#    6 | steps:   118 | steps_t: 3271349 | t: 0.219031 | r:    89.000000 | e:   0.100000 | Q: 104.667717 | won: True 
#    7 | steps:   140 | steps_t: 3271349 | t: 0.250317 | r:  -510.000000 | e:   0.100000 | Q:  62.369347 | won: False 
#    8 | steps:   166 | steps_t: 3271349 | t: 0.314353 | r:  -514.000000 | e:   0.100000 | Q:  70.252281 | won: False 
#    9 | steps:   183 | steps_t: 3271349 | t: 0.338223 | r:    95.000000 | e:   0.100000 | Q:  99.937119 | won: True 
#   10 | steps:   201 | steps_t: 3271349 | t: 0.384892 | r:    94.000000 | e:   0.100000 | Q:  98.585411 | won: True 
#    1 | steps:    11 | steps_t: 3271349 | t: 0.031292 | r:  -499.000000 | e:   0.100000 | Q: 237.227280 | won: False 
#    2 | steps:    18 | steps_t: 3271349 | t: 0.031292 | r:  -484.000000 | e:   0.100000 | Q: 144.574600 | won: False 
#    3 | steps:    25 | steps_t: 3271349 | t: 0.056451 | r:  -473.000000 | e:   0.100000 | Q: 146.718842 | won: False 
#    4 | steps:    32 | steps_t: 3271349 | t: 0.072450 | r:  -484.000000 | e:   0.100000 | Q: 144.574600 | won: False 
#    5 | steps:    43 | steps_t: 3271349 | t: 0.090888 | r:  -499.000000 | e:   0.100000 | Q: 237.227280 | won: False 
#    6 | steps:    50 | steps_t: 3271349 | t: 0.090888 | r:  -495.000000 | e:   0.100000 | Q: 128.869629 | won: False 
#    7 | steps:    57 | steps_t: 3271349 | t: 0.106519 | r:  -484.000000 | e:   0.100000 | Q: 144.574600 | won: False 
#    8 | steps:    73 | steps_t: 3271349 | t: 0.137764 | r:  -438.000000 | e:   0.100000 | Q: 210.298477 | won: False 
#    9 | steps:    80 | steps_t: 3271349 | t: 0.153645 | r:  -484.000000 | e:   0.100000 | Q: 144.574600 | won: False 
#   10 | steps:    87 | steps_t: 3271349 | t: 0.169323 | r:  -484.000000 | e:   0.100000 | Q: 144.574600 | won: False 
