#    1 | steps:    30 | steps_t: 3270774 | t: 0.031212 | r:    82.000000 | e:   0.100000 | Q: 101.656296 | won: True 
#    2 | steps:    56 | steps_t: 3270774 | t: 0.062590 | r:    86.000000 | e:   0.100000 | Q: 101.656296 | won: True 
#    3 | steps:    85 | steps_t: 3270774 | t: 0.113213 | r:    83.000000 | e:   0.100000 | Q: 100.147888 | won: True 
#    4 | steps:   103 | steps_t: 3270774 | t: 0.131444 | r:    94.000000 | e:   0.100000 | Q:  99.949371 | won: True 
#    5 | steps:   123 | steps_t: 3270774 | t: 0.162734 | r:    92.000000 | e:   0.100000 | Q:  99.964523 | won: True 
#    6 | steps:   153 | steps_t: 3270774 | t: 0.202922 | r:    82.000000 | e:   0.100000 | Q: 101.656296 | won: True 
#    7 | steps:   171 | steps_t: 3270774 | t: 0.218518 | r:    94.000000 | e:   0.100000 | Q:  99.949371 | won: True 
#    8 | steps:   201 | steps_t: 3270774 | t: 0.249797 | r:    82.000000 | e:   0.100000 | Q: 101.656296 | won: True 
#    9 | steps:   224 | steps_t: 3270774 | t: 0.281005 | r:    89.000000 | e:   0.100000 | Q: 101.474655 | won: True 
#   10 | steps:   242 | steps_t: 3270774 | t: 0.296630 | r:    94.000000 | e:   0.100000 | Q:  99.949371 | won: True 
#    1 | steps:    17 | steps_t: 3271349 | t: 0.031250 | r:    95.000000 | e:   0.100000 | Q:  99.937119 | won: True 
#    2 | steps:    40 | steps_t: 3271349 | t: 0.062500 | r:    89.000000 | e:   0.100000 | Q: 104.667717 | won: True 
#    3 | steps:    57 | steps_t: 3271349 | t: 0.078203 | r:    95.000000 | e:   0.100000 | Q:  94.435120 | won: True 
#    4 | steps:    77 | steps_t: 3271349 | t: 0.109504 | r:    92.000000 | e:   0.100000 | Q: 100.136078 | won: True 
#    5 | steps:    99 | steps_t: 3271349 | t: 0.140770 | r:    90.000000 | e:   0.100000 | Q: 100.246086 | won: True 
#    6 | steps:   122 | steps_t: 3271349 | t: 0.156358 | r:    89.000000 | e:   0.100000 | Q: 104.667717 | won: True 
#    7 | steps:   139 | steps_t: 3271349 | t: 0.187591 | r:    95.000000 | e:   0.100000 | Q:  99.937119 | won: True 
#    8 | steps:   157 | steps_t: 3271349 | t: 0.203259 | r:    94.000000 | e:   0.100000 | Q:  98.585411 | won: True 
#    9 | steps:   171 | steps_t: 3271349 | t: 0.218850 | r:  -502.000000 | e:   0.100000 | Q:  73.892929 | won: False 
#   10 | steps:   192 | steps_t: 3271349 | t: 0.250129 | r:    91.000000 | e:   0.100000 | Q: 100.123428 | won: True 
