#    1 | steps:     7 | steps_t: 3271349 | t: 0.015674 | r:  -484.000000 | e:   0.100000 | Q: 144.574600 | won: False 
#    2 | steps:    14 | steps_t: 3271349 | t: 0.031251 | r:  -484.000000 | e:   0.100000 | Q: 144.574600 | won: False 
#    3 | steps:    21 | steps_t: 3271349 | t: 0.031251 | r:  -484.000000 | e:   0.100000 | Q: 144.574600 | won: False 
#    4 | steps:    28 | steps_t: 3271349 | t: 0.046876 | r:  -484.000000 | e:   0.100000 | Q: 144.574600 | won: False 
#    5 | steps:    35 | steps_t: 3271349 | t: 0.063931 | r:  -484.000000 | e:   0.100000 | Q: 144.574600 | won: False 
#    6 | steps:    47 | steps_t: 3271349 | t: 0.068669 | r:  -434.000000 | e:   0.100000 | Q: 144.574600 | won: False 
#    7 | steps:    54 | steps_t: 3271349 | t: 0.082681 | r:  -484.000000 | e:   0.100000 | Q: 144.574600 | won: False 
#    8 | steps:    61 | steps_t: 3271349 | t: 0.098319 | r:  -484.000000 | e:   0.100000 | Q: 144.574600 | won: False 
#    9 | steps:    68 | steps_t: 3271349 | t: 0.098319 | r:  -484.000000 | e:   0.100000 | Q: 144.574600 | won: False 
#   10 | steps:    75 | steps_t: 3271349 | t: 0.113942 | r:  -484.000000 | e:   0.100000 | Q: 144.574600 | won: False 
#    1 | steps:    14 | steps_t: 3380835 | t: 0.031238 | r:  -513.000000 | e:   0.100000 | Q:  89.404999 | won: False 
#    2 | steps:    31 | steps_t: 3380835 | t: 0.046836 | r:  -516.000000 | e:   0.100000 | Q:  89.404999 | won: False 
#    3 | steps:    55 | steps_t: 3380835 | t: 0.078094 | r:  -512.000000 | e:   0.100000 | Q:  89.404999 | won: False 
#    4 | steps:    81 | steps_t: 3380835 | t: 0.109659 | r:  -514.000000 | e:   0.100000 | Q:  89.404999 | won: False 
#    5 | steps:   101 | steps_t: 3380835 | t: 0.125284 | r:  -508.000000 | e:   0.100000 | Q:  89.404999 | won: False 
#    6 | steps:   112 | steps_t: 3380835 | t: 0.140870 | r:  -510.000000 | e:   0.100000 | Q:  80.970963 | won: False 
#    7 | steps:   143 | steps_t: 3380835 | t: 0.187764 | r:  -519.000000 | e:   0.100000 | Q:  89.817795 | won: False 
#    8 | steps:   166 | steps_t: 3380835 | t: 0.203367 | r:  -511.000000 | e:   0.100000 | Q:  89.404999 | won: False 
#    9 | steps:   186 | steps_t: 3380835 | t: 0.234678 | r:  -508.000000 | e:   0.100000 | Q:  89.404999 | won: False 
#   10 | steps:   206 | steps_t: 3380835 | t: 0.250249 | r:  -508.000000 | e:   0.100000 | Q:  80.970963 | won: False 
