#    1 | steps:    20 | steps_t: 3270774 | t: 0.031251 | r:    92.000000 | e:   0.100000 | Q: 100.943588 | won: True 
#    2 | steps:    37 | steps_t: 3270774 | t: 0.062502 | r:    95.000000 | e:   0.100000 | Q: 100.147888 | won: True 
#    3 | steps:    60 | steps_t: 3270774 | t: 0.078166 | r:  -511.000000 | e:   0.100000 | Q:  59.653259 | won: False 
#    4 | steps:    80 | steps_t: 3270774 | t: 0.109418 | r:    92.000000 | e:   0.100000 | Q:  99.964523 | won: True 
#    5 | steps:    95 | steps_t: 3270774 | t: 0.137630 | r:    97.000000 | e:   0.100000 | Q: 100.642761 | won: True 
#    6 | steps:   111 | steps_t: 3270774 | t: 0.156514 | r:  -504.000000 | e:   0.100000 | Q:  84.266075 | won: False 
#    7 | steps:   128 | steps_t: 3270774 | t: 0.176700 | r:    95.000000 | e:   0.100000 | Q: 100.854179 | won: True 
#    8 | steps:   154 | steps_t: 3270774 | t: 0.207950 | r:  -514.000000 | e:   0.100000 | Q:  73.320030 | won: False 
#    9 | steps:   174 | steps_t: 3270774 | t: 0.223536 | r:    92.000000 | e:   0.100000 | Q: 100.369331 | won: True 
#   10 | steps:   194 | steps_t: 3270774 | t: 0.254779 | r:    92.000000 | e:   0.100000 | Q: 100.943588 | won: True 
#    1 | steps:    21 | steps_t: 3271349 | t: 0.031211 | r:    91.000000 | e:   0.100000 | Q: 100.511093 | won: True 
#    2 | steps:    45 | steps_t: 3271349 | t: 0.046840 | r:    88.000000 | e:   0.100000 | Q: 102.645950 | won: True 
#    3 | steps:    62 | steps_t: 3271349 | t: 0.078124 | r:    95.000000 | e:   0.100000 | Q:  99.937119 | won: True 
#    4 | steps:    77 | steps_t: 3271349 | t: 0.093715 | r:  -503.000000 | e:   0.100000 | Q:  71.842529 | won: False 
#    5 | steps:    97 | steps_t: 3271349 | t: 0.124968 | r:    92.000000 | e:   0.100000 | Q:  99.879898 | won: True 
#    6 | steps:   110 | steps_t: 3271349 | t: 0.140587 | r:  -501.000000 | e:   0.100000 | Q:  78.898224 | won: False 
#    7 | steps:   136 | steps_t: 3271349 | t: 0.172123 | r:    86.000000 | e:   0.100000 | Q: 100.056366 | won: True 
#    8 | steps:   156 | steps_t: 3271349 | t: 0.203346 | r:    92.000000 | e:   0.100000 | Q: 100.435410 | won: True 
#    9 | steps:   174 | steps_t: 3271349 | t: 0.218971 | r:    94.000000 | e:   0.100000 | Q:  98.585411 | won: True 
#   10 | steps:   198 | steps_t: 3271349 | t: 0.250221 | r:    88.000000 | e:   0.100000 | Q: 100.136078 | won: True 
