#    1 | steps:   129 | steps_t: 8195775 | t: 0.125009 | r:    57.000000 | e:   0.100000 | Q: 193.931519 | won: False 
#    2 | steps:   207 | steps_t: 8195775 | t: 0.190527 | r:   628.000000 | e:   0.100000 | Q: 183.021469 | won: True 
#    3 | steps:   331 | steps_t: 8195775 | t: 0.296134 | r:   -11.000000 | e:   0.100000 | Q: 179.813980 | won: False 
#    4 | steps:   370 | steps_t: 8195775 | t: 0.343012 | r:  -201.000000 | e:   0.100000 | Q: 195.891037 | won: False 
#    5 | steps:   459 | steps_t: 8195775 | t: 0.424162 | r:  -104.000000 | e:   0.100000 | Q: 193.931519 | won: False 
#    6 | steps:   523 | steps_t: 8195775 | t: 0.471040 | r:  -160.000000 | e:   0.100000 | Q: 197.876205 | won: False 
#    7 | steps:   551 | steps_t: 8195775 | t: 0.502292 | r:  -318.000000 | e:   0.100000 | Q: 178.838913 | won: False 
#    8 | steps:   619 | steps_t: 8195775 | t: 0.564796 | r:  -142.000000 | e:   0.100000 | Q: 193.931519 | won: False 
#    9 | steps:   665 | steps_t: 8195775 | t: 0.599061 | r:  -259.000000 | e:   0.100000 | Q: 179.813980 | won: False 
#   10 | steps:   729 | steps_t: 8195775 | t: 0.661566 | r:   -72.000000 | e:   0.100000 | Q: 197.036362 | won: False 
#    1 | steps:    10 | steps_t: 7455700 | t: 0.031251 | r:  -465.000000 | e:   0.100000 | Q: 216.870682 | won: False 
#    2 | steps:    27 | steps_t: 7455700 | t: 0.046877 | r:  -450.000000 | e:   0.100000 | Q: 333.792450 | won: False 
#    3 | steps:    50 | steps_t: 7455700 | t: 0.062503 | r:  -357.000000 | e:   0.100000 | Q: 216.870682 | won: False 
#    4 | steps:   131 | steps_t: 7455700 | t: 0.156260 | r:   716.000000 | e:   0.100000 | Q: 211.543442 | won: True 
#    5 | steps:   156 | steps_t: 7455700 | t: 0.187512 | r:  -282.000000 | e:   0.100000 | Q: 216.870682 | won: False 
#    6 | steps:   237 | steps_t: 7455700 | t: 0.268629 | r:    -5.000000 | e:   0.100000 | Q: 216.870682 | won: False 
#    7 | steps:   253 | steps_t: 7455700 | t: 0.299881 | r:  -383.000000 | e:   0.100000 | Q: 216.870682 | won: False 
#    8 | steps:   272 | steps_t: 7455700 | t: 0.315507 | r:  -364.000000 | e:   0.100000 | Q: 305.621979 | won: False 
#    9 | steps:   282 | steps_t: 7455700 | t: 0.315507 | r:  -487.000000 | e:   0.100000 | Q: 219.824570 | won: False 
#   10 | steps:   325 | steps_t: 7455700 | t: 0.378011 | r:  -190.000000 | e:   0.100000 | Q: 305.621979 | won: False 
