#    1 | steps:    18 | steps_t: 2735611 | t: 0.031253 | r:    94.000000 | e:   0.100000 | Q: 100.611267 | won: True 
#    2 | steps:    46 | steps_t: 2735611 | t: 0.062602 | r:    84.000000 | e:   0.100000 | Q:  98.254601 | won: True 
#    3 | steps:    65 | steps_t: 2735611 | t: 0.078220 | r:    93.000000 | e:   0.100000 | Q: 101.611458 | won: True 
#    4 | steps:    85 | steps_t: 2735611 | t: 0.109466 | r:    92.000000 | e:   0.100000 | Q:  98.254601 | won: True 
#    5 | steps:   102 | steps_t: 2735611 | t: 0.125108 | r:    95.000000 | e:   0.100000 | Q: 101.230827 | won: True 
#    6 | steps:   129 | steps_t: 2735611 | t: 0.156302 | r:    85.000000 | e:   0.100000 | Q:  99.545647 | won: True 
#    7 | steps:   151 | steps_t: 2735611 | t: 0.187608 | r:    90.000000 | e:   0.100000 | Q: 100.960747 | won: True 
#    8 | steps:   170 | steps_t: 2735611 | t: 0.203254 | r:    93.000000 | e:   0.100000 | Q: 101.611458 | won: True 
#    9 | steps:   192 | steps_t: 2735611 | t: 0.235792 | r:    90.000000 | e:   0.100000 | Q:  98.804779 | won: True 
#   10 | steps:   222 | steps_t: 2735611 | t: 0.266989 | r:    82.000000 | e:   0.100000 | Q:  98.804779 | won: True 
#    1 | steps:    18 | steps_t: 3270774 | t: 0.031291 | r:    94.000000 | e:   0.100000 | Q:  99.949371 | won: True 
#    2 | steps:    39 | steps_t: 3270774 | t: 0.062544 | r:    91.000000 | e:   0.100000 | Q: 100.425217 | won: True 
#    3 | steps:    57 | steps_t: 3270774 | t: 0.078121 | r:    94.000000 | e:   0.100000 | Q: 102.359123 | won: True 
#    4 | steps:    75 | steps_t: 3270774 | t: 0.109479 | r:  -517.000000 | e:   0.100000 | Q:  50.534092 | won: False 
#    5 | steps:    97 | steps_t: 3270774 | t: 0.125115 | r:    90.000000 | e:   0.100000 | Q: 100.625839 | won: True 
#    6 | steps:   129 | steps_t: 3270774 | t: 0.171990 | r:    80.000000 | e:   0.100000 | Q: 100.516335 | won: True 
#    7 | steps:   149 | steps_t: 3270774 | t: 0.203280 | r:    92.000000 | e:   0.100000 | Q: 100.943588 | won: True 
#    8 | steps:   179 | steps_t: 3270774 | t: 0.234506 | r:    82.000000 | e:   0.100000 | Q: 101.656296 | won: True 
#    9 | steps:   197 | steps_t: 3270774 | t: 0.250184 | r:    94.000000 | e:   0.100000 | Q:  99.949371 | won: True 
#   10 | steps:   215 | steps_t: 3270774 | t: 0.281428 | r:    94.000000 | e:   0.100000 | Q:  99.949371 | won: True 
