#    1 | steps:     7 | steps_t: 3271349 | t: 0.015576 | r:  -484.000000 | e:   0.100000 | Q: 144.574600 | won: False 
#    2 | steps:    15 | steps_t: 3271349 | t: 0.031202 | r:  -485.000000 | e:   0.100000 | Q: 144.574600 | won: False 
#    3 | steps:    26 | steps_t: 3271349 | t: 0.046827 | r:  -499.000000 | e:   0.100000 | Q: 237.227280 | won: False 
#    4 | steps:    33 | steps_t: 3271349 | t: 0.054476 | r:  -484.000000 | e:   0.100000 | Q: 144.574600 | won: False 
#    5 | steps:    40 | steps_t: 3271349 | t: 0.062512 | r:  -484.000000 | e:   0.100000 | Q: 144.574600 | won: False 
#    6 | steps:    47 | steps_t: 3271349 | t: 0.062512 | r:  -484.000000 | e:   0.100000 | Q: 144.574600 | won: False 
#    7 | steps:    54 | steps_t: 3271349 | t: 0.078149 | r:  -484.000000 | e:   0.100000 | Q: 121.448112 | won: False 
#    8 | steps:    61 | steps_t: 3271349 | t: 0.078149 | r:  -484.000000 | e:   0.100000 | Q: 144.574600 | won: False 
#    9 | steps:    68 | steps_t: 3271349 | t: 0.093813 | r:  -484.000000 | e:   0.100000 | Q: 128.869629 | won: False 
#   10 | steps:    75 | steps_t: 3271349 | t: 0.109400 | r:  -484.000000 | e:   0.100000 | Q: 144.574600 | won: False 
#    1 | steps:    30 | steps_t: 3380835 | t: 0.046881 | r:    82.000000 | e:   0.100000 | Q: 103.384560 | won: True 
#    2 | steps:    45 | steps_t: 3380835 | t: 0.062464 | r:  -514.000000 | e:   0.100000 | Q:  81.733170 | won: False 
#    3 | steps:    70 | steps_t: 3380835 | t: 0.099092 | r:  -513.000000 | e:   0.100000 | Q:  89.404999 | won: False 
#    4 | steps:   100 | steps_t: 3380835 | t: 0.132802 | r:    82.000000 | e:   0.100000 | Q: 103.384560 | won: True 
#    5 | steps:   112 | steps_t: 3380835 | t: 0.148421 | r:  -511.000000 | e:   0.100000 | Q:  80.970963 | won: False 
#    6 | steps:   129 | steps_t: 3380835 | t: 0.164002 | r:  -516.000000 | e:   0.100000 | Q:  89.404999 | won: False 
#    7 | steps:   153 | steps_t: 3380835 | t: 0.195292 | r:  -512.000000 | e:   0.100000 | Q:  89.404999 | won: False 
#    8 | steps:   167 | steps_t: 3380835 | t: 0.211651 | r:  -513.000000 | e:   0.100000 | Q:  89.404999 | won: False 
#    9 | steps:   182 | steps_t: 3380835 | t: 0.226699 | r:  -514.000000 | e:   0.100000 | Q:  89.404999 | won: False 
#   10 | steps:   212 | steps_t: 3380835 | t: 0.273585 | r:    82.000000 | e:   0.100000 | Q:  98.878029 | won: True 
