#    1 | steps:    28 | steps_t: 3270774 | t: 0.046875 | r:    84.000000 | e:   0.100000 | Q: 100.943588 | won: True 
#    2 | steps:    56 | steps_t: 3270774 | t: 0.078118 | r:    84.000000 | e:   0.100000 | Q:  99.964523 | won: True 
#    3 | steps:    75 | steps_t: 3270774 | t: 0.109378 | r:    93.000000 | e:   0.100000 | Q: 105.323120 | won: True 
#    4 | steps:    92 | steps_t: 3270774 | t: 0.124965 | r:    95.000000 | e:   0.100000 | Q: 100.854179 | won: True 
#    5 | steps:   122 | steps_t: 3270774 | t: 0.156223 | r:    82.000000 | e:   0.100000 | Q: 101.656296 | won: True 
#    6 | steps:   145 | steps_t: 3270774 | t: 0.188024 | r:    89.000000 | e:   0.100000 | Q: 101.162773 | won: True 
#    7 | steps:   159 | steps_t: 3270774 | t: 0.203711 | r:  -502.000000 | e:   0.100000 | Q:  75.691360 | won: False 
#    8 | steps:   176 | steps_t: 3270774 | t: 0.234921 | r:    95.000000 | e:   0.100000 | Q: 101.309280 | won: True 
#    9 | steps:   194 | steps_t: 3270774 | t: 0.266181 | r:  -506.000000 | e:   0.100000 | Q:  94.376884 | won: False 
#   10 | steps:   211 | steps_t: 3270774 | t: 0.281841 | r:    95.000000 | e:   0.100000 | Q: 101.309280 | won: True 
#    1 | steps:    14 | steps_t: 3271349 | t: 0.015624 | r:  -502.000000 | e:   0.100000 | Q:  73.892929 | won: False 
#    2 | steps:    32 | steps_t: 3271349 | t: 0.046919 | r:    94.000000 | e:   0.100000 | Q:  99.616348 | won: True 
#    3 | steps:    56 | steps_t: 3271349 | t: 0.062542 | r:    88.000000 | e:   0.100000 | Q: 102.645950 | won: True 
#    4 | steps:    86 | steps_t: 3271349 | t: 0.109376 | r:    82.000000 | e:   0.100000 | Q: 100.246086 | won: True 
#    5 | steps:   112 | steps_t: 3271349 | t: 0.140666 | r:    86.000000 | e:   0.100000 | Q: 100.056366 | won: True 
#    6 | steps:   125 | steps_t: 3271349 | t: 0.156252 | r:  -501.000000 | e:   0.100000 | Q:  78.898224 | won: False 
#    7 | steps:   147 | steps_t: 3271349 | t: 0.171913 | r:    90.000000 | e:   0.100000 | Q: 100.056366 | won: True 
#    8 | steps:   171 | steps_t: 3271349 | t: 0.203139 | r:    88.000000 | e:   0.100000 | Q: 100.136078 | won: True 
#    9 | steps:   188 | steps_t: 3271349 | t: 0.240188 | r:    95.000000 | e:   0.100000 | Q: 100.647797 | won: True 
#   10 | steps:   206 | steps_t: 3271349 | t: 0.265871 | r:    94.000000 | e:   0.100000 | Q: 100.206253 | won: True 
