#    1 | steps:    39 | steps_t: 2735611 | t: 0.060015 | r:  -406.000000 | e:   0.100000 | Q: 221.433243 | won: False 
#    2 | steps:    73 | steps_t: 2735611 | t: 4.885430 | r:  -390.000000 | e:   0.100000 | Q: 112.044044 | won: False 
#    3 | steps:   103 | steps_t: 2735611 | t: 10.181035 | r:   247.000000 | e:   0.100000 | Q: 114.388863 | won: True 
#    4 | steps:   129 | steps_t: 2735611 | t: 14.822625 | r:  -371.000000 | e:   0.100000 | Q: 123.369049 | won: False 
#    5 | steps:   143 | steps_t: 2735611 | t: 17.804632 | r:  -403.000000 | e:   0.100000 | Q: 112.044044 | won: False 
#    6 | steps:   234 | steps_t: 2735611 | t: 31.736650 | r:  -458.000000 | e:   0.100000 | Q: 221.433243 | won: False 
#    7 | steps:   252 | steps_t: 2735611 | t: 35.290654 | r:  -429.000000 | e:   0.100000 | Q: 203.106781 | won: False 
#    8 | steps:   275 | steps_t: 2735611 | t: 39.572661 | r:  -379.000000 | e:   0.100000 | Q: 221.433243 | won: False 
#    9 | steps:   305 | steps_t: 2735611 | t: 44.848237 | r:   247.000000 | e:   0.100000 | Q: 114.388863 | won: True 
#   10 | steps:   345 | steps_t: 2735611 | t: 51.512774 | r:  -385.000000 | e:   0.100000 | Q: 185.495605 | won: False 
#   11 | steps:   361 | steps_t: 2735611 | t: 54.734090 | r:  -449.000000 | e:   0.100000 | Q: 144.646545 | won: False 
#   12 | steps:   374 | steps_t: 2735611 | t: 57.593685 | r:  -424.000000 | e:   0.100000 | Q: 124.995407 | won: False 
#   13 | steps:   386 | steps_t: 2735611 | t: 60.278685 | r:  -423.000000 | e:   0.100000 | Q: 112.044044 | won: False 
#   14 | steps:   392 | steps_t: 2735611 | t: 62.092689 | r:  -472.000000 | e:   0.100000 | Q: 112.044044 | won: False 
#   15 | steps:   418 | steps_t: 2735611 | t: 66.768696 | r:  -393.000000 | e:   0.100000 | Q: 212.190369 | won: False 
#   16 | steps:   440 | steps_t: 2735611 | t: 70.865951 | r:  -367.000000 | e:   0.100000 | Q: 112.044044 | won: False 
#   17 | steps:   454 | steps_t: 2735611 | t: 73.852885 | r:  -403.000000 | e:   0.100000 | Q: 100.433846 | won: False 
#   18 | steps:   467 | steps_t: 2735611 | t: 76.686724 | r:  -479.000000 | e:   0.100000 | Q: 203.106781 | won: False 
#   19 | steps:   476 | steps_t: 2735611 | t: 78.970716 | r:  -486.000000 | e:   0.100000 | Q: 108.497849 | won: False 
#   20 | steps:   492 | steps_t: 2735611 | t: 82.295717 | r:  -482.000000 | e:   0.100000 | Q: 141.680222 | won: False 
#   21 | steps:   504 | steps_t: 2735611 | t: 85.023715 | r:  -423.000000 | e:   0.100000 | Q: 112.044044 | won: False 
#   22 | steps:   522 | steps_t: 2735611 | t: 88.570727 | r:  -451.000000 | e:   0.100000 | Q: 185.495605 | won: False 
#   23 | steps:   528 | steps_t: 2735611 | t: 90.362806 | r:  -472.000000 | e:   0.100000 | Q: 112.044044 | won: False 
#   24 | steps:   539 | steps_t: 2735611 | t: 92.872675 | r:  -477.000000 | e:   0.100000 | Q: 203.106781 | won: False 
#   25 | steps:   551 | steps_t: 2735611 | t: 95.588735 | r:  -423.000000 | e:   0.100000 | Q: 112.044044 | won: False 
#   26 | steps:   589 | steps_t: 2735611 | t: 102.006794 | r:  -405.000000 | e:   0.100000 | Q: 221.433243 | won: False 
#   27 | steps:   595 | steps_t: 2735611 | t: 103.790757 | r:  -472.000000 | e:   0.100000 | Q: 112.044044 | won: False 
#   28 | steps:   613 | steps_t: 2735611 | t: 107.311511 | r:  -429.000000 | e:   0.100000 | Q: 203.106781 | won: False 
#   29 | steps:   637 | steps_t: 2735611 | t: 111.628380 | r:  -369.000000 | e:   0.100000 | Q: 110.344467 | won: False 
#   30 | steps:   664 | steps_t: 2735611 | t: 116.404123 | r:  -372.000000 | e:   0.100000 | Q: 110.344467 | won: False 
#   31 | steps:   683 | steps_t: 2735611 | t: 120.006610 | r:  -419.000000 | e:   0.100000 | Q: 189.560593 | won: False 
#   32 | steps:   726 | steps_t: 2735611 | t: 127.002770 | r:  -410.000000 | e:   0.100000 | Q: 221.433243 | won: False 
#   33 | steps:   738 | steps_t: 2735611 | t: 129.644258 | r:  -423.000000 | e:   0.100000 | Q: 112.044044 | won: False 
#   34 | steps:   747 | steps_t: 2735611 | t: 131.891535 | r:  -453.000000 | e:   0.100000 | Q: 112.044044 | won: False 
#   35 | steps:   762 | steps_t: 2735611 | t: 134.982208 | r:  -448.000000 | e:   0.100000 | Q: 144.646545 | won: False 
#   36 | steps:   816 | steps_t: 2735611 | t: 143.580353 | r:   223.000000 | e:   0.100000 | Q: 163.634155 | won: True 
#   37 | steps:   822 | steps_t: 2735611 | t: 145.401798 | r:  -472.000000 | e:   0.100000 | Q: 112.044044 | won: False 
#   38 | steps:   913 | steps_t: 2735611 | t: 159.325830 | r:  -458.000000 | e:   0.100000 | Q: 221.433243 | won: False 
#   39 | steps:   930 | steps_t: 2735611 | t: 162.746820 | r:  -450.000000 | e:   0.100000 | Q: 184.499817 | won: False 
#   40 | steps:   942 | steps_t: 2735611 | t: 165.440820 | r:  -423.000000 | e:   0.100000 | Q: 112.044044 | won: False 
#   41 | steps:   957 | steps_t: 2735611 | t: 168.576828 | r:  -426.000000 | e:   0.100000 | Q: 143.530182 | won: False 
#   42 | steps:   989 | steps_t: 2735611 | t: 174.116831 | r:  -410.000000 | e:   0.100000 | Q: 112.044044 | won: False 
#   43 | steps:  1015 | steps_t: 2735611 | t: 178.756845 | r:  -393.000000 | e:   0.100000 | Q: 195.129684 | won: False 
#   44 | steps:  1022 | steps_t: 2735611 | t: 180.696844 | r:  -473.000000 | e:   0.100000 | Q: 112.044044 | won: False 
#   45 | steps:  1030 | steps_t: 2735611 | t: 182.812182 | r:  -463.000000 | e:   0.100000 | Q: 105.578773 | won: False 
#   46 | steps:  1059 | steps_t: 2735611 | t: 187.953849 | r:  -374.000000 | e:   0.100000 | Q: 124.995407 | won: False 
#   47 | steps:  1078 | steps_t: 2735611 | t: 191.673105 | r:  -452.000000 | e:   0.100000 | Q: 212.190369 | won: False 
#   48 | steps:  1097 | steps_t: 2735611 | t: 195.333343 | r:  -419.000000 | e:   0.100000 | Q: 184.499817 | won: False 
#   49 | steps:  1104 | steps_t: 2735611 | t: 197.290039 | r:  -473.000000 | e:   0.100000 | Q: 112.044044 | won: False 
#   50 | steps:  1138 | steps_t: 2735611 | t: 203.150869 | r:   243.000000 | e:   0.100000 | Q: 114.388863 | won: True 
#   51 | steps:  1177 | steps_t: 2735611 | t: 209.681883 | r:  -406.000000 | e:   0.100000 | Q: 221.433243 | won: False 
#   52 | steps:  1196 | steps_t: 2735611 | t: 213.413493 | r:  -375.000000 | e:   0.100000 | Q: 124.995407 | won: False 
#   53 | steps:  1217 | steps_t: 2735611 | t: 217.372891 | r:  -377.000000 | e:   0.100000 | Q: 143.530182 | won: False 
#   54 | steps:  1226 | steps_t: 2735611 | t: 219.596890 | r:  -475.000000 | e:   0.100000 | Q:  63.232689 | won: False 
#   55 | steps:  1233 | steps_t: 2735611 | t: 221.566497 | r:  -473.000000 | e:   0.100000 | Q: 112.044044 | won: False 
#   56 | steps:  1320 | steps_t: 2735611 | t: 234.808913 | r:  -454.000000 | e:   0.100000 | Q: 221.433243 | won: False 
#   57 | steps:  1349 | steps_t: 2735611 | t: 239.913922 | r:  -418.000000 | e:   0.100000 | Q: 163.634155 | won: False 
#   58 | steps:  1362 | steps_t: 2735611 | t: 242.838921 | r:  -479.000000 | e:   0.100000 | Q: 203.106781 | won: False 
#   59 | steps:  1376 | steps_t: 2735611 | t: 245.816923 | r:  -403.000000 | e:   0.100000 | Q: 112.044044 | won: False 
#   60 | steps:  1411 | steps_t: 2735611 | t: 251.812935 | r:  -380.000000 | e:   0.100000 | Q: 113.595055 | won: False 
#   61 | steps:  1454 | steps_t: 2735611 | t: 258.924749 | r:  -410.000000 | e:   0.100000 | Q: 221.433243 | won: False 
#   62 | steps:  1492 | steps_t: 2735611 | t: 265.343043 | r:  -405.000000 | e:   0.100000 | Q: 221.433243 | won: False 
#   63 | steps:  1531 | steps_t: 2735611 | t: 271.770957 | r:  -417.000000 | e:   0.100000 | Q: 112.044044 | won: False 
#   64 | steps:  1543 | steps_t: 2735611 | t: 274.456010 | r:  -467.000000 | e:   0.100000 | Q: 110.974754 | won: False 
#   65 | steps:  1573 | steps_t: 2735611 | t: 279.698895 | r:   247.000000 | e:   0.100000 | Q: 114.388863 | won: True 
#   66 | steps:  1579 | steps_t: 2735611 | t: 281.488071 | r:  -472.000000 | e:   0.100000 | Q: 112.044044 | won: False 
#   67 | steps:  1606 | steps_t: 2735611 | t: 286.306967 | r:  -383.000000 | e:   0.100000 | Q: 221.433243 | won: False 
#   68 | steps:  1619 | steps_t: 2735611 | t: 289.127973 | r:  -457.000000 | e:   0.100000 | Q: 141.680222 | won: False 
#   69 | steps:  1631 | steps_t: 2735611 | t: 291.639033 | r:  -478.000000 | e:   0.100000 | Q: 203.106781 | won: False 
