#    1 | steps:    30 | steps_t: 2735611 | t: 0.046861 | r:    82.000000 | e:   0.100000 | Q: 100.960747 | won: True 
#    2 | steps:    50 | steps_t: 2735611 | t: 0.062486 | r:    92.000000 | e:   0.100000 | Q:  98.254601 | won: True 
#    3 | steps:    68 | steps_t: 2735611 | t: 0.093779 | r:    94.000000 | e:   0.100000 | Q: 100.960747 | won: True 
#    4 | steps:    81 | steps_t: 2735611 | t: 0.109426 | r:  -501.000000 | e:   0.100000 | Q:  71.056778 | won: False 
#    5 | steps:    98 | steps_t: 2735611 | t: 0.124988 | r:    95.000000 | e:   0.100000 | Q: 101.350464 | won: True 
#    6 | steps:   118 | steps_t: 2735611 | t: 0.156977 | r:    92.000000 | e:   0.100000 | Q: 101.978981 | won: True 
#    7 | steps:   140 | steps_t: 2735611 | t: 0.188239 | r:    90.000000 | e:   0.100000 | Q: 100.960747 | won: True 
#    8 | steps:   163 | steps_t: 2735611 | t: 0.203927 | r:  -511.000000 | e:   0.100000 | Q:  60.983288 | won: False 
#    9 | steps:   180 | steps_t: 2735611 | t: 0.235117 | r:    95.000000 | e:   0.100000 | Q: 102.149544 | won: True 
#   10 | steps:   197 | steps_t: 2735611 | t: 0.266362 | r:    95.000000 | e:   0.100000 | Q: 101.350464 | won: True 
#    1 | steps:    25 | steps_t: 3270774 | t: 0.031218 | r:    87.000000 | e:   0.100000 | Q: 100.530968 | won: True 
#    2 | steps:    46 | steps_t: 3270774 | t: 0.062468 | r:    91.000000 | e:   0.100000 | Q: 103.200859 | won: True 
#    3 | steps:    61 | steps_t: 3270774 | t: 0.062468 | r:  -503.000000 | e:   0.100000 | Q:  73.247620 | won: False 
#    4 | steps:    87 | steps_t: 3270774 | t: 0.109353 | r:    86.000000 | e:   0.100000 | Q: 101.656296 | won: True 
#    5 | steps:   107 | steps_t: 3270774 | t: 0.124987 | r:    92.000000 | e:   0.100000 | Q: 100.943588 | won: True 
#    6 | steps:   124 | steps_t: 3270774 | t: 0.156218 | r:    95.000000 | e:   0.100000 | Q: 100.854179 | won: True 
#    7 | steps:   152 | steps_t: 3270774 | t: 0.187468 | r:    84.000000 | e:   0.100000 | Q: 100.516335 | won: True 
#    8 | steps:   169 | steps_t: 3270774 | t: 0.203093 | r:    95.000000 | e:   0.100000 | Q: 100.854179 | won: True 
#    9 | steps:   198 | steps_t: 3270774 | t: 0.234343 | r:  -517.000000 | e:   0.100000 | Q:  89.897064 | won: False 
#   10 | steps:   216 | steps_t: 3270774 | t: 0.265632 | r:    94.000000 | e:   0.100000 | Q:  99.949371 | won: True 
