#    1 | steps:    17 | steps_t: 2735611 | t: 0.046831 | r:    95.000000 | e:   0.100000 | Q: 101.350464 | won: True 
#    2 | steps:    51 | steps_t: 2735611 | t: 0.078091 | r:    78.000000 | e:   0.100000 | Q:  98.804779 | won: True 
#    3 | steps:    68 | steps_t: 2735611 | t: 0.109363 | r:    95.000000 | e:   0.100000 | Q: 102.149544 | won: True 
#    4 | steps:    85 | steps_t: 2735611 | t: 0.124956 | r:    95.000000 | e:   0.100000 | Q: 101.350464 | won: True 
#    5 | steps:   111 | steps_t: 2735611 | t: 0.156204 | r:    86.000000 | e:   0.100000 | Q: 101.234970 | won: True 
#    6 | steps:   126 | steps_t: 2735611 | t: 0.188044 | r:  -503.000000 | e:   0.100000 | Q:  77.313820 | won: False 
#    7 | steps:   143 | steps_t: 2735611 | t: 0.203671 | r:    95.000000 | e:   0.100000 | Q: 101.350464 | won: True 
#    8 | steps:   162 | steps_t: 2735611 | t: 0.219294 | r:  -496.000000 | e:   0.100000 | Q:  54.633179 | won: False 
#    9 | steps:   179 | steps_t: 2735611 | t: 0.250542 | r:  -505.000000 | e:   0.100000 | Q:  89.710854 | won: False 
#   10 | steps:   197 | steps_t: 2735611 | t: 0.266170 | r:    94.000000 | e:   0.100000 | Q: 100.611267 | won: True 
#    1 | steps:    28 | steps_t: 2735611 | t: 0.046815 | r:    84.000000 | e:   0.100000 | Q: 101.978981 | won: True 
#    2 | steps:    45 | steps_t: 2735611 | t: 0.062441 | r:    95.000000 | e:   0.100000 | Q: 101.230827 | won: True 
#    3 | steps:    62 | steps_t: 2735611 | t: 0.078110 | r:    95.000000 | e:   0.100000 | Q: 102.149544 | won: True 
#    4 | steps:    79 | steps_t: 2735611 | t: 0.109353 | r:    95.000000 | e:   0.100000 | Q: 102.149544 | won: True 
#    5 | steps:    97 | steps_t: 2735611 | t: 0.124989 | r:    94.000000 | e:   0.100000 | Q: 100.611267 | won: True 
#    6 | steps:   126 | steps_t: 2735611 | t: 0.156265 | r:  -517.000000 | e:   0.100000 | Q:  85.334602 | won: False 
#    7 | steps:   156 | steps_t: 2735611 | t: 0.203066 | r:    82.000000 | e:   0.100000 | Q:  98.804779 | won: True 
#    8 | steps:   180 | steps_t: 2735611 | t: 0.234367 | r:  -512.000000 | e:   0.100000 | Q:  64.551674 | won: False 
#    9 | steps:   194 | steps_t: 2735611 | t: 0.234367 | r:  -502.000000 | e:   0.100000 | Q:  76.950836 | won: False 
#   10 | steps:   222 | steps_t: 2735611 | t: 0.281230 | r:    84.000000 | e:   0.100000 | Q: 101.978981 | won: True 
#    1 | steps:    20 | steps_t: 2735611 | t: 0.031211 | r:    92.000000 | e:   0.100000 | Q:  98.254601 | won: True 
#    2 | steps:    38 | steps_t: 2735611 | t: 0.046837 | r:    94.000000 | e:   0.100000 | Q: 100.611267 | won: True 
#    3 | steps:    65 | steps_t: 2735611 | t: 0.078088 | r:  -515.000000 | e:   0.100000 | Q:  75.534195 | won: False 
#    4 | steps:    83 | steps_t: 2735611 | t: 0.109377 | r:    94.000000 | e:   0.100000 | Q: 100.960747 | won: True 
#    5 | steps:   105 | steps_t: 2735611 | t: 0.124991 | r:    90.000000 | e:   0.100000 | Q:  98.804779 | won: True 
#    6 | steps:   123 | steps_t: 2735611 | t: 0.156212 | r:    94.000000 | e:   0.100000 | Q: 101.234970 | won: True 
#    7 | steps:   140 | steps_t: 2735611 | t: 0.171835 | r:    95.000000 | e:   0.100000 | Q: 101.350464 | won: True 
#    8 | steps:   157 | steps_t: 2735611 | t: 0.203111 | r:    95.000000 | e:   0.100000 | Q: 101.350464 | won: True 
#    9 | steps:   187 | steps_t: 2735611 | t: 0.234334 | r:    82.000000 | e:   0.100000 | Q: 100.960747 | won: True 
#   10 | steps:   205 | steps_t: 2735611 | t: 0.250358 | r:    94.000000 | e:   0.100000 | Q: 100.611267 | won: True 
