#    1 | steps:    18 | steps_t: 3270774 | t: 0.031253 | r:    94.000000 | e:   0.100000 | Q:  99.949371 | won: True 
#    2 | steps:    35 | steps_t: 3270774 | t: 0.062502 | r:  -505.000000 | e:   0.100000 | Q:  90.346596 | won: False 
#    3 | steps:    58 | steps_t: 3270774 | t: 0.078169 | r:    89.000000 | e:   0.100000 | Q: 101.474655 | won: True 
#    4 | steps:    71 | steps_t: 3270774 | t: 0.093810 | r:  -501.000000 | e:   0.100000 | Q:  73.247620 | won: False 
#    5 | steps:    87 | steps_t: 3270774 | t: 0.125065 | r:  -515.000000 | e:   0.100000 | Q:  51.161129 | won: False 
#    6 | steps:   105 | steps_t: 3270774 | t: 0.140729 | r:    94.000000 | e:   0.100000 | Q:  99.949371 | won: True 
#    7 | steps:   123 | steps_t: 3270774 | t: 0.171994 | r:    94.000000 | e:   0.100000 | Q:  99.949371 | won: True 
#    8 | steps:   145 | steps_t: 3270774 | t: 0.203241 | r:    90.000000 | e:   0.100000 | Q: 101.656296 | won: True 
#    9 | steps:   166 | steps_t: 3270774 | t: 0.218906 | r:    91.000000 | e:   0.100000 | Q: 100.147888 | won: True 
#   10 | steps:   198 | steps_t: 3270774 | t: 0.265787 | r:    80.000000 | e:   0.100000 | Q: 100.516335 | won: True 
#    1 | steps:    22 | steps_t: 3271349 | t: 0.031285 | r:    90.000000 | e:   0.100000 | Q:  93.552071 | won: True 
#    2 | steps:    46 | steps_t: 3271349 | t: 0.046919 | r:    88.000000 | e:   0.100000 | Q: 102.645950 | won: True 
#    3 | steps:    63 | steps_t: 3271349 | t: 0.078123 | r:    95.000000 | e:   0.100000 | Q: 100.647797 | won: True 
#    4 | steps:    77 | steps_t: 3271349 | t: 0.093791 | r:  -502.000000 | e:   0.100000 | Q:  78.898224 | won: False 
#    5 | steps:    94 | steps_t: 3271349 | t: 0.125608 | r:    95.000000 | e:   0.100000 | Q:  99.937119 | won: True 
#    6 | steps:   119 | steps_t: 3271349 | t: 0.156916 | r:    87.000000 | e:   0.100000 | Q: 104.432159 | won: True 
#    7 | steps:   143 | steps_t: 3271349 | t: 0.188145 | r:    88.000000 | e:   0.100000 | Q: 100.136078 | won: True 
#    8 | steps:   161 | steps_t: 3271349 | t: 0.203823 | r:    94.000000 | e:   0.100000 | Q:  99.616348 | won: True 
#    9 | steps:   186 | steps_t: 3271349 | t: 0.235045 | r:    87.000000 | e:   0.100000 | Q: 100.511093 | won: True 
#   10 | steps:   203 | steps_t: 3271349 | t: 0.250679 | r:    95.000000 | e:   0.100000 | Q: 100.647797 | won: True 
