#    1 | steps:    30 | steps_t: 3270774 | t: 0.031208 | r:    82.000000 | e:   0.100000 | Q: 101.656296 | won: True 
#    2 | steps:    47 | steps_t: 3270774 | t: 0.046833 | r:    95.000000 | e:   0.100000 | Q: 101.309280 | won: True 
#    3 | steps:    62 | steps_t: 3270774 | t: 0.078128 | r:  -503.000000 | e:   0.100000 | Q:  80.711975 | won: False 
#    4 | steps:    83 | steps_t: 3270774 | t: 0.093758 | r:    91.000000 | e:   0.100000 | Q: 100.147888 | won: True 
#    5 | steps:   103 | steps_t: 3270774 | t: 0.124960 | r:    92.000000 | e:   0.100000 | Q:  99.964523 | won: True 
#    6 | steps:   118 | steps_t: 3270774 | t: 0.156963 | r:  -503.000000 | e:   0.100000 | Q:  71.862808 | won: False 
#    7 | steps:   135 | steps_t: 3270774 | t: 0.172637 | r:    95.000000 | e:   0.100000 | Q: 101.309280 | won: True 
#    8 | steps:   153 | steps_t: 3270774 | t: 0.203850 | r:    94.000000 | e:   0.100000 | Q:  99.949371 | won: True 
#    9 | steps:   170 | steps_t: 3270774 | t: 0.219475 | r:    95.000000 | e:   0.100000 | Q: 101.309280 | won: True 
#   10 | steps:   187 | steps_t: 3270774 | t: 0.235138 | r:    95.000000 | e:   0.100000 | Q: 101.309280 | won: True 
#    1 | steps:    23 | steps_t: 3270774 | t: 0.031171 | r:    89.000000 | e:   0.100000 | Q: 101.162773 | won: True 
#    2 | steps:    41 | steps_t: 3270774 | t: 0.062467 | r:    94.000000 | e:   0.100000 | Q:  99.949371 | won: True 
#    3 | steps:    58 | steps_t: 3270774 | t: 0.078049 | r:    95.000000 | e:   0.100000 | Q: 101.309280 | won: True 
#    4 | steps:    73 | steps_t: 3270774 | t: 0.109352 | r:  -503.000000 | e:   0.100000 | Q:  71.862808 | won: False 
#    5 | steps:    91 | steps_t: 3270774 | t: 0.124922 | r:    94.000000 | e:   0.100000 | Q: 102.359123 | won: True 
#    6 | steps:   115 | steps_t: 3270774 | t: 0.156179 | r:  -512.000000 | e:   0.100000 | Q:  69.275139 | won: False 
#    7 | steps:   143 | steps_t: 3270774 | t: 0.203370 | r:    84.000000 | e:   0.100000 | Q:  99.964523 | won: True 
#    8 | steps:   160 | steps_t: 3270774 | t: 0.218996 | r:    95.000000 | e:   0.100000 | Q: 100.854179 | won: True 
#    9 | steps:   175 | steps_t: 3270774 | t: 0.234599 | r:    97.000000 | e:   0.100000 | Q: 100.642761 | won: True 
#   10 | steps:   195 | steps_t: 3270774 | t: 0.265856 | r:    92.000000 | e:   0.100000 | Q: 100.943588 | won: True 
