#    1 | steps:    16 | steps_t: 2735611 | t: 0.015590 | r:    96.000000 | e:   0.100000 | Q:  98.254601 | won: True 
#    2 | steps:    38 | steps_t: 2735611 | t: 0.046810 | r:    90.000000 | e:   0.100000 | Q: 101.623817 | won: True 
#    3 | steps:    56 | steps_t: 2735611 | t: 0.062434 | r:    94.000000 | e:   0.100000 | Q: 100.611267 | won: True 
#    4 | steps:    78 | steps_t: 2735611 | t: 0.093698 | r:    90.000000 | e:   0.100000 | Q: 101.623817 | won: True 
#    5 | steps:    98 | steps_t: 2735611 | t: 0.109361 | r:    92.000000 | e:   0.100000 | Q:  98.254601 | won: True 
#    6 | steps:   116 | steps_t: 2735611 | t: 0.140908 | r:    94.000000 | e:   0.100000 | Q: 101.288605 | won: True 
#    7 | steps:   134 | steps_t: 2735611 | t: 0.172194 | r:    94.000000 | e:   0.100000 | Q: 100.960747 | won: True 
#    8 | steps:   155 | steps_t: 2735611 | t: 0.187827 | r:    91.000000 | e:   0.100000 | Q: 101.230827 | won: True 
#    9 | steps:   180 | steps_t: 2735611 | t: 0.219058 | r:    87.000000 | e:   0.100000 | Q: 101.818947 | won: True 
#   10 | steps:   222 | steps_t: 2735611 | t: 0.250295 | r:    70.000000 | e:   0.100000 | Q: 101.623817 | won: True 
#    1 | steps:    20 | steps_t: 3270774 | t: 0.031249 | r:    92.000000 | e:   0.100000 | Q: 100.943588 | won: True 
#    2 | steps:    44 | steps_t: 3270774 | t: 0.046911 | r:    88.000000 | e:   0.100000 | Q: 101.667725 | won: True 
#    3 | steps:    72 | steps_t: 3270774 | t: 0.093748 | r:    84.000000 | e:   0.100000 | Q: 100.943588 | won: True 
#    4 | steps:    92 | steps_t: 3270774 | t: 0.109373 | r:    92.000000 | e:   0.100000 | Q: 100.369331 | won: True 
#    5 | steps:   110 | steps_t: 3270774 | t: 0.140635 | r:    94.000000 | e:   0.100000 | Q:  99.949371 | won: True 
#    6 | steps:   140 | steps_t: 3270774 | t: 0.171972 | r:    82.000000 | e:   0.100000 | Q: 101.656296 | won: True 
#    7 | steps:   168 | steps_t: 3270774 | t: 0.203151 | r:    84.000000 | e:   0.100000 | Q: 100.516335 | won: True 
#    8 | steps:   186 | steps_t: 3270774 | t: 0.218794 | r:    94.000000 | e:   0.100000 | Q: 102.359123 | won: True 
#    9 | steps:   206 | steps_t: 3270774 | t: 0.250044 | r:    92.000000 | e:   0.100000 | Q: 100.943588 | won: True 
#   10 | steps:   232 | steps_t: 3270774 | t: 0.281289 | r:  -514.000000 | e:   0.100000 | Q:  73.320030 | won: False 
