#    1 | steps:    18 | steps_t: 2735611 | t: 0.072047 | r:  -506.000000 | e:   0.100000 | Q:  93.709908 | won: False 
#    2 | steps:    48 | steps_t: 2735611 | t: 0.120000 | r:    82.000000 | e:   0.100000 | Q:  98.804779 | won: True 
#    3 | steps:    66 | steps_t: 2735611 | t: 0.144003 | r:    94.000000 | e:   0.100000 | Q: 100.611267 | won: True 
#    4 | steps:    83 | steps_t: 2735611 | t: 0.176000 | r:    95.000000 | e:   0.100000 | Q: 102.149544 | won: True 
#    5 | steps:   106 | steps_t: 2735611 | t: 0.232213 | r:    89.000000 | e:   0.100000 | Q: 106.888481 | won: True 
#    6 | steps:   127 | steps_t: 2735611 | t: 0.288233 | r:    91.000000 | e:   0.100000 | Q: 102.335548 | won: True 
#    7 | steps:   145 | steps_t: 2735611 | t: 0.328200 | r:  -506.000000 | e:   0.100000 | Q:  93.709908 | won: False 
#    8 | steps:   167 | steps_t: 2735611 | t: 0.384682 | r:    90.000000 | e:   0.100000 | Q: 101.623817 | won: True 
#    9 | steps:   183 | steps_t: 2735611 | t: 0.424716 | r:    96.000000 | e:   0.100000 | Q: 100.241585 | won: True 
#   10 | steps:   197 | steps_t: 2735611 | t: 0.464678 | r:  -502.000000 | e:   0.100000 | Q:  76.950836 | won: False 
#    1 | steps:    14 | steps_t: 2735611 | t: 0.032808 | r:  -502.000000 | e:   0.100000 | Q:  71.612358 | won: False 
#    2 | steps:    31 | steps_t: 2735611 | t: 0.095335 | r:    95.000000 | e:   0.100000 | Q: 101.350464 | won: True 
#    3 | steps:    49 | steps_t: 2735611 | t: 0.173798 | r:    94.000000 | e:   0.100000 | Q: 100.611267 | won: True 
#    4 | steps:    75 | steps_t: 2735611 | t: 0.298838 | r:    86.000000 | e:   0.100000 | Q: 100.725166 | won: True 
#    5 | steps:    95 | steps_t: 2735611 | t: 0.346290 | r:    92.000000 | e:   0.100000 | Q:  99.659950 | won: True 
#    6 | steps:   126 | steps_t: 2735611 | t: 0.393200 | r:    81.000000 | e:   0.100000 | Q: 106.888481 | won: True 
#    7 | steps:   143 | steps_t: 2735611 | t: 0.428361 | r:    95.000000 | e:   0.100000 | Q: 101.350464 | won: True 
#    8 | steps:   160 | steps_t: 2735611 | t: 0.468364 | r:    95.000000 | e:   0.100000 | Q: 102.149544 | won: True 
#    9 | steps:   175 | steps_t: 2735611 | t: 0.500398 | r:  -503.000000 | e:   0.100000 | Q:  71.056778 | won: False 
#   10 | steps:   192 | steps_t: 2735611 | t: 0.532356 | r:    95.000000 | e:   0.100000 | Q: 101.230827 | won: True 
