#    1 | steps:    18 | steps_t: 2735611 | t: 0.046878 | r:    94.000000 | e:   0.100000 | Q: 100.611267 | won: True 
#    2 | steps:    35 | steps_t: 2735611 | t: 0.062542 | r:    95.000000 | e:   0.100000 | Q: 101.350464 | won: True 
#    3 | steps:    55 | steps_t: 2735611 | t: 0.093791 | r:    92.000000 | e:   0.100000 | Q:  99.659950 | won: True 
#    4 | steps:    72 | steps_t: 2735611 | t: 0.109418 | r:    95.000000 | e:   0.100000 | Q: 102.149544 | won: True 
#    5 | steps:    93 | steps_t: 2735611 | t: 0.140626 | r:    91.000000 | e:   0.100000 | Q: 102.335548 | won: True 
#    6 | steps:   113 | steps_t: 2735611 | t: 0.172532 | r:    92.000000 | e:   0.100000 | Q:  98.254601 | won: True 
#    7 | steps:   131 | steps_t: 2735611 | t: 0.203794 | r:    94.000000 | e:   0.100000 | Q: 101.288605 | won: True 
#    8 | steps:   148 | steps_t: 2735611 | t: 0.219455 | r:    95.000000 | e:   0.100000 | Q: 101.230827 | won: True 
#    9 | steps:   169 | steps_t: 2735611 | t: 0.235044 | r:    91.000000 | e:   0.100000 | Q: 102.335548 | won: True 
#   10 | steps:   199 | steps_t: 2735611 | t: 0.266297 | r:    82.000000 | e:   0.100000 | Q: 101.623817 | won: True 
#    1 | steps:    15 | steps_t: 2735611 | t: 0.015581 | r:  -503.000000 | e:   0.100000 | Q:  77.313820 | won: False 
#    2 | steps:    35 | steps_t: 2735611 | t: 0.046852 | r:    92.000000 | e:   0.100000 | Q:  99.659950 | won: True 
#    3 | steps:    52 | steps_t: 2735611 | t: 0.062416 | r:    95.000000 | e:   0.100000 | Q: 101.350464 | won: True 
#    4 | steps:    80 | steps_t: 2735611 | t: 0.093668 | r:    84.000000 | e:   0.100000 | Q: 100.522858 | won: True 
#    5 | steps:    98 | steps_t: 2735611 | t: 0.109336 | r:    94.000000 | e:   0.100000 | Q: 100.960747 | won: True 
#    6 | steps:   126 | steps_t: 2735611 | t: 0.156166 | r:    84.000000 | e:   0.100000 | Q: 101.978981 | won: True 
#    7 | steps:   146 | steps_t: 2735611 | t: 0.171831 | r:    92.000000 | e:   0.100000 | Q:  99.659950 | won: True 
#    8 | steps:   158 | steps_t: 2735611 | t: 0.187454 | r:  -500.000000 | e:   0.100000 | Q:  71.056778 | won: False 
#    9 | steps:   188 | steps_t: 2735611 | t: 0.218703 | r:    82.000000 | e:   0.100000 | Q:  98.804779 | won: True 
#   10 | steps:   206 | steps_t: 2735611 | t: 0.249969 | r:    94.000000 | e:   0.100000 | Q: 101.234970 | won: True 
