#    1 | steps:    18 | steps_t: 2735611 | t: 0.046867 | r:    94.000000 | e:   0.100000 | Q: 100.960747 | won: True 
#    2 | steps:    36 | steps_t: 2735611 | t: 0.062962 | r:    94.000000 | e:   0.100000 | Q: 101.288605 | won: True 
#    3 | steps:    58 | steps_t: 2735611 | t: 0.109895 | r:    90.000000 | e:   0.100000 | Q:  98.804779 | won: True 
#    4 | steps:    81 | steps_t: 2735611 | t: 0.141139 | r:    89.000000 | e:   0.100000 | Q:  99.760963 | won: True 
#    5 | steps:   106 | steps_t: 2735611 | t: 0.188020 | r:  -513.000000 | e:   0.100000 | Q:  67.914894 | won: False 
#    6 | steps:   119 | steps_t: 2735611 | t: 0.203640 | r:  -501.000000 | e:   0.100000 | Q:  68.836113 | won: False 
#    7 | steps:   137 | steps_t: 2735611 | t: 0.234899 | r:    94.000000 | e:   0.100000 | Q: 101.288605 | won: True 
#    8 | steps:   160 | steps_t: 2735611 | t: 0.281767 | r:    89.000000 | e:   0.100000 | Q: 106.888481 | won: True 
#    9 | steps:   178 | steps_t: 2735611 | t: 0.313017 | r:    94.000000 | e:   0.100000 | Q: 100.960747 | won: True 
#   10 | steps:   202 | steps_t: 2735611 | t: 0.372457 | r:  -512.000000 | e:   0.100000 | Q:  80.812096 | won: False 
#    1 | steps:    17 | steps_t: 3270774 | t: 0.031258 | r:    95.000000 | e:   0.100000 | Q: 100.854179 | won: True 
#    2 | steps:    34 | steps_t: 3270774 | t: 0.075443 | r:  -505.000000 | e:   0.100000 | Q:  95.238617 | won: False 
#    3 | steps:    51 | steps_t: 3270774 | t: 0.099460 | r:    95.000000 | e:   0.100000 | Q: 101.309280 | won: True 
#    4 | steps:    64 | steps_t: 3270774 | t: 0.123239 | r:  -501.000000 | e:   0.100000 | Q:  71.862808 | won: False 
#    5 | steps:    81 | steps_t: 3270774 | t: 0.154874 | r:    95.000000 | e:   0.100000 | Q: 100.854179 | won: True 
#    6 | steps:    98 | steps_t: 3270774 | t: 0.186133 | r:    95.000000 | e:   0.100000 | Q: 100.854179 | won: True 
#    7 | steps:   115 | steps_t: 3270774 | t: 0.217377 | r:    95.000000 | e:   0.100000 | Q: 100.854179 | won: True 
#    8 | steps:   133 | steps_t: 3270774 | t: 0.248642 | r:    94.000000 | e:   0.100000 | Q:  99.949371 | won: True 
#    9 | steps:   150 | steps_t: 3270774 | t: 0.279912 | r:    95.000000 | e:   0.100000 | Q: 100.854179 | won: True 
#   10 | steps:   169 | steps_t: 3270774 | t: 0.326782 | r:    93.000000 | e:   0.100000 | Q: 100.794815 | won: True 
