#    1 | steps:    17 | steps_t: 3271349 | t: 0.037741 | r:    95.000000 | e:   0.100000 | Q:  99.937119 | won: True 
#    2 | steps:    37 | steps_t: 3271349 | t: 0.064776 | r:    92.000000 | e:   0.100000 | Q: 100.136078 | won: True 
#    3 | steps:    57 | steps_t: 3271349 | t: 0.099856 | r:    92.000000 | e:   0.100000 | Q:  99.879898 | won: True 
#    4 | steps:    77 | steps_t: 3271349 | t: 0.133654 | r:    92.000000 | e:   0.100000 | Q:  99.879898 | won: True 
#    5 | steps:    91 | steps_t: 3271349 | t: 0.160647 | r:  -502.000000 | e:   0.100000 | Q:  78.898224 | won: False 
#    6 | steps:   110 | steps_t: 3271349 | t: 0.198672 | r:    93.000000 | e:   0.100000 | Q: 100.897446 | won: True 
#    7 | steps:   125 | steps_t: 3271349 | t: 0.221648 | r:  -503.000000 | e:   0.100000 | Q:  70.805359 | won: False 
#    8 | steps:   143 | steps_t: 3271349 | t: 0.253648 | r:  -506.000000 | e:   0.100000 | Q:  93.421745 | won: False 
#    9 | steps:   160 | steps_t: 3271349 | t: 0.280685 | r:  -505.000000 | e:   0.100000 | Q:  61.678860 | won: False 
#   10 | steps:   185 | steps_t: 3271349 | t: 0.322690 | r:    87.000000 | e:   0.100000 | Q:  99.582863 | won: True 
#    1 | steps:     7 | steps_t: 3271349 | t: 0.025020 | r:  -495.000000 | e:   0.100000 | Q: 128.869629 | won: False 
#    2 | steps:    14 | steps_t: 3271349 | t: 0.038000 | r:  -484.000000 | e:   0.100000 | Q: 144.574600 | won: False 
#    3 | steps:    25 | steps_t: 3271349 | t: 0.056261 | r:  -499.000000 | e:   0.100000 | Q: 193.981903 | won: False 
#    4 | steps:    39 | steps_t: 3271349 | t: 0.080091 | r:  -436.000000 | e:   0.100000 | Q: 168.492416 | won: False 
#    5 | steps:    46 | steps_t: 3271349 | t: 0.093084 | r:  -484.000000 | e:   0.100000 | Q: 144.574600 | won: False 
#    6 | steps:    53 | steps_t: 3271349 | t: 0.113090 | r:  -484.000000 | e:   0.100000 | Q: 144.574600 | won: False 
#    7 | steps:    60 | steps_t: 3271349 | t: 0.125083 | r:  -484.000000 | e:   0.100000 | Q: 144.574600 | won: False 
#    8 | steps:    67 | steps_t: 3271349 | t: 0.139130 | r:  -495.000000 | e:   0.100000 | Q:  91.886856 | won: False 
#    9 | steps:    74 | steps_t: 3271349 | t: 0.153087 | r:  -484.000000 | e:   0.100000 | Q: 144.574600 | won: False 
#   10 | steps:    81 | steps_t: 3271349 | t: 0.164093 | r:  -484.000000 | e:   0.100000 | Q: 144.574600 | won: False 
