#    1 | steps:    18 | steps_t: 2735611 | t: 0.031250 | r:    94.000000 | e:   0.100000 | Q: 100.611267 | won: True 
#    2 | steps:    35 | steps_t: 2735611 | t: 0.062578 | r:    95.000000 | e:   0.100000 | Q: 101.350464 | won: True 
#    3 | steps:    47 | steps_t: 2735611 | t: 0.062578 | r:  -500.000000 | e:   0.100000 | Q:  71.056778 | won: False 
#    4 | steps:    67 | steps_t: 2735611 | t: 0.093890 | r:    92.000000 | e:   0.100000 | Q:  99.659950 | won: True 
#    5 | steps:    84 | steps_t: 2735611 | t: 0.109509 | r:    95.000000 | e:   0.100000 | Q: 101.350464 | won: True 
#    6 | steps:    98 | steps_t: 2735611 | t: 0.125142 | r:  -502.000000 | e:   0.100000 | Q:  68.836113 | won: False 
#    7 | steps:   113 | steps_t: 2735611 | t: 0.156350 | r:  -503.000000 | e:   0.100000 | Q:  77.313820 | won: False 
#    8 | steps:   143 | steps_t: 2735611 | t: 0.185339 | r:    82.000000 | e:   0.100000 | Q: 101.623817 | won: True 
#    9 | steps:   161 | steps_t: 2735611 | t: 0.200992 | r:    94.000000 | e:   0.100000 | Q: 100.611267 | won: True 
#   10 | steps:   179 | steps_t: 2735611 | t: 0.232216 | r:  -506.000000 | e:   0.100000 | Q:  93.709908 | won: False 
#    1 | steps:    18 | steps_t: 3270774 | t: 0.016901 | r:    94.000000 | e:   0.100000 | Q:  99.949371 | won: True 
#    2 | steps:    40 | steps_t: 3270774 | t: 0.048119 | r:    90.000000 | e:   0.100000 | Q: 100.625839 | won: True 
#    3 | steps:    55 | steps_t: 3270774 | t: 0.064265 | r:  -503.000000 | e:   0.100000 | Q:  73.247620 | won: False 
#    4 | steps:    84 | steps_t: 3270774 | t: 0.111192 | r:    83.000000 | e:   0.100000 | Q: 100.147888 | won: True 
#    5 | steps:   114 | steps_t: 3270774 | t: 0.142440 | r:    82.000000 | e:   0.100000 | Q: 101.656296 | won: True 
#    6 | steps:   131 | steps_t: 3270774 | t: 0.158025 | r:    95.000000 | e:   0.100000 | Q: 101.309280 | won: True 
#    7 | steps:   148 | steps_t: 3270774 | t: 0.189329 | r:    95.000000 | e:   0.100000 | Q: 100.854179 | won: True 
#    8 | steps:   178 | steps_t: 3270774 | t: 0.220576 | r:    82.000000 | e:   0.100000 | Q: 101.656296 | won: True 
#    9 | steps:   196 | steps_t: 3270774 | t: 0.236152 | r:  -506.000000 | e:   0.100000 | Q:  94.376884 | won: False 
#   10 | steps:   214 | steps_t: 3270774 | t: 0.267448 | r:    94.000000 | e:   0.100000 | Q:  99.949371 | won: True 
