#    1 | steps:    30 | steps_t: 2735611 | t: 0.046873 | r:    82.000000 | e:   0.100000 | Q:  98.804779 | won: True 
#    2 | steps:    52 | steps_t: 2735611 | t: 0.078124 | r:    90.000000 | e:   0.100000 | Q: 101.623817 | won: True 
#    3 | steps:    69 | steps_t: 2735611 | t: 0.093752 | r:    95.000000 | e:   0.100000 | Q:  93.338997 | won: True 
#    4 | steps:    92 | steps_t: 2735611 | t: 0.109375 | r:    89.000000 | e:   0.100000 | Q:  99.760963 | won: True 
#    5 | steps:   110 | steps_t: 2735611 | t: 0.140627 | r:    94.000000 | e:   0.100000 | Q: 100.611267 | won: True 
#    6 | steps:   123 | steps_t: 2735611 | t: 0.156185 | r:  -501.000000 | e:   0.100000 | Q:  71.056778 | won: False 
#    7 | steps:   141 | steps_t: 2735611 | t: 0.187444 | r:    94.000000 | e:   0.100000 | Q: 100.611267 | won: True 
#    8 | steps:   160 | steps_t: 2735611 | t: 0.218692 | r:    93.000000 | e:   0.100000 | Q:  99.760963 | won: True 
#    9 | steps:   190 | steps_t: 2735611 | t: 0.249947 | r:    82.000000 | e:   0.100000 | Q: 100.960747 | won: True 
#   10 | steps:   219 | steps_t: 2735611 | t: 0.281254 | r:    83.000000 | e:   0.100000 | Q: 101.230827 | won: True 
#    1 | steps:    20 | steps_t: 2735611 | t: 0.042520 | r:    92.000000 | e:   0.100000 | Q:  98.254601 | won: True 
#    2 | steps:    37 | steps_t: 2735611 | t: 0.062715 | r:    95.000000 | e:   0.100000 | Q: 101.230827 | won: True 
#    3 | steps:    58 | steps_t: 2735611 | t: 0.078379 | r:    91.000000 | e:   0.100000 | Q: 101.230827 | won: True 
#    4 | steps:    76 | steps_t: 2735611 | t: 0.093971 | r:    94.000000 | e:   0.100000 | Q: 100.960747 | won: True 
#    5 | steps:    98 | steps_t: 2735611 | t: 0.125214 | r:    90.000000 | e:   0.100000 | Q: 100.960747 | won: True 
#    6 | steps:   115 | steps_t: 2735611 | t: 0.156466 | r:    95.000000 | e:   0.100000 | Q: 101.230827 | won: True 
#    7 | steps:   132 | steps_t: 2735611 | t: 0.172087 | r:    95.000000 | e:   0.100000 | Q: 101.350464 | won: True 
#    8 | steps:   158 | steps_t: 2735611 | t: 0.203337 | r:    86.000000 | e:   0.100000 | Q: 100.725166 | won: True 
#    9 | steps:   175 | steps_t: 2735611 | t: 0.218993 | r:    95.000000 | e:   0.100000 | Q: 101.230827 | won: True 
#   10 | steps:   196 | steps_t: 2735611 | t: 0.250212 | r:    91.000000 | e:   0.100000 | Q: 101.350464 | won: True 
