#    1 | steps:     7 | steps_t: 3271349 | t: 0.031253 | r:  -484.000000 | e:   0.100000 | Q: 128.869629 | won: False 
#    2 | steps:    14 | steps_t: 3271349 | t: 0.031253 | r:  -484.000000 | e:   0.100000 | Q: 144.574600 | won: False 
#    3 | steps:    21 | steps_t: 3271349 | t: 0.047394 | r:  -484.000000 | e:   0.100000 | Q: 144.574600 | won: False 
#    4 | steps:    28 | steps_t: 3271349 | t: 0.047394 | r:  -484.000000 | e:   0.100000 | Q: 144.574600 | won: False 
#    5 | steps:    35 | steps_t: 3271349 | t: 0.063080 | r:  -495.000000 | e:   0.100000 | Q: 128.869629 | won: False 
#    6 | steps:    42 | steps_t: 3271349 | t: 0.078659 | r:  -484.000000 | e:   0.100000 | Q: 144.574600 | won: False 
#    7 | steps:    49 | steps_t: 3271349 | t: 0.078659 | r:  -484.000000 | e:   0.100000 | Q: 144.574600 | won: False 
#    8 | steps:    56 | steps_t: 3271349 | t: 0.094283 | r:  -484.000000 | e:   0.100000 | Q: 144.574600 | won: False 
#    9 | steps:    63 | steps_t: 3271349 | t: 0.109951 | r:  -484.000000 | e:   0.100000 | Q: 144.574600 | won: False 
#   10 | steps:    70 | steps_t: 3271349 | t: 0.125548 | r:  -484.000000 | e:   0.100000 | Q: 144.574600 | won: False 
#    1 | steps:    30 | steps_t: 3380835 | t: 0.038108 | r:    82.000000 | e:   0.100000 | Q: 103.384560 | won: True 
#    2 | steps:    49 | steps_t: 3380835 | t: 0.053783 | r:  -496.000000 | e:   0.100000 | Q:  89.404999 | won: False 
#    3 | steps:    71 | steps_t: 3380835 | t: 0.084994 | r:  -510.000000 | e:   0.100000 | Q:  99.659058 | won: False 
#    4 | steps:   101 | steps_t: 3380835 | t: 0.131872 | r:    82.000000 | e:   0.100000 | Q: 103.384560 | won: True 
#    5 | steps:   113 | steps_t: 3380835 | t: 0.131872 | r:  -511.000000 | e:   0.100000 | Q:  81.733170 | won: False 
#    6 | steps:   143 | steps_t: 3380835 | t: 0.178746 | r:    82.000000 | e:   0.100000 | Q: 103.384560 | won: True 
#    7 | steps:   163 | steps_t: 3380835 | t: 0.210074 | r:  -508.000000 | e:   0.100000 | Q:  78.908714 | won: False 
#    8 | steps:   176 | steps_t: 3380835 | t: 0.225794 | r:  -512.000000 | e:   0.100000 | Q:  89.404999 | won: False 
#    9 | steps:   192 | steps_t: 3380835 | t: 0.241354 | r:  -515.000000 | e:   0.100000 | Q:  89.404999 | won: False 
#   10 | steps:   212 | steps_t: 3380835 | t: 0.256977 | r:  -508.000000 | e:   0.100000 | Q:  89.404999 | won: False 
