#    1 | steps:    20 | steps_t: 2735611 | t: 0.143804 | r:    92.000000 | e:   0.100000 | Q:  98.254601 | won: True 
#    2 | steps:    45 | steps_t: 2735611 | t: 3.720006 | r:    87.000000 | e:   0.100000 | Q: 101.818947 | won: True 
#    3 | steps:    62 | steps_t: 2735611 | t: 7.073010 | r:    95.000000 | e:   0.100000 | Q: 102.149544 | won: True 
#    4 | steps:    82 | steps_t: 2735611 | t: 10.890066 | r:    92.000000 | e:   0.100000 | Q:  98.254601 | won: True 
#    5 | steps:   102 | steps_t: 2735611 | t: 14.675020 | r:    92.000000 | e:   0.100000 | Q:  98.254601 | won: True 
#    6 | steps:   120 | steps_t: 2735611 | t: 18.238784 | r:    94.000000 | e:   0.100000 | Q: 101.234970 | won: True 
#    7 | steps:   144 | steps_t: 2735611 | t: 22.650456 | r:    88.000000 | e:   0.100000 | Q:  94.082817 | won: True 
#    8 | steps:   165 | steps_t: 2735611 | t: 26.637276 | r:    91.000000 | e:   0.100000 | Q: 102.335548 | won: True 
#    9 | steps:   182 | steps_t: 2735611 | t: 30.062095 | r:    95.000000 | e:   0.100000 | Q: 102.149544 | won: True 
#   10 | steps:   199 | steps_t: 2735611 | t: 33.470797 | r:    95.000000 | e:   0.100000 | Q: 101.230827 | won: True 
#   11 | steps:   216 | steps_t: 2735611 | t: 36.866046 | r:    95.000000 | e:   0.100000 | Q: 101.350464 | won: True 
#   12 | steps:   236 | steps_t: 2735611 | t: 40.634054 | r:    92.000000 | e:   0.100000 | Q:  98.254601 | won: True 
#   13 | steps:   253 | steps_t: 2735611 | t: 44.025057 | r:    95.000000 | e:   0.100000 | Q: 101.350464 | won: True 
#   14 | steps:   270 | steps_t: 2735611 | t: 47.454061 | r:    95.000000 | e:   0.100000 | Q: 101.230827 | won: True 
#   15 | steps:   298 | steps_t: 2735611 | t: 52.505050 | r:    84.000000 | e:   0.100000 | Q:  98.254601 | won: True 
#   16 | steps:   328 | steps_t: 2735611 | t: 57.800837 | r:    82.000000 | e:   0.100000 | Q:  98.804779 | won: True 
#   17 | steps:   348 | steps_t: 2735611 | t: 61.608176 | r:    92.000000 | e:   0.100000 | Q:  98.254601 | won: True 
#   18 | steps:   367 | steps_t: 2735611 | t: 65.279180 | r:    93.000000 | e:   0.100000 | Q:  99.760963 | won: True 
#   19 | steps:   390 | steps_t: 2735611 | t: 69.515093 | r:    89.000000 | e:   0.100000 | Q:  99.760963 | won: True 
#   20 | steps:   407 | steps_t: 2735611 | t: 72.934824 | r:    95.000000 | e:   0.100000 | Q: 101.230827 | won: True 
