#    1 | steps:    22 | steps_t: 3270774 | t: 0.035194 | r:    90.000000 | e:   0.100000 | Q: 101.595726 | won: True 
#    2 | steps:    35 | steps_t: 3270774 | t: 0.035194 | r:  -501.000000 | e:   0.100000 | Q:  74.673668 | won: False 
#    3 | steps:    55 | steps_t: 3270774 | t: 0.066499 | r:    92.000000 | e:   0.100000 | Q: 100.076225 | won: True 
#    4 | steps:    72 | steps_t: 3270774 | t: 0.097714 | r:    95.000000 | e:   0.100000 | Q: 100.854179 | won: True 
#    5 | steps:    93 | steps_t: 3270774 | t: 0.128956 | r:    91.000000 | e:   0.100000 | Q: 100.147888 | won: True 
#    6 | steps:   110 | steps_t: 3270774 | t: 0.144687 | r:    95.000000 | e:   0.100000 | Q: 100.147888 | won: True 
#    7 | steps:   133 | steps_t: 3270774 | t: 0.175952 | r:    89.000000 | e:   0.100000 | Q: 101.162773 | won: True 
#    8 | steps:   158 | steps_t: 3270774 | t: 0.207208 | r:    87.000000 | e:   0.100000 | Q: 100.530968 | won: True 
#    9 | steps:   182 | steps_t: 3270774 | t: 0.238446 | r:    88.000000 | e:   0.100000 | Q: 100.516335 | won: True 
#   10 | steps:   202 | steps_t: 3270774 | t: 0.254070 | r:  -508.000000 | e:   0.100000 | Q:  67.217110 | won: False 
#    1 | steps:    17 | steps_t: 3271349 | t: 0.031223 | r:    95.000000 | e:   0.100000 | Q:  99.937119 | won: True 
#    2 | steps:    40 | steps_t: 3271349 | t: 0.062471 | r:    89.000000 | e:   0.100000 | Q: 100.897446 | won: True 
#    3 | steps:    58 | steps_t: 3271349 | t: 0.093751 | r:    94.000000 | e:   0.100000 | Q:  98.585411 | won: True 
#    4 | steps:    76 | steps_t: 3271349 | t: 0.140596 | r:    94.000000 | e:   0.100000 | Q:  98.585411 | won: True 
#    5 | steps:    98 | steps_t: 3271349 | t: 0.171871 | r:    90.000000 | e:   0.100000 | Q: 100.246086 | won: True 
#    6 | steps:   118 | steps_t: 3271349 | t: 0.203212 | r:    92.000000 | e:   0.100000 | Q:  99.879898 | won: True 
#    7 | steps:   139 | steps_t: 3271349 | t: 0.234536 | r:    91.000000 | e:   0.100000 | Q:  94.218445 | won: True 
#    8 | steps:   156 | steps_t: 3271349 | t: 0.250097 | r:    95.000000 | e:   0.100000 | Q:  99.937119 | won: True 
#    9 | steps:   175 | steps_t: 3271349 | t: 0.265721 | r:  -507.000000 | e:   0.100000 | Q:  66.782257 | won: False 
#   10 | steps:   192 | steps_t: 3271349 | t: 0.281368 | r:    95.000000 | e:   0.100000 | Q: 100.647797 | won: True 
