#    1 | steps:    12 | steps_t:     0 | t: 0.014004 | r:  -511.000000 | e:   1.000000 | Q:        nan | won: False 
#    2 | steps:    21 | steps_t:     0 | t: 0.016004 | r:  -508.000000 | e:   1.000000 | Q:        nan | won: False 
#    3 | steps:    35 | steps_t:     0 | t: 0.022006 | r:  -502.000000 | e:   1.000000 | Q:        nan | won: False 
#    4 | steps:    55 | steps_t:     0 | t: 0.026007 | r:  -519.000000 | e:   1.000000 | Q:        nan | won: False 
#    5 | steps:    65 | steps_t:     0 | t: 0.030008 | r:  -509.000000 | e:   1.000000 | Q:        nan | won: False 
#    6 | steps:    73 | steps_t:     0 | t: 0.032008 | r:  -507.000000 | e:   1.000000 | Q:        nan | won: False 
#    7 | steps:    81 | steps_t:     0 | t: 0.034009 | r:  -507.000000 | e:   1.000000 | Q:        nan | won: False 
#    8 | steps:    99 | steps_t:     0 | t: 0.040010 | r:  -517.000000 | e:   1.000000 | Q:        nan | won: False 
#    9 | steps:   118 | steps_t:     0 | t: 0.046012 | r:  -507.000000 | e:   1.000000 | Q:        nan | won: False 
#   10 | steps:   128 | steps_t:     0 | t: 0.048012 | r:  -509.000000 | e:   1.000000 | Q:        nan | won: False 
#   11 | steps:   148 | steps_t:     0 | t: 0.054013 | r:  -519.000000 | e:   1.000000 | Q:        nan | won: False 
#   12 | steps:   155 | steps_t:     0 | t: 0.056014 | r:  -506.000000 | e:   1.000000 | Q:        nan | won: False 
#   13 | steps:   163 | steps_t:     0 | t: 0.058015 | r:  -507.000000 | e:   1.000000 | Q:        nan | won: False 
#   14 | steps:   170 | steps_t:     0 | t: 0.060015 | r:  -506.000000 | e:   1.000000 | Q:        nan | won: False 
#   15 | steps:   179 | steps_t:     0 | t: 0.062016 | r:  -508.000000 | e:   1.000000 | Q:        nan | won: False 
#   16 | steps:   189 | steps_t:     0 | t: 0.066017 | r:  -509.000000 | e:   1.000000 | Q:        nan | won: False 
#   17 | steps:   207 | steps_t:     0 | t: 0.070018 | r:  -517.000000 | e:   1.000000 | Q:        nan | won: False 
#   18 | steps:   213 | steps_t:     0 | t: 0.072018 | r:  -505.000000 | e:   1.000000 | Q:        nan | won: False 
#   19 | steps:   221 | steps_t:     0 | t: 0.074018 | r:  -507.000000 | e:   1.000000 | Q:        nan | won: False 
#   20 | steps:   228 | steps_t:     0 | t: 0.076020 | r:  -506.000000 | e:   1.000000 | Q:        nan | won: False 
#   21 | steps:   238 | steps_t:     0 | t: 0.080020 | r:  -509.000000 | e:   1.000000 | Q:        nan | won: False 
#   22 | steps:   244 | steps_t:     0 | t: 0.082021 | r:  -505.000000 | e:   1.000000 | Q:        nan | won: False 
#   23 | steps:   257 | steps_t:     0 | t: 0.086022 | r:  -512.000000 | e:   1.000000 | Q:        nan | won: False 
#   24 | steps:   266 | steps_t:     0 | t: 0.088022 | r:  -508.000000 | e:   1.000000 | Q:        nan | won: False 
#   25 | steps:   275 | steps_t:     0 | t: 0.090024 | r:  -508.000000 | e:   1.000000 | Q:        nan | won: False 
#   26 | steps:   288 | steps_t:     0 | t: 0.094024 | r:  -512.000000 | e:   1.000000 | Q:        nan | won: False 
#   27 | steps:   305 | steps_t:     0 | t: 0.100025 | r:  -516.000000 | e:   1.000000 | Q:        nan | won: False 
#   28 | steps:   313 | steps_t:     0 | t: 0.102026 | r:  -507.000000 | e:   1.000000 | Q:        nan | won: False 
#   29 | steps:   322 | steps_t:     0 | t: 0.104026 | r:  -508.000000 | e:   1.000000 | Q:        nan | won: False 
#   30 | steps:   344 | steps_t:     0 | t: 0.110028 | r:  -521.000000 | e:   1.000000 | Q:        nan | won: False 
#   31 | steps:   354 | steps_t:     0 | t: 0.114029 | r:  -509.000000 | e:   1.000000 | Q:        nan | won: False 
#   32 | steps:   364 | steps_t:     0 | t: 0.116029 | r:  -509.000000 | e:   1.000000 | Q:        nan | won: False 
#   33 | steps:   371 | steps_t:     0 | t: 0.118030 | r:  -506.000000 | e:   1.000000 | Q:        nan | won: False 
#   34 | steps:   380 | steps_t:     0 | t: 0.122031 | r:  -508.000000 | e:   1.000000 | Q:        nan | won: False 
#   35 | steps:   388 | steps_t:     0 | t: 0.124032 | r:  -507.000000 | e:   1.000000 | Q:        nan | won: False 
#   36 | steps:   404 | steps_t:     0 | t: 0.128033 | r:  -515.000000 | e:   1.000000 | Q:        nan | won: False 
#   37 | steps:   413 | steps_t:     0 | t: 0.132033 | r:  -508.000000 | e:   1.000000 | Q:        nan | won: False 
#   38 | steps:   419 | steps_t:     0 | t: 0.132033 | r:  -505.000000 | e:   1.000000 | Q:        nan | won: False 
#   39 | steps:   427 | steps_t:     0 | t: 0.136034 | r:  -507.000000 | e:   1.000000 | Q:        nan | won: False 
#   40 | steps:   438 | steps_t:     0 | t: 0.138035 | r:  -510.000000 | e:   1.000000 | Q:        nan | won: False 
#   41 | steps:   446 | steps_t:     0 | t: 0.140035 | r:  -507.000000 | e:   1.000000 | Q:        nan | won: False 
#   42 | steps:   454 | steps_t:     0 | t: 0.144036 | r:  -507.000000 | e:   1.000000 | Q:        nan | won: False 
#   43 | steps:   463 | steps_t:     0 | t: 0.146037 | r:  -508.000000 | e:   1.000000 | Q:        nan | won: False 
#   44 | steps:   471 | steps_t:     0 | t: 0.148037 | r:  -507.000000 | e:   1.000000 | Q:        nan | won: False 
#   45 | steps:   480 | steps_t:     0 | t: 0.150038 | r:  -508.000000 | e:   1.000000 | Q:        nan | won: False 
#   46 | steps:   486 | steps_t:     0 | t: 0.152038 | r:  -505.000000 | e:   1.000000 | Q:        nan | won: False 
#   47 | steps:   498 | steps_t:     0 | t: 0.156039 | r:  -511.000000 | e:   1.000000 | Q:        nan | won: False 
#   48 | steps:   516 | steps_t:     0 | t: 0.162041 | r:  -517.000000 | e:   1.000000 | Q:        nan | won: False 
#   49 | steps:   526 | steps_t:     0 | t: 0.164041 | r:  -509.000000 | e:   1.000000 | Q:        nan | won: False 
#   50 | steps:   541 | steps_t:     0 | t: 0.168042 | r:  -514.000000 | e:   1.000000 | Q:        nan | won: False 
#   51 | steps:   551 | steps_t:     0 | t: 0.172043 | r:  -509.000000 | e:   1.000000 | Q:        nan | won: False 
#   52 | steps:   561 | steps_t:     0 | t: 0.174044 | r:  -509.000000 | e:   1.000000 | Q:        nan | won: False 
#   53 | steps:   567 | steps_t:     0 | t: 0.176045 | r:  -505.000000 | e:   1.000000 | Q:        nan | won: False 
#   54 | steps:   576 | steps_t:     0 | t: 0.180045 | r:  -508.000000 | e:   1.000000 | Q:        nan | won: False 
#   55 | steps:   584 | steps_t:     0 | t: 0.182046 | r:  -507.000000 | e:   1.000000 | Q:        nan | won: False 
#   56 | steps:   592 | steps_t:     0 | t: 0.184047 | r:  -507.000000 | e:   1.000000 | Q:        nan | won: False 
#   57 | steps:   604 | steps_t:     0 | t: 0.188047 | r:  -511.000000 | e:   1.000000 | Q:        nan | won: False 
#   58 | steps:   613 | steps_t:     0 | t: 0.190048 | r:  -508.000000 | e:   1.000000 | Q:        nan | won: False 
#   59 | steps:   621 | steps_t:     0 | t: 0.192048 | r:  -507.000000 | e:   1.000000 | Q:        nan | won: False 
#   60 | steps:   630 | steps_t:     0 | t: 0.194049 | r:  -508.000000 | e:   1.000000 | Q:        nan | won: False 
#   61 | steps:   640 | steps_t:     0 | t: 0.198050 | r:  -509.000000 | e:   1.000000 | Q:        nan | won: False 
#   62 | steps:   648 | steps_t:     0 | t: 0.200051 | r:  -507.000000 | e:   1.000000 | Q:        nan | won: False 
#   63 | steps:   655 | steps_t:     0 | t: 0.202051 | r:  -506.000000 | e:   1.000000 | Q:        nan | won: False 
#   64 | steps:   670 | steps_t:     0 | t: 0.206051 | r:  -514.000000 | e:   1.000000 | Q:        nan | won: False 
#   65 | steps:   680 | steps_t:     0 | t: 0.210052 | r:  -509.000000 | e:   1.000000 | Q:        nan | won: False 
#   66 | steps:   689 | steps_t:     0 | t: 0.212053 | r:  -508.000000 | e:   1.000000 | Q:        nan | won: False 
#   67 | steps:   706 | steps_t:     0 | t: 0.218055 | r:  -516.000000 | e:   1.000000 | Q:        nan | won: False 
#   68 | steps:   718 | steps_t:     0 | t: 0.220056 | r:  -511.000000 | e:   1.000000 | Q:        nan | won: False 
#   69 | steps:   735 | steps_t:     0 | t: 0.226057 | r:  -516.000000 | e:   1.000000 | Q:        nan | won: False 
#   70 | steps:   743 | steps_t:     0 | t: 0.228057 | r:  -507.000000 | e:   1.000000 | Q:        nan | won: False 
#   71 | steps:   759 | steps_t:     0 | t: 0.232058 | r:  -515.000000 | e:   1.000000 | Q:        nan | won: False 
#   72 | steps:   775 | steps_t:     0 | t: 0.238059 | r:  -504.000000 | e:   1.000000 | Q:        nan | won: False 
#   73 | steps:   782 | steps_t:     0 | t: 0.240061 | r:  -506.000000 | e:   1.000000 | Q:        nan | won: False 
#   74 | steps:   793 | steps_t:     0 | t: 0.242061 | r:  -510.000000 | e:   1.000000 | Q:        nan | won: False 
#   75 | steps:   801 | steps_t:     0 | t: 0.244061 | r:  -507.000000 | e:   1.000000 | Q:        nan | won: False 
#   76 | steps:   808 | steps_t:     0 | t: 0.246062 | r:  -506.000000 | e:   1.000000 | Q:        nan | won: False 
#   77 | steps:   814 | steps_t:     0 | t: 0.250063 | r:  -505.000000 | e:   1.000000 | Q:        nan | won: False 
#   78 | steps:   822 | steps_t:     0 | t: 0.252063 | r:  -507.000000 | e:   1.000000 | Q:        nan | won: False 
#   79 | steps:   829 | steps_t:     0 | t: 0.254064 | r:  -506.000000 | e:   1.000000 | Q:        nan | won: False 
#   80 | steps:   835 | steps_t:     0 | t: 0.256065 | r:  -505.000000 | e:   1.000000 | Q:        nan | won: False 
#   81 | steps:   845 | steps_t:     0 | t: 0.258065 | r:  -509.000000 | e:   1.000000 | Q:        nan | won: False 
#   82 | steps:   854 | steps_t:     0 | t: 0.262065 | r:  -508.000000 | e:   1.000000 | Q:        nan | won: False 
#   83 | steps:   866 | steps_t:     0 | t: 0.264066 | r:  -511.000000 | e:   1.000000 | Q:        nan | won: False 
#   84 | steps:   885 | steps_t:     0 | t: 0.270068 | r:  -518.000000 | e:   1.000000 | Q:        nan | won: False 
#   85 | steps:   903 | steps_t:     0 | t: 0.274068 | r:  -517.000000 | e:   1.000000 | Q:        nan | won: False 
#   86 | steps:   911 | steps_t:     0 | t: 0.278070 | r:  -507.000000 | e:   1.000000 | Q:        nan | won: False 
#   87 | steps:   921 | steps_t:     0 | t: 0.280070 | r:  -509.000000 | e:   1.000000 | Q:        nan | won: False 
#   88 | steps:   928 | steps_t:     0 | t: 0.282071 | r:  -506.000000 | e:   1.000000 | Q:        nan | won: False 
#   89 | steps:   939 | steps_t:     0 | t: 0.286071 | r:  -510.000000 | e:   1.000000 | Q:        nan | won: False 
#   90 | steps:   959 | steps_t:     0 | t: 0.292074 | r:  -519.000000 | e:   1.000000 | Q:        nan | won: False 
#   91 | steps:   966 | steps_t:     0 | t: 0.294074 | r:  -506.000000 | e:   1.000000 | Q:        nan | won: False 
#   92 | steps:   979 | steps_t:     0 | t: 0.298075 | r:  -512.000000 | e:   1.000000 | Q:        nan | won: False 
#   93 | steps:  1005 | steps_t:     0 | t: 0.304076 | r:  -525.000000 | e:   1.000000 | Q:        nan | won: False 
#   94 | steps:  1016 | steps_t:     0 | t: 0.308078 | r:  -510.000000 | e:   1.000000 | Q:        nan | won: False 
#   95 | steps:  1026 | steps_t:     0 | t: 0.312078 | r:  -509.000000 | e:   1.000000 | Q:        nan | won: False 
#   96 | steps:  1035 | steps_t:     0 | t: 0.314079 | r:  -508.000000 | e:   1.000000 | Q:        nan | won: False 
#   97 | steps:  1042 | steps_t:     0 | t: 0.316079 | r:  -506.000000 | e:   1.000000 | Q:        nan | won: False 
#   98 | steps:  1053 | steps_t:     0 | t: 0.320080 | r:  -510.000000 | e:   1.000000 | Q:        nan | won: False 
#   99 | steps:  1064 | steps_t:     0 | t: 0.322081 | r:  -510.000000 | e:   1.000000 | Q:        nan | won: False 
#  100 | steps:  1085 | steps_t:     0 | t: 0.328082 | r:  -520.000000 | e:   1.000000 | Q:        nan | won: False 
#  101 | steps:  1096 | steps_t:     0 | t: 0.332083 | r:  -510.000000 | e:   1.000000 | Q:        nan | won: False 
#  102 | steps:  1107 | steps_t:     0 | t: 0.334084 | r:  -510.000000 | e:   1.000000 | Q:        nan | won: False 
#  103 | steps:  1115 | steps_t:     0 | t: 0.336084 | r:  -507.000000 | e:   1.000000 | Q:        nan | won: False 
#  104 | steps:  1127 | steps_t:     0 | t: 0.340085 | r:  -511.000000 | e:   1.000000 | Q:        nan | won: False 
#  105 | steps:  1135 | steps_t:     0 | t: 0.342086 | r:  -507.000000 | e:   1.000000 | Q:        nan | won: False 
#  106 | steps:  1149 | steps_t:     0 | t: 0.346087 | r:  -502.000000 | e:   1.000000 | Q:        nan | won: False 
#  107 | steps:  1156 | steps_t:     0 | t: 0.348087 | r:  -506.000000 | e:   1.000000 | Q:        nan | won: False 
#  108 | steps:  1166 | steps_t:     0 | t: 0.352088 | r:  -509.000000 | e:   1.000000 | Q:        nan | won: False 
#  109 | steps:  1181 | steps_t:     0 | t: 0.356089 | r:  -503.000000 | e:   1.000000 | Q:        nan | won: False 
#  110 | steps:  1188 | steps_t:     0 | t: 0.358089 | r:  -506.000000 | e:   1.000000 | Q:        nan | won: False 
#  111 | steps:  1194 | steps_t:     0 | t: 0.360090 | r:  -505.000000 | e:   1.000000 | Q:        nan | won: False 
#  112 | steps:  1202 | steps_t:     0 | t: 0.362091 | r:  -507.000000 | e:   1.000000 | Q:        nan | won: False 
#  113 | steps:  1214 | steps_t:     0 | t: 0.366092 | r:  -511.000000 | e:   1.000000 | Q:        nan | won: False 
#  114 | steps:  1226 | steps_t:     0 | t: 0.368092 | r:  -511.000000 | e:   1.000000 | Q:        nan | won: False 
#  115 | steps:  1249 | steps_t:     0 | t: 0.376094 | r:  -522.000000 | e:   1.000000 | Q:        nan | won: False 
#  116 | steps:  1259 | steps_t:     0 | t: 0.380096 | r:  -509.000000 | e:   1.000000 | Q:        nan | won: False 
#  117 | steps:  1267 | steps_t:     0 | t: 0.382096 | r:  -507.000000 | e:   1.000000 | Q:        nan | won: False 
#  118 | steps:  1275 | steps_t:     0 | t: 0.384096 | r:  -507.000000 | e:   1.000000 | Q:        nan | won: False 
#  119 | steps:  1283 | steps_t:     0 | t: 0.386097 | r:  -507.000000 | e:   1.000000 | Q:        nan | won: False 
#  120 | steps:  1289 | steps_t:     0 | t: 0.388097 | r:  -505.000000 | e:   1.000000 | Q:        nan | won: False 
#  121 | steps:  1296 | steps_t:     0 | t: 0.390098 | r:  -506.000000 | e:   1.000000 | Q:        nan | won: False 
#  122 | steps:  1303 | steps_t:     0 | t: 0.392098 | r:  -506.000000 | e:   1.000000 | Q:        nan | won: False 
#  123 | steps:  1310 | steps_t:     0 | t: 0.394099 | r:  -506.000000 | e:   1.000000 | Q:        nan | won: False 
#  124 | steps:  1319 | steps_t:     0 | t: 0.396099 | r:  -508.000000 | e:   1.000000 | Q:        nan | won: False 
#  125 | steps:  1328 | steps_t:     0 | t: 0.400100 | r:  -508.000000 | e:   1.000000 | Q:        nan | won: False 
#  126 | steps:  1338 | steps_t:     0 | t: 0.402101 | r:  -509.000000 | e:   1.000000 | Q:        nan | won: False 
#  127 | steps:  1349 | steps_t:     0 | t: 0.406101 | r:  -510.000000 | e:   1.000000 | Q:        nan | won: False 
#  128 | steps:  1371 | steps_t:     0 | t: 0.412103 | r:  -521.000000 | e:   1.000000 | Q:        nan | won: False 
#  129 | steps:  1392 | steps_t:     0 | t: 0.418105 | r:  -520.000000 | e:   1.000000 | Q:        nan | won: False 
#  130 | steps:  1400 | steps_t:     0 | t: 0.420105 | r:  -507.000000 | e:   1.000000 | Q:        nan | won: False 
#  131 | steps:  1407 | steps_t:     0 | t: 0.424106 | r:  -506.000000 | e:   1.000000 | Q:        nan | won: False 
#  132 | steps:  1416 | steps_t:     0 | t: 0.426106 | r:  -508.000000 | e:   1.000000 | Q:        nan | won: False 
#  133 | steps:  1429 | steps_t:     0 | t: 0.430108 | r:  -512.000000 | e:   1.000000 | Q:        nan | won: False 
#  134 | steps:  1437 | steps_t:     0 | t: 0.432109 | r:  -507.000000 | e:   1.000000 | Q:        nan | won: False 
#  135 | steps:  1445 | steps_t:     0 | t: 0.434109 | r:  -507.000000 | e:   1.000000 | Q:        nan | won: False 
#  136 | steps:  1453 | steps_t:     0 | t: 0.438110 | r:  -507.000000 | e:   1.000000 | Q:        nan | won: False 
#  137 | steps:  1461 | steps_t:     0 | t: 0.440110 | r:  -507.000000 | e:   1.000000 | Q:        nan | won: False 
#  138 | steps:  1468 | steps_t:     0 | t: 0.442110 | r:  -506.000000 | e:   1.000000 | Q:        nan | won: False 
#  139 | steps:  1483 | steps_t:     0 | t: 0.446112 | r:  -514.000000 | e:   1.000000 | Q:        nan | won: False 
#  140 | steps:  1497 | steps_t:     0 | t: 0.450113 | r:  -513.000000 | e:   1.000000 | Q:        nan | won: False 
#  141 | steps:  1506 | steps_t:     0 | t: 0.452113 | r:  -508.000000 | e:   1.000000 | Q:        nan | won: False 
#  142 | steps:  1516 | steps_t:     0 | t: 0.456114 | r:  -509.000000 | e:   1.000000 | Q:        nan | won: False 
#  143 | steps:  1526 | steps_t:     0 | t: 0.458115 | r:  -509.000000 | e:   1.000000 | Q:        nan | won: False 
#  144 | steps:  1536 | steps_t:     0 | t: 0.462116 | r:  -509.000000 | e:   1.000000 | Q:        nan | won: False 
#  145 | steps:  1545 | steps_t:     0 | t: 0.464117 | r:  -508.000000 | e:   1.000000 | Q:        nan | won: False 
#  146 | steps:  1552 | steps_t:     0 | t: 0.466117 | r:  -506.000000 | e:   1.000000 | Q:        nan | won: False 
#  147 | steps:  1566 | steps_t:     0 | t: 0.470118 | r:  -513.000000 | e:   1.000000 | Q:        nan | won: False 
#  148 | steps:  1574 | steps_t:     0 | t: 0.472118 | r:  -507.000000 | e:   1.000000 | Q:        nan | won: False 
#  149 | steps:  1580 | steps_t:     0 | t: 0.474119 | r:  -505.000000 | e:   1.000000 | Q:        nan | won: False 
#  150 | steps:  1592 | steps_t:     0 | t: 0.478120 | r:  -511.000000 | e:   1.000000 | Q:        nan | won: False 
#  151 | steps:  1600 | steps_t:     0 | t: 0.480121 | r:  -507.000000 | e:   1.000000 | Q:        nan | won: False 
#  152 | steps:  1607 | steps_t:     0 | t: 0.482121 | r:  -506.000000 | e:   1.000000 | Q:        nan | won: False 
#  153 | steps:  1617 | steps_t:     0 | t: 0.484121 | r:  -509.000000 | e:   1.000000 | Q:        nan | won: False 
#  154 | steps:  1627 | steps_t:     0 | t: 0.488122 | r:  -509.000000 | e:   1.000000 | Q:        nan | won: False 
#  155 | steps:  1637 | steps_t:     0 | t: 0.490123 | r:  -509.000000 | e:   1.000000 | Q:        nan | won: False 
#  156 | steps:  1655 | steps_t:     0 | t: 0.496124 | r:  -517.000000 | e:   1.000000 | Q:        nan | won: False 
#  157 | steps:  1665 | steps_t:     0 | t: 0.500125 | r:  -509.000000 | e:   1.000000 | Q:        nan | won: False 
#  158 | steps:  1684 | steps_t:     0 | t: 0.504126 | r:  -518.000000 | e:   1.000000 | Q:        nan | won: False 
#  159 | steps:  1692 | steps_t:     0 | t: 0.506127 | r:  -507.000000 | e:   1.000000 | Q:        nan | won: False 
#  160 | steps:  1713 | steps_t:     0 | t: 0.514129 | r:  -520.000000 | e:   1.000000 | Q:        nan | won: False 
#  161 | steps:  1731 | steps_t:     0 | t: 0.518130 | r:  -517.000000 | e:   1.000000 | Q:        nan | won: False 
#  162 | steps:  1739 | steps_t:     0 | t: 0.522131 | r:  -507.000000 | e:   1.000000 | Q:        nan | won: False 
#  163 | steps:  1757 | steps_t:     0 | t: 0.526132 | r:  -517.000000 | e:   1.000000 | Q:        nan | won: False 
#  164 | steps:  1770 | steps_t:     0 | t: 0.530133 | r:  -512.000000 | e:   1.000000 | Q:        nan | won: False 
#  165 | steps:  1779 | steps_t:     0 | t: 0.532133 | r:  -508.000000 | e:   1.000000 | Q:        nan | won: False 
#  166 | steps:  1790 | steps_t:     0 | t: 0.536134 | r:  -510.000000 | e:   1.000000 | Q:        nan | won: False 
#  167 | steps:  1797 | steps_t:     0 | t: 0.538135 | r:  -506.000000 | e:   1.000000 | Q:        nan | won: False 
#  168 | steps:  1811 | steps_t:     0 | t: 0.542135 | r:  -513.000000 | e:   1.000000 | Q:        nan | won: False 
#  169 | steps:  1822 | steps_t:     0 | t: 0.546137 | r:  -510.000000 | e:   1.000000 | Q:        nan | won: False 
#  170 | steps:  1835 | steps_t:     0 | t: 0.548137 | r:  -512.000000 | e:   1.000000 | Q:        nan | won: False 
#  171 | steps:  1854 | steps_t:     0 | t: 0.554139 | r:  -518.000000 | e:   1.000000 | Q:        nan | won: False 
#  172 | steps:  1866 | steps_t:     0 | t: 0.558139 | r:  -511.000000 | e:   1.000000 | Q:        nan | won: False 
#  173 | steps:  1875 | steps_t:     0 | t: 0.560140 | r:  -508.000000 | e:   1.000000 | Q:        nan | won: False 
#  174 | steps:  1884 | steps_t:     0 | t: 0.562141 | r:  -508.000000 | e:   1.000000 | Q:        nan | won: False 
#  175 | steps:  1893 | steps_t:     0 | t: 0.566142 | r:  -508.000000 | e:   1.000000 | Q:        nan | won: False 
#  176 | steps:  1909 | steps_t:     0 | t: 0.570143 | r:  -515.000000 | e:   1.000000 | Q:        nan | won: False 
#  177 | steps:  1932 | steps_t:     0 | t: 0.576144 | r:  -522.000000 | e:   1.000000 | Q:        nan | won: False 
#  178 | steps:  1938 | steps_t:     0 | t: 0.578145 | r:  -505.000000 | e:   1.000000 | Q:        nan | won: False 
#  179 | steps:  1955 | steps_t:     0 | t: 0.584146 | r:  -516.000000 | e:   1.000000 | Q:        nan | won: False 
#  180 | steps:  1971 | steps_t:     0 | t: 0.588147 | r:  -515.000000 | e:   1.000000 | Q:        nan | won: False 
#  181 | steps:  1979 | steps_t:     0 | t: 0.590148 | r:  -507.000000 | e:   1.000000 | Q:        nan | won: False 
#  182 | steps:  1989 | steps_t:     0 | t: 0.594149 | r:  -509.000000 | e:   1.000000 | Q:        nan | won: False 
#  183 | steps:  2001 | steps_t:     0 | t: 0.596149 | r:  -511.000000 | e:   1.000000 | Q:        nan | won: False 
#  184 | steps:  2027 | steps_t:     0 | t: 0.604151 | r:  -514.000000 | e:   1.000000 | Q:        nan | won: False 
#  185 | steps:  2047 | steps_t:     0 | t: 0.610153 | r:  -519.000000 | e:   1.000000 | Q:        nan | won: False 
#  186 | steps:  2069 | steps_t:     0 | t: 0.616155 | r:  -521.000000 | e:   1.000000 | Q:        nan | won: False 
#  187 | steps:  2080 | steps_t:     0 | t: 0.618155 | r:  -510.000000 | e:   1.000000 | Q:        nan | won: False 
#  188 | steps:  2086 | steps_t:     0 | t: 0.620155 | r:  -505.000000 | e:   1.000000 | Q:        nan | won: False 
#  189 | steps:  2092 | steps_t:     0 | t: 0.622156 | r:  -505.000000 | e:   1.000000 | Q:        nan | won: False 
#  190 | steps:  2105 | steps_t:     0 | t: 0.626157 | r:  -512.000000 | e:   1.000000 | Q:        nan | won: False 
#  191 | steps:  2113 | steps_t:     0 | t: 0.628157 | r:  -507.000000 | e:   1.000000 | Q:        nan | won: False 
#  192 | steps:  2124 | steps_t:     0 | t: 0.632158 | r:  -510.000000 | e:   1.000000 | Q:        nan | won: False 
#  193 | steps:  2142 | steps_t:     0 | t: 0.638160 | r:  -517.000000 | e:   1.000000 | Q:        nan | won: False 
#  194 | steps:  2162 | steps_t:     0 | t: 0.642161 | r:  -519.000000 | e:   1.000000 | Q:        nan | won: False 
#  195 | steps:  2168 | steps_t:     0 | t: 0.644162 | r:  -505.000000 | e:   1.000000 | Q:        nan | won: False 
#  196 | steps:  2184 | steps_t:     0 | t: 0.650162 | r:  -515.000000 | e:   1.000000 | Q:        nan | won: False 
#  197 | steps:  2200 | steps_t:     0 | t: 0.654164 | r:  -515.000000 | e:   1.000000 | Q:        nan | won: False 
#  198 | steps:  2213 | steps_t:     0 | t: 0.658165 | r:  -512.000000 | e:   1.000000 | Q:        nan | won: False 
#  199 | steps:  2222 | steps_t:     0 | t: 0.660165 | r:  -508.000000 | e:   1.000000 | Q:        nan | won: False 
#  200 | steps:  2234 | steps_t:     0 | t: 0.664166 | r:  -511.000000 | e:   1.000000 | Q:        nan | won: False 
#  201 | steps:  2245 | steps_t:     0 | t: 0.666167 | r:  -510.000000 | e:   1.000000 | Q:        nan | won: False 
#  202 | steps:  2255 | steps_t:     0 | t: 0.670168 | r:  -509.000000 | e:   1.000000 | Q:        nan | won: False 
#  203 | steps:  2263 | steps_t:     0 | t: 0.672168 | r:  -507.000000 | e:   1.000000 | Q:        nan | won: False 
#  204 | steps:  2274 | steps_t:     0 | t: 0.676169 | r:  -510.000000 | e:   1.000000 | Q:        nan | won: False 
#  205 | steps:  2280 | steps_t:     0 | t: 0.676169 | r:  -505.000000 | e:   1.000000 | Q:        nan | won: False 
#  206 | steps:  2288 | steps_t:     0 | t: 0.680171 | r:  -507.000000 | e:   1.000000 | Q:        nan | won: False 
#  207 | steps:  2294 | steps_t:     0 | t: 0.682171 | r:  -505.000000 | e:   1.000000 | Q:        nan | won: False 
#  208 | steps:  2312 | steps_t:     0 | t: 0.686172 | r:  -517.000000 | e:   1.000000 | Q:        nan | won: False 
#  209 | steps:  2319 | steps_t:     0 | t: 0.688172 | r:  -506.000000 | e:   1.000000 | Q:        nan | won: False 
#  210 | steps:  2330 | steps_t:     0 | t: 0.692174 | r:  -510.000000 | e:   1.000000 | Q:        nan | won: False 
#  211 | steps:  2342 | steps_t:     0 | t: 0.696174 | r:  -511.000000 | e:   1.000000 | Q:        nan | won: False 
#  212 | steps:  2354 | steps_t:     0 | t: 0.700176 | r:  -511.000000 | e:   1.000000 | Q:        nan | won: False 
#  213 | steps:  2384 | steps_t:     0 | t: 0.708177 | r:  -518.000000 | e:   1.000000 | Q:        nan | won: False 
#  214 | steps:  2392 | steps_t:     0 | t: 0.710178 | r:  -507.000000 | e:   1.000000 | Q:        nan | won: False 
#  215 | steps:  2401 | steps_t:     0 | t: 0.712178 | r:  -508.000000 | e:   1.000000 | Q:        nan | won: False 
#  216 | steps:  2410 | steps_t:     0 | t: 0.716179 | r:  -508.000000 | e:   1.000000 | Q:        nan | won: False 
#  217 | steps:  2417 | steps_t:     0 | t: 0.718180 | r:  -506.000000 | e:   1.000000 | Q:        nan | won: False 
#  218 | steps:  2426 | steps_t:     0 | t: 0.720180 | r:  -508.000000 | e:   1.000000 | Q:        nan | won: False 
#  219 | steps:  2439 | steps_t:     0 | t: 0.724181 | r:  -512.000000 | e:   1.000000 | Q:        nan | won: False 
#  220 | steps:  2459 | steps_t:     0 | t: 0.730182 | r:  -519.000000 | e:   1.000000 | Q:        nan | won: False 
#  221 | steps:  2469 | steps_t:     0 | t: 0.732183 | r:  -509.000000 | e:   1.000000 | Q:        nan | won: False 
#  222 | steps:  2475 | steps_t:     0 | t: 0.734184 | r:  -505.000000 | e:   1.000000 | Q:        nan | won: False 
#  223 | steps:  2483 | steps_t:     0 | t: 0.736184 | r:  -507.000000 | e:   1.000000 | Q:        nan | won: False 
#  224 | steps:  2490 | steps_t:     0 | t: 0.738185 | r:  -506.000000 | e:   1.000000 | Q:        nan | won: False 
#  225 | steps:  2497 | steps_t:     0 | t: 0.740185 | r:  -506.000000 | e:   1.000000 | Q:        nan | won: False 
#  226 | steps:  2506 | steps_t:     0 | t: 0.744186 | r:  -508.000000 | e:   1.000000 | Q:        nan | won: False 
#  227 | steps:  2513 | steps_t:     0 | t: 0.746186 | r:  -506.000000 | e:   1.000000 | Q:        nan | won: False 
#  228 | steps:  2527 | steps_t:     0 | t: 0.750188 | r:  -513.000000 | e:   1.000000 | Q:        nan | won: False 
#  229 | steps:  2536 | steps_t:     0 | t: 0.752188 | r:  -508.000000 | e:   1.000000 | Q:        nan | won: False 
#  230 | steps:  2543 | steps_t:     0 | t: 0.754189 | r:  -506.000000 | e:   1.000000 | Q:        nan | won: False 
#  231 | steps:  2556 | steps_t:     0 | t: 0.758189 | r:  -512.000000 | e:   1.000000 | Q:        nan | won: False 
#  232 | steps:  2576 | steps_t:     0 | t: 0.764192 | r:  -519.000000 | e:   1.000000 | Q:        nan | won: False 
#  233 | steps:  2587 | steps_t:     0 | t: 0.766192 | r:  -510.000000 | e:   1.000000 | Q:        nan | won: False 
#  234 | steps:  2595 | steps_t:     0 | t: 0.770193 | r:  -507.000000 | e:   1.000000 | Q:        nan | won: False 
#  235 | steps:  2603 | steps_t:     0 | t: 0.772193 | r:  -507.000000 | e:   1.000000 | Q:        nan | won: False 
#  236 | steps:  2610 | steps_t:     0 | t: 0.774194 | r:  -506.000000 | e:   1.000000 | Q:        nan | won: False 
#  237 | steps:  2620 | steps_t:     0 | t: 0.776194 | r:  -509.000000 | e:   1.000000 | Q:        nan | won: False 
#  238 | steps:  2629 | steps_t:     0 | t: 0.780195 | r:  -508.000000 | e:   1.000000 | Q:        nan | won: False 
#  239 | steps:  2652 | steps_t:     0 | t: 0.786197 | r:  -522.000000 | e:   1.000000 | Q:        nan | won: False 
#  240 | steps:  2664 | steps_t:     0 | t: 0.790198 | r:  -511.000000 | e:   1.000000 | Q:        nan | won: False 
#  241 | steps:  2670 | steps_t:     0 | t: 0.792198 | r:  -505.000000 | e:   1.000000 | Q:        nan | won: False 
#  242 | steps:  2679 | steps_t:     0 | t: 0.794199 | r:  -508.000000 | e:   1.000000 | Q:        nan | won: False 
#  243 | steps:  2697 | steps_t:     0 | t: 0.798200 | r:  -517.000000 | e:   1.000000 | Q:        nan | won: False 
#  244 | steps:  2704 | steps_t:     0 | t: 0.800200 | r:  -506.000000 | e:   1.000000 | Q:        nan | won: False 
#  245 | steps:  2719 | steps_t:     0 | t: 0.806201 | r:  -492.000000 | e:   1.000000 | Q:        nan | won: False 
#  246 | steps:  2729 | steps_t:     0 | t: 0.808202 | r:  -509.000000 | e:   1.000000 | Q:        nan | won: False 
#  247 | steps:  2744 | steps_t:     0 | t: 0.812203 | r:  -514.000000 | e:   1.000000 | Q:        nan | won: False 
#  248 | steps:  2753 | steps_t:     0 | t: 0.816204 | r:  -508.000000 | e:   1.000000 | Q:        nan | won: False 
#  249 | steps:  2760 | steps_t:     0 | t: 0.818204 | r:  -506.000000 | e:   1.000000 | Q:        nan | won: False 
#  250 | steps:  2781 | steps_t:     0 | t: 0.824207 | r:  -520.000000 | e:   1.000000 | Q:        nan | won: False 
#  251 | steps:  2789 | steps_t:     0 | t: 0.826207 | r:  -507.000000 | e:   1.000000 | Q:        nan | won: False 
#  252 | steps:  2797 | steps_t:     0 | t: 0.828207 | r:  -507.000000 | e:   1.000000 | Q:        nan | won: False 
#  253 | steps:  2805 | steps_t:     0 | t: 0.830208 | r:  -507.000000 | e:   1.000000 | Q:        nan | won: False 
#  254 | steps:  2815 | steps_t:     0 | t: 0.834209 | r:  -509.000000 | e:   1.000000 | Q:        nan | won: False 
#  255 | steps:  2823 | steps_t:     0 | t: 0.836210 | r:  -507.000000 | e:   1.000000 | Q:        nan | won: False 
#  256 | steps:  2831 | steps_t:     0 | t: 0.838210 | r:  -507.000000 | e:   1.000000 | Q:        nan | won: False 
#  257 | steps:  2840 | steps_t:     0 | t: 0.842211 | r:  -508.000000 | e:   1.000000 | Q:        nan | won: False 
#  258 | steps:  2850 | steps_t:     0 | t: 0.844211 | r:  -509.000000 | e:   1.000000 | Q:        nan | won: False 
#  259 | steps:  2870 | steps_t:     0 | t: 0.850214 | r:  -519.000000 | e:   1.000000 | Q:        nan | won: False 
#  260 | steps:  2880 | steps_t:     0 | t: 0.852213 | r:  -509.000000 | e:   1.000000 | Q:        nan | won: False 
#  261 | steps:  2894 | steps_t:     0 | t: 0.856214 | r:  -502.000000 | e:   1.000000 | Q:        nan | won: False 
#  262 | steps:  2906 | steps_t:     0 | t: 0.860215 | r:  -511.000000 | e:   1.000000 | Q:        nan | won: False 
#  263 | steps:  2912 | steps_t:     0 | t: 0.862216 | r:  -505.000000 | e:   1.000000 | Q:        nan | won: False 
#  264 | steps:  2922 | steps_t:     0 | t: 0.864216 | r:  -509.000000 | e:   1.000000 | Q:        nan | won: False 
#  265 | steps:  2942 | steps_t:     0 | t: 0.870217 | r:  -519.000000 | e:   1.000000 | Q:        nan | won: False 
#  266 | steps:  2949 | steps_t:     0 | t: 0.872218 | r:  -506.000000 | e:   1.000000 | Q:        nan | won: False 
#  267 | steps:  2956 | steps_t:     0 | t: 0.874219 | r:  -506.000000 | e:   1.000000 | Q:        nan | won: False 
#  268 | steps:  2962 | steps_t:     0 | t: 0.876219 | r:  -505.000000 | e:   1.000000 | Q:        nan | won: False 
#  269 | steps:  2993 | steps_t:     0 | t: 0.886221 | r:  -508.000000 | e:   1.000000 | Q:        nan | won: False 
#  270 | steps:  3004 | steps_t:     0 | t: 0.888222 | r:  -510.000000 | e:   1.000000 | Q:        nan | won: False 
#  271 | steps:  3032 | steps_t:     0 | t: 0.896224 | r:  -516.000000 | e:   1.000000 | Q:        nan | won: False 
#  272 | steps:  3044 | steps_t:     0 | t: 0.900225 | r:  -511.000000 | e:   1.000000 | Q:        nan | won: False 
#  273 | steps:  3051 | steps_t:     0 | t: 0.902225 | r:  -506.000000 | e:   1.000000 | Q:        nan | won: False 
#  274 | steps:  3066 | steps_t:     0 | t: 0.906227 | r:  -503.000000 | e:   1.000000 | Q:        nan | won: False 
#  275 | steps:  3075 | steps_t:     0 | t: 0.910228 | r:  -508.000000 | e:   1.000000 | Q:        nan | won: False 
#  276 | steps:  3092 | steps_t:     0 | t: 0.914228 | r:  -516.000000 | e:   1.000000 | Q:        nan | won: False 
#  277 | steps:  3112 | steps_t:     0 | t: 0.920230 | r:  -519.000000 | e:   1.000000 | Q:        nan | won: False 
#  278 | steps:  3119 | steps_t:     0 | t: 0.922230 | r:  -506.000000 | e:   1.000000 | Q:        nan | won: False 
#  279 | steps:  3130 | steps_t:     0 | t: 0.924231 | r:  -510.000000 | e:   1.000000 | Q:        nan | won: False 
#  280 | steps:  3137 | steps_t:     0 | t: 0.928232 | r:  -506.000000 | e:   1.000000 | Q:        nan | won: False 
#  281 | steps:  3145 | steps_t:     0 | t: 0.930232 | r:  -507.000000 | e:   1.000000 | Q:        nan | won: False 
#  282 | steps:  3156 | steps_t:     0 | t: 0.934234 | r:  -510.000000 | e:   1.000000 | Q:        nan | won: False 
#  283 | steps:  3192 | steps_t:     0 | t: 0.944237 | r:  -524.000000 | e:   1.000000 | Q:        nan | won: False 
#  284 | steps:  3206 | steps_t:     0 | t: 0.948237 | r:  -513.000000 | e:   1.000000 | Q:        nan | won: False 
#  285 | steps:  3216 | steps_t:     0 | t: 0.950238 | r:  -509.000000 | e:   1.000000 | Q:        nan | won: False 
#  286 | steps:  3224 | steps_t:     0 | t: 0.954238 | r:  -507.000000 | e:   1.000000 | Q:        nan | won: False 
#  287 | steps:  3231 | steps_t:     0 | t: 0.956239 | r:  -506.000000 | e:   1.000000 | Q:        nan | won: False 
#  288 | steps:  3241 | steps_t:     0 | t: 0.958240 | r:  -509.000000 | e:   1.000000 | Q:        nan | won: False 
#  289 | steps:  3254 | steps_t:     0 | t: 0.962241 | r:  -512.000000 | e:   1.000000 | Q:        nan | won: False 
#  290 | steps:  3272 | steps_t:     0 | t: 0.966241 | r:  -517.000000 | e:   1.000000 | Q:        nan | won: False 
#  291 | steps:  3293 | steps_t:     0 | t: 0.972243 | r:  -520.000000 | e:   1.000000 | Q:        nan | won: False 
#  292 | steps:  3302 | steps_t:     0 | t: 0.976244 | r:  -508.000000 | e:   1.000000 | Q:        nan | won: False 
#  293 | steps:  3311 | steps_t:     0 | t: 0.978245 | r:  -508.000000 | e:   1.000000 | Q:        nan | won: False 
#  294 | steps:  3330 | steps_t:     0 | t: 0.984246 | r:  -518.000000 | e:   1.000000 | Q:        nan | won: False 
#  295 | steps:  3351 | steps_t:     0 | t: 0.990248 | r:  -520.000000 | e:   1.000000 | Q:        nan | won: False 
#  296 | steps:  3359 | steps_t:     0 | t: 0.992248 | r:  -507.000000 | e:   1.000000 | Q:        nan | won: False 
#  297 | steps:  3368 | steps_t:     0 | t: 0.994249 | r:  -508.000000 | e:   1.000000 | Q:        nan | won: False 
#  298 | steps:  3375 | steps_t:     0 | t: 0.998250 | r:  -506.000000 | e:   1.000000 | Q:        nan | won: False 
#  299 | steps:  3386 | steps_t:     0 | t: 1.000250 | r:  -510.000000 | e:   1.000000 | Q:        nan | won: False 
#  300 | steps:  3396 | steps_t:     0 | t: 1.004251 | r:  -509.000000 | e:   1.000000 | Q:        nan | won: False 
#  301 | steps:  3403 | steps_t:     0 | t: 1.006252 | r:  -506.000000 | e:   1.000000 | Q:        nan | won: False 
#  302 | steps:  3414 | steps_t:     0 | t: 1.008252 | r:  -510.000000 | e:   1.000000 | Q:        nan | won: False 
#  303 | steps:  3435 | steps_t:     0 | t: 1.016254 | r:  -520.000000 | e:   1.000000 | Q:        nan | won: False 
#  304 | steps:  3444 | steps_t:     0 | t: 1.018254 | r:  -508.000000 | e:   1.000000 | Q:        nan | won: False 
#  305 | steps:  3454 | steps_t:     0 | t: 1.022256 | r:  -509.000000 | e:   1.000000 | Q:        nan | won: False 
#  306 | steps:  3474 | steps_t:     0 | t: 1.026257 | r:  -519.000000 | e:   1.000000 | Q:        nan | won: False 
#  307 | steps:  3481 | steps_t:     0 | t: 1.028257 | r:  -506.000000 | e:   1.000000 | Q:        nan | won: False 
#  308 | steps:  3497 | steps_t:     0 | t: 1.034259 | r:  -515.000000 | e:   1.000000 | Q:        nan | won: False 
#  309 | steps:  3511 | steps_t:     0 | t: 1.038259 | r:  -513.000000 | e:   1.000000 | Q:        nan | won: False 
#  310 | steps:  3520 | steps_t:     0 | t: 1.040260 | r:  -508.000000 | e:   1.000000 | Q:        nan | won: False 
#  311 | steps:  3526 | steps_t:     0 | t: 1.042261 | r:  -505.000000 | e:   1.000000 | Q:        nan | won: False 
#  312 | steps:  3551 | steps_t:     0 | t: 1.048262 | r:  -524.000000 | e:   1.000000 | Q:        nan | won: False 
#  313 | steps:  3560 | steps_t:     0 | t: 1.052263 | r:  -508.000000 | e:   1.000000 | Q:        nan | won: False 
#  314 | steps:  3566 | steps_t:     0 | t: 1.054264 | r:  -505.000000 | e:   1.000000 | Q:        nan | won: False 
#  315 | steps:  3574 | steps_t:     0 | t: 1.056264 | r:  -507.000000 | e:   1.000000 | Q:        nan | won: False 
#  316 | steps:  3585 | steps_t:     0 | t: 1.058265 | r:  -510.000000 | e:   1.000000 | Q:        nan | won: False 
#  317 | steps:  3595 | steps_t:     0 | t: 1.062266 | r:  -509.000000 | e:   1.000000 | Q:        nan | won: False 
#  318 | steps:  3606 | steps_t:     0 | t: 1.064266 | r:  -510.000000 | e:   1.000000 | Q:        nan | won: False 
#  319 | steps:  3647 | steps_t:     0 | t: 1.076269 | r:  -540.000000 | e:   1.000000 | Q:        nan | won: False 
#  320 | steps:  3654 | steps_t:     0 | t: 1.078270 | r:  -506.000000 | e:   1.000000 | Q:        nan | won: False 
#  321 | steps:  3664 | steps_t:     0 | t: 1.082271 | r:  -509.000000 | e:   1.000000 | Q:        nan | won: False 
#  322 | steps:  3680 | steps_t:     0 | t: 1.086271 | r:  -515.000000 | e:   1.000000 | Q:        nan | won: False 
#  323 | steps:  3688 | steps_t:     0 | t: 1.088273 | r:  -507.000000 | e:   1.000000 | Q:        nan | won: False 
#  324 | steps:  3695 | steps_t:     0 | t: 1.092273 | r:  -506.000000 | e:   1.000000 | Q:        nan | won: False 
#  325 | steps:  3703 | steps_t:     0 | t: 1.094274 | r:  -507.000000 | e:   1.000000 | Q:        nan | won: False 
#  326 | steps:  3715 | steps_t:     0 | t: 1.098274 | r:  -511.000000 | e:   1.000000 | Q:        nan | won: False 
#  327 | steps:  3722 | steps_t:     0 | t: 1.100275 | r:  -506.000000 | e:   1.000000 | Q:        nan | won: False 
#  328 | steps:  3732 | steps_t:     0 | t: 1.102276 | r:  -509.000000 | e:   1.000000 | Q:        nan | won: False 
#  329 | steps:  3750 | steps_t:     0 | t: 1.108277 | r:  -517.000000 | e:   1.000000 | Q:        nan | won: False 
#  330 | steps:  3762 | steps_t:     0 | t: 1.110278 | r:  -511.000000 | e:   1.000000 | Q:        nan | won: False 
#  331 | steps:  3772 | steps_t:     0 | t: 1.114279 | r:  -509.000000 | e:   1.000000 | Q:        nan | won: False 
#  332 | steps:  3781 | steps_t:     0 | t: 1.116279 | r:  -508.000000 | e:   1.000000 | Q:        nan | won: False 
#  333 | steps:  3796 | steps_t:     0 | t: 1.120280 | r:  -514.000000 | e:   1.000000 | Q:        nan | won: False 
#  334 | steps:  3803 | steps_t:     0 | t: 1.122280 | r:  -506.000000 | e:   1.000000 | Q:        nan | won: False 
#  335 | steps:  3820 | steps_t:     0 | t: 1.128282 | r:  -516.000000 | e:   1.000000 | Q:        nan | won: False 
#  336 | steps:  3830 | steps_t:     0 | t: 1.130283 | r:  -509.000000 | e:   1.000000 | Q:        nan | won: False 
#  337 | steps:  3840 | steps_t:     0 | t: 1.134283 | r:  -509.000000 | e:   1.000000 | Q:        nan | won: False 
#  338 | steps:  3848 | steps_t:     0 | t: 1.136284 | r:  -507.000000 | e:   1.000000 | Q:        nan | won: False 
#  339 | steps:  3855 | steps_t:     0 | t: 1.138285 | r:  -506.000000 | e:   1.000000 | Q:        nan | won: False 
#  340 | steps:  3860 | steps_t:     0 | t: 1.140285 | r:  -504.000000 | e:   1.000000 | Q:        nan | won: False 
#  341 | steps:  3871 | steps_t:     0 | t: 1.142285 | r:  -510.000000 | e:   1.000000 | Q:        nan | won: False 
#  342 | steps:  3879 | steps_t:     0 | t: 1.146286 | r:  -507.000000 | e:   1.000000 | Q:        nan | won: False 
#  343 | steps:  3899 | steps_t:     0 | t: 1.150287 | r:  -519.000000 | e:   1.000000 | Q:        nan | won: False 
#  344 | steps:  3909 | steps_t:     0 | t: 1.154289 | r:  -509.000000 | e:   1.000000 | Q:        nan | won: False 
#  345 | steps:  3918 | steps_t:     0 | t: 1.156289 | r:  -508.000000 | e:   1.000000 | Q:        nan | won: False 
#  346 | steps:  3937 | steps_t:     0 | t: 1.162291 | r:  -518.000000 | e:   1.000000 | Q:        nan | won: False 
#  347 | steps:  3945 | steps_t:     0 | t: 1.164291 | r:  -507.000000 | e:   1.000000 | Q:        nan | won: False 
#  348 | steps:  3952 | steps_t:     0 | t: 1.166291 | r:  -506.000000 | e:   1.000000 | Q:        nan | won: False 
#  349 | steps:  3961 | steps_t:     0 | t: 1.168292 | r:  -508.000000 | e:   1.000000 | Q:        nan | won: False 
#  350 | steps:  3979 | steps_t:     0 | t: 1.174294 | r:  -517.000000 | e:   1.000000 | Q:        nan | won: False 
#  351 | steps:  3997 | steps_t:     0 | t: 1.178294 | r:  -517.000000 | e:   1.000000 | Q:        nan | won: False 
#  352 | steps:  4007 | steps_t:     0 | t: 1.182296 | r:  -509.000000 | e:   1.000000 | Q:        nan | won: False 
#  353 | steps:  4015 | steps_t:     0 | t: 1.184296 | r:  -507.000000 | e:   1.000000 | Q:        nan | won: False 
#  354 | steps:  4025 | steps_t:     0 | t: 1.188297 | r:  -509.000000 | e:   1.000000 | Q:        nan | won: False 
#  355 | steps:  4044 | steps_t:     0 | t: 1.192299 | r:  -496.000000 | e:   1.000000 | Q:        nan | won: False 
#  356 | steps:  4056 | steps_t:     0 | t: 1.196299 | r:  -511.000000 | e:   1.000000 | Q:        nan | won: False 
#  357 | steps:  4078 | steps_t:     0 | t: 1.202301 | r:  -521.000000 | e:   1.000000 | Q:        nan | won: False 
#  358 | steps:  4088 | steps_t:     0 | t: 1.206301 | r:  -509.000000 | e:   1.000000 | Q:        nan | won: False 
#  359 | steps:  4096 | steps_t:     0 | t: 1.208302 | r:  -507.000000 | e:   1.000000 | Q:        nan | won: False 
#  360 | steps:  4105 | steps_t:     0 | t: 1.210303 | r:  -508.000000 | e:   1.000000 | Q:        nan | won: False 
#  361 | steps:  4111 | steps_t:     0 | t: 1.212303 | r:  -505.000000 | e:   1.000000 | Q:        nan | won: False 
#  362 | steps:  4129 | steps_t:     0 | t: 1.216304 | r:  -517.000000 | e:   1.000000 | Q:        nan | won: False 
#  363 | steps:  4143 | steps_t:     0 | t: 1.220305 | r:  -513.000000 | e:   1.000000 | Q:        nan | won: False 
#  364 | steps:  4150 | steps_t:     0 | t: 1.222306 | r:  -506.000000 | e:   1.000000 | Q:        nan | won: False 
#  365 | steps:  4155 | steps_t:     0 | t: 1.224306 | r:  -504.000000 | e:   1.000000 | Q:        nan | won: False 
#  366 | steps:  4166 | steps_t:     0 | t: 1.228307 | r:  -510.000000 | e:   1.000000 | Q:        nan | won: False 
#  367 | steps:  4174 | steps_t:     0 | t: 1.230308 | r:  -507.000000 | e:   1.000000 | Q:        nan | won: False 
#  368 | steps:  4184 | steps_t:     0 | t: 1.232308 | r:  -509.000000 | e:   1.000000 | Q:        nan | won: False 
#  369 | steps:  4192 | steps_t:     0 | t: 1.236309 | r:  -507.000000 | e:   1.000000 | Q:        nan | won: False 
#  370 | steps:  4206 | steps_t:     0 | t: 1.240310 | r:  -502.000000 | e:   1.000000 | Q:        nan | won: False 
#  371 | steps:  4215 | steps_t:     0 | t: 1.242311 | r:  -508.000000 | e:   1.000000 | Q:        nan | won: False 
#  372 | steps:  4226 | steps_t:     0 | t: 1.246311 | r:  -510.000000 | e:   1.000000 | Q:        nan | won: False 
#  373 | steps:  4249 | steps_t:     0 | t: 1.252313 | r:  -522.000000 | e:   1.000000 | Q:        nan | won: False 
#  374 | steps:  4260 | steps_t:     0 | t: 1.256314 | r:  -510.000000 | e:   1.000000 | Q:        nan | won: False 
#  375 | steps:  4267 | steps_t:     0 | t: 1.258315 | r:  -506.000000 | e:   1.000000 | Q:        nan | won: False 
#  376 | steps:  4276 | steps_t:     0 | t: 1.260315 | r:  -508.000000 | e:   1.000000 | Q:        nan | won: False 
#  377 | steps:  4283 | steps_t:     0 | t: 1.262316 | r:  -506.000000 | e:   1.000000 | Q:        nan | won: False 
#  378 | steps:  4294 | steps_t:     0 | t: 1.266317 | r:  -510.000000 | e:   1.000000 | Q:        nan | won: False 
#  379 | steps:  4302 | steps_t:     0 | t: 1.268317 | r:  -507.000000 | e:   1.000000 | Q:        nan | won: False 
#  380 | steps:  4309 | steps_t:     0 | t: 1.270318 | r:  -506.000000 | e:   1.000000 | Q:        nan | won: False 
#  381 | steps:  4318 | steps_t:     0 | t: 1.274318 | r:  -508.000000 | e:   1.000000 | Q:        nan | won: False 
#  382 | steps:  4337 | steps_t:     0 | t: 1.278319 | r:  -496.000000 | e:   1.000000 | Q:        nan | won: False 
#  383 | steps:  4344 | steps_t:     0 | t: 1.280321 | r:  -506.000000 | e:   1.000000 | Q:        nan | won: False 
#  384 | steps:  4353 | steps_t:     0 | t: 1.284321 | r:  -508.000000 | e:   1.000000 | Q:        nan | won: False 
#  385 | steps:  4360 | steps_t:     0 | t: 1.286322 | r:  -506.000000 | e:   1.000000 | Q:        nan | won: False 
#  386 | steps:  4370 | steps_t:     0 | t: 1.288322 | r:  -509.000000 | e:   1.000000 | Q:        nan | won: False 
#  387 | steps:  4381 | steps_t:     0 | t: 1.292323 | r:  -510.000000 | e:   1.000000 | Q:        nan | won: False 
#  388 | steps:  4395 | steps_t:     0 | t: 1.296324 | r:  -513.000000 | e:   1.000000 | Q:        nan | won: False 
#  389 | steps:  4402 | steps_t:     0 | t: 1.298325 | r:  -506.000000 | e:   1.000000 | Q:        nan | won: False 
#  390 | steps:  4409 | steps_t:     0 | t: 1.300325 | r:  -506.000000 | e:   1.000000 | Q:        nan | won: False 
#  391 | steps:  4432 | steps_t:     0 | t: 1.306327 | r:  -522.000000 | e:   1.000000 | Q:        nan | won: False 
#  392 | steps:  4444 | steps_t:     0 | t: 1.310328 | r:  -511.000000 | e:   1.000000 | Q:        nan | won: False 
#  393 | steps:  4460 | steps_t:     0 | t: 1.314329 | r:  -515.000000 | e:   1.000000 | Q:        nan | won: False 
#  394 | steps:  4469 | steps_t:     0 | t: 1.316329 | r:  -508.000000 | e:   1.000000 | Q:        nan | won: False 
#  395 | steps:  4478 | steps_t:     0 | t: 1.320330 | r:  -508.000000 | e:   1.000000 | Q:        nan | won: False 
#  396 | steps:  4490 | steps_t:     0 | t: 1.322330 | r:  -511.000000 | e:   1.000000 | Q:        nan | won: False 
#  397 | steps:  4504 | steps_t:     0 | t: 1.326332 | r:  -513.000000 | e:   1.000000 | Q:        nan | won: False 
#  398 | steps:  4515 | steps_t:     0 | t: 1.330333 | r:  -510.000000 | e:   1.000000 | Q:        nan | won: False 
#  399 | steps:  4534 | steps_t:     0 | t: 1.336334 | r:  -496.000000 | e:   1.000000 | Q:        nan | won: False 
#  400 | steps:  4547 | steps_t:     0 | t: 1.338335 | r:  -512.000000 | e:   1.000000 | Q:        nan | won: False 
#  401 | steps:  4553 | steps_t:     0 | t: 1.340335 | r:  -505.000000 | e:   1.000000 | Q:        nan | won: False 
#  402 | steps:  4558 | steps_t:     0 | t: 1.342336 | r:  -504.000000 | e:   1.000000 | Q:        nan | won: False 
#  403 | steps:  4579 | steps_t:     0 | t: 1.348337 | r:  -520.000000 | e:   1.000000 | Q:        nan | won: False 
#  404 | steps:  4586 | steps_t:     0 | t: 1.350338 | r:  -506.000000 | e:   1.000000 | Q:        nan | won: False 
#  405 | steps:  4595 | steps_t:     0 | t: 1.352339 | r:  -508.000000 | e:   1.000000 | Q:        nan | won: False 
#  406 | steps:  4607 | steps_t:     0 | t: 1.356340 | r:  -511.000000 | e:   1.000000 | Q:        nan | won: False 
#  407 | steps:  4628 | steps_t:     0 | t: 1.362341 | r:  -520.000000 | e:   1.000000 | Q:        nan | won: False 
#  408 | steps:  4638 | steps_t:     0 | t: 1.366341 | r:  -509.000000 | e:   1.000000 | Q:        nan | won: False 
#  409 | steps:  4655 | steps_t:     0 | t: 1.370342 | r:  -505.000000 | e:   1.000000 | Q:        nan | won: False 
#  410 | steps:  4665 | steps_t:     0 | t: 1.374344 | r:  -509.000000 | e:   1.000000 | Q:        nan | won: False 
#  411 | steps:  4675 | steps_t:     0 | t: 1.376344 | r:  -509.000000 | e:   1.000000 | Q:        nan | won: False 
#  412 | steps:  4686 | steps_t:     0 | t: 1.380345 | r:  -510.000000 | e:   1.000000 | Q:        nan | won: False 
#  413 | steps:  4699 | steps_t:     0 | t: 1.382346 | r:  -512.000000 | e:   1.000000 | Q:        nan | won: False 
#  414 | steps:  4707 | steps_t:     0 | t: 1.386347 | r:  -507.000000 | e:   1.000000 | Q:        nan | won: False 
#  415 | steps:  4724 | steps_t:     0 | t: 1.390347 | r:  -516.000000 | e:   1.000000 | Q:        nan | won: False 
#  416 | steps:  4730 | steps_t:     0 | t: 1.392348 | r:  -505.000000 | e:   1.000000 | Q:        nan | won: False 
#  417 | steps:  4740 | steps_t:     0 | t: 1.396349 | r:  -509.000000 | e:   1.000000 | Q:        nan | won: False 
#  418 | steps:  4754 | steps_t:     0 | t: 1.400349 | r:  -502.000000 | e:   1.000000 | Q:        nan | won: False 
#  419 | steps:  4762 | steps_t:     0 | t: 1.402351 | r:  -507.000000 | e:   1.000000 | Q:        nan | won: False 
#  420 | steps:  4769 | steps_t:     0 | t: 1.404351 | r:  -506.000000 | e:   1.000000 | Q:        nan | won: False 
#  421 | steps:  4775 | steps_t:     0 | t: 1.406352 | r:  -505.000000 | e:   1.000000 | Q:        nan | won: False 
#  422 | steps:  4781 | steps_t:     0 | t: 1.408352 | r:  -505.000000 | e:   1.000000 | Q:        nan | won: False 
#  423 | steps:  4790 | steps_t:     0 | t: 1.410353 | r:  -508.000000 | e:   1.000000 | Q:        nan | won: False 
#  424 | steps:  4797 | steps_t:     0 | t: 1.412353 | r:  -506.000000 | e:   1.000000 | Q:        nan | won: False 
#  425 | steps:  4810 | steps_t:     0 | t: 1.416354 | r:  -512.000000 | e:   1.000000 | Q:        nan | won: False 
#  426 | steps:  4817 | steps_t:     0 | t: 1.418355 | r:  -506.000000 | e:   1.000000 | Q:        nan | won: False 
#  427 | steps:  4825 | steps_t:     0 | t: 1.422356 | r:  -507.000000 | e:   1.000000 | Q:        nan | won: False 
#  428 | steps:  4832 | steps_t:     0 | t: 1.424357 | r:  -506.000000 | e:   1.000000 | Q:        nan | won: False 
#  429 | steps:  4843 | steps_t:     0 | t: 1.426356 | r:  -510.000000 | e:   1.000000 | Q:        nan | won: False 
#  430 | steps:  4863 | steps_t:     0 | t: 1.432358 | r:  -519.000000 | e:   1.000000 | Q:        nan | won: False 
#  431 | steps:  4873 | steps_t:     0 | t: 1.436359 | r:  -509.000000 | e:   1.000000 | Q:        nan | won: False 
#  432 | steps:  4884 | steps_t:     0 | t: 1.438359 | r:  -510.000000 | e:   1.000000 | Q:        nan | won: False 
#  433 | steps:  4893 | steps_t:     0 | t: 1.442360 | r:  -508.000000 | e:   1.000000 | Q:        nan | won: False 
#  434 | steps:  4906 | steps_t:     0 | t: 1.444361 | r:  -512.000000 | e:   1.000000 | Q:        nan | won: False 
#  435 | steps:  4915 | steps_t:     0 | t: 1.448362 | r:  -508.000000 | e:   1.000000 | Q:        nan | won: False 
#  436 | steps:  4926 | steps_t:     0 | t: 1.450363 | r:  -510.000000 | e:   1.000000 | Q:        nan | won: False 
#  437 | steps:  4949 | steps_t:     0 | t: 1.458365 | r:  -522.000000 | e:   1.000000 | Q:        nan | won: False 
#  438 | steps:  4957 | steps_t:     0 | t: 1.460365 | r:  -507.000000 | e:   1.000000 | Q:        nan | won: False 
#  439 | steps:  4965 | steps_t:     0 | t: 1.462366 | r:  -507.000000 | e:   1.000000 | Q:        nan | won: False 
#  440 | steps:  4975 | steps_t:     0 | t: 1.466367 | r:  -509.000000 | e:   1.000000 | Q:        nan | won: False 
#  441 | steps:  4990 | steps_t:     0 | t: 1.470368 | r:  -514.000000 | e:   1.000000 | Q:        nan | won: False 
#  442 | steps:  4997 | steps_t:     0 | t: 1.472368 | r:  -506.000000 | e:   1.000000 | Q:        nan | won: False 
#  443 | steps:  5003 | steps_t:     2 | t: 1.554388 | r:  -505.000000 | e:   0.999800 | Q:        nan | won: False 
#  444 | steps:  5014 | steps_t:    12 | t: 1.593789 | r:  -510.000000 | e:   0.998800 | Q:        nan | won: False 
#  445 | steps:  5023 | steps_t:    20 | t: 1.627798 | r:  -508.000000 | e:   0.998000 | Q:        nan | won: False 
#  446 | steps:  5030 | steps_t:    26 | t: 1.651804 | r:  -506.000000 | e:   0.997400 | Q:        nan | won: False 
#  447 | steps:  5038 | steps_t:    33 | t: 1.679811 | r:  -507.000000 | e:   0.996700 | Q:        nan | won: False 
#  448 | steps:  5059 | steps_t:    53 | t: 1.760910 | r:  -520.000000 | e:   0.994700 | Q:        nan | won: False 
#  449 | steps:  5066 | steps_t:    59 | t: 1.784916 | r:  -506.000000 | e:   0.994100 | Q:        nan | won: False 
#  450 | steps:  5075 | steps_t:    67 | t: 1.818925 | r:  -508.000000 | e:   0.993300 | Q:        nan | won: False 
#  451 | steps:  5083 | steps_t:    74 | t: 1.846932 | r:  -507.000000 | e:   0.992600 | Q:        nan | won: False 
#  452 | steps:  5093 | steps_t:    83 | t: 1.882941 | r:  -509.000000 | e:   0.991700 | Q:        nan | won: False 
#  453 | steps:  5104 | steps_t:    93 | t: 1.922951 | r:  -510.000000 | e:   0.990700 | Q:        nan | won: False 
#  454 | steps:  5111 | steps_t:    99 | t: 1.946957 | r:  -506.000000 | e:   0.990100 | Q:        nan | won: False 
#  455 | steps:  5120 | steps_t:   107 | t: 1.978965 | r:  -508.000000 | e:   0.989300 | Q:        nan | won: False 
#  456 | steps:  5131 | steps_t:   117 | t: 2.016974 | r:  -510.000000 | e:   0.988300 | Q:        nan | won: False 
#  457 | steps:  5138 | steps_t:   123 | t: 2.042980 | r:  -506.000000 | e:   0.987700 | Q:        nan | won: False 
#  458 | steps:  5147 | steps_t:   131 | t: 2.076019 | r:  -508.000000 | e:   0.986900 | Q:        nan | won: False 
#  459 | steps:  5156 | steps_t:   139 | t: 2.108062 | r:  -508.000000 | e:   0.986100 | Q:        nan | won: False 
#  460 | steps:  5170 | steps_t:   152 | t: 2.160075 | r:  -513.000000 | e:   0.984800 | Q:        nan | won: False 
#  461 | steps:  5184 | steps_t:   165 | t: 2.214089 | r:  -513.000000 | e:   0.983500 | Q:        nan | won: False 
#  462 | steps:  5196 | steps_t:   176 | t: 2.258100 | r:  -511.000000 | e:   0.982400 | Q:        nan | won: False 
#  463 | steps:  5205 | steps_t:   184 | t: 2.290108 | r:  -508.000000 | e:   0.981600 | Q:        nan | won: False 
#  464 | steps:  5224 | steps_t:   202 | t: 2.361346 | r:  -518.000000 | e:   0.979800 | Q:        nan | won: False 
#  465 | steps:  5236 | steps_t:   213 | t: 2.405357 | r:  -511.000000 | e:   0.978700 | Q:        nan | won: False 
#  466 | steps:  5244 | steps_t:   220 | t: 2.435364 | r:  -507.000000 | e:   0.978000 | Q: -294.948181 | won: False 
#  467 | steps:  5256 | steps_t:   231 | t: 2.479375 | r:  -511.000000 | e:   0.976900 | Q: -295.097595 | won: False 
#  468 | steps:  5271 | steps_t:   245 | t: 2.538663 | r:  -503.000000 | e:   0.975500 | Q:        nan | won: False 
#  469 | steps:  5280 | steps_t:   253 | t: 2.574670 | r:  -508.000000 | e:   0.974700 | Q:        nan | won: False 
#  470 | steps:  5290 | steps_t:   262 | t: 2.614680 | r:  -509.000000 | e:   0.973800 | Q: -303.074799 | won: False 
#  471 | steps:  5298 | steps_t:   269 | t: 2.644687 | r:  -507.000000 | e:   0.973100 | Q:        nan | won: False 
#  472 | steps:  5321 | steps_t:   291 | t: 2.734710 | r:  -522.000000 | e:   0.970900 | Q:        nan | won: False 
#  473 | steps:  5331 | steps_t:   300 | t: 2.770719 | r:  -509.000000 | e:   0.970000 | Q:        nan | won: False 
#  474 | steps:  5339 | steps_t:   307 | t: 2.798727 | r:  -507.000000 | e:   0.969300 | Q:        nan | won: False 
#  475 | steps:  5348 | steps_t:   315 | t: 2.832734 | r:  -508.000000 | e:   0.968500 | Q: -293.903687 | won: False 
#  476 | steps:  5364 | steps_t:   330 | t: 2.892749 | r:  -515.000000 | e:   0.967000 | Q:        nan | won: False 
#  477 | steps:  5374 | steps_t:   339 | t: 2.928758 | r:  -509.000000 | e:   0.966100 | Q: -271.202179 | won: False 
#  478 | steps:  5391 | steps_t:   355 | t: 2.992774 | r:  -516.000000 | e:   0.964500 | Q:        nan | won: False 
#  479 | steps:  5400 | steps_t:   363 | t: 3.024782 | r:  -508.000000 | e:   0.963700 | Q: -281.020355 | won: False 
#  480 | steps:  5409 | steps_t:   371 | t: 3.056790 | r:  -508.000000 | e:   0.962900 | Q:        nan | won: False 
#  481 | steps:  5422 | steps_t:   383 | t: 3.102802 | r:  -512.000000 | e:   0.961700 | Q: -306.153992 | won: False 
#  482 | steps:  5430 | steps_t:   390 | t: 3.132809 | r:  -507.000000 | e:   0.961000 | Q:        nan | won: False 
#  483 | steps:  5444 | steps_t:   403 | t: 3.184822 | r:  -513.000000 | e:   0.959700 | Q:        nan | won: False 
#  484 | steps:  5454 | steps_t:   412 | t: 3.220831 | r:  -509.000000 | e:   0.958800 | Q:        nan | won: False 
#  485 | steps:  5470 | steps_t:   427 | t: 3.280846 | r:  -515.000000 | e:   0.957300 | Q: -352.434631 | won: False 
#  486 | steps:  5490 | steps_t:   446 | t: 3.356864 | r:  -519.000000 | e:   0.955400 | Q: -316.677307 | won: False 
#  487 | steps:  5501 | steps_t:   456 | t: 3.398876 | r:  -510.000000 | e:   0.954400 | Q:        nan | won: False 
#  488 | steps:  5518 | steps_t:   472 | t: 3.462919 | r:  -516.000000 | e:   0.952800 | Q: -318.047455 | won: False 
#  489 | steps:  5525 | steps_t:   478 | t: 3.486926 | r:  -506.000000 | e:   0.952200 | Q:        nan | won: False 
#  490 | steps:  5533 | steps_t:   485 | t: 3.518934 | r:  -507.000000 | e:   0.951500 | Q: -315.533173 | won: False 
#  491 | steps:  5543 | steps_t:   494 | t: 3.558944 | r:  -509.000000 | e:   0.950600 | Q:        nan | won: False 
#  492 | steps:  5553 | steps_t:   503 | t: 3.596953 | r:  -509.000000 | e:   0.949700 | Q: -302.836182 | won: False 
#  493 | steps:  5566 | steps_t:   515 | t: 3.648966 | r:  -512.000000 | e:   0.948500 | Q: -309.801727 | won: False 
#  494 | steps:  5576 | steps_t:   524 | t: 3.686975 | r:  -509.000000 | e:   0.947600 | Q: -310.009644 | won: False 
#  495 | steps:  5587 | steps_t:   534 | t: 3.726986 | r:  -510.000000 | e:   0.946600 | Q:        nan | won: False 
#  496 | steps:  5599 | steps_t:   545 | t: 3.770998 | r:  -511.000000 | e:   0.945500 | Q: -284.218048 | won: False 
#  497 | steps:  5613 | steps_t:   558 | t: 3.823010 | r:  -513.000000 | e:   0.944200 | Q:        nan | won: False 
#  498 | steps:  5622 | steps_t:   566 | t: 3.857018 | r:  -508.000000 | e:   0.943400 | Q:        nan | won: False 
#  499 | steps:  5634 | steps_t:   577 | t: 3.901029 | r:  -511.000000 | e:   0.942300 | Q:        nan | won: False 
#  500 | steps:  5651 | steps_t:   593 | t: 3.963326 | r:  -516.000000 | e:   0.940700 | Q: -299.216156 | won: False 
#  501 | steps:  5672 | steps_t:   613 | t: 4.051348 | r:  -520.000000 | e:   0.938700 | Q: -311.186676 | won: False 
#  502 | steps:  5682 | steps_t:   622 | t: 4.091358 | r:  -509.000000 | e:   0.937800 | Q: -282.183197 | won: False 
#  503 | steps:  5701 | steps_t:   640 | t: 4.168665 | r:  -518.000000 | e:   0.936000 | Q: -269.451111 | won: False 
#  504 | steps:  5709 | steps_t:   647 | t: 4.194674 | r:  -507.000000 | e:   0.935300 | Q:        nan | won: False 
#  505 | steps:  5718 | steps_t:   655 | t: 4.226682 | r:  -508.000000 | e:   0.934500 | Q:        nan | won: False 
#  506 | steps:  5739 | steps_t:   675 | t: 4.307826 | r:  -520.000000 | e:   0.932500 | Q: -305.527863 | won: False 
#  507 | steps:  5748 | steps_t:   683 | t: 4.339833 | r:  -508.000000 | e:   0.931700 | Q:        nan | won: False 
#  508 | steps:  5758 | steps_t:   692 | t: 4.375843 | r:  -509.000000 | e:   0.930800 | Q: -307.248779 | won: False 
#  509 | steps:  5772 | steps_t:   705 | t: 4.427856 | r:  -513.000000 | e:   0.929500 | Q:        nan | won: False 
#  510 | steps:  5813 | steps_t:   745 | t: 4.595514 | r:  -540.000000 | e:   0.925500 | Q:        nan | won: False 
#  511 | steps:  5825 | steps_t:   756 | t: 4.643527 | r:  -511.000000 | e:   0.924400 | Q: -267.472412 | won: False 
#  512 | steps:  5836 | steps_t:   766 | t: 4.683542 | r:  -510.000000 | e:   0.923400 | Q:        nan | won: False 
#  513 | steps:  5843 | steps_t:   772 | t: 4.707543 | r:  -506.000000 | e:   0.922800 | Q:        nan | won: False 
#  514 | steps:  5851 | steps_t:   779 | t: 4.735549 | r:  -507.000000 | e:   0.922100 | Q:        nan | won: False 
#  515 | steps:  5859 | steps_t:   786 | t: 4.765556 | r:  -507.000000 | e:   0.921400 | Q:        nan | won: False 
#  516 | steps:  5869 | steps_t:   795 | t: 4.801565 | r:  -509.000000 | e:   0.920500 | Q: -248.970352 | won: False 
#  517 | steps:  5879 | steps_t:   804 | t: 4.839575 | r:  -509.000000 | e:   0.919600 | Q: -252.411087 | won: False 
#  518 | steps:  5889 | steps_t:   813 | t: 4.873584 | r:  -509.000000 | e:   0.918700 | Q: -295.540741 | won: False 
#  519 | steps:  5899 | steps_t:   822 | t: 4.911593 | r:  -509.000000 | e:   0.917800 | Q: -314.813049 | won: False 
#  520 | steps:  5911 | steps_t:   833 | t: 4.955604 | r:  -511.000000 | e:   0.916700 | Q:        nan | won: False 
#  521 | steps:  5923 | steps_t:   844 | t: 4.999615 | r:  -511.000000 | e:   0.915600 | Q:        nan | won: False 
#  522 | steps:  5933 | steps_t:   853 | t: 5.035623 | r:  -509.000000 | e:   0.914700 | Q:        nan | won: False 
#  523 | steps:  5939 | steps_t:   858 | t: 5.055629 | r:  -505.000000 | e:   0.914200 | Q:        nan | won: False 
#  524 | steps:  5946 | steps_t:   864 | t: 5.079634 | r:  -506.000000 | e:   0.913600 | Q: -290.678070 | won: False 
#  525 | steps:  5959 | steps_t:   876 | t: 5.127647 | r:  -512.000000 | e:   0.912400 | Q:        nan | won: False 
#  526 | steps:  5977 | steps_t:   893 | t: 5.195142 | r:  -506.000000 | e:   0.910700 | Q: -326.253021 | won: False 
#  527 | steps:  5985 | steps_t:   900 | t: 5.223150 | r:  -507.000000 | e:   0.910000 | Q:        nan | won: False 
#  528 | steps:  5993 | steps_t:   907 | t: 5.253157 | r:  -507.000000 | e:   0.909300 | Q: -328.904205 | won: False 
#  529 | steps:  6002 | steps_t:   915 | t: 5.285165 | r:  -508.000000 | e:   0.908500 | Q: -348.787781 | won: False 
#  530 | steps:  6012 | steps_t:   924 | t: 5.323175 | r:  -509.000000 | e:   0.907600 | Q: -351.853729 | won: False 
#  531 | steps:  6019 | steps_t:   930 | t: 5.349181 | r:  -506.000000 | e:   0.907000 | Q:        nan | won: False 
#  532 | steps:  6035 | steps_t:   945 | t: 5.408236 | r:  -515.000000 | e:   0.905500 | Q: -338.686951 | won: False 
#  533 | steps:  6045 | steps_t:   954 | t: 5.446243 | r:  -509.000000 | e:   0.904600 | Q:        nan | won: False 
#  534 | steps:  6058 | steps_t:   966 | t: 5.496256 | r:  -512.000000 | e:   0.903400 | Q: -304.574280 | won: False 
#  535 | steps:  6065 | steps_t:   972 | t: 5.524263 | r:  -506.000000 | e:   0.902800 | Q:        nan | won: False 
#  536 | steps:  6073 | steps_t:   979 | t: 5.554270 | r:  -507.000000 | e:   0.902100 | Q: -301.720062 | won: False 
#  537 | steps:  6083 | steps_t:   988 | t: 5.592279 | r:  -509.000000 | e:   0.901200 | Q: -314.135071 | won: False 
#  538 | steps:  6091 | steps_t:   995 | t: 5.624288 | r:  -507.000000 | e:   0.900500 | Q: -312.946472 | won: False 
#  539 | steps:  6099 | steps_t:  1002 | t: 5.654295 | r:  -507.000000 | e:   0.899800 | Q: -317.604767 | won: False 
#  540 | steps:  6108 | steps_t:  1010 | t: 5.686302 | r:  -508.000000 | e:   0.899000 | Q: -317.616791 | won: False 
#  541 | steps:  6119 | steps_t:  1020 | t: 5.728314 | r:  -510.000000 | e:   0.898000 | Q: -304.835785 | won: False 
#  542 | steps:  6127 | steps_t:  1027 | t: 5.758321 | r:  -507.000000 | e:   0.897300 | Q: -286.608704 | won: False 
#  543 | steps:  6144 | steps_t:  1043 | t: 5.821394 | r:  -516.000000 | e:   0.895700 | Q: -278.314423 | won: False 
#  544 | steps:  6166 | steps_t:  1064 | t: 5.906797 | r:  -521.000000 | e:   0.893600 | Q: -275.385468 | won: False 
#  545 | steps:  6174 | steps_t:  1071 | t: 5.936804 | r:  -507.000000 | e:   0.892900 | Q: -279.666260 | won: False 
#  546 | steps:  6183 | steps_t:  1079 | t: 5.968813 | r:  -508.000000 | e:   0.892100 | Q: -276.070923 | won: False 
#  547 | steps:  6198 | steps_t:  1093 | t: 6.026827 | r:  -503.000000 | e:   0.890700 | Q:        nan | won: False 
#  548 | steps:  6224 | steps_t:  1118 | t: 6.124150 | r:  -525.000000 | e:   0.888200 | Q: -284.422455 | won: False 
#  549 | steps:  6233 | steps_t:  1126 | t: 6.158158 | r:  -508.000000 | e:   0.887400 | Q: -304.139160 | won: False 
#  550 | steps:  6244 | steps_t:  1136 | t: 6.198168 | r:  -510.000000 | e:   0.886400 | Q: -312.367767 | won: False 
#  551 | steps:  6263 | steps_t:  1154 | t: 6.269548 | r:  -507.000000 | e:   0.884600 | Q: -318.396637 | won: False 
#  552 | steps:  6277 | steps_t:  1167 | t: 6.321562 | r:  -513.000000 | e:   0.883300 | Q:        nan | won: False 
#  553 | steps:  6286 | steps_t:  1175 | t: 6.355570 | r:  -508.000000 | e:   0.882500 | Q: -266.091064 | won: False 
#  554 | steps:  6306 | steps_t:  1194 | t: 6.431024 | r:  -519.000000 | e:   0.880600 | Q: -299.917053 | won: False 
#  555 | steps:  6314 | steps_t:  1201 | t: 6.461031 | r:  -507.000000 | e:   0.879900 | Q:        nan | won: False 
#  556 | steps:  6320 | steps_t:  1206 | t: 6.481036 | r:  -505.000000 | e:   0.879400 | Q: -302.945221 | won: False 
#  557 | steps:  6330 | steps_t:  1215 | t: 6.521046 | r:  -509.000000 | e:   0.878500 | Q: -302.928101 | won: False 
#  558 | steps:  6339 | steps_t:  1223 | t: 6.557055 | r:  -508.000000 | e:   0.877700 | Q: -299.451660 | won: False 
#  559 | steps:  6350 | steps_t:  1233 | t: 6.601066 | r:  -510.000000 | e:   0.876700 | Q: -293.538635 | won: False 
#  560 | steps:  6361 | steps_t:  1243 | t: 6.645077 | r:  -510.000000 | e:   0.875700 | Q: -284.473755 | won: False 
#  561 | steps:  6373 | steps_t:  1254 | t: 6.689089 | r:  -511.000000 | e:   0.874600 | Q:        nan | won: False 
#  562 | steps:  6389 | steps_t:  1269 | t: 6.751104 | r:  -515.000000 | e:   0.873100 | Q: -276.094604 | won: False 
#  563 | steps:  6398 | steps_t:  1277 | t: 6.783112 | r:  -508.000000 | e:   0.872300 | Q:        nan | won: False 
#  564 | steps:  6407 | steps_t:  1285 | t: 6.815119 | r:  -508.000000 | e:   0.871500 | Q: -322.699158 | won: False 
#  565 | steps:  6412 | steps_t:  1289 | t: 6.831124 | r:  -504.000000 | e:   0.871100 | Q: -327.336060 | won: False 
#  566 | steps:  6425 | steps_t:  1301 | t: 6.881136 | r:  -512.000000 | e:   0.869900 | Q: -337.372040 | won: False 
#  567 | steps:  6440 | steps_t:  1315 | t: 6.937150 | r:  -514.000000 | e:   0.868500 | Q: -328.983887 | won: False 
#  568 | steps:  6454 | steps_t:  1328 | t: 6.989163 | r:  -513.000000 | e:   0.867200 | Q: -312.992981 | won: False 
#  569 | steps:  6462 | steps_t:  1335 | t: 7.019171 | r:  -507.000000 | e:   0.866500 | Q: -290.837555 | won: False 
#  570 | steps:  6474 | steps_t:  1346 | t: 7.063181 | r:  -511.000000 | e:   0.865400 | Q: -316.483429 | won: False 
#  571 | steps:  6484 | steps_t:  1355 | t: 7.099190 | r:  -509.000000 | e:   0.864500 | Q: -313.265228 | won: False 
#  572 | steps:  6496 | steps_t:  1366 | t: 7.143202 | r:  -511.000000 | e:   0.863400 | Q: -324.359283 | won: False 
#  573 | steps:  6501 | steps_t:  1370 | t: 7.159205 | r:  -504.000000 | e:   0.863000 | Q:        nan | won: False 
#  574 | steps:  6508 | steps_t:  1376 | t: 7.185212 | r:  -506.000000 | e:   0.862400 | Q:        nan | won: False 
#  575 | steps:  6526 | steps_t:  1393 | t: 7.254325 | r:  -517.000000 | e:   0.860700 | Q: -316.253387 | won: False 
#  576 | steps:  6542 | steps_t:  1408 | t: 7.315472 | r:  -504.000000 | e:   0.859200 | Q: -303.966583 | won: False 
#  577 | steps:  6550 | steps_t:  1415 | t: 7.345479 | r:  -507.000000 | e:   0.858500 | Q:        nan | won: False 
#  578 | steps:  6571 | steps_t:  1435 | t: 7.426833 | r:  -520.000000 | e:   0.856500 | Q: -297.440887 | won: False 
#  579 | steps:  6582 | steps_t:  1445 | t: 7.469991 | r:  -510.000000 | e:   0.855500 | Q: -311.974152 | won: False 
#  580 | steps:  6588 | steps_t:  1450 | t: 7.489996 | r:  -505.000000 | e:   0.855000 | Q:        nan | won: False 
#  581 | steps:  6598 | steps_t:  1459 | t: 7.532007 | r:  -509.000000 | e:   0.854100 | Q: -302.246979 | won: False 
#  582 | steps:  6628 | steps_t:  1488 | t: 7.671103 | r:  -529.000000 | e:   0.851200 | Q: -306.176849 | won: False 
#  583 | steps:  6636 | steps_t:  1495 | t: 7.701112 | r:  -507.000000 | e:   0.850500 | Q: -310.435822 | won: False 
#  584 | steps:  6659 | steps_t:  1517 | t: 7.803130 | r:  -522.000000 | e:   0.848300 | Q: -311.982483 | won: False 
#  585 | steps:  6679 | steps_t:  1536 | t: 7.889152 | r:  -519.000000 | e:   0.846400 | Q: -305.070404 | won: False 
#  586 | steps:  6689 | steps_t:  1545 | t: 7.933162 | r:  -509.000000 | e:   0.845500 | Q: -315.041809 | won: False 
#  587 | steps:  6698 | steps_t:  1553 | t: 7.971173 | r:  -508.000000 | e:   0.844700 | Q: -327.798309 | won: False 
#  588 | steps:  6708 | steps_t:  1562 | t: 8.011182 | r:  -509.000000 | e:   0.843800 | Q: -319.855591 | won: False 
#  589 | steps:  6721 | steps_t:  1574 | t: 8.063772 | r:  -512.000000 | e:   0.842600 | Q:        nan | won: False 
#  590 | steps:  6730 | steps_t:  1582 | t: 8.099870 | r:  -508.000000 | e:   0.841800 | Q: -305.435425 | won: False 
#  591 | steps:  6746 | steps_t:  1597 | t: 8.166294 | r:  -515.000000 | e:   0.840300 | Q: -314.053497 | won: False 
#  592 | steps:  6755 | steps_t:  1605 | t: 8.202303 | r:  -508.000000 | e:   0.839500 | Q: -310.237366 | won: False 
#  593 | steps:  6777 | steps_t:  1626 | t: 8.297396 | r:  -521.000000 | e:   0.837400 | Q: -280.845825 | won: False 
#  594 | steps:  6788 | steps_t:  1636 | t: 8.341407 | r:  -510.000000 | e:   0.836400 | Q: -304.474365 | won: False 
#  595 | steps:  6798 | steps_t:  1645 | t: 8.383417 | r:  -509.000000 | e:   0.835500 | Q:        nan | won: False 
#  596 | steps:  6826 | steps_t:  1672 | t: 8.503359 | r:  -527.000000 | e:   0.832800 | Q: -298.669403 | won: False 
