#    1 | steps:    17 | steps_t: 2735611 | t: 0.031204 | r:    95.000000 | e:   0.100000 | Q: 101.350464 | won: True 
#    2 | steps:    33 | steps_t: 2735611 | t: 0.051824 | r:    96.000000 | e:   0.100000 | Q: 100.241585 | won: True 
#    3 | steps:    50 | steps_t: 2735611 | t: 0.078512 | r:    95.000000 | e:   0.100000 | Q: 101.350464 | won: True 
#    4 | steps:    75 | steps_t: 2735611 | t: 0.094155 | r:    87.000000 | e:   0.100000 | Q: 102.335548 | won: True 
#    5 | steps:    92 | steps_t: 2735611 | t: 0.125405 | r:    95.000000 | e:   0.100000 | Q: 101.350464 | won: True 
#    6 | steps:   109 | steps_t: 2735611 | t: 0.156618 | r:    95.000000 | e:   0.100000 | Q: 101.230827 | won: True 
#    7 | steps:   127 | steps_t: 2735611 | t: 0.172294 | r:    94.000000 | e:   0.100000 | Q: 100.611267 | won: True 
#    8 | steps:   145 | steps_t: 2735611 | t: 0.187874 | r:    94.000000 | e:   0.100000 | Q: 101.288605 | won: True 
#    9 | steps:   167 | steps_t: 2735611 | t: 0.219130 | r:    90.000000 | e:   0.100000 | Q: 100.960747 | won: True 
#   10 | steps:   186 | steps_t: 2735611 | t: 0.250371 | r:    93.000000 | e:   0.100000 | Q: 101.611458 | won: True 
#    1 | steps:    18 | steps_t: 2735611 | t: 0.015665 | r:    94.000000 | e:   0.100000 | Q: 101.234970 | won: True 
#    2 | steps:    36 | steps_t: 2735611 | t: 0.046875 | r:  -517.000000 | e:   0.100000 | Q:  50.900215 | won: False 
#    3 | steps:    54 | steps_t: 2735611 | t: 0.062541 | r:    94.000000 | e:   0.100000 | Q: 100.960747 | won: True 
#    4 | steps:    75 | steps_t: 2735611 | t: 0.094175 | r:    91.000000 | e:   0.100000 | Q: 101.230827 | won: True 
#    5 | steps:    96 | steps_t: 2735611 | t: 0.109799 | r:    91.000000 | e:   0.100000 | Q: 102.335548 | won: True 
#    6 | steps:   116 | steps_t: 2735611 | t: 0.141052 | r:    92.000000 | e:   0.100000 | Q: 101.978981 | won: True 
#    7 | steps:   133 | steps_t: 2735611 | t: 0.156679 | r:    95.000000 | e:   0.100000 | Q: 101.230827 | won: True 
#    8 | steps:   146 | steps_t: 2735611 | t: 0.172330 | r:  -512.000000 | e:   0.100000 | Q:  49.764263 | won: False 
#    9 | steps:   169 | steps_t: 2735611 | t: 0.187928 | r:    89.000000 | e:   0.100000 | Q: 106.888481 | won: True 
#   10 | steps:   184 | steps_t: 2735611 | t: 0.203557 | r:  -503.000000 | e:   0.100000 | Q:  46.144871 | won: False 
