#    1 | steps:    18 | steps_t: 3271349 | t: 0.031276 | r:    94.000000 | e:   0.100000 | Q:  99.616348 | won: True 
#    2 | steps:    44 | steps_t: 3271349 | t: 0.062500 | r:    86.000000 | e:   0.100000 | Q: 100.056366 | won: True 
#    3 | steps:    74 | steps_t: 3271349 | t: 0.093903 | r:    82.000000 | e:   0.100000 | Q: 100.056366 | won: True 
#    4 | steps:    92 | steps_t: 3271349 | t: 0.125148 | r:    94.000000 | e:   0.100000 | Q:  98.585411 | won: True 
#    5 | steps:   116 | steps_t: 3271349 | t: 0.140738 | r:    88.000000 | e:   0.100000 | Q: 100.136078 | won: True 
#    6 | steps:   136 | steps_t: 3271349 | t: 0.172045 | r:    92.000000 | e:   0.100000 | Q:  99.879898 | won: True 
#    7 | steps:   151 | steps_t: 3271349 | t: 0.187658 | r:  -503.000000 | e:   0.100000 | Q:  79.841278 | won: False 
#    8 | steps:   168 | steps_t: 3271349 | t: 0.203239 | r:  -505.000000 | e:   0.100000 | Q:  89.057709 | won: False 
#    9 | steps:   185 | steps_t: 3271349 | t: 0.234530 | r:    95.000000 | e:   0.100000 | Q:  99.937119 | won: True 
#   10 | steps:   207 | steps_t: 3271349 | t: 0.265792 | r:    90.000000 | e:   0.100000 | Q: 100.246086 | won: True 
#    1 | steps:     7 | steps_t: 3271349 | t: 0.015574 | r:  -484.000000 | e:   0.100000 | Q: 144.574600 | won: False 
#    2 | steps:    24 | steps_t: 3271349 | t: 0.031210 | r:  -439.000000 | e:   0.100000 | Q: 192.881622 | won: False 
#    3 | steps:    38 | steps_t: 3271349 | t: 0.046844 | r:  -436.000000 | e:   0.100000 | Q: 168.492416 | won: False 
#    4 | steps:    45 | steps_t: 3271349 | t: 0.046844 | r:  -484.000000 | e:   0.100000 | Q: 144.574600 | won: False 
#    5 | steps:    52 | steps_t: 3271349 | t: 0.062418 | r:  -484.000000 | e:   0.100000 | Q: 144.574600 | won: False 
#    6 | steps:    59 | steps_t: 3271349 | t: 0.078042 | r:  -484.000000 | e:   0.100000 | Q: 144.574600 | won: False 
#    7 | steps:    66 | steps_t: 3271349 | t: 0.091292 | r:  -484.000000 | e:   0.100000 | Q: 128.869629 | won: False 
#    8 | steps:    73 | steps_t: 3271349 | t: 0.093802 | r:  -484.000000 | e:   0.100000 | Q: 144.574600 | won: False 
#    9 | steps:    80 | steps_t: 3271349 | t: 0.109481 | r:  -484.000000 | e:   0.100000 | Q: 144.574600 | won: False 
#   10 | steps:    85 | steps_t: 3271349 | t: 0.109481 | r:  -471.000000 | e:   0.100000 | Q: 128.869629 | won: False 
#    1 | steps:    22 | steps_t: 3380835 | t: 0.047841 | r:  -510.000000 | e:   0.100000 | Q:  89.404999 | won: False 
#    2 | steps:    52 | steps_t: 3380835 | t: 0.067604 | r:  -518.000000 | e:   0.100000 | Q:  96.471931 | won: False 
#    3 | steps:    83 | steps_t: 3380835 | t: 0.114479 | r:  -519.000000 | e:   0.100000 | Q:  89.404999 | won: False 
#    4 | steps:   102 | steps_t: 3380835 | t: 0.130147 | r:  -496.000000 | e:   0.100000 | Q:  89.404999 | won: False 
#    5 | steps:   110 | steps_t: 3380835 | t: 0.147446 | r:  -507.000000 | e:   0.100000 | Q:  71.602051 | won: False 
#    6 | steps:   135 | steps_t: 3380835 | t: 0.177116 | r:  -513.000000 | e:   0.100000 | Q:  89.404999 | won: False 
#    7 | steps:   157 | steps_t: 3380835 | t: 0.208405 | r:  -510.000000 | e:   0.100000 | Q:  89.404999 | won: False 
#    8 | steps:   174 | steps_t: 3380835 | t: 0.224030 | r:  -516.000000 | e:   0.100000 | Q:  89.404999 | won: False 
#    9 | steps:   193 | steps_t: 3380835 | t: 0.255293 | r:  -496.000000 | e:   0.100000 | Q:  89.404999 | won: False 
#   10 | steps:   201 | steps_t: 3380835 | t: 0.255293 | r:  -507.000000 | e:   0.100000 | Q:  71.206940 | won: False 
