#    1 | steps:    83 | steps_t: 302559 | t: 0.157036 | r:  -153.000000 | e:   0.100000 | Q: 140.965652 | won: False 
#    2 | steps:   257 | steps_t: 302559 | t: 0.357080 | r:   -94.000000 | e:   0.100000 | Q: 140.965652 | won: False 
#    3 | steps:   485 | steps_t: 302559 | t: 0.601135 | r:   529.000000 | e:   0.100000 | Q: 141.223877 | won: True 
#    4 | steps:   709 | steps_t: 302559 | t: 0.905205 | r:  -151.000000 | e:   0.100000 | Q: 141.220383 | won: False 
#    5 | steps:   812 | steps_t: 302559 | t: 1.018230 | r:  -107.000000 | e:   0.100000 | Q: 144.016937 | won: False 
#    6 | steps:   877 | steps_t: 302559 | t: 1.087245 | r:  -333.000000 | e:   0.100000 | Q: 149.956848 | won: False 
#    7 | steps:  1356 | steps_t: 302559 | t: 1.598360 | r:   278.000000 | e:   0.100000 | Q: 140.965652 | won: True 
#    8 | steps:  1600 | steps_t: 302559 | t: 1.860419 | r:  -171.000000 | e:   0.100000 | Q: 140.965652 | won: False 
#    9 | steps:  1646 | steps_t: 302559 | t: 1.911430 | r:  -149.000000 | e:   0.100000 | Q: 132.819168 | won: False 
#   10 | steps:  1681 | steps_t: 302559 | t: 1.950439 | r:  -325.000000 | e:   0.100000 | Q: 140.965652 | won: False 
#   11 | steps:  1832 | steps_t: 302559 | t: 2.113476 | r:  -144.000000 | e:   0.100000 | Q: 155.700394 | won: False 
#   12 | steps:  2357 | steps_t: 302559 | t: 2.753619 | r:  -350.000000 | e:   0.100000 | Q: 141.978409 | won: False 
#   13 | steps:  2494 | steps_t: 302559 | t: 2.900653 | r:   -97.000000 | e:   0.100000 | Q: 144.678329 | won: False 
#   14 | steps:  2622 | steps_t: 302559 | t: 3.040683 | r:  -125.000000 | e:   0.100000 | Q: 143.539642 | won: False 
#   15 | steps:  2801 | steps_t: 302559 | t: 3.234727 | r:   -66.000000 | e:   0.100000 | Q: 140.965652 | won: False 
#   16 | steps:  3055 | steps_t: 302559 | t: 3.509789 | r:  -159.000000 | e:   0.100000 | Q: 140.965652 | won: False 
#   17 | steps:  3126 | steps_t: 302559 | t: 3.587806 | r:  -163.000000 | e:   0.100000 | Q: 140.965652 | won: False 
#   18 | steps:  3256 | steps_t: 302559 | t: 3.733840 | r:   -54.000000 | e:   0.100000 | Q: 148.095016 | won: False 
#   19 | steps:  3476 | steps_t: 302559 | t: 3.970893 | r:  -257.000000 | e:   0.100000 | Q: 158.277969 | won: False 
#   20 | steps:  3536 | steps_t: 302559 | t: 4.035908 | r:  -233.000000 | e:   0.100000 | Q: 141.915344 | won: False 
#   21 | steps:  3812 | steps_t: 302559 | t: 4.337975 | r:   419.000000 | e:   0.100000 | Q: 140.965652 | won: True 
#   22 | steps:  3837 | steps_t: 302559 | t: 4.366981 | r:  -381.000000 | e:   0.100000 | Q: 140.965652 | won: False 
#   23 | steps:  3927 | steps_t: 302559 | t: 4.553024 | r:  -204.000000 | e:   0.100000 | Q: 140.965652 | won: False 
#   24 | steps:  3966 | steps_t: 302559 | t: 4.597033 | r:  -318.000000 | e:   0.100000 | Q: 140.965652 | won: False 
#   25 | steps:  4070 | steps_t: 302559 | t: 4.711059 | r:  -119.000000 | e:   0.100000 | Q: 169.412552 | won: False 
#   26 | steps:  4217 | steps_t: 302559 | t: 4.877096 | r:   -89.000000 | e:   0.100000 | Q: 155.050156 | won: False 
#   27 | steps:  4603 | steps_t: 302559 | t: 5.299191 | r:  -335.000000 | e:   0.100000 | Q: 140.965652 | won: False 
#   28 | steps:  4713 | steps_t: 302559 | t: 5.421219 | r:    -8.000000 | e:   0.100000 | Q: 140.965652 | won: False 
#   29 | steps:  4928 | steps_t: 302559 | t: 5.659272 | r:   -80.000000 | e:   0.100000 | Q: 140.965652 | won: False 
#   30 | steps:  4969 | steps_t: 302559 | t: 5.706283 | r:  -276.000000 | e:   0.100000 | Q: 140.965652 | won: False 
#   31 | steps:  4989 | steps_t: 302559 | t: 5.728287 | r:  -420.000000 | e:   0.100000 | Q: 140.965652 | won: False 
#   32 | steps:  5229 | steps_t: 302787 | t: 8.726961 | r:   495.000000 | e:   0.100000 | Q: 157.715424 | won: True 
#   33 | steps:  5704 | steps_t: 303261 | t: 14.777320 | r:  -402.000000 | e:   0.100000 | Q: 131.785156 | won: False 
#   34 | steps:  5938 | steps_t: 303494 | t: 17.604956 | r:  -136.000000 | e:   0.100000 | Q: 167.736267 | won: False 
#   35 | steps:  6064 | steps_t: 303619 | t: 19.109294 | r:   -46.000000 | e:   0.100000 | Q: 164.949722 | won: False 
#   36 | steps:  6223 | steps_t: 303777 | t: 21.022169 | r:   -24.000000 | e:   0.100000 | Q: 164.288925 | won: False 
#   37 | steps:  6419 | steps_t: 303972 | t: 23.464718 | r:  -321.000000 | e:   0.100000 | Q: 190.142365 | won: False 
#   38 | steps:  6686 | steps_t: 304238 | t: 26.734189 | r:  -103.000000 | e:   0.100000 | Q: 178.437241 | won: False 
#   39 | steps:  6997 | steps_t: 304548 | t: 30.533291 | r:  -304.000000 | e:   0.100000 | Q: 164.409073 | won: False 
