#    1 | steps:    10 | steps_t:     0 | t: 0.000000 | r:  -509.000000 | e:   1.000000 | Q:        nan | won: False 
#    2 | steps:    17 | steps_t:     0 | t: 0.015628 | r:  -506.000000 | e:   1.000000 | Q:        nan | won: False 
#    3 | steps:    25 | steps_t:     0 | t: 0.015628 | r:  -507.000000 | e:   1.000000 | Q:        nan | won: False 
#    4 | steps:    31 | steps_t:     0 | t: 0.015628 | r:  -505.000000 | e:   1.000000 | Q:        nan | won: False 
#    5 | steps:    46 | steps_t:     0 | t: 0.015628 | r:  -514.000000 | e:   1.000000 | Q:        nan | won: False 
#    6 | steps:    53 | steps_t:     0 | t: 0.015628 | r:  -506.000000 | e:   1.000000 | Q:        nan | won: False 
#    7 | steps:    62 | steps_t:     0 | t: 0.015628 | r:  -508.000000 | e:   1.000000 | Q:        nan | won: False 
#    8 | steps:    75 | steps_t:     0 | t: 0.031253 | r:  -512.000000 | e:   1.000000 | Q:        nan | won: False 
#    9 | steps:    86 | steps_t:     0 | t: 0.031253 | r:  -510.000000 | e:   1.000000 | Q:        nan | won: False 
#   10 | steps:    94 | steps_t:     0 | t: 0.031253 | r:  -507.000000 | e:   1.000000 | Q:        nan | won: False 
#    1 | steps:    15 | steps_t: 2735611 | t: 0.031252 | r:  -503.000000 | e:   0.100000 | Q:  68.836113 | won: False 
#    2 | steps:    33 | steps_t: 2735611 | t: 0.046878 | r:  -506.000000 | e:   0.100000 | Q:  93.709908 | won: False 
#    3 | steps:    51 | steps_t: 2735611 | t: 0.046878 | r:    94.000000 | e:   0.100000 | Q: 100.611267 | won: True 
#    4 | steps:    80 | steps_t: 2735611 | t: 0.062504 | r:    83.000000 | e:   0.100000 | Q: 101.230827 | won: True 
#    5 | steps:    98 | steps_t: 2735611 | t: 0.078130 | r:    94.000000 | e:   0.100000 | Q: 100.611267 | won: True 
#    6 | steps:   119 | steps_t: 2735611 | t: 0.093756 | r:  -509.000000 | e:   0.100000 | Q:  53.521812 | won: False 
#    7 | steps:   137 | steps_t: 2735611 | t: 0.093756 | r:    94.000000 | e:   0.100000 | Q: 100.611267 | won: True 
#    8 | steps:   154 | steps_t: 2735611 | t: 0.109382 | r:    95.000000 | e:   0.100000 | Q:  95.937721 | won: True 
#    9 | steps:   169 | steps_t: 2735611 | t: 0.125009 | r:  -503.000000 | e:   0.100000 | Q:  68.836113 | won: False 
#   10 | steps:   187 | steps_t: 2735611 | t: 0.125009 | r:    94.000000 | e:   0.100000 | Q: 101.288605 | won: True 
#    1 | steps:    17 | steps_t: 2735611 | t: 0.031251 | r:    95.000000 | e:   0.100000 | Q: 101.230827 | won: True 
#    2 | steps:    36 | steps_t: 2735611 | t: 0.031251 | r:    93.000000 | e:   0.100000 | Q:  99.760963 | won: True 
#    3 | steps:    53 | steps_t: 2735611 | t: 0.046877 | r:    95.000000 | e:   0.100000 | Q: 102.149544 | won: True 
#    4 | steps:    71 | steps_t: 2735611 | t: 0.062504 | r:    94.000000 | e:   0.100000 | Q: 101.234970 | won: True 
#    5 | steps:    95 | steps_t: 2735611 | t: 0.062504 | r:  -512.000000 | e:   0.100000 | Q:  64.551674 | won: False 
#    6 | steps:   112 | steps_t: 2735611 | t: 0.078129 | r:    95.000000 | e:   0.100000 | Q: 101.230827 | won: True 
#    7 | steps:   130 | steps_t: 2735611 | t: 0.093755 | r:    94.000000 | e:   0.100000 | Q: 100.611267 | won: True 
#    8 | steps:   152 | steps_t: 2735611 | t: 0.093755 | r:    90.000000 | e:   0.100000 | Q: 101.623817 | won: True 
#    9 | steps:   169 | steps_t: 2735611 | t: 0.109382 | r:    95.000000 | e:   0.100000 | Q: 101.350464 | won: True 
#   10 | steps:   190 | steps_t: 2735611 | t: 0.125009 | r:    91.000000 | e:   0.100000 | Q: 101.230827 | won: True 
