#    1 | steps:    32 | steps_t: 3270774 | t: 0.046890 | r:  -520.000000 | e:   0.100000 | Q:  91.426041 | won: False 
#    2 | steps:    48 | steps_t: 3270774 | t: 0.062482 | r:  -504.000000 | e:   0.100000 | Q:  84.266075 | won: False 
#    3 | steps:    62 | steps_t: 3270774 | t: 0.078137 | r:  -502.000000 | e:   0.100000 | Q:  79.055824 | won: False 
#    4 | steps:    78 | steps_t: 3270774 | t: 0.093751 | r:    96.000000 | e:   0.100000 | Q: 100.943588 | won: True 
#    5 | steps:    95 | steps_t: 3270774 | t: 0.109369 | r:    95.000000 | e:   0.100000 | Q: 100.854179 | won: True 
#    6 | steps:   112 | steps_t: 3270774 | t: 0.140619 | r:    95.000000 | e:   0.100000 | Q: 100.854179 | won: True 
#    7 | steps:   129 | steps_t: 3270774 | t: 0.156231 | r:    95.000000 | e:   0.100000 | Q: 100.854179 | won: True 
#    8 | steps:   149 | steps_t: 3270774 | t: 0.187485 | r:    92.000000 | e:   0.100000 | Q: 101.667725 | won: True 
#    9 | steps:   169 | steps_t: 3270774 | t: 0.203109 | r:    92.000000 | e:   0.100000 | Q:  99.964523 | won: True 
#   10 | steps:   194 | steps_t: 3270774 | t: 0.234407 | r:  -513.000000 | e:   0.100000 | Q:  89.897064 | won: False 
#    1 | steps:    17 | steps_t: 3271349 | t: 0.031213 | r:    95.000000 | e:   0.100000 | Q: 100.647797 | won: True 
#    2 | steps:    42 | steps_t: 3271349 | t: 0.047092 | r:    87.000000 | e:   0.100000 | Q: 104.432159 | won: True 
#    3 | steps:    59 | steps_t: 3271349 | t: 0.078396 | r:    95.000000 | e:   0.100000 | Q: 100.647797 | won: True 
#    4 | steps:    82 | steps_t: 3271349 | t: 0.109601 | r:    89.000000 | e:   0.100000 | Q: 104.667717 | won: True 
#    5 | steps:   100 | steps_t: 3271349 | t: 0.127353 | r:    94.000000 | e:   0.100000 | Q:  99.616348 | won: True 
#    6 | steps:   123 | steps_t: 3271349 | t: 0.142984 | r:    89.000000 | e:   0.100000 | Q: 104.667717 | won: True 
#    7 | steps:   144 | steps_t: 3271349 | t: 0.174262 | r:    91.000000 | e:   0.100000 | Q: 100.123428 | won: True 
#    8 | steps:   161 | steps_t: 3271349 | t: 0.205475 | r:    95.000000 | e:   0.100000 | Q:  99.937119 | won: True 
#    9 | steps:   182 | steps_t: 3271349 | t: 0.221100 | r:    91.000000 | e:   0.100000 | Q: 100.511093 | won: True 
#   10 | steps:   202 | steps_t: 3271349 | t: 0.252392 | r:    92.000000 | e:   0.100000 | Q:  99.602966 | won: True 
