#    1 | steps:    17 | steps_t: 3271349 | t: 0.031231 | r:    95.000000 | e:   0.100000 | Q:  99.937119 | won: True 
#    2 | steps:    41 | steps_t: 3271349 | t: 0.062464 | r:    88.000000 | e:   0.100000 | Q: 100.136078 | won: True 
#    3 | steps:    58 | steps_t: 3271349 | t: 0.078087 | r:    95.000000 | e:   0.100000 | Q:  99.937119 | won: True 
#    4 | steps:    75 | steps_t: 3271349 | t: 0.093715 | r:    95.000000 | e:   0.100000 | Q: 100.647797 | won: True 
#    5 | steps:    92 | steps_t: 3271349 | t: 0.125023 | r:    95.000000 | e:   0.100000 | Q:  99.937119 | won: True 
#    6 | steps:   109 | steps_t: 3271349 | t: 0.140700 | r:    95.000000 | e:   0.100000 | Q: 100.647797 | won: True 
#    7 | steps:   129 | steps_t: 3271349 | t: 0.171974 | r:    92.000000 | e:   0.100000 | Q:  99.879898 | won: True 
#    8 | steps:   146 | steps_t: 3271349 | t: 0.187575 | r:    95.000000 | e:   0.100000 | Q: 100.647797 | won: True 
#    9 | steps:   168 | steps_t: 3271349 | t: 0.225623 | r:    90.000000 | e:   0.100000 | Q: 100.056366 | won: True 
#   10 | steps:   184 | steps_t: 3271349 | t: 0.241210 | r:  -504.000000 | e:   0.100000 | Q:  83.248672 | won: False 
#    1 | steps:     7 | steps_t: 3271349 | t: 0.015578 | r:  -484.000000 | e:   0.100000 | Q: 144.574600 | won: False 
#    2 | steps:    14 | steps_t: 3271349 | t: 0.031240 | r:  -484.000000 | e:   0.100000 | Q: 144.574600 | won: False 
#    3 | steps:    21 | steps_t: 3271349 | t: 0.046828 | r:  -484.000000 | e:   0.100000 | Q: 144.574600 | won: False 
#    4 | steps:    48 | steps_t: 3271349 | t: 0.062531 | r:  -372.000000 | e:   0.100000 | Q: 214.276337 | won: False 
#    5 | steps:    55 | steps_t: 3271349 | t: 0.078118 | r:  -484.000000 | e:   0.100000 | Q: 144.574600 | won: False 
#    6 | steps:    62 | steps_t: 3271349 | t: 0.093709 | r:  -495.000000 | e:   0.100000 | Q: 128.869629 | won: False 
#    7 | steps:    69 | steps_t: 3271349 | t: 0.093709 | r:  -484.000000 | e:   0.100000 | Q: 144.574600 | won: False 
#    8 | steps:    76 | steps_t: 3271349 | t: 0.111044 | r:  -484.000000 | e:   0.100000 | Q: 144.574600 | won: False 
#    9 | steps:    83 | steps_t: 3271349 | t: 0.124569 | r:  -484.000000 | e:   0.100000 | Q: 144.574600 | won: False 
#   10 | steps:    95 | steps_t: 3271349 | t: 0.140214 | r:  -434.000000 | e:   0.100000 | Q: 144.574600 | won: False 
