#    1 | steps:    18 | steps_t: 2735611 | t: 0.031209 | r:    94.000000 | e:   0.100000 | Q: 100.611267 | won: True 
#    2 | steps:    33 | steps_t: 2735611 | t: 0.046830 | r:  -503.000000 | e:   0.100000 | Q:  83.010231 | won: False 
#    3 | steps:    50 | steps_t: 2735611 | t: 0.062467 | r:    95.000000 | e:   0.100000 | Q: 102.149544 | won: True 
#    4 | steps:    68 | steps_t: 2735611 | t: 0.094435 | r:    94.000000 | e:   0.100000 | Q: 100.611267 | won: True 
#    5 | steps:    85 | steps_t: 2735611 | t: 0.125693 | r:    95.000000 | e:   0.100000 | Q: 101.350464 | won: True 
#    6 | steps:   103 | steps_t: 2735611 | t: 0.141319 | r:    94.000000 | e:   0.100000 | Q: 101.288605 | won: True 
#    7 | steps:   117 | steps_t: 2735611 | t: 0.156943 | r:  -502.000000 | e:   0.100000 | Q:  76.950836 | won: False 
#    8 | steps:   132 | steps_t: 2735611 | t: 0.172569 | r:  -503.000000 | e:   0.100000 | Q:  68.836113 | won: False 
#    9 | steps:   148 | steps_t: 2735611 | t: 0.188193 | r:  -504.000000 | e:   0.100000 | Q:  84.548409 | won: False 
#   10 | steps:   165 | steps_t: 2735611 | t: 0.219486 | r:    95.000000 | e:   0.100000 | Q: 101.350464 | won: True 
#    1 | steps:    17 | steps_t: 2735611 | t: 0.028284 | r:    95.000000 | e:   0.100000 | Q: 102.149544 | won: True 
#    2 | steps:    36 | steps_t: 2735611 | t: 0.043933 | r:    93.000000 | e:   0.100000 | Q:  99.760963 | won: True 
#    3 | steps:    54 | steps_t: 2735611 | t: 0.059576 | r:    94.000000 | e:   0.100000 | Q:  93.709908 | won: True 
#    4 | steps:    72 | steps_t: 2735611 | t: 0.090826 | r:    94.000000 | e:   0.100000 | Q: 100.611267 | won: True 
#    5 | steps:    92 | steps_t: 2735611 | t: 0.122034 | r:    92.000000 | e:   0.100000 | Q:  98.254601 | won: True 
#    6 | steps:   109 | steps_t: 2735611 | t: 0.137659 | r:    95.000000 | e:   0.100000 | Q: 101.230827 | won: True 
#    7 | steps:   128 | steps_t: 2735611 | t: 0.168945 | r:    93.000000 | e:   0.100000 | Q: 101.611458 | won: True 
#    8 | steps:   145 | steps_t: 2735611 | t: 0.184571 | r:    95.000000 | e:   0.100000 | Q: 101.230827 | won: True 
#    9 | steps:   163 | steps_t: 2735611 | t: 0.200162 | r:    94.000000 | e:   0.100000 | Q: 100.611267 | won: True 
#   10 | steps:   180 | steps_t: 2735611 | t: 0.231532 | r:    95.000000 | e:   0.100000 | Q: 102.149544 | won: True 
