#    1 | steps:    20 | steps_t: 2735611 | t: 0.031290 | r:    92.000000 | e:   0.100000 | Q:  98.254601 | won: True 
#    2 | steps:    40 | steps_t: 2735611 | t: 0.062501 | r:    92.000000 | e:   0.100000 | Q:  98.254601 | won: True 
#    3 | steps:    57 | steps_t: 2735611 | t: 0.078128 | r:    95.000000 | e:   0.100000 | Q: 101.350464 | won: True 
#    4 | steps:    79 | steps_t: 2735611 | t: 0.109440 | r:    90.000000 | e:   0.100000 | Q:  98.804779 | won: True 
#    5 | steps:   104 | steps_t: 2735611 | t: 0.140699 | r:    87.000000 | e:   0.100000 | Q: 101.818947 | won: True 
#    6 | steps:   129 | steps_t: 2735611 | t: 0.171990 | r:    87.000000 | e:   0.100000 | Q: 102.335548 | won: True 
#    7 | steps:   146 | steps_t: 2735611 | t: 0.187592 | r:    95.000000 | e:   0.100000 | Q: 101.230827 | won: True 
#    8 | steps:   166 | steps_t: 2735611 | t: 0.218846 | r:    92.000000 | e:   0.100000 | Q:  98.254601 | won: True 
#    9 | steps:   189 | steps_t: 2735611 | t: 0.234452 | r:    89.000000 | e:   0.100000 | Q: 106.888481 | won: True 
#   10 | steps:   204 | steps_t: 2735611 | t: 0.250074 | r:  -503.000000 | e:   0.100000 | Q:  77.313820 | won: False 
#    1 | steps:    18 | steps_t: 3270774 | t: 0.031216 | r:    94.000000 | e:   0.100000 | Q:  99.949371 | won: True 
#    2 | steps:    36 | steps_t: 3270774 | t: 0.062466 | r:    94.000000 | e:   0.100000 | Q:  99.949371 | won: True 
#    3 | steps:    54 | steps_t: 3270774 | t: 0.078130 | r:  -506.000000 | e:   0.100000 | Q:  94.376884 | won: False 
#    4 | steps:    69 | steps_t: 3270774 | t: 0.109338 | r:  -503.000000 | e:   0.100000 | Q:  80.711975 | won: False 
#    5 | steps:    91 | steps_t: 3270774 | t: 0.140591 | r:    90.000000 | e:   0.100000 | Q: 101.595726 | won: True 
#    6 | steps:   109 | steps_t: 3270774 | t: 0.156425 | r:    94.000000 | e:   0.100000 | Q:  99.949371 | won: True 
#    7 | steps:   125 | steps_t: 3270774 | t: 0.172119 | r:  -504.000000 | e:   0.100000 | Q:  84.266075 | won: False 
#    8 | steps:   145 | steps_t: 3270774 | t: 0.203366 | r:    92.000000 | e:   0.100000 | Q:  99.964523 | won: True 
#    9 | steps:   160 | steps_t: 3270774 | t: 0.218935 | r:  -503.000000 | e:   0.100000 | Q:  80.711975 | won: False 
#   10 | steps:   177 | steps_t: 3270774 | t: 0.234560 | r:    95.000000 | e:   0.100000 | Q: 100.854179 | won: True 
