#    1 | steps:     7 | steps_t: 3271349 | t: 0.040386 | r:  -495.000000 | e:   0.100000 | Q: 128.869629 | won: False 
#    2 | steps:    14 | steps_t: 3271349 | t: 0.048425 | r:  -495.000000 | e:   0.100000 | Q:  76.715118 | won: False 
#    3 | steps:    21 | steps_t: 3271349 | t: 0.056438 | r:  -484.000000 | e:   0.100000 | Q: 144.574600 | won: False 
#    4 | steps:    28 | steps_t: 3271349 | t: 0.069396 | r:  -484.000000 | e:   0.100000 | Q: 144.574600 | won: False 
#    5 | steps:    35 | steps_t: 3271349 | t: 0.083725 | r:  -484.000000 | e:   0.100000 | Q: 144.574600 | won: False 
#    6 | steps:    42 | steps_t: 3271349 | t: 0.096242 | r:  -495.000000 | e:   0.100000 | Q: 128.869629 | won: False 
#    7 | steps:    49 | steps_t: 3271349 | t: 0.111922 | r:  -495.000000 | e:   0.100000 | Q:  91.886856 | won: False 
#    8 | steps:    56 | steps_t: 3271349 | t: 0.111922 | r:  -484.000000 | e:   0.100000 | Q: 144.574600 | won: False 
#    9 | steps:    63 | steps_t: 3271349 | t: 0.127515 | r:  -484.000000 | e:   0.100000 | Q: 144.574600 | won: False 
#   10 | steps:    70 | steps_t: 3271349 | t: 0.143135 | r:  -484.000000 | e:   0.100000 | Q: 144.574600 | won: False 
#    1 | steps:    12 | steps_t: 3380835 | t: 0.031210 | r:  -511.000000 | e:   0.100000 | Q:  80.970963 | won: False 
#    2 | steps:    32 | steps_t: 3380835 | t: 0.062462 | r:  -508.000000 | e:   0.100000 | Q:  89.404999 | won: False 
#    3 | steps:    50 | steps_t: 3380835 | t: 0.093751 | r:  -517.000000 | e:   0.100000 | Q:  89.404999 | won: False 
#    4 | steps:    64 | steps_t: 3380835 | t: 0.125511 | r:  -513.000000 | e:   0.100000 | Q:  89.404999 | won: False 
#    5 | steps:    94 | steps_t: 3380835 | t: 0.212976 | r:    82.000000 | e:   0.100000 | Q: 103.384560 | won: True 
#    6 | steps:   122 | steps_t: 3380835 | t: 0.260802 | r:  -516.000000 | e:   0.100000 | Q:  89.404999 | won: False 
#    7 | steps:   158 | steps_t: 3380835 | t: 0.370141 | r:  -524.000000 | e:   0.100000 | Q:  89.817795 | won: False 
#    8 | steps:   188 | steps_t: 3380835 | t: 0.499285 | r:  -518.000000 | e:   0.100000 | Q:  96.471931 | won: False 
#    9 | steps:   205 | steps_t: 3380835 | t: 0.565170 | r:  -516.000000 | e:   0.100000 | Q:  89.404999 | won: False 
#   10 | steps:   235 | steps_t: 3380835 | t: 0.685634 | r:    82.000000 | e:   0.100000 | Q: 103.384560 | won: True 
