#    1 | steps:    20 | steps_t: 2735611 | t: 0.031272 | r:    92.000000 | e:   0.100000 | Q:  99.659950 | won: True 
#    2 | steps:    46 | steps_t: 2735611 | t: 0.062535 | r:    86.000000 | e:   0.100000 | Q: 100.725166 | won: True 
#    3 | steps:    63 | steps_t: 2735611 | t: 0.078119 | r:    95.000000 | e:   0.100000 | Q: 102.149544 | won: True 
#    4 | steps:    80 | steps_t: 2735611 | t: 0.109385 | r:    95.000000 | e:   0.100000 | Q: 101.350464 | won: True 
#    5 | steps:   111 | steps_t: 2735611 | t: 0.140717 | r:    81.000000 | e:   0.100000 | Q:  99.760963 | won: True 
#    6 | steps:   132 | steps_t: 2735611 | t: 0.172007 | r:    91.000000 | e:   0.100000 | Q:  99.928719 | won: True 
#    7 | steps:   152 | steps_t: 2735611 | t: 0.187606 | r:    92.000000 | e:   0.100000 | Q:  98.254601 | won: True 
#    8 | steps:   169 | steps_t: 2735611 | t: 0.218855 | r:    95.000000 | e:   0.100000 | Q: 101.350464 | won: True 
#    9 | steps:   186 | steps_t: 2735611 | t: 0.234505 | r:    95.000000 | e:   0.100000 | Q: 101.350464 | won: True 
#   10 | steps:   206 | steps_t: 2735611 | t: 0.265717 | r:    92.000000 | e:   0.100000 | Q:  98.254601 | won: True 
#    1 | steps:    16 | steps_t: 3270774 | t: 0.031279 | r:  -515.000000 | e:   0.100000 | Q:  50.762112 | won: False 
#    2 | steps:    33 | steps_t: 3270774 | t: 0.046870 | r:    95.000000 | e:   0.100000 | Q: 101.309280 | won: True 
#    3 | steps:    51 | steps_t: 3270774 | t: 0.077700 | r:    94.000000 | e:   0.100000 | Q:  99.949371 | won: True 
#    4 | steps:    63 | steps_t: 3270774 | t: 0.093322 | r:  -500.000000 | e:   0.100000 | Q:  71.862808 | won: False 
#    5 | steps:    80 | steps_t: 3270774 | t: 0.108928 | r:  -505.000000 | e:   0.100000 | Q:  89.916992 | won: False 
#    6 | steps:   110 | steps_t: 3270774 | t: 0.155801 | r:    82.000000 | e:   0.100000 | Q: 101.656296 | won: True 
#    7 | steps:   127 | steps_t: 3270774 | t: 0.171421 | r:    95.000000 | e:   0.100000 | Q: 101.309280 | won: True 
#    8 | steps:   145 | steps_t: 3270774 | t: 0.202720 | r:    94.000000 | e:   0.100000 | Q:  99.949371 | won: True 
#    9 | steps:   165 | steps_t: 3270774 | t: 0.218322 | r:    92.000000 | e:   0.100000 | Q:  99.964523 | won: True 
#   10 | steps:   182 | steps_t: 3270774 | t: 0.249539 | r:    95.000000 | e:   0.100000 | Q: 100.854179 | won: True 
