#    1 | steps:    18 | steps_t: 3270774 | t: 0.031208 | r:    94.000000 | e:   0.100000 | Q:  99.949371 | won: True 
#    2 | steps:    40 | steps_t: 3270774 | t: 0.062457 | r:    90.000000 | e:   0.100000 | Q: 101.595726 | won: True 
#    3 | steps:    68 | steps_t: 3270774 | t: 0.093746 | r:    84.000000 | e:   0.100000 | Q:  99.964523 | won: True 
#    4 | steps:    86 | steps_t: 3270774 | t: 0.109335 | r:    94.000000 | e:   0.100000 | Q:  99.949371 | won: True 
#    5 | steps:   108 | steps_t: 3270774 | t: 0.141000 | r:    90.000000 | e:   0.100000 | Q: 100.625839 | won: True 
#    6 | steps:   130 | steps_t: 3270774 | t: 0.172373 | r:    90.000000 | e:   0.100000 | Q: 101.656296 | won: True 
#    7 | steps:   156 | steps_t: 3270774 | t: 0.203539 | r:    86.000000 | e:   0.100000 | Q: 101.656296 | won: True 
#    8 | steps:   174 | steps_t: 3270774 | t: 0.234772 | r:    94.000000 | e:   0.100000 | Q: 102.359123 | won: True 
#    9 | steps:   198 | steps_t: 3270774 | t: 0.250437 | r:    88.000000 | e:   0.100000 | Q: 101.667725 | won: True 
#   10 | steps:   213 | steps_t: 3270774 | t: 0.266019 | r:  -503.000000 | e:   0.100000 | Q:  73.247620 | won: False 
#    1 | steps:    31 | steps_t: 3271349 | t: 0.031242 | r:    81.000000 | e:   0.100000 | Q: 104.667717 | won: True 
#    2 | steps:    49 | steps_t: 3271349 | t: 0.062644 | r:    94.000000 | e:   0.100000 | Q:  99.616348 | won: True 
#    3 | steps:    67 | steps_t: 3271349 | t: 0.093945 | r:    94.000000 | e:   0.100000 | Q: 100.206253 | won: True 
#    4 | steps:    96 | steps_t: 3271349 | t: 0.125190 | r:    83.000000 | e:   0.100000 | Q:  98.319016 | won: True 
#    5 | steps:   114 | steps_t: 3271349 | t: 0.140781 | r:    94.000000 | e:   0.100000 | Q:  99.616348 | won: True 
#    6 | steps:   132 | steps_t: 3271349 | t: 0.172029 | r:    94.000000 | e:   0.100000 | Q:  99.616348 | won: True 
#    7 | steps:   156 | steps_t: 3271349 | t: 0.187675 | r:  -512.000000 | e:   0.100000 | Q:  83.452217 | won: False 
#    8 | steps:   175 | steps_t: 3271349 | t: 0.218949 | r:    93.000000 | e:   0.100000 | Q:  99.326218 | won: True 
#    9 | steps:   192 | steps_t: 3271349 | t: 0.234531 | r:    95.000000 | e:   0.100000 | Q: 100.647797 | won: True 
#   10 | steps:   213 | steps_t: 3271349 | t: 0.265784 | r:    91.000000 | e:   0.100000 | Q: 100.123428 | won: True 
#    1 | steps:     7 | steps_t: 3271349 | t: 0.031259 | r:  -484.000000 | e:   0.100000 | Q: 144.574600 | won: False 
#    2 | steps:    14 | steps_t: 3271349 | t: 0.031259 | r:  -484.000000 | e:   0.100000 | Q: 144.574600 | won: False 
#    3 | steps:    25 | steps_t: 3271349 | t: 0.046927 | r:  -466.000000 | e:   0.100000 | Q: 116.659660 | won: False 
#    4 | steps:    32 | steps_t: 3271349 | t: 0.046927 | r:  -484.000000 | e:   0.100000 | Q: 144.574600 | won: False 
#    5 | steps:    39 | steps_t: 3271349 | t: 0.062566 | r:  -484.000000 | e:   0.100000 | Q: 144.574600 | won: False 
#    6 | steps:    46 | steps_t: 3271349 | t: 0.078174 | r:  -484.000000 | e:   0.100000 | Q: 144.574600 | won: False 
#    7 | steps:    53 | steps_t: 3271349 | t: 0.078174 | r:  -495.000000 | e:   0.100000 | Q: 128.869629 | won: False 
#    8 | steps:    67 | steps_t: 3271349 | t: 0.109392 | r:  -447.000000 | e:   0.100000 | Q: 186.882614 | won: False 
#    9 | steps:    79 | steps_t: 3271349 | t: 0.125050 | r:  -434.000000 | e:   0.100000 | Q: 144.574600 | won: False 
#   10 | steps:    86 | steps_t: 3271349 | t: 0.140700 | r:  -484.000000 | e:   0.100000 | Q: 144.574600 | won: False 
