#    1 | steps:    17 | steps_t: 3271349 | t: 0.045902 | r:    95.000000 | e:   0.100000 | Q: 100.647797 | won: True 
#    2 | steps:    36 | steps_t: 3271349 | t: 0.063678 | r:    93.000000 | e:   0.100000 | Q: 100.897446 | won: True 
#    3 | steps:    53 | steps_t: 3271349 | t: 0.079301 | r:    95.000000 | e:   0.100000 | Q: 100.647797 | won: True 
#    4 | steps:    70 | steps_t: 3271349 | t: 0.094889 | r:    95.000000 | e:   0.100000 | Q:  99.937119 | won: True 
#    5 | steps:    94 | steps_t: 3271349 | t: 0.126154 | r:    88.000000 | e:   0.100000 | Q: 100.136078 | won: True 
#    6 | steps:   112 | steps_t: 3271349 | t: 0.157258 | r:    94.000000 | e:   0.100000 | Q:  99.616348 | won: True 
#    7 | steps:   132 | steps_t: 3271349 | t: 0.172946 | r:    92.000000 | e:   0.100000 | Q:  99.879898 | won: True 
#    8 | steps:   149 | steps_t: 3271349 | t: 0.204176 | r:    95.000000 | e:   0.100000 | Q: 100.647797 | won: True 
#    9 | steps:   181 | steps_t: 3271349 | t: 0.235447 | r:    80.000000 | e:   0.100000 | Q: 100.136078 | won: True 
#   10 | steps:   198 | steps_t: 3271349 | t: 0.266700 | r:    95.000000 | e:   0.100000 | Q: 100.647797 | won: True 
#    1 | steps:    23 | steps_t: 3271349 | t: 0.031208 | r:  -368.000000 | e:   0.100000 | Q: 214.276337 | won: False 
#    2 | steps:    30 | steps_t: 3271349 | t: 0.040044 | r:  -495.000000 | e:   0.100000 | Q:  91.886856 | won: False 
#    3 | steps:    37 | steps_t: 3271349 | t: 0.047062 | r:  -484.000000 | e:   0.100000 | Q: 144.574600 | won: False 
#    4 | steps:    44 | steps_t: 3271349 | t: 0.047062 | r:  -484.000000 | e:   0.100000 | Q: 144.574600 | won: False 
#    5 | steps:    51 | steps_t: 3271349 | t: 0.062710 | r:  -495.000000 | e:   0.100000 | Q: 128.869629 | won: False 
#    6 | steps:    58 | steps_t: 3271349 | t: 0.062710 | r:  -484.000000 | e:   0.100000 | Q: 144.574600 | won: False 
#    7 | steps:    65 | steps_t: 3271349 | t: 0.078367 | r:  -484.000000 | e:   0.100000 | Q: 144.574600 | won: False 
#    8 | steps:    72 | steps_t: 3271349 | t: 0.093949 | r:  -484.000000 | e:   0.100000 | Q: 144.574600 | won: False 
#    9 | steps:    79 | steps_t: 3271349 | t: 0.093949 | r:  -484.000000 | e:   0.100000 | Q: 128.869629 | won: False 
#   10 | steps:    86 | steps_t: 3271349 | t: 0.109616 | r:  -484.000000 | e:   0.100000 | Q: 144.574600 | won: False 
