#    1 | steps:    20 | steps_t: 2735611 | t: 0.046830 | r:    92.000000 | e:   0.100000 | Q: 101.610611 | won: True 
#    2 | steps:    37 | steps_t: 2735611 | t: 0.078295 | r:    95.000000 | e:   0.100000 | Q: 101.230827 | won: True 
#    3 | steps:    66 | steps_t: 2735611 | t: 0.126558 | r:    83.000000 | e:   0.100000 | Q: 101.230827 | won: True 
#    4 | steps:    81 | steps_t: 2735611 | t: 0.146293 | r:  -503.000000 | e:   0.100000 | Q:  76.950836 | won: False 
#    5 | steps:    96 | steps_t: 2735611 | t: 0.177593 | r:  -503.000000 | e:   0.100000 | Q:  83.010231 | won: False 
#    6 | steps:   122 | steps_t: 2735611 | t: 0.257570 | r:    86.000000 | e:   0.100000 | Q: 101.623817 | won: True 
#    7 | steps:   144 | steps_t: 2735611 | t: 0.315062 | r:    90.000000 | e:   0.100000 | Q:  98.804779 | won: True 
#    8 | steps:   164 | steps_t: 2735611 | t: 0.370208 | r:    92.000000 | e:   0.100000 | Q:  98.254601 | won: True 
#    9 | steps:   182 | steps_t: 2735611 | t: 0.441646 | r:    94.000000 | e:   0.100000 | Q: 101.288605 | won: True 
#   10 | steps:   199 | steps_t: 2735611 | t: 0.495287 | r:    95.000000 | e:   0.100000 | Q: 101.350464 | won: True 
#    1 | steps:    17 | steps_t: 3270774 | t: 0.046909 | r:    95.000000 | e:   0.100000 | Q: 100.854179 | won: True 
#    2 | steps:    35 | steps_t: 3270774 | t: 0.078458 | r:    94.000000 | e:   0.100000 | Q: 102.359123 | won: True 
#    3 | steps:    54 | steps_t: 3270774 | t: 0.140922 | r:  -496.000000 | e:   0.100000 | Q:  53.775810 | won: False 
#    4 | steps:    72 | steps_t: 3270774 | t: 0.203433 | r:    94.000000 | e:   0.100000 | Q:  99.949371 | won: True 
#    5 | steps:    87 | steps_t: 3270774 | t: 0.250554 | r:  -503.000000 | e:   0.100000 | Q:  80.711975 | won: False 
#    6 | steps:   117 | steps_t: 3270774 | t: 0.339428 | r:    82.000000 | e:   0.100000 | Q: 101.656296 | won: True 
#    7 | steps:   137 | steps_t: 3270774 | t: 0.404648 | r:  -508.000000 | e:   0.100000 | Q:  55.098938 | won: False 
#    8 | steps:   154 | steps_t: 3270774 | t: 0.462289 | r:    95.000000 | e:   0.100000 | Q: 101.309280 | won: True 
#    9 | steps:   184 | steps_t: 3270774 | t: 0.561145 | r:    82.000000 | e:   0.100000 | Q: 100.552032 | won: True 
#   10 | steps:   202 | steps_t: 3270774 | t: 0.625982 | r:    94.000000 | e:   0.100000 | Q:  99.949371 | won: True 
