#    1 | steps:    17 | steps_t: 3270774 | t: 0.031289 | r:    95.000000 | e:   0.100000 | Q: 100.854179 | won: True 
#    2 | steps:    34 | steps_t: 3270774 | t: 0.046875 | r:    95.000000 | e:   0.100000 | Q: 100.147888 | won: True 
#    3 | steps:    57 | steps_t: 3270774 | t: 0.078127 | r:    89.000000 | e:   0.100000 | Q: 101.162773 | won: True 
#    4 | steps:    75 | steps_t: 3270774 | t: 0.109375 | r:    94.000000 | e:   0.100000 | Q:  99.949371 | won: True 
#    5 | steps:    92 | steps_t: 3270774 | t: 0.140626 | r:    95.000000 | e:   0.100000 | Q: 100.147888 | won: True 
#    6 | steps:   107 | steps_t: 3270774 | t: 0.156635 | r:    97.000000 | e:   0.100000 | Q: 100.642761 | won: True 
#    7 | steps:   124 | steps_t: 3270774 | t: 0.187903 | r:    95.000000 | e:   0.100000 | Q: 100.854179 | won: True 
#    8 | steps:   139 | steps_t: 3270774 | t: 0.203572 | r:    97.000000 | e:   0.100000 | Q: 100.642761 | won: True 
#    9 | steps:   155 | steps_t: 3270774 | t: 0.219148 | r:    96.000000 | e:   0.100000 | Q: 100.943588 | won: True 
#   10 | steps:   181 | steps_t: 3270774 | t: 0.257547 | r:    86.000000 | e:   0.100000 | Q: 101.656296 | won: True 
#    1 | steps:     5 | steps_t: 3271349 | t: 0.015653 | r:  -460.000000 | e:   0.100000 | Q: 122.987297 | won: False 
#    2 | steps:    12 | steps_t: 3271349 | t: 0.015653 | r:  -484.000000 | e:   0.100000 | Q: 144.574600 | won: False 
#    3 | steps:    19 | steps_t: 3271349 | t: 0.031227 | r:  -495.000000 | e:   0.100000 | Q: 128.869629 | won: False 
#    4 | steps:    26 | steps_t: 3271349 | t: 0.031227 | r:  -484.000000 | e:   0.100000 | Q: 144.574600 | won: False 
#    5 | steps:    33 | steps_t: 3271349 | t: 0.046852 | r:  -484.000000 | e:   0.100000 | Q: 144.574600 | won: False 
#    6 | steps:    40 | steps_t: 3271349 | t: 0.062480 | r:  -484.000000 | e:   0.100000 | Q: 144.574600 | won: False 
#    7 | steps:    47 | steps_t: 3271349 | t: 0.062480 | r:  -484.000000 | e:   0.100000 | Q: 144.574600 | won: False 
#    8 | steps:    54 | steps_t: 3271349 | t: 0.078146 | r:  -484.000000 | e:   0.100000 | Q: 144.574600 | won: False 
#    9 | steps:    61 | steps_t: 3271349 | t: 0.078146 | r:  -484.000000 | e:   0.100000 | Q: 144.574600 | won: False 
#   10 | steps:    68 | steps_t: 3271349 | t: 0.093730 | r:  -495.000000 | e:   0.100000 | Q:  92.063553 | won: False 
