#    1 | steps:    17 | steps_t: 3270774 | t: 0.035051 | r:    95.000000 | e:   0.100000 | Q: 100.147888 | won: True 
#    2 | steps:    34 | steps_t: 3270774 | t: 0.068030 | r:  -516.000000 | e:   0.100000 | Q:  55.098938 | won: False 
#    3 | steps:    52 | steps_t: 3270774 | t: 0.098016 | r:    94.000000 | e:   0.100000 | Q:  99.949371 | won: True 
#    4 | steps:    69 | steps_t: 3270774 | t: 0.134007 | r:  -505.000000 | e:   0.100000 | Q:  90.346596 | won: False 
#    5 | steps:    93 | steps_t: 3270774 | t: 0.197041 | r:    88.000000 | e:   0.100000 | Q: 100.516335 | won: True 
#    6 | steps:   111 | steps_t: 3270774 | t: 0.240002 | r:    94.000000 | e:   0.100000 | Q: 102.359123 | won: True 
#    7 | steps:   128 | steps_t: 3270774 | t: 0.268005 | r:    95.000000 | e:   0.100000 | Q: 100.854179 | won: True 
#    8 | steps:   146 | steps_t: 3270774 | t: 0.302004 | r:    94.000000 | e:   0.100000 | Q:  99.949371 | won: True 
#    9 | steps:   170 | steps_t: 3270774 | t: 0.340050 | r:    88.000000 | e:   0.100000 | Q: 100.516335 | won: True 
#   10 | steps:   186 | steps_t: 3270774 | t: 0.364001 | r:  -504.000000 | e:   0.100000 | Q:  84.266075 | won: False 
#    1 | steps:    17 | steps_t: 3270774 | t: 0.035001 | r:    95.000000 | e:   0.100000 | Q:  95.238617 | won: True 
#    2 | steps:    32 | steps_t: 3270774 | t: 0.055017 | r:  -503.000000 | e:   0.100000 | Q:  73.247620 | won: False 
#    3 | steps:    50 | steps_t: 3270774 | t: 0.086015 | r:    94.000000 | e:   0.100000 | Q:  99.949371 | won: True 
#    4 | steps:    70 | steps_t: 3270774 | t: 0.118015 | r:  -508.000000 | e:   0.100000 | Q:  58.903522 | won: False 
#    5 | steps:    87 | steps_t: 3270774 | t: 0.151055 | r:    95.000000 | e:   0.100000 | Q: 100.854179 | won: True 
#    6 | steps:   106 | steps_t: 3270774 | t: 0.186023 | r:    93.000000 | e:   0.100000 | Q: 100.794815 | won: True 
#    7 | steps:   124 | steps_t: 3270774 | t: 0.216016 | r:    94.000000 | e:   0.100000 | Q:  99.949371 | won: True 
#    8 | steps:   141 | steps_t: 3270774 | t: 0.259019 | r:    95.000000 | e:   0.100000 | Q: 100.147888 | won: True 
#    9 | steps:   159 | steps_t: 3270774 | t: 0.292021 | r:    94.000000 | e:   0.100000 | Q:  99.949371 | won: True 
#   10 | steps:   177 | steps_t: 3270774 | t: 0.325015 | r:    94.000000 | e:   0.100000 | Q:  99.949371 | won: True 
