#    1 | steps:    72 | steps_t:     0 | t: 0.066017 | r:  -461.000000 | e:   1.000000 | Q:        nan | won: False 
#    2 | steps:    87 | steps_t:     0 | t: 0.080020 | r:  -481.000000 | e:   1.000000 | Q:        nan | won: False 
#    3 | steps:   132 | steps_t:     0 | t: 0.114029 | r:  -500.000000 | e:   1.000000 | Q:        nan | won: False 
#    4 | steps:   143 | steps_t:     0 | t: 0.122031 | r:  -477.000000 | e:   1.000000 | Q:        nan | won: False 
#    5 | steps:   163 | steps_t:     0 | t: 0.138035 | r:  -508.000000 | e:   1.000000 | Q:        nan | won: False 
#    6 | steps:   185 | steps_t:     0 | t: 0.154039 | r:  -488.000000 | e:   1.000000 | Q:        nan | won: False 
#    7 | steps:   224 | steps_t:     0 | t: 0.184046 | r:  -483.000000 | e:   1.000000 | Q:        nan | won: False 
#    8 | steps:   285 | steps_t:     0 | t: 0.230258 | r:  -483.000000 | e:   1.000000 | Q:        nan | won: False 
#    9 | steps:   360 | steps_t:     0 | t: 0.290273 | r:  -530.000000 | e:   1.000000 | Q:        nan | won: False 
#   10 | steps:   373 | steps_t:     0 | t: 0.301693 | r:  -490.000000 | e:   1.000000 | Q:        nan | won: False 
#   11 | steps:   395 | steps_t:     0 | t: 0.317763 | r:  -477.000000 | e:   1.000000 | Q:        nan | won: False 
#   12 | steps:   413 | steps_t:     0 | t: 0.331766 | r:  -495.000000 | e:   1.000000 | Q:        nan | won: False 
#   13 | steps:   452 | steps_t:     0 | t: 0.363775 | r:  -505.000000 | e:   1.000000 | Q:        nan | won: False 
#   14 | steps:   469 | steps_t:     0 | t: 0.375777 | r:  -461.000000 | e:   1.000000 | Q:        nan | won: False 
#   15 | steps:   488 | steps_t:     0 | t: 0.389780 | r:  -441.000000 | e:   1.000000 | Q:        nan | won: False 
#   16 | steps:   539 | steps_t:     0 | t: 0.429791 | r:  -418.000000 | e:   1.000000 | Q:        nan | won: False 
#   17 | steps:   617 | steps_t:     0 | t: 0.492727 | r:  -511.000000 | e:   1.000000 | Q:        nan | won: False 
#   18 | steps:   632 | steps_t:     0 | t: 0.502728 | r:  -492.000000 | e:   1.000000 | Q:        nan | won: False 
#   19 | steps:   745 | steps_t:     0 | t: 0.645751 | r:  -414.000000 | e:   1.000000 | Q:        nan | won: False 
#   20 | steps:   756 | steps_t:     0 | t: 0.653753 | r:  -488.000000 | e:   1.000000 | Q:        nan | won: False 
#   21 | steps:   795 | steps_t:     0 | t: 0.683760 | r:  -494.000000 | e:   1.000000 | Q:        nan | won: False 
#   22 | steps:   821 | steps_t:     0 | t: 0.703765 | r:  -481.000000 | e:   1.000000 | Q:        nan | won: False 
#   23 | steps:   834 | steps_t:     0 | t: 0.713768 | r:  -490.000000 | e:   1.000000 | Q:        nan | won: False 
#   24 | steps:   860 | steps_t:     0 | t: 0.733773 | r:  -415.000000 | e:   1.000000 | Q:        nan | won: False 
#   25 | steps:   875 | steps_t:     0 | t: 0.745776 | r:  -481.000000 | e:   1.000000 | Q:        nan | won: False 
#   26 | steps:   889 | steps_t:     0 | t: 0.757779 | r:  -491.000000 | e:   1.000000 | Q:        nan | won: False 
#   27 | steps:   906 | steps_t:     0 | t: 0.771782 | r:  -450.000000 | e:   1.000000 | Q:        nan | won: False 
#   28 | steps:   934 | steps_t:     0 | t: 0.793788 | r:  -417.000000 | e:   1.000000 | Q:        nan | won: False 
#   29 | steps:   950 | steps_t:     0 | t: 0.806151 | r:  -438.000000 | e:   1.000000 | Q:        nan | won: False 
#   30 | steps:   973 | steps_t:     0 | t: 0.823755 | r:  -500.000000 | e:   1.000000 | Q:        nan | won: False 
#   31 | steps:  1133 | steps_t:     0 | t: 0.948400 | r:  -483.000000 | e:   1.000000 | Q:        nan | won: False 
#   32 | steps:  1243 | steps_t:     0 | t: 1.034201 | r:  -356.000000 | e:   1.000000 | Q:        nan | won: False 
#   33 | steps:  1274 | steps_t:     0 | t: 1.058206 | r:  -475.000000 | e:   1.000000 | Q:        nan | won: False 
#   34 | steps:  1299 | steps_t:     0 | t: 1.078211 | r:  -469.000000 | e:   1.000000 | Q:        nan | won: False 
#   35 | steps:  1316 | steps_t:     0 | t: 1.092214 | r:  -472.000000 | e:   1.000000 | Q:        nan | won: False 
#   36 | steps:  1340 | steps_t:     0 | t: 1.112220 | r:  -457.000000 | e:   1.000000 | Q:        nan | won: False 
#   37 | steps:  1361 | steps_t:     0 | t: 1.128224 | r:  -498.000000 | e:   1.000000 | Q:        nan | won: False 
#   38 | steps:  1395 | steps_t:     0 | t: 1.154230 | r:  -390.000000 | e:   1.000000 | Q:        nan | won: False 
#   39 | steps:  1435 | steps_t:     0 | t: 1.186238 | r:  -451.000000 | e:   1.000000 | Q:        nan | won: False 
#   40 | steps:  1532 | steps_t:     0 | t: 1.264258 | r:  -398.000000 | e:   1.000000 | Q:        nan | won: False 
#   41 | steps:  1570 | steps_t:     0 | t: 1.294266 | r:  -482.000000 | e:   1.000000 | Q:        nan | won: False 
#   42 | steps:  1595 | steps_t:     0 | t: 1.314270 | r:  -469.000000 | e:   1.000000 | Q:        nan | won: False 
#   43 | steps:  1605 | steps_t:     0 | t: 1.322272 | r:  -476.000000 | e:   1.000000 | Q:        nan | won: False 
#   44 | steps:  1783 | steps_t:     0 | t: 1.461204 | r:  -358.000000 | e:   1.000000 | Q:        nan | won: False 
#   45 | steps:  1826 | steps_t:     0 | t: 1.495212 | r:  -465.000000 | e:   1.000000 | Q:        nan | won: False 
#   46 | steps:  1889 | steps_t:     0 | t: 1.545224 | r:  -485.000000 | e:   1.000000 | Q:        nan | won: False 
#   47 | steps:  1919 | steps_t:     0 | t: 1.569231 | r:  -441.000000 | e:   1.000000 | Q:        nan | won: False 
#   48 | steps:  1977 | steps_t:     0 | t: 1.613241 | r:  -502.000000 | e:   1.000000 | Q:        nan | won: False 
#   49 | steps:  2051 | steps_t:     0 | t: 1.675256 | r:  -518.000000 | e:   1.000000 | Q:        nan | won: False 
#   50 | steps:  2145 | steps_t:     0 | t: 1.750207 | r:  -428.000000 | e:   1.000000 | Q:        nan | won: False 
#   51 | steps:  2181 | steps_t:     0 | t: 1.778214 | r:  -480.000000 | e:   1.000000 | Q:        nan | won: False 
#   52 | steps:  2206 | steps_t:     0 | t: 1.798219 | r:  -469.000000 | e:   1.000000 | Q:        nan | won: False 
#   53 | steps:  2248 | steps_t:     0 | t: 1.830227 | r:  -486.000000 | e:   1.000000 | Q:        nan | won: False 
#   54 | steps:  2298 | steps_t:     0 | t: 1.868237 | r:  -505.000000 | e:   1.000000 | Q:        nan | won: False 
#   55 | steps:  2359 | steps_t:     0 | t: 1.918249 | r:  -461.000000 | e:   1.000000 | Q:        nan | won: False 
#   56 | steps:  2376 | steps_t:     0 | t: 1.932253 | r:  -494.000000 | e:   1.000000 | Q:        nan | won: False 
#   57 | steps:  2433 | steps_t:     0 | t: 1.976264 | r:  -490.000000 | e:   1.000000 | Q:        nan | won: False 
#   58 | steps:  2449 | steps_t:     0 | t: 1.990267 | r:  -460.000000 | e:   1.000000 | Q:        nan | won: False 
#   59 | steps:  2491 | steps_t:     0 | t: 2.093168 | r:  -420.000000 | e:   1.000000 | Q:        nan | won: False 
#   60 | steps:  2508 | steps_t:     0 | t: 2.107172 | r:  -483.000000 | e:   1.000000 | Q:        nan | won: False 
#   61 | steps:  2554 | steps_t:     0 | t: 2.141180 | r:  -391.000000 | e:   1.000000 | Q:        nan | won: False 
#   62 | steps:  2621 | steps_t:     0 | t: 2.195193 | r:  -489.000000 | e:   1.000000 | Q:        nan | won: False 
#   63 | steps:  2646 | steps_t:     0 | t: 2.213198 | r:  -491.000000 | e:   1.000000 | Q:        nan | won: False 
#   64 | steps:  2655 | steps_t:     0 | t: 2.219199 | r:  -442.000000 | e:   1.000000 | Q:        nan | won: False 
#   65 | steps:  2671 | steps_t:     0 | t: 2.231202 | r:  -493.000000 | e:   1.000000 | Q:        nan | won: False 
#   66 | steps:  2701 | steps_t:     0 | t: 2.257209 | r:  -430.000000 | e:   1.000000 | Q:        nan | won: False 
#   67 | steps:  2725 | steps_t:     0 | t: 2.275213 | r:  -457.000000 | e:   1.000000 | Q:        nan | won: False 
#   68 | steps:  2774 | steps_t:     0 | t: 2.313222 | r:  -460.000000 | e:   1.000000 | Q:        nan | won: False 
#   69 | steps:  2805 | steps_t:     0 | t: 2.343230 | r:  -475.000000 | e:   1.000000 | Q:        nan | won: False 
#   70 | steps:  2845 | steps_t:     0 | t: 2.375238 | r:  -440.000000 | e:   1.000000 | Q:        nan | won: False 
#   71 | steps:  2866 | steps_t:     0 | t: 2.391242 | r:  -399.000000 | e:   1.000000 | Q:        nan | won: False 
#   72 | steps:  2882 | steps_t:     0 | t: 2.403245 | r:  -460.000000 | e:   1.000000 | Q:        nan | won: False 
#   73 | steps:  2897 | steps_t:     0 | t: 2.415248 | r:  -492.000000 | e:   1.000000 | Q:        nan | won: False 
#   74 | steps:  2917 | steps_t:     0 | t: 2.431252 | r:  -431.000000 | e:   1.000000 | Q:        nan | won: False 
#   75 | steps:  2973 | steps_t:     0 | t: 2.475263 | r:  -456.000000 | e:   1.000000 | Q:        nan | won: False 
#   76 | steps:  2985 | steps_t:     0 | t: 2.485265 | r:  -500.000000 | e:   1.000000 | Q:        nan | won: False 
#   77 | steps:  3002 | steps_t:     0 | t: 2.497269 | r:  -472.000000 | e:   1.000000 | Q:        nan | won: False 
#   78 | steps:  3101 | steps_t:     0 | t: 2.575099 | r:  -389.000000 | e:   1.000000 | Q:        nan | won: False 
#   79 | steps:  3123 | steps_t:     0 | t: 2.593615 | r:  -477.000000 | e:   1.000000 | Q:        nan | won: False 
#   80 | steps:  3165 | steps_t:     0 | t: 2.627622 | r:  -420.000000 | e:   1.000000 | Q:        nan | won: False 
#   81 | steps:  3196 | steps_t:     0 | t: 2.652771 | r:  -497.000000 | e:   1.000000 | Q:        nan | won: False 
#   82 | steps:  3214 | steps_t:     0 | t: 2.665314 | r:  -484.000000 | e:   1.000000 | Q:        nan | won: False 
#   83 | steps:  3258 | steps_t:     0 | t: 2.699321 | r:  -488.000000 | e:   1.000000 | Q:        nan | won: False 
#   84 | steps:  3277 | steps_t:     0 | t: 2.715325 | r:  -474.000000 | e:   1.000000 | Q:        nan | won: False 
#   85 | steps:  3292 | steps_t:     0 | t: 2.727328 | r:  -481.000000 | e:   1.000000 | Q:        nan | won: False 
#   86 | steps:  3452 | steps_t:     0 | t: 2.854325 | r:  -461.000000 | e:   1.000000 | Q:        nan | won: False 
#   87 | steps:  3493 | steps_t:     0 | t: 2.886333 | r:  -452.000000 | e:   1.000000 | Q:        nan | won: False 
#   88 | steps:  3559 | steps_t:     0 | t: 2.938346 | r:  -345.000000 | e:   1.000000 | Q:        nan | won: False 
#   89 | steps:  3573 | steps_t:     0 | t: 2.948348 | r:  -502.000000 | e:   1.000000 | Q:        nan | won: False 
#   90 | steps:  3591 | steps_t:     0 | t: 2.964352 | r:  -451.000000 | e:   1.000000 | Q:        nan | won: False 
#   91 | steps:  3616 | steps_t:     0 | t: 2.986358 | r:  -458.000000 | e:   1.000000 | Q:        nan | won: False 
#   92 | steps:  3648 | steps_t:     0 | t: 3.012365 | r:  -509.000000 | e:   1.000000 | Q:        nan | won: False 
#   93 | steps:  3737 | steps_t:     0 | t: 3.081353 | r:  -423.000000 | e:   1.000000 | Q:        nan | won: False 
#   94 | steps:  3783 | steps_t:     0 | t: 3.119363 | r:  -435.000000 | e:   1.000000 | Q:        nan | won: False 
#   95 | steps:  3812 | steps_t:     0 | t: 3.141368 | r:  -440.000000 | e:   1.000000 | Q:        nan | won: False 
#   96 | steps:  3855 | steps_t:     0 | t: 3.175377 | r:  -410.000000 | e:   1.000000 | Q:        nan | won: False 
#   97 | steps:  3966 | steps_t:     0 | t: 3.260360 | r:  -361.000000 | e:   1.000000 | Q:        nan | won: False 
#   98 | steps:  3992 | steps_t:     0 | t: 3.280365 | r:  -470.000000 | e:   1.000000 | Q:        nan | won: False 
#   99 | steps:  4025 | steps_t:     0 | t: 3.308372 | r:  -466.000000 | e:   1.000000 | Q:        nan | won: False 
#  100 | steps:  4078 | steps_t:     0 | t: 3.350383 | r:  -365.000000 | e:   1.000000 | Q:        nan | won: False 
#  101 | steps:  4100 | steps_t:     0 | t: 6.940727 | r:  -444.000000 | e:   1.000000 | Q:        nan | won: False 
