#    1 | steps:    17 | steps_t: 3270774 | t: 0.033039 | r:    95.000000 | e:   0.100000 | Q: 101.309280 | won: True 
#    2 | steps:    43 | steps_t: 3270774 | t: 0.062092 | r:    86.000000 | e:   0.100000 | Q:  99.574608 | won: True 
#    3 | steps:    73 | steps_t: 3270774 | t: 0.098262 | r:    82.000000 | e:   0.100000 | Q: 101.656296 | won: True 
#    4 | steps:    91 | steps_t: 3270774 | t: 0.116121 | r:    94.000000 | e:   0.100000 | Q:  99.949371 | won: True 
#    5 | steps:   113 | steps_t: 3270774 | t: 0.131744 | r:    90.000000 | e:   0.100000 | Q: 101.595726 | won: True 
#    6 | steps:   128 | steps_t: 3270774 | t: 0.163220 | r:    97.000000 | e:   0.100000 | Q: 100.642761 | won: True 
#    7 | steps:   145 | steps_t: 3270774 | t: 0.178885 | r:    95.000000 | e:   0.100000 | Q: 100.854179 | won: True 
#    8 | steps:   163 | steps_t: 3270774 | t: 0.210162 | r:    94.000000 | e:   0.100000 | Q: 102.359123 | won: True 
#    9 | steps:   181 | steps_t: 3270774 | t: 0.225743 | r:    94.000000 | e:   0.100000 | Q:  94.988716 | won: True 
#   10 | steps:   199 | steps_t: 3270774 | t: 0.257021 | r:    94.000000 | e:   0.100000 | Q: 102.359123 | won: True 
#    1 | steps:     7 | steps_t: 3271349 | t: 0.015654 | r:  -484.000000 | e:   0.100000 | Q: 144.574600 | won: False 
#    2 | steps:    14 | steps_t: 3271349 | t: 0.031251 | r:  -484.000000 | e:   0.100000 | Q: 144.574600 | won: False 
#    3 | steps:    21 | steps_t: 3271349 | t: 0.031251 | r:  -484.000000 | e:   0.100000 | Q: 144.574600 | won: False 
#    4 | steps:    28 | steps_t: 3271349 | t: 0.046918 | r:  -484.000000 | e:   0.100000 | Q: 144.574600 | won: False 
#    5 | steps:    35 | steps_t: 3271349 | t: 0.062500 | r:  -484.000000 | e:   0.100000 | Q: 144.574600 | won: False 
#    6 | steps:    52 | steps_t: 3271349 | t: 0.078127 | r:  -406.000000 | e:   0.100000 | Q: 144.574600 | won: False 
#    7 | steps:    59 | steps_t: 3271349 | t: 0.093750 | r:  -484.000000 | e:   0.100000 | Q: 144.574600 | won: False 
#    8 | steps:    66 | steps_t: 3271349 | t: 0.109375 | r:  -484.000000 | e:   0.100000 | Q: 144.574600 | won: False 
#    9 | steps:    77 | steps_t: 3271349 | t: 0.125001 | r:  -499.000000 | e:   0.100000 | Q: 237.227280 | won: False 
#   10 | steps:    84 | steps_t: 3271349 | t: 0.125001 | r:  -484.000000 | e:   0.100000 | Q: 144.574600 | won: False 
