#    1 | steps:    30 | steps_t: 2735611 | t: 0.046928 | r:    82.000000 | e:   0.100000 | Q:  98.804779 | won: True 
#    2 | steps:    45 | steps_t: 2735611 | t: 0.046928 | r:  -503.000000 | e:   0.100000 | Q:  77.313820 | won: False 
#    3 | steps:    62 | steps_t: 2735611 | t: 0.078123 | r:    95.000000 | e:   0.100000 | Q: 101.230827 | won: True 
#    4 | steps:    77 | steps_t: 2735611 | t: 0.093753 | r:  -503.000000 | e:   0.100000 | Q:  71.056778 | won: False 
#    5 | steps:    95 | steps_t: 2735611 | t: 0.125287 | r:    94.000000 | e:   0.100000 | Q: 100.611267 | won: True 
#    6 | steps:   111 | steps_t: 2735611 | t: 0.140921 | r:  -504.000000 | e:   0.100000 | Q:  84.548409 | won: False 
#    7 | steps:   128 | steps_t: 2735611 | t: 0.156606 | r:    95.000000 | e:   0.100000 | Q: 102.149544 | won: True 
#    8 | steps:   157 | steps_t: 2735611 | t: 0.203423 | r:    83.000000 | e:   0.100000 | Q: 102.335548 | won: True 
#    9 | steps:   175 | steps_t: 2735611 | t: 0.219081 | r:    94.000000 | e:   0.100000 | Q: 101.288605 | won: True 
#   10 | steps:   199 | steps_t: 2735611 | t: 0.234685 | r:  -512.000000 | e:   0.100000 | Q:  64.551674 | won: False 
#    1 | steps:    18 | steps_t: 2735611 | t: 0.031209 | r:    94.000000 | e:   0.100000 | Q: 100.960747 | won: True 
#    2 | steps:    39 | steps_t: 2735611 | t: 0.062944 | r:    91.000000 | e:   0.100000 | Q: 102.335548 | won: True 
#    3 | steps:    56 | steps_t: 2735611 | t: 0.094204 | r:    95.000000 | e:   0.100000 | Q: 101.230827 | won: True 
#    4 | steps:    73 | steps_t: 2735611 | t: 0.109838 | r:    95.000000 | e:   0.100000 | Q: 101.230827 | won: True 
#    5 | steps:    90 | steps_t: 2735611 | t: 0.125466 | r:    95.000000 | e:   0.100000 | Q: 101.230827 | won: True 
#    6 | steps:   107 | steps_t: 2735611 | t: 0.156714 | r:    95.000000 | e:   0.100000 | Q: 101.230827 | won: True 
#    7 | steps:   125 | steps_t: 2735611 | t: 0.172340 | r:    94.000000 | e:   0.100000 | Q: 100.960747 | won: True 
#    8 | steps:   145 | steps_t: 2735611 | t: 0.203578 | r:    92.000000 | e:   0.100000 | Q:  98.254601 | won: True 
#    9 | steps:   162 | steps_t: 2735611 | t: 0.219257 | r:  -516.000000 | e:   0.100000 | Q:  64.309929 | won: False 
#   10 | steps:   179 | steps_t: 2735611 | t: 0.234828 | r:    95.000000 | e:   0.100000 | Q: 102.149544 | won: True 
