#    1 | steps:    15 | steps_t: 2735611 | t: 0.015649 | r:  -503.000000 | e:   0.100000 | Q:  76.950836 | won: False 
#    2 | steps:    33 | steps_t: 2735611 | t: 0.031284 | r:    94.000000 | e:   0.100000 | Q: 100.611267 | won: True 
#    3 | steps:    61 | steps_t: 2735611 | t: 0.062498 | r:    84.000000 | e:   0.100000 | Q:  98.254601 | won: True 
#    4 | steps:    83 | steps_t: 2735611 | t: 0.093749 | r:    90.000000 | e:   0.100000 | Q:  98.804779 | won: True 
#    5 | steps:   104 | steps_t: 2735611 | t: 0.109375 | r:    91.000000 | e:   0.100000 | Q: 101.230827 | won: True 
#    6 | steps:   122 | steps_t: 2735611 | t: 0.140165 | r:    94.000000 | e:   0.100000 | Q: 100.960747 | won: True 
#    7 | steps:   140 | steps_t: 2735611 | t: 0.155806 | r:    94.000000 | e:   0.100000 | Q: 100.960747 | won: True 
#    8 | steps:   157 | steps_t: 2735611 | t: 0.171435 | r:    95.000000 | e:   0.100000 | Q:  96.004906 | won: True 
#    9 | steps:   174 | steps_t: 2735611 | t: 0.202756 | r:    95.000000 | e:   0.100000 | Q: 101.230827 | won: True 
#   10 | steps:   191 | steps_t: 2735611 | t: 0.218305 | r:    95.000000 | e:   0.100000 | Q: 101.230827 | won: True 
#    1 | steps:    17 | steps_t: 3270774 | t: 0.031748 | r:    95.000000 | e:   0.100000 | Q: 100.854179 | won: True 
#    2 | steps:    31 | steps_t: 3270774 | t: 0.047427 | r:  -502.000000 | e:   0.100000 | Q:  75.691360 | won: False 
#    3 | steps:    48 | steps_t: 3270774 | t: 0.063051 | r:    95.000000 | e:   0.100000 | Q: 101.309280 | won: True 
#    4 | steps:    66 | steps_t: 3270774 | t: 0.094265 | r:    94.000000 | e:   0.100000 | Q:  99.949371 | won: True 
#    5 | steps:    83 | steps_t: 3270774 | t: 0.125566 | r:    95.000000 | e:   0.100000 | Q: 101.309280 | won: True 
#    6 | steps:   101 | steps_t: 3270774 | t: 0.141181 | r:    94.000000 | e:   0.100000 | Q:  99.949371 | won: True 
#    7 | steps:   118 | steps_t: 3270774 | t: 0.156819 | r:    95.000000 | e:   0.100000 | Q: 100.854179 | won: True 
#    8 | steps:   135 | steps_t: 3270774 | t: 0.188012 | r:    95.000000 | e:   0.100000 | Q: 101.309280 | won: True 
#    9 | steps:   153 | steps_t: 3270774 | t: 0.203639 | r:  -506.000000 | e:   0.100000 | Q:  94.376884 | won: False 
#   10 | steps:   168 | steps_t: 3270774 | t: 0.219261 | r:  -503.000000 | e:   0.100000 | Q:  80.711975 | won: False 
