#    1 | steps:    25 | steps_t: 3271349 | t: 0.056109 | r:  -403.000000 | e:   0.100000 | Q: 207.385757 | won: False 
#    2 | steps:    32 | steps_t: 3271349 | t: 0.071936 | r:  -484.000000 | e:   0.100000 | Q: 144.574600 | won: False 
#    3 | steps:    39 | steps_t: 3271349 | t: 0.079989 | r:  -484.000000 | e:   0.100000 | Q: 144.574600 | won: False 
#    4 | steps:    46 | steps_t: 3271349 | t: 0.088127 | r:  -484.000000 | e:   0.100000 | Q: 144.574600 | won: False 
#    5 | steps:    53 | steps_t: 3271349 | t: 0.103806 | r:  -484.000000 | e:   0.100000 | Q: 144.574600 | won: False 
#    6 | steps:    64 | steps_t: 3271349 | t: 0.119459 | r:  -499.000000 | e:   0.100000 | Q: 237.227280 | won: False 
#    7 | steps:    71 | steps_t: 3271349 | t: 0.135040 | r:  -484.000000 | e:   0.100000 | Q: 144.574600 | won: False 
#    8 | steps:    78 | steps_t: 3271349 | t: 0.150639 | r:  -484.000000 | e:   0.100000 | Q: 144.574600 | won: False 
#    9 | steps:    85 | steps_t: 3271349 | t: 0.166293 | r:  -484.000000 | e:   0.100000 | Q: 144.574600 | won: False 
#   10 | steps:    90 | steps_t: 3271349 | t: 0.181918 | r:  -471.000000 | e:   0.100000 | Q: 128.869629 | won: False 
#    1 | steps:    13 | steps_t: 3380835 | t: 0.046921 | r:  -512.000000 | e:   0.100000 | Q:  89.404999 | won: False 
#    2 | steps:    24 | steps_t: 3380835 | t: 0.046921 | r:  -510.000000 | e:   0.100000 | Q:  77.148911 | won: False 
#    3 | steps:    33 | steps_t: 3380835 | t: 0.062519 | r:  -508.000000 | e:   0.100000 | Q:  71.602051 | won: False 
#    4 | steps:    56 | steps_t: 3380835 | t: 0.109417 | r:  -511.000000 | e:   0.100000 | Q:  89.404999 | won: False 
#    5 | steps:    81 | steps_t: 3380835 | t: 0.156264 | r:  -513.000000 | e:   0.100000 | Q:  89.404999 | won: False 
#    6 | steps:    95 | steps_t: 3380835 | t: 0.172258 | r:  -513.000000 | e:   0.100000 | Q:  89.404999 | won: False 
#    7 | steps:   105 | steps_t: 3380835 | t: 0.187936 | r:  -509.000000 | e:   0.100000 | Q:  77.148911 | won: False 
#    8 | steps:   119 | steps_t: 3380835 | t: 0.229266 | r:  -513.000000 | e:   0.100000 | Q:  89.404999 | won: False 
#    9 | steps:   132 | steps_t: 3380835 | t: 0.253304 | r:  -512.000000 | e:   0.100000 | Q:  89.404999 | won: False 
#   10 | steps:   152 | steps_t: 3380835 | t: 0.284383 | r:  -508.000000 | e:   0.100000 | Q:  89.404999 | won: False 
