#    1 | steps:    20 | steps_t: 2735611 | t: 0.031245 | r:    92.000000 | e:   0.100000 | Q:  98.254601 | won: True 
#    2 | steps:    37 | steps_t: 2735611 | t: 0.046927 | r:    95.000000 | e:   0.100000 | Q: 101.350464 | won: True 
#    3 | steps:    50 | steps_t: 2735611 | t: 0.062496 | r:  -501.000000 | e:   0.100000 | Q:  71.056778 | won: False 
#    4 | steps:    68 | steps_t: 2735611 | t: 0.083324 | r:    94.000000 | e:   0.100000 | Q: 100.611267 | won: True 
#    5 | steps:    85 | steps_t: 2735611 | t: 0.114863 | r:    95.000000 | e:   0.100000 | Q: 102.149544 | won: True 
#    6 | steps:   102 | steps_t: 2735611 | t: 0.146123 | r:    95.000000 | e:   0.100000 | Q: 102.149544 | won: True 
#    7 | steps:   123 | steps_t: 2735611 | t: 0.161774 | r:    91.000000 | e:   0.100000 | Q: 101.230827 | won: True 
#    8 | steps:   143 | steps_t: 2735611 | t: 0.192983 | r:    92.000000 | e:   0.100000 | Q:  99.659950 | won: True 
#    9 | steps:   160 | steps_t: 2735611 | t: 0.208608 | r:    95.000000 | e:   0.100000 | Q: 101.230827 | won: True 
#   10 | steps:   178 | steps_t: 2735611 | t: 0.224232 | r:    94.000000 | e:   0.100000 | Q:  94.297897 | won: True 
#    1 | steps:    12 | steps_t: 3270774 | t: 0.031219 | r:  -500.000000 | e:   0.100000 | Q:  71.862808 | won: False 
#    2 | steps:    30 | steps_t: 3270774 | t: 0.047060 | r:  -506.000000 | e:   0.100000 | Q:  94.376884 | won: False 
#    3 | steps:    44 | steps_t: 3270774 | t: 0.062721 | r:  -502.000000 | e:   0.100000 | Q:  79.055824 | won: False 
#    4 | steps:    62 | steps_t: 3270774 | t: 0.078345 | r:    94.000000 | e:   0.100000 | Q:  99.949371 | won: True 
#    5 | steps:    82 | steps_t: 3270774 | t: 0.109572 | r:    92.000000 | e:   0.100000 | Q:  99.964523 | won: True 
#    6 | steps:   100 | steps_t: 3270774 | t: 0.125199 | r:    94.000000 | e:   0.100000 | Q:  99.949371 | won: True 
#    7 | steps:   119 | steps_t: 3270774 | t: 0.156445 | r:    93.000000 | e:   0.100000 | Q: 100.794815 | won: True 
#    8 | steps:   136 | steps_t: 3270774 | t: 0.172070 | r:    95.000000 | e:   0.100000 | Q: 101.309280 | won: True 
#    9 | steps:   153 | steps_t: 3270774 | t: 0.203320 | r:    95.000000 | e:   0.100000 | Q: 100.854179 | won: True 
#   10 | steps:   171 | steps_t: 3270774 | t: 0.234571 | r:    94.000000 | e:   0.100000 | Q:  99.949371 | won: True 
