#    1 | steps:    17 | steps_t: 3270774 | t: 0.031180 | r:    95.000000 | e:   0.100000 | Q: 100.854179 | won: True 
#    2 | steps:    35 | steps_t: 3270774 | t: 0.046803 | r:    94.000000 | e:   0.100000 | Q:  99.949371 | won: True 
#    3 | steps:    51 | steps_t: 3270774 | t: 0.062428 | r:    96.000000 | e:   0.100000 | Q: 100.369331 | won: True 
#    4 | steps:    68 | steps_t: 3270774 | t: 0.093684 | r:    95.000000 | e:   0.100000 | Q: 101.309280 | won: True 
#    5 | steps:    90 | steps_t: 3270774 | t: 0.109304 | r:    90.000000 | e:   0.100000 | Q: 100.625839 | won: True 
#    6 | steps:   114 | steps_t: 3270774 | t: 0.140722 | r:    88.000000 | e:   0.100000 | Q: 101.667725 | won: True 
#    7 | steps:   136 | steps_t: 3270774 | t: 0.171965 | r:    90.000000 | e:   0.100000 | Q: 100.625839 | won: True 
#    8 | steps:   154 | steps_t: 3270774 | t: 0.187591 | r:    94.000000 | e:   0.100000 | Q:  99.949371 | won: True 
#    9 | steps:   172 | steps_t: 3270774 | t: 0.218881 | r:  -506.000000 | e:   0.100000 | Q:  94.376884 | won: False 
#   10 | steps:   190 | steps_t: 3270774 | t: 0.234529 | r:    94.000000 | e:   0.100000 | Q:  99.949371 | won: True 
#    1 | steps:    28 | steps_t: 3270774 | t: 0.047282 | r:    84.000000 | e:   0.100000 | Q: 100.943588 | won: True 
#    2 | steps:    43 | steps_t: 3270774 | t: 0.062960 | r:    97.000000 | e:   0.100000 | Q: 100.642761 | won: True 
#    3 | steps:    61 | steps_t: 3270774 | t: 0.078580 | r:    94.000000 | e:   0.100000 | Q: 102.359123 | won: True 
#    4 | steps:    91 | steps_t: 3270774 | t: 0.125459 | r:    82.000000 | e:   0.100000 | Q: 101.656296 | won: True 
#    5 | steps:   109 | steps_t: 3270774 | t: 0.141087 | r:    94.000000 | e:   0.100000 | Q:  99.949371 | won: True 
#    6 | steps:   139 | steps_t: 3270774 | t: 0.172359 | r:    82.000000 | e:   0.100000 | Q: 101.656296 | won: True 
#    7 | steps:   156 | steps_t: 3270774 | t: 0.203575 | r:    95.000000 | e:   0.100000 | Q: 101.309280 | won: True 
#    8 | steps:   175 | steps_t: 3270774 | t: 0.219209 | r:    93.000000 | e:   0.100000 | Q: 100.642761 | won: True 
#    9 | steps:   190 | steps_t: 3270774 | t: 0.234800 | r:  -503.000000 | e:   0.100000 | Q:  71.862808 | won: False 
#   10 | steps:   208 | steps_t: 3270774 | t: 0.266048 | r:    94.000000 | e:   0.100000 | Q:  99.949371 | won: True 
