#    1 | steps:    18 | steps_t:     0 | t: 0.015627 | r:  -451.000000 | e:   1.000000 | Q:        nan | won: False 
#    2 | steps:    28 | steps_t:     0 | t: 0.031242 | r:  -487.000000 | e:   1.000000 | Q:        nan | won: False 
#    3 | steps:    37 | steps_t:     0 | t: 0.031242 | r:  -453.000000 | e:   1.000000 | Q:        nan | won: False 
#    4 | steps:    49 | steps_t:     0 | t: 0.046878 | r:  -489.000000 | e:   1.000000 | Q:        nan | won: False 
#    5 | steps:    61 | steps_t:     0 | t: 0.046878 | r:  -456.000000 | e:   1.000000 | Q:        nan | won: False 
#    6 | steps:    77 | steps_t:     0 | t: 0.063887 | r:  -493.000000 | e:   1.000000 | Q:        nan | won: False 
#    7 | steps:    87 | steps_t:     0 | t: 0.063887 | r:  -487.000000 | e:   1.000000 | Q:        nan | won: False 
#    8 | steps:   100 | steps_t:     0 | t: 0.079511 | r:  -490.000000 | e:   1.000000 | Q:        nan | won: False 
#    9 | steps:   115 | steps_t:     0 | t: 0.095138 | r:  -470.000000 | e:   1.000000 | Q:        nan | won: False 
#   10 | steps:   124 | steps_t:     0 | t: 0.095138 | r:  -464.000000 | e:   1.000000 | Q:        nan | won: False 
#    1 | steps:    38 | steps_t: 5860553 | t: 0.109381 | r:  -200.000000 | e:   0.100000 | Q: 203.603638 | won: False 
#    2 | steps:    59 | steps_t: 5860553 | t: 0.140633 | r:  -326.000000 | e:   0.100000 | Q: 201.237518 | won: False 
#    3 | steps:   117 | steps_t: 5860553 | t: 0.206250 | r:   -41.000000 | e:   0.100000 | Q: 206.281326 | won: False 
#    4 | steps:   126 | steps_t: 5860553 | t: 0.221875 | r:  -464.000000 | e:   0.100000 | Q: 181.586212 | won: False 
#    5 | steps:   212 | steps_t: 5860553 | t: 0.318741 | r:   711.000000 | e:   0.100000 | Q: 196.688965 | won: True 
#    6 | steps:   245 | steps_t: 5860553 | t: 0.349993 | r:  -294.000000 | e:   0.100000 | Q: 206.259796 | won: False 
#    7 | steps:   271 | steps_t: 5860553 | t: 0.381244 | r:  -320.000000 | e:   0.100000 | Q: 189.661636 | won: False 
#    8 | steps:   358 | steps_t: 5860553 | t: 0.478096 | r:    99.000000 | e:   0.100000 | Q: 196.929688 | won: False 
#    9 | steps:   438 | steps_t: 5860553 | t: 0.559019 | r:    84.000000 | e:   0.100000 | Q: 185.096619 | won: False 
#   10 | steps:   514 | steps_t: 5860553 | t: 0.639981 | r:   710.000000 | e:   0.100000 | Q: 201.237518 | won: True 
