#    1 | steps:    18 | steps_t: 2735611 | t: 0.031252 | r:    94.000000 | e:   0.100000 | Q: 100.611267 | won: True 
#    2 | steps:    35 | steps_t: 2735611 | t: 0.063428 | r:    95.000000 | e:   0.100000 | Q: 101.350464 | won: True 
#    3 | steps:    51 | steps_t: 2735611 | t: 0.079078 | r:  -515.000000 | e:   0.100000 | Q:  56.919453 | won: False 
#    4 | steps:    82 | steps_t: 2735611 | t: 0.110320 | r:    81.000000 | e:   0.100000 | Q: 106.888481 | won: True 
#    5 | steps:   100 | steps_t: 2735611 | t: 0.126001 | r:    94.000000 | e:   0.100000 | Q: 100.611267 | won: True 
#    6 | steps:   130 | steps_t: 2735611 | t: 0.157229 | r:    82.000000 | e:   0.100000 | Q: 101.623817 | won: True 
#    7 | steps:   147 | steps_t: 2735611 | t: 0.188441 | r:    95.000000 | e:   0.100000 | Q: 102.149544 | won: True 
#    8 | steps:   175 | steps_t: 2735611 | t: 0.219718 | r:    84.000000 | e:   0.100000 | Q: 101.978981 | won: True 
#    9 | steps:   192 | steps_t: 2735611 | t: 0.235351 | r:    95.000000 | e:   0.100000 | Q: 101.350464 | won: True 
#   10 | steps:   222 | steps_t: 2735611 | t: 0.266565 | r:    82.000000 | e:   0.100000 | Q:  98.804779 | won: True 
#    1 | steps:    17 | steps_t: 2735611 | t: 0.031209 | r:    95.000000 | e:   0.100000 | Q: 101.230827 | won: True 
#    2 | steps:    33 | steps_t: 2735611 | t: 0.046835 | r:    96.000000 | e:   0.100000 | Q:  98.254601 | won: True 
#    3 | steps:    51 | steps_t: 2735611 | t: 0.062958 | r:    94.000000 | e:   0.100000 | Q: 101.234970 | won: True 
#    4 | steps:    68 | steps_t: 2735611 | t: 0.094249 | r:    95.000000 | e:   0.100000 | Q: 101.230827 | won: True 
#    5 | steps:    90 | steps_t: 2735611 | t: 0.125474 | r:    90.000000 | e:   0.100000 | Q: 100.960747 | won: True 
#    6 | steps:   108 | steps_t: 2735611 | t: 0.141096 | r:  -517.000000 | e:   0.100000 | Q:  50.900215 | won: False 
#    7 | steps:   129 | steps_t: 2735611 | t: 0.172401 | r:    91.000000 | e:   0.100000 | Q: 101.230827 | won: True 
#    8 | steps:   151 | steps_t: 2735611 | t: 0.203637 | r:    90.000000 | e:   0.100000 | Q: 101.623817 | won: True 
#    9 | steps:   169 | steps_t: 2735611 | t: 0.219228 | r:    94.000000 | e:   0.100000 | Q: 100.611267 | won: True 
#   10 | steps:   187 | steps_t: 2735611 | t: 0.234872 | r:    94.000000 | e:   0.100000 | Q: 100.611267 | won: True 
