#    1 | steps:   208 | steps_t: 302559 | t: 0.260058 | r:  -190.000000 | e:   0.100000 | Q: 140.965652 | won: False 
#    2 | steps:   446 | steps_t: 302559 | t: 0.512115 | r:   457.000000 | e:   0.100000 | Q: 140.296539 | won: True 
#    3 | steps:   825 | steps_t: 302559 | t: 0.973218 | r:  -295.000000 | e:   0.100000 | Q: 140.965652 | won: False 
#    4 | steps:  1025 | steps_t: 302559 | t: 1.185266 | r:   495.000000 | e:   0.100000 | Q: 140.965652 | won: True 
#    5 | steps:  1126 | steps_t: 302559 | t: 1.290290 | r:  -325.000000 | e:   0.100000 | Q: 140.965652 | won: False 
#    6 | steps:  1319 | steps_t: 302559 | t: 1.494336 | r:   542.000000 | e:   0.100000 | Q: 152.069214 | won: True 
#    7 | steps:  1465 | steps_t: 302559 | t: 1.649371 | r:  -172.000000 | e:   0.100000 | Q: 140.965652 | won: False 
#    8 | steps:  1807 | steps_t: 302559 | t: 2.012453 | r:  -196.000000 | e:   0.100000 | Q: 145.643677 | won: False 
#    9 | steps:  2082 | steps_t: 302559 | t: 2.309519 | r:   -89.000000 | e:   0.100000 | Q: 140.965652 | won: False 
#   10 | steps:  2190 | steps_t: 302559 | t: 2.423544 | r:  -145.000000 | e:   0.100000 | Q: 146.838577 | won: False 
#   11 | steps:  2374 | steps_t: 302559 | t: 32.916942 | r:  -104.000000 | e:   0.100000 | Q: 140.965652 | won: False 
#   12 | steps:  2409 | steps_t: 302559 | t: 39.852285 | r:  -340.000000 | e:   0.100000 | Q: 143.652115 | won: False 
#   13 | steps:  2447 | steps_t: 302559 | t: 47.266827 | r:  -306.000000 | e:   0.100000 | Q: 141.112244 | won: False 
#   14 | steps:  2655 | steps_t: 302559 | t: 81.858407 | r:   487.000000 | e:   0.100000 | Q: 142.110092 | won: True 
#   15 | steps:  2706 | steps_t: 302559 | t: 91.398724 | r:  -323.000000 | e:   0.100000 | Q: 153.193130 | won: False 
#   16 | steps:  2903 | steps_t: 302559 | t: 124.042164 | r:  -146.000000 | e:   0.100000 | Q: 140.965652 | won: False 
#   17 | steps:  3007 | steps_t: 302559 | t: 142.615060 | r:  -306.000000 | e:   0.100000 | Q: 140.965652 | won: False 
#   18 | steps:  3096 | steps_t: 302559 | t: 158.285183 | r:  -148.000000 | e:   0.100000 | Q: 140.965652 | won: False 
#   19 | steps:  3320 | steps_t: 302559 | t: 195.320362 | r:  -100.000000 | e:   0.100000 | Q: 140.965652 | won: False 
#   20 | steps:  3361 | steps_t: 302559 | t: 203.173575 | r:  -221.000000 | e:   0.100000 | Q: 140.965652 | won: False 
#   21 | steps:  3407 | steps_t: 302559 | t: 211.582112 | r:  -303.000000 | e:   0.100000 | Q: 160.392258 | won: False 
#   22 | steps:  3484 | steps_t: 302559 | t: 225.144005 | r:  -334.000000 | e:   0.100000 | Q: 140.965652 | won: False 
#   23 | steps:  3568 | steps_t: 302559 | t: 240.031263 | r:  -268.000000 | e:   0.100000 | Q: 140.965652 | won: False 
#   24 | steps:  4216 | steps_t: 302559 | t: 343.820012 | r:  -451.000000 | e:   0.100000 | Q: 143.923691 | won: False 
#   25 | steps:  4704 | steps_t: 302559 | t: 422.714009 | r:   258.000000 | e:   0.100000 | Q: 140.965652 | won: True 
#   26 | steps:  5423 | steps_t: 302981 | t: 542.912992 | r:  -624.000000 | e:   0.100000 | Q: 143.997620 | won: False 
#   27 | steps:  5755 | steps_t: 303312 | t: 601.588909 | r:  -186.000000 | e:   0.100000 | Q: 144.172058 | won: False 
#   28 | steps:  5777 | steps_t: 303333 | t: 606.397492 | r:  -389.000000 | e:   0.100000 | Q: 144.544662 | won: False 
#   29 | steps:  5922 | steps_t: 303477 | t: 632.439261 | r:  -292.000000 | e:   0.100000 | Q: 149.953323 | won: False 
#   30 | steps:  6324 | steps_t: 303878 | t: 702.432509 | r:  -165.000000 | e:   0.100000 | Q: 156.321152 | won: False 
#   31 | steps:  6958 | steps_t: 304511 | t: 811.604504 | r:  -488.000000 | e:   0.100000 | Q: 157.316360 | won: False 
#   32 | steps:  7028 | steps_t: 304580 | t: 824.634705 | r:  -349.000000 | e:   0.100000 | Q: 154.666290 | won: False 
#   33 | steps:  7050 | steps_t: 304601 | t: 829.339143 | r:  -411.000000 | e:   0.100000 | Q: 157.254242 | won: False 
#   34 | steps:  7326 | steps_t: 304876 | t: 878.158676 | r:  -247.000000 | e:   0.100000 | Q: 156.816956 | won: False 
#   35 | steps:  7545 | steps_t: 305094 | t: 917.231671 | r:  -201.000000 | e:   0.100000 | Q: 150.478363 | won: False 
#   36 | steps:  7896 | steps_t: 305444 | t: 978.535659 | r:  -278.000000 | e:   0.100000 | Q: 169.603394 | won: False 
#   37 | steps:  7918 | steps_t: 305465 | t: 983.199521 | r:  -400.000000 | e:   0.100000 | Q: 170.426895 | won: False 
#   38 | steps:  7999 | steps_t: 305545 | t: 998.202422 | r:  -305.000000 | e:   0.100000 | Q: 168.045364 | won: False 
#   39 | steps:  8057 | steps_t: 305602 | t: 1009.312075 | r:  -282.000000 | e:   0.100000 | Q: 173.528870 | won: False 
#   40 | steps:  8191 | steps_t: 305735 | t: 1033.672937 | r:  -135.000000 | e:   0.100000 | Q: 169.596893 | won: False 
#   41 | steps:  8285 | steps_t: 305828 | t: 1050.766835 | r:   -98.000000 | e:   0.100000 | Q: 147.998383 | won: False 
#   42 | steps:  8387 | steps_t: 305929 | t: 1069.550535 | r:  -392.000000 | e:   0.100000 | Q: 170.012512 | won: False 
#   43 | steps:  8510 | steps_t: 306051 | t: 1091.891528 | r:  -193.000000 | e:   0.100000 | Q: 161.855148 | won: False 
#   44 | steps:  8733 | steps_t: 306273 | t: 1132.227032 | r:  -253.000000 | e:   0.100000 | Q: 182.856812 | won: False 
#   45 | steps:  8771 | steps_t: 306310 | t: 1139.691072 | r:  -328.000000 | e:   0.100000 | Q: 195.488968 | won: False 
#   46 | steps:  8840 | steps_t: 306378 | t: 1152.607487 | r:  -110.000000 | e:   0.100000 | Q: 153.624054 | won: False 
#   47 | steps:  9144 | steps_t: 306681 | t: 1205.756040 | r:   493.000000 | e:   0.100000 | Q: 176.108521 | won: True 
#   48 | steps:  9359 | steps_t: 306895 | t: 1243.611207 | r:  -153.000000 | e:   0.100000 | Q: 156.082306 | won: False 
#   49 | steps:  9486 | steps_t: 307021 | t: 1266.131033 | r:  -197.000000 | e:   0.100000 | Q: 144.486084 | won: False 
#   50 | steps:  9831 | steps_t: 307365 | t: 1325.834555 | r:   350.000000 | e:   0.100000 | Q: 145.375900 | won: True 
#   51 | steps: 10105 | steps_t: 307638 | t: 1373.837374 | r:  -161.000000 | e:   0.100000 | Q: 134.996155 | won: False 
#   52 | steps: 10264 | steps_t: 307796 | t: 1402.020474 | r:  -321.000000 | e:   0.100000 | Q: 147.322906 | won: False 
#   53 | steps: 10412 | steps_t: 307943 | t: 1428.745767 | r:  -328.000000 | e:   0.100000 | Q: 271.506012 | won: False 
#   54 | steps: 10469 | steps_t: 307999 | t: 1439.467631 | r:  -215.000000 | e:   0.100000 | Q: 152.011261 | won: False 
#   55 | steps: 10620 | steps_t: 308149 | t: 1466.040466 | r:  -100.000000 | e:   0.100000 | Q: 245.565536 | won: False 
#   56 | steps: 10732 | steps_t: 308260 | t: 1486.570379 | r:  -259.000000 | e:   0.100000 | Q: 165.322403 | won: False 
#   57 | steps: 10795 | steps_t: 308322 | t: 1498.407269 | r:  -342.000000 | e:   0.100000 | Q: 149.929794 | won: False 
#   58 | steps: 10855 | steps_t: 308381 | t: 1509.783250 | r:  -383.000000 | e:   0.100000 | Q: 139.685791 | won: False 
#   59 | steps: 11047 | steps_t: 308572 | t: 1543.806296 | r:  -145.000000 | e:   0.100000 | Q: 136.304794 | won: False 
#   60 | steps: 11357 | steps_t: 308881 | t: 1597.932186 | r:  -135.000000 | e:   0.100000 | Q: 134.015121 | won: False 
#   61 | steps: 11405 | steps_t: 308928 | t: 1607.321209 | r:  -327.000000 | e:   0.100000 | Q: 140.696320 | won: False 
#   62 | steps: 11505 | steps_t: 309027 | t: 1626.113189 | r:  -178.000000 | e:   0.100000 | Q: 154.834534 | won: False 
#   63 | steps: 11528 | steps_t: 309049 | t: 1630.990903 | r:  -357.000000 | e:   0.100000 | Q: 138.460129 | won: False 
#   64 | steps: 11700 | steps_t: 309220 | t: 1661.373949 | r:   -41.000000 | e:   0.100000 | Q: 168.404449 | won: False 
#   65 | steps: 11824 | steps_t: 309343 | t: 1684.306158 | r:  -414.000000 | e:   0.100000 | Q: 143.545776 | won: False 
#   66 | steps: 12028 | steps_t: 309546 | t: 1720.155153 | r:  -164.000000 | e:   0.100000 | Q: 154.294693 | won: False 
#   67 | steps: 12508 | steps_t: 310025 | t: 1804.444815 | r:  -338.000000 | e:   0.100000 | Q: 156.389450 | won: False 
#   68 | steps: 12702 | steps_t: 310218 | t: 1840.245996 | r:  -418.000000 | e:   0.100000 | Q: 222.505936 | won: False 
#   69 | steps: 13235 | steps_t: 310750 | t: 1931.472035 | r:   162.000000 | e:   0.100000 | Q: 158.342453 | won: True 
#   70 | steps: 13320 | steps_t: 310834 | t: 1946.990956 | r:  -126.000000 | e:   0.100000 | Q: 172.436493 | won: False 
#   71 | steps: 13449 | steps_t: 310962 | t: 1970.407939 | r:  -155.000000 | e:   0.100000 | Q: 182.142258 | won: False 
#   72 | steps: 13793 | steps_t: 311305 | t: 2030.376548 | r:  -107.000000 | e:   0.100000 | Q: 157.612015 | won: False 
#   73 | steps: 13845 | steps_t: 311356 | t: 2040.318462 | r:  -331.000000 | e:   0.100000 | Q: 169.800079 | won: False 
#   74 | steps: 14277 | steps_t: 311787 | t: 2115.369840 | r:  -206.000000 | e:   0.100000 | Q: 245.332306 | won: False 
#   75 | steps: 14718 | steps_t: 312227 | t: 2191.946843 | r:  -357.000000 | e:   0.100000 | Q: 155.674286 | won: False 
#   76 | steps: 14762 | steps_t: 312270 | t: 2200.613223 | r:  -246.000000 | e:   0.100000 | Q: 149.228882 | won: False 
#   77 | steps: 14819 | steps_t: 312326 | t: 2211.730774 | r:  -347.000000 | e:   0.100000 | Q: 160.924774 | won: False 
#   78 | steps: 14905 | steps_t: 312411 | t: 2227.821802 | r:  -296.000000 | e:   0.100000 | Q: 152.887161 | won: False 
#   79 | steps: 15206 | steps_t: 312711 | t: 2280.487750 | r:   507.000000 | e:   0.100000 | Q: 197.310623 | won: True 
#   80 | steps: 15305 | steps_t: 312809 | t: 2298.365754 | r:   -89.000000 | e:   0.100000 | Q: 166.319397 | won: False 
#   81 | steps: 15758 | steps_t: 313261 | t: 2376.776713 | r:  -318.000000 | e:   0.100000 | Q: 170.914017 | won: False 
#   82 | steps: 15823 | steps_t: 313325 | t: 2388.833677 | r:  -128.000000 | e:   0.100000 | Q: 157.799316 | won: False 
#   83 | steps: 16151 | steps_t: 313652 | t: 2445.639338 | r:  -288.000000 | e:   0.100000 | Q: 154.649216 | won: False 
#   84 | steps: 16251 | steps_t: 313751 | t: 2463.890644 | r:   -93.000000 | e:   0.100000 | Q: 135.909470 | won: False 
#   85 | steps: 16462 | steps_t: 313961 | t: 2501.696845 | r:   -87.000000 | e:   0.100000 | Q: 154.816879 | won: False 
#   86 | steps: 16500 | steps_t: 313998 | t: 2509.419608 | r:  -350.000000 | e:   0.100000 | Q: 138.509644 | won: False 
#   87 | steps: 16653 | steps_t: 314150 | t: 2536.667581 | r:   -69.000000 | e:   0.100000 | Q: 150.021973 | won: False 
#   88 | steps: 16940 | steps_t: 314436 | t: 2586.243968 | r:  -134.000000 | e:   0.100000 | Q: 172.512360 | won: False 
#   89 | steps: 17165 | steps_t: 314660 | t: 2625.684491 | r:   521.000000 | e:   0.100000 | Q: 146.896835 | won: True 
#   90 | steps: 17291 | steps_t: 314785 | t: 2648.258838 | r:  -156.000000 | e:   0.100000 | Q: 139.222595 | won: False 
#   91 | steps: 17415 | steps_t: 314908 | t: 2670.863278 | r:  -106.000000 | e:   0.100000 | Q: 134.542252 | won: False 
#   92 | steps: 17817 | steps_t: 315309 | t: 2740.474880 | r:  -318.000000 | e:   0.100000 | Q: 149.645615 | won: False 
#   93 | steps: 18294 | steps_t: 315785 | t: 2822.999358 | r:  -382.000000 | e:   0.100000 | Q: 157.803040 | won: False 
#   94 | steps: 18522 | steps_t: 316012 | t: 2863.311353 | r:  -177.000000 | e:   0.100000 | Q: 150.398071 | won: False 
#   95 | steps: 18536 | steps_t: 316025 | t: 2866.637702 | r:  -469.000000 | e:   0.100000 | Q: 147.797150 | won: False 
#   96 | steps: 18780 | steps_t: 316268 | t: 2909.228327 | r:   622.000000 | e:   0.100000 | Q: 150.257172 | won: True 
#   97 | steps: 18857 | steps_t: 316344 | t: 2923.719325 | r:  -334.000000 | e:   0.100000 | Q: 170.375763 | won: False 
#   98 | steps: 19589 | steps_t: 317075 | t: 3048.878149 | r:   -37.000000 | e:   0.100000 | Q: 158.096680 | won: True 
#   99 | steps: 19675 | steps_t: 317160 | t: 3064.760188 | r:   -79.000000 | e:   0.100000 | Q: 147.796997 | won: False 
#  100 | steps: 19971 | steps_t: 317455 | t: 3116.573154 | r:  -267.000000 | e:   0.100000 | Q: 151.316376 | won: False 
