#    1 | steps:   169 | steps_t:     0 | t: 0.648161 | r:  -481.000000 | e:   1.000000 | Q:        nan | won: False 
#    2 | steps:   236 | steps_t:     0 | t: 0.893617 | r:  -445.000000 | e:   1.000000 | Q:        nan | won: False 
#    3 | steps:   426 | steps_t:     0 | t: 1.651094 | r:  -535.000000 | e:   1.000000 | Q:        nan | won: False 
#    4 | steps:   476 | steps_t:     0 | t: 1.832297 | r:  -450.000000 | e:   1.000000 | Q:        nan | won: False 
#    5 | steps:   671 | steps_t:     0 | t: 2.542552 | r:  -551.000000 | e:   1.000000 | Q:        nan | won: False 
#    6 | steps:   734 | steps_t:     0 | t: 2.773528 | r:  -463.000000 | e:   1.000000 | Q:        nan | won: False 
#    7 | steps:   814 | steps_t:     0 | t: 3.062591 | r:  -447.000000 | e:   1.000000 | Q:        nan | won: False 
#    8 | steps:   928 | steps_t:     0 | t: 3.479506 | r:  -448.000000 | e:   1.000000 | Q:        nan | won: False 
#    9 | steps:   986 | steps_t:     0 | t: 3.690470 | r:  -469.000000 | e:   1.000000 | Q:        nan | won: False 
#   10 | steps:  1486 | steps_t:     0 | t: 5.567706 | r:  -614.000000 | e:   1.000000 | Q:        nan | won: False 
#   11 | steps:  1532 | steps_t:     0 | t: 5.730033 | r:  -490.000000 | e:   1.000000 | Q:        nan | won: False 
#   12 | steps:  1588 | steps_t:     0 | t: 5.930909 | r:  -478.000000 | e:   1.000000 | Q:        nan | won: False 
#   13 | steps:  1781 | steps_t:     0 | t: 6.627811 | r:  -538.000000 | e:   1.000000 | Q:        nan | won: False 
#   14 | steps:  1970 | steps_t:     0 | t: 7.404916 | r:  -567.000000 | e:   1.000000 | Q:        nan | won: False 
#   15 | steps:  2044 | steps_t:     0 | t: 7.676013 | r:  -452.000000 | e:   1.000000 | Q:        nan | won: False 
#   16 | steps:  2230 | steps_t:     0 | t: 8.353047 | r:  -443.000000 | e:   1.000000 | Q:        nan | won: False 
#   17 | steps:  2299 | steps_t:     0 | t: 8.600023 | r:  -458.000000 | e:   1.000000 | Q:        nan | won: False 
#   18 | steps:  2366 | steps_t:     0 | t: 8.842757 | r:  -401.000000 | e:   1.000000 | Q:        nan | won: False 
#   19 | steps:  2456 | steps_t:     0 | t: 9.167764 | r:  -457.000000 | e:   1.000000 | Q:        nan | won: False 
#   20 | steps:  2613 | steps_t:     0 | t: 9.740784 | r:  -480.000000 | e:   1.000000 | Q:        nan | won: False 
#   21 | steps:  2657 | steps_t:     0 | t: 9.897711 | r:  -477.000000 | e:   1.000000 | Q:        nan | won: False 
#   22 | steps:  2753 | steps_t:     0 | t: 10.246561 | r:  -441.000000 | e:   1.000000 | Q:        nan | won: False 
#   23 | steps:  2875 | steps_t:     0 | t: 10.795588 | r:  -412.000000 | e:   1.000000 | Q:        nan | won: False 
#   24 | steps:  3168 | steps_t:     0 | t: 11.860801 | r:  -550.000000 | e:   1.000000 | Q:        nan | won: False 
#   25 | steps:  3205 | steps_t:     0 | t: 11.995749 | r:  -470.000000 | e:   1.000000 | Q:        nan | won: False 
#   26 | steps:  3349 | steps_t:     0 | t: 12.518717 | r:  -500.000000 | e:   1.000000 | Q:        nan | won: False 
#   27 | steps:  3434 | steps_t:     0 | t: 12.825689 | r:  -507.000000 | e:   1.000000 | Q:        nan | won: False 
#   28 | steps:  3513 | steps_t:     0 | t: 13.112583 | r:  -435.000000 | e:   1.000000 | Q:        nan | won: False 
#   29 | steps:  3583 | steps_t:     0 | t: 13.361409 | r:  -459.000000 | e:   1.000000 | Q:        nan | won: False 
#   30 | steps:  3619 | steps_t:     0 | t: 13.490297 | r:  -458.000000 | e:   1.000000 | Q:        nan | won: False 
#   31 | steps:  3671 | steps_t:     0 | t: 13.677015 | r:  -463.000000 | e:   1.000000 | Q:        nan | won: False 
#   32 | steps:  3885 | steps_t:     0 | t: 14.453886 | r:  -471.000000 | e:   1.000000 | Q:        nan | won: False 
#   33 | steps:  4049 | steps_t:     0 | t: 15.178976 | r:  -454.000000 | e:   1.000000 | Q:        nan | won: False 
#   34 | steps:  4124 | steps_t:     0 | t: 15.449936 | r:  -442.000000 | e:   1.000000 | Q:        nan | won: False 
#   35 | steps:  4257 | steps_t:     0 | t: 15.929005 | r:  -489.000000 | e:   1.000000 | Q:        nan | won: False 
#   36 | steps:  4342 | steps_t:     0 | t: 16.236071 | r:  -408.000000 | e:   1.000000 | Q:        nan | won: False 
#   37 | steps:  4492 | steps_t:     0 | t: 16.777139 | r:  -528.000000 | e:   1.000000 | Q:        nan | won: False 
#   38 | steps:  4543 | steps_t:     0 | t: 16.960561 | r:  -440.000000 | e:   1.000000 | Q:        nan | won: False 
#   39 | steps:  4786 | steps_t:     0 | t: 17.839643 | r:  -467.000000 | e:   1.000000 | Q:        nan | won: False 
#   40 | steps:  4871 | steps_t:     0 | t: 18.146687 | r:  -507.000000 | e:   1.000000 | Q:        nan | won: False 
#   41 | steps:  4949 | steps_t:     0 | t: 18.429530 | r:  -500.000000 | e:   1.000000 | Q:        nan | won: False 
#   42 | steps:  5174 | steps_t:   173 | t: 26.476326 | r:  -438.000000 | e:   0.982700 | Q:   1.917236 | won: False 
#   43 | steps:  5325 | steps_t:   323 | t: 33.337972 | r:  -408.000000 | e:   0.967700 | Q:        nan | won: False 
#   44 | steps:  5715 | steps_t:   712 | t: 51.443156 | r:  -581.000000 | e:   0.928800 | Q:  -4.280307 | won: False 
#   45 | steps:  5840 | steps_t:   836 | t: 57.199502 | r:  -459.000000 | e:   0.916400 | Q:  -9.800409 | won: False 
#   46 | steps:  5901 | steps_t:   896 | t: 59.988136 | r:  -472.000000 | e:   0.910400 | Q:  -8.942514 | won: False 
#   47 | steps:  6053 | steps_t:  1047 | t: 67.028898 | r:  -530.000000 | e:   0.895300 | Q: -16.226021 | won: False 
#   48 | steps:  6107 | steps_t:  1100 | t: 69.489111 | r:  -454.000000 | e:   0.890000 | Q: -24.551126 | won: False 
#   49 | steps:  6273 | steps_t:  1265 | t: 77.201096 | r:  -511.000000 | e:   0.873500 | Q: -23.041088 | won: False 
#   50 | steps:  6365 | steps_t:  1356 | t: 81.464369 | r:  -426.000000 | e:   0.864400 | Q: -19.845886 | won: False 
#   51 | steps:  6482 | steps_t:  1472 | t: 86.934989 | r:  -363.000000 | e:   0.852800 | Q: -23.650778 | won: False 
#   52 | steps:  6575 | steps_t:  1564 | t: 91.271317 | r:  -460.000000 | e:   0.843600 | Q: -26.894747 | won: False 
#   53 | steps:  6950 | steps_t:  1938 | t: 108.931242 | r:  -335.000000 | e:   0.806200 | Q: -17.383675 | won: False 
#   54 | steps:  7225 | steps_t:  2212 | t: 122.178020 | r:  -587.000000 | e:   0.778800 | Q: -19.401098 | won: False 
#   55 | steps:  7319 | steps_t:  2305 | t: 126.618155 | r:  -450.000000 | e:   0.769500 | Q: -26.734138 | won: False 
#   56 | steps:  7379 | steps_t:  2364 | t: 129.449822 | r:  -416.000000 | e:   0.763600 | Q: -26.090487 | won: False 
#   57 | steps:  7450 | steps_t:  2434 | t: 132.800038 | r:  -427.000000 | e:   0.756600 | Q: -23.330212 | won: False 
#   58 | steps:  7594 | steps_t:  2577 | t: 139.666504 | r:  -434.000000 | e:   0.742300 | Q: -23.691425 | won: False 
#   59 | steps:  7716 | steps_t:  2698 | t: 145.442447 | r:  -456.000000 | e:   0.730200 | Q: -15.291707 | won: False 
#   60 | steps:  7837 | steps_t:  2818 | t: 151.214422 | r:  -466.000000 | e:   0.718200 | Q: -15.858159 | won: False 
#   61 | steps:  8083 | steps_t:  3063 | t: 162.895780 | r:  -426.000000 | e:   0.693700 | Q: -14.799244 | won: False 
#   62 | steps:  8239 | steps_t:  3218 | t: 170.357551 | r:  -380.000000 | e:   0.678200 | Q: -16.664824 | won: False 
#   63 | steps:  8297 | steps_t:  3275 | t: 173.105594 | r:  -381.000000 | e:   0.672500 | Q: -19.782675 | won: False 
#   64 | steps:  8454 | steps_t:  3431 | t: 180.631936 | r:  -436.000000 | e:   0.656900 | Q: -15.204556 | won: False 
#   65 | steps:  8679 | steps_t:  3655 | t: 191.474755 | r:  -372.000000 | e:   0.634500 | Q: -15.584061 | won: False 
#   66 | steps:  8759 | steps_t:  3734 | t: 195.287261 | r:  -414.000000 | e:   0.626600 | Q: -21.355564 | won: False 
#   67 | steps:  8856 | steps_t:  3830 | t: 199.953695 | r:  -431.000000 | e:   0.617000 | Q: -19.351156 | won: False 
#   68 | steps:  9355 | steps_t:  4328 | t: 224.369363 | r:  -536.000000 | e:   0.567200 | Q: -22.487366 | won: False 
#   69 | steps:  9427 | steps_t:  4399 | t: 227.820318 | r:  -428.000000 | e:   0.560100 | Q: -20.375196 | won: False 
#   70 | steps:  9534 | steps_t:  4505 | t: 233.041663 | r:  -287.000000 | e:   0.549500 | Q: -25.234104 | won: False 
#   71 | steps:  9609 | steps_t:  4579 | t: 236.665927 | r:  -475.000000 | e:   0.542100 | Q: -24.986614 | won: False 
#   72 | steps:  9682 | steps_t:  4651 | t: 240.281642 | r:  -418.000000 | e:   0.534900 | Q: -22.530199 | won: False 
#   73 | steps:  9772 | steps_t:  4740 | t: 244.669492 | r:  -391.000000 | e:   0.526000 | Q: -26.345499 | won: False 
#   74 | steps: 10014 | steps_t:  4981 | t: 256.464682 | r:  -433.000000 | e:   0.501900 | Q: -24.461414 | won: False 
#   75 | steps: 10174 | steps_t:  5140 | t: 264.310109 | r:  -351.000000 | e:   0.486000 | Q: -18.193453 | won: False 
#   76 | steps: 10216 | steps_t:  5181 | t: 266.336113 | r:  -398.000000 | e:   0.481900 | Q: -17.905497 | won: False 
#   77 | steps: 10428 | steps_t:  5392 | t: 276.732521 | r:  -370.000000 | e:   0.460800 | Q: -21.189962 | won: False 
#   78 | steps: 10759 | steps_t:  5722 | t: 293.064770 | r:  -577.000000 | e:   0.427800 | Q: -17.520344 | won: False 
#   79 | steps: 10885 | steps_t:  5847 | t: 299.222847 | r:  -350.000000 | e:   0.415300 | Q: -14.313659 | won: False 
#   80 | steps: 10917 | steps_t:  5878 | t: 300.772377 | r:  -366.000000 | e:   0.412200 | Q: -14.010232 | won: False 
#   81 | steps: 11210 | steps_t:  6170 | t: 315.250325 | r:  -374.000000 | e:   0.383000 | Q: -14.108262 | won: False 
#   82 | steps: 11287 | steps_t:  6246 | t: 319.048621 | r:  -356.000000 | e:   0.375400 | Q: -19.290800 | won: False 
#   83 | steps: 11588 | steps_t:  6546 | t: 334.014967 | r:  -514.000000 | e:   0.345400 | Q: -19.019341 | won: False 
#   84 | steps: 11718 | steps_t:  6675 | t: 340.740933 | r:  -376.000000 | e:   0.332500 | Q: -22.452295 | won: False 
#   85 | steps: 11938 | steps_t:  6894 | t: 351.709271 | r:  -323.000000 | e:   0.310600 | Q: -18.834021 | won: False 
#   86 | steps: 12081 | steps_t:  7036 | t: 358.788592 | r:  -433.000000 | e:   0.296400 | Q: -21.501577 | won: False 
#   87 | steps: 12211 | steps_t:  7165 | t: 365.288938 | r:  -486.000000 | e:   0.283500 | Q: -25.518566 | won: False 
#   88 | steps: 12397 | steps_t:  7350 | t: 374.565031 | r:  -421.000000 | e:   0.265000 | Q: -11.803331 | won: False 
#   89 | steps: 12571 | steps_t:  7523 | t: 383.286165 | r:  -497.000000 | e:   0.247700 | Q:  -7.670649 | won: False 
#   90 | steps: 12772 | steps_t:  7723 | t: 393.346169 | r:  -414.000000 | e:   0.227700 | Q: -13.505411 | won: False 
#   91 | steps: 13009 | steps_t:  7959 | t: 405.231883 | r:  -417.000000 | e:   0.204100 | Q: -27.465647 | won: False 
#   92 | steps: 13189 | steps_t:  8138 | t: 414.266287 | r:  -514.000000 | e:   0.186200 | Q: -17.594698 | won: False 
#   93 | steps: 13343 | steps_t:  8291 | t: 422.016505 | r:  -257.000000 | e:   0.170900 | Q: -18.137524 | won: False 
#   94 | steps: 13751 | steps_t:  8698 | t: 442.682665 | r:  -665.000000 | e:   0.130200 | Q: -25.543890 | won: False 
#   95 | steps: 13836 | steps_t:  8782 | t: 446.959501 | r:  -419.000000 | e:   0.121800 | Q: -21.451891 | won: False 
#   96 | steps: 13979 | steps_t:  8924 | t: 454.168881 | r:  -466.000000 | e:   0.107600 | Q: -21.205084 | won: False 
#   97 | steps: 14224 | steps_t:  9168 | t: 466.592352 | r:  -458.000000 | e:   0.100000 | Q: -17.039988 | won: False 
#   98 | steps: 14268 | steps_t:  9211 | t: 468.776018 | r:  -400.000000 | e:   0.100000 | Q: -18.640236 | won: False 
#   99 | steps: 14365 | steps_t:  9307 | t: 473.661456 | r:  -431.000000 | e:   0.100000 | Q: -18.657635 | won: False 
#  100 | steps: 14465 | steps_t:  9406 | t: 478.716401 | r:  -313.000000 | e:   0.100000 | Q: -20.123781 | won: False 
#  101 | steps: 14587 | steps_t:  9527 | t: 484.889148 | r:  -401.000000 | e:   0.100000 | Q: -27.379850 | won: False 
#  102 | steps: 14691 | steps_t:  9630 | t: 490.475807 | r:  -449.000000 | e:   0.100000 | Q: -22.539160 | won: False 
#  103 | steps: 14813 | steps_t:  9751 | t: 496.625907 | r:  -379.000000 | e:   0.100000 | Q: -18.841593 | won: False 
#  104 | steps: 14907 | steps_t:  9844 | t: 501.387585 | r:  -527.000000 | e:   0.100000 | Q: -20.870325 | won: False 
#  105 | steps: 15061 | steps_t:  9997 | t: 509.173891 | r:  -367.000000 | e:   0.100000 | Q: -28.278090 | won: False 
#  106 | steps: 15210 | steps_t: 10145 | t: 516.692647 | r:  -505.000000 | e:   0.100000 | Q: -22.851509 | won: False 
#  107 | steps: 15413 | steps_t: 10347 | t: 526.975393 | r:  -504.000000 | e:   0.100000 | Q: -28.435284 | won: False 
#  108 | steps: 15660 | steps_t: 10593 | t: 539.526037 | r:  -537.000000 | e:   0.100000 | Q: -12.514806 | won: False 
#  109 | steps: 15723 | steps_t: 10655 | t: 542.692389 | r:  -485.000000 | e:   0.100000 | Q: -21.675653 | won: False 
#  110 | steps: 15778 | steps_t: 10709 | t: 545.444509 | r:  -323.000000 | e:   0.100000 | Q: -26.486536 | won: False 
#  111 | steps: 16039 | steps_t: 10969 | t: 558.729594 | r:  -474.000000 | e:   0.100000 | Q:  -7.506539 | won: False 
#  112 | steps: 16198 | steps_t: 11127 | t: 566.909338 | r:  -339.000000 | e:   0.100000 | Q: -18.327782 | won: False 
#  113 | steps: 16376 | steps_t: 11304 | t: 575.986763 | r:  -457.000000 | e:   0.100000 | Q: -13.252046 | won: False 
#  114 | steps: 16712 | steps_t: 11639 | t: 593.113615 | r:  -571.000000 | e:   0.100000 | Q: -18.194359 | won: False 
#  115 | steps: 16843 | steps_t: 11769 | t: 599.736073 | r:  -487.000000 | e:   0.100000 | Q: -19.166023 | won: False 
#  116 | steps: 16917 | steps_t: 11842 | t: 603.474074 | r:  -408.000000 | e:   0.100000 | Q: -20.105827 | won: False 
#  117 | steps: 16972 | steps_t: 11896 | t: 606.252863 | r:  -411.000000 | e:   0.100000 | Q: -20.115133 | won: False 
#  118 | steps: 17060 | steps_t: 11983 | t: 610.681384 | r:  -444.000000 | e:   0.100000 | Q: -19.288546 | won: False 
#  119 | steps: 17199 | steps_t: 12121 | t: 617.720715 | r:  -429.000000 | e:   0.100000 | Q: -21.935728 | won: False 
#  120 | steps: 17260 | steps_t: 12181 | t: 620.786818 | r:  -362.000000 | e:   0.100000 | Q: -28.983709 | won: False 
#  121 | steps: 17352 | steps_t: 12272 | t: 625.435212 | r:  -437.000000 | e:   0.100000 | Q: -29.897446 | won: False 
#  122 | steps: 17440 | steps_t: 12359 | t: 629.862054 | r:  -422.000000 | e:   0.100000 | Q: -30.478741 | won: False 
#  123 | steps: 17609 | steps_t: 12527 | t: 638.399564 | r:  -459.000000 | e:   0.100000 | Q: -21.318417 | won: False 
#  124 | steps: 17728 | steps_t: 12645 | t: 644.428115 | r:  -563.000000 | e:   0.100000 | Q: -17.390509 | won: False 
#  125 | steps: 17914 | steps_t: 12830 | t: 653.843429 | r:  -498.000000 | e:   0.100000 | Q: -17.516636 | won: False 
#  126 | steps: 17965 | steps_t: 12880 | t: 656.407683 | r:  -506.000000 | e:   0.100000 | Q: -18.668356 | won: False 
#  127 | steps: 18063 | steps_t: 12977 | t: 661.346192 | r:  -542.000000 | e:   0.100000 | Q: -11.565798 | won: False 
#  128 | steps: 18174 | steps_t: 13087 | t: 666.967021 | r:  -368.000000 | e:   0.100000 | Q: -12.963251 | won: False 
#  129 | steps: 18252 | steps_t: 13164 | t: 670.882726 | r:  -445.000000 | e:   0.100000 | Q: -11.810583 | won: False 
#  130 | steps: 18326 | steps_t: 13237 | t: 674.603413 | r:  -375.000000 | e:   0.100000 | Q: -10.355955 | won: False 
#  131 | steps: 18447 | steps_t: 13357 | t: 680.729815 | r:  -411.000000 | e:   0.100000 | Q:  -4.435906 | won: False 
#  132 | steps: 18595 | steps_t: 13504 | t: 688.635560 | r:  -471.000000 | e:   0.100000 | Q: -13.338020 | won: False 
#  133 | steps: 18783 | steps_t: 13691 | t: 698.139603 | r:  -280.000000 | e:   0.100000 | Q:  -2.662225 | won: False 
#  134 | steps: 18853 | steps_t: 13760 | t: 701.655994 | r:  -327.000000 | e:   0.100000 | Q:  18.497171 | won: False 
#  135 | steps: 18890 | steps_t: 13796 | t: 703.495593 | r:  -360.000000 | e:   0.100000 | Q:  16.915558 | won: False 
#  136 | steps: 18936 | steps_t: 13841 | t: 705.787187 | r:  -347.000000 | e:   0.100000 | Q:  16.215742 | won: False 
#  137 | steps: 19238 | steps_t: 14142 | t: 721.130636 | r:  -647.000000 | e:   0.100000 | Q:  17.843519 | won: False 
#  138 | steps: 19425 | steps_t: 14328 | t: 730.557885 | r:  -455.000000 | e:   0.100000 | Q:  91.230583 | won: False 
#  139 | steps: 19589 | steps_t: 14491 | t: 738.839413 | r:  -454.000000 | e:   0.100000 | Q:  89.146545 | won: False 
#  140 | steps: 19751 | steps_t: 14652 | t: 747.073139 | r:  -375.000000 | e:   0.100000 | Q: 107.998917 | won: False 
#  141 | steps: 19905 | steps_t: 14805 | t: 754.848915 | r:  -499.000000 | e:   0.100000 | Q: 107.026085 | won: False 
#  142 | steps: 20112 | steps_t: 15011 | t: 765.335174 | r:  -354.000000 | e:   0.100000 | Q:  99.224541 | won: False 
#  143 | steps: 20239 | steps_t: 15137 | t: 771.742300 | r:  -483.000000 | e:   0.100000 | Q:  99.704735 | won: False 
#  144 | steps: 20325 | steps_t: 15222 | t: 776.086909 | r:  -310.000000 | e:   0.100000 | Q: 101.407974 | won: False 
#  145 | steps: 20513 | steps_t: 15409 | t: 785.610349 | r:  -456.000000 | e:   0.100000 | Q:  94.596870 | won: False 
#  146 | steps: 20690 | steps_t: 15585 | t: 794.570043 | r:  -456.000000 | e:   0.100000 | Q: 102.112854 | won: False 
#  147 | steps: 20788 | steps_t: 15682 | t: 799.533266 | r:  -465.000000 | e:   0.100000 | Q: 117.274933 | won: False 
#  148 | steps: 20887 | steps_t: 15780 | t: 804.535842 | r:  -345.000000 | e:   0.100000 | Q: 108.952675 | won: False 
#  149 | steps: 20989 | steps_t: 15881 | t: 809.679619 | r:  -370.000000 | e:   0.100000 | Q:  93.771500 | won: False 
#  150 | steps: 21031 | steps_t: 15922 | t: 811.772018 | r:  -332.000000 | e:   0.100000 | Q:  92.435387 | won: False 
#  151 | steps: 21085 | steps_t: 15975 | t: 814.490492 | r:  -410.000000 | e:   0.100000 | Q:  91.042747 | won: False 
#  152 | steps: 21209 | steps_t: 16098 | t: 820.767791 | r:  -546.000000 | e:   0.100000 | Q:  94.261642 | won: False 
#  153 | steps: 21334 | steps_t: 16222 | t: 827.089610 | r:  -393.000000 | e:   0.100000 | Q:  93.668274 | won: False 
#  154 | steps: 21387 | steps_t: 16274 | t: 829.743291 | r:  -332.000000 | e:   0.100000 | Q:  86.391830 | won: False 
#  155 | steps: 21489 | steps_t: 16375 | t: 834.927955 | r:  -293.000000 | e:   0.100000 | Q:  96.805283 | won: False 
#  156 | steps: 21583 | steps_t: 16468 | t: 839.669083 | r:  -296.000000 | e:   0.100000 | Q: 102.270393 | won: False 
#  157 | steps: 21682 | steps_t: 16566 | t: 844.651429 | r:  -389.000000 | e:   0.100000 | Q: 101.352226 | won: False 
#  158 | steps: 21771 | steps_t: 16654 | t: 849.130358 | r:  -434.000000 | e:   0.100000 | Q:  99.703499 | won: False 
#  159 | steps: 21835 | steps_t: 16717 | t: 852.346720 | r:  -332.000000 | e:   0.100000 | Q:  84.148109 | won: False 
#  160 | steps: 21909 | steps_t: 16790 | t: 856.077677 | r:  -276.000000 | e:   0.100000 | Q:  85.035072 | won: False 
#  161 | steps: 22010 | steps_t: 16890 | t: 861.150424 | r:  -358.000000 | e:   0.100000 | Q:  83.905632 | won: False 
#  162 | steps: 22166 | steps_t: 17045 | t: 869.048458 | r:  -270.000000 | e:   0.100000 | Q:  88.696091 | won: False 
#  163 | steps: 22279 | steps_t: 17157 | t: 874.747218 | r:  -282.000000 | e:   0.100000 | Q:  86.997864 | won: False 
#  164 | steps: 22460 | steps_t: 17337 | t: 883.905310 | r:  -350.000000 | e:   0.100000 | Q:  80.795181 | won: False 
#  165 | steps: 22607 | steps_t: 17483 | t: 891.354751 | r:  -415.000000 | e:   0.100000 | Q:  83.998856 | won: False 
#  166 | steps: 22699 | steps_t: 17574 | t: 895.975459 | r:  -272.000000 | e:   0.100000 | Q:  72.943748 | won: False 
#  167 | steps: 22771 | steps_t: 17645 | t: 899.569618 | r:  -428.000000 | e:   0.100000 | Q:  79.803123 | won: False 
#  168 | steps: 22985 | steps_t: 17858 | t: 910.385658 | r:  -200.000000 | e:   0.100000 | Q:  68.762306 | won: False 
#  169 | steps: 23131 | steps_t: 18003 | t: 917.763120 | r:  -337.000000 | e:   0.100000 | Q:  92.164879 | won: False 
#  170 | steps: 23202 | steps_t: 18073 | t: 921.338273 | r:  -185.000000 | e:   0.100000 | Q: 108.802170 | won: False 
#  171 | steps: 23318 | steps_t: 18188 | t: 927.722541 | r:  -384.000000 | e:   0.100000 | Q:  85.692467 | won: False 
#  172 | steps: 23420 | steps_t: 18289 | t: 932.877830 | r:  -436.000000 | e:   0.100000 | Q:  91.644493 | won: False 
#  173 | steps: 23632 | steps_t: 18500 | t: 943.646935 | r:  -150.000000 | e:   0.100000 | Q:  86.177872 | won: False 
#  174 | steps: 23823 | steps_t: 18690 | t: 953.298474 | r:   -96.000000 | e:   0.100000 | Q: 109.138008 | won: False 
#  175 | steps: 23917 | steps_t: 18783 | t: 958.043071 | r:  -340.000000 | e:   0.100000 | Q: 101.228966 | won: False 
#  176 | steps: 24080 | steps_t: 18945 | t: 966.310490 | r:  -266.000000 | e:   0.100000 | Q:  95.292130 | won: False 
#  177 | steps: 24283 | steps_t: 19147 | t: 976.609503 | r:  -350.000000 | e:   0.100000 | Q:  95.012398 | won: False 
#  178 | steps: 24319 | steps_t: 19182 | t: 978.399010 | r:  -315.000000 | e:   0.100000 | Q:  81.087135 | won: False 
#  179 | steps: 24429 | steps_t: 19291 | t: 983.935690 | r:  -477.000000 | e:   0.100000 | Q:  84.285141 | won: False 
#  180 | steps: 24484 | steps_t: 19345 | t: 986.673494 | r:  -444.000000 | e:   0.100000 | Q:  88.764908 | won: False 
#  181 | steps: 24545 | steps_t: 19405 | t: 989.728621 | r:  -340.000000 | e:   0.100000 | Q:  89.476540 | won: False 
#  182 | steps: 24650 | steps_t: 19509 | t: 995.033477 | r:  -329.000000 | e:   0.100000 | Q:  93.945930 | won: False 
#  183 | steps: 24725 | steps_t: 19583 | t: 998.836820 | r:  -376.000000 | e:   0.100000 | Q: 109.862312 | won: False 
#  184 | steps: 24854 | steps_t: 19711 | t: 1005.370794 | r:  -309.000000 | e:   0.100000 | Q:  93.702103 | won: False 
#  185 | steps: 24942 | steps_t: 19798 | t: 1009.825078 | r:  -367.000000 | e:   0.100000 | Q:  93.946045 | won: False 
#  186 | steps: 25005 | steps_t: 19860 | t: 1012.984217 | r:  -386.000000 | e:   0.100000 | Q:  90.447456 | won: False 
#  187 | steps: 25098 | steps_t: 19952 | t: 1017.690861 | r:  -273.000000 | e:   0.100000 | Q:  90.077118 | won: False 
#  188 | steps: 25151 | steps_t: 20004 | t: 1020.331884 | r:  -475.000000 | e:   0.100000 | Q:  82.913574 | won: False 
#  189 | steps: 25316 | steps_t: 20168 | t: 1028.662210 | r:  -279.000000 | e:   0.100000 | Q:  86.937813 | won: False 
#  190 | steps: 25465 | steps_t: 20316 | t: 1036.203626 | r:  -384.000000 | e:   0.100000 | Q:  94.633514 | won: False 
#  191 | steps: 25543 | steps_t: 20393 | t: 1040.112632 | r:  -258.000000 | e:   0.100000 | Q:  82.656143 | won: False 
#  192 | steps: 25657 | steps_t: 20506 | t: 1045.879652 | r:  -228.000000 | e:   0.100000 | Q:  86.205345 | won: False 
#  193 | steps: 25786 | steps_t: 20634 | t: 1052.393577 | r:  -177.000000 | e:   0.100000 | Q:  85.265877 | won: False 
#  194 | steps: 25828 | steps_t: 20675 | t: 1054.471174 | r:  -398.000000 | e:   0.100000 | Q:  85.235573 | won: False 
#  195 | steps: 25903 | steps_t: 20749 | t: 1058.235756 | r:  -354.000000 | e:   0.100000 | Q:  89.656548 | won: False 
#  196 | steps: 26165 | steps_t: 21010 | t: 1071.550537 | r:  -321.000000 | e:   0.100000 | Q:  74.047699 | won: False 
#  197 | steps: 26230 | steps_t: 21074 | t: 1074.806963 | r:  -421.000000 | e:   0.100000 | Q:  96.488274 | won: False 
#  198 | steps: 26294 | steps_t: 21137 | t: 1078.032516 | r:  -431.000000 | e:   0.100000 | Q: 100.096779 | won: False 
#  199 | steps: 26333 | steps_t: 21175 | t: 1079.964820 | r:  -450.000000 | e:   0.100000 | Q:  88.371017 | won: False 
#  200 | steps: 26408 | steps_t: 21249 | t: 1083.736742 | r:  -332.000000 | e:   0.100000 | Q:  94.509964 | won: False 
#  201 | steps: 26731 | steps_t: 21571 | t: 1100.178891 | r:  -261.000000 | e:   0.100000 | Q:  93.675064 | won: False 
#  202 | steps: 26772 | steps_t: 21611 | t: 1102.228429 | r:  -375.000000 | e:   0.100000 | Q:  74.942871 | won: False 
#  203 | steps: 26865 | steps_t: 21703 | t: 1106.926860 | r:  -251.000000 | e:   0.100000 | Q:  75.172417 | won: False 
#  204 | steps: 27095 | steps_t: 21932 | t: 1118.617476 | r:  -344.000000 | e:   0.100000 | Q:  76.639526 | won: False 
#  205 | steps: 27256 | steps_t: 22092 | t: 1126.772525 | r:  -242.000000 | e:   0.100000 | Q:  88.953217 | won: False 
#  206 | steps: 27486 | steps_t: 22321 | t: 1138.430789 | r:  -234.000000 | e:   0.100000 | Q:  90.912132 | won: False 
#  207 | steps: 27597 | steps_t: 22431 | t: 1144.067720 | r:  -335.000000 | e:   0.100000 | Q:  89.808342 | won: False 
#  208 | steps: 27751 | steps_t: 22584 | t: 1151.872933 | r:  -246.000000 | e:   0.100000 | Q:  88.457901 | won: False 
#  209 | steps: 27875 | steps_t: 22707 | t: 1158.187770 | r:  -282.000000 | e:   0.100000 | Q:  85.246582 | won: False 
#  210 | steps: 27994 | steps_t: 22825 | t: 1164.212719 | r:  -310.000000 | e:   0.100000 | Q:  94.361580 | won: False 
#  211 | steps: 28089 | steps_t: 22919 | t: 1169.023949 | r:  -374.000000 | e:   0.100000 | Q:  97.569542 | won: False 
#  212 | steps: 28157 | steps_t: 22986 | t: 1172.440906 | r:  -358.000000 | e:   0.100000 | Q:  80.407364 | won: False 
#  213 | steps: 28285 | steps_t: 23113 | t: 1178.904248 | r:  -209.000000 | e:   0.100000 | Q:  83.929649 | won: False 
#  214 | steps: 28492 | steps_t: 23319 | t: 1189.436376 | r:  -431.000000 | e:   0.100000 | Q:  95.410278 | won: False 
#  215 | steps: 28613 | steps_t: 23439 | t: 1195.571288 | r:  -334.000000 | e:   0.100000 | Q:  83.312965 | won: False 
#  216 | steps: 28755 | steps_t: 23580 | t: 1202.786160 | r:  -344.000000 | e:   0.100000 | Q:  84.332344 | won: False 
#  217 | steps: 28876 | steps_t: 23700 | t: 1208.903751 | r:  -411.000000 | e:   0.100000 | Q:  94.448357 | won: False 
#  218 | steps: 28956 | steps_t: 23779 | t: 1213.574934 | r:  -238.000000 | e:   0.100000 | Q: 105.871475 | won: False 
#  219 | steps: 28995 | steps_t: 23817 | t: 1215.526505 | r:  -373.000000 | e:   0.100000 | Q:  98.299431 | won: False 
#  220 | steps: 29127 | steps_t: 23948 | t: 1222.237839 | r:  -312.000000 | e:   0.100000 | Q: 107.371780 | won: False 
#  221 | steps: 29219 | steps_t: 24039 | t: 1226.899022 | r:  -404.000000 | e:   0.100000 | Q:  93.417282 | won: False 
#  222 | steps: 29331 | steps_t: 24150 | t: 1232.595829 | r:  -336.000000 | e:   0.100000 | Q:  85.572319 | won: False 
#  223 | steps: 29385 | steps_t: 24203 | t: 1235.323892 | r:  -256.000000 | e:   0.100000 | Q:  90.489090 | won: False 
#  224 | steps: 29432 | steps_t: 24249 | t: 1237.663464 | r:  -392.000000 | e:   0.100000 | Q: 115.483803 | won: False 
#  225 | steps: 29580 | steps_t: 24396 | t: 1245.189244 | r:  -372.000000 | e:   0.100000 | Q: 104.058075 | won: False 
#  226 | steps: 29738 | steps_t: 24553 | t: 1253.234507 | r:  -415.000000 | e:   0.100000 | Q:  85.412865 | won: False 
#  227 | steps: 29788 | steps_t: 24602 | t: 1255.738891 | r:  -406.000000 | e:   0.100000 | Q:  93.931786 | won: False 
#  228 | steps: 29970 | steps_t: 24783 | t: 1265.017264 | r:  -384.000000 | e:   0.100000 | Q:  93.167702 | won: False 
#  229 | steps: 30280 | steps_t: 25092 | t: 1280.877309 | r:  -336.000000 | e:   0.100000 | Q:  78.099182 | won: False 
#  230 | steps: 30513 | steps_t: 25324 | t: 1292.777844 | r:  -226.000000 | e:   0.100000 | Q: 146.673904 | won: False 
#  231 | steps: 30850 | steps_t: 25660 | t: 1309.980905 | r:  -440.000000 | e:   0.100000 | Q:  96.361809 | won: False 
#  232 | steps: 31031 | steps_t: 25840 | t: 1319.198854 | r:  -427.000000 | e:   0.100000 | Q:  96.289154 | won: False 
#  233 | steps: 31163 | steps_t: 25971 | t: 1325.877923 | r:  -378.000000 | e:   0.100000 | Q:  86.263969 | won: False 
#  234 | steps: 31515 | steps_t: 26322 | t: 1343.827225 | r:  -444.000000 | e:   0.100000 | Q:  88.346581 | won: False 
#  235 | steps: 31682 | steps_t: 26488 | t: 1352.317847 | r:  -391.000000 | e:   0.100000 | Q: 108.054054 | won: False 
#  236 | steps: 31769 | steps_t: 26574 | t: 1356.707576 | r:  -399.000000 | e:   0.100000 | Q:  87.468262 | won: False 
#  237 | steps: 31863 | steps_t: 26667 | t: 1361.466479 | r:  -450.000000 | e:   0.100000 | Q:  87.318985 | won: False 
#  238 | steps: 31986 | steps_t: 26789 | t: 1367.691104 | r:  -435.000000 | e:   0.100000 | Q:  88.330231 | won: False 
#  239 | steps: 32077 | steps_t: 26879 | t: 1372.264391 | r:  -381.000000 | e:   0.100000 | Q:  85.307281 | won: False 
#  240 | steps: 32161 | steps_t: 26962 | t: 1376.515244 | r:  -418.000000 | e:   0.100000 | Q:  77.208153 | won: False 
#  241 | steps: 32256 | steps_t: 27056 | t: 1381.334560 | r:  -440.000000 | e:   0.100000 | Q: 100.464439 | won: False 
#  242 | steps: 32449 | steps_t: 27248 | t: 1391.181055 | r:  -230.000000 | e:   0.100000 | Q: 119.450859 | won: False 
#  243 | steps: 32545 | steps_t: 27343 | t: 1396.073656 | r:  -419.000000 | e:   0.100000 | Q:  95.216087 | won: False 
#  244 | steps: 32586 | steps_t: 27383 | t: 1398.143137 | r:  -386.000000 | e:   0.100000 | Q:  94.198997 | won: False 
#  245 | steps: 32830 | steps_t: 27626 | t: 1410.630494 | r:  -369.000000 | e:   0.100000 | Q:  99.290649 | won: False 
#  246 | steps: 32899 | steps_t: 27694 | t: 1414.109508 | r:  -381.000000 | e:   0.100000 | Q:  98.453613 | won: False 
#  247 | steps: 32979 | steps_t: 27773 | t: 1418.166153 | r:  -249.000000 | e:   0.100000 | Q:  83.706375 | won: False 
#  248 | steps: 33067 | steps_t: 27860 | t: 1422.645858 | r:  -301.000000 | e:   0.100000 | Q: 101.907471 | won: False 
#  249 | steps: 33177 | steps_t: 27969 | t: 1428.246968 | r:  -268.000000 | e:   0.100000 | Q:  88.800476 | won: False 
#  250 | steps: 33368 | steps_t: 28159 | t: 1438.034534 | r:  -525.000000 | e:   0.100000 | Q:  95.555740 | won: False 
#  251 | steps: 33506 | steps_t: 28296 | t: 1445.102233 | r:  -329.000000 | e:   0.100000 | Q:  95.888580 | won: False 
#  252 | steps: 33610 | steps_t: 28399 | t: 1450.416917 | r:  -328.000000 | e:   0.100000 | Q: 107.944794 | won: False 
#  253 | steps: 33719 | steps_t: 28507 | t: 1456.001566 | r:  -344.000000 | e:   0.100000 | Q: 101.403748 | won: False 
#  254 | steps: 34016 | steps_t: 28803 | t: 1471.443049 | r:  -334.000000 | e:   0.100000 | Q:  95.351700 | won: False 
#  255 | steps: 34185 | steps_t: 28971 | t: 1480.079671 | r:  -327.000000 | e:   0.100000 | Q:  98.155579 | won: False 
#  256 | steps: 34256 | steps_t: 29041 | t: 1483.683377 | r:  -361.000000 | e:   0.100000 | Q: 116.028114 | won: False 
#  257 | steps: 34337 | steps_t: 29121 | t: 1487.792164 | r:  -404.000000 | e:   0.100000 | Q:  97.139091 | won: False 
#  258 | steps: 34524 | steps_t: 29307 | t: 1497.378124 | r:  -455.000000 | e:   0.100000 | Q: 106.659554 | won: False 
#  259 | steps: 34667 | steps_t: 29449 | t: 1504.688313 | r:  -378.000000 | e:   0.100000 | Q:  95.727730 | won: False 
#  260 | steps: 34727 | steps_t: 29508 | t: 1507.731373 | r:  -339.000000 | e:   0.100000 | Q:  91.526497 | won: False 
#  261 | steps: 34886 | steps_t: 29666 | t: 1515.893479 | r:  -493.000000 | e:   0.100000 | Q: 104.277252 | won: False 
#  262 | steps: 35326 | steps_t: 30105 | t: 1538.558918 | r:  -477.000000 | e:   0.100000 | Q:  86.969604 | won: False 
#  263 | steps: 35372 | steps_t: 30150 | t: 1540.880437 | r:  -457.000000 | e:   0.100000 | Q: 112.972641 | won: False 
#  264 | steps: 35488 | steps_t: 30265 | t: 1546.815201 | r:  -285.000000 | e:   0.100000 | Q:  85.170830 | won: False 
#  265 | steps: 35541 | steps_t: 30317 | t: 1549.493630 | r:  -442.000000 | e:   0.100000 | Q:  86.364471 | won: False 
#  266 | steps: 35693 | steps_t: 30468 | t: 1557.417771 | r:  -145.000000 | e:   0.100000 | Q:  80.252159 | won: False 
#  267 | steps: 35805 | steps_t: 30579 | t: 1563.161479 | r:  -468.000000 | e:   0.100000 | Q:  95.927544 | won: False 
#  268 | steps: 36075 | steps_t: 30848 | t: 1577.861127 | r:  -340.000000 | e:   0.100000 | Q: 107.817383 | won: False 
#  269 | steps: 36142 | steps_t: 30914 | t: 1581.292273 | r:  -357.000000 | e:   0.100000 | Q:  95.701187 | won: False 
#  270 | steps: 36349 | steps_t: 31120 | t: 1591.919000 | r:  -255.000000 | e:   0.100000 | Q: 104.113579 | won: False 
#  271 | steps: 36555 | steps_t: 31325 | t: 1602.519042 | r:  -298.000000 | e:   0.100000 | Q: 102.140366 | won: False 
#  272 | steps: 36707 | steps_t: 31476 | t: 1610.338977 | r:  -343.000000 | e:   0.100000 | Q:  96.465195 | won: False 
#  273 | steps: 36846 | steps_t: 31614 | t: 1617.478168 | r:  -297.000000 | e:   0.100000 | Q:  84.423172 | won: False 
#  274 | steps: 37218 | steps_t: 31985 | t: 1636.742393 | r:  -189.000000 | e:   0.100000 | Q: 111.245552 | won: False 
#  275 | steps: 37591 | steps_t: 32357 | t: 1656.133485 | r:  -212.000000 | e:   0.100000 | Q:  72.541100 | won: False 
#  276 | steps: 37896 | steps_t: 32661 | t: 1672.235841 | r:  -441.000000 | e:   0.100000 | Q: 115.429626 | won: False 
#  277 | steps: 38097 | steps_t: 32861 | t: 1682.756765 | r:  -469.000000 | e:   0.100000 | Q:  84.401588 | won: False 
#  278 | steps: 38145 | steps_t: 32908 | t: 1685.198870 | r:  -404.000000 | e:   0.100000 | Q:  91.654457 | won: False 
#  279 | steps: 38230 | steps_t: 32992 | t: 1689.528312 | r:  -441.000000 | e:   0.100000 | Q: 100.407745 | won: False 
#  280 | steps: 38544 | steps_t: 33305 | t: 1705.737031 | r:  -428.000000 | e:   0.100000 | Q:  88.910179 | won: False 
#  281 | steps: 38632 | steps_t: 33392 | t: 1710.230437 | r:  -301.000000 | e:   0.100000 | Q: 111.708595 | won: False 
#  282 | steps: 38780 | steps_t: 33539 | t: 1717.818224 | r:  -361.000000 | e:   0.100000 | Q:  90.126991 | won: False 
#  283 | steps: 38999 | steps_t: 33757 | t: 1729.098058 | r:  -432.000000 | e:   0.100000 | Q: 112.314507 | won: False 
#  284 | steps: 39042 | steps_t: 33799 | t: 1731.276068 | r:  -399.000000 | e:   0.100000 | Q: 114.518570 | won: False 
#  285 | steps: 39198 | steps_t: 33954 | t: 1739.275692 | r:  -435.000000 | e:   0.100000 | Q:  91.789642 | won: False 
#  286 | steps: 39431 | steps_t: 34186 | t: 1751.283990 | r:  -204.000000 | e:   0.100000 | Q:  89.689400 | won: False 
#  287 | steps: 39493 | steps_t: 34247 | t: 1754.423839 | r:  -440.000000 | e:   0.100000 | Q: 100.860085 | won: False 
#  288 | steps: 39534 | steps_t: 34287 | t: 1756.495328 | r:  -430.000000 | e:   0.100000 | Q:  84.331879 | won: False 
#  289 | steps: 39650 | steps_t: 34402 | t: 1762.471365 | r:  -274.000000 | e:   0.100000 | Q: 104.001221 | won: False 
#  290 | steps: 39714 | steps_t: 34465 | t: 1765.733587 | r:  -398.000000 | e:   0.100000 | Q:  66.992996 | won: False 
#  291 | steps: 39859 | steps_t: 34609 | t: 1773.173253 | r:  -391.000000 | e:   0.100000 | Q: 108.045090 | won: False 
#  292 | steps: 40008 | steps_t: 34757 | t: 1780.846369 | r:  -417.000000 | e:   0.100000 | Q: 100.473610 | won: False 
#  293 | steps: 40043 | steps_t: 34791 | t: 1782.606629 | r:  -402.000000 | e:   0.100000 | Q:  96.647369 | won: False 
#  294 | steps: 40093 | steps_t: 34840 | t: 1785.166615 | r:  -406.000000 | e:   0.100000 | Q: 100.822144 | won: False 
#  295 | steps: 40166 | steps_t: 34912 | t: 1788.905361 | r:  -396.000000 | e:   0.100000 | Q:  94.304092 | won: False 
#  296 | steps: 40289 | steps_t: 35034 | t: 1795.248393 | r:   -83.000000 | e:   0.100000 | Q: 119.168472 | won: False 
#  297 | steps: 40360 | steps_t: 35104 | t: 1798.892903 | r:  -361.000000 | e:   0.100000 | Q: 102.654930 | won: False 
#  298 | steps: 40570 | steps_t: 35313 | t: 1809.745997 | r:  -445.000000 | e:   0.100000 | Q: 136.847336 | won: False 
#  299 | steps: 40625 | steps_t: 35367 | t: 1812.541559 | r:  -422.000000 | e:   0.100000 | Q: 109.969948 | won: False 
#  300 | steps: 40699 | steps_t: 35440 | t: 1816.338068 | r:  -331.000000 | e:   0.100000 | Q:  92.133293 | won: False 
#  301 | steps: 40918 | steps_t: 35658 | t: 1827.653957 | r:  -124.000000 | e:   0.100000 | Q: 132.206268 | won: False 
#  302 | steps: 40972 | steps_t: 35711 | t: 1830.383832 | r:  -311.000000 | e:   0.100000 | Q: 110.241226 | won: False 
#  303 | steps: 41172 | steps_t: 35910 | t: 1840.689840 | r:  -314.000000 | e:   0.100000 | Q: 118.032707 | won: False 
#  304 | steps: 41301 | steps_t: 36038 | t: 1847.272914 | r:  -320.000000 | e:   0.100000 | Q: 103.530502 | won: False 
#  305 | steps: 41546 | steps_t: 36282 | t: 1859.884048 | r:  -469.000000 | e:   0.100000 | Q:  95.928177 | won: False 
#  306 | steps: 41770 | steps_t: 36505 | t: 1871.403971 | r:   -63.000000 | e:   0.100000 | Q: 132.463394 | won: False 
#  307 | steps: 42020 | steps_t: 36754 | t: 1884.293825 | r:  -342.000000 | e:   0.100000 | Q: 102.431793 | won: False 
#  308 | steps: 42078 | steps_t: 36811 | t: 1887.235216 | r:  -238.000000 | e:   0.100000 | Q:  87.827637 | won: False 
#  309 | steps: 42199 | steps_t: 36931 | t: 1893.460088 | r:  -345.000000 | e:   0.100000 | Q:  90.597420 | won: False 
#  310 | steps: 42506 | steps_t: 37237 | t: 1909.451589 | r:  -344.000000 | e:   0.100000 | Q:  95.149986 | won: False 
#  311 | steps: 42687 | steps_t: 37417 | t: 1918.956990 | r:  -251.000000 | e:   0.100000 | Q:  79.757843 | won: False 
#  312 | steps: 42727 | steps_t: 37456 | t: 1921.064772 | r:  -407.000000 | e:   0.100000 | Q:  84.791321 | won: False 
#  313 | steps: 42819 | steps_t: 37547 | t: 1925.845155 | r:  -360.000000 | e:   0.100000 | Q:  95.073318 | won: False 
#  314 | steps: 42959 | steps_t: 37686 | t: 1933.250830 | r:  -375.000000 | e:   0.100000 | Q:  91.145996 | won: False 
#  315 | steps: 43187 | steps_t: 37913 | t: 1945.069685 | r:  -353.000000 | e:   0.100000 | Q:  89.735748 | won: False 
#  316 | steps: 43232 | steps_t: 37957 | t: 1947.373079 | r:  -401.000000 | e:   0.100000 | Q:  98.698921 | won: False 
#  317 | steps: 43286 | steps_t: 38010 | t: 1950.131007 | r:  -432.000000 | e:   0.100000 | Q: 129.465881 | won: False 
#  318 | steps: 43488 | steps_t: 38211 | t: 1960.641118 | r:  -195.000000 | e:   0.100000 | Q: 101.291962 | won: False 
#  319 | steps: 43534 | steps_t: 38256 | t: 1962.971419 | r:  -391.000000 | e:   0.100000 | Q:  86.838585 | won: False 
#  320 | steps: 43589 | steps_t: 38310 | t: 1965.753824 | r:  -367.000000 | e:   0.100000 | Q:  87.117302 | won: False 
#  321 | steps: 43843 | steps_t: 38563 | t: 1978.868066 | r:  -313.000000 | e:   0.100000 | Q: 107.911369 | won: False 
#  322 | steps: 43977 | steps_t: 38696 | t: 1985.740776 | r:  -391.000000 | e:   0.100000 | Q: 100.576546 | won: False 
#  323 | steps: 44029 | steps_t: 38747 | t: 1988.388773 | r:  -408.000000 | e:   0.100000 | Q:  84.941650 | won: False 
#  324 | steps: 44213 | steps_t: 38930 | t: 1997.870647 | r:  -397.000000 | e:   0.100000 | Q: 113.349373 | won: False 
#  325 | steps: 44320 | steps_t: 39036 | t: 2003.386646 | r:  -375.000000 | e:   0.100000 | Q:  86.315933 | won: False 
#  326 | steps: 44461 | steps_t: 39176 | t: 2010.634875 | r:  -255.000000 | e:   0.100000 | Q: 113.949478 | won: False 
#  327 | steps: 44546 | steps_t: 39260 | t: 2014.968636 | r:  -364.000000 | e:   0.100000 | Q:  93.203194 | won: False 
#  328 | steps: 44641 | steps_t: 39354 | t: 2019.821278 | r:  -352.000000 | e:   0.100000 | Q: 104.369728 | won: False 
#  329 | steps: 44734 | steps_t: 39446 | t: 2025.570165 | r:  -273.000000 | e:   0.100000 | Q:  95.059807 | won: False 
#  330 | steps: 44824 | steps_t: 39535 | t: 2030.184720 | r:  -380.000000 | e:   0.100000 | Q:  94.202583 | won: False 
#  331 | steps: 44895 | steps_t: 39605 | t: 2033.809210 | r:  -328.000000 | e:   0.100000 | Q:  88.720001 | won: False 
#  332 | steps: 44947 | steps_t: 39656 | t: 2036.452438 | r:  -364.000000 | e:   0.100000 | Q:  92.176308 | won: False 
#  333 | steps: 45047 | steps_t: 39755 | t: 2041.584716 | r:  -445.000000 | e:   0.100000 | Q:  93.751129 | won: False 
#  334 | steps: 45163 | steps_t: 39870 | t: 2047.507600 | r:  -175.000000 | e:   0.100000 | Q:  96.862976 | won: False 
#  335 | steps: 45260 | steps_t: 39966 | t: 2052.501524 | r:  -266.000000 | e:   0.100000 | Q:  91.833626 | won: False 
#  336 | steps: 45426 | steps_t: 40131 | t: 2061.087290 | r:  -423.000000 | e:   0.100000 | Q:  84.248840 | won: False 
#  337 | steps: 45555 | steps_t: 40259 | t: 2067.836622 | r:  -364.000000 | e:   0.100000 | Q:  92.897484 | won: False 
#  338 | steps: 45725 | steps_t: 40428 | t: 2076.712346 | r:  -295.000000 | e:   0.100000 | Q:  86.246490 | won: False 
#  339 | steps: 45762 | steps_t: 40464 | t: 2079.100392 | r:  -481.000000 | e:   0.100000 | Q:  98.102791 | won: False 
#  340 | steps: 45936 | steps_t: 40637 | t: 2088.329616 | r:  -387.000000 | e:   0.100000 | Q:  99.643150 | won: False 
#  341 | steps: 46080 | steps_t: 40780 | t: 2095.819234 | r:  -445.000000 | e:   0.100000 | Q:  95.269630 | won: False 
#  342 | steps: 46274 | steps_t: 40973 | t: 2105.880741 | r:  -550.000000 | e:   0.100000 | Q:  89.757195 | won: False 
