#    1 | steps:    12 | steps_t:     0 | t: 0.000000 | r:  -467.000000 | e:   1.000000 | Q:        nan | won: False 
#    2 | steps:    27 | steps_t:     0 | t: 0.015634 | r:  -470.000000 | e:   1.000000 | Q:        nan | won: False 
#    3 | steps:    39 | steps_t:     0 | t: 0.015634 | r:  -489.000000 | e:   1.000000 | Q:        nan | won: False 
#    4 | steps:    50 | steps_t:     0 | t: 0.031260 | r:  -466.000000 | e:   1.000000 | Q:        nan | won: False 
#    5 | steps:    62 | steps_t:     0 | t: 0.031260 | r:  -489.000000 | e:   1.000000 | Q:        nan | won: False 
#    6 | steps:    75 | steps_t:     0 | t: 0.046886 | r:  -490.000000 | e:   1.000000 | Q:        nan | won: False 
#    7 | steps:    90 | steps_t:     0 | t: 0.062512 | r:  -481.000000 | e:   1.000000 | Q:        nan | won: False 
#    8 | steps:   101 | steps_t:     0 | t: 0.062512 | r:  -488.000000 | e:   1.000000 | Q:        nan | won: False 
#    9 | steps:   117 | steps_t:     0 | t: 0.078138 | r:  -460.000000 | e:   1.000000 | Q:        nan | won: False 
#   10 | steps:   134 | steps_t:     0 | t: 0.093764 | r:  -428.000000 | e:   1.000000 | Q:        nan | won: False 
#    1 | steps:   165 | steps_t: 5860553 | t: 0.203138 | r:   570.000000 | e:   0.100000 | Q: 189.794266 | won: True 
#    2 | steps:   246 | steps_t: 5860553 | t: 0.284268 | r:    35.000000 | e:   0.100000 | Q: 202.794464 | won: False 
#    3 | steps:   333 | steps_t: 5860553 | t: 0.392426 | r:   -18.000000 | e:   0.100000 | Q: 204.150452 | won: False 
#    4 | steps:   421 | steps_t: 5860553 | t: 0.477185 | r:   -30.000000 | e:   0.100000 | Q: 181.586212 | won: False 
#    5 | steps:   441 | steps_t: 5860553 | t: 0.508438 | r:  -314.000000 | e:   0.100000 | Q: 202.794464 | won: False 
#    6 | steps:   499 | steps_t: 5860553 | t: 0.563820 | r:   -59.000000 | e:   0.100000 | Q: 216.743362 | won: False 
#    7 | steps:   575 | steps_t: 5860553 | t: 0.657575 | r:   -33.000000 | e:   0.100000 | Q: 205.900024 | won: False 
#    8 | steps:   660 | steps_t: 5860553 | t: 0.738738 | r:   130.000000 | e:   0.100000 | Q: 205.312073 | won: False 
#    9 | steps:   672 | steps_t: 5860553 | t: 0.754364 | r:  -423.000000 | e:   0.100000 | Q: 175.677353 | won: False 
#   10 | steps:   699 | steps_t: 5860553 | t: 0.785616 | r:  -284.000000 | e:   0.100000 | Q: 197.966202 | won: False 
