#    1 | steps:    20 | steps_t: 3270774 | t: 0.039221 | r:    92.000000 | e:   0.100000 | Q: 101.667725 | won: True 
#    2 | steps:    35 | steps_t: 3270774 | t: 0.060650 | r:  -503.000000 | e:   0.100000 | Q:  83.875259 | won: False 
#    3 | steps:    56 | steps_t: 3270774 | t: 0.095493 | r:    91.000000 | e:   0.100000 | Q: 100.147888 | won: True 
#    4 | steps:    73 | steps_t: 3270774 | t: 0.124507 | r:    95.000000 | e:   0.100000 | Q: 100.854179 | won: True 
#    5 | steps:    99 | steps_t: 3270774 | t: 0.166509 | r:    86.000000 | e:   0.100000 | Q: 101.595726 | won: True 
#    6 | steps:   129 | steps_t: 3270774 | t: 0.222506 | r:    82.000000 | e:   0.100000 | Q: 101.656296 | won: True 
#    7 | steps:   146 | steps_t: 3270774 | t: 0.253505 | r:    95.000000 | e:   0.100000 | Q: 100.854179 | won: True 
#    8 | steps:   163 | steps_t: 3270774 | t: 0.283516 | r:    95.000000 | e:   0.100000 | Q: 100.854179 | won: True 
#    9 | steps:   193 | steps_t: 3270774 | t: 0.351505 | r:    82.000000 | e:   0.100000 | Q: 101.656296 | won: True 
#   10 | steps:   213 | steps_t: 3270774 | t: 0.391507 | r:    92.000000 | e:   0.100000 | Q: 100.943588 | won: True 
#    1 | steps:    27 | steps_t: 3270774 | t: 0.054001 | r:    85.000000 | e:   0.100000 | Q: 100.642761 | won: True 
#    2 | steps:    51 | steps_t: 3270774 | t: 0.086938 | r:    88.000000 | e:   0.100000 | Q: 100.516335 | won: True 
#    3 | steps:    71 | steps_t: 3270774 | t: 0.122946 | r:    92.000000 | e:   0.100000 | Q:  99.964523 | won: True 
#    4 | steps:    86 | steps_t: 3270774 | t: 0.151987 | r:    97.000000 | e:   0.100000 | Q: 100.642761 | won: True 
#    5 | steps:   103 | steps_t: 3270774 | t: 0.184985 | r:    95.000000 | e:   0.100000 | Q: 100.530968 | won: True 
#    6 | steps:   123 | steps_t: 3270774 | t: 0.217794 | r:    92.000000 | e:   0.100000 | Q: 100.943588 | won: True 
#    7 | steps:   135 | steps_t: 3270774 | t: 0.239763 | r:  -511.000000 | e:   0.100000 | Q:  47.467590 | won: False 
#    8 | steps:   153 | steps_t: 3270774 | t: 0.267792 | r:    94.000000 | e:   0.100000 | Q:  99.949371 | won: True 
#    9 | steps:   171 | steps_t: 3270774 | t: 0.296794 | r:    94.000000 | e:   0.100000 | Q:  99.949371 | won: True 
#   10 | steps:   186 | steps_t: 3270774 | t: 0.320756 | r:  -503.000000 | e:   0.100000 | Q:  71.862808 | won: False 
