#    1 | steps:    17 | steps_t: 3270774 | t: 0.031264 | r:    95.000000 | e:   0.100000 | Q: 100.854179 | won: True 
#    2 | steps:    35 | steps_t: 3270774 | t: 0.047321 | r:    94.000000 | e:   0.100000 | Q: 102.359123 | won: True 
#    3 | steps:    53 | steps_t: 3270774 | t: 0.078634 | r:    94.000000 | e:   0.100000 | Q:  99.949371 | won: True 
#    4 | steps:    70 | steps_t: 3270774 | t: 0.094204 | r:    95.000000 | e:   0.100000 | Q: 101.309280 | won: True 
#    5 | steps:    87 | steps_t: 3270774 | t: 0.125561 | r:    95.000000 | e:   0.100000 | Q: 100.854179 | won: True 
#    6 | steps:   104 | steps_t: 3270774 | t: 0.141079 | r:    95.000000 | e:   0.100000 | Q: 100.147888 | won: True 
#    7 | steps:   121 | steps_t: 3270774 | t: 0.172372 | r:    95.000000 | e:   0.100000 | Q: 101.309280 | won: True 
#    8 | steps:   153 | steps_t: 3270774 | t: 0.203581 | r:    80.000000 | e:   0.100000 | Q: 101.667725 | won: True 
#    9 | steps:   178 | steps_t: 3270774 | t: 0.234889 | r:  -513.000000 | e:   0.100000 | Q:  66.261192 | won: False 
#   10 | steps:   195 | steps_t: 3270774 | t: 0.250455 | r:    95.000000 | e:   0.100000 | Q: 101.309280 | won: True 
#    1 | steps:    20 | steps_t: 3270774 | t: 0.031203 | r:    92.000000 | e:   0.100000 | Q:  94.869438 | won: True 
#    2 | steps:    37 | steps_t: 3270774 | t: 0.046830 | r:    95.000000 | e:   0.100000 | Q: 100.147888 | won: True 
#    3 | steps:    55 | steps_t: 3270774 | t: 0.078086 | r:    94.000000 | e:   0.100000 | Q: 100.625839 | won: True 
#    4 | steps:    72 | steps_t: 3270774 | t: 0.093704 | r:  -505.000000 | e:   0.100000 | Q:  90.346596 | won: False 
#    5 | steps:    93 | steps_t: 3270774 | t: 0.109331 | r:    91.000000 | e:   0.100000 | Q: 100.425217 | won: True 
#    6 | steps:   116 | steps_t: 3270774 | t: 0.140582 | r:    89.000000 | e:   0.100000 | Q: 101.474655 | won: True 
#    7 | steps:   132 | steps_t: 3270774 | t: 0.171898 | r:    96.000000 | e:   0.100000 | Q: 100.369331 | won: True 
#    8 | steps:   162 | steps_t: 3270774 | t: 0.203090 | r:    82.000000 | e:   0.100000 | Q: 101.656296 | won: True 
#    9 | steps:   179 | steps_t: 3270774 | t: 0.218704 | r:    95.000000 | e:   0.100000 | Q: 101.309280 | won: True 
#   10 | steps:   195 | steps_t: 3270774 | t: 0.234370 | r:    96.000000 | e:   0.100000 | Q: 100.943588 | won: True 
