#    1 | steps:    18 | steps_t: 2735611 | t: 0.067999 | r:    94.000000 | e:   0.100000 | Q: 100.611267 | won: True 
#    2 | steps:    35 | steps_t: 2735611 | t: 0.092997 | r:    95.000000 | e:   0.100000 | Q: 101.350464 | won: True 
#    3 | steps:    56 | steps_t: 2735611 | t: 0.126004 | r:  -509.000000 | e:   0.100000 | Q:  59.813198 | won: False 
#    4 | steps:    85 | steps_t: 2735611 | t: 0.178001 | r:    83.000000 | e:   0.100000 | Q: 102.335548 | won: True 
#    5 | steps:   102 | steps_t: 2735611 | t: 0.208998 | r:    95.000000 | e:   0.100000 | Q: 101.350464 | won: True 
#    6 | steps:   132 | steps_t: 2735611 | t: 0.258011 | r:    82.000000 | e:   0.100000 | Q:  98.804779 | won: True 
#    7 | steps:   148 | steps_t: 2735611 | t: 0.286996 | r:  -504.000000 | e:   0.100000 | Q:  84.548409 | won: False 
#    8 | steps:   165 | steps_t: 2735611 | t: 0.310999 | r:    95.000000 | e:   0.100000 | Q: 101.350464 | won: True 
#    9 | steps:   182 | steps_t: 2735611 | t: 0.341999 | r:    95.000000 | e:   0.100000 | Q: 101.350464 | won: True 
#   10 | steps:   199 | steps_t: 2735611 | t: 0.372011 | r:    95.000000 | e:   0.100000 | Q: 101.350464 | won: True 
#    1 | steps:    18 | steps_t: 2735611 | t: 0.037000 | r:    94.000000 | e:   0.100000 | Q: 100.611267 | won: True 
#    2 | steps:    34 | steps_t: 2735611 | t: 0.057999 | r:  -504.000000 | e:   0.100000 | Q:  83.010231 | won: False 
#    3 | steps:    51 | steps_t: 2735611 | t: 0.083999 | r:    95.000000 | e:   0.100000 | Q: 101.350464 | won: True 
#    4 | steps:    69 | steps_t: 2735611 | t: 0.113998 | r:    94.000000 | e:   0.100000 | Q: 101.288605 | won: True 
#    5 | steps:    85 | steps_t: 2735611 | t: 0.138029 | r:  -515.000000 | e:   0.100000 | Q:  49.764263 | won: False 
#    6 | steps:   102 | steps_t: 2735611 | t: 0.171019 | r:    95.000000 | e:   0.100000 | Q: 102.149544 | won: True 
#    7 | steps:   120 | steps_t: 2735611 | t: 0.201020 | r:    94.000000 | e:   0.100000 | Q: 100.611267 | won: True 
#    8 | steps:   138 | steps_t: 2735611 | t: 0.233021 | r:  -506.000000 | e:   0.100000 | Q:  93.709908 | won: False 
#    9 | steps:   155 | steps_t: 2735611 | t: 0.256020 | r:  -505.000000 | e:   0.100000 | Q:  89.710854 | won: False 
#   10 | steps:   172 | steps_t: 2735611 | t: 0.294023 | r:    95.000000 | e:   0.100000 | Q: 101.350464 | won: True 
