#    1 | steps:     7 | steps_t: 3271349 | t: 0.015617 | r:  -484.000000 | e:   0.100000 | Q: 144.574600 | won: False 
#    2 | steps:    14 | steps_t: 3271349 | t: 0.031246 | r:  -484.000000 | e:   0.100000 | Q: 144.574600 | won: False 
#    3 | steps:    21 | steps_t: 3271349 | t: 0.031246 | r:  -484.000000 | e:   0.100000 | Q: 144.574600 | won: False 
#    4 | steps:    28 | steps_t: 3271349 | t: 0.051373 | r:  -484.000000 | e:   0.100000 | Q: 144.574600 | won: False 
#    5 | steps:    35 | steps_t: 3271349 | t: 0.062884 | r:  -484.000000 | e:   0.100000 | Q: 144.574600 | won: False 
#    6 | steps:    55 | steps_t: 3271349 | t: 0.078557 | r:  -398.000000 | e:   0.100000 | Q: 158.298431 | won: False 
#    7 | steps:    62 | steps_t: 3271349 | t: 0.094145 | r:  -484.000000 | e:   0.100000 | Q: 144.574600 | won: False 
#    8 | steps:    69 | steps_t: 3271349 | t: 0.109807 | r:  -484.000000 | e:   0.100000 | Q: 144.574600 | won: False 
#    9 | steps:    76 | steps_t: 3271349 | t: 0.125422 | r:  -484.000000 | e:   0.100000 | Q: 144.574600 | won: False 
#   10 | steps:    83 | steps_t: 3271349 | t: 0.141060 | r:  -484.000000 | e:   0.100000 | Q: 144.574600 | won: False 
#    1 | steps:    28 | steps_t: 3380835 | t: 0.056771 | r:  -516.000000 | e:   0.100000 | Q:  89.404999 | won: False 
#    2 | steps:    42 | steps_t: 3380835 | t: 0.068434 | r:  -513.000000 | e:   0.100000 | Q:  74.274719 | won: False 
#    3 | steps:    57 | steps_t: 3380835 | t: 0.072393 | r:  -492.000000 | e:   0.100000 | Q:  89.404999 | won: False 
#    4 | steps:    72 | steps_t: 3380835 | t: 0.088055 | r:  -492.000000 | e:   0.100000 | Q:  89.404999 | won: False 
#    5 | steps:    89 | steps_t: 3380835 | t: 0.119304 | r:  -516.000000 | e:   0.100000 | Q:  89.404999 | won: False 
#    6 | steps:   109 | steps_t: 3380835 | t: 0.150555 | r:  -508.000000 | e:   0.100000 | Q:  89.404999 | won: False 
#    7 | steps:   127 | steps_t: 3380835 | t: 0.166224 | r:  -517.000000 | e:   0.100000 | Q:  89.404999 | won: False 
#    8 | steps:   146 | steps_t: 3380835 | t: 0.197471 | r:  -496.000000 | e:   0.100000 | Q:  89.404999 | won: False 
#    9 | steps:   176 | steps_t: 3380835 | t: 0.228722 | r:    82.000000 | e:   0.100000 | Q: 103.384560 | won: True 
#   10 | steps:   182 | steps_t: 3380835 | t: 0.244349 | r:  -505.000000 | e:   0.100000 | Q:  57.207005 | won: False 
