#    1 | steps:     7 | steps_t: 3271349 | t: 0.015632 | r:  -484.000000 | e:   0.100000 | Q: 144.574600 | won: False 
#    2 | steps:    14 | steps_t: 3271349 | t: 0.035540 | r:  -484.000000 | e:   0.100000 | Q: 128.869629 | won: False 
#    3 | steps:    21 | steps_t: 3271349 | t: 0.048094 | r:  -484.000000 | e:   0.100000 | Q: 144.574600 | won: False 
#    4 | steps:    28 | steps_t: 3271349 | t: 0.063741 | r:  -484.000000 | e:   0.100000 | Q: 144.574600 | won: False 
#    5 | steps:    35 | steps_t: 3271349 | t: 0.079415 | r:  -484.000000 | e:   0.100000 | Q: 144.574600 | won: False 
#    6 | steps:    47 | steps_t: 3271349 | t: 0.094998 | r:  -434.000000 | e:   0.100000 | Q: 144.574600 | won: False 
#    7 | steps:    54 | steps_t: 3271349 | t: 0.110612 | r:  -484.000000 | e:   0.100000 | Q: 144.574600 | won: False 
#    8 | steps:    61 | steps_t: 3271349 | t: 0.126271 | r:  -484.000000 | e:   0.100000 | Q: 144.574600 | won: False 
#    9 | steps:    68 | steps_t: 3271349 | t: 0.126271 | r:  -484.000000 | e:   0.100000 | Q: 144.574600 | won: False 
#   10 | steps:    75 | steps_t: 3271349 | t: 0.141864 | r:  -484.000000 | e:   0.100000 | Q: 144.574600 | won: False 
#    1 | steps:     9 | steps_t: 3380835 | t: 0.015663 | r:  -508.000000 | e:   0.100000 | Q:  71.602051 | won: False 
#    2 | steps:    15 | steps_t: 3380835 | t: 0.036833 | r:  -505.000000 | e:   0.100000 | Q:  57.207005 | won: False 
#    3 | steps:    31 | steps_t: 3380835 | t: 0.063022 | r:  -515.000000 | e:   0.100000 | Q: 101.951004 | won: False 
#    4 | steps:    53 | steps_t: 3380835 | t: 0.094311 | r:  -510.000000 | e:   0.100000 | Q:  89.404999 | won: False 
#    5 | steps:    76 | steps_t: 3380835 | t: 0.141188 | r:  -511.000000 | e:   0.100000 | Q:  89.404999 | won: False 
#    6 | steps:   106 | steps_t: 3380835 | t: 0.203690 | r:    82.000000 | e:   0.100000 | Q: 103.384560 | won: True 
#    7 | steps:   126 | steps_t: 3380835 | t: 0.234905 | r:  -508.000000 | e:   0.100000 | Q:  89.404999 | won: False 
#    8 | steps:   156 | steps_t: 3380835 | t: 0.297701 | r:    82.000000 | e:   0.100000 | Q: 103.384560 | won: True 
#    9 | steps:   186 | steps_t: 3380835 | t: 0.344577 | r:    82.000000 | e:   0.100000 | Q: 103.384560 | won: True 
#   10 | steps:   206 | steps_t: 3380835 | t: 0.375870 | r:  -508.000000 | e:   0.100000 | Q:  89.404999 | won: False 
