#    1 | steps:     7 | steps_t: 3271349 | t: 0.015627 | r:  -484.000000 | e:   0.100000 | Q: 144.574600 | won: False 
#    2 | steps:    14 | steps_t: 3271349 | t: 0.015627 | r:  -484.000000 | e:   0.100000 | Q: 144.574600 | won: False 
#    3 | steps:    21 | steps_t: 3271349 | t: 0.015627 | r:  -484.000000 | e:   0.100000 | Q: 144.574600 | won: False 
#    4 | steps:    28 | steps_t: 3271349 | t: 0.031253 | r:  -484.000000 | e:   0.100000 | Q: 144.574600 | won: False 
#    5 | steps:    35 | steps_t: 3271349 | t: 0.031253 | r:  -484.000000 | e:   0.100000 | Q: 144.574600 | won: False 
#    6 | steps:    42 | steps_t: 3271349 | t: 0.031253 | r:  -484.000000 | e:   0.100000 | Q: 144.574600 | won: False 
#    7 | steps:    48 | steps_t: 3271349 | t: 0.046879 | r:  -483.000000 | e:   0.100000 | Q: 128.869629 | won: False 
#    8 | steps:    67 | steps_t: 3271349 | t: 0.046879 | r:  -452.000000 | e:   0.100000 | Q: 176.485138 | won: False 
#    9 | steps:    74 | steps_t: 3271349 | t: 0.062505 | r:  -484.000000 | e:   0.100000 | Q: 144.574600 | won: False 
#   10 | steps:    81 | steps_t: 3271349 | t: 0.062505 | r:  -495.000000 | e:   0.100000 | Q: 128.869629 | won: False 
#    1 | steps:    30 | steps_t: 3380835 | t: 0.031251 | r:    82.000000 | e:   0.100000 | Q:  98.878029 | won: True 
#    2 | steps:    42 | steps_t: 3380835 | t: 0.031251 | r:  -511.000000 | e:   0.100000 | Q:  80.970963 | won: False 
#    3 | steps:    59 | steps_t: 3380835 | t: 0.046877 | r:  -516.000000 | e:   0.100000 | Q:  89.404999 | won: False 
#    4 | steps:    85 | steps_t: 3380835 | t: 0.062504 | r:  -514.000000 | e:   0.100000 | Q:  89.404999 | won: False 
#    5 | steps:    95 | steps_t: 3380835 | t: 0.062504 | r:  -509.000000 | e:   0.100000 | Q:  77.148911 | won: False 
#    6 | steps:   125 | steps_t: 3380835 | t: 0.078130 | r:    82.000000 | e:   0.100000 | Q: 103.384560 | won: True 
#    7 | steps:   145 | steps_t: 3380835 | t: 0.093755 | r:  -508.000000 | e:   0.100000 | Q:  80.970963 | won: False 
#    8 | steps:   157 | steps_t: 3380835 | t: 0.093755 | r:  -511.000000 | e:   0.100000 | Q:  80.970963 | won: False 
#    9 | steps:   179 | steps_t: 3380835 | t: 0.109382 | r:    90.000000 | e:   0.100000 | Q: 103.384560 | won: True 
#   10 | steps:   205 | steps_t: 3380835 | t: 0.125008 | r:  -514.000000 | e:   0.100000 | Q:  89.404999 | won: False 
