#    1 | steps:    26 | steps_t: 2735611 | t: 0.031219 | r:    86.000000 | e:   0.100000 | Q:  98.804779 | won: True 
#    2 | steps:    44 | steps_t: 2735611 | t: 0.046851 | r:    94.000000 | e:   0.100000 | Q: 100.611267 | won: True 
#    3 | steps:    70 | steps_t: 2735611 | t: 0.078343 | r:    86.000000 | e:   0.100000 | Q: 100.725166 | won: True 
#    4 | steps:    91 | steps_t: 2735611 | t: 0.109644 | r:    91.000000 | e:   0.100000 | Q: 102.335548 | won: True 
#    5 | steps:   111 | steps_t: 2735611 | t: 0.125257 | r:    92.000000 | e:   0.100000 | Q:  98.254601 | won: True 
#    6 | steps:   131 | steps_t: 2735611 | t: 0.156517 | r:    92.000000 | e:   0.100000 | Q:  98.254601 | won: True 
#    7 | steps:   151 | steps_t: 2735611 | t: 0.187820 | r:    92.000000 | e:   0.100000 | Q:  99.659950 | won: True 
#    8 | steps:   172 | steps_t: 2735611 | t: 0.203353 | r:    91.000000 | e:   0.100000 | Q: 102.335548 | won: True 
#    9 | steps:   190 | steps_t: 2735611 | t: 0.234607 | r:    94.000000 | e:   0.100000 | Q: 101.288605 | won: True 
#   10 | steps:   210 | steps_t: 2735611 | t: 0.250228 | r:    92.000000 | e:   0.100000 | Q:  91.418518 | won: True 
#    1 | steps:    18 | steps_t: 3270774 | t: 0.031272 | r:  -506.000000 | e:   0.100000 | Q:  94.376884 | won: False 
#    2 | steps:    33 | steps_t: 3270774 | t: 0.046862 | r:  -503.000000 | e:   0.100000 | Q:  71.862808 | won: False 
#    3 | steps:    50 | steps_t: 3270774 | t: 0.062876 | r:  -505.000000 | e:   0.100000 | Q:  90.346596 | won: False 
#    4 | steps:    80 | steps_t: 3270774 | t: 0.109804 | r:  -518.000000 | e:   0.100000 | Q: 100.552032 | won: False 
#    5 | steps:    97 | steps_t: 3270774 | t: 0.125424 | r:    95.000000 | e:   0.100000 | Q: 101.309280 | won: True 
#    6 | steps:   114 | steps_t: 3270774 | t: 0.156704 | r:  -505.000000 | e:   0.100000 | Q:  95.238617 | won: False 
#    7 | steps:   131 | steps_t: 3270774 | t: 0.172302 | r:    95.000000 | e:   0.100000 | Q: 101.309280 | won: True 
#    8 | steps:   151 | steps_t: 3270774 | t: 0.203511 | r:    92.000000 | e:   0.100000 | Q: 100.369331 | won: True 
#    9 | steps:   169 | steps_t: 3270774 | t: 0.219179 | r:    94.000000 | e:   0.100000 | Q:  99.949371 | won: True 
#   10 | steps:   187 | steps_t: 3270774 | t: 0.234805 | r:    94.000000 | e:   0.100000 | Q:  99.949371 | won: True 
