#    1 | steps:    38 | steps_t: 2735611 | t: 0.069473 | r:  -526.000000 | e:   0.100000 | Q:  85.334602 | won: False 
#    2 | steps:    54 | steps_t: 2735611 | t: 0.085151 | r:    96.000000 | e:   0.100000 | Q: 100.250908 | won: True 
#    3 | steps:    72 | steps_t: 2735611 | t: 0.116935 | r:    94.000000 | e:   0.100000 | Q: 100.611267 | won: True 
#    4 | steps:    95 | steps_t: 2735611 | t: 0.148189 | r:    89.000000 | e:   0.100000 | Q: 106.888481 | won: True 
#    5 | steps:   112 | steps_t: 2735611 | t: 0.163813 | r:    95.000000 | e:   0.100000 | Q: 102.149544 | won: True 
#    6 | steps:   129 | steps_t: 2735611 | t: 0.195109 | r:    95.000000 | e:   0.100000 | Q: 101.350464 | won: True 
#    7 | steps:   147 | steps_t: 2735611 | t: 0.210722 | r:    94.000000 | e:   0.100000 | Q: 101.288605 | won: True 
#    8 | steps:   164 | steps_t: 2735611 | t: 0.241935 | r:    95.000000 | e:   0.100000 | Q: 102.149544 | won: True 
#    9 | steps:   182 | steps_t: 2735611 | t: 0.257561 | r:    94.000000 | e:   0.100000 | Q: 100.611267 | won: True 
#   10 | steps:   199 | steps_t: 2735611 | t: 0.273228 | r:    95.000000 | e:   0.100000 | Q: 101.350464 | won: True 
#    1 | steps:    17 | steps_t: 2735611 | t: 0.031247 | r:    95.000000 | e:   0.100000 | Q: 101.230827 | won: True 
#    2 | steps:    43 | steps_t: 2735611 | t: 0.062984 | r:  -514.000000 | e:   0.100000 | Q:  72.352150 | won: False 
#    3 | steps:    61 | steps_t: 2735611 | t: 0.078605 | r:    94.000000 | e:   0.100000 | Q: 100.611267 | won: True 
#    4 | steps:    76 | steps_t: 2735611 | t: 0.094232 | r:  -503.000000 | e:   0.100000 | Q:  68.836113 | won: False 
#    5 | steps:    94 | steps_t: 2735611 | t: 0.125523 | r:    94.000000 | e:   0.100000 | Q: 100.611267 | won: True 
#    6 | steps:   109 | steps_t: 2735611 | t: 0.141107 | r:  -503.000000 | e:   0.100000 | Q:  76.950836 | won: False 
#    7 | steps:   126 | steps_t: 2735611 | t: 0.172358 | r:    95.000000 | e:   0.100000 | Q: 102.149544 | won: True 
#    8 | steps:   144 | steps_t: 2735611 | t: 0.188013 | r:    94.000000 | e:   0.100000 | Q: 100.611267 | won: True 
#    9 | steps:   173 | steps_t: 2735611 | t: 0.219290 | r:    83.000000 | e:   0.100000 | Q:  99.316360 | won: True 
#   10 | steps:   191 | steps_t: 2735611 | t: 0.234960 | r:    94.000000 | e:   0.100000 | Q: 100.960747 | won: True 
