#    1 | steps:   181 | steps_t:    80 | t: 1.172129 | r:  -354.000000 | e:   0.992000 | Q:  51.621220 | won: False 
#    2 | steps:   204 | steps_t:   102 | t: 1.460073 | r:  -445.000000 | e:   0.989800 | Q:        nan | won: False 
#    3 | steps:   215 | steps_t:   112 | t: 1.592146 | r:  -488.000000 | e:   0.988800 | Q:        nan | won: False 
#    4 | steps:   261 | steps_t:   157 | t: 2.199569 | r:  -490.000000 | e:   0.984300 | Q:        nan | won: False 
#    5 | steps:   425 | steps_t:   320 | t: 4.305118 | r:  -410.000000 | e:   0.968000 | Q:  27.260454 | won: False 
#    6 | steps:   453 | steps_t:   347 | t: 4.646813 | r:  -450.000000 | e:   0.965300 | Q:  26.120062 | won: False 
#    7 | steps:   465 | steps_t:   358 | t: 4.785084 | r:  -467.000000 | e:   0.964200 | Q:        nan | won: False 
#    8 | steps:   481 | steps_t:   373 | t: 4.975232 | r:  -493.000000 | e:   0.962700 | Q:  21.202925 | won: False 
#    9 | steps:   496 | steps_t:   387 | t: 5.156630 | r:  -470.000000 | e:   0.961300 | Q:        nan | won: False 
#   10 | steps:   521 | steps_t:   411 | t: 5.476548 | r:  -447.000000 | e:   0.958900 | Q:        nan | won: False 
#   11 | steps:   544 | steps_t:   433 | t: 5.770855 | r:  -478.000000 | e:   0.956700 | Q:        nan | won: False 
#   12 | steps:   567 | steps_t:   455 | t: 6.066198 | r:  -500.000000 | e:   0.954500 | Q:   7.008283 | won: False 
#   13 | steps:   667 | steps_t:   554 | t: 7.409786 | r:  -412.000000 | e:   0.944600 | Q:   6.279001 | won: False 
#   14 | steps:   711 | steps_t:   597 | t: 7.989669 | r:  -499.000000 | e:   0.940300 | Q:   2.509532 | won: False 
#   15 | steps:   751 | steps_t:   636 | t: 8.491426 | r:  -429.000000 | e:   0.936400 | Q:   2.002399 | won: False 
#   16 | steps:   768 | steps_t:   652 | t: 8.696819 | r:  -483.000000 | e:   0.934800 | Q:   2.049404 | won: False 
#   17 | steps:   784 | steps_t:   667 | t: 8.886674 | r:  -482.000000 | e:   0.933300 | Q:        nan | won: False 
#   18 | steps:   824 | steps_t:   706 | t: 9.403840 | r:  -440.000000 | e:   0.929400 | Q:        nan | won: False 
#   19 | steps:   885 | steps_t:   766 | t: 10.209931 | r:  -494.000000 | e:   0.923400 | Q:   3.326095 | won: False 
#   20 | steps:   935 | steps_t:   815 | t: 10.830272 | r:  -494.000000 | e:   0.918500 | Q:   3.798160 | won: False 
#   21 | steps:   950 | steps_t:   829 | t: 11.007451 | r:  -437.000000 | e:   0.917100 | Q:        nan | won: False 
#   22 | steps:   983 | steps_t:   861 | t: 11.438459 | r:  -499.000000 | e:   0.913900 | Q:   1.921316 | won: False 
#   23 | steps:  1001 | steps_t:   878 | t: 11.669766 | r:  -484.000000 | e:   0.912200 | Q:   0.637119 | won: False 
#   24 | steps:  1029 | steps_t:   905 | t: 12.037852 | r:  -494.000000 | e:   0.909500 | Q:  -0.165358 | won: False 
#   25 | steps:  1044 | steps_t:   919 | t: 12.215822 | r:  -470.000000 | e:   0.908100 | Q:        nan | won: False 
#   26 | steps:  1171 | steps_t:  1045 | t: 13.887173 | r:  -417.000000 | e:   0.895500 | Q:  -1.861368 | won: False 
#   27 | steps:  1190 | steps_t:  1063 | t: 14.139045 | r:  -485.000000 | e:   0.893700 | Q: -54.636864 | won: False 
#   28 | steps:  1220 | steps_t:  1092 | t: 14.515234 | r:  -452.000000 | e:   0.890800 | Q: -72.952621 | won: False 
#   29 | steps:  1244 | steps_t:  1115 | t: 14.808021 | r:  -501.000000 | e:   0.888500 | Q: -73.088142 | won: False 
#   30 | steps:  1303 | steps_t:  1173 | t: 15.564314 | r:  -470.000000 | e:   0.882700 | Q: -64.717438 | won: False 
#   31 | steps:  1321 | steps_t:  1190 | t: 15.794296 | r:  -484.000000 | e:   0.881000 | Q:        nan | won: False 
#   32 | steps:  1347 | steps_t:  1215 | t: 16.119276 | r:  -492.000000 | e:   0.878500 | Q: -93.418358 | won: False 
#   33 | steps:  1362 | steps_t:  1229 | t: 16.302893 | r:  -492.000000 | e:   0.877100 | Q: -90.609215 | won: False 
#   34 | steps:  1374 | steps_t:  1240 | t: 16.444046 | r:  -456.000000 | e:   0.876000 | Q: -98.650749 | won: False 
#   35 | steps:  1405 | steps_t:  1270 | t: 16.818115 | r:  -464.000000 | e:   0.873000 | Q: -120.976891 | won: False 
#   36 | steps:  1428 | steps_t:  1292 | t: 17.095790 | r:  -445.000000 | e:   0.870800 | Q: -124.699715 | won: False 
#   37 | steps:  1443 | steps_t:  1306 | t: 17.283726 | r:  -481.000000 | e:   0.869400 | Q: -122.015778 | won: False 
#   38 | steps:  1464 | steps_t:  1326 | t: 17.551983 | r:  -476.000000 | e:   0.867400 | Q: -113.570961 | won: False 
#   39 | steps:  1492 | steps_t:  1353 | t: 17.916230 | r:  -472.000000 | e:   0.864700 | Q: -122.288414 | won: False 
#   40 | steps:  1561 | steps_t:  1421 | t: 18.898374 | r:  -524.000000 | e:   0.857900 | Q: -130.856155 | won: False 
#   41 | steps:  1574 | steps_t:  1433 | t: 19.051231 | r:  -457.000000 | e:   0.856700 | Q: -121.269791 | won: False 
#   42 | steps:  1584 | steps_t:  1442 | t: 19.175058 | r:  -454.000000 | e:   0.855800 | Q: -118.906898 | won: False 
#   43 | steps:  1629 | steps_t:  1486 | t: 19.764917 | r:  -401.000000 | e:   0.851400 | Q: -113.437561 | won: False 
#   44 | steps:  1680 | steps_t:  1536 | t: 20.419055 | r:  -495.000000 | e:   0.846400 | Q: -120.799126 | won: False 
#   45 | steps:  1708 | steps_t:  1563 | t: 20.754788 | r:  -417.000000 | e:   0.843700 | Q: -106.374840 | won: False 
#   46 | steps:  1718 | steps_t:  1572 | t: 20.868745 | r:  -465.000000 | e:   0.842800 | Q:        nan | won: False 
#   47 | steps:  1734 | steps_t:  1587 | t: 21.060255 | r:  -438.000000 | e:   0.841300 | Q: -112.939774 | won: False 
#   48 | steps:  1878 | steps_t:  1730 | t: 22.907962 | r:  -372.000000 | e:   0.827000 | Q: -86.145630 | won: False 
#   49 | steps:  1899 | steps_t:  1750 | t: 23.161803 | r:  -443.000000 | e:   0.825000 | Q: -97.567917 | won: False 
#   50 | steps:  1906 | steps_t:  1756 | t: 23.242058 | r:  -440.000000 | e:   0.824400 | Q: -98.107185 | won: False 
#   51 | steps:  1915 | steps_t:  1764 | t: 23.346171 | r:  -464.000000 | e:   0.823600 | Q: -94.534485 | won: False 
#   52 | steps:  1954 | steps_t:  1802 | t: 23.820476 | r:  -472.000000 | e:   0.819800 | Q: -83.616982 | won: False 
#   53 | steps:  1979 | steps_t:  1826 | t: 24.126032 | r:  -425.000000 | e:   0.817400 | Q: -88.023087 | won: False 
#   54 | steps:  1991 | steps_t:  1837 | t: 24.267674 | r:  -445.000000 | e:   0.816300 | Q: -110.082642 | won: False 
#   55 | steps:  2030 | steps_t:  1875 | t: 24.737456 | r:  -494.000000 | e:   0.812500 | Q: -120.097672 | won: False 
#   56 | steps:  2042 | steps_t:  1886 | t: 24.875451 | r:  -456.000000 | e:   0.811400 | Q: -137.215958 | won: False 
#   57 | steps:  2096 | steps_t:  1939 | t: 25.547691 | r:  -465.000000 | e:   0.806100 | Q: -119.061562 | won: False 
#   58 | steps:  2144 | steps_t:  1986 | t: 26.161436 | r:  -393.000000 | e:   0.801400 | Q: -108.984978 | won: False 
#   59 | steps:  2167 | steps_t:  2008 | t: 26.437382 | r:  -467.000000 | e:   0.799200 | Q: -115.713417 | won: False 
#   60 | steps:  2178 | steps_t:  2018 | t: 26.557101 | r:  -477.000000 | e:   0.798200 | Q: -124.171394 | won: False 
#   61 | steps:  2196 | steps_t:  2035 | t: 26.760701 | r:  -462.000000 | e:   0.796500 | Q: -119.803680 | won: False 
#   62 | steps:  2209 | steps_t:  2047 | t: 26.904686 | r:  -457.000000 | e:   0.795300 | Q: -122.805756 | won: False 
#   63 | steps:  2233 | steps_t:  2070 | t: 27.186672 | r:  -446.000000 | e:   0.793000 | Q: -107.992722 | won: False 
#   64 | steps:  2275 | steps_t:  2111 | t: 27.737066 | r:  -508.000000 | e:   0.788900 | Q: -102.542648 | won: False 
#   65 | steps:  2290 | steps_t:  2125 | t: 27.918519 | r:  -481.000000 | e:   0.787500 | Q: -108.217751 | won: False 
#   66 | steps:  2325 | steps_t:  2159 | t: 28.330265 | r:  -468.000000 | e:   0.784100 | Q: -104.241493 | won: False 
#   67 | steps:  2346 | steps_t:  2179 | t: 28.568527 | r:  -454.000000 | e:   0.782100 | Q: -105.662529 | won: False 
#   68 | steps:  2393 | steps_t:  2225 | t: 29.142477 | r:  -436.000000 | e:   0.777500 | Q: -97.093758 | won: False 
#   69 | steps:  2414 | steps_t:  2245 | t: 29.494237 | r:  -388.000000 | e:   0.775500 | Q: -90.814476 | won: False 
#   70 | steps:  2463 | steps_t:  2293 | t: 30.089105 | r:  -471.000000 | e:   0.770700 | Q: -99.141129 | won: False 
#   71 | steps:  2498 | steps_t:  2327 | t: 30.494626 | r:  -424.000000 | e:   0.767300 | Q: -104.127647 | won: False 
#   72 | steps:  2658 | steps_t:  2486 | t: 32.485918 | r:  -311.000000 | e:   0.751400 | Q: -89.593018 | won: False 
#   73 | steps:  2669 | steps_t:  2496 | t: 32.606034 | r:  -499.000000 | e:   0.750400 | Q: -98.122955 | won: False 
#   74 | steps:  2679 | steps_t:  2505 | t: 32.712208 | r:  -476.000000 | e:   0.749500 | Q: -90.163422 | won: False 
#   75 | steps:  2704 | steps_t:  2529 | t: 32.994296 | r:  -469.000000 | e:   0.747100 | Q: -85.401314 | won: False 
#   76 | steps:  2725 | steps_t:  2549 | t: 33.245808 | r:  -432.000000 | e:   0.745100 | Q: -89.513779 | won: False 
#   77 | steps:  2757 | steps_t:  2580 | t: 33.637576 | r:  -410.000000 | e:   0.742000 | Q: -101.047585 | won: False 
#   78 | steps:  2789 | steps_t:  2611 | t: 34.014885 | r:  -432.000000 | e:   0.738900 | Q: -113.643066 | won: False 
#   79 | steps:  2798 | steps_t:  2619 | t: 34.114123 | r:  -453.000000 | e:   0.738100 | Q: -123.783302 | won: False 
#   80 | steps:  2852 | steps_t:  2672 | t: 34.745774 | r:  -465.000000 | e:   0.732800 | Q: -119.874924 | won: False 
#   81 | steps:  2874 | steps_t:  2693 | t: 34.993922 | r:  -488.000000 | e:   0.730700 | Q: -123.645256 | won: False 
#   82 | steps:  2891 | steps_t:  2709 | t: 35.196205 | r:  -461.000000 | e:   0.729100 | Q: -121.579277 | won: False 
#   83 | steps:  2904 | steps_t:  2721 | t: 35.349719 | r:  -468.000000 | e:   0.727900 | Q: -132.424637 | won: False 
#   84 | steps:  2941 | steps_t:  2757 | t: 35.809737 | r:  -492.000000 | e:   0.724300 | Q: -141.599548 | won: False 
#   85 | steps:  2957 | steps_t:  2772 | t: 35.987068 | r:  -460.000000 | e:   0.722800 | Q: -151.988419 | won: False 
#   86 | steps:  3038 | steps_t:  2852 | t: 37.062287 | r:  -375.000000 | e:   0.714800 | Q: -117.914001 | won: False 
#   87 | steps:  3059 | steps_t:  2872 | t: 37.318713 | r:  -465.000000 | e:   0.712800 | Q: -121.611404 | won: False 
#   88 | steps:  3105 | steps_t:  2917 | t: 37.918967 | r:  -391.000000 | e:   0.708300 | Q: -97.920143 | won: False 
#   89 | steps:  3113 | steps_t:  2924 | t: 38.010593 | r:  -452.000000 | e:   0.707600 | Q: -104.794754 | won: False 
#   90 | steps:  3126 | steps_t:  2936 | t: 38.174736 | r:  -501.000000 | e:   0.706400 | Q: -109.925148 | won: False 
#   91 | steps:  3138 | steps_t:  2947 | t: 38.328207 | r:  -478.000000 | e:   0.705300 | Q: -123.981941 | won: False 
#   92 | steps:  3258 | steps_t:  3066 | t: 39.823285 | r:  -333.000000 | e:   0.693400 | Q: -94.373123 | won: False 
#   93 | steps:  3285 | steps_t:  3092 | t: 40.168874 | r:  -449.000000 | e:   0.690800 | Q: -141.955963 | won: False 
#   94 | steps:  3302 | steps_t:  3108 | t: 40.384310 | r:  -461.000000 | e:   0.689200 | Q:        nan | won: False 
#   95 | steps:  3334 | steps_t:  3139 | t: 40.803005 | r:  -476.000000 | e:   0.686100 | Q: -123.003242 | won: False 
#   96 | steps:  3407 | steps_t:  3211 | t: 41.686503 | r:  -363.000000 | e:   0.678900 | Q: -97.900932 | won: False 
#   97 | steps:  3451 | steps_t:  3254 | t: 42.200250 | r:  -455.000000 | e:   0.674600 | Q: -88.703857 | won: False 
#   98 | steps:  3468 | steps_t:  3270 | t: 42.399406 | r:  -428.000000 | e:   0.673000 | Q: -93.572037 | won: False 
#   99 | steps:  3484 | steps_t:  3285 | t: 42.590667 | r:  -471.000000 | e:   0.671500 | Q: -102.742813 | won: False 
#  100 | steps:  3507 | steps_t:  3307 | t: 42.868612 | r:  -489.000000 | e:   0.669300 | Q: -108.759300 | won: False 
#  101 | steps:  3517 | steps_t:  3316 | t: 44.520702 | r:  -487.000000 | e:   0.668400 | Q: -109.415817 | won: False 
