#    1 | steps:    78 | steps_t:     0 | t: 0.066016 | r:  -332.000000 | e:   1.000000 | Q:        nan | won: False 
#    2 | steps:   115 | steps_t:     0 | t: 0.092023 | r:  -503.000000 | e:   1.000000 | Q:        nan | won: False 
#    3 | steps:   196 | steps_t:     0 | t: 0.146037 | r:  -514.000000 | e:   1.000000 | Q:        nan | won: False 
#    4 | steps:   208 | steps_t:     0 | t: 0.156039 | r:  -467.000000 | e:   1.000000 | Q:        nan | won: False 
#    5 | steps:   223 | steps_t:     0 | t: 0.166041 | r:  -492.000000 | e:   1.000000 | Q:        nan | won: False 
#    6 | steps:   271 | steps_t:     0 | t: 0.198049 | r:  -382.000000 | e:   1.000000 | Q:        nan | won: False 
#    7 | steps:   349 | steps_t:     0 | t: 0.252063 | r:  -467.000000 | e:   1.000000 | Q:        nan | won: False 
#    8 | steps:   375 | steps_t:     0 | t: 0.270067 | r:  -492.000000 | e:   1.000000 | Q:        nan | won: False 
#    9 | steps:   426 | steps_t:     0 | t: 0.304076 | r:  -462.000000 | e:   1.000000 | Q:        nan | won: False 
#   10 | steps:   446 | steps_t:     0 | t: 0.318080 | r:  -431.000000 | e:   1.000000 | Q:        nan | won: False 
#   11 | steps:   473 | steps_t:     0 | t: 0.338085 | r:  -493.000000 | e:   1.000000 | Q:        nan | won: False 
#   12 | steps:   504 | steps_t:     0 | t: 0.358089 | r:  -508.000000 | e:   1.000000 | Q:        nan | won: False 
#   13 | steps:   526 | steps_t:     0 | t: 0.374093 | r:  -488.000000 | e:   1.000000 | Q:        nan | won: False 
#   14 | steps:   542 | steps_t:     0 | t: 0.384095 | r:  -482.000000 | e:   1.000000 | Q:        nan | won: False 
#   15 | steps:   577 | steps_t:     0 | t: 0.408102 | r:  -468.000000 | e:   1.000000 | Q:        nan | won: False 
#   16 | steps:   595 | steps_t:     0 | t: 0.420105 | r:  -484.000000 | e:   1.000000 | Q:        nan | won: False 
#   17 | steps:   648 | steps_t:     0 | t: 0.456114 | r:  -464.000000 | e:   1.000000 | Q:        nan | won: False 
#   18 | steps:   658 | steps_t:     0 | t: 0.464116 | r:  -476.000000 | e:   1.000000 | Q:        nan | won: False 
#   19 | steps:   680 | steps_t:     0 | t: 0.480120 | r:  -488.000000 | e:   1.000000 | Q:        nan | won: False 
#   20 | steps:   700 | steps_t:     0 | t: 0.547116 | r:  -464.000000 | e:   1.000000 | Q:        nan | won: False 
#   21 | steps:   730 | steps_t:     0 | t: 0.567122 | r:  -463.000000 | e:   1.000000 | Q:        nan | won: False 
#   22 | steps:   743 | steps_t:     0 | t: 0.575123 | r:  -468.000000 | e:   1.000000 | Q:        nan | won: False 
#   23 | steps:   774 | steps_t:     0 | t: 0.597129 | r:  -398.000000 | e:   1.000000 | Q:        nan | won: False 
#   24 | steps:   795 | steps_t:     0 | t: 0.611133 | r:  -476.000000 | e:   1.000000 | Q:        nan | won: False 
#   25 | steps:   845 | steps_t:     0 | t: 0.645141 | r:  -483.000000 | e:   1.000000 | Q:        nan | won: False 
#   26 | steps:   872 | steps_t:     0 | t: 0.665146 | r:  -471.000000 | e:   1.000000 | Q:        nan | won: False 
#   27 | steps:   885 | steps_t:     0 | t: 0.673148 | r:  -468.000000 | e:   1.000000 | Q:        nan | won: False 
#   28 | steps:  1055 | steps_t:     0 | t: 0.788062 | r:  -504.000000 | e:   1.000000 | Q:        nan | won: False 
#   29 | steps:  1078 | steps_t:     0 | t: 0.804066 | r:  -500.000000 | e:   1.000000 | Q:        nan | won: False 
#   30 | steps:  1116 | steps_t:     0 | t: 0.830071 | r:  -460.000000 | e:   1.000000 | Q:        nan | won: False 
#   31 | steps:  1137 | steps_t:     0 | t: 0.844075 | r:  -465.000000 | e:   1.000000 | Q:        nan | won: False 
#   32 | steps:  1165 | steps_t:     0 | t: 0.864080 | r:  -505.000000 | e:   1.000000 | Q:        nan | won: False 
#   33 | steps:  1180 | steps_t:     0 | t: 0.874082 | r:  -470.000000 | e:   1.000000 | Q:        nan | won: False 
#   34 | steps:  1214 | steps_t:     0 | t: 0.898088 | r:  -478.000000 | e:   1.000000 | Q:        nan | won: False 
#   35 | steps:  1303 | steps_t:     0 | t: 0.958104 | r:  -467.000000 | e:   1.000000 | Q:        nan | won: False 
#   36 | steps:  1321 | steps_t:     0 | t: 0.972107 | r:  -440.000000 | e:   1.000000 | Q:        nan | won: False 
#   37 | steps:  1379 | steps_t:     0 | t: 1.010117 | r:  -491.000000 | e:   1.000000 | Q:        nan | won: False 
#   38 | steps:  1447 | steps_t:     0 | t: 1.058334 | r:  -391.000000 | e:   1.000000 | Q:        nan | won: False 
#   39 | steps:  1459 | steps_t:     0 | t: 1.065570 | r:  -478.000000 | e:   1.000000 | Q:        nan | won: False 
#   40 | steps:  1471 | steps_t:     0 | t: 1.075570 | r:  -456.000000 | e:   1.000000 | Q:        nan | won: False 
#   41 | steps:  1504 | steps_t:     0 | t: 1.097575 | r:  -477.000000 | e:   1.000000 | Q:        nan | won: False 
#   42 | steps:  1581 | steps_t:     0 | t: 1.150407 | r:  -466.000000 | e:   1.000000 | Q:        nan | won: False 
#   43 | steps:  1604 | steps_t:     0 | t: 1.164467 | r:  -456.000000 | e:   1.000000 | Q:        nan | won: False 
#   44 | steps:  1618 | steps_t:     0 | t: 1.174469 | r:  -447.000000 | e:   1.000000 | Q:        nan | won: False 
#   45 | steps:  1653 | steps_t:     0 | t: 1.198475 | r:  -457.000000 | e:   1.000000 | Q:        nan | won: False 
#   46 | steps:  1665 | steps_t:     0 | t: 1.206478 | r:  -478.000000 | e:   1.000000 | Q:        nan | won: False 
#   47 | steps:  2088 | steps_t:     0 | t: 1.493387 | r:  -541.000000 | e:   1.000000 | Q:        nan | won: False 
#   48 | steps:  2114 | steps_t:     0 | t: 1.513391 | r:  -492.000000 | e:   1.000000 | Q:        nan | won: False 
#   49 | steps:  2134 | steps_t:     0 | t: 1.525394 | r:  -486.000000 | e:   1.000000 | Q:        nan | won: False 
#   50 | steps:  2191 | steps_t:     0 | t: 1.565404 | r:  -457.000000 | e:   1.000000 | Q:        nan | won: False 
#   51 | steps:  2235 | steps_t:     0 | t: 1.595412 | r:  -400.000000 | e:   1.000000 | Q:        nan | won: False 
#   52 | steps:  2299 | steps_t:     0 | t: 1.641423 | r:  -431.000000 | e:   1.000000 | Q:        nan | won: False 
#   53 | steps:  2352 | steps_t:     0 | t: 1.677433 | r:  -453.000000 | e:   1.000000 | Q:        nan | won: False 
#   54 | steps:  2382 | steps_t:     0 | t: 1.697438 | r:  -507.000000 | e:   1.000000 | Q:        nan | won: False 
#   55 | steps:  2406 | steps_t:     0 | t: 1.713441 | r:  -479.000000 | e:   1.000000 | Q:        nan | won: False 
#   56 | steps:  2451 | steps_t:     0 | t: 1.816421 | r:  -423.000000 | e:   1.000000 | Q:        nan | won: False 
#   57 | steps:  2471 | steps_t:     0 | t: 1.830424 | r:  -497.000000 | e:   1.000000 | Q:        nan | won: False 
#   58 | steps:  2519 | steps_t:     0 | t: 1.862432 | r:  -492.000000 | e:   1.000000 | Q:        nan | won: False 
#   59 | steps:  2534 | steps_t:     0 | t: 1.872435 | r:  -492.000000 | e:   1.000000 | Q:        nan | won: False 
#   60 | steps:  2553 | steps_t:     0 | t: 1.886438 | r:  -485.000000 | e:   1.000000 | Q:        nan | won: False 
#   61 | steps:  2579 | steps_t:     0 | t: 1.904442 | r:  -415.000000 | e:   1.000000 | Q:        nan | won: False 
#   62 | steps:  2592 | steps_t:     0 | t: 1.912444 | r:  -490.000000 | e:   1.000000 | Q:        nan | won: False 
#   63 | steps:  2629 | steps_t:     0 | t: 1.938451 | r:  -470.000000 | e:   1.000000 | Q:        nan | won: False 
#   64 | steps:  2725 | steps_t:     0 | t: 2.002467 | r:  -430.000000 | e:   1.000000 | Q:        nan | won: False 
#   65 | steps:  2855 | steps_t:     0 | t: 2.093252 | r:  -464.000000 | e:   1.000000 | Q:        nan | won: False 
#   66 | steps:  2872 | steps_t:     0 | t: 2.105255 | r:  -472.000000 | e:   1.000000 | Q:        nan | won: False 
#   67 | steps:  2907 | steps_t:     0 | t: 2.129261 | r:  -468.000000 | e:   1.000000 | Q:        nan | won: False 
#   68 | steps:  2966 | steps_t:     0 | t: 2.169270 | r:  -342.000000 | e:   1.000000 | Q:        nan | won: False 
#   69 | steps:  2985 | steps_t:     0 | t: 2.181274 | r:  -441.000000 | e:   1.000000 | Q:        nan | won: False 
#   70 | steps:  3079 | steps_t:     0 | t: 2.246154 | r:  -494.000000 | e:   1.000000 | Q:        nan | won: False 
#   71 | steps:  3098 | steps_t:     0 | t: 2.260157 | r:  -474.000000 | e:   1.000000 | Q:        nan | won: False 
#   72 | steps:  3123 | steps_t:     0 | t: 2.276161 | r:  -458.000000 | e:   1.000000 | Q:        nan | won: False 
#   73 | steps:  3149 | steps_t:     0 | t: 2.294165 | r:  -459.000000 | e:   1.000000 | Q:        nan | won: False 
#   74 | steps:  3165 | steps_t:     0 | t: 2.306168 | r:  -460.000000 | e:   1.000000 | Q:        nan | won: False 
#   75 | steps:  3180 | steps_t:     0 | t: 2.316170 | r:  -492.000000 | e:   1.000000 | Q:        nan | won: False 
#   76 | steps:  3193 | steps_t:     0 | t: 2.324172 | r:  -490.000000 | e:   1.000000 | Q:        nan | won: False 
#   77 | steps:  3210 | steps_t:     0 | t: 2.336176 | r:  -461.000000 | e:   1.000000 | Q:        nan | won: False 
#   78 | steps:  3231 | steps_t:     0 | t: 2.350179 | r:  -498.000000 | e:   1.000000 | Q:        nan | won: False 
#   79 | steps:  3247 | steps_t:     0 | t: 2.360182 | r:  -438.000000 | e:   1.000000 | Q:        nan | won: False 
#   80 | steps:  3380 | steps_t:     0 | t: 2.452204 | r:  -423.000000 | e:   1.000000 | Q:        nan | won: False 
#   81 | steps:  3432 | steps_t:     0 | t: 2.488214 | r:  -419.000000 | e:   1.000000 | Q:        nan | won: False 
#   82 | steps:  3487 | steps_t:     0 | t: 2.524223 | r:  -455.000000 | e:   1.000000 | Q:        nan | won: False 
#   83 | steps:  3502 | steps_t:     0 | t: 2.536226 | r:  -492.000000 | e:   1.000000 | Q:        nan | won: False 
#   84 | steps:  3521 | steps_t:     0 | t: 2.548229 | r:  -485.000000 | e:   1.000000 | Q:        nan | won: False 
#   85 | steps:  3574 | steps_t:     0 | t: 2.584237 | r:  -325.000000 | e:   1.000000 | Q:        nan | won: False 
#   86 | steps:  3614 | steps_t:     0 | t: 2.612246 | r:  -462.000000 | e:   1.000000 | Q:        nan | won: False 
#   87 | steps:  3640 | steps_t:     0 | t: 2.630249 | r:  -415.000000 | e:   1.000000 | Q:        nan | won: False 
#   88 | steps:  3733 | steps_t:     0 | t: 2.693243 | r:  -449.000000 | e:   1.000000 | Q:        nan | won: False 
#   89 | steps:  3808 | steps_t:     0 | t: 2.745255 | r:  -387.000000 | e:   1.000000 | Q:        nan | won: False 
#   90 | steps:  3836 | steps_t:     0 | t: 2.765261 | r:  -483.000000 | e:   1.000000 | Q:        nan | won: False 
#   91 | steps:  3915 | steps_t:     0 | t: 2.819274 | r:  -424.000000 | e:   1.000000 | Q:        nan | won: False 
#   92 | steps:  3950 | steps_t:     0 | t: 2.843281 | r:  -490.000000 | e:   1.000000 | Q:        nan | won: False 
#   93 | steps:  3983 | steps_t:     0 | t: 2.865287 | r:  -444.000000 | e:   1.000000 | Q:        nan | won: False 
#   94 | steps:  4002 | steps_t:     0 | t: 2.879290 | r:  -441.000000 | e:   1.000000 | Q:        nan | won: False 
#   95 | steps:  4028 | steps_t:     0 | t: 2.897295 | r:  -481.000000 | e:   1.000000 | Q:        nan | won: False 
#   96 | steps:  4061 | steps_t:     0 | t: 2.919300 | r:  -488.000000 | e:   1.000000 | Q:        nan | won: False 
#   97 | steps:  4082 | steps_t:     0 | t: 2.933303 | r:  -443.000000 | e:   1.000000 | Q:        nan | won: False 
#   98 | steps:  4137 | steps_t:     0 | t: 2.971313 | r:  -378.000000 | e:   1.000000 | Q:        nan | won: False 
#   99 | steps:  4163 | steps_t:     0 | t: 2.989317 | r:  -470.000000 | e:   1.000000 | Q:        nan | won: False 
#  100 | steps:  4196 | steps_t:     0 | t: 3.011323 | r:  -411.000000 | e:   1.000000 | Q:        nan | won: False 
#  101 | steps:  4283 | steps_t:     0 | t: 18.022851 | r:  -520.000000 | e:   1.000000 | Q:        nan | won: False 
