#    1 | steps:    23 | steps_t: 3271349 | t: 0.042998 | r:  -379.000000 | e:   0.100000 | Q: 242.447098 | won: False 
#    2 | steps:    30 | steps_t: 3271349 | t: 0.054996 | r:  -484.000000 | e:   0.100000 | Q: 144.574600 | won: False 
#    3 | steps:    37 | steps_t: 3271349 | t: 0.069997 | r:  -484.000000 | e:   0.100000 | Q: 144.574600 | won: False 
#    4 | steps:    44 | steps_t: 3271349 | t: 0.088998 | r:  -484.000000 | e:   0.100000 | Q: 144.574600 | won: False 
#    5 | steps:    50 | steps_t: 3271349 | t: 0.102998 | r:  -483.000000 | e:   0.100000 | Q: 144.574600 | won: False 
#    6 | steps:    55 | steps_t: 3271349 | t: 0.110998 | r:  -471.000000 | e:   0.100000 | Q: 128.869629 | won: False 
#    7 | steps:    62 | steps_t: 3271349 | t: 0.122997 | r:  -484.000000 | e:   0.100000 | Q: 144.574600 | won: False 
#    8 | steps:    69 | steps_t: 3271349 | t: 0.135997 | r:  -484.000000 | e:   0.100000 | Q: 144.574600 | won: False 
#    9 | steps:    76 | steps_t: 3271349 | t: 0.148996 | r:  -484.000000 | e:   0.100000 | Q: 144.574600 | won: False 
#   10 | steps:    83 | steps_t: 3271349 | t: 0.164005 | r:  -484.000000 | e:   0.100000 | Q: 144.574600 | won: False 
#    1 | steps:    17 | steps_t: 3380835 | t: 0.039002 | r:  -516.000000 | e:   0.100000 | Q:  76.065041 | won: False 
#    2 | steps:    33 | steps_t: 3380835 | t: 0.059035 | r:  -515.000000 | e:   0.100000 | Q:  89.404999 | won: False 
#    3 | steps:    43 | steps_t: 3380835 | t: 0.074000 | r:  -509.000000 | e:   0.100000 | Q:  60.943962 | won: False 
#    4 | steps:    57 | steps_t: 3380835 | t: 0.092999 | r:  -513.000000 | e:   0.100000 | Q:  89.404999 | won: False 
#    5 | steps:    81 | steps_t: 3380835 | t: 0.130999 | r:  -512.000000 | e:   0.100000 | Q:  84.654427 | won: False 
#    6 | steps:    96 | steps_t: 3380835 | t: 0.172001 | r:  -514.000000 | e:   0.100000 | Q:  89.404999 | won: False 
#    7 | steps:   105 | steps_t: 3380835 | t: 0.190999 | r:  -508.000000 | e:   0.100000 | Q:  71.602051 | won: False 
#    8 | steps:   119 | steps_t: 3380835 | t: 0.213000 | r:  -513.000000 | e:   0.100000 | Q:  89.404999 | won: False 
#    9 | steps:   147 | steps_t: 3380835 | t: 0.267000 | r:  -516.000000 | e:   0.100000 | Q: 101.951004 | won: False 
#   10 | steps:   177 | steps_t: 3380835 | t: 0.319397 | r:    82.000000 | e:   0.100000 | Q: 103.384560 | won: True 
