#    1 | steps:    13 | steps_t:     0 | t: 0.014479 | r:  -512.000000 | e:   1.000000 | Q:        nan | won: False 
#    2 | steps:    23 | steps_t:     0 | t: 0.016482 | r:  -509.000000 | e:   1.000000 | Q:        nan | won: False 
#    3 | steps:    33 | steps_t:     0 | t: 0.020483 | r:  -509.000000 | e:   1.000000 | Q:        nan | won: False 
#    4 | steps:    42 | steps_t:     0 | t: 0.022484 | r:  -508.000000 | e:   1.000000 | Q:        nan | won: False 
#    5 | steps:    54 | steps_t:     0 | t: 0.026484 | r:  -511.000000 | e:   1.000000 | Q:        nan | won: False 
#    6 | steps:    72 | steps_t:     0 | t: 0.031072 | r:  -517.000000 | e:   1.000000 | Q:        nan | won: False 
#    7 | steps:    81 | steps_t:     0 | t: 0.033073 | r:  -508.000000 | e:   1.000000 | Q:        nan | won: False 
#    8 | steps:    99 | steps_t:     0 | t: 0.039074 | r:  -517.000000 | e:   1.000000 | Q:        nan | won: False 
#    9 | steps:   111 | steps_t:     0 | t: 0.043076 | r:  -511.000000 | e:   1.000000 | Q:        nan | won: False 
#   10 | steps:   120 | steps_t:     0 | t: 0.045076 | r:  -508.000000 | e:   1.000000 | Q:        nan | won: False 
#   11 | steps:   138 | steps_t:     0 | t: 0.051077 | r:  -517.000000 | e:   1.000000 | Q:        nan | won: False 
#   12 | steps:   146 | steps_t:     0 | t: 0.053078 | r:  -507.000000 | e:   1.000000 | Q:        nan | won: False 
#   13 | steps:   154 | steps_t:     0 | t: 0.055079 | r:  -507.000000 | e:   1.000000 | Q:        nan | won: False 
#   14 | steps:   197 | steps_t:     0 | t: 0.067080 | r:  -531.000000 | e:   1.000000 | Q:        nan | won: False 
#   15 | steps:   213 | steps_t:     0 | t: 0.071082 | r:  -515.000000 | e:   1.000000 | Q:        nan | won: False 
#   16 | steps:   235 | steps_t:     0 | t: 0.077083 | r:  -521.000000 | e:   1.000000 | Q:        nan | won: False 
#   17 | steps:   245 | steps_t:     0 | t: 0.081084 | r:  -509.000000 | e:   1.000000 | Q:        nan | won: False 
#   18 | steps:   261 | steps_t:     0 | t: 0.085086 | r:  -515.000000 | e:   1.000000 | Q:        nan | won: False 
#   19 | steps:   268 | steps_t:     0 | t: 0.087086 | r:  -506.000000 | e:   1.000000 | Q:        nan | won: False 
#   20 | steps:   277 | steps_t:     0 | t: 0.091087 | r:  -508.000000 | e:   1.000000 | Q:        nan | won: False 
#   21 | steps:   284 | steps_t:     0 | t: 0.093088 | r:  -506.000000 | e:   1.000000 | Q:        nan | won: False 
#   22 | steps:   299 | steps_t:     0 | t: 0.097088 | r:  -503.000000 | e:   1.000000 | Q:        nan | won: False 
#   23 | steps:   317 | steps_t:     0 | t: 0.101090 | r:  -517.000000 | e:   1.000000 | Q:        nan | won: False 
#   24 | steps:   328 | steps_t:     0 | t: 0.105091 | r:  -510.000000 | e:   1.000000 | Q:        nan | won: False 
#   25 | steps:   337 | steps_t:     0 | t: 0.107091 | r:  -508.000000 | e:   1.000000 | Q:        nan | won: False 
#   26 | steps:   352 | steps_t:     0 | t: 0.113092 | r:  -514.000000 | e:   1.000000 | Q:        nan | won: False 
#   27 | steps:   360 | steps_t:     0 | t: 0.115093 | r:  -507.000000 | e:   1.000000 | Q:        nan | won: False 
#   28 | steps:   367 | steps_t:     0 | t: 0.117094 | r:  -506.000000 | e:   1.000000 | Q:        nan | won: False 
#   29 | steps:   378 | steps_t:     0 | t: 0.119094 | r:  -510.000000 | e:   1.000000 | Q:        nan | won: False 
#   30 | steps:   396 | steps_t:     0 | t: 0.125095 | r:  -517.000000 | e:   1.000000 | Q:        nan | won: False 
#   31 | steps:   401 | steps_t:     0 | t: 0.127096 | r:  -504.000000 | e:   1.000000 | Q:        nan | won: False 
#   32 | steps:   419 | steps_t:     0 | t: 0.131098 | r:  -517.000000 | e:   1.000000 | Q:        nan | won: False 
#   33 | steps:   427 | steps_t:     0 | t: 0.133098 | r:  -507.000000 | e:   1.000000 | Q:        nan | won: False 
#   34 | steps:   437 | steps_t:     0 | t: 0.137099 | r:  -509.000000 | e:   1.000000 | Q:        nan | won: False 
#   35 | steps:   445 | steps_t:     0 | t: 0.139099 | r:  -507.000000 | e:   1.000000 | Q:        nan | won: False 
#   36 | steps:   465 | steps_t:     0 | t: 0.145101 | r:  -519.000000 | e:   1.000000 | Q:        nan | won: False 
#   37 | steps:   480 | steps_t:     0 | t: 0.149101 | r:  -514.000000 | e:   1.000000 | Q:        nan | won: False 
#   38 | steps:   486 | steps_t:     0 | t: 0.151102 | r:  -505.000000 | e:   1.000000 | Q:        nan | won: False 
#   39 | steps:   495 | steps_t:     0 | t: 0.153103 | r:  -508.000000 | e:   1.000000 | Q:        nan | won: False 
#   40 | steps:   503 | steps_t:     0 | t: 0.157104 | r:  -507.000000 | e:   1.000000 | Q:        nan | won: False 
#   41 | steps:   514 | steps_t:     0 | t: 0.159104 | r:  -510.000000 | e:   1.000000 | Q:        nan | won: False 
#   42 | steps:   536 | steps_t:     0 | t: 0.165106 | r:  -521.000000 | e:   1.000000 | Q:        nan | won: False 
#   43 | steps:   545 | steps_t:     0 | t: 0.167106 | r:  -508.000000 | e:   1.000000 | Q:        nan | won: False 
#   44 | steps:   560 | steps_t:     0 | t: 0.173108 | r:  -514.000000 | e:   1.000000 | Q:        nan | won: False 
#   45 | steps:   571 | steps_t:     0 | t: 0.175108 | r:  -510.000000 | e:   1.000000 | Q:        nan | won: False 
#   46 | steps:   580 | steps_t:     0 | t: 0.179109 | r:  -508.000000 | e:   1.000000 | Q:        nan | won: False 
#   47 | steps:   590 | steps_t:     0 | t: 0.181110 | r:  -509.000000 | e:   1.000000 | Q:        nan | won: False 
#   48 | steps:   601 | steps_t:     0 | t: 0.185111 | r:  -510.000000 | e:   1.000000 | Q:        nan | won: False 
#   49 | steps:   611 | steps_t:     0 | t: 0.187111 | r:  -509.000000 | e:   1.000000 | Q:        nan | won: False 
#   50 | steps:   622 | steps_t:     0 | t: 0.191112 | r:  -510.000000 | e:   1.000000 | Q:        nan | won: False 
#   51 | steps:   631 | steps_t:     0 | t: 0.193113 | r:  -508.000000 | e:   1.000000 | Q:        nan | won: False 
#   52 | steps:   653 | steps_t:     0 | t: 0.199114 | r:  -521.000000 | e:   1.000000 | Q:        nan | won: False 
#   53 | steps:   672 | steps_t:     0 | t: 0.205115 | r:  -518.000000 | e:   1.000000 | Q:        nan | won: False 
#   54 | steps:   682 | steps_t:     0 | t: 0.209116 | r:  -509.000000 | e:   1.000000 | Q:        nan | won: False 
#   55 | steps:   690 | steps_t:     0 | t: 0.211117 | r:  -507.000000 | e:   1.000000 | Q:        nan | won: False 
#   56 | steps:   716 | steps_t:     0 | t: 0.219119 | r:  -514.000000 | e:   1.000000 | Q:        nan | won: False 
#   57 | steps:   723 | steps_t:     0 | t: 0.221119 | r:  -506.000000 | e:   1.000000 | Q:        nan | won: False 
#   58 | steps:   735 | steps_t:     0 | t: 0.225120 | r:  -511.000000 | e:   1.000000 | Q:        nan | won: False 
#   59 | steps:   742 | steps_t:     0 | t: 0.227121 | r:  -506.000000 | e:   1.000000 | Q:        nan | won: False 
#   60 | steps:   763 | steps_t:     0 | t: 0.233123 | r:  -520.000000 | e:   1.000000 | Q:        nan | won: False 
#   61 | steps:   783 | steps_t:     0 | t: 0.239124 | r:  -519.000000 | e:   1.000000 | Q:        nan | won: False 
#   62 | steps:   794 | steps_t:     0 | t: 0.241124 | r:  -510.000000 | e:   1.000000 | Q:        nan | won: False 
#   63 | steps:   802 | steps_t:     0 | t: 0.245125 | r:  -507.000000 | e:   1.000000 | Q:        nan | won: False 
#   64 | steps:   819 | steps_t:     0 | t: 0.249126 | r:  -516.000000 | e:   1.000000 | Q:        nan | won: False 
#   65 | steps:   833 | steps_t:     0 | t: 0.253128 | r:  -513.000000 | e:   1.000000 | Q:        nan | won: False 
#   66 | steps:   840 | steps_t:     0 | t: 0.255128 | r:  -506.000000 | e:   1.000000 | Q:        nan | won: False 
#   67 | steps:   849 | steps_t:     0 | t: 0.259129 | r:  -508.000000 | e:   1.000000 | Q:        nan | won: False 
#   68 | steps:   862 | steps_t:     0 | t: 0.261130 | r:  -512.000000 | e:   1.000000 | Q:        nan | won: False 
#   69 | steps:   871 | steps_t:     0 | t: 0.265130 | r:  -508.000000 | e:   1.000000 | Q:        nan | won: False 
#   70 | steps:   878 | steps_t:     0 | t: 0.267132 | r:  -506.000000 | e:   1.000000 | Q:        nan | won: False 
#   71 | steps:   894 | steps_t:     0 | t: 0.271132 | r:  -515.000000 | e:   1.000000 | Q:        nan | won: False 
#   72 | steps:   916 | steps_t:     0 | t: 0.277133 | r:  -521.000000 | e:   1.000000 | Q:        nan | won: False 
#   73 | steps:   934 | steps_t:     0 | t: 0.283135 | r:  -517.000000 | e:   1.000000 | Q:        nan | won: False 
#   74 | steps:   954 | steps_t:     0 | t: 0.289136 | r:  -508.000000 | e:   1.000000 | Q:        nan | won: False 
#   75 | steps:   960 | steps_t:     0 | t: 0.291137 | r:  -505.000000 | e:   1.000000 | Q:        nan | won: False 
#   76 | steps:   969 | steps_t:     0 | t: 0.293137 | r:  -508.000000 | e:   1.000000 | Q:        nan | won: False 
#   77 | steps:   982 | steps_t:     0 | t: 0.297139 | r:  -512.000000 | e:   1.000000 | Q:        nan | won: False 
#   78 | steps:   990 | steps_t:     0 | t: 0.299139 | r:  -507.000000 | e:   1.000000 | Q:        nan | won: False 
#   79 | steps:   999 | steps_t:     0 | t: 0.303140 | r:  -508.000000 | e:   1.000000 | Q:        nan | won: False 
#   80 | steps:  1021 | steps_t:     0 | t: 0.309141 | r:  -521.000000 | e:   1.000000 | Q:        nan | won: False 
#   81 | steps:  1036 | steps_t:     0 | t: 0.313142 | r:  -514.000000 | e:   1.000000 | Q:        nan | won: False 
#   82 | steps:  1043 | steps_t:     0 | t: 0.315144 | r:  -506.000000 | e:   1.000000 | Q:        nan | won: False 
#   83 | steps:  1052 | steps_t:     0 | t: 0.319144 | r:  -508.000000 | e:   1.000000 | Q:        nan | won: False 
#   84 | steps:  1060 | steps_t:     0 | t: 0.321145 | r:  -507.000000 | e:   1.000000 | Q:        nan | won: False 
#   85 | steps:  1071 | steps_t:     0 | t: 0.323145 | r:  -510.000000 | e:   1.000000 | Q:        nan | won: False 
#   86 | steps:  1078 | steps_t:     0 | t: 0.325145 | r:  -506.000000 | e:   1.000000 | Q:        nan | won: False 
#   87 | steps:  1089 | steps_t:     0 | t: 0.329147 | r:  -510.000000 | e:   1.000000 | Q:        nan | won: False 
#   88 | steps:  1099 | steps_t:     0 | t: 0.333148 | r:  -509.000000 | e:   1.000000 | Q:        nan | won: False 
#   89 | steps:  1117 | steps_t:     0 | t: 0.337148 | r:  -517.000000 | e:   1.000000 | Q:        nan | won: False 
#   90 | steps:  1124 | steps_t:     0 | t: 0.339149 | r:  -506.000000 | e:   1.000000 | Q:        nan | won: False 
#   91 | steps:  1133 | steps_t:     0 | t: 0.343150 | r:  -508.000000 | e:   1.000000 | Q:        nan | won: False 
#   92 | steps:  1144 | steps_t:     0 | t: 0.345151 | r:  -510.000000 | e:   1.000000 | Q:        nan | won: False 
#   93 | steps:  1153 | steps_t:     0 | t: 0.347151 | r:  -508.000000 | e:   1.000000 | Q:        nan | won: False 
#   94 | steps:  1165 | steps_t:     0 | t: 0.351152 | r:  -511.000000 | e:   1.000000 | Q:        nan | won: False 
#   95 | steps:  1172 | steps_t:     0 | t: 0.353153 | r:  -506.000000 | e:   1.000000 | Q:        nan | won: False 
#   96 | steps:  1182 | steps_t:     0 | t: 0.357153 | r:  -509.000000 | e:   1.000000 | Q:        nan | won: False 
#   97 | steps:  1201 | steps_t:     0 | t: 0.363155 | r:  -518.000000 | e:   1.000000 | Q:        nan | won: False 
#   98 | steps:  1207 | steps_t:     0 | t: 0.365155 | r:  -505.000000 | e:   1.000000 | Q:        nan | won: False 
#   99 | steps:  1217 | steps_t:     0 | t: 0.367157 | r:  -509.000000 | e:   1.000000 | Q:        nan | won: False 
#  100 | steps:  1227 | steps_t:     0 | t: 0.371157 | r:  -509.000000 | e:   1.000000 | Q:        nan | won: False 
#  101 | steps:  1248 | steps_t:     0 | t: 0.377159 | r:  -520.000000 | e:   1.000000 | Q:        nan | won: False 
#  102 | steps:  1263 | steps_t:     0 | t: 0.381160 | r:  -514.000000 | e:   1.000000 | Q:        nan | won: False 
#  103 | steps:  1270 | steps_t:     0 | t: 0.383160 | r:  -506.000000 | e:   1.000000 | Q:        nan | won: False 
#  104 | steps:  1278 | steps_t:     0 | t: 0.385161 | r:  -507.000000 | e:   1.000000 | Q:        nan | won: False 
#  105 | steps:  1284 | steps_t:     0 | t: 0.387161 | r:  -505.000000 | e:   1.000000 | Q:        nan | won: False 
#  106 | steps:  1304 | steps_t:     0 | t: 0.393163 | r:  -519.000000 | e:   1.000000 | Q:        nan | won: False 
#  107 | steps:  1314 | steps_t:     0 | t: 0.397163 | r:  -509.000000 | e:   1.000000 | Q:        nan | won: False 
#  108 | steps:  1327 | steps_t:     0 | t: 0.399164 | r:  -512.000000 | e:   1.000000 | Q:        nan | won: False 
#  109 | steps:  1338 | steps_t:     0 | t: 0.403165 | r:  -510.000000 | e:   1.000000 | Q:        nan | won: False 
#  110 | steps:  1348 | steps_t:     0 | t: 0.407166 | r:  -509.000000 | e:   1.000000 | Q:        nan | won: False 
#  111 | steps:  1367 | steps_t:     0 | t: 0.411169 | r:  -518.000000 | e:   1.000000 | Q:        nan | won: False 
#  112 | steps:  1377 | steps_t:     0 | t: 0.415168 | r:  -509.000000 | e:   1.000000 | Q:        nan | won: False 
#  113 | steps:  1390 | steps_t:     0 | t: 0.419169 | r:  -512.000000 | e:   1.000000 | Q:        nan | won: False 
#  114 | steps:  1398 | steps_t:     0 | t: 0.421169 | r:  -507.000000 | e:   1.000000 | Q:        nan | won: False 
#  115 | steps:  1410 | steps_t:     0 | t: 0.425171 | r:  -511.000000 | e:   1.000000 | Q:        nan | won: False 
#  116 | steps:  1428 | steps_t:     0 | t: 0.429172 | r:  -517.000000 | e:   1.000000 | Q:        nan | won: False 
#  117 | steps:  1437 | steps_t:     0 | t: 0.433172 | r:  -508.000000 | e:   1.000000 | Q:        nan | won: False 
#  118 | steps:  1447 | steps_t:     0 | t: 0.435174 | r:  -509.000000 | e:   1.000000 | Q:        nan | won: False 
#  119 | steps:  1468 | steps_t:     0 | t: 0.441175 | r:  -520.000000 | e:   1.000000 | Q:        nan | won: False 
#  120 | steps:  1475 | steps_t:     0 | t: 0.443175 | r:  -506.000000 | e:   1.000000 | Q:        nan | won: False 
#  121 | steps:  1481 | steps_t:     0 | t: 0.445175 | r:  -505.000000 | e:   1.000000 | Q:        nan | won: False 
#  122 | steps:  1502 | steps_t:     0 | t: 0.451177 | r:  -520.000000 | e:   1.000000 | Q:        nan | won: False 
#  123 | steps:  1514 | steps_t:     0 | t: 0.455178 | r:  -511.000000 | e:   1.000000 | Q:        nan | won: False 
#  124 | steps:  1523 | steps_t:     0 | t: 0.457179 | r:  -508.000000 | e:   1.000000 | Q:        nan | won: False 
#  125 | steps:  1532 | steps_t:     0 | t: 0.461179 | r:  -508.000000 | e:   1.000000 | Q:        nan | won: False 
#  126 | steps:  1543 | steps_t:     0 | t: 0.463180 | r:  -510.000000 | e:   1.000000 | Q:        nan | won: False 
#  127 | steps:  1551 | steps_t:     0 | t: 0.465181 | r:  -507.000000 | e:   1.000000 | Q:        nan | won: False 
#  128 | steps:  1559 | steps_t:     0 | t: 0.469182 | r:  -507.000000 | e:   1.000000 | Q:        nan | won: False 
#  129 | steps:  1579 | steps_t:     0 | t: 0.473183 | r:  -519.000000 | e:   1.000000 | Q:        nan | won: False 
#  130 | steps:  1588 | steps_t:     0 | t: 0.477184 | r:  -508.000000 | e:   1.000000 | Q:        nan | won: False 
#  131 | steps:  1609 | steps_t:     0 | t: 0.483185 | r:  -520.000000 | e:   1.000000 | Q:        nan | won: False 
#  132 | steps:  1628 | steps_t:     0 | t: 0.489186 | r:  -507.000000 | e:   1.000000 | Q:        nan | won: False 
#  133 | steps:  1635 | steps_t:     0 | t: 0.491186 | r:  -506.000000 | e:   1.000000 | Q:        nan | won: False 
#  134 | steps:  1657 | steps_t:     0 | t: 0.497189 | r:  -510.000000 | e:   1.000000 | Q:        nan | won: False 
#  135 | steps:  1665 | steps_t:     0 | t: 0.499189 | r:  -507.000000 | e:   1.000000 | Q:        nan | won: False 
#  136 | steps:  1674 | steps_t:     0 | t: 0.501190 | r:  -508.000000 | e:   1.000000 | Q:        nan | won: False 
#  137 | steps:  1696 | steps_t:     0 | t: 0.509191 | r:  -521.000000 | e:   1.000000 | Q:        nan | won: False 
#  138 | steps:  1701 | steps_t:     0 | t: 0.511191 | r:  -504.000000 | e:   1.000000 | Q:        nan | won: False 
#  139 | steps:  1709 | steps_t:     0 | t: 0.513192 | r:  -507.000000 | e:   1.000000 | Q:        nan | won: False 
#  140 | steps:  1721 | steps_t:     0 | t: 0.515193 | r:  -511.000000 | e:   1.000000 | Q:        nan | won: False 
#  141 | steps:  1728 | steps_t:     0 | t: 0.517194 | r:  -506.000000 | e:   1.000000 | Q:        nan | won: False 
#  142 | steps:  1742 | steps_t:     0 | t: 0.521194 | r:  -491.000000 | e:   1.000000 | Q:        nan | won: False 
#  143 | steps:  1751 | steps_t:     0 | t: 0.525195 | r:  -508.000000 | e:   1.000000 | Q:        nan | won: False 
#  144 | steps:  1760 | steps_t:     0 | t: 0.527196 | r:  -508.000000 | e:   1.000000 | Q:        nan | won: False 
#  145 | steps:  1780 | steps_t:     0 | t: 0.533197 | r:  -508.000000 | e:   1.000000 | Q:        nan | won: False 
#  146 | steps:  1787 | steps_t:     0 | t: 0.535198 | r:  -506.000000 | e:   1.000000 | Q:        nan | won: False 
#  147 | steps:  1796 | steps_t:     0 | t: 0.537199 | r:  -508.000000 | e:   1.000000 | Q:        nan | won: False 
#  148 | steps:  1806 | steps_t:     0 | t: 0.541199 | r:  -509.000000 | e:   1.000000 | Q:        nan | won: False 
#  149 | steps:  1822 | steps_t:     0 | t: 0.545200 | r:  -515.000000 | e:   1.000000 | Q:        nan | won: False 
#  150 | steps:  1828 | steps_t:     0 | t: 0.547201 | r:  -505.000000 | e:   1.000000 | Q:        nan | won: False 
#  151 | steps:  1839 | steps_t:     0 | t: 0.550703 | r:  -510.000000 | e:   1.000000 | Q:        nan | won: False 
#  152 | steps:  1845 | steps_t:     0 | t: 0.552703 | r:  -505.000000 | e:   1.000000 | Q:        nan | won: False 
#  153 | steps:  1856 | steps_t:     0 | t: 0.555821 | r:  -510.000000 | e:   1.000000 | Q:        nan | won: False 
#  154 | steps:  1862 | steps_t:     0 | t: 0.557822 | r:  -505.000000 | e:   1.000000 | Q:        nan | won: False 
#  155 | steps:  1872 | steps_t:     0 | t: 0.559822 | r:  -509.000000 | e:   1.000000 | Q:        nan | won: False 
#  156 | steps:  1884 | steps_t:     0 | t: 0.563823 | r:  -511.000000 | e:   1.000000 | Q:        nan | won: False 
#  157 | steps:  1891 | steps_t:     0 | t: 0.565824 | r:  -506.000000 | e:   1.000000 | Q:        nan | won: False 
#  158 | steps:  1911 | steps_t:     0 | t: 0.571825 | r:  -519.000000 | e:   1.000000 | Q:        nan | won: False 
#  159 | steps:  1919 | steps_t:     0 | t: 0.573826 | r:  -507.000000 | e:   1.000000 | Q:        nan | won: False 
#  160 | steps:  1928 | steps_t:     0 | t: 0.575826 | r:  -508.000000 | e:   1.000000 | Q:        nan | won: False 
#  161 | steps:  1953 | steps_t:     0 | t: 0.583827 | r:  -524.000000 | e:   1.000000 | Q:        nan | won: False 
#  162 | steps:  1962 | steps_t:     0 | t: 0.587829 | r:  -508.000000 | e:   1.000000 | Q:        nan | won: False 
#  163 | steps:  1973 | steps_t:     0 | t: 0.589829 | r:  -510.000000 | e:   1.000000 | Q:        nan | won: False 
#  164 | steps:  1984 | steps_t:     0 | t: 0.593831 | r:  -510.000000 | e:   1.000000 | Q:        nan | won: False 
#  165 | steps:  1996 | steps_t:     0 | t: 0.597831 | r:  -511.000000 | e:   1.000000 | Q:        nan | won: False 
#  166 | steps:  2013 | steps_t:     0 | t: 0.601833 | r:  -516.000000 | e:   1.000000 | Q:        nan | won: False 
#  167 | steps:  2023 | steps_t:     0 | t: 0.605834 | r:  -509.000000 | e:   1.000000 | Q:        nan | won: False 
#  168 | steps:  2031 | steps_t:     0 | t: 0.607834 | r:  -507.000000 | e:   1.000000 | Q:        nan | won: False 
#  169 | steps:  2041 | steps_t:     0 | t: 0.609835 | r:  -509.000000 | e:   1.000000 | Q:        nan | won: False 
#  170 | steps:  2060 | steps_t:     0 | t: 0.615836 | r:  -518.000000 | e:   1.000000 | Q:        nan | won: False 
#  171 | steps:  2069 | steps_t:     0 | t: 0.617836 | r:  -508.000000 | e:   1.000000 | Q:        nan | won: False 
#  172 | steps:  2080 | steps_t:     0 | t: 0.621837 | r:  -510.000000 | e:   1.000000 | Q:        nan | won: False 
#  173 | steps:  2090 | steps_t:     0 | t: 0.623838 | r:  -509.000000 | e:   1.000000 | Q:        nan | won: False 
#  174 | steps:  2100 | steps_t:     0 | t: 0.627839 | r:  -509.000000 | e:   1.000000 | Q:        nan | won: False 
#  175 | steps:  2121 | steps_t:     0 | t: 0.633840 | r:  -520.000000 | e:   1.000000 | Q:        nan | won: False 
#  176 | steps:  2142 | steps_t:     0 | t: 0.639842 | r:  -520.000000 | e:   1.000000 | Q:        nan | won: False 
#  177 | steps:  2154 | steps_t:     0 | t: 0.643842 | r:  -511.000000 | e:   1.000000 | Q:        nan | won: False 
#  178 | steps:  2161 | steps_t:     0 | t: 0.645843 | r:  -506.000000 | e:   1.000000 | Q:        nan | won: False 
#  179 | steps:  2171 | steps_t:     0 | t: 0.649844 | r:  -509.000000 | e:   1.000000 | Q:        nan | won: False 
#  180 | steps:  2182 | steps_t:     0 | t: 0.651845 | r:  -510.000000 | e:   1.000000 | Q:        nan | won: False 
#  181 | steps:  2203 | steps_t:     0 | t: 0.657846 | r:  -520.000000 | e:   1.000000 | Q:        nan | won: False 
#  182 | steps:  2211 | steps_t:     0 | t: 0.659847 | r:  -507.000000 | e:   1.000000 | Q:        nan | won: False 
#  183 | steps:  2218 | steps_t:     0 | t: 0.661847 | r:  -506.000000 | e:   1.000000 | Q:        nan | won: False 
#  184 | steps:  2225 | steps_t:     0 | t: 0.663848 | r:  -506.000000 | e:   1.000000 | Q:        nan | won: False 
#  185 | steps:  2235 | steps_t:     0 | t: 0.667849 | r:  -509.000000 | e:   1.000000 | Q:        nan | won: False 
#  186 | steps:  2254 | steps_t:     0 | t: 0.673851 | r:  -518.000000 | e:   1.000000 | Q:        nan | won: False 
#  187 | steps:  2262 | steps_t:     0 | t: 0.675851 | r:  -507.000000 | e:   1.000000 | Q:        nan | won: False 
#  188 | steps:  2271 | steps_t:     0 | t: 0.677851 | r:  -508.000000 | e:   1.000000 | Q:        nan | won: False 
#  189 | steps:  2277 | steps_t:     0 | t: 0.679852 | r:  -505.000000 | e:   1.000000 | Q:        nan | won: False 
#  190 | steps:  2284 | steps_t:     0 | t: 0.681852 | r:  -506.000000 | e:   1.000000 | Q:        nan | won: False 
#  191 | steps:  2295 | steps_t:     0 | t: 0.685853 | r:  -510.000000 | e:   1.000000 | Q:        nan | won: False 
#  192 | steps:  2302 | steps_t:     0 | t: 0.687854 | r:  -506.000000 | e:   1.000000 | Q:        nan | won: False 
#  193 | steps:  2324 | steps_t:     0 | t: 0.693856 | r:  -521.000000 | e:   1.000000 | Q:        nan | won: False 
#  194 | steps:  2329 | steps_t:     0 | t: 0.695855 | r:  -504.000000 | e:   1.000000 | Q:        nan | won: False 
#  195 | steps:  2346 | steps_t:     0 | t: 0.699857 | r:  -516.000000 | e:   1.000000 | Q:        nan | won: False 
#  196 | steps:  2355 | steps_t:     0 | t: 0.703858 | r:  -508.000000 | e:   1.000000 | Q:        nan | won: False 
#  197 | steps:  2365 | steps_t:     0 | t: 0.705858 | r:  -509.000000 | e:   1.000000 | Q:        nan | won: False 
#  198 | steps:  2371 | steps_t:     0 | t: 0.707859 | r:  -505.000000 | e:   1.000000 | Q:        nan | won: False 
#  199 | steps:  2377 | steps_t:     0 | t: 0.709860 | r:  -505.000000 | e:   1.000000 | Q:        nan | won: False 
#  200 | steps:  2388 | steps_t:     0 | t: 0.713860 | r:  -510.000000 | e:   1.000000 | Q:        nan | won: False 
#  201 | steps:  2395 | steps_t:     0 | t: 0.715861 | r:  -506.000000 | e:   1.000000 | Q:        nan | won: False 
#  202 | steps:  2406 | steps_t:     0 | t: 0.717862 | r:  -510.000000 | e:   1.000000 | Q:        nan | won: False 
#  203 | steps:  2412 | steps_t:     0 | t: 0.719862 | r:  -505.000000 | e:   1.000000 | Q:        nan | won: False 
#  204 | steps:  2435 | steps_t:     0 | t: 0.725863 | r:  -522.000000 | e:   1.000000 | Q:        nan | won: False 
#  205 | steps:  2442 | steps_t:     0 | t: 0.727864 | r:  -506.000000 | e:   1.000000 | Q:        nan | won: False 
#  206 | steps:  2455 | steps_t:     0 | t: 0.731865 | r:  -512.000000 | e:   1.000000 | Q:        nan | won: False 
#  207 | steps:  2462 | steps_t:     0 | t: 0.733865 | r:  -506.000000 | e:   1.000000 | Q:        nan | won: False 
#  208 | steps:  2473 | steps_t:     0 | t: 0.737866 | r:  -510.000000 | e:   1.000000 | Q:        nan | won: False 
#  209 | steps:  2480 | steps_t:     0 | t: 0.739867 | r:  -506.000000 | e:   1.000000 | Q:        nan | won: False 
#  210 | steps:  2500 | steps_t:     0 | t: 0.745868 | r:  -519.000000 | e:   1.000000 | Q:        nan | won: False 
#  211 | steps:  2513 | steps_t:     0 | t: 0.749869 | r:  -512.000000 | e:   1.000000 | Q:        nan | won: False 
#  212 | steps:  2519 | steps_t:     0 | t: 0.751870 | r:  -505.000000 | e:   1.000000 | Q:        nan | won: False 
#  213 | steps:  2541 | steps_t:     0 | t: 0.757871 | r:  -521.000000 | e:   1.000000 | Q:        nan | won: False 
#  214 | steps:  2551 | steps_t:     0 | t: 0.761873 | r:  -509.000000 | e:   1.000000 | Q:        nan | won: False 
#  215 | steps:  2559 | steps_t:     0 | t: 0.763873 | r:  -507.000000 | e:   1.000000 | Q:        nan | won: False 
#  216 | steps:  2569 | steps_t:     0 | t: 0.765873 | r:  -509.000000 | e:   1.000000 | Q:        nan | won: False 
#  217 | steps:  2585 | steps_t:     0 | t: 0.769875 | r:  -515.000000 | e:   1.000000 | Q:        nan | won: False 
#  218 | steps:  2591 | steps_t:     0 | t: 0.771875 | r:  -505.000000 | e:   1.000000 | Q:        nan | won: False 
#  219 | steps:  2612 | steps_t:     0 | t: 0.777876 | r:  -520.000000 | e:   1.000000 | Q:        nan | won: False 
#  220 | steps:  2620 | steps_t:     0 | t: 0.779877 | r:  -507.000000 | e:   1.000000 | Q:        nan | won: False 
#  221 | steps:  2644 | steps_t:     0 | t: 0.787879 | r:  -523.000000 | e:   1.000000 | Q:        nan | won: False 
#  222 | steps:  2661 | steps_t:     0 | t: 0.791880 | r:  -516.000000 | e:   1.000000 | Q:        nan | won: False 
#  223 | steps:  2670 | steps_t:     0 | t: 0.795881 | r:  -508.000000 | e:   1.000000 | Q:        nan | won: False 
#  224 | steps:  2678 | steps_t:     0 | t: 0.797882 | r:  -507.000000 | e:   1.000000 | Q:        nan | won: False 
#  225 | steps:  2687 | steps_t:     0 | t: 0.799882 | r:  -508.000000 | e:   1.000000 | Q:        nan | won: False 
#  226 | steps:  2708 | steps_t:     0 | t: 0.805883 | r:  -520.000000 | e:   1.000000 | Q:        nan | won: False 
#  227 | steps:  2719 | steps_t:     0 | t: 0.809885 | r:  -510.000000 | e:   1.000000 | Q:        nan | won: False 
#  228 | steps:  2739 | steps_t:     0 | t: 0.815886 | r:  -519.000000 | e:   1.000000 | Q:        nan | won: False 
#  229 | steps:  2745 | steps_t:     0 | t: 0.817887 | r:  -505.000000 | e:   1.000000 | Q:        nan | won: False 
#  230 | steps:  2753 | steps_t:     0 | t: 0.819887 | r:  -507.000000 | e:   1.000000 | Q:        nan | won: False 
#  231 | steps:  2761 | steps_t:     0 | t: 0.821888 | r:  -507.000000 | e:   1.000000 | Q:        nan | won: False 
#  232 | steps:  2769 | steps_t:     0 | t: 0.825888 | r:  -507.000000 | e:   1.000000 | Q:        nan | won: False 
#  233 | steps:  2779 | steps_t:     0 | t: 0.827889 | r:  -509.000000 | e:   1.000000 | Q:        nan | won: False 
#  234 | steps:  2785 | steps_t:     0 | t: 0.829890 | r:  -505.000000 | e:   1.000000 | Q:        nan | won: False 
#  235 | steps:  2794 | steps_t:     0 | t: 0.831890 | r:  -508.000000 | e:   1.000000 | Q:        nan | won: False 
#  236 | steps:  2806 | steps_t:     0 | t: 0.835891 | r:  -511.000000 | e:   1.000000 | Q:        nan | won: False 
#  237 | steps:  2815 | steps_t:     0 | t: 0.839893 | r:  -508.000000 | e:   1.000000 | Q:        nan | won: False 
#  238 | steps:  2826 | steps_t:     0 | t: 0.841892 | r:  -510.000000 | e:   1.000000 | Q:        nan | won: False 
#  239 | steps:  2832 | steps_t:     0 | t: 0.843892 | r:  -505.000000 | e:   1.000000 | Q:        nan | won: False 
#  240 | steps:  2838 | steps_t:     0 | t: 0.845893 | r:  -505.000000 | e:   1.000000 | Q:        nan | won: False 
#  241 | steps:  2847 | steps_t:     0 | t: 0.849895 | r:  -508.000000 | e:   1.000000 | Q:        nan | won: False 
#  242 | steps:  2858 | steps_t:     0 | t: 0.851895 | r:  -510.000000 | e:   1.000000 | Q:        nan | won: False 
#  243 | steps:  2867 | steps_t:     0 | t: 0.855896 | r:  -508.000000 | e:   1.000000 | Q:        nan | won: False 
#  244 | steps:  2878 | steps_t:     0 | t: 0.857896 | r:  -510.000000 | e:   1.000000 | Q:        nan | won: False 
#  245 | steps:  2887 | steps_t:     0 | t: 0.861897 | r:  -508.000000 | e:   1.000000 | Q:        nan | won: False 
#  246 | steps:  2902 | steps_t:     0 | t: 0.865899 | r:  -514.000000 | e:   1.000000 | Q:        nan | won: False 
#  247 | steps:  2913 | steps_t:     0 | t: 0.867899 | r:  -510.000000 | e:   1.000000 | Q:        nan | won: False 
#  248 | steps:  2922 | steps_t:     0 | t: 0.871900 | r:  -508.000000 | e:   1.000000 | Q:        nan | won: False 
#  249 | steps:  2932 | steps_t:     0 | t: 0.873900 | r:  -509.000000 | e:   1.000000 | Q:        nan | won: False 
#  250 | steps:  2938 | steps_t:     0 | t: 0.875901 | r:  -505.000000 | e:   1.000000 | Q:        nan | won: False 
#  251 | steps:  2946 | steps_t:     0 | t: 0.877902 | r:  -507.000000 | e:   1.000000 | Q:        nan | won: False 
#  252 | steps:  2957 | steps_t:     0 | t: 0.881902 | r:  -510.000000 | e:   1.000000 | Q:        nan | won: False 
#  253 | steps:  2966 | steps_t:     0 | t: 0.883903 | r:  -508.000000 | e:   1.000000 | Q:        nan | won: False 
#  254 | steps:  2983 | steps_t:     0 | t: 0.889904 | r:  -516.000000 | e:   1.000000 | Q:        nan | won: False 
#  255 | steps:  2991 | steps_t:     0 | t: 0.891905 | r:  -507.000000 | e:   1.000000 | Q:        nan | won: False 
#  256 | steps:  3001 | steps_t:     0 | t: 0.893906 | r:  -509.000000 | e:   1.000000 | Q:        nan | won: False 
#  257 | steps:  3011 | steps_t:     0 | t: 0.897906 | r:  -509.000000 | e:   1.000000 | Q:        nan | won: False 
#  258 | steps:  3019 | steps_t:     0 | t: 0.899907 | r:  -507.000000 | e:   1.000000 | Q:        nan | won: False 
#  259 | steps:  3027 | steps_t:     0 | t: 0.901908 | r:  -507.000000 | e:   1.000000 | Q:        nan | won: False 
#  260 | steps:  3048 | steps_t:     0 | t: 0.907909 | r:  -509.000000 | e:   1.000000 | Q:        nan | won: False 
#  261 | steps:  3056 | steps_t:     0 | t: 0.909910 | r:  -507.000000 | e:   1.000000 | Q:        nan | won: False 
#  262 | steps:  3064 | steps_t:     0 | t: 0.911910 | r:  -507.000000 | e:   1.000000 | Q:        nan | won: False 
#  263 | steps:  3073 | steps_t:     0 | t: 0.915911 | r:  -508.000000 | e:   1.000000 | Q:        nan | won: False 
#  264 | steps:  3084 | steps_t:     0 | t: 0.917911 | r:  -510.000000 | e:   1.000000 | Q:        nan | won: False 
#  265 | steps:  3090 | steps_t:     0 | t: 0.919912 | r:  -505.000000 | e:   1.000000 | Q:        nan | won: False 
#  266 | steps:  3102 | steps_t:     0 | t: 0.923913 | r:  -511.000000 | e:   1.000000 | Q:        nan | won: False 
#  267 | steps:  3120 | steps_t:     0 | t: 0.929914 | r:  -517.000000 | e:   1.000000 | Q:        nan | won: False 
#  268 | steps:  3126 | steps_t:     0 | t: 0.931915 | r:  -505.000000 | e:   1.000000 | Q:        nan | won: False 
#  269 | steps:  3138 | steps_t:     0 | t: 0.935916 | r:  -511.000000 | e:   1.000000 | Q:        nan | won: False 
#  270 | steps:  3144 | steps_t:     0 | t: 0.935916 | r:  -505.000000 | e:   1.000000 | Q:        nan | won: False 
#  271 | steps:  3150 | steps_t:     0 | t: 0.937917 | r:  -505.000000 | e:   1.000000 | Q:        nan | won: False 
#  272 | steps:  3173 | steps_t:     0 | t: 0.945918 | r:  -522.000000 | e:   1.000000 | Q:        nan | won: False 
#  273 | steps:  3187 | steps_t:     0 | t: 0.949919 | r:  -513.000000 | e:   1.000000 | Q:        nan | won: False 
#  274 | steps:  3194 | steps_t:     0 | t: 0.951921 | r:  -506.000000 | e:   1.000000 | Q:        nan | won: False 
#  275 | steps:  3206 | steps_t:     0 | t: 0.955921 | r:  -511.000000 | e:   1.000000 | Q:        nan | won: False 
#  276 | steps:  3222 | steps_t:     0 | t: 0.959922 | r:  -515.000000 | e:   1.000000 | Q:        nan | won: False 
#  277 | steps:  3235 | steps_t:     0 | t: 0.963923 | r:  -512.000000 | e:   1.000000 | Q:        nan | won: False 
#  278 | steps:  3246 | steps_t:     0 | t: 0.965924 | r:  -510.000000 | e:   1.000000 | Q:        nan | won: False 
#  279 | steps:  3255 | steps_t:     0 | t: 0.969924 | r:  -508.000000 | e:   1.000000 | Q:        nan | won: False 
#  280 | steps:  3274 | steps_t:     0 | t: 0.973925 | r:  -518.000000 | e:   1.000000 | Q:        nan | won: False 
#  281 | steps:  3280 | steps_t:     0 | t: 0.975926 | r:  -505.000000 | e:   1.000000 | Q:        nan | won: False 
#  282 | steps:  3303 | steps_t:     0 | t: 0.983928 | r:  -522.000000 | e:   1.000000 | Q:        nan | won: False 
#  283 | steps:  3311 | steps_t:     0 | t: 0.985928 | r:  -507.000000 | e:   1.000000 | Q:        nan | won: False 
#  284 | steps:  3324 | steps_t:     0 | t: 0.989929 | r:  -512.000000 | e:   1.000000 | Q:        nan | won: False 
#  285 | steps:  3332 | steps_t:     0 | t: 0.991930 | r:  -507.000000 | e:   1.000000 | Q:        nan | won: False 
#  286 | steps:  3339 | steps_t:     0 | t: 0.993931 | r:  -506.000000 | e:   1.000000 | Q:        nan | won: False 
#  287 | steps:  3348 | steps_t:     0 | t: 0.995931 | r:  -508.000000 | e:   1.000000 | Q:        nan | won: False 
#  288 | steps:  3356 | steps_t:     0 | t: 0.999932 | r:  -507.000000 | e:   1.000000 | Q:        nan | won: False 
#  289 | steps:  3363 | steps_t:     0 | t: 1.001933 | r:  -506.000000 | e:   1.000000 | Q:        nan | won: False 
#  290 | steps:  3370 | steps_t:     0 | t: 1.003934 | r:  -506.000000 | e:   1.000000 | Q:        nan | won: False 
#  291 | steps:  3376 | steps_t:     0 | t: 1.005934 | r:  -505.000000 | e:   1.000000 | Q:        nan | won: False 
#  292 | steps:  3391 | steps_t:     0 | t: 1.009934 | r:  -514.000000 | e:   1.000000 | Q:        nan | won: False 
#  293 | steps:  3399 | steps_t:     0 | t: 1.011935 | r:  -507.000000 | e:   1.000000 | Q:        nan | won: False 
#  294 | steps:  3405 | steps_t:     0 | t: 1.013936 | r:  -505.000000 | e:   1.000000 | Q:        nan | won: False 
#  295 | steps:  3422 | steps_t:     0 | t: 1.017936 | r:  -516.000000 | e:   1.000000 | Q:        nan | won: False 
#  296 | steps:  3431 | steps_t:     0 | t: 1.021938 | r:  -508.000000 | e:   1.000000 | Q:        nan | won: False 
#  297 | steps:  3438 | steps_t:     0 | t: 1.023938 | r:  -506.000000 | e:   1.000000 | Q:        nan | won: False 
#  298 | steps:  3457 | steps_t:     0 | t: 1.027939 | r:  -518.000000 | e:   1.000000 | Q:        nan | won: False 
#  299 | steps:  3467 | steps_t:     0 | t: 1.031940 | r:  -509.000000 | e:   1.000000 | Q:        nan | won: False 
#  300 | steps:  3477 | steps_t:     0 | t: 1.033940 | r:  -509.000000 | e:   1.000000 | Q:        nan | won: False 
#  301 | steps:  3484 | steps_t:     0 | t: 1.035941 | r:  -506.000000 | e:   1.000000 | Q:        nan | won: False 
#  302 | steps:  3492 | steps_t:     0 | t: 1.039942 | r:  -507.000000 | e:   1.000000 | Q:        nan | won: False 
#  303 | steps:  3512 | steps_t:     0 | t: 1.043943 | r:  -519.000000 | e:   1.000000 | Q:        nan | won: False 
#  304 | steps:  3518 | steps_t:     0 | t: 1.045943 | r:  -505.000000 | e:   1.000000 | Q:        nan | won: False 
#  305 | steps:  3526 | steps_t:     0 | t: 1.049944 | r:  -507.000000 | e:   1.000000 | Q:        nan | won: False 
#  306 | steps:  3532 | steps_t:     0 | t: 1.049944 | r:  -505.000000 | e:   1.000000 | Q:        nan | won: False 
#  307 | steps:  3541 | steps_t:     0 | t: 1.053946 | r:  -508.000000 | e:   1.000000 | Q:        nan | won: False 
#  308 | steps:  3560 | steps_t:     0 | t: 1.057946 | r:  -518.000000 | e:   1.000000 | Q:        nan | won: False 
#  309 | steps:  3568 | steps_t:     0 | t: 1.061948 | r:  -507.000000 | e:   1.000000 | Q:        nan | won: False 
#  310 | steps:  3587 | steps_t:     0 | t: 1.065948 | r:  -507.000000 | e:   1.000000 | Q:        nan | won: False 
#  311 | steps:  3595 | steps_t:     0 | t: 1.069949 | r:  -507.000000 | e:   1.000000 | Q:        nan | won: False 
#  312 | steps:  3605 | steps_t:     0 | t: 1.071950 | r:  -509.000000 | e:   1.000000 | Q:        nan | won: False 
#  313 | steps:  3616 | steps_t:     0 | t: 1.075951 | r:  -510.000000 | e:   1.000000 | Q:        nan | won: False 
#  314 | steps:  3632 | steps_t:     0 | t: 1.079952 | r:  -515.000000 | e:   1.000000 | Q:        nan | won: False 
#  315 | steps:  3639 | steps_t:     0 | t: 1.081952 | r:  -506.000000 | e:   1.000000 | Q:        nan | won: False 
#  316 | steps:  3647 | steps_t:     0 | t: 1.083953 | r:  -507.000000 | e:   1.000000 | Q:        nan | won: False 
#  317 | steps:  3657 | steps_t:     0 | t: 1.087954 | r:  -509.000000 | e:   1.000000 | Q:        nan | won: False 
#  318 | steps:  3667 | steps_t:     0 | t: 1.089954 | r:  -509.000000 | e:   1.000000 | Q:        nan | won: False 
#  319 | steps:  3677 | steps_t:     0 | t: 1.093956 | r:  -509.000000 | e:   1.000000 | Q:        nan | won: False 
#  320 | steps:  3687 | steps_t:     0 | t: 1.095956 | r:  -509.000000 | e:   1.000000 | Q:        nan | won: False 
#  321 | steps:  3697 | steps_t:     0 | t: 1.099957 | r:  -509.000000 | e:   1.000000 | Q:        nan | won: False 
#  322 | steps:  3704 | steps_t:     0 | t: 1.101958 | r:  -506.000000 | e:   1.000000 | Q:        nan | won: False 
#  323 | steps:  3725 | steps_t:     0 | t: 1.107959 | r:  -520.000000 | e:   1.000000 | Q:        nan | won: False 
#  324 | steps:  3741 | steps_t:     0 | t: 1.111959 | r:  -515.000000 | e:   1.000000 | Q:        nan | won: False 
#  325 | steps:  3747 | steps_t:     0 | t: 1.113960 | r:  -505.000000 | e:   1.000000 | Q:        nan | won: False 
#  326 | steps:  3754 | steps_t:     0 | t: 1.117170 | r:  -506.000000 | e:   1.000000 | Q:        nan | won: False 
#  327 | steps:  3769 | steps_t:     0 | t: 1.120288 | r:  -514.000000 | e:   1.000000 | Q:        nan | won: False 
#  328 | steps:  3788 | steps_t:     0 | t: 1.126289 | r:  -518.000000 | e:   1.000000 | Q:        nan | won: False 
#  329 | steps:  3794 | steps_t:     0 | t: 1.128290 | r:  -505.000000 | e:   1.000000 | Q:        nan | won: False 
#  330 | steps:  3800 | steps_t:     0 | t: 1.130290 | r:  -505.000000 | e:   1.000000 | Q:        nan | won: False 
#  331 | steps:  3807 | steps_t:     0 | t: 1.132290 | r:  -506.000000 | e:   1.000000 | Q:        nan | won: False 
#  332 | steps:  3816 | steps_t:     0 | t: 1.134291 | r:  -508.000000 | e:   1.000000 | Q:        nan | won: False 
#  333 | steps:  3830 | steps_t:     0 | t: 1.138292 | r:  -513.000000 | e:   1.000000 | Q:        nan | won: False 
#  334 | steps:  3838 | steps_t:     0 | t: 1.140292 | r:  -507.000000 | e:   1.000000 | Q:        nan | won: False 
#  335 | steps:  3848 | steps_t:     0 | t: 1.144294 | r:  -509.000000 | e:   1.000000 | Q:        nan | won: False 
#  336 | steps:  3867 | steps_t:     0 | t: 1.148294 | r:  -518.000000 | e:   1.000000 | Q:        nan | won: False 
#  337 | steps:  3878 | steps_t:     0 | t: 1.152295 | r:  -510.000000 | e:   1.000000 | Q:        nan | won: False 
#  338 | steps:  3888 | steps_t:     0 | t: 1.156296 | r:  -509.000000 | e:   1.000000 | Q:        nan | won: False 
#  339 | steps:  3896 | steps_t:     0 | t: 1.160402 | r:  -507.000000 | e:   1.000000 | Q:        nan | won: False 
#  340 | steps:  3908 | steps_t:     0 | t: 1.164403 | r:  -511.000000 | e:   1.000000 | Q:        nan | won: False 
#  341 | steps:  3914 | steps_t:     0 | t: 1.166404 | r:  -505.000000 | e:   1.000000 | Q:        nan | won: False 
#  342 | steps:  3928 | steps_t:     0 | t: 1.168404 | r:  -513.000000 | e:   1.000000 | Q:        nan | won: False 
#  343 | steps:  3936 | steps_t:     0 | t: 1.172404 | r:  -507.000000 | e:   1.000000 | Q:        nan | won: False 
#  344 | steps:  3941 | steps_t:     0 | t: 1.174406 | r:  -504.000000 | e:   1.000000 | Q:        nan | won: False 
#  345 | steps:  3951 | steps_t:     0 | t: 1.176406 | r:  -509.000000 | e:   1.000000 | Q:        nan | won: False 
#  346 | steps:  3969 | steps_t:     0 | t: 1.182406 | r:  -517.000000 | e:   1.000000 | Q:        nan | won: False 
#  347 | steps:  3975 | steps_t:     0 | t: 1.184408 | r:  -505.000000 | e:   1.000000 | Q:        nan | won: False 
#  348 | steps:  3992 | steps_t:     0 | t: 1.188408 | r:  -516.000000 | e:   1.000000 | Q:        nan | won: False 
#  349 | steps:  3999 | steps_t:     0 | t: 1.190409 | r:  -506.000000 | e:   1.000000 | Q:        nan | won: False 
#  350 | steps:  4009 | steps_t:     0 | t: 1.194410 | r:  -509.000000 | e:   1.000000 | Q:        nan | won: False 
#  351 | steps:  4021 | steps_t:     0 | t: 1.198412 | r:  -511.000000 | e:   1.000000 | Q:        nan | won: False 
#  352 | steps:  4029 | steps_t:     0 | t: 1.200412 | r:  -507.000000 | e:   1.000000 | Q:        nan | won: False 
#  353 | steps:  4052 | steps_t:     0 | t: 1.206413 | r:  -522.000000 | e:   1.000000 | Q:        nan | won: False 
#  354 | steps:  4073 | steps_t:     0 | t: 1.212415 | r:  -520.000000 | e:   1.000000 | Q:        nan | won: False 
#  355 | steps:  4092 | steps_t:     0 | t: 1.218416 | r:  -518.000000 | e:   1.000000 | Q:        nan | won: False 
#  356 | steps:  4101 | steps_t:     0 | t: 1.220416 | r:  -508.000000 | e:   1.000000 | Q:        nan | won: False 
#  357 | steps:  4117 | steps_t:     0 | t: 1.226418 | r:  -515.000000 | e:   1.000000 | Q:        nan | won: False 
#  358 | steps:  4126 | steps_t:     0 | t: 1.228419 | r:  -508.000000 | e:   1.000000 | Q:        nan | won: False 
#  359 | steps:  4131 | steps_t:     0 | t: 1.230419 | r:  -504.000000 | e:   1.000000 | Q:        nan | won: False 
#  360 | steps:  4139 | steps_t:     0 | t: 1.232419 | r:  -507.000000 | e:   1.000000 | Q:        nan | won: False 
#  361 | steps:  4152 | steps_t:     0 | t: 1.236421 | r:  -512.000000 | e:   1.000000 | Q:        nan | won: False 
#  362 | steps:  4160 | steps_t:     0 | t: 1.238421 | r:  -507.000000 | e:   1.000000 | Q:        nan | won: False 
#  363 | steps:  4168 | steps_t:     0 | t: 1.240422 | r:  -507.000000 | e:   1.000000 | Q:        nan | won: False 
#  364 | steps:  4181 | steps_t:     0 | t: 1.244422 | r:  -512.000000 | e:   1.000000 | Q:        nan | won: False 
#  365 | steps:  4192 | steps_t:     0 | t: 1.248425 | r:  -510.000000 | e:   1.000000 | Q:        nan | won: False 
#  366 | steps:  4207 | steps_t:     0 | t: 1.252424 | r:  -514.000000 | e:   1.000000 | Q:        nan | won: False 
#  367 | steps:  4214 | steps_t:     0 | t: 1.254425 | r:  -506.000000 | e:   1.000000 | Q:        nan | won: False 
#  368 | steps:  4223 | steps_t:     0 | t: 1.256426 | r:  -508.000000 | e:   1.000000 | Q:        nan | won: False 
#  369 | steps:  4232 | steps_t:     0 | t: 1.260426 | r:  -508.000000 | e:   1.000000 | Q:        nan | won: False 
#  370 | steps:  4238 | steps_t:     0 | t: 1.260426 | r:  -505.000000 | e:   1.000000 | Q:        nan | won: False 
#  371 | steps:  4250 | steps_t:     0 | t: 1.264427 | r:  -511.000000 | e:   1.000000 | Q:        nan | won: False 
#  372 | steps:  4257 | steps_t:     0 | t: 1.266428 | r:  -506.000000 | e:   1.000000 | Q:        nan | won: False 
#  373 | steps:  4269 | steps_t:     0 | t: 1.270429 | r:  -511.000000 | e:   1.000000 | Q:        nan | won: False 
#  374 | steps:  4280 | steps_t:     0 | t: 1.274430 | r:  -510.000000 | e:   1.000000 | Q:        nan | won: False 
#  375 | steps:  4299 | steps_t:     0 | t: 1.278431 | r:  -518.000000 | e:   1.000000 | Q:        nan | won: False 
#  376 | steps:  4310 | steps_t:     0 | t: 1.282432 | r:  -510.000000 | e:   1.000000 | Q:        nan | won: False 
#  377 | steps:  4329 | steps_t:     0 | t: 1.288433 | r:  -518.000000 | e:   1.000000 | Q:        nan | won: False 
#  378 | steps:  4336 | steps_t:     0 | t: 1.290435 | r:  -506.000000 | e:   1.000000 | Q:        nan | won: False 
#  379 | steps:  4346 | steps_t:     0 | t: 1.292435 | r:  -509.000000 | e:   1.000000 | Q:        nan | won: False 
#  380 | steps:  4354 | steps_t:     0 | t: 1.294435 | r:  -507.000000 | e:   1.000000 | Q:        nan | won: False 
#  381 | steps:  4374 | steps_t:     0 | t: 1.300436 | r:  -508.000000 | e:   1.000000 | Q:        nan | won: False 
#  382 | steps:  4381 | steps_t:     0 | t: 1.302437 | r:  -506.000000 | e:   1.000000 | Q:        nan | won: False 
#  383 | steps:  4394 | steps_t:     0 | t: 1.306438 | r:  -512.000000 | e:   1.000000 | Q:        nan | won: False 
#  384 | steps:  4408 | steps_t:     0 | t: 1.310439 | r:  -513.000000 | e:   1.000000 | Q:        nan | won: False 
#  385 | steps:  4417 | steps_t:     0 | t: 1.312440 | r:  -508.000000 | e:   1.000000 | Q:        nan | won: False 
#  386 | steps:  4430 | steps_t:     0 | t: 1.316441 | r:  -512.000000 | e:   1.000000 | Q:        nan | won: False 
#  387 | steps:  4438 | steps_t:     0 | t: 1.320441 | r:  -507.000000 | e:   1.000000 | Q:        nan | won: False 
#  388 | steps:  4448 | steps_t:     0 | t: 1.322442 | r:  -509.000000 | e:   1.000000 | Q:        nan | won: False 
#  389 | steps:  4454 | steps_t:     0 | t: 1.324443 | r:  -505.000000 | e:   1.000000 | Q:        nan | won: False 
#  390 | steps:  4464 | steps_t:     0 | t: 1.328443 | r:  -509.000000 | e:   1.000000 | Q:        nan | won: False 
#  391 | steps:  4481 | steps_t:     0 | t: 1.332445 | r:  -516.000000 | e:   1.000000 | Q:        nan | won: False 
#  392 | steps:  4491 | steps_t:     0 | t: 1.336446 | r:  -509.000000 | e:   1.000000 | Q:        nan | won: False 
#  393 | steps:  4501 | steps_t:     0 | t: 1.338446 | r:  -509.000000 | e:   1.000000 | Q:        nan | won: False 
#  394 | steps:  4512 | steps_t:     0 | t: 1.342447 | r:  -510.000000 | e:   1.000000 | Q:        nan | won: False 
#  395 | steps:  4534 | steps_t:     0 | t: 1.348449 | r:  -521.000000 | e:   1.000000 | Q:        nan | won: False 
#  396 | steps:  4542 | steps_t:     0 | t: 1.350449 | r:  -507.000000 | e:   1.000000 | Q:        nan | won: False 
#  397 | steps:  4553 | steps_t:     0 | t: 1.354450 | r:  -510.000000 | e:   1.000000 | Q:        nan | won: False 
#  398 | steps:  4559 | steps_t:     0 | t: 1.356451 | r:  -505.000000 | e:   1.000000 | Q:        nan | won: False 
#  399 | steps:  4565 | steps_t:     0 | t: 1.358452 | r:  -505.000000 | e:   1.000000 | Q:        nan | won: False 
#  400 | steps:  4571 | steps_t:     0 | t: 1.360452 | r:  -505.000000 | e:   1.000000 | Q:        nan | won: False 
#  401 | steps:  4578 | steps_t:     0 | t: 1.362452 | r:  -506.000000 | e:   1.000000 | Q:        nan | won: False 
#  402 | steps:  4588 | steps_t:     0 | t: 1.364453 | r:  -509.000000 | e:   1.000000 | Q:        nan | won: False 
#  403 | steps:  4595 | steps_t:     0 | t: 1.366453 | r:  -506.000000 | e:   1.000000 | Q:        nan | won: False 
#  404 | steps:  4610 | steps_t:     0 | t: 1.370454 | r:  -503.000000 | e:   1.000000 | Q:        nan | won: False 
#  405 | steps:  4620 | steps_t:     0 | t: 1.374455 | r:  -509.000000 | e:   1.000000 | Q:        nan | won: False 
#  406 | steps:  4627 | steps_t:     0 | t: 1.376456 | r:  -506.000000 | e:   1.000000 | Q:        nan | won: False 
#  407 | steps:  4636 | steps_t:     0 | t: 1.378456 | r:  -508.000000 | e:   1.000000 | Q:        nan | won: False 
#  408 | steps:  4651 | steps_t:     0 | t: 1.382457 | r:  -514.000000 | e:   1.000000 | Q:        nan | won: False 
#  409 | steps:  4659 | steps_t:     0 | t: 1.386458 | r:  -507.000000 | e:   1.000000 | Q:        nan | won: False 
#  410 | steps:  4685 | steps_t:     0 | t: 1.392460 | r:  -525.000000 | e:   1.000000 | Q:        nan | won: False 
#  411 | steps:  4692 | steps_t:     0 | t: 1.394460 | r:  -506.000000 | e:   1.000000 | Q:        nan | won: False 
#  412 | steps:  4700 | steps_t:     0 | t: 1.398461 | r:  -507.000000 | e:   1.000000 | Q:        nan | won: False 
#  413 | steps:  4721 | steps_t:     0 | t: 1.404462 | r:  -520.000000 | e:   1.000000 | Q:        nan | won: False 
#  414 | steps:  4729 | steps_t:     0 | t: 1.406463 | r:  -507.000000 | e:   1.000000 | Q:        nan | won: False 
#  415 | steps:  4741 | steps_t:     0 | t: 1.410464 | r:  -511.000000 | e:   1.000000 | Q:        nan | won: False 
#  416 | steps:  4749 | steps_t:     0 | t: 1.412465 | r:  -507.000000 | e:   1.000000 | Q:        nan | won: False 
#  417 | steps:  4764 | steps_t:     0 | t: 1.416465 | r:  -514.000000 | e:   1.000000 | Q:        nan | won: False 
#  418 | steps:  4775 | steps_t:     0 | t: 1.420467 | r:  -510.000000 | e:   1.000000 | Q:        nan | won: False 
#  419 | steps:  4781 | steps_t:     0 | t: 1.422467 | r:  -505.000000 | e:   1.000000 | Q:        nan | won: False 
#  420 | steps:  4795 | steps_t:     0 | t: 1.426468 | r:  -513.000000 | e:   1.000000 | Q:        nan | won: False 
#  421 | steps:  4806 | steps_t:     0 | t: 1.430469 | r:  -510.000000 | e:   1.000000 | Q:        nan | won: False 
#  422 | steps:  4815 | steps_t:     0 | t: 1.432469 | r:  -508.000000 | e:   1.000000 | Q:        nan | won: False 
#  423 | steps:  4827 | steps_t:     0 | t: 1.436471 | r:  -511.000000 | e:   1.000000 | Q:        nan | won: False 
#  424 | steps:  4843 | steps_t:     0 | t: 1.440471 | r:  -515.000000 | e:   1.000000 | Q:        nan | won: False 
#  425 | steps:  4856 | steps_t:     0 | t: 1.444473 | r:  -512.000000 | e:   1.000000 | Q:        nan | won: False 
#  426 | steps:  4864 | steps_t:     0 | t: 1.446473 | r:  -507.000000 | e:   1.000000 | Q:        nan | won: False 
#  427 | steps:  4874 | steps_t:     0 | t: 1.450474 | r:  -509.000000 | e:   1.000000 | Q:        nan | won: False 
#  428 | steps:  4885 | steps_t:     0 | t: 1.452475 | r:  -510.000000 | e:   1.000000 | Q:        nan | won: False 
#  429 | steps:  4897 | steps_t:     0 | t: 1.456476 | r:  -511.000000 | e:   1.000000 | Q:        nan | won: False 
#  430 | steps:  4906 | steps_t:     0 | t: 1.458476 | r:  -508.000000 | e:   1.000000 | Q:        nan | won: False 
#  431 | steps:  4918 | steps_t:     0 | t: 1.462477 | r:  -511.000000 | e:   1.000000 | Q:        nan | won: False 
#  432 | steps:  4936 | steps_t:     0 | t: 1.468478 | r:  -517.000000 | e:   1.000000 | Q:        nan | won: False 
#  433 | steps:  4959 | steps_t:     0 | t: 1.474480 | r:  -522.000000 | e:   1.000000 | Q:        nan | won: False 
#  434 | steps:  4975 | steps_t:     0 | t: 1.478481 | r:  -515.000000 | e:   1.000000 | Q:        nan | won: False 
#  435 | steps:  4985 | steps_t:     0 | t: 1.482482 | r:  -509.000000 | e:   1.000000 | Q:        nan | won: False 
#  436 | steps:  4995 | steps_t:     0 | t: 1.484483 | r:  -509.000000 | e:   1.000000 | Q:        nan | won: False 
#  437 | steps:  5004 | steps_t:     3 | t: 1.570506 | r:  -508.000000 | e:   0.999700 | Q:        nan | won: False 
