#    1 | steps:     7 | steps_t: 3271349 | t: 0.015586 | r:  -484.000000 | e:   0.100000 | Q: 144.574600 | won: False 
#    2 | steps:    14 | steps_t: 3271349 | t: 0.023867 | r:  -484.000000 | e:   0.100000 | Q: 144.574600 | won: False 
#    3 | steps:    21 | steps_t: 3271349 | t: 0.031374 | r:  -473.000000 | e:   0.100000 | Q: 146.718842 | won: False 
#    4 | steps:    32 | steps_t: 3271349 | t: 0.031374 | r:  -466.000000 | e:   0.100000 | Q: 116.659660 | won: False 
#    5 | steps:    39 | steps_t: 3271349 | t: 0.047038 | r:  -484.000000 | e:   0.100000 | Q: 144.574600 | won: False 
#    6 | steps:    46 | steps_t: 3271349 | t: 0.047038 | r:  -484.000000 | e:   0.100000 | Q: 144.574600 | won: False 
#    7 | steps:    53 | steps_t: 3271349 | t: 0.062690 | r:  -484.000000 | e:   0.100000 | Q: 144.574600 | won: False 
#    8 | steps:    60 | steps_t: 3271349 | t: 0.078311 | r:  -484.000000 | e:   0.100000 | Q: 144.574600 | won: False 
#    9 | steps:    67 | steps_t: 3271349 | t: 0.089426 | r:  -484.000000 | e:   0.100000 | Q: 144.574600 | won: False 
#   10 | steps:    74 | steps_t: 3271349 | t: 0.089426 | r:  -495.000000 | e:   0.100000 | Q:  86.017563 | won: False 
#    1 | steps:    17 | steps_t: 3380835 | t: 0.044595 | r:  -516.000000 | e:   0.100000 | Q: 101.951004 | won: False 
#    2 | steps:    31 | steps_t: 3380835 | t: 0.060745 | r:  -513.000000 | e:   0.100000 | Q:  89.404999 | won: False 
#    3 | steps:    45 | steps_t: 3380835 | t: 0.065504 | r:  -513.000000 | e:   0.100000 | Q:  78.908714 | won: False 
#    4 | steps:    55 | steps_t: 3380835 | t: 0.089627 | r:  -509.000000 | e:   0.100000 | Q:  71.206940 | won: False 
#    5 | steps:    64 | steps_t: 3380835 | t: 0.089627 | r:  -508.000000 | e:   0.100000 | Q:  77.148911 | won: False 
#    6 | steps:    79 | steps_t: 3380835 | t: 0.121588 | r:  -514.000000 | e:   0.100000 | Q:  89.404999 | won: False 
#    7 | steps:   109 | steps_t: 3380835 | t: 0.152879 | r:    82.000000 | e:   0.100000 | Q: 103.384560 | won: True 
#    8 | steps:   135 | steps_t: 3380835 | t: 0.195978 | r:    86.000000 | e:   0.100000 | Q: 103.384560 | won: True 
#    9 | steps:   155 | steps_t: 3380835 | t: 0.211651 | r:  -508.000000 | e:   0.100000 | Q:  89.404999 | won: False 
#   10 | steps:   185 | steps_t: 3380835 | t: 0.242857 | r:    82.000000 | e:   0.100000 | Q:  96.471931 | won: True 
