#    1 | steps:    13 | steps_t: 3271349 | t: 0.031250 | r:  -501.000000 | e:   0.100000 | Q:  71.597641 | won: False 
#    2 | steps:    33 | steps_t: 3271349 | t: 0.062498 | r:    92.000000 | e:   0.100000 | Q:  99.879898 | won: True 
#    3 | steps:    53 | steps_t: 3271349 | t: 0.093760 | r:    92.000000 | e:   0.100000 | Q: 100.136078 | won: True 
#    4 | steps:    71 | steps_t: 3271349 | t: 0.140629 | r:    94.000000 | e:   0.100000 | Q:  98.585411 | won: True 
#    5 | steps:    90 | steps_t: 3271349 | t: 0.172066 | r:  -507.000000 | e:   0.100000 | Q:  66.877693 | won: False 
#    6 | steps:   109 | steps_t: 3271349 | t: 0.230163 | r:    93.000000 | e:   0.100000 | Q:  99.326218 | won: True 
#    7 | steps:   126 | steps_t: 3271349 | t: 0.256665 | r:    95.000000 | e:   0.100000 | Q:  99.937119 | won: True 
#    8 | steps:   148 | steps_t: 3271349 | t: 0.305576 | r:  -510.000000 | e:   0.100000 | Q:  54.631462 | won: False 
#    9 | steps:   165 | steps_t: 3271349 | t: 0.338807 | r:    95.000000 | e:   0.100000 | Q: 100.647797 | won: True 
#   10 | steps:   183 | steps_t: 3271349 | t: 0.383425 | r:    94.000000 | e:   0.100000 | Q:  98.585411 | won: True 
#    1 | steps:     7 | steps_t: 3271349 | t: 0.031230 | r:  -484.000000 | e:   0.100000 | Q: 144.574600 | won: False 
#    2 | steps:    14 | steps_t: 3271349 | t: 0.046856 | r:  -484.000000 | e:   0.100000 | Q: 144.574600 | won: False 
#    3 | steps:    21 | steps_t: 3271349 | t: 0.046856 | r:  -484.000000 | e:   0.100000 | Q: 144.574600 | won: False 
#    4 | steps:    28 | steps_t: 3271349 | t: 0.062500 | r:  -495.000000 | e:   0.100000 | Q:  86.017563 | won: False 
#    5 | steps:    35 | steps_t: 3271349 | t: 0.078109 | r:  -484.000000 | e:   0.100000 | Q: 144.574600 | won: False 
#    6 | steps:    46 | steps_t: 3271349 | t: 0.093729 | r:  -455.000000 | e:   0.100000 | Q: 128.869629 | won: False 
#    7 | steps:    53 | steps_t: 3271349 | t: 0.109355 | r:  -473.000000 | e:   0.100000 | Q: 146.718842 | won: False 
#    8 | steps:    60 | steps_t: 3271349 | t: 0.124984 | r:  -484.000000 | e:   0.100000 | Q: 144.574600 | won: False 
#    9 | steps:    67 | steps_t: 3271349 | t: 0.140657 | r:  -484.000000 | e:   0.100000 | Q: 144.574600 | won: False 
#   10 | steps:    74 | steps_t: 3271349 | t: 0.156265 | r:  -484.000000 | e:   0.100000 | Q: 144.574600 | won: False 
