#    1 | steps:    17 | steps_t: 3271349 | t: 0.048635 | r:    95.000000 | e:   0.100000 | Q:  99.937119 | won: True 
#    2 | steps:    43 | steps_t: 3271349 | t: 0.081436 | r:    86.000000 | e:   0.100000 | Q: 100.056366 | won: True 
#    3 | steps:    64 | steps_t: 3271349 | t: 0.128342 | r:    91.000000 | e:   0.100000 | Q: 100.123428 | won: True 
#    4 | steps:    87 | steps_t: 3271349 | t: 0.159997 | r:    89.000000 | e:   0.100000 | Q: 101.020760 | won: True 
#    5 | steps:   104 | steps_t: 3271349 | t: 0.203008 | r:    95.000000 | e:   0.100000 | Q:  99.937119 | won: True 
#    6 | steps:   121 | steps_t: 3271349 | t: 0.234259 | r:    95.000000 | e:   0.100000 | Q:  99.937119 | won: True 
#    7 | steps:   146 | steps_t: 3271349 | t: 0.281184 | r:    87.000000 | e:   0.100000 | Q: 100.511093 | won: True 
#    8 | steps:   165 | steps_t: 3271349 | t: 0.312427 | r:    93.000000 | e:   0.100000 | Q:  99.326218 | won: True 
#    9 | steps:   189 | steps_t: 3271349 | t: 0.359294 | r:    88.000000 | e:   0.100000 | Q: 100.136078 | won: True 
#   10 | steps:   204 | steps_t: 3271349 | t: 0.374922 | r:  -514.000000 | e:   0.100000 | Q:  62.369347 | won: False 
#    1 | steps:     7 | steps_t: 3271349 | t: 0.031250 | r:  -484.000000 | e:   0.100000 | Q: 144.574600 | won: False 
#    2 | steps:    14 | steps_t: 3271349 | t: 0.046834 | r:  -495.000000 | e:   0.100000 | Q:  91.886856 | won: False 
#    3 | steps:    21 | steps_t: 3271349 | t: 0.055152 | r:  -484.000000 | e:   0.100000 | Q: 144.574600 | won: False 
#    4 | steps:    28 | steps_t: 3271349 | t: 0.062666 | r:  -484.000000 | e:   0.100000 | Q: 144.574600 | won: False 
#    5 | steps:    39 | steps_t: 3271349 | t: 0.093967 | r:  -444.000000 | e:   0.100000 | Q: 144.574600 | won: False 
#    6 | steps:    50 | steps_t: 3271349 | t: 0.109558 | r:  -499.000000 | e:   0.100000 | Q: 237.227280 | won: False 
#    7 | steps:    57 | steps_t: 3271349 | t: 0.125215 | r:  -484.000000 | e:   0.100000 | Q: 144.574600 | won: False 
#    8 | steps:    64 | steps_t: 3271349 | t: 0.125215 | r:  -484.000000 | e:   0.100000 | Q: 144.574600 | won: False 
#    9 | steps:    71 | steps_t: 3271349 | t: 0.140816 | r:  -473.000000 | e:   0.100000 | Q: 146.718842 | won: False 
#   10 | steps:    78 | steps_t: 3271349 | t: 0.156481 | r:  -484.000000 | e:   0.100000 | Q: 144.574600 | won: False 
