#    1 | steps:    30 | steps_t: 3271349 | t: 0.056303 | r:    82.000000 | e:   0.100000 | Q: 100.056366 | won: True 
#    2 | steps:    51 | steps_t: 3271349 | t: 0.078460 | r:    91.000000 | e:   0.100000 | Q: 100.123428 | won: True 
#    3 | steps:    71 | steps_t: 3271349 | t: 0.094099 | r:    92.000000 | e:   0.100000 | Q:  99.879898 | won: True 
#    4 | steps:    88 | steps_t: 3271349 | t: 0.125376 | r:    95.000000 | e:   0.100000 | Q: 100.647797 | won: True 
#    5 | steps:   105 | steps_t: 3271349 | t: 0.141001 | r:    95.000000 | e:   0.100000 | Q: 100.647797 | won: True 
#    6 | steps:   129 | steps_t: 3271349 | t: 0.172220 | r:    88.000000 | e:   0.100000 | Q: 100.136078 | won: True 
#    7 | steps:   148 | steps_t: 3271349 | t: 0.203497 | r:    93.000000 | e:   0.100000 | Q: 100.897446 | won: True 
#    8 | steps:   171 | steps_t: 3271349 | t: 0.234709 | r:    89.000000 | e:   0.100000 | Q: 104.667717 | won: True 
#    9 | steps:   192 | steps_t: 3271349 | t: 0.250399 | r:  -509.000000 | e:   0.100000 | Q:  67.697021 | won: False 
#   10 | steps:   210 | steps_t: 3271349 | t: 0.265963 | r:    94.000000 | e:   0.100000 | Q:  98.585411 | won: True 
#    1 | steps:     7 | steps_t: 3271349 | t: 0.031245 | r:  -484.000000 | e:   0.100000 | Q: 144.574600 | won: False 
#    2 | steps:    14 | steps_t: 3271349 | t: 0.037509 | r:  -484.000000 | e:   0.100000 | Q: 144.574600 | won: False 
#    3 | steps:    21 | steps_t: 3271349 | t: 0.037509 | r:  -484.000000 | e:   0.100000 | Q: 128.869629 | won: False 
#    4 | steps:    28 | steps_t: 3271349 | t: 0.047063 | r:  -484.000000 | e:   0.100000 | Q: 144.574600 | won: False 
#    5 | steps:    35 | steps_t: 3271349 | t: 0.062706 | r:  -495.000000 | e:   0.100000 | Q:  76.664894 | won: False 
#    6 | steps:    42 | steps_t: 3271349 | t: 0.062706 | r:  -484.000000 | e:   0.100000 | Q: 144.574600 | won: False 
#    7 | steps:    49 | steps_t: 3271349 | t: 0.078370 | r:  -484.000000 | e:   0.100000 | Q: 144.574600 | won: False 
#    8 | steps:    56 | steps_t: 3271349 | t: 0.093952 | r:  -484.000000 | e:   0.100000 | Q: 144.574600 | won: False 
#    9 | steps:    63 | steps_t: 3271349 | t: 0.093952 | r:  -484.000000 | e:   0.100000 | Q: 144.574600 | won: False 
#   10 | steps:    70 | steps_t: 3271349 | t: 0.109613 | r:  -495.000000 | e:   0.100000 | Q: 128.869629 | won: False 
#    1 | steps:    26 | steps_t: 3380835 | t: 0.031299 | r:    86.000000 | e:   0.100000 | Q: 103.384560 | won: True 
#    2 | steps:    49 | steps_t: 3380835 | t: 0.062709 | r:  -511.000000 | e:   0.100000 | Q:  89.404999 | won: False 
#    3 | steps:    73 | steps_t: 3380835 | t: 0.093984 | r:  -512.000000 | e:   0.100000 | Q:  75.323685 | won: False 
#    4 | steps:    90 | steps_t: 3380835 | t: 0.109596 | r:  -516.000000 | e:   0.100000 | Q:  89.404999 | won: False 
#    5 | steps:   106 | steps_t: 3380835 | t: 0.140858 | r:  -515.000000 | e:   0.100000 | Q:  89.404999 | won: False 
#    6 | steps:   136 | steps_t: 3380835 | t: 0.172096 | r:    82.000000 | e:   0.100000 | Q: 103.384560 | won: True 
#    7 | steps:   153 | steps_t: 3380835 | t: 0.187762 | r:  -516.000000 | e:   0.100000 | Q:  89.404999 | won: False 
#    8 | steps:   180 | steps_t: 3380835 | t: 0.219032 | r:  -515.000000 | e:   0.100000 | Q:  89.404999 | won: False 
#    9 | steps:   191 | steps_t: 3380835 | t: 0.234596 | r:  -510.000000 | e:   0.100000 | Q:  80.970963 | won: False 
#   10 | steps:   208 | steps_t: 3380835 | t: 0.265886 | r:  -516.000000 | e:   0.100000 | Q:  78.908714 | won: False 
