#    1 | steps:    84 | steps_t:     0 | t: 0.070017 | r:  -440.000000 | e:   1.000000 | Q:        nan | won: False 
#    2 | steps:    94 | steps_t:     0 | t: 0.076019 | r:  -476.000000 | e:   1.000000 | Q:        nan | won: False 
#    3 | steps:   115 | steps_t:     0 | t: 0.090022 | r:  -498.000000 | e:   1.000000 | Q:        nan | won: False 
#    4 | steps:   133 | steps_t:     0 | t: 0.104026 | r:  -484.000000 | e:   1.000000 | Q:        nan | won: False 
#    5 | steps:   158 | steps_t:     0 | t: 0.120030 | r:  -414.000000 | e:   1.000000 | Q:        nan | won: False 
#    6 | steps:   185 | steps_t:     0 | t: 0.138034 | r:  -449.000000 | e:   1.000000 | Q:        nan | won: False 
#    7 | steps:   197 | steps_t:     0 | t: 0.148037 | r:  -500.000000 | e:   1.000000 | Q:        nan | won: False 
#    8 | steps:   228 | steps_t:     0 | t: 0.168042 | r:  -431.000000 | e:   1.000000 | Q:        nan | won: False 
#    9 | steps:   255 | steps_t:     0 | t: 0.186046 | r:  -471.000000 | e:   1.000000 | Q:        nan | won: False 
#   10 | steps:   318 | steps_t:     0 | t: 0.228056 | r:  -302.000000 | e:   1.000000 | Q:        nan | won: False 
#   11 | steps:   335 | steps_t:     0 | t: 0.240059 | r:  -450.000000 | e:   1.000000 | Q:        nan | won: False 
#   12 | steps:   349 | steps_t:     0 | t: 0.250062 | r:  -469.000000 | e:   1.000000 | Q:        nan | won: False 
#   13 | steps:   409 | steps_t:     0 | t: 0.292073 | r:  -471.000000 | e:   1.000000 | Q:        nan | won: False 
#   14 | steps:   427 | steps_t:     0 | t: 0.304076 | r:  -440.000000 | e:   1.000000 | Q:        nan | won: False 
#   15 | steps:   485 | steps_t:     0 | t: 0.344086 | r:  -414.000000 | e:   1.000000 | Q:        nan | won: False 
#   16 | steps:   498 | steps_t:     0 | t: 0.352087 | r:  -490.000000 | e:   1.000000 | Q:        nan | won: False 
#   17 | steps:   513 | steps_t:     0 | t: 0.362090 | r:  -492.000000 | e:   1.000000 | Q:        nan | won: False 
#   18 | steps:   537 | steps_t:     0 | t: 0.380095 | r:  -490.000000 | e:   1.000000 | Q:        nan | won: False 
#   19 | steps:   551 | steps_t:     0 | t: 0.388096 | r:  -469.000000 | e:   1.000000 | Q:        nan | won: False 
#   20 | steps:   595 | steps_t:     0 | t: 0.418104 | r:  -389.000000 | e:   1.000000 | Q:        nan | won: False 
#   21 | steps:   619 | steps_t:     0 | t: 0.436109 | r:  -468.000000 | e:   1.000000 | Q:        nan | won: False 
#   22 | steps:   636 | steps_t:     0 | t: 0.446111 | r:  -472.000000 | e:   1.000000 | Q:        nan | won: False 
#   23 | steps:   696 | steps_t:     0 | t: 0.543000 | r:  -394.000000 | e:   1.000000 | Q:        nan | won: False 
#   24 | steps:   774 | steps_t:     0 | t: 0.597720 | r:  -368.000000 | e:   1.000000 | Q:        nan | won: False 
#   25 | steps:   810 | steps_t:     0 | t: 0.621768 | r:  -469.000000 | e:   1.000000 | Q:        nan | won: False 
#   26 | steps:   916 | steps_t:     0 | t: 0.694514 | r:  -462.000000 | e:   1.000000 | Q:        nan | won: False 
#   27 | steps:   956 | steps_t:     0 | t: 0.722520 | r:  -429.000000 | e:   1.000000 | Q:        nan | won: False 
#   28 | steps:   973 | steps_t:     0 | t: 0.734524 | r:  -494.000000 | e:   1.000000 | Q:        nan | won: False 
#   29 | steps:  1126 | steps_t:     0 | t: 0.838549 | r:  -385.000000 | e:   1.000000 | Q:        nan | won: False 
#   30 | steps:  1163 | steps_t:     0 | t: 0.866556 | r:  -459.000000 | e:   1.000000 | Q:        nan | won: False 
#   31 | steps:  1223 | steps_t:     0 | t: 0.906567 | r:  -383.000000 | e:   1.000000 | Q:        nan | won: False 
#   32 | steps:  1234 | steps_t:     0 | t: 0.914568 | r:  -477.000000 | e:   1.000000 | Q:        nan | won: False 
#   33 | steps:  1255 | steps_t:     0 | t: 0.928572 | r:  -443.000000 | e:   1.000000 | Q:        nan | won: False 
#   34 | steps:  1282 | steps_t:     0 | t: 0.946576 | r:  -438.000000 | e:   1.000000 | Q:        nan | won: False 
#   35 | steps:  1293 | steps_t:     0 | t: 0.952578 | r:  -466.000000 | e:   1.000000 | Q:        nan | won: False 
#   36 | steps:  1306 | steps_t:     0 | t: 0.962580 | r:  -479.000000 | e:   1.000000 | Q:        nan | won: False 
#   37 | steps:  1482 | steps_t:     0 | t: 1.081910 | r:  -521.000000 | e:   1.000000 | Q:        nan | won: False 
#   38 | steps:  1500 | steps_t:     0 | t: 1.095913 | r:  -462.000000 | e:   1.000000 | Q:        nan | won: False 
#   39 | steps:  1510 | steps_t:     0 | t: 1.101915 | r:  -487.000000 | e:   1.000000 | Q:        nan | won: False 
#   40 | steps:  1568 | steps_t:     0 | t: 1.139924 | r:  -502.000000 | e:   1.000000 | Q:        nan | won: False 
#   41 | steps:  1590 | steps_t:     0 | t: 1.155928 | r:  -466.000000 | e:   1.000000 | Q:        nan | won: False 
#   42 | steps:  1605 | steps_t:     0 | t: 1.165931 | r:  -481.000000 | e:   1.000000 | Q:        nan | won: False 
#   43 | steps:  1627 | steps_t:     0 | t: 1.181935 | r:  -444.000000 | e:   1.000000 | Q:        nan | won: False 
#   44 | steps:  1657 | steps_t:     0 | t: 1.201940 | r:  -452.000000 | e:   1.000000 | Q:        nan | won: False 
#   45 | steps:  1671 | steps_t:     0 | t: 1.211942 | r:  -480.000000 | e:   1.000000 | Q:        nan | won: False 
#   46 | steps:  1685 | steps_t:     0 | t: 1.221945 | r:  -469.000000 | e:   1.000000 | Q:        nan | won: False 
#   47 | steps:  1703 | steps_t:     0 | t: 1.233948 | r:  -484.000000 | e:   1.000000 | Q:        nan | won: False 
#   48 | steps:  1719 | steps_t:     0 | t: 1.243950 | r:  -471.000000 | e:   1.000000 | Q:        nan | won: False 
#   49 | steps:  1757 | steps_t:     0 | t: 1.269957 | r:  -438.000000 | e:   1.000000 | Q:        nan | won: False 
#   50 | steps:  1788 | steps_t:     0 | t: 1.290748 | r:  -475.000000 | e:   1.000000 | Q:        nan | won: False 
#   51 | steps:  1810 | steps_t:     0 | t: 1.307752 | r:  -499.000000 | e:   1.000000 | Q:        nan | won: False 
#   52 | steps:  1846 | steps_t:     0 | t: 1.332757 | r:  -458.000000 | e:   1.000000 | Q:        nan | won: False 
#   53 | steps:  1873 | steps_t:     0 | t: 1.350762 | r:  -493.000000 | e:   1.000000 | Q:        nan | won: False 
#   54 | steps:  1885 | steps_t:     0 | t: 1.358763 | r:  -500.000000 | e:   1.000000 | Q:        nan | won: False 
#   55 | steps:  1899 | steps_t:     0 | t: 1.367785 | r:  -480.000000 | e:   1.000000 | Q:        nan | won: False 
#   56 | steps:  2018 | steps_t:     0 | t: 1.448654 | r:  -398.000000 | e:   1.000000 | Q:        nan | won: False 
#   57 | steps:  2049 | steps_t:     0 | t: 1.470659 | r:  -497.000000 | e:   1.000000 | Q:        nan | won: False 
#   58 | steps:  2065 | steps_t:     0 | t: 1.480662 | r:  -471.000000 | e:   1.000000 | Q:        nan | won: False 
#   59 | steps:  2083 | steps_t:     0 | t: 1.492665 | r:  -484.000000 | e:   1.000000 | Q:        nan | won: False 
#   60 | steps:  2119 | steps_t:     0 | t: 1.516671 | r:  -469.000000 | e:   1.000000 | Q:        nan | won: False 
#   61 | steps:  2132 | steps_t:     0 | t: 1.526674 | r:  -446.000000 | e:   1.000000 | Q:        nan | won: False 
#   62 | steps:  2181 | steps_t:     0 | t: 1.560682 | r:  -482.000000 | e:   1.000000 | Q:        nan | won: False 
#   63 | steps:  2204 | steps_t:     0 | t: 1.574685 | r:  -478.000000 | e:   1.000000 | Q:        nan | won: False 
#   64 | steps:  2216 | steps_t:     0 | t: 1.584688 | r:  -500.000000 | e:   1.000000 | Q:        nan | won: False 
#   65 | steps:  2332 | steps_t:     0 | t: 1.663608 | r:  -406.000000 | e:   1.000000 | Q:        nan | won: False 
#   66 | steps:  2391 | steps_t:     0 | t: 1.703617 | r:  -470.000000 | e:   1.000000 | Q:        nan | won: False 
#   67 | steps:  2410 | steps_t:     0 | t: 1.715621 | r:  -452.000000 | e:   1.000000 | Q:        nan | won: False 
#   68 | steps:  2462 | steps_t:     0 | t: 1.822532 | r:  -496.000000 | e:   1.000000 | Q:        nan | won: False 
#   69 | steps:  2497 | steps_t:     0 | t: 1.846538 | r:  -512.000000 | e:   1.000000 | Q:        nan | won: False 
#   70 | steps:  2526 | steps_t:     0 | t: 1.866543 | r:  -462.000000 | e:   1.000000 | Q:        nan | won: False 
#   71 | steps:  2647 | steps_t:     0 | t: 1.949328 | r:  -411.000000 | e:   1.000000 | Q:        nan | won: False 
#   72 | steps:  2662 | steps_t:     0 | t: 1.959330 | r:  -459.000000 | e:   1.000000 | Q:        nan | won: False 
#   73 | steps:  2674 | steps_t:     0 | t: 1.967333 | r:  -489.000000 | e:   1.000000 | Q:        nan | won: False 
#   74 | steps:  2685 | steps_t:     0 | t: 1.975334 | r:  -477.000000 | e:   1.000000 | Q:        nan | won: False 
#   75 | steps:  2766 | steps_t:     0 | t: 2.029348 | r:  -503.000000 | e:   1.000000 | Q:        nan | won: False 
#   76 | steps:  2777 | steps_t:     0 | t: 2.037350 | r:  -477.000000 | e:   1.000000 | Q:        nan | won: False 
#   77 | steps:  2789 | steps_t:     0 | t: 2.045352 | r:  -467.000000 | e:   1.000000 | Q:        nan | won: False 
#   78 | steps:  2815 | steps_t:     0 | t: 2.063357 | r:  -470.000000 | e:   1.000000 | Q:        nan | won: False 
#   79 | steps:  2871 | steps_t:     0 | t: 2.101366 | r:  -445.000000 | e:   1.000000 | Q:        nan | won: False 
#   80 | steps:  2897 | steps_t:     0 | t: 2.119370 | r:  -448.000000 | e:   1.000000 | Q:        nan | won: False 
#   81 | steps:  2942 | steps_t:     0 | t: 2.151378 | r:  -478.000000 | e:   1.000000 | Q:        nan | won: False 
#   82 | steps:  2953 | steps_t:     0 | t: 2.157380 | r:  -444.000000 | e:   1.000000 | Q:        nan | won: False 
#   83 | steps:  2992 | steps_t:     0 | t: 2.185387 | r:  -450.000000 | e:   1.000000 | Q:        nan | won: False 
#   84 | steps:  3003 | steps_t:     0 | t: 2.193389 | r:  -466.000000 | e:   1.000000 | Q:        nan | won: False 
#   85 | steps:  3055 | steps_t:     0 | t: 2.227397 | r:  -375.000000 | e:   1.000000 | Q:        nan | won: False 
#   86 | steps:  3070 | steps_t:     0 | t: 2.239400 | r:  -448.000000 | e:   1.000000 | Q:        nan | won: False 
#   87 | steps:  3121 | steps_t:     0 | t: 2.273409 | r:  -462.000000 | e:   1.000000 | Q:        nan | won: False 
#   88 | steps:  3134 | steps_t:     0 | t: 2.283411 | r:  -490.000000 | e:   1.000000 | Q:        nan | won: False 
#   89 | steps:  3145 | steps_t:     0 | t: 2.291413 | r:  -466.000000 | e:   1.000000 | Q:        nan | won: False 
#   90 | steps:  3160 | steps_t:     0 | t: 2.301416 | r:  -459.000000 | e:   1.000000 | Q:        nan | won: False 
#   91 | steps:  3211 | steps_t:     0 | t: 2.335424 | r:  -484.000000 | e:   1.000000 | Q:        nan | won: False 
#   92 | steps:  3241 | steps_t:     0 | t: 2.357430 | r:  -474.000000 | e:   1.000000 | Q:        nan | won: False 
#   93 | steps:  3310 | steps_t:     0 | t: 2.403441 | r:  -513.000000 | e:   1.000000 | Q:        nan | won: False 
#   94 | steps:  3326 | steps_t:     0 | t: 2.415444 | r:  -493.000000 | e:   1.000000 | Q:        nan | won: False 
#   95 | steps:  3342 | steps_t:     0 | t: 2.425447 | r:  -471.000000 | e:   1.000000 | Q:        nan | won: False 
#   96 | steps:  3355 | steps_t:     0 | t: 2.435450 | r:  -490.000000 | e:   1.000000 | Q:        nan | won: False 
#   97 | steps:  3367 | steps_t:     0 | t: 2.441451 | r:  -467.000000 | e:   1.000000 | Q:        nan | won: False 
#   98 | steps:  3376 | steps_t:     0 | t: 2.447452 | r:  -464.000000 | e:   1.000000 | Q:        nan | won: False 
#   99 | steps:  3411 | steps_t:     0 | t: 2.471458 | r:  -490.000000 | e:   1.000000 | Q:        nan | won: False 
#  100 | steps:  3485 | steps_t:     0 | t: 2.523472 | r:  -452.000000 | e:   1.000000 | Q:        nan | won: False 
#  101 | steps:  3513 | steps_t:     0 | t: 7.085459 | r:  -483.000000 | e:   1.000000 | Q:        nan | won: False 
#  102 | steps:  3523 | steps_t:     0 | t: 9.683454 | r:  -476.000000 | e:   1.000000 | Q:        nan | won: False 
#  103 | steps:  3546 | steps_t:     0 | t: 14.550807 | r:  -456.000000 | e:   1.000000 | Q:        nan | won: False 
#  104 | steps:  3600 | steps_t:     0 | t: 24.533468 | r:  -509.000000 | e:   1.000000 | Q:        nan | won: False 
#  105 | steps:  3670 | steps_t:     0 | t: 37.329113 | r:  -415.000000 | e:   1.000000 | Q:        nan | won: False 
#  106 | steps:  3683 | steps_t:     0 | t: 40.406418 | r:  -490.000000 | e:   1.000000 | Q:        nan | won: False 
#  107 | steps:  3694 | steps_t:     0 | t: 43.173434 | r:  -466.000000 | e:   1.000000 | Q:        nan | won: False 
#  108 | steps:  3713 | steps_t:     0 | t: 47.234705 | r:  -452.000000 | e:   1.000000 | Q:        nan | won: False 
#  109 | steps:  3734 | steps_t:     0 | t: 51.650435 | r:  -476.000000 | e:   1.000000 | Q:        nan | won: False 
#  110 | steps:  3752 | steps_t:     0 | t: 55.599445 | r:  -473.000000 | e:   1.000000 | Q:        nan | won: False 
#  111 | steps:  3797 | steps_t:     0 | t: 64.033567 | r:  -511.000000 | e:   1.000000 | Q:        nan | won: False 
#  112 | steps:  3807 | steps_t:     0 | t: 66.654425 | r:  -487.000000 | e:   1.000000 | Q:        nan | won: False 
#  113 | steps:  3821 | steps_t:     0 | t: 69.969437 | r:  -480.000000 | e:   1.000000 | Q:        nan | won: False 
#  114 | steps:  3848 | steps_t:     0 | t: 75.353418 | r:  -504.000000 | e:   1.000000 | Q:        nan | won: False 
#  115 | steps:  3865 | steps_t:     0 | t: 79.166505 | r:  -450.000000 | e:   1.000000 | Q:        nan | won: False 
#  116 | steps:  3874 | steps_t:     0 | t: 81.589408 | r:  -442.000000 | e:   1.000000 | Q:        nan | won: False 
#  117 | steps:  3989 | steps_t:     0 | t: 101.715149 | r:  -354.000000 | e:   1.000000 | Q:        nan | won: False 
#  118 | steps:  4026 | steps_t:     0 | t: 108.901391 | r:  -448.000000 | e:   1.000000 | Q:        nan | won: False 
