#    1 | steps:    17 | steps_t: 2735611 | t: 0.031291 | r:    95.000000 | e:   0.100000 | Q: 102.149544 | won: True 
#    2 | steps:    35 | steps_t: 2735611 | t: 0.046878 | r:    94.000000 | e:   0.100000 | Q: 100.611267 | won: True 
#    3 | steps:    50 | steps_t: 2735611 | t: 0.078144 | r:  -503.000000 | e:   0.100000 | Q:  77.313820 | won: False 
#    4 | steps:    67 | steps_t: 2735611 | t: 0.093794 | r:    95.000000 | e:   0.100000 | Q: 102.149544 | won: True 
#    5 | steps:    85 | steps_t: 2735611 | t: 0.109383 | r:    94.000000 | e:   0.100000 | Q: 100.611267 | won: True 
#    6 | steps:   115 | steps_t: 2735611 | t: 0.156541 | r:    82.000000 | e:   0.100000 | Q:  98.804779 | won: True 
#    7 | steps:   132 | steps_t: 2735611 | t: 0.172160 | r:    95.000000 | e:   0.100000 | Q: 101.350464 | won: True 
#    8 | steps:   160 | steps_t: 2735611 | t: 0.203414 | r:    84.000000 | e:   0.100000 | Q:  98.254601 | won: True 
#    9 | steps:   177 | steps_t: 2735611 | t: 0.219033 | r:  -505.000000 | e:   0.100000 | Q:  96.004906 | won: False 
#   10 | steps:   201 | steps_t: 2735611 | t: 0.250285 | r:    88.000000 | e:   0.100000 | Q: 100.522858 | won: True 
#    1 | steps:    20 | steps_t: 2735611 | t: 0.031249 | r:    92.000000 | e:   0.100000 | Q:  98.254601 | won: True 
#    2 | steps:    37 | steps_t: 2735611 | t: 0.062502 | r:    95.000000 | e:   0.100000 | Q: 101.230827 | won: True 
#    3 | steps:    67 | steps_t: 2735611 | t: 0.093936 | r:    82.000000 | e:   0.100000 | Q:  98.804779 | won: True 
#    4 | steps:    87 | steps_t: 2735611 | t: 0.125224 | r:    92.000000 | e:   0.100000 | Q:  98.254601 | won: True 
#    5 | steps:   115 | steps_t: 2735611 | t: 0.156470 | r:    84.000000 | e:   0.100000 | Q:  98.254601 | won: True 
#    6 | steps:   144 | steps_t: 2735611 | t: 0.187706 | r:    83.000000 | e:   0.100000 | Q: 101.230827 | won: True 
#    7 | steps:   161 | steps_t: 2735611 | t: 0.203323 | r:    95.000000 | e:   0.100000 | Q: 101.350464 | won: True 
#    8 | steps:   178 | steps_t: 2735611 | t: 0.234615 | r:    95.000000 | e:   0.100000 | Q: 101.230827 | won: True 
#    9 | steps:   200 | steps_t: 2735611 | t: 0.250240 | r:    90.000000 | e:   0.100000 | Q: 101.623817 | won: True 
#   10 | steps:   216 | steps_t: 2735611 | t: 0.281488 | r:    96.000000 | e:   0.100000 | Q: 100.241585 | won: True 
#    1 | steps:    28 | steps_t: 3270774 | t: 0.031249 | r:    84.000000 | e:   0.100000 | Q:  99.964523 | won: True 
#    2 | steps:    45 | steps_t: 3270774 | t: 0.046874 | r:    95.000000 | e:   0.100000 | Q: 100.854179 | won: True 
#    3 | steps:    60 | steps_t: 3270774 | t: 0.062541 | r:  -503.000000 | e:   0.100000 | Q:  73.247620 | won: False 
#    4 | steps:    90 | steps_t: 3270774 | t: 0.109699 | r:    82.000000 | e:   0.100000 | Q: 101.656296 | won: True 
#    5 | steps:   112 | steps_t: 3270774 | t: 0.140946 | r:    90.000000 | e:   0.100000 | Q: 100.625839 | won: True 
#    6 | steps:   127 | steps_t: 3270774 | t: 0.156621 | r:  -503.000000 | e:   0.100000 | Q:  73.247620 | won: False 
#    7 | steps:   140 | steps_t: 3270774 | t: 0.172218 | r:  -501.000000 | e:   0.100000 | Q:  73.247620 | won: False 
#    8 | steps:   170 | steps_t: 3270774 | t: 0.203500 | r:    82.000000 | e:   0.100000 | Q: 101.656296 | won: True 
#    9 | steps:   187 | steps_t: 3270774 | t: 0.219074 | r:    95.000000 | e:   0.100000 | Q: 101.309280 | won: True 
#   10 | steps:   213 | steps_t: 3270774 | t: 0.250361 | r:    86.000000 | e:   0.100000 | Q:  95.651550 | won: True 
