#    1 | steps:    17 | steps_t: 3270774 | t: 0.031222 | r:    95.000000 | e:   0.100000 | Q: 100.854179 | won: True 
#    2 | steps:    34 | steps_t: 3270774 | t: 0.047229 | r:  -505.000000 | e:   0.100000 | Q:  90.346596 | won: False 
#    3 | steps:    52 | steps_t: 3270774 | t: 0.078489 | r:    94.000000 | e:   0.100000 | Q:  99.949371 | won: True 
#    4 | steps:    66 | steps_t: 3270774 | t: 0.094114 | r:  -502.000000 | e:   0.100000 | Q:  75.691360 | won: False 
#    5 | steps:    84 | steps_t: 3270774 | t: 0.109740 | r:    94.000000 | e:   0.100000 | Q:  99.949371 | won: True 
#    6 | steps:   101 | steps_t: 3270774 | t: 0.140988 | r:    95.000000 | e:   0.100000 | Q: 101.309280 | won: True 
#    7 | steps:   119 | steps_t: 3270774 | t: 0.156616 | r:    94.000000 | e:   0.100000 | Q:  99.949371 | won: True 
#    8 | steps:   149 | steps_t: 3270774 | t: 0.203548 | r:    82.000000 | e:   0.100000 | Q: 101.656296 | won: True 
#    9 | steps:   170 | steps_t: 3270774 | t: 0.219126 | r:    91.000000 | e:   0.100000 | Q: 100.147888 | won: True 
#   10 | steps:   187 | steps_t: 3270774 | t: 0.234768 | r:    95.000000 | e:   0.100000 | Q: 101.309280 | won: True 
#    1 | steps:    20 | steps_t: 3270774 | t: 0.031213 | r:    92.000000 | e:   0.100000 | Q: 100.943588 | won: True 
#    2 | steps:    41 | steps_t: 3270774 | t: 0.047097 | r:    91.000000 | e:   0.100000 | Q: 100.147888 | won: True 
#    3 | steps:    58 | steps_t: 3270774 | t: 0.062761 | r:    95.000000 | e:   0.100000 | Q: 101.309280 | won: True 
#    4 | steps:    79 | steps_t: 3270774 | t: 0.093987 | r:    91.000000 | e:   0.100000 | Q: 100.147888 | won: True 
#    5 | steps:   111 | steps_t: 3270774 | t: 0.125243 | r:    80.000000 | e:   0.100000 | Q: 101.667725 | won: True 
#    6 | steps:   128 | steps_t: 3270774 | t: 0.140858 | r:    95.000000 | e:   0.100000 | Q: 101.309280 | won: True 
#    7 | steps:   167 | steps_t: 3270774 | t: 0.187733 | r:    73.000000 | e:   0.100000 | Q: 100.425217 | won: True 
#    8 | steps:   185 | steps_t: 3270774 | t: 0.218983 | r:    94.000000 | e:   0.100000 | Q: 102.359123 | won: True 
#    9 | steps:   200 | steps_t: 3270774 | t: 0.218983 | r:  -503.000000 | e:   0.100000 | Q:  80.711975 | won: False 
#   10 | steps:   218 | steps_t: 3270774 | t: 0.250278 | r:    94.000000 | e:   0.100000 | Q:  99.949371 | won: True 
