#    1 | steps:    18 | steps_t: 3270774 | t: 0.042050 | r:    94.000000 | e:   0.100000 | Q: 102.359123 | won: True 
#    2 | steps:    31 | steps_t: 3270774 | t: 0.063013 | r:  -501.000000 | e:   0.100000 | Q:  71.862808 | won: False 
#    3 | steps:    57 | steps_t: 3270774 | t: 0.100381 | r:    86.000000 | e:   0.100000 | Q: 101.656296 | won: True 
#    4 | steps:    74 | steps_t: 3270774 | t: 0.130380 | r:    95.000000 | e:   0.100000 | Q:  95.238617 | won: True 
#    5 | steps:    91 | steps_t: 3270774 | t: 0.164391 | r:    95.000000 | e:   0.100000 | Q: 101.309280 | won: True 
#    6 | steps:   105 | steps_t: 3270774 | t: 0.188380 | r:  -502.000000 | e:   0.100000 | Q:  75.691360 | won: False 
#    7 | steps:   131 | steps_t: 3270774 | t: 0.230423 | r:    86.000000 | e:   0.100000 | Q:  93.471046 | won: True 
#    8 | steps:   149 | steps_t: 3270774 | t: 0.264382 | r:    94.000000 | e:   0.100000 | Q:  99.949371 | won: True 
#    9 | steps:   166 | steps_t: 3270774 | t: 0.293383 | r:    95.000000 | e:   0.100000 | Q: 101.309280 | won: True 
#   10 | steps:   194 | steps_t: 3270774 | t: 0.366383 | r:    84.000000 | e:   0.100000 | Q:  99.964523 | won: True 
#    1 | steps:    31 | steps_t: 3270774 | t: 0.056000 | r:    81.000000 | e:   0.100000 | Q: 101.162773 | won: True 
#    2 | steps:    48 | steps_t: 3270774 | t: 0.085998 | r:    95.000000 | e:   0.100000 | Q: 100.854179 | won: True 
#    3 | steps:    66 | steps_t: 3270774 | t: 0.111998 | r:    94.000000 | e:   0.100000 | Q:  99.949371 | won: True 
#    4 | steps:    82 | steps_t: 3270774 | t: 0.137999 | r:    96.000000 | e:   0.100000 | Q: 100.943588 | won: True 
#    5 | steps:    94 | steps_t: 3270774 | t: 0.158004 | r:  -500.000000 | e:   0.100000 | Q:  71.862808 | won: False 
#    6 | steps:   109 | steps_t: 3270774 | t: 0.180998 | r:  -503.000000 | e:   0.100000 | Q:  71.862808 | won: False 
#    7 | steps:   123 | steps_t: 3270774 | t: 0.206999 | r:  -502.000000 | e:   0.100000 | Q:  75.691360 | won: False 
#    8 | steps:   141 | steps_t: 3270774 | t: 0.242008 | r:    94.000000 | e:   0.100000 | Q:  99.949371 | won: True 
#    9 | steps:   161 | steps_t: 3270774 | t: 0.279997 | r:    92.000000 | e:   0.100000 | Q:  99.964523 | won: True 
#   10 | steps:   174 | steps_t: 3270774 | t: 0.300997 | r:  -501.000000 | e:   0.100000 | Q:  73.247620 | won: False 
