#    1 | steps:    22 | steps_t: 3271349 | t: 0.040001 | r:  -378.000000 | e:   0.100000 | Q: 214.276337 | won: False 
#    2 | steps:    29 | steps_t: 3271349 | t: 0.054965 | r:  -484.000000 | e:   0.100000 | Q: 144.574600 | won: False 
#    3 | steps:    36 | steps_t: 3271349 | t: 0.072966 | r:  -484.000000 | e:   0.100000 | Q: 144.574600 | won: False 
#    4 | steps:    43 | steps_t: 3271349 | t: 0.085998 | r:  -484.000000 | e:   0.100000 | Q: 144.574600 | won: False 
#    5 | steps:    50 | steps_t: 3271349 | t: 0.097962 | r:  -484.000000 | e:   0.100000 | Q: 144.574600 | won: False 
#    6 | steps:    57 | steps_t: 3271349 | t: 0.105968 | r:  -495.000000 | e:   0.100000 | Q: 128.869629 | won: False 
#    7 | steps:    64 | steps_t: 3271349 | t: 0.121969 | r:  -484.000000 | e:   0.100000 | Q: 144.574600 | won: False 
#    8 | steps:    71 | steps_t: 3271349 | t: 0.137964 | r:  -484.000000 | e:   0.100000 | Q: 144.574600 | won: False 
#    9 | steps:    85 | steps_t: 3271349 | t: 0.167969 | r:  -447.000000 | e:   0.100000 | Q: 186.882614 | won: False 
#   10 | steps:    92 | steps_t: 3271349 | t: 0.179652 | r:  -484.000000 | e:   0.100000 | Q: 144.574600 | won: False 
#    1 | steps:    10 | steps_t: 3380835 | t: 0.029999 | r:  -509.000000 | e:   0.100000 | Q:  71.206940 | won: False 
#    2 | steps:    20 | steps_t: 3380835 | t: 0.047009 | r:  -509.000000 | e:   0.100000 | Q:  71.206940 | won: False 
#    3 | steps:    44 | steps_t: 3380835 | t: 0.083999 | r:  -512.000000 | e:   0.100000 | Q:  89.404999 | won: False 
#    4 | steps:    65 | steps_t: 3380835 | t: 0.130035 | r:  -509.000000 | e:   0.100000 | Q:  89.404999 | won: False 
#    5 | steps:    83 | steps_t: 3380835 | t: 0.159000 | r:  -517.000000 | e:   0.100000 | Q:  67.827408 | won: False 
#    6 | steps:   108 | steps_t: 3380835 | t: 0.201001 | r:  -513.000000 | e:   0.100000 | Q:  99.659058 | won: False 
#    7 | steps:   116 | steps_t: 3380835 | t: 0.212003 | r:  -507.000000 | e:   0.100000 | Q:  71.206940 | won: False 
#    8 | steps:   138 | steps_t: 3380835 | t: 0.250999 | r:  -510.000000 | e:   0.100000 | Q:  78.908714 | won: False 
#    9 | steps:   159 | steps_t: 3380835 | t: 0.286039 | r:  -509.000000 | e:   0.100000 | Q:  89.404999 | won: False 
#   10 | steps:   184 | steps_t: 3380835 | t: 0.324019 | r:  -513.000000 | e:   0.100000 | Q:  89.404999 | won: False 
