#    1 | steps:    19 | steps_t: 3380835 | t: 0.015648 | r:  -496.000000 | e:   0.100000 | Q:  89.404999 | won: False 
#    2 | steps:    39 | steps_t: 3380835 | t: 0.052342 | r:  -508.000000 | e:   0.100000 | Q:  89.404999 | won: False 
#    3 | steps:    53 | steps_t: 3380835 | t: 0.062851 | r:  -513.000000 | e:   0.100000 | Q:  89.404999 | won: False 
#    4 | steps:    59 | steps_t: 3380835 | t: 0.078492 | r:  -505.000000 | e:   0.100000 | Q:  57.207005 | won: False 
#    5 | steps:   105 | steps_t: 3380835 | t: 0.125445 | r:    66.000000 | e:   0.100000 | Q:  96.471931 | won: True 
#    6 | steps:   123 | steps_t: 3380835 | t: 0.156617 | r:  -517.000000 | e:   0.100000 | Q:  89.404999 | won: False 
#    7 | steps:   153 | steps_t: 3380835 | t: 0.187864 | r:    82.000000 | e:   0.100000 | Q: 103.384560 | won: True 
#    8 | steps:   175 | steps_t: 3380835 | t: 0.203528 | r:  -510.000000 | e:   0.100000 | Q:  89.404999 | won: False 
#    9 | steps:   196 | steps_t: 3380835 | t: 0.234736 | r:  -509.000000 | e:   0.100000 | Q:  89.404999 | won: False 
#   10 | steps:   228 | steps_t: 3380835 | t: 0.281614 | r:    80.000000 | e:   0.100000 | Q: 105.768089 | won: True 
#    1 | steps:    15 | steps_t: 2735611 | t: 0.015685 | r:  -503.000000 | e:   0.100000 | Q:  68.836113 | won: False 
#    2 | steps:    31 | steps_t: 2735611 | t: 0.046905 | r:  -504.000000 | e:   0.100000 | Q:  84.548409 | won: False 
#    3 | steps:    46 | steps_t: 2735611 | t: 0.062498 | r:  -503.000000 | e:   0.100000 | Q:  67.840996 | won: False 
#    4 | steps:    70 | steps_t: 2735611 | t: 0.093786 | r:  -512.000000 | e:   0.100000 | Q:  64.551674 | won: False 
#    5 | steps:    82 | steps_t: 2735611 | t: 0.109409 | r:  -511.000000 | e:   0.100000 | Q:  49.640934 | won: False 
#    6 | steps:   121 | steps_t: 2735611 | t: 0.156257 | r:  -527.000000 | e:   0.100000 | Q:  85.334602 | won: False 
#    7 | steps:   139 | steps_t: 2735611 | t: 0.171890 | r:    94.000000 | e:   0.100000 | Q: 100.611267 | won: True 
#    8 | steps:   156 | steps_t: 2735611 | t: 0.187554 | r:    95.000000 | e:   0.100000 | Q: 101.350464 | won: True 
#    9 | steps:   171 | steps_t: 2735611 | t: 0.203128 | r:  -503.000000 | e:   0.100000 | Q:  68.836113 | won: False 
#   10 | steps:   188 | steps_t: 2735611 | t: 0.234373 | r:    95.000000 | e:   0.100000 | Q: 102.149544 | won: True 
