#    1 | steps:     6 | steps_t: 3271349 | t: 0.015667 | r:  -483.000000 | e:   0.100000 | Q: 144.574600 | won: False 
#    2 | steps:    13 | steps_t: 3271349 | t: 0.031254 | r:  -473.000000 | e:   0.100000 | Q: 146.718842 | won: False 
#    3 | steps:    20 | steps_t: 3271349 | t: 0.046876 | r:  -484.000000 | e:   0.100000 | Q: 144.574600 | won: False 
#    4 | steps:    34 | steps_t: 3271349 | t: 0.062567 | r:  -436.000000 | e:   0.100000 | Q: 168.492416 | won: False 
#    5 | steps:    41 | steps_t: 3271349 | t: 0.062567 | r:  -484.000000 | e:   0.100000 | Q: 144.574600 | won: False 
#    6 | steps:    48 | steps_t: 3271349 | t: 0.078239 | r:  -484.000000 | e:   0.100000 | Q: 144.574600 | won: False 
#    7 | steps:    54 | steps_t: 3271349 | t: 0.078239 | r:  -483.000000 | e:   0.100000 | Q: 144.574600 | won: False 
#    8 | steps:    64 | steps_t: 3271349 | t: 0.093851 | r:  -454.000000 | e:   0.100000 | Q: 128.869629 | won: False 
#    9 | steps:    83 | steps_t: 3271349 | t: 0.125136 | r:  -441.000000 | e:   0.100000 | Q: 158.298431 | won: False 
#   10 | steps:    90 | steps_t: 3271349 | t: 0.125136 | r:  -484.000000 | e:   0.100000 | Q: 144.574600 | won: False 
#    1 | steps:    18 | steps_t: 3380835 | t: 0.031252 | r:  -517.000000 | e:   0.100000 | Q:  78.908714 | won: False 
#    2 | steps:    48 | steps_t: 3380835 | t: 0.071216 | r:  -518.000000 | e:   0.100000 | Q:  96.471931 | won: False 
#    3 | steps:    69 | steps_t: 3380835 | t: 0.093064 | r:  -509.000000 | e:   0.100000 | Q:  80.970963 | won: False 
#    4 | steps:    82 | steps_t: 3380835 | t: 0.108689 | r:  -512.000000 | e:   0.100000 | Q:  89.404999 | won: False 
#    5 | steps:   103 | steps_t: 3380835 | t: 0.124316 | r:  -509.000000 | e:   0.100000 | Q:  78.908714 | won: False 
#    6 | steps:   121 | steps_t: 3380835 | t: 0.155563 | r:  -517.000000 | e:   0.100000 | Q:  89.404999 | won: False 
#    7 | steps:   134 | steps_t: 3380835 | t: 0.171190 | r:  -512.000000 | e:   0.100000 | Q:  67.827408 | won: False 
#    8 | steps:   143 | steps_t: 3380835 | t: 0.186858 | r:  -508.000000 | e:   0.100000 | Q:  77.148911 | won: False 
#    9 | steps:   159 | steps_t: 3380835 | t: 0.202438 | r:  -515.000000 | e:   0.100000 | Q: 101.951004 | won: False 
#   10 | steps:   193 | steps_t: 3380835 | t: 0.249358 | r:    78.000000 | e:   0.100000 | Q: 103.384560 | won: True 
