#    1 | steps:    25 | steps_t: 2735611 | t: 0.049011 | r:  -513.000000 | e:   0.100000 | Q:  67.914894 | won: False 
#    2 | steps:    41 | steps_t: 2735611 | t: 0.072977 | r:    96.000000 | e:   0.100000 | Q:  98.254601 | won: True 
#    3 | steps:    57 | steps_t: 2735611 | t: 0.100009 | r:  -504.000000 | e:   0.100000 | Q:  92.257141 | won: False 
#    4 | steps:    77 | steps_t: 2735611 | t: 0.133976 | r:    92.000000 | e:   0.100000 | Q:  98.254601 | won: True 
#    5 | steps:   103 | steps_t: 2735611 | t: 0.171977 | r:    86.000000 | e:   0.100000 | Q:  98.804779 | won: True 
#    6 | steps:   120 | steps_t: 2735611 | t: 0.205973 | r:    95.000000 | e:   0.100000 | Q: 101.230827 | won: True 
#    7 | steps:   137 | steps_t: 2735611 | t: 0.237990 | r:    95.000000 | e:   0.100000 | Q: 101.230827 | won: True 
#    8 | steps:   150 | steps_t: 2735611 | t: 0.266982 | r:  -512.000000 | e:   0.100000 | Q:  67.597610 | won: False 
#    9 | steps:   172 | steps_t: 2735611 | t: 0.306013 | r:    90.000000 | e:   0.100000 | Q:  98.804779 | won: True 
#   10 | steps:   195 | steps_t: 2735611 | t: 0.351023 | r:    89.000000 | e:   0.100000 | Q: 106.888481 | won: True 
#    1 | steps:    17 | steps_t: 3270774 | t: 0.036989 | r:    95.000000 | e:   0.100000 | Q: 100.147888 | won: True 
#    2 | steps:    34 | steps_t: 3270774 | t: 0.058990 | r:    95.000000 | e:   0.100000 | Q: 100.854179 | won: True 
#    3 | steps:    50 | steps_t: 3270774 | t: 0.081987 | r:  -504.000000 | e:   0.100000 | Q:  84.266075 | won: False 
#    4 | steps:    67 | steps_t: 3270774 | t: 0.109989 | r:    95.000000 | e:   0.100000 | Q: 101.309280 | won: True 
#    5 | steps:    85 | steps_t: 3270774 | t: 0.148006 | r:    94.000000 | e:   0.100000 | Q:  99.949371 | won: True 
#    6 | steps:   105 | steps_t: 3270774 | t: 0.188000 | r:    92.000000 | e:   0.100000 | Q: 100.943588 | won: True 
#    7 | steps:   123 | steps_t: 3270774 | t: 0.222990 | r:    94.000000 | e:   0.100000 | Q:  99.949371 | won: True 
#    8 | steps:   140 | steps_t: 3270774 | t: 0.252997 | r:    95.000000 | e:   0.100000 | Q: 101.309280 | won: True 
#    9 | steps:   157 | steps_t: 3270774 | t: 0.284992 | r:    95.000000 | e:   0.100000 | Q: 100.854179 | won: True 
#   10 | steps:   175 | steps_t: 3270774 | t: 0.311991 | r:    94.000000 | e:   0.100000 | Q:  99.949371 | won: True 
