#    1 | steps:    17 | steps_t: 3271349 | t: 0.039001 | r:    95.000000 | e:   0.100000 | Q: 100.647797 | won: True 
#    2 | steps:    40 | steps_t: 3271349 | t: 0.068969 | r:  -511.000000 | e:   0.100000 | Q:  66.782257 | won: False 
#    3 | steps:    60 | steps_t: 3271349 | t: 0.108701 | r:    92.000000 | e:   0.100000 | Q: 100.136078 | won: True 
#    4 | steps:    78 | steps_t: 3271349 | t: 0.139720 | r:    94.000000 | e:   0.100000 | Q:  98.585411 | won: True 
#    5 | steps:    96 | steps_t: 3271349 | t: 0.174678 | r:    94.000000 | e:   0.100000 | Q:  98.585411 | won: True 
#    6 | steps:   113 | steps_t: 3271349 | t: 0.211669 | r:  -505.000000 | e:   0.100000 | Q:  89.057709 | won: False 
#    7 | steps:   145 | steps_t: 3271349 | t: 0.274670 | r:    80.000000 | e:   0.100000 | Q: 100.136078 | won: True 
#    8 | steps:   170 | steps_t: 3271349 | t: 0.310687 | r:    87.000000 | e:   0.100000 | Q: 100.511093 | won: True 
#    9 | steps:   185 | steps_t: 3271349 | t: 0.334664 | r:  -503.000000 | e:   0.100000 | Q:  66.433716 | won: False 
#   10 | steps:   208 | steps_t: 3271349 | t: 0.374676 | r:    89.000000 | e:   0.100000 | Q: 104.667717 | won: True 
#    1 | steps:     7 | steps_t: 3271349 | t: 0.021869 | r:  -484.000000 | e:   0.100000 | Q: 144.574600 | won: False 
#    2 | steps:    14 | steps_t: 3271349 | t: 0.036861 | r:  -484.000000 | e:   0.100000 | Q: 144.574600 | won: False 
#    3 | steps:    21 | steps_t: 3271349 | t: 0.052729 | r:  -484.000000 | e:   0.100000 | Q: 144.574600 | won: False 
#    4 | steps:    28 | steps_t: 3271349 | t: 0.061726 | r:  -484.000000 | e:   0.100000 | Q: 144.574600 | won: False 
#    5 | steps:    35 | steps_t: 3271349 | t: 0.079731 | r:  -484.000000 | e:   0.100000 | Q: 144.574600 | won: False 
#    6 | steps:    42 | steps_t: 3271349 | t: 0.089728 | r:  -484.000000 | e:   0.100000 | Q: 144.574600 | won: False 
#    7 | steps:    49 | steps_t: 3271349 | t: 0.105727 | r:  -484.000000 | e:   0.100000 | Q: 144.574600 | won: False 
#    8 | steps:    56 | steps_t: 3271349 | t: 0.117766 | r:  -484.000000 | e:   0.100000 | Q: 144.574600 | won: False 
#    9 | steps:    62 | steps_t: 3271349 | t: 0.123766 | r:  -472.000000 | e:   0.100000 | Q: 122.987297 | won: False 
#   10 | steps:    69 | steps_t: 3271349 | t: 0.138727 | r:  -484.000000 | e:   0.100000 | Q: 144.574600 | won: False 
