#    1 | steps:    13 | steps_t: 3270774 | t: 0.019471 | r:  -512.000000 | e:   0.100000 | Q:  51.161129 | won: False 
#    2 | steps:    25 | steps_t: 3270774 | t: 0.019471 | r:  -511.000000 | e:   0.100000 | Q:  51.161129 | won: False 
#    3 | steps:    51 | steps_t: 3270774 | t: 0.055781 | r:    86.000000 | e:   0.100000 | Q: 101.656296 | won: True 
#    4 | steps:    69 | steps_t: 3270774 | t: 0.082502 | r:    94.000000 | e:   0.100000 | Q:  99.949371 | won: True 
#    5 | steps:    91 | steps_t: 3270774 | t: 0.113711 | r:    90.000000 | e:   0.100000 | Q: 100.625839 | won: True 
#    6 | steps:   121 | steps_t: 3270774 | t: 0.145002 | r:    82.000000 | e:   0.100000 | Q: 100.625839 | won: True 
#    7 | steps:   141 | steps_t: 3270774 | t: 0.176212 | r:    92.000000 | e:   0.100000 | Q: 100.076225 | won: True 
#    8 | steps:   159 | steps_t: 3270774 | t: 0.191837 | r:    94.000000 | e:   0.100000 | Q:  99.949371 | won: True 
#    9 | steps:   174 | steps_t: 3270774 | t: 0.207468 | r:  -503.000000 | e:   0.100000 | Q:  71.862808 | won: False 
#   10 | steps:   206 | steps_t: 3270774 | t: 0.238712 | r:    80.000000 | e:   0.100000 | Q: 101.667725 | won: True 
#    1 | steps:    18 | steps_t: 3270774 | t: 0.031247 | r:    94.000000 | e:   0.100000 | Q:  99.949371 | won: True 
#    2 | steps:    36 | steps_t: 3270774 | t: 0.046870 | r:    94.000000 | e:   0.100000 | Q:  99.949371 | won: True 
#    3 | steps:    54 | steps_t: 3270774 | t: 0.078165 | r:    94.000000 | e:   0.100000 | Q: 100.625839 | won: True 
#    4 | steps:    77 | steps_t: 3270774 | t: 0.109422 | r:    89.000000 | e:   0.100000 | Q: 101.162773 | won: True 
#    5 | steps:    95 | steps_t: 3270774 | t: 0.124997 | r:    94.000000 | e:   0.100000 | Q: 102.359123 | won: True 
#    6 | steps:   112 | steps_t: 3270774 | t: 0.156287 | r:    95.000000 | e:   0.100000 | Q: 101.309280 | won: True 
#    7 | steps:   130 | steps_t: 3270774 | t: 0.171912 | r:    94.000000 | e:   0.100000 | Q: 100.625839 | won: True 
#    8 | steps:   148 | steps_t: 3270774 | t: 0.203375 | r:    94.000000 | e:   0.100000 | Q:  99.949371 | won: True 
#    9 | steps:   167 | steps_t: 3270774 | t: 0.219054 | r:    93.000000 | e:   0.100000 | Q: 100.794815 | won: True 
#   10 | steps:   185 | steps_t: 3270774 | t: 0.250297 | r:    94.000000 | e:   0.100000 | Q: 102.359123 | won: True 
