#    1 | steps:    17 | steps_t: 3270774 | t: 0.056764 | r:    95.000000 | e:   0.100000 | Q: 101.309280 | won: True 
#    2 | steps:    36 | steps_t: 3270774 | t: 0.088391 | r:    93.000000 | e:   0.100000 | Q: 100.794815 | won: True 
#    3 | steps:    53 | steps_t: 3270774 | t: 0.119602 | r:    95.000000 | e:   0.100000 | Q: 100.854179 | won: True 
#    4 | steps:    65 | steps_t: 3270774 | t: 0.150906 | r:  -500.000000 | e:   0.100000 | Q:  71.862808 | won: False 
#    5 | steps:    83 | steps_t: 3270774 | t: 0.182102 | r:    94.000000 | e:   0.100000 | Q:  94.376884 | won: True 
#    6 | steps:   100 | steps_t: 3270774 | t: 0.229641 | r:    95.000000 | e:   0.100000 | Q: 101.309280 | won: True 
#    7 | steps:   117 | steps_t: 3270774 | t: 0.294436 | r:    95.000000 | e:   0.100000 | Q: 101.309280 | won: True 
#    8 | steps:   134 | steps_t: 3270774 | t: 0.353889 | r:    95.000000 | e:   0.100000 | Q: 101.309280 | won: True 
#    9 | steps:   152 | steps_t: 3270774 | t: 0.411400 | r:    94.000000 | e:   0.100000 | Q:  99.949371 | won: True 
#   10 | steps:   167 | steps_t: 3270774 | t: 0.451207 | r:  -503.000000 | e:   0.100000 | Q:  80.711975 | won: False 
#    1 | steps:    15 | steps_t: 3270774 | t: 0.039367 | r:    97.000000 | e:   0.100000 | Q: 100.642761 | won: True 
#    2 | steps:    37 | steps_t: 3270774 | t: 0.070574 | r:    90.000000 | e:   0.100000 | Q: 101.595726 | won: True 
#    3 | steps:    54 | steps_t: 3270774 | t: 0.117452 | r:    95.000000 | e:   0.100000 | Q: 100.854179 | won: True 
#    4 | steps:    72 | steps_t: 3270774 | t: 0.191743 | r:    94.000000 | e:   0.100000 | Q:  99.949371 | won: True 
#    5 | steps:    92 | steps_t: 3270774 | t: 0.281888 | r:    92.000000 | e:   0.100000 | Q:  99.964523 | won: True 
#    6 | steps:   110 | steps_t: 3270774 | t: 0.356784 | r:    94.000000 | e:   0.100000 | Q:  99.949371 | won: True 
#    7 | steps:   128 | steps_t: 3270774 | t: 0.447017 | r:    94.000000 | e:   0.100000 | Q:  99.949371 | won: True 
#    8 | steps:   148 | steps_t: 3270774 | t: 0.521909 | r:    92.000000 | e:   0.100000 | Q: 100.943588 | won: True 
#    9 | steps:   165 | steps_t: 3270774 | t: 0.611703 | r:    95.000000 | e:   0.100000 | Q: 101.309280 | won: True 
#   10 | steps:   182 | steps_t: 3270774 | t: 0.686666 | r:    95.000000 | e:   0.100000 | Q: 101.309280 | won: True 
