#    1 | steps:    18 | steps_t: 2735611 | t: 0.058002 | r:    94.000000 | e:   0.100000 | Q: 100.611267 | won: True 
#    2 | steps:    33 | steps_t: 2735611 | t: 0.078000 | r:  -503.000000 | e:   0.100000 | Q:  68.836113 | won: False 
#    3 | steps:    51 | steps_t: 2735611 | t: 0.108384 | r:  -506.000000 | e:   0.100000 | Q:  93.709908 | won: False 
#    4 | steps:    76 | steps_t: 2735611 | t: 0.149386 | r:    87.000000 | e:   0.100000 | Q:  99.316360 | won: True 
#    5 | steps:   106 | steps_t: 2735611 | t: 0.195384 | r:    82.000000 | e:   0.100000 | Q:  98.804779 | won: True 
#    6 | steps:   123 | steps_t: 2735611 | t: 0.223386 | r:    95.000000 | e:   0.100000 | Q: 102.149544 | won: True 
#    7 | steps:   141 | steps_t: 2735611 | t: 0.256384 | r:    94.000000 | e:   0.100000 | Q: 100.960747 | won: True 
#    8 | steps:   160 | steps_t: 2735611 | t: 0.284383 | r:    93.000000 | e:   0.100000 | Q:  99.760963 | won: True 
#    9 | steps:   177 | steps_t: 2735611 | t: 0.316383 | r:    95.000000 | e:   0.100000 | Q: 102.149544 | won: True 
#   10 | steps:   193 | steps_t: 2735611 | t: 0.338398 | r:  -504.000000 | e:   0.100000 | Q:  84.548409 | won: False 
#    1 | steps:    17 | steps_t: 2735611 | t: 0.035436 | r:    95.000000 | e:   0.100000 | Q: 101.230827 | won: True 
#    2 | steps:    32 | steps_t: 2735611 | t: 0.056404 | r:  -503.000000 | e:   0.100000 | Q:  77.313820 | won: False 
#    3 | steps:    49 | steps_t: 2735611 | t: 0.103447 | r:    95.000000 | e:   0.100000 | Q: 101.350464 | won: True 
#    4 | steps:    66 | steps_t: 2735611 | t: 0.133782 | r:    95.000000 | e:   0.100000 | Q: 101.230827 | won: True 
#    5 | steps:    96 | steps_t: 2735611 | t: 0.191773 | r:    82.000000 | e:   0.100000 | Q:  98.804779 | won: True 
#    6 | steps:   126 | steps_t: 2735611 | t: 0.235767 | r:    82.000000 | e:   0.100000 | Q:  98.804779 | won: True 
#    7 | steps:   152 | steps_t: 2735611 | t: 0.274766 | r:  -514.000000 | e:   0.100000 | Q:  72.352150 | won: False 
#    8 | steps:   169 | steps_t: 2735611 | t: 0.308796 | r:    95.000000 | e:   0.100000 | Q: 102.149544 | won: True 
#    9 | steps:   186 | steps_t: 2735611 | t: 0.334767 | r:    95.000000 | e:   0.100000 | Q: 102.149544 | won: True 
#   10 | steps:   204 | steps_t: 2735611 | t: 0.366772 | r:    94.000000 | e:   0.100000 | Q: 100.611267 | won: True 
