#    1 | steps:    30 | steps_t: 2735611 | t: 0.046872 | r:    82.000000 | e:   0.100000 | Q:  98.804779 | won: True 
#    2 | steps:    47 | steps_t: 2735611 | t: 0.078158 | r:    95.000000 | e:   0.100000 | Q: 102.149544 | won: True 
#    3 | steps:    62 | steps_t: 2735611 | t: 0.093910 | r:  -503.000000 | e:   0.100000 | Q:  71.056778 | won: False 
#    4 | steps:    80 | steps_t: 2735611 | t: 0.109545 | r:    94.000000 | e:   0.100000 | Q: 101.288605 | won: True 
#    5 | steps:    97 | steps_t: 2735611 | t: 0.140838 | r:    95.000000 | e:   0.100000 | Q: 102.149544 | won: True 
#    6 | steps:   114 | steps_t: 2735611 | t: 0.156422 | r:    95.000000 | e:   0.100000 | Q: 101.350464 | won: True 
#    7 | steps:   132 | steps_t: 2735611 | t: 0.187672 | r:    94.000000 | e:   0.100000 | Q: 100.611267 | won: True 
#    8 | steps:   149 | steps_t: 2735611 | t: 0.218927 | r:    95.000000 | e:   0.100000 | Q:  96.004906 | won: True 
#    9 | steps:   164 | steps_t: 2735611 | t: 0.234548 | r:  -503.000000 | e:   0.100000 | Q:  71.056778 | won: False 
#   10 | steps:   194 | steps_t: 2735611 | t: 0.281484 | r:    82.000000 | e:   0.100000 | Q: 101.623817 | won: True 
#    1 | steps:    15 | steps_t: 2735611 | t: 0.031291 | r:  -503.000000 | e:   0.100000 | Q:  77.313820 | won: False 
#    2 | steps:    32 | steps_t: 2735611 | t: 0.046914 | r:    95.000000 | e:   0.100000 | Q: 101.350464 | won: True 
#    3 | steps:    49 | steps_t: 2735611 | t: 0.078152 | r:    95.000000 | e:   0.100000 | Q: 101.350464 | won: True 
#    4 | steps:    79 | steps_t: 2735611 | t: 0.109384 | r:    82.000000 | e:   0.100000 | Q: 101.623817 | won: True 
#    5 | steps:    99 | steps_t: 2735611 | t: 0.140626 | r:    92.000000 | e:   0.100000 | Q:  98.254601 | won: True 
#    6 | steps:   117 | steps_t: 2735611 | t: 0.156253 | r:    94.000000 | e:   0.100000 | Q: 101.288605 | won: True 
#    7 | steps:   132 | steps_t: 2735611 | t: 0.179087 | r:  -503.000000 | e:   0.100000 | Q:  71.056778 | won: False 
#    8 | steps:   150 | steps_t: 2735611 | t: 0.194754 | r:    94.000000 | e:   0.100000 | Q: 100.611267 | won: True 
#    9 | steps:   168 | steps_t: 2735611 | t: 0.225989 | r:    94.000000 | e:   0.100000 | Q: 100.611267 | won: True 
#   10 | steps:   187 | steps_t: 2735611 | t: 0.241651 | r:    93.000000 | e:   0.100000 | Q: 101.238434 | won: True 
