#    1 | steps:    17 | steps_t: 2735611 | t: 0.033085 | r:    95.000000 | e:   0.100000 | Q: 101.350464 | won: True 
#    2 | steps:    34 | steps_t: 2735611 | t: 0.064356 | r:    95.000000 | e:   0.100000 | Q: 101.350464 | won: True 
#    3 | steps:    52 | steps_t: 2735611 | t: 0.096447 | r:    94.000000 | e:   0.100000 | Q: 100.960747 | won: True 
#    4 | steps:    76 | steps_t: 2735611 | t: 0.143335 | r:    88.000000 | e:   0.100000 | Q: 100.522858 | won: True 
#    5 | steps:    97 | steps_t: 2735611 | t: 0.174590 | r:    91.000000 | e:   0.100000 | Q: 101.230827 | won: True 
#    6 | steps:   117 | steps_t: 2735611 | t: 0.205840 | r:    92.000000 | e:   0.100000 | Q:  98.254601 | won: True 
#    7 | steps:   134 | steps_t: 2735611 | t: 0.237141 | r:    95.000000 | e:   0.100000 | Q: 102.149544 | won: True 
#    8 | steps:   163 | steps_t: 2735611 | t: 0.283962 | r:    83.000000 | e:   0.100000 | Q: 101.230827 | won: True 
#    9 | steps:   185 | steps_t: 2735611 | t: 0.330878 | r:    90.000000 | e:   0.100000 | Q: 100.960747 | won: True 
#   10 | steps:   205 | steps_t: 2735611 | t: 0.363209 | r:    92.000000 | e:   0.100000 | Q:  98.254601 | won: True 
#    1 | steps:    21 | steps_t: 3270774 | t: 0.046884 | r:    91.000000 | e:   0.100000 | Q: 101.309280 | won: True 
#    2 | steps:    52 | steps_t: 3270774 | t: 0.127025 | r:    81.000000 | e:   0.100000 | Q: 101.162773 | won: True 
#    3 | steps:    69 | steps_t: 3270774 | t: 0.172104 | r:    95.000000 | e:   0.100000 | Q: 100.854179 | won: True 
#    4 | steps:    99 | steps_t: 3270774 | t: 0.288246 | r:    82.000000 | e:   0.100000 | Q: 101.656296 | won: True 
#    5 | steps:   113 | steps_t: 3270774 | t: 0.351961 | r:  -502.000000 | e:   0.100000 | Q:  79.055824 | won: False 
#    6 | steps:   130 | steps_t: 3270774 | t: 0.426021 | r:    95.000000 | e:   0.100000 | Q: 100.854179 | won: True 
#    7 | steps:   147 | steps_t: 3270774 | t: 0.504524 | r:    95.000000 | e:   0.100000 | Q: 101.309280 | won: True 
#    8 | steps:   170 | steps_t: 3270774 | t: 0.593976 | r:    89.000000 | e:   0.100000 | Q: 101.474655 | won: True 
#    9 | steps:   185 | steps_t: 3270774 | t: 0.656475 | r:  -503.000000 | e:   0.100000 | Q:  80.711975 | won: False 
#   10 | steps:   202 | steps_t: 3270774 | t: 0.734596 | r:    95.000000 | e:   0.100000 | Q: 100.854179 | won: True 
