#    1 | steps:    22 | steps_t: 3270774 | t: 0.031235 | r:    90.000000 | e:   0.100000 | Q:  87.831573 | won: True 
#    2 | steps:    46 | steps_t: 3270774 | t: 0.046828 | r:    88.000000 | e:   0.100000 | Q: 100.516335 | won: True 
#    3 | steps:    67 | steps_t: 3270774 | t: 0.078085 | r:    91.000000 | e:   0.100000 | Q: 100.147888 | won: True 
#    4 | steps:    82 | steps_t: 3270774 | t: 0.093702 | r:  -503.000000 | e:   0.100000 | Q:  73.247620 | won: False 
#    5 | steps:   100 | steps_t: 3270774 | t: 0.124992 | r:    94.000000 | e:   0.100000 | Q:  99.949371 | won: True 
#    6 | steps:   118 | steps_t: 3270774 | t: 0.156522 | r:    94.000000 | e:   0.100000 | Q:  99.949371 | won: True 
#    7 | steps:   147 | steps_t: 3270774 | t: 0.187730 | r:    83.000000 | e:   0.100000 | Q: 100.425217 | won: True 
#    8 | steps:   164 | steps_t: 3270774 | t: 0.219026 | r:    95.000000 | e:   0.100000 | Q: 100.854179 | won: True 
#    9 | steps:   184 | steps_t: 3270774 | t: 0.234653 | r:    92.000000 | e:   0.100000 | Q:  99.964523 | won: True 
#   10 | steps:   206 | steps_t: 3270774 | t: 0.265916 | r:    90.000000 | e:   0.100000 | Q:  99.949371 | won: True 
#    1 | steps:    14 | steps_t: 3271349 | t: 0.031211 | r:  -513.000000 | e:   0.100000 | Q:  46.334030 | won: False 
#    2 | steps:    32 | steps_t: 3271349 | t: 0.046838 | r:  -506.000000 | e:   0.100000 | Q:  93.421745 | won: False 
#    3 | steps:    56 | steps_t: 3271349 | t: 0.078203 | r:    88.000000 | e:   0.100000 | Q: 101.641708 | won: True 
#    4 | steps:    76 | steps_t: 3271349 | t: 0.093839 | r:    92.000000 | e:   0.100000 | Q:  99.879898 | won: True 
#    5 | steps:    95 | steps_t: 3271349 | t: 0.125066 | r:    93.000000 | e:   0.100000 | Q:  99.326218 | won: True 
#    6 | steps:   118 | steps_t: 3271349 | t: 0.156318 | r:    89.000000 | e:   0.100000 | Q: 104.667717 | won: True 
#    7 | steps:   135 | steps_t: 3271349 | t: 0.171946 | r:    95.000000 | e:   0.100000 | Q: 100.647797 | won: True 
#    8 | steps:   157 | steps_t: 3271349 | t: 0.203195 | r:    90.000000 | e:   0.100000 | Q: 100.206253 | won: True 
#    9 | steps:   178 | steps_t: 3271349 | t: 0.218819 | r:    91.000000 | e:   0.100000 | Q: 100.123428 | won: True 
#   10 | steps:   200 | steps_t: 3271349 | t: 0.250073 | r:    90.000000 | e:   0.100000 | Q: 100.056366 | won: True 
