#    1 | steps:    20 | steps_t: 3271349 | t: 0.015598 | r:    92.000000 | e:   0.100000 | Q: 100.136078 | won: True 
#    2 | steps:    42 | steps_t: 3271349 | t: 0.046848 | r:    90.000000 | e:   0.100000 | Q: 100.056366 | won: True 
#    3 | steps:    60 | steps_t: 3271349 | t: 0.062477 | r:    94.000000 | e:   0.100000 | Q:  94.059708 | won: True 
#    4 | steps:    77 | steps_t: 3271349 | t: 0.093764 | r:    95.000000 | e:   0.100000 | Q: 100.647797 | won: True 
#    5 | steps:    94 | steps_t: 3271349 | t: 0.109390 | r:    95.000000 | e:   0.100000 | Q:  99.937119 | won: True 
#    6 | steps:   111 | steps_t: 3271349 | t: 0.140659 | r:    95.000000 | e:   0.100000 | Q: 100.647797 | won: True 
#    7 | steps:   133 | steps_t: 3271349 | t: 0.171848 | r:    90.000000 | e:   0.100000 | Q: 100.246086 | won: True 
#    8 | steps:   156 | steps_t: 3271349 | t: 0.187512 | r:    89.000000 | e:   0.100000 | Q: 100.897446 | won: True 
#    9 | steps:   190 | steps_t: 3271349 | t: 0.234370 | r:    78.000000 | e:   0.100000 | Q:  94.831978 | won: True 
#   10 | steps:   208 | steps_t: 3271349 | t: 0.250012 | r:    94.000000 | e:   0.100000 | Q:  99.616348 | won: True 
#    1 | steps:     7 | steps_t: 3271349 | t: 0.015633 | r:  -484.000000 | e:   0.100000 | Q: 144.574600 | won: False 
#    2 | steps:    14 | steps_t: 3271349 | t: 0.031252 | r:  -484.000000 | e:   0.100000 | Q: 128.869629 | won: False 
#    3 | steps:    21 | steps_t: 3271349 | t: 0.031252 | r:  -484.000000 | e:   0.100000 | Q: 144.574600 | won: False 
#    4 | steps:    28 | steps_t: 3271349 | t: 0.046878 | r:  -484.000000 | e:   0.100000 | Q: 128.869629 | won: False 
#    5 | steps:    35 | steps_t: 3271349 | t: 0.062501 | r:  -495.000000 | e:   0.100000 | Q:  91.886856 | won: False 
#    6 | steps:    42 | steps_t: 3271349 | t: 0.062501 | r:  -484.000000 | e:   0.100000 | Q: 144.574600 | won: False 
#    7 | steps:    49 | steps_t: 3271349 | t: 0.078621 | r:  -484.000000 | e:   0.100000 | Q: 128.869629 | won: False 
#    8 | steps:    56 | steps_t: 3271349 | t: 0.078621 | r:  -484.000000 | e:   0.100000 | Q: 144.574600 | won: False 
#    9 | steps:    63 | steps_t: 3271349 | t: 0.094256 | r:  -484.000000 | e:   0.100000 | Q: 144.574600 | won: False 
#   10 | steps:    77 | steps_t: 3271349 | t: 0.109899 | r:  -447.000000 | e:   0.100000 | Q: 186.882614 | won: False 
