#    1 | steps:    12 | steps_t:     0 | t: 0.000000 | r:  -467.000000 | e:   1.000000 | Q:        nan | won: False 
#    2 | steps:    26 | steps_t:     0 | t: 0.017919 | r:  -480.000000 | e:   1.000000 | Q:        nan | won: False 
#    3 | steps:    37 | steps_t:     0 | t: 0.017919 | r:  -488.000000 | e:   1.000000 | Q:        nan | won: False 
#    4 | steps:    51 | steps_t:     0 | t: 0.033544 | r:  -469.000000 | e:   1.000000 | Q:        nan | won: False 
#    5 | steps:    64 | steps_t:     0 | t: 0.049170 | r:  -490.000000 | e:   1.000000 | Q:        nan | won: False 
#    6 | steps:    76 | steps_t:     0 | t: 0.049170 | r:  -489.000000 | e:   1.000000 | Q:        nan | won: False 
#    7 | steps:    89 | steps_t:     0 | t: 0.064796 | r:  -424.000000 | e:   1.000000 | Q:        nan | won: False 
#    8 | steps:    99 | steps_t:     0 | t: 0.064796 | r:  -465.000000 | e:   1.000000 | Q:        nan | won: False 
#    9 | steps:   111 | steps_t:     0 | t: 0.080422 | r:  -478.000000 | e:   1.000000 | Q:        nan | won: False 
#   10 | steps:   122 | steps_t:     0 | t: 0.080422 | r:  -477.000000 | e:   1.000000 | Q:        nan | won: False 
#    1 | steps:    74 | steps_t: 5860553 | t: 0.109382 | r:   712.000000 | e:   0.100000 | Q: 203.374847 | won: True 
#    2 | steps:   158 | steps_t: 5860553 | t: 0.190473 | r:    14.000000 | e:   0.100000 | Q: 207.404480 | won: False 
#    3 | steps:   227 | steps_t: 5860553 | t: 0.271485 | r:     7.000000 | e:   0.100000 | Q: 235.740845 | won: False 
#    4 | steps:   294 | steps_t: 5860553 | t: 0.336854 | r:    38.000000 | e:   0.100000 | Q: 208.431824 | won: False 
#    5 | steps:   370 | steps_t: 5860553 | t: 0.417940 | r:    -7.000000 | e:   0.100000 | Q: 203.167694 | won: False 
#    6 | steps:   452 | steps_t: 5860553 | t: 0.509772 | r:    71.000000 | e:   0.100000 | Q: 230.809952 | won: False 
#    7 | steps:   479 | steps_t: 5860553 | t: 0.541024 | r:  -259.000000 | e:   0.100000 | Q: 214.413528 | won: False 
#    8 | steps:   555 | steps_t: 5860553 | t: 0.622089 | r:   801.000000 | e:   0.100000 | Q: 218.231125 | won: True 
#    9 | steps:   582 | steps_t: 5860553 | t: 0.653342 | r:  -193.000000 | e:   0.100000 | Q: 203.167694 | won: False 
#   10 | steps:   611 | steps_t: 5860553 | t: 0.684594 | r:  -261.000000 | e:   0.100000 | Q: 212.231812 | won: False 
