#    1 | steps:    15 | steps_t: 3270774 | t: 0.031254 | r:  -503.000000 | e:   0.100000 | Q:  71.862808 | won: False 
#    2 | steps:    45 | steps_t: 3270774 | t: 0.062511 | r:    82.000000 | e:   0.100000 | Q: 101.595726 | won: True 
#    3 | steps:    62 | steps_t: 3270774 | t: 0.078089 | r:  -505.000000 | e:   0.100000 | Q:  90.346596 | won: False 
#    4 | steps:    80 | steps_t: 3270774 | t: 0.109688 | r:    94.000000 | e:   0.100000 | Q:  99.949371 | won: True 
#    5 | steps:    92 | steps_t: 3270774 | t: 0.125327 | r:  -511.000000 | e:   0.100000 | Q:  51.161129 | won: False 
#    6 | steps:   107 | steps_t: 3270774 | t: 0.140991 | r:  -503.000000 | e:   0.100000 | Q:  73.247620 | won: False 
#    7 | steps:   124 | steps_t: 3270774 | t: 0.172198 | r:    95.000000 | e:   0.100000 | Q: 100.854179 | won: True 
#    8 | steps:   150 | steps_t: 3270774 | t: 0.203499 | r:    86.000000 | e:   0.100000 | Q:  93.471046 | won: True 
#    9 | steps:   180 | steps_t: 3270774 | t: 0.234716 | r:    82.000000 | e:   0.100000 | Q: 101.595726 | won: True 
#   10 | steps:   198 | steps_t: 3270774 | t: 0.265952 | r:    94.000000 | e:   0.100000 | Q:  99.949371 | won: True 
#    1 | steps:    30 | steps_t: 3270774 | t: 0.046920 | r:    82.000000 | e:   0.100000 | Q: 101.656296 | won: True 
#    2 | steps:    42 | steps_t: 3270774 | t: 0.062495 | r:  -511.000000 | e:   0.100000 | Q:  58.138535 | won: False 
#    3 | steps:    60 | steps_t: 3270774 | t: 0.078120 | r:    94.000000 | e:   0.100000 | Q:  99.949371 | won: True 
#    4 | steps:    79 | steps_t: 3270774 | t: 0.109410 | r:    93.000000 | e:   0.100000 | Q: 100.794815 | won: True 
#    5 | steps:   108 | steps_t: 3270774 | t: 0.140621 | r:    83.000000 | e:   0.100000 | Q: 100.425217 | won: True 
#    6 | steps:   128 | steps_t: 3270774 | t: 0.171924 | r:    92.000000 | e:   0.100000 | Q: 100.369331 | won: True 
#    7 | steps:   148 | steps_t: 3270774 | t: 0.187531 | r:    92.000000 | e:   0.100000 | Q: 100.943588 | won: True 
#    8 | steps:   177 | steps_t: 3270774 | t: 0.218745 | r:    83.000000 | e:   0.100000 | Q: 100.425217 | won: True 
#    9 | steps:   197 | steps_t: 3270774 | t: 0.250319 | r:    92.000000 | e:   0.100000 | Q: 100.943588 | won: True 
#   10 | steps:   217 | steps_t: 3270774 | t: 0.265955 | r:    92.000000 | e:   0.100000 | Q:  99.964523 | won: True 
