#    1 | steps:    18 | steps_t: 2735611 | t: 0.031278 | r:    94.000000 | e:   0.100000 | Q: 101.288605 | won: True 
#    2 | steps:    48 | steps_t: 2735611 | t: 0.062498 | r:    82.000000 | e:   0.100000 | Q:  98.804779 | won: True 
#    3 | steps:    66 | steps_t: 2735611 | t: 0.093796 | r:    94.000000 | e:   0.100000 | Q: 100.611267 | won: True 
#    4 | steps:    97 | steps_t: 2735611 | t: 0.125329 | r:    81.000000 | e:   0.100000 | Q: 106.888481 | won: True 
#    5 | steps:   112 | steps_t: 2735611 | t: 0.156622 | r:  -503.000000 | e:   0.100000 | Q:  68.836113 | won: False 
#    6 | steps:   133 | steps_t: 2735611 | t: 0.172207 | r:    91.000000 | e:   0.100000 | Q: 102.335548 | won: True 
#    7 | steps:   151 | steps_t: 2735611 | t: 0.203553 | r:    94.000000 | e:   0.100000 | Q: 100.611267 | won: True 
#    8 | steps:   181 | steps_t: 2735611 | t: 0.234705 | r:    82.000000 | e:   0.100000 | Q:  98.804779 | won: True 
#    9 | steps:   198 | steps_t: 2735611 | t: 0.250335 | r:    95.000000 | e:   0.100000 | Q: 101.350464 | won: True 
#   10 | steps:   217 | steps_t: 2735611 | t: 0.266001 | r:    93.000000 | e:   0.100000 | Q:  99.760963 | won: True 
#    1 | steps:    18 | steps_t: 2735611 | t: 0.031255 | r:    94.000000 | e:   0.100000 | Q: 100.611267 | won: True 
#    2 | steps:    47 | steps_t: 2735611 | t: 0.062623 | r:    83.000000 | e:   0.100000 | Q: 101.230827 | won: True 
#    3 | steps:    62 | steps_t: 2735611 | t: 0.093927 | r:  -503.000000 | e:   0.100000 | Q:  71.056778 | won: False 
#    4 | steps:    79 | steps_t: 2735611 | t: 0.109521 | r:    95.000000 | e:   0.100000 | Q: 101.350464 | won: True 
#    5 | steps:    97 | steps_t: 2735611 | t: 0.125191 | r:  -506.000000 | e:   0.100000 | Q:  93.709908 | won: False 
#    6 | steps:   112 | steps_t: 2735611 | t: 0.140857 | r:  -503.000000 | e:   0.100000 | Q:  71.056778 | won: False 
#    7 | steps:   141 | steps_t: 2735611 | t: 0.187670 | r:    83.000000 | e:   0.100000 | Q: 102.335548 | won: True 
#    8 | steps:   164 | steps_t: 2735611 | t: 0.203295 | r:    89.000000 | e:   0.100000 | Q: 106.888481 | won: True 
#    9 | steps:   181 | steps_t: 2735611 | t: 0.234508 | r:    95.000000 | e:   0.100000 | Q: 101.350464 | won: True 
#   10 | steps:   198 | steps_t: 2735611 | t: 0.250170 | r:    95.000000 | e:   0.100000 | Q: 102.149544 | won: True 
