#    1 | steps:    20 | steps_t: 2735611 | t: 0.046891 | r:    92.000000 | e:   0.100000 | Q:  98.254601 | won: True 
#    2 | steps:    37 | steps_t: 2735611 | t: 0.078158 | r:    95.000000 | e:   0.100000 | Q: 101.350464 | won: True 
#    3 | steps:    62 | steps_t: 2735611 | t: 0.109384 | r:    87.000000 | e:   0.100000 | Q: 102.335548 | won: True 
#    4 | steps:    80 | steps_t: 2735611 | t: 0.124996 | r:    94.000000 | e:   0.100000 | Q: 101.288605 | won: True 
#    5 | steps:    93 | steps_t: 2735611 | t: 0.140677 | r:  -501.000000 | e:   0.100000 | Q:  71.056778 | won: False 
#    6 | steps:   113 | steps_t: 2735611 | t: 0.172073 | r:    92.000000 | e:   0.100000 | Q:  98.254601 | won: True 
#    7 | steps:   135 | steps_t: 2735611 | t: 0.203332 | r:    90.000000 | e:   0.100000 | Q:  98.804779 | won: True 
#    8 | steps:   154 | steps_t: 2735611 | t: 0.234584 | r:    93.000000 | e:   0.100000 | Q:  99.760963 | won: True 
#    9 | steps:   172 | steps_t: 2735611 | t: 0.250251 | r:    94.000000 | e:   0.100000 | Q: 100.611267 | won: True 
#   10 | steps:   190 | steps_t: 2735611 | t: 0.265834 | r:    94.000000 | e:   0.100000 | Q: 101.288605 | won: True 
#    1 | steps:    18 | steps_t: 2735611 | t: 0.031245 | r:    94.000000 | e:   0.100000 | Q: 100.960747 | won: True 
#    2 | steps:    36 | steps_t: 2735611 | t: 0.046868 | r:    94.000000 | e:   0.100000 | Q: 100.611267 | won: True 
#    3 | steps:    53 | steps_t: 2735611 | t: 0.078178 | r:    95.000000 | e:   0.100000 | Q: 101.230827 | won: True 
#    4 | steps:    70 | steps_t: 2735611 | t: 0.109369 | r:    95.000000 | e:   0.100000 | Q: 102.149544 | won: True 
#    5 | steps:    87 | steps_t: 2735611 | t: 0.125021 | r:    95.000000 | e:   0.100000 | Q: 101.350464 | won: True 
#    6 | steps:   115 | steps_t: 2735611 | t: 0.171867 | r:    84.000000 | e:   0.100000 | Q:  98.254601 | won: True 
#    7 | steps:   129 | steps_t: 2735611 | t: 0.171867 | r:  -502.000000 | e:   0.100000 | Q:  71.612358 | won: False 
#    8 | steps:   148 | steps_t: 2735611 | t: 0.203125 | r:    93.000000 | e:   0.100000 | Q: 101.238434 | won: True 
#    9 | steps:   168 | steps_t: 2735611 | t: 0.218752 | r:    92.000000 | e:   0.100000 | Q:  98.254601 | won: True 
#   10 | steps:   182 | steps_t: 2735611 | t: 0.234368 | r:  -502.000000 | e:   0.100000 | Q:  71.612358 | won: False 
