#    1 | steps:    22 | steps_t: 2735611 | t: 0.046858 | r:  -510.000000 | e:   0.100000 | Q:  59.813198 | won: False 
#    2 | steps:    37 | steps_t: 2735611 | t: 0.062491 | r:  -503.000000 | e:   0.100000 | Q:  68.836113 | won: False 
#    3 | steps:    50 | steps_t: 2735611 | t: 0.078106 | r:  -501.000000 | e:   0.100000 | Q:  68.836113 | won: False 
#    4 | steps:    67 | steps_t: 2735611 | t: 0.093767 | r:    95.000000 | e:   0.100000 | Q: 101.350464 | won: True 
#    5 | steps:    84 | steps_t: 2735611 | t: 0.125020 | r:    95.000000 | e:   0.100000 | Q: 101.350464 | won: True 
#    6 | steps:   102 | steps_t: 2735611 | t: 0.141080 | r:    94.000000 | e:   0.100000 | Q: 100.611267 | won: True 
#    7 | steps:   126 | steps_t: 2735611 | t: 0.172385 | r:    88.000000 | e:   0.100000 | Q: 100.522858 | won: True 
#    8 | steps:   148 | steps_t: 2735611 | t: 0.203649 | r:  -510.000000 | e:   0.100000 | Q:  61.502499 | won: False 
#    9 | steps:   163 | steps_t: 2735611 | t: 0.219217 | r:  -503.000000 | e:   0.100000 | Q:  71.056778 | won: False 
#   10 | steps:   180 | steps_t: 2735611 | t: 0.234845 | r:    95.000000 | e:   0.100000 | Q: 102.149544 | won: True 
#    1 | steps:    18 | steps_t: 2735611 | t: 0.031693 | r:    94.000000 | e:   0.100000 | Q: 100.611267 | won: True 
#    2 | steps:    35 | steps_t: 2735611 | t: 0.047390 | r:    95.000000 | e:   0.100000 | Q: 102.149544 | won: True 
#    3 | steps:    53 | steps_t: 2735611 | t: 0.062980 | r:    94.000000 | e:   0.100000 | Q: 101.288605 | won: True 
#    4 | steps:    71 | steps_t: 2735611 | t: 0.094220 | r:    94.000000 | e:   0.100000 | Q: 100.611267 | won: True 
#    5 | steps:    86 | steps_t: 2735611 | t: 0.109880 | r:  -503.000000 | e:   0.100000 | Q:  71.056778 | won: False 
#    6 | steps:   100 | steps_t: 2735611 | t: 0.125462 | r:  -502.000000 | e:   0.100000 | Q:  68.836113 | won: False 
#    7 | steps:   117 | steps_t: 2735611 | t: 0.141088 | r:    95.000000 | e:   0.100000 | Q: 102.149544 | won: True 
#    8 | steps:   133 | steps_t: 2735611 | t: 0.172340 | r:  -504.000000 | e:   0.100000 | Q:  84.548409 | won: False 
#    9 | steps:   164 | steps_t: 2735611 | t: 0.203588 | r:    81.000000 | e:   0.100000 | Q:  99.760963 | won: True 
#   10 | steps:   188 | steps_t: 2735611 | t: 0.234838 | r:  -512.000000 | e:   0.100000 | Q:  64.551674 | won: False 
