#    1 | steps:    15 | steps_t: 2735611 | t: 0.015588 | r:  -503.000000 | e:   0.100000 | Q:  68.836113 | won: False 
#    2 | steps:    43 | steps_t: 2735611 | t: 0.046837 | r:    84.000000 | e:   0.100000 | Q: 101.978981 | won: True 
#    3 | steps:    72 | steps_t: 2735611 | t: 0.078087 | r:    83.000000 | e:   0.100000 | Q: 102.335548 | won: True 
#    4 | steps:    86 | steps_t: 2735611 | t: 0.093758 | r:  -502.000000 | e:   0.100000 | Q:  71.612358 | won: False 
#    5 | steps:   115 | steps_t: 2735611 | t: 0.124965 | r:    83.000000 | e:   0.100000 | Q: 102.335548 | won: True 
#    6 | steps:   132 | steps_t: 2735611 | t: 0.140585 | r:    95.000000 | e:   0.100000 | Q: 101.350464 | won: True 
#    7 | steps:   149 | steps_t: 2735611 | t: 0.171835 | r:    95.000000 | e:   0.100000 | Q: 101.350464 | won: True 
#    8 | steps:   166 | steps_t: 2735611 | t: 0.187460 | r:    95.000000 | e:   0.100000 | Q: 101.350464 | won: True 
#    9 | steps:   184 | steps_t: 2735611 | t: 0.218736 | r:    94.000000 | e:   0.100000 | Q: 100.611267 | won: True 
#   10 | steps:   201 | steps_t: 2735611 | t: 0.234337 | r:    95.000000 | e:   0.100000 | Q: 102.149544 | won: True 
#    1 | steps:    18 | steps_t: 2735611 | t: 0.031251 | r:    94.000000 | e:   0.100000 | Q: 100.611267 | won: True 
#    2 | steps:    35 | steps_t: 2735611 | t: 0.046912 | r:    95.000000 | e:   0.100000 | Q: 101.230827 | won: True 
#    3 | steps:    52 | steps_t: 2735611 | t: 0.078126 | r:    95.000000 | e:   0.100000 | Q: 101.350464 | won: True 
#    4 | steps:    66 | steps_t: 2735611 | t: 0.093861 | r:  -502.000000 | e:   0.100000 | Q:  71.612358 | won: False 
#    5 | steps:    90 | steps_t: 2735611 | t: 0.125120 | r:    88.000000 | e:   0.100000 | Q: 100.522858 | won: True 
#    6 | steps:   107 | steps_t: 2735611 | t: 0.156392 | r:    95.000000 | e:   0.100000 | Q: 101.350464 | won: True 
#    7 | steps:   124 | steps_t: 2735611 | t: 0.172075 | r:    95.000000 | e:   0.100000 | Q: 101.230827 | won: True 
#    8 | steps:   143 | steps_t: 2735611 | t: 0.203306 | r:    93.000000 | e:   0.100000 | Q: 101.611458 | won: True 
#    9 | steps:   160 | steps_t: 2735611 | t: 0.218871 | r:    95.000000 | e:   0.100000 | Q: 101.350464 | won: True 
#   10 | steps:   178 | steps_t: 2735611 | t: 0.244689 | r:    94.000000 | e:   0.100000 | Q: 100.960747 | won: True 
#    1 | steps:    17 | steps_t: 3270774 | t: 0.031201 | r:    95.000000 | e:   0.100000 | Q: 101.309280 | won: True 
#    2 | steps:    46 | steps_t: 3270774 | t: 0.062446 | r:    83.000000 | e:   0.100000 | Q: 100.147888 | won: True 
#    3 | steps:    75 | steps_t: 3270774 | t: 0.093706 | r:    83.000000 | e:   0.100000 | Q: 100.425217 | won: True 
#    4 | steps:    92 | steps_t: 3270774 | t: 0.109329 | r:    95.000000 | e:   0.100000 | Q: 101.309280 | won: True 
#    5 | steps:   122 | steps_t: 3270774 | t: 0.156244 | r:    82.000000 | e:   0.100000 | Q: 100.625839 | won: True 
#    6 | steps:   139 | steps_t: 3270774 | t: 0.171864 | r:    95.000000 | e:   0.100000 | Q: 100.854179 | won: True 
#    7 | steps:   157 | steps_t: 3270774 | t: 0.187445 | r:    94.000000 | e:   0.100000 | Q:  99.949371 | won: True 
#    8 | steps:   174 | steps_t: 3270774 | t: 0.218699 | r:    95.000000 | e:   0.100000 | Q: 100.854179 | won: True 
#    9 | steps:   202 | steps_t: 3270774 | t: 0.250498 | r:    84.000000 | e:   0.100000 | Q:  99.964523 | won: True 
#   10 | steps:   220 | steps_t: 3270774 | t: 0.266124 | r:    94.000000 | e:   0.100000 | Q: 102.359123 | won: True 
