#    1 | steps:    59 | steps_t:     0 | t: 0.056014 | r:  -470.000000 | e:   1.000000 | Q:        nan | won: False 
#    2 | steps:    73 | steps_t:     0 | t: 0.068017 | r:  -469.000000 | e:   1.000000 | Q:        nan | won: False 
#    3 | steps:    82 | steps_t:     0 | t: 0.074018 | r:  -486.000000 | e:   1.000000 | Q:        nan | won: False 
#    4 | steps:   112 | steps_t:     0 | t: 0.098024 | r:  -430.000000 | e:   1.000000 | Q:        nan | won: False 
#    5 | steps:   140 | steps_t:     0 | t: 0.118029 | r:  -494.000000 | e:   1.000000 | Q:        nan | won: False 
#    6 | steps:   156 | steps_t:     0 | t: 0.130032 | r:  -493.000000 | e:   1.000000 | Q:        nan | won: False 
#    7 | steps:   178 | steps_t:     0 | t: 0.148036 | r:  -455.000000 | e:   1.000000 | Q:        nan | won: False 
#    8 | steps:   264 | steps_t:     0 | t: 0.215129 | r:  -464.000000 | e:   1.000000 | Q:        nan | won: False 
#    9 | steps:   274 | steps_t:     0 | t: 0.223131 | r:  -465.000000 | e:   1.000000 | Q:        nan | won: False 
#   10 | steps:   336 | steps_t:     0 | t: 0.269142 | r:  -495.000000 | e:   1.000000 | Q:        nan | won: False 
#   11 | steps:   372 | steps_t:     0 | t: 0.299149 | r:  -502.000000 | e:   1.000000 | Q:        nan | won: False 
#   12 | steps:   388 | steps_t:     0 | t: 0.309152 | r:  -449.000000 | e:   1.000000 | Q:        nan | won: False 
#   13 | steps:   433 | steps_t:     0 | t: 0.345161 | r:  -401.000000 | e:   1.000000 | Q:        nan | won: False 
#   14 | steps:   450 | steps_t:     0 | t: 0.359164 | r:  -461.000000 | e:   1.000000 | Q:        nan | won: False 
#   15 | steps:   496 | steps_t:     0 | t: 0.393173 | r:  -501.000000 | e:   1.000000 | Q:        nan | won: False 
#   16 | steps:   641 | steps_t:     0 | t: 0.506193 | r:  -402.000000 | e:   1.000000 | Q:        nan | won: False 
#   17 | steps:   655 | steps_t:     0 | t: 0.518196 | r:  -491.000000 | e:   1.000000 | Q:        nan | won: False 
#   18 | steps:   719 | steps_t:     0 | t: 0.622222 | r:  -442.000000 | e:   1.000000 | Q:        nan | won: False 
#   19 | steps:   839 | steps_t:     0 | t: 0.716135 | r:  -443.000000 | e:   1.000000 | Q:        nan | won: False 
#   20 | steps:   893 | steps_t:     0 | t: 0.757964 | r:  -454.000000 | e:   1.000000 | Q:        nan | won: False 
#   21 | steps:   964 | steps_t:     0 | t: 0.811978 | r:  -354.000000 | e:   1.000000 | Q:        nan | won: False 
#   22 | steps:  1017 | steps_t:     0 | t: 0.853989 | r:  -464.000000 | e:   1.000000 | Q:        nan | won: False 
#   23 | steps:  1029 | steps_t:     0 | t: 0.863991 | r:  -489.000000 | e:   1.000000 | Q:        nan | won: False 
#   24 | steps:  1120 | steps_t:     0 | t: 0.935004 | r:  -458.000000 | e:   1.000000 | Q:        nan | won: False 
#   25 | steps:  1154 | steps_t:     0 | t: 0.961010 | r:  -423.000000 | e:   1.000000 | Q:        nan | won: False 
#   26 | steps:  1163 | steps_t:     0 | t: 0.967011 | r:  -464.000000 | e:   1.000000 | Q:        nan | won: False 
#   27 | steps:  1177 | steps_t:     0 | t: 0.979014 | r:  -458.000000 | e:   1.000000 | Q:        nan | won: False 
#   28 | steps:  1213 | steps_t:     0 | t: 1.005021 | r:  -480.000000 | e:   1.000000 | Q:        nan | won: False 
#   29 | steps:  1257 | steps_t:     0 | t: 1.039030 | r:  -488.000000 | e:   1.000000 | Q:        nan | won: False 
#   30 | steps:  1287 | steps_t:     0 | t: 1.063036 | r:  -485.000000 | e:   1.000000 | Q:        nan | won: False 
#   31 | steps:  1319 | steps_t:     0 | t: 1.089042 | r:  -498.000000 | e:   1.000000 | Q:        nan | won: False 
#   32 | steps:  1348 | steps_t:     0 | t: 1.111048 | r:  -473.000000 | e:   1.000000 | Q:        nan | won: False 
#   33 | steps:  1374 | steps_t:     0 | t: 1.131052 | r:  -503.000000 | e:   1.000000 | Q:        nan | won: False 
#   34 | steps:  1397 | steps_t:     0 | t: 1.149057 | r:  -467.000000 | e:   1.000000 | Q:        nan | won: False 
#   35 | steps:  1513 | steps_t:     0 | t: 1.238087 | r:  -322.000000 | e:   1.000000 | Q:        nan | won: False 
#   36 | steps:  1531 | steps_t:     0 | t: 1.252091 | r:  -462.000000 | e:   1.000000 | Q:        nan | won: False 
#   37 | steps:  1565 | steps_t:     0 | t: 1.278097 | r:  -489.000000 | e:   1.000000 | Q:        nan | won: False 
#   38 | steps:  1599 | steps_t:     0 | t: 1.304104 | r:  -456.000000 | e:   1.000000 | Q:        nan | won: False 
#   39 | steps:  1611 | steps_t:     0 | t: 1.314106 | r:  -456.000000 | e:   1.000000 | Q:        nan | won: False 
#   40 | steps:  1660 | steps_t:     0 | t: 1.352115 | r:  -471.000000 | e:   1.000000 | Q:        nan | won: False 
#   41 | steps:  1672 | steps_t:     0 | t: 1.360118 | r:  -489.000000 | e:   1.000000 | Q:        nan | won: False 
#   42 | steps:  1737 | steps_t:     0 | t: 1.410130 | r:  -487.000000 | e:   1.000000 | Q:        nan | won: False 
#   43 | steps:  1785 | steps_t:     0 | t: 1.446139 | r:  -470.000000 | e:   1.000000 | Q:        nan | won: False 
#   44 | steps:  1824 | steps_t:     0 | t: 1.478147 | r:  -395.000000 | e:   1.000000 | Q:        nan | won: False 
#   45 | steps:  1896 | steps_t:     0 | t: 1.534161 | r:  -439.000000 | e:   1.000000 | Q:        nan | won: False 
#   46 | steps:  1921 | steps_t:     0 | t: 1.552166 | r:  -480.000000 | e:   1.000000 | Q:        nan | won: False 
#   47 | steps:  1944 | steps_t:     0 | t: 1.570170 | r:  -423.000000 | e:   1.000000 | Q:        nan | won: False 
#   48 | steps:  2017 | steps_t:     0 | t: 1.627059 | r:  -506.000000 | e:   1.000000 | Q:        nan | won: False 
#   49 | steps:  2062 | steps_t:     0 | t: 1.661065 | r:  -467.000000 | e:   1.000000 | Q:        nan | won: False 
#   50 | steps:  2072 | steps_t:     0 | t: 1.669066 | r:  -454.000000 | e:   1.000000 | Q:        nan | won: False 
#   51 | steps:  2102 | steps_t:     0 | t: 1.693073 | r:  -474.000000 | e:   1.000000 | Q:        nan | won: False 
#   52 | steps:  2123 | steps_t:     0 | t: 1.709076 | r:  -509.000000 | e:   1.000000 | Q:        nan | won: False 
#   53 | steps:  2276 | steps_t:     0 | t: 1.826078 | r:  -465.000000 | e:   1.000000 | Q:        nan | won: False 
#   54 | steps:  2287 | steps_t:     0 | t: 1.834080 | r:  -477.000000 | e:   1.000000 | Q:        nan | won: False 
#   55 | steps:  2339 | steps_t:     0 | t: 1.874090 | r:  -474.000000 | e:   1.000000 | Q:        nan | won: False 
#   56 | steps:  2354 | steps_t:     0 | t: 1.886093 | r:  -448.000000 | e:   1.000000 | Q:        nan | won: False 
#   57 | steps:  2385 | steps_t:     0 | t: 1.910099 | r:  -453.000000 | e:   1.000000 | Q:        nan | won: False 
#   58 | steps:  2425 | steps_t:     0 | t: 1.940107 | r:  -473.000000 | e:   1.000000 | Q:        nan | won: False 
#   59 | steps:  2433 | steps_t:     0 | t: 1.948108 | r:  -452.000000 | e:   1.000000 | Q:        nan | won: False 
#   60 | steps:  2459 | steps_t:     0 | t: 2.039055 | r:  -481.000000 | e:   1.000000 | Q:        nan | won: False 
#   61 | steps:  2486 | steps_t:     0 | t: 2.059060 | r:  -449.000000 | e:   1.000000 | Q:        nan | won: False 
#   62 | steps:  2516 | steps_t:     0 | t: 2.081065 | r:  -474.000000 | e:   1.000000 | Q:        nan | won: False 
#   63 | steps:  2563 | steps_t:     0 | t: 2.117074 | r:  -447.000000 | e:   1.000000 | Q:        nan | won: False 
#   64 | steps:  2589 | steps_t:     0 | t: 2.137079 | r:  -459.000000 | e:   1.000000 | Q:        nan | won: False 
#   65 | steps:  2726 | steps_t:     0 | t: 2.242019 | r:  -460.000000 | e:   1.000000 | Q:        nan | won: False 
#   66 | steps:  2760 | steps_t:     0 | t: 2.270027 | r:  -478.000000 | e:   1.000000 | Q:        nan | won: False 
#   67 | steps:  2810 | steps_t:     0 | t: 2.308036 | r:  -494.000000 | e:   1.000000 | Q:        nan | won: False 
#   68 | steps:  2841 | steps_t:     0 | t: 2.332042 | r:  -431.000000 | e:   1.000000 | Q:        nan | won: False 
#   69 | steps:  2877 | steps_t:     0 | t: 2.360049 | r:  -447.000000 | e:   1.000000 | Q:        nan | won: False 
#   70 | steps:  2904 | steps_t:     0 | t: 2.380054 | r:  -449.000000 | e:   1.000000 | Q:        nan | won: False 
#   71 | steps:  2940 | steps_t:     0 | t: 2.408061 | r:  -480.000000 | e:   1.000000 | Q:        nan | won: False 
#   72 | steps:  2952 | steps_t:     0 | t: 2.418063 | r:  -478.000000 | e:   1.000000 | Q:        nan | won: False 
#   73 | steps:  2968 | steps_t:     0 | t: 2.430066 | r:  -482.000000 | e:   1.000000 | Q:        nan | won: False 
#   74 | steps:  3025 | steps_t:     0 | t: 2.474078 | r:  -490.000000 | e:   1.000000 | Q:        nan | won: False 
#   75 | steps:  3040 | steps_t:     0 | t: 2.486080 | r:  -448.000000 | e:   1.000000 | Q:        nan | won: False 
#   76 | steps:  3061 | steps_t:     0 | t: 2.502084 | r:  -454.000000 | e:   1.000000 | Q:        nan | won: False 
#   77 | steps:  3096 | steps_t:     0 | t: 2.530091 | r:  -446.000000 | e:   1.000000 | Q:        nan | won: False 
#   78 | steps:  3110 | steps_t:     0 | t: 2.542094 | r:  -469.000000 | e:   1.000000 | Q:        nan | won: False 
#   79 | steps:  3132 | steps_t:     0 | t: 2.558099 | r:  -411.000000 | e:   1.000000 | Q:        nan | won: False 
#   80 | steps:  3145 | steps_t:     0 | t: 2.568101 | r:  -490.000000 | e:   1.000000 | Q:        nan | won: False 
#   81 | steps:  3173 | steps_t:     0 | t: 2.590106 | r:  -450.000000 | e:   1.000000 | Q:        nan | won: False 
#   82 | steps:  3318 | steps_t:     0 | t: 2.703031 | r:  -479.000000 | e:   1.000000 | Q:        nan | won: False 
#   83 | steps:  3375 | steps_t:     0 | t: 2.747042 | r:  -457.000000 | e:   1.000000 | Q:        nan | won: False 
#   84 | steps:  3412 | steps_t:     0 | t: 2.775049 | r:  -470.000000 | e:   1.000000 | Q:        nan | won: False 
#   85 | steps:  3459 | steps_t:     0 | t: 2.813058 | r:  -491.000000 | e:   1.000000 | Q:        nan | won: False 
#   86 | steps:  3495 | steps_t:     0 | t: 2.841065 | r:  -480.000000 | e:   1.000000 | Q:        nan | won: False 
#   87 | steps:  3506 | steps_t:     0 | t: 2.849067 | r:  -477.000000 | e:   1.000000 | Q:        nan | won: False 
#   88 | steps:  3532 | steps_t:     0 | t: 2.869072 | r:  -426.000000 | e:   1.000000 | Q:        nan | won: False 
#   89 | steps:  3543 | steps_t:     0 | t: 2.877074 | r:  -477.000000 | e:   1.000000 | Q:        nan | won: False 
#   90 | steps:  3576 | steps_t:     0 | t: 2.903081 | r:  -444.000000 | e:   1.000000 | Q:        nan | won: False 
#   91 | steps:  3621 | steps_t:     0 | t: 2.937089 | r:  -445.000000 | e:   1.000000 | Q:        nan | won: False 
#   92 | steps:  3636 | steps_t:     0 | t: 2.949093 | r:  -459.000000 | e:   1.000000 | Q:        nan | won: False 
#   93 | steps:  3689 | steps_t:     0 | t: 2.989103 | r:  -431.000000 | e:   1.000000 | Q:        nan | won: False 
#   94 | steps:  3701 | steps_t:     0 | t: 2.999104 | r:  -489.000000 | e:   1.000000 | Q:        nan | won: False 
#   95 | steps:  3712 | steps_t:     0 | t: 3.007107 | r:  -477.000000 | e:   1.000000 | Q:        nan | won: False 
#   96 | steps:  3785 | steps_t:     0 | t: 3.063121 | r:  -440.000000 | e:   1.000000 | Q:        nan | won: False 
#   97 | steps:  3806 | steps_t:     0 | t: 3.080234 | r:  -476.000000 | e:   1.000000 | Q:        nan | won: False 
#   98 | steps:  3819 | steps_t:     0 | t: 3.092237 | r:  -490.000000 | e:   1.000000 | Q:        nan | won: False 
#   99 | steps:  3833 | steps_t:     0 | t: 3.102240 | r:  -491.000000 | e:   1.000000 | Q:        nan | won: False 
#  100 | steps:  3852 | steps_t:     0 | t: 3.116242 | r:  -419.000000 | e:   1.000000 | Q:        nan | won: False 
#  101 | steps:  3887 | steps_t:     0 | t: 9.116485 | r:  -490.000000 | e:   1.000000 | Q:        nan | won: False 
