#    1 | steps:     7 | steps_t: 3271349 | t: 0.015685 | r:  -484.000000 | e:   0.100000 | Q: 144.574600 | won: False 
#    2 | steps:    14 | steps_t: 3271349 | t: 0.015685 | r:  -495.000000 | e:   0.100000 | Q: 128.869629 | won: False 
#    3 | steps:    21 | steps_t: 3271349 | t: 0.031246 | r:  -495.000000 | e:   0.100000 | Q: 128.869629 | won: False 
#    4 | steps:    28 | steps_t: 3271349 | t: 0.046870 | r:  -484.000000 | e:   0.100000 | Q: 144.574600 | won: False 
#    5 | steps:    35 | steps_t: 3271349 | t: 0.046870 | r:  -484.000000 | e:   0.100000 | Q: 128.869629 | won: False 
#    6 | steps:    42 | steps_t: 3271349 | t: 0.062531 | r:  -484.000000 | e:   0.100000 | Q: 144.574600 | won: False 
#    7 | steps:    49 | steps_t: 3271349 | t: 0.078161 | r:  -484.000000 | e:   0.100000 | Q: 144.574600 | won: False 
#    8 | steps:    55 | steps_t: 3271349 | t: 0.078161 | r:  -494.000000 | e:   0.100000 | Q: 128.869629 | won: False 
#    9 | steps:    62 | steps_t: 3271349 | t: 0.093844 | r:  -484.000000 | e:   0.100000 | Q: 128.869629 | won: False 
#   10 | steps:    76 | steps_t: 3271349 | t: 0.109440 | r:  -436.000000 | e:   0.100000 | Q: 168.492416 | won: False 
#    1 | steps:    21 | steps_t: 3380835 | t: 0.031292 | r:  -509.000000 | e:   0.100000 | Q:  80.970963 | won: False 
#    2 | steps:    38 | steps_t: 3380835 | t: 0.046875 | r:  -505.000000 | e:   0.100000 | Q:  78.908714 | won: False 
#    3 | steps:    56 | steps_t: 3380835 | t: 0.078181 | r:  -517.000000 | e:   0.100000 | Q:  89.404999 | won: False 
#    4 | steps:    69 | steps_t: 3380835 | t: 0.093752 | r:  -512.000000 | e:   0.100000 | Q:  89.404999 | won: False 
#    5 | steps:    82 | steps_t: 3380835 | t: 0.093752 | r:  -512.000000 | e:   0.100000 | Q:  89.404999 | won: False 
#    6 | steps:   110 | steps_t: 3380835 | t: 0.141064 | r:  -516.000000 | e:   0.100000 | Q:  89.404999 | won: False 
#    7 | steps:   125 | steps_t: 3380835 | t: 0.156703 | r:  -492.000000 | e:   0.100000 | Q:  89.404999 | won: False 
#    8 | steps:   155 | steps_t: 3380835 | t: 0.187941 | r:    82.000000 | e:   0.100000 | Q: 103.384560 | won: True 
#    9 | steps:   174 | steps_t: 3380835 | t: 0.219228 | r:  -507.000000 | e:   0.100000 | Q:  78.908714 | won: False 
#   10 | steps:   187 | steps_t: 3380835 | t: 0.234818 | r:  -512.000000 | e:   0.100000 | Q:  89.404999 | won: False 
#    1 | steps:    30 | steps_t: 3380835 | t: 0.040326 | r:    82.000000 | e:   0.100000 | Q: 103.384560 | won: True 
#    2 | steps:    47 | steps_t: 3380835 | t: 0.055941 | r:  -516.000000 | e:   0.100000 | Q:  89.404999 | won: False 
#    3 | steps:    59 | steps_t: 3380835 | t: 0.071530 | r:  -511.000000 | e:   0.100000 | Q:  80.970963 | won: False 
#    4 | steps:    89 | steps_t: 3380835 | t: 0.118465 | r:    82.000000 | e:   0.100000 | Q: 103.384560 | won: True 
#    5 | steps:   101 | steps_t: 3380835 | t: 0.134086 | r:  -511.000000 | e:   0.100000 | Q:  80.970963 | won: False 
#    6 | steps:   120 | steps_t: 3380835 | t: 0.149657 | r:  -496.000000 | e:   0.100000 | Q:  78.908714 | won: False 
#    7 | steps:   150 | steps_t: 3380835 | t: 0.180911 | r:    82.000000 | e:   0.100000 | Q: 103.384560 | won: True 
#    8 | steps:   161 | steps_t: 3380835 | t: 0.196572 | r:  -510.000000 | e:   0.100000 | Q:  78.908714 | won: False 
#    9 | steps:   187 | steps_t: 3380835 | t: 0.227819 | r:  -514.000000 | e:   0.100000 | Q: 101.951004 | won: False 
#   10 | steps:   198 | steps_t: 3380835 | t: 0.243444 | r:  -510.000000 | e:   0.100000 | Q:  80.970963 | won: False 
