#    1 | steps:    15 | steps_t: 2735611 | t: 0.015670 | r:  -503.000000 | e:   0.100000 | Q:  68.836113 | won: False 
#    2 | steps:    33 | steps_t: 2735611 | t: 0.047316 | r:    94.000000 | e:   0.100000 | Q: 101.288605 | won: True 
#    3 | steps:    55 | steps_t: 2735611 | t: 0.062946 | r:    90.000000 | e:   0.100000 | Q: 101.623817 | won: True 
#    4 | steps:    72 | steps_t: 2735611 | t: 0.094235 | r:    95.000000 | e:   0.100000 | Q: 101.350464 | won: True 
#    5 | steps:    87 | steps_t: 2735611 | t: 0.109870 | r:  -503.000000 | e:   0.100000 | Q:  83.010231 | won: False 
#    6 | steps:   101 | steps_t: 2735611 | t: 0.125439 | r:  -502.000000 | e:   0.100000 | Q:  71.612358 | won: False 
#    7 | steps:   117 | steps_t: 2735611 | t: 0.156728 | r:    96.000000 | e:   0.100000 | Q: 100.250908 | won: True 
#    8 | steps:   143 | steps_t: 2735611 | t: 0.172312 | r:  -514.000000 | e:   0.100000 | Q:  72.352150 | won: False 
#    9 | steps:   158 | steps_t: 2735611 | t: 0.187937 | r:  -503.000000 | e:   0.100000 | Q:  71.056778 | won: False 
#   10 | steps:   176 | steps_t: 2735611 | t: 0.219188 | r:    94.000000 | e:   0.100000 | Q: 100.611267 | won: True 
#    1 | steps:    19 | steps_t: 2735611 | t: 0.031243 | r:    93.000000 | e:   0.100000 | Q:  99.760963 | won: True 
#    2 | steps:    42 | steps_t: 2735611 | t: 0.046859 | r:    89.000000 | e:   0.100000 | Q: 106.888481 | won: True 
#    3 | steps:    59 | steps_t: 2735611 | t: 0.062487 | r:    95.000000 | e:   0.100000 | Q: 101.350464 | won: True 
#    4 | steps:    83 | steps_t: 2735611 | t: 0.093735 | r:    88.000000 | e:   0.100000 | Q: 100.522858 | won: True 
#    5 | steps:   101 | steps_t: 2735611 | t: 0.125221 | r:    94.000000 | e:   0.100000 | Q: 100.960747 | won: True 
#    6 | steps:   118 | steps_t: 2735611 | t: 0.156523 | r:    95.000000 | e:   0.100000 | Q: 102.149544 | won: True 
#    7 | steps:   133 | steps_t: 2735611 | t: 0.172147 | r:  -503.000000 | e:   0.100000 | Q:  77.313820 | won: False 
#    8 | steps:   146 | steps_t: 2735611 | t: 0.187770 | r:  -501.000000 | e:   0.100000 | Q:  71.056778 | won: False 
#    9 | steps:   166 | steps_t: 2735611 | t: 0.218980 | r:    92.000000 | e:   0.100000 | Q:  98.254601 | won: True 
#   10 | steps:   192 | steps_t: 2735611 | t: 0.250245 | r:    86.000000 | e:   0.100000 | Q:  98.804779 | won: True 
#    1 | steps:    17 | steps_t: 3270774 | t: 0.031250 | r:    95.000000 | e:   0.100000 | Q: 101.309280 | won: True 
#    2 | steps:    32 | steps_t: 3270774 | t: 0.046874 | r:  -503.000000 | e:   0.100000 | Q:  73.247620 | won: False 
#    3 | steps:    49 | steps_t: 3270774 | t: 0.062560 | r:    95.000000 | e:   0.100000 | Q: 101.309280 | won: True 
#    4 | steps:    81 | steps_t: 3270774 | t: 0.093660 | r:    80.000000 | e:   0.100000 | Q:  95.525627 | won: True 
#    5 | steps:    99 | steps_t: 3270774 | t: 0.124912 | r:    94.000000 | e:   0.100000 | Q:  99.949371 | won: True 
#    6 | steps:   113 | steps_t: 3270774 | t: 0.140533 | r:  -502.000000 | e:   0.100000 | Q:  75.691360 | won: False 
#    7 | steps:   133 | steps_t: 3270774 | t: 0.156204 | r:    92.000000 | e:   0.100000 | Q: 100.943588 | won: True 
#    8 | steps:   150 | steps_t: 3270774 | t: 0.187423 | r:    95.000000 | e:   0.100000 | Q: 100.854179 | won: True 
#    9 | steps:   168 | steps_t: 3270774 | t: 0.203076 | r:    94.000000 | e:   0.100000 | Q: 102.359123 | won: True 
#   10 | steps:   184 | steps_t: 3270774 | t: 0.218657 | r:    96.000000 | e:   0.100000 | Q: 100.943588 | won: True 
