#    1 | steps:    18 | steps_t: 2735611 | t: 0.034673 | r:    94.000000 | e:   0.100000 | Q: 100.611267 | won: True 
#    2 | steps:    29 | steps_t: 2735611 | t: 0.050301 | r:  -510.000000 | e:   0.100000 | Q:  50.199337 | won: False 
#    3 | steps:    45 | steps_t: 2735611 | t: 0.081550 | r:    96.000000 | e:   0.100000 | Q:  98.254601 | won: True 
#    4 | steps:    62 | steps_t: 2735611 | t: 0.112802 | r:    95.000000 | e:   0.100000 | Q: 102.149544 | won: True 
#    5 | steps:    80 | steps_t: 2735611 | t: 0.144092 | r:    94.000000 | e:   0.100000 | Q: 100.611267 | won: True 
#    6 | steps:   100 | steps_t: 2735611 | t: 0.191264 | r:    92.000000 | e:   0.100000 | Q:  99.659950 | won: True 
#    7 | steps:   128 | steps_t: 2735611 | t: 0.238114 | r:    84.000000 | e:   0.100000 | Q:  98.254601 | won: True 
#    8 | steps:   149 | steps_t: 2735611 | t: 0.284979 | r:    91.000000 | e:   0.100000 | Q: 102.335548 | won: True 
#    9 | steps:   170 | steps_t: 2735611 | t: 0.316286 | r:    91.000000 | e:   0.100000 | Q: 102.335548 | won: True 
#   10 | steps:   188 | steps_t: 2735611 | t: 0.347516 | r:    94.000000 | e:   0.100000 | Q: 101.288605 | won: True 
#    1 | steps:    18 | steps_t: 3270774 | t: 0.046922 | r:    94.000000 | e:   0.100000 | Q:  99.949371 | won: True 
#    2 | steps:    46 | steps_t: 3270774 | t: 0.078128 | r:    84.000000 | e:   0.100000 | Q:  99.964523 | won: True 
#    3 | steps:    66 | steps_t: 3270774 | t: 0.125041 | r:    92.000000 | e:   0.100000 | Q: 100.943588 | won: True 
#    4 | steps:    88 | steps_t: 3270774 | t: 0.171921 | r:    90.000000 | e:   0.100000 | Q: 101.595726 | won: True 
#    5 | steps:   106 | steps_t: 3270774 | t: 0.254279 | r:    94.000000 | e:   0.100000 | Q:  99.949371 | won: True 
#    6 | steps:   132 | steps_t: 3270774 | t: 0.358822 | r:    86.000000 | e:   0.100000 | Q: 101.656296 | won: True 
#    7 | steps:   149 | steps_t: 3270774 | t: 0.433120 | r:    95.000000 | e:   0.100000 | Q: 101.309280 | won: True 
#    8 | steps:   166 | steps_t: 3270774 | t: 0.507198 | r:    95.000000 | e:   0.100000 | Q: 100.854179 | won: True 
#    9 | steps:   186 | steps_t: 3270774 | t: 0.581345 | r:    92.000000 | e:   0.100000 | Q:  99.964523 | won: True 
#   10 | steps:   208 | steps_t: 3270774 | t: 0.675116 | r:    90.000000 | e:   0.100000 | Q: 100.625839 | won: True 
