#    1 | steps:    82 | steps_t: 5860553 | t: 0.109102 | r:   -72.000000 | e:   0.100000 | Q: 194.021194 | won: False 
#    2 | steps:   169 | steps_t: 5860553 | t: 0.216126 | r:    73.000000 | e:   0.100000 | Q: 222.085464 | won: False 
#    3 | steps:   245 | steps_t: 5860553 | t: 0.306146 | r:   721.000000 | e:   0.100000 | Q: 198.374405 | won: True 
#    4 | steps:   319 | steps_t: 5860553 | t: 0.397167 | r:    -9.000000 | e:   0.100000 | Q: 194.394073 | won: False 
#    5 | steps:   391 | steps_t: 5860553 | t: 0.486187 | r:   725.000000 | e:   0.100000 | Q: 201.699203 | won: True 
#    6 | steps:   475 | steps_t: 5860553 | t: 0.603293 | r:    58.000000 | e:   0.100000 | Q: 198.699478 | won: False 
#    7 | steps:   516 | steps_t: 5860553 | t: 0.658000 | r:  -185.000000 | e:   0.100000 | Q: 203.602142 | won: False 
#    8 | steps:   590 | steps_t: 5860553 | t: 0.751021 | r:   723.000000 | e:   0.100000 | Q: 199.081909 | won: True 
#    9 | steps:   672 | steps_t: 5860553 | t: 0.852043 | r:   -79.000000 | e:   0.100000 | Q: 207.699936 | won: False 
#   10 | steps:   718 | steps_t: 5860553 | t: 0.908056 | r:  -102.000000 | e:   0.100000 | Q: 203.451569 | won: False 
#   11 | steps:   762 | steps_t: 5860553 | t: 0.960068 | r:  -107.000000 | e:   0.100000 | Q: 187.092224 | won: False 
#   12 | steps:   838 | steps_t: 5860553 | t: 1.056089 | r:     7.000000 | e:   0.100000 | Q: 205.431549 | won: False 
#   13 | steps:   923 | steps_t: 5860553 | t: 1.157195 | r:   701.000000 | e:   0.100000 | Q: 203.167694 | won: True 
#   14 | steps:  1016 | steps_t: 5860553 | t: 1.268318 | r:   693.000000 | e:   0.100000 | Q: 201.774094 | won: True 
#   15 | steps:  1046 | steps_t: 5860553 | t: 1.302326 | r:  -218.000000 | e:   0.100000 | Q: 210.574844 | won: False 
#   16 | steps:  1122 | steps_t: 5860553 | t: 1.395469 | r:   812.000000 | e:   0.100000 | Q: 208.431824 | won: True 
#   17 | steps:  1228 | steps_t: 5860553 | t: 1.686635 | r:     7.000000 | e:   0.100000 | Q: 184.477600 | won: False 
#   18 | steps:  1304 | steps_t: 5860553 | t: 1.784657 | r:   670.000000 | e:   0.100000 | Q: 195.950623 | won: True 
#   19 | steps:  1315 | steps_t: 5860553 | t: 1.796659 | r:  -411.000000 | e:   0.100000 | Q: 184.477600 | won: False 
#   20 | steps:  1411 | steps_t: 5860553 | t: 1.915688 | r:   610.000000 | e:   0.100000 | Q: 202.686172 | won: True 
#   21 | steps:  1436 | steps_t: 5860553 | t: 1.944693 | r:  -330.000000 | e:   0.100000 | Q: 209.003387 | won: False 
#   22 | steps:  1521 | steps_t: 5860553 | t: 2.045783 | r:   712.000000 | e:   0.100000 | Q: 203.081253 | won: True 
#   23 | steps:  1616 | steps_t: 5860553 | t: 2.156971 | r:   142.000000 | e:   0.100000 | Q: 214.502640 | won: False 
#   24 | steps:  1716 | steps_t: 5860553 | t: 2.274998 | r:   726.000000 | e:   0.100000 | Q: 218.231125 | won: True 
#   25 | steps:  1758 | steps_t: 5860553 | t: 2.324009 | r:  -186.000000 | e:   0.100000 | Q: 218.622849 | won: False 
#   26 | steps:  1894 | steps_t: 5860553 | t: 2.486046 | r:   -89.000000 | e:   0.100000 | Q: 185.019272 | won: False 
#   27 | steps:  1904 | steps_t: 5860553 | t: 2.497048 | r:  -410.000000 | e:   0.100000 | Q: 181.586212 | won: False 
#   28 | steps:  1998 | steps_t: 5860553 | t: 2.608073 | r:   612.000000 | e:   0.100000 | Q: 184.197006 | won: True 
#   29 | steps:  2068 | steps_t: 5860553 | t: 2.695092 | r:  -188.000000 | e:   0.100000 | Q: 194.211548 | won: False 
#   30 | steps:  2128 | steps_t: 5860553 | t: 2.767109 | r:   -50.000000 | e:   0.100000 | Q: 201.237518 | won: False 
#   31 | steps:  2225 | steps_t: 5860553 | t: 2.890136 | r:     5.000000 | e:   0.100000 | Q: 181.586212 | won: False 
#   32 | steps:  2259 | steps_t: 5860553 | t: 2.932146 | r:  -174.000000 | e:   0.100000 | Q: 201.774094 | won: False 
#   33 | steps:  2339 | steps_t: 5860553 | t: 3.033169 | r:  -117.000000 | e:   0.100000 | Q: 181.586212 | won: False 
#   34 | steps:  2414 | steps_t: 5860553 | t: 3.122283 | r:   -10.000000 | e:   0.100000 | Q: 199.890121 | won: False 
#   35 | steps:  2446 | steps_t: 5860553 | t: 3.159292 | r:  -341.000000 | e:   0.100000 | Q: 218.622849 | won: False 
#   36 | steps:  2474 | steps_t: 5860553 | t: 3.192371 | r:  -289.000000 | e:   0.100000 | Q: 203.126465 | won: False 
#   37 | steps:  2485 | steps_t: 5860553 | t: 3.203373 | r:  -466.000000 | e:   0.100000 | Q: 181.176514 | won: False 
#   38 | steps:  2562 | steps_t: 5860553 | t: 3.299395 | r:   720.000000 | e:   0.100000 | Q: 194.548477 | won: True 
#   39 | steps:  2649 | steps_t: 5860553 | t: 3.405419 | r:   710.000000 | e:   0.100000 | Q: 210.725433 | won: True 
#   40 | steps:  2657 | steps_t: 5860553 | t: 3.414421 | r:  -441.000000 | e:   0.100000 | Q: 181.586212 | won: False 
#   41 | steps:  2737 | steps_t: 5860553 | t: 3.513444 | r:    36.000000 | e:   0.100000 | Q: 197.162430 | won: False 
#   42 | steps:  2816 | steps_t: 5860553 | t: 3.611568 | r:   -47.000000 | e:   0.100000 | Q: 203.167694 | won: False 
#   43 | steps:  2901 | steps_t: 5860553 | t: 3.713591 | r:   752.000000 | e:   0.100000 | Q: 203.167694 | won: True 
#   44 | steps:  2968 | steps_t: 5860553 | t: 3.794609 | r:   -68.000000 | e:   0.100000 | Q: 194.754272 | won: False 
#   45 | steps:  2991 | steps_t: 5860553 | t: 3.822616 | r:  -317.000000 | e:   0.100000 | Q: 203.603638 | won: False 
#   46 | steps:  3063 | steps_t: 5860553 | t: 3.905634 | r:    22.000000 | e:   0.100000 | Q: 222.792084 | won: False 
#   47 | steps:  3084 | steps_t: 5860553 | t: 3.930640 | r:  -315.000000 | e:   0.100000 | Q: 203.258270 | won: False 
#   48 | steps:  3148 | steps_t: 5860553 | t: 4.007657 | r:   -25.000000 | e:   0.100000 | Q: 203.258270 | won: False 
#   49 | steps:  3233 | steps_t: 5860553 | t: 4.109680 | r:   763.000000 | e:   0.100000 | Q: 222.600067 | won: True 
#   50 | steps:  3294 | steps_t: 5860553 | t: 4.181786 | r:   -69.000000 | e:   0.100000 | Q: 200.694946 | won: False 
#   51 | steps:  3371 | steps_t: 5860553 | t: 4.274808 | r:   -41.000000 | e:   0.100000 | Q: 190.076767 | won: False 
#   52 | steps:  3472 | steps_t: 5860553 | t: 4.402368 | r:   -61.000000 | e:   0.100000 | Q: 184.651199 | won: False 
#   53 | steps:  3558 | steps_t: 5860553 | t: 4.508391 | r:   700.000000 | e:   0.100000 | Q: 203.081253 | won: True 
#   54 | steps:  3648 | steps_t: 5860553 | t: 4.618416 | r:    96.000000 | e:   0.100000 | Q: 201.699203 | won: False 
#   55 | steps:  3721 | steps_t: 5860553 | t: 4.702549 | r:    54.000000 | e:   0.100000 | Q: 199.015396 | won: False 
#   56 | steps:  3761 | steps_t: 5860553 | t: 4.750561 | r:  -330.000000 | e:   0.100000 | Q: 182.205444 | won: False 
#   57 | steps:  3791 | steps_t: 5860553 | t: 4.786568 | r:  -207.000000 | e:   0.100000 | Q: 203.789459 | won: False 
#   58 | steps:  3879 | steps_t: 5860553 | t: 4.889592 | r:   789.000000 | e:   0.100000 | Q: 220.447296 | won: True 
#   59 | steps:  3964 | steps_t: 5860553 | t: 4.989614 | r:   672.000000 | e:   0.100000 | Q: 195.051514 | won: True 
#   60 | steps:  4020 | steps_t: 5860553 | t: 5.053689 | r:   -90.000000 | e:   0.100000 | Q: 193.603180 | won: False 
#   61 | steps:  4115 | steps_t: 5860553 | t: 5.194896 | r:   611.000000 | e:   0.100000 | Q: 181.586212 | won: True 
#   62 | steps:  4233 | steps_t: 5860553 | t: 5.531380 | r:     9.000000 | e:   0.100000 | Q: 230.809952 | won: False 
#   63 | steps:  4294 | steps_t: 5860553 | t: 5.609397 | r:   -47.000000 | e:   0.100000 | Q: 198.699478 | won: False 
#   64 | steps:  4308 | steps_t: 5860553 | t: 5.626401 | r:  -436.000000 | e:   0.100000 | Q: 184.477600 | won: False 
#   65 | steps:  4361 | steps_t: 5860553 | t: 5.690415 | r:   -21.000000 | e:   0.100000 | Q: 202.462891 | won: False 
#   66 | steps:  4418 | steps_t: 5860553 | t: 5.759431 | r:  -124.000000 | e:   0.100000 | Q: 191.103653 | won: False 
#   67 | steps:  4511 | steps_t: 5860553 | t: 5.871539 | r:   -28.000000 | e:   0.100000 | Q: 181.586212 | won: False 
#   68 | steps:  4583 | steps_t: 5860553 | t: 5.962676 | r:   754.000000 | e:   0.100000 | Q: 203.167694 | won: True 
#   69 | steps:  4641 | steps_t: 5860553 | t: 6.034693 | r:   -15.000000 | e:   0.100000 | Q: 193.348206 | won: False 
#   70 | steps:  4724 | steps_t: 5860553 | t: 6.134715 | r:   714.000000 | e:   0.100000 | Q: 196.901810 | won: True 
#   71 | steps:  4804 | steps_t: 5860553 | t: 6.231737 | r:   -15.000000 | e:   0.100000 | Q: 199.798111 | won: False 
#   72 | steps:  4860 | steps_t: 5860553 | t: 6.298752 | r:   -57.000000 | e:   0.100000 | Q: 202.794464 | won: False 
#   73 | steps:  4913 | steps_t: 5860553 | t: 6.364767 | r:    -3.000000 | e:   0.100000 | Q: 203.603638 | won: False 
#   74 | steps:  4993 | steps_t: 5860553 | t: 6.461789 | r:   775.000000 | e:   0.100000 | Q: 235.740845 | won: True 
#   75 | steps:  5044 | steps_t: 5860596 | t: 7.014977 | r:  -162.000000 | e:   0.100000 | Q: 203.869400 | won: False 
#   76 | steps:  5102 | steps_t: 5860653 | t: 7.675911 | r:  -154.000000 | e:   0.100000 | Q: 201.190430 | won: False 
#   77 | steps:  5133 | steps_t: 5860683 | t: 8.023315 | r:  -259.000000 | e:   0.100000 | Q: 202.099243 | won: False 
#   78 | steps:  5175 | steps_t: 5860724 | t: 8.503948 | r:   -98.000000 | e:   0.100000 | Q: 204.154190 | won: False 
#   79 | steps:  5259 | steps_t: 5860807 | t: 9.467574 | r:   -37.000000 | e:   0.100000 | Q: 181.984833 | won: False 
#   80 | steps:  5335 | steps_t: 5860882 | t: 10.336734 | r:   710.000000 | e:   0.100000 | Q: 186.227402 | won: True 
#   81 | steps:  5379 | steps_t: 5860925 | t: 10.840843 | r:  -119.000000 | e:   0.100000 | Q: 199.540176 | won: False 
#   82 | steps:  5464 | steps_t: 5861009 | t: 11.807832 | r:   690.000000 | e:   0.100000 | Q: 194.664124 | won: True 
#   83 | steps:  5560 | steps_t: 5861104 | t: 12.920423 | r:   -20.000000 | e:   0.100000 | Q: 176.366135 | won: False 
#   84 | steps:  5596 | steps_t: 5861139 | t: 13.328431 | r:  -143.000000 | e:   0.100000 | Q: 207.386139 | won: False 
#   85 | steps:  5669 | steps_t: 5861211 | t: 14.165669 | r:   -81.000000 | e:   0.100000 | Q: 201.480881 | won: False 
#   86 | steps:  5745 | steps_t: 5861286 | t: 15.022332 | r:   -40.000000 | e:   0.100000 | Q: 204.781982 | won: False 
#   87 | steps:  5799 | steps_t: 5861339 | t: 15.616793 | r:    51.000000 | e:   0.100000 | Q: 207.781464 | won: False 
#   88 | steps:  5893 | steps_t: 5861432 | t: 16.681542 | r:   652.000000 | e:   0.100000 | Q: 193.136581 | won: True 
#   89 | steps:  5913 | steps_t: 5861451 | t: 16.900764 | r:  -325.000000 | e:   0.100000 | Q: 199.380829 | won: False 
#   90 | steps:  5983 | steps_t: 5861520 | t: 17.690784 | r:   -89.000000 | e:   0.100000 | Q: 215.489349 | won: False 
#   91 | steps:  6029 | steps_t: 5861565 | t: 18.212602 | r:  -121.000000 | e:   0.100000 | Q: 217.798599 | won: False 
#   92 | steps:  6070 | steps_t: 5861605 | t: 18.672768 | r:  -181.000000 | e:   0.100000 | Q: 193.314896 | won: False 
#   93 | steps:  6150 | steps_t: 5861684 | t: 19.586823 | r:   -70.000000 | e:   0.100000 | Q: 210.406067 | won: False 
#   94 | steps:  6289 | steps_t: 5861822 | t: 21.192779 | r:    76.000000 | e:   0.100000 | Q: 209.160965 | won: False 
#   95 | steps:  6356 | steps_t: 5861888 | t: 21.960086 | r:   -68.000000 | e:   0.100000 | Q: 189.574203 | won: False 
#   96 | steps:  6389 | steps_t: 5861920 | t: 22.344247 | r:  -177.000000 | e:   0.100000 | Q: 211.924301 | won: False 
#   97 | steps:  6471 | steps_t: 5862001 | t: 23.283483 | r:    45.000000 | e:   0.100000 | Q: 207.961029 | won: False 
#   98 | steps:  6525 | steps_t: 5862054 | t: 23.907048 | r:   -18.000000 | e:   0.100000 | Q: 190.960175 | won: False 
#   99 | steps:  6619 | steps_t: 5862147 | t: 24.987357 | r:    37.000000 | e:   0.100000 | Q: 205.199509 | won: False 
#  100 | steps:  6644 | steps_t: 5862171 | t: 25.265467 | r:  -348.000000 | e:   0.100000 | Q: 182.772369 | won: False 
#  101 | steps:  6723 | steps_t: 5862249 | t: 26.166736 | r:   -29.000000 | e:   0.100000 | Q: 201.282822 | won: False 
#  102 | steps:  6750 | steps_t: 5862275 | t: 26.472227 | r:  -270.000000 | e:   0.100000 | Q: 212.671432 | won: False 
#  103 | steps:  6778 | steps_t: 5862302 | t: 26.790904 | r:  -278.000000 | e:   0.100000 | Q: 184.041733 | won: False 
#  104 | steps:  6856 | steps_t: 5862379 | t: 27.712423 | r:   668.000000 | e:   0.100000 | Q: 202.974319 | won: True 
#  105 | steps:  6943 | steps_t: 5862465 | t: 28.723513 | r:    62.000000 | e:   0.100000 | Q: 203.449799 | won: False 
#  106 | steps:  7016 | steps_t: 5862537 | t: 29.564095 | r:   -70.000000 | e:   0.100000 | Q: 184.984314 | won: False 
#  107 | steps:  7112 | steps_t: 5862632 | t: 30.675554 | r:    42.000000 | e:   0.100000 | Q: 192.905807 | won: False 
#  108 | steps:  7148 | steps_t: 5862667 | t: 31.110738 | r:  -154.000000 | e:   0.100000 | Q: 172.158203 | won: False 
#  109 | steps:  7242 | steps_t: 5862760 | t: 32.209088 | r:   -22.000000 | e:   0.100000 | Q: 205.848633 | won: False 
#  110 | steps:  7276 | steps_t: 5862793 | t: 32.603207 | r:  -346.000000 | e:   0.100000 | Q: 171.768951 | won: False 
#  111 | steps:  7342 | steps_t: 5862858 | t: 33.375892 | r:    39.000000 | e:   0.100000 | Q: 201.992996 | won: False 
#  112 | steps:  7374 | steps_t: 5862889 | t: 33.736449 | r:  -282.000000 | e:   0.100000 | Q: 198.487411 | won: False 
#  113 | steps:  7382 | steps_t: 5862896 | t: 33.821110 | r:  -463.000000 | e:   0.100000 | Q: 182.413239 | won: False 
#  114 | steps:  7467 | steps_t: 5862980 | t: 34.837639 | r:   701.000000 | e:   0.100000 | Q: 207.056625 | won: True 
#  115 | steps:  7555 | steps_t: 5863067 | t: 35.809423 | r:   658.000000 | e:   0.100000 | Q: 186.206253 | won: True 
#  116 | steps:  7645 | steps_t: 5863156 | t: 36.872100 | r:   114.000000 | e:   0.100000 | Q: 201.875793 | won: False 
#  117 | steps:  7719 | steps_t: 5863229 | t: 37.691383 | r:   712.000000 | e:   0.100000 | Q: 214.595261 | won: True 
#  118 | steps:  7807 | steps_t: 5863316 | t: 38.688614 | r:    50.000000 | e:   0.100000 | Q: 196.225647 | won: False 
#  119 | steps:  7906 | steps_t: 5863414 | t: 40.112773 | r:   127.000000 | e:   0.100000 | Q: 216.923111 | won: False 
#  120 | steps:  8038 | steps_t: 5863545 | t: 41.671862 | r:   574.000000 | e:   0.100000 | Q: 192.892288 | won: True 
#  121 | steps:  8090 | steps_t: 5863596 | t: 42.287552 | r:    20.000000 | e:   0.100000 | Q: 185.416168 | won: False 
#  122 | steps:  8144 | steps_t: 5863649 | t: 42.920450 | r:   -62.000000 | e:   0.100000 | Q: 213.695663 | won: False 
#  123 | steps:  8224 | steps_t: 5863728 | t: 43.825212 | r:   768.000000 | e:   0.100000 | Q: 190.822861 | won: True 
#  124 | steps:  8314 | steps_t: 5863817 | t: 44.862938 | r:  -106.000000 | e:   0.100000 | Q: 191.220078 | won: False 
#  125 | steps:  8387 | steps_t: 5863889 | t: 45.697340 | r:   -92.000000 | e:   0.100000 | Q: 203.173798 | won: False 
#  126 | steps:  8452 | steps_t: 5863953 | t: 46.424975 | r:    14.000000 | e:   0.100000 | Q: 208.226135 | won: False 
#  127 | steps:  8559 | steps_t: 5864059 | t: 47.639609 | r:   690.000000 | e:   0.100000 | Q: 206.388626 | won: True 
#  128 | steps:  8646 | steps_t: 5864145 | t: 48.620333 | r:   699.000000 | e:   0.100000 | Q: 203.534393 | won: True 
#  129 | steps:  8723 | steps_t: 5864221 | t: 49.519183 | r:   760.000000 | e:   0.100000 | Q: 205.644745 | won: True 
#  130 | steps:  8807 | steps_t: 5864304 | t: 50.472053 | r:   702.000000 | e:   0.100000 | Q: 193.337814 | won: True 
#  131 | steps:  8901 | steps_t: 5864397 | t: 51.519691 | r:   652.000000 | e:   0.100000 | Q: 198.259033 | won: True 
#  132 | steps:  8961 | steps_t: 5864456 | t: 52.189552 | r:    12.000000 | e:   0.100000 | Q: 203.121567 | won: False 
#  133 | steps:  9042 | steps_t: 5864536 | t: 53.105848 | r:   705.000000 | e:   0.100000 | Q: 193.158981 | won: True 
#  134 | steps:  9106 | steps_t: 5864599 | t: 53.821015 | r:   -32.000000 | e:   0.100000 | Q: 210.142426 | won: False 
#  135 | steps:  9195 | steps_t: 5864687 | t: 54.837600 | r:   737.000000 | e:   0.100000 | Q: 204.132980 | won: True 
#  136 | steps:  9261 | steps_t: 5864752 | t: 55.584377 | r:   -92.000000 | e:   0.100000 | Q: 187.964172 | won: False 
#  137 | steps:  9295 | steps_t: 5864785 | t: 55.963856 | r:  -273.000000 | e:   0.100000 | Q: 206.507050 | won: False 
#  138 | steps:  9379 | steps_t: 5864868 | t: 56.935528 | r:   702.000000 | e:   0.100000 | Q: 214.933929 | won: True 
#  139 | steps:  9411 | steps_t: 5864899 | t: 57.291971 | r:  -260.000000 | e:   0.100000 | Q: 201.761154 | won: False 
#  140 | steps:  9514 | steps_t: 5865001 | t: 58.479143 | r:    57.000000 | e:   0.100000 | Q: 222.488281 | won: False 
#  141 | steps:  9605 | steps_t: 5865091 | t: 59.506541 | r:   -30.000000 | e:   0.100000 | Q: 210.263077 | won: False 
#  142 | steps:  9690 | steps_t: 5865175 | t: 60.478556 | r:   712.000000 | e:   0.100000 | Q: 201.579605 | won: True 
#  143 | steps:  9711 | steps_t: 5865195 | t: 60.707767 | r:  -348.000000 | e:   0.100000 | Q: 205.047745 | won: False 
#  144 | steps:  9723 | steps_t: 5865206 | t: 60.832240 | r:  -445.000000 | e:   0.100000 | Q: 184.170181 | won: False 
#  145 | steps:  9765 | steps_t: 5865247 | t: 61.304782 | r:  -336.000000 | e:   0.100000 | Q: 200.663940 | won: False 
#  146 | steps:  9798 | steps_t: 5865279 | t: 61.676947 | r:  -166.000000 | e:   0.100000 | Q: 197.479279 | won: False 
#  147 | steps:  9813 | steps_t: 5865293 | t: 61.834939 | r:  -393.000000 | e:   0.100000 | Q: 200.192749 | won: False 
#  148 | steps:  9841 | steps_t: 5865320 | t: 62.151290 | r:  -267.000000 | e:   0.100000 | Q: 213.180786 | won: False 
#  149 | steps:  9858 | steps_t: 5865336 | t: 62.342108 | r:  -362.000000 | e:   0.100000 | Q: 189.620392 | won: False 
#  150 | steps:  9952 | steps_t: 5865429 | t: 63.398043 | r:    52.000000 | e:   0.100000 | Q: 204.785202 | won: False 
#  151 | steps: 10044 | steps_t: 5865520 | t: 64.444399 | r:   785.000000 | e:   0.100000 | Q: 197.597336 | won: True 
#  152 | steps: 10135 | steps_t: 5865610 | t: 65.519042 | r:    62.000000 | e:   0.100000 | Q: 206.178284 | won: False 
#  153 | steps: 10236 | steps_t: 5865710 | t: 66.714474 | r:    85.000000 | e:   0.100000 | Q: 198.955963 | won: False 
#  154 | steps: 10261 | steps_t: 5865734 | t: 67.026326 | r:  -308.000000 | e:   0.100000 | Q: 197.843079 | won: False 
#  155 | steps: 10329 | steps_t: 5865801 | t: 67.803303 | r:   -80.000000 | e:   0.100000 | Q: 202.706406 | won: False 
#  156 | steps: 10426 | steps_t: 5865897 | t: 68.900993 | r:   740.000000 | e:   0.100000 | Q: 202.756470 | won: True 
#  157 | steps: 10503 | steps_t: 5865973 | t: 69.761937 | r:   -19.000000 | e:   0.100000 | Q: 194.116989 | won: False 
#  158 | steps: 10548 | steps_t: 5866017 | t: 70.265990 | r:   -72.000000 | e:   0.100000 | Q: 202.464828 | won: False 
#  159 | steps: 10629 | steps_t: 5866097 | t: 71.176366 | r:   756.000000 | e:   0.100000 | Q: 193.442581 | won: True 
#  160 | steps: 10668 | steps_t: 5866135 | t: 71.601686 | r:  -190.000000 | e:   0.100000 | Q: 195.181198 | won: False 
#  161 | steps: 10722 | steps_t: 5866188 | t: 72.199093 | r:  -315.000000 | e:   0.100000 | Q: 184.554932 | won: False 
#  162 | steps: 10733 | steps_t: 5866198 | t: 72.311913 | r:  -400.000000 | e:   0.100000 | Q: 182.767365 | won: False 
#  163 | steps: 10794 | steps_t: 5866258 | t: 73.013313 | r:   -40.000000 | e:   0.100000 | Q: 203.070572 | won: False 
#  164 | steps: 10897 | steps_t: 5866360 | t: 74.172465 | r:    32.000000 | e:   0.100000 | Q: 184.667908 | won: False 
#  165 | steps: 10916 | steps_t: 5866378 | t: 74.380372 | r:  -273.000000 | e:   0.100000 | Q: 202.414764 | won: False 
#  166 | steps: 10976 | steps_t: 5866437 | t: 75.040085 | r:   -57.000000 | e:   0.100000 | Q: 191.740692 | won: False 
#  167 | steps: 11037 | steps_t: 5866497 | t: 75.702939 | r:    29.000000 | e:   0.100000 | Q: 196.656601 | won: False 
#  168 | steps: 11197 | steps_t: 5866656 | t: 83.857552 | r:   546.000000 | e:   0.100000 | Q: 182.626053 | won: True 
#  169 | steps: 11262 | steps_t: 5866720 | t: 84.581248 | r:   102.000000 | e:   0.100000 | Q: 194.876373 | won: False 
#  170 | steps: 11320 | steps_t: 5866777 | t: 85.259267 | r:   -19.000000 | e:   0.100000 | Q: 190.567307 | won: False 
#  171 | steps: 11408 | steps_t: 5866864 | t: 86.273886 | r:   618.000000 | e:   0.100000 | Q: 180.316437 | won: True 
#  172 | steps: 11459 | steps_t: 5866914 | t: 86.864134 | r:   -23.000000 | e:   0.100000 | Q: 195.975128 | won: False 
#  173 | steps: 11522 | steps_t: 5866976 | t: 87.584699 | r:   -75.000000 | e:   0.100000 | Q: 193.377228 | won: False 
#  174 | steps: 11601 | steps_t: 5867054 | t: 88.482803 | r:   667.000000 | e:   0.100000 | Q: 199.696671 | won: True 
#  175 | steps: 11660 | steps_t: 5867112 | t: 89.143036 | r:   -27.000000 | e:   0.100000 | Q: 192.563812 | won: False 
#  176 | steps: 11721 | steps_t: 5867172 | t: 89.812023 | r:    15.000000 | e:   0.100000 | Q: 193.118668 | won: False 
#  177 | steps: 11798 | steps_t: 5867248 | t: 90.695713 | r:   749.000000 | e:   0.100000 | Q: 210.956863 | won: True 
#  178 | steps: 11845 | steps_t: 5867294 | t: 91.252431 | r:  -143.000000 | e:   0.100000 | Q: 207.930267 | won: False 
#  179 | steps: 11940 | steps_t: 5867388 | t: 92.396532 | r:    47.000000 | e:   0.100000 | Q: 200.468445 | won: False 
#  180 | steps: 11990 | steps_t: 5867437 | t: 92.963688 | r:    -7.000000 | e:   0.100000 | Q: 202.892136 | won: False 
#  181 | steps: 12003 | steps_t: 5867449 | t: 93.107393 | r:  -402.000000 | e:   0.100000 | Q: 185.694244 | won: False 
#  182 | steps: 12075 | steps_t: 5867520 | t: 93.900587 | r:    95.000000 | e:   0.100000 | Q: 205.027802 | won: False 
#  183 | steps: 12099 | steps_t: 5867543 | t: 94.155242 | r:  -329.000000 | e:   0.100000 | Q: 206.471725 | won: False 
#  184 | steps: 12147 | steps_t: 5867590 | t: 94.679956 | r:  -122.000000 | e:   0.100000 | Q: 196.164215 | won: False 
#  185 | steps: 12209 | steps_t: 5867651 | t: 95.365855 | r:   -41.000000 | e:   0.100000 | Q: 201.855484 | won: False 
#  186 | steps: 12235 | steps_t: 5867676 | t: 95.651217 | r:  -309.000000 | e:   0.100000 | Q: 196.548599 | won: False 
#  187 | steps: 12298 | steps_t: 5867738 | t: 96.349556 | r:   -27.000000 | e:   0.100000 | Q: 201.042328 | won: False 
#  188 | steps: 12370 | steps_t: 5867809 | t: 97.143730 | r:   714.000000 | e:   0.100000 | Q: 203.108017 | won: True 
#  189 | steps: 12431 | steps_t: 5867869 | t: 98.089730 | r:   -58.000000 | e:   0.100000 | Q: 196.315842 | won: False 
#  190 | steps: 12508 | steps_t: 5867945 | t: 98.936996 | r:   709.000000 | e:   0.100000 | Q: 206.925949 | won: True 
#  191 | steps: 12548 | steps_t: 5867984 | t: 99.380752 | r:  -173.000000 | e:   0.100000 | Q: 196.731888 | won: False 
#  192 | steps: 12584 | steps_t: 5868019 | t: 99.782406 | r:  -275.000000 | e:   0.100000 | Q: 213.411850 | won: False 
#  193 | steps: 12671 | steps_t: 5868105 | t: 100.788543 | r:   699.000000 | e:   0.100000 | Q: 203.284607 | won: True 
#  194 | steps: 12700 | steps_t: 5868133 | t: 101.109072 | r:  -239.000000 | e:   0.100000 | Q: 190.070801 | won: False 
#  195 | steps: 12724 | steps_t: 5868156 | t: 101.391526 | r:  -307.000000 | e:   0.100000 | Q: 191.755981 | won: False 
#  196 | steps: 12784 | steps_t: 5868215 | t: 102.119135 | r:   -39.000000 | e:   0.100000 | Q: 208.904480 | won: False 
#  197 | steps: 12837 | steps_t: 5868267 | t: 102.733726 | r:   -22.000000 | e:   0.100000 | Q: 199.934769 | won: False 
#  198 | steps: 12868 | steps_t: 5868297 | t: 103.101475 | r:  -270.000000 | e:   0.100000 | Q: 204.107925 | won: False 
#  199 | steps: 12897 | steps_t: 5868325 | t: 103.429586 | r:  -312.000000 | e:   0.100000 | Q: 197.496719 | won: False 
#  200 | steps: 12989 | steps_t: 5868416 | t: 104.506543 | r:   112.000000 | e:   0.100000 | Q: 209.537155 | won: False 
#  201 | steps: 13014 | steps_t: 5868440 | t: 104.787817 | r:  -279.000000 | e:   0.100000 | Q: 197.592697 | won: False 
#  202 | steps: 13121 | steps_t: 5868546 | t: 106.013339 | r:    68.000000 | e:   0.100000 | Q: 195.612579 | won: False 
#  203 | steps: 13220 | steps_t: 5868644 | t: 107.138164 | r:   687.000000 | e:   0.100000 | Q: 196.137100 | won: True 
#  204 | steps: 13322 | steps_t: 5868745 | t: 108.328979 | r:   -88.000000 | e:   0.100000 | Q: 199.025162 | won: False 
#  205 | steps: 13343 | steps_t: 5868765 | t: 108.551748 | r:  -304.000000 | e:   0.100000 | Q: 198.130981 | won: False 
#  206 | steps: 13374 | steps_t: 5868795 | t: 108.906532 | r:  -241.000000 | e:   0.100000 | Q: 219.722580 | won: False 
#  207 | steps: 13432 | steps_t: 5868852 | t: 109.588099 | r:    25.000000 | e:   0.100000 | Q: 195.252975 | won: False 
#  208 | steps: 13475 | steps_t: 5868894 | t: 110.094086 | r:  -176.000000 | e:   0.100000 | Q: 195.632309 | won: False 
#  209 | steps: 13547 | steps_t: 5868965 | t: 110.930228 | r:    55.000000 | e:   0.100000 | Q: 180.729324 | won: False 
#  210 | steps: 13616 | steps_t: 5869033 | t: 111.747795 | r:   -95.000000 | e:   0.100000 | Q: 182.715988 | won: False 
#  211 | steps: 13703 | steps_t: 5869119 | t: 112.763265 | r:   659.000000 | e:   0.100000 | Q: 203.937393 | won: True 
#  212 | steps: 13795 | steps_t: 5869210 | t: 113.852210 | r:   -56.000000 | e:   0.100000 | Q: 188.479614 | won: False 
#  213 | steps: 13820 | steps_t: 5869234 | t: 114.139421 | r:  -308.000000 | e:   0.100000 | Q: 200.255112 | won: False 
#  214 | steps: 13905 | steps_t: 5869318 | t: 115.127732 | r:   661.000000 | e:   0.100000 | Q: 198.550049 | won: True 
#  215 | steps: 13944 | steps_t: 5869356 | t: 115.560118 | r:  -139.000000 | e:   0.100000 | Q: 215.208725 | won: False 
#  216 | steps: 14052 | steps_t: 5869463 | t: 116.793225 | r:    16.000000 | e:   0.100000 | Q: 181.482391 | won: False 
#  217 | steps: 14081 | steps_t: 5869491 | t: 117.128800 | r:  -261.000000 | e:   0.100000 | Q: 198.564865 | won: False 
#  218 | steps: 14091 | steps_t: 5869500 | t: 117.239825 | r:  -443.000000 | e:   0.100000 | Q: 178.245529 | won: False 
#  219 | steps: 14119 | steps_t: 5869527 | t: 117.563940 | r:  -311.000000 | e:   0.100000 | Q: 192.948151 | won: False 
#  220 | steps: 14185 | steps_t: 5869592 | t: 118.331630 | r:    17.000000 | e:   0.100000 | Q: 206.281342 | won: False 
#  221 | steps: 14235 | steps_t: 5869641 | t: 118.927893 | r:   -11.000000 | e:   0.100000 | Q: 206.820251 | won: False 
#  222 | steps: 14259 | steps_t: 5869664 | t: 119.198945 | r:  -278.000000 | e:   0.100000 | Q: 195.911560 | won: False 
#  223 | steps: 14318 | steps_t: 5869722 | t: 119.896405 | r:   -82.000000 | e:   0.100000 | Q: 191.501755 | won: False 
#  224 | steps: 14401 | steps_t: 5869804 | t: 120.843237 | r:   663.000000 | e:   0.100000 | Q: 196.760651 | won: True 
#  225 | steps: 14489 | steps_t: 5869891 | t: 121.825625 | r:   -30.000000 | e:   0.100000 | Q: 188.430740 | won: False 
#  226 | steps: 14548 | steps_t: 5869949 | t: 122.504783 | r:   -49.000000 | e:   0.100000 | Q: 199.540848 | won: False 
#  227 | steps: 14648 | steps_t: 5870048 | t: 123.704705 | r:   697.000000 | e:   0.100000 | Q: 188.948486 | won: True 
#  228 | steps: 14706 | steps_t: 5870105 | t: 124.390692 | r:    58.000000 | e:   0.100000 | Q: 198.209732 | won: False 
#  229 | steps: 14789 | steps_t: 5870187 | t: 125.383507 | r:    -7.000000 | e:   0.100000 | Q: 195.116318 | won: False 
#  230 | steps: 14905 | steps_t: 5870302 | t: 126.752693 | r:    44.000000 | e:   0.100000 | Q: 191.758621 | won: False 
#  231 | steps: 14996 | steps_t: 5870392 | t: 127.785838 | r:     7.000000 | e:   0.100000 | Q: 180.073517 | won: False 
#  232 | steps: 15028 | steps_t: 5870423 | t: 128.160089 | r:  -293.000000 | e:   0.100000 | Q: 186.789276 | won: False 
#  233 | steps: 15048 | steps_t: 5870442 | t: 128.372483 | r:  -376.000000 | e:   0.100000 | Q: 144.311203 | won: False 
#  234 | steps: 15115 | steps_t: 5870508 | t: 129.122514 | r:  -119.000000 | e:   0.100000 | Q: 186.701691 | won: False 
#  235 | steps: 15219 | steps_t: 5870611 | t: 130.287142 | r:   602.000000 | e:   0.100000 | Q: 199.324142 | won: True 
#  236 | steps: 15256 | steps_t: 5870647 | t: 130.713508 | r:  -148.000000 | e:   0.100000 | Q: 196.430923 | won: False 
#  237 | steps: 15300 | steps_t: 5870690 | t: 131.206617 | r:  -140.000000 | e:   0.100000 | Q: 196.766357 | won: False 
#  238 | steps: 15350 | steps_t: 5870739 | t: 131.742672 | r:   -95.000000 | e:   0.100000 | Q: 213.533783 | won: False 
#  239 | steps: 15439 | steps_t: 5870827 | t: 132.740730 | r:   166.000000 | e:   0.100000 | Q: 204.004791 | won: False 
#  240 | steps: 15489 | steps_t: 5870876 | t: 133.291371 | r:   -11.000000 | e:   0.100000 | Q: 198.631516 | won: False 
#  241 | steps: 15551 | steps_t: 5870937 | t: 133.981193 | r:    -1.000000 | e:   0.100000 | Q: 198.467422 | won: False 
#  242 | steps: 15638 | steps_t: 5871023 | t: 134.957292 | r:   -15.000000 | e:   0.100000 | Q: 210.868057 | won: False 
#  243 | steps: 15717 | steps_t: 5871101 | t: 135.833250 | r:    22.000000 | e:   0.100000 | Q: 200.773346 | won: False 
#  244 | steps: 15800 | steps_t: 5871183 | t: 136.795038 | r:    62.000000 | e:   0.100000 | Q: 196.264679 | won: False 
#  245 | steps: 15891 | steps_t: 5871273 | t: 137.825797 | r:   695.000000 | e:   0.100000 | Q: 197.963379 | won: True 
#  246 | steps: 15921 | steps_t: 5871302 | t: 138.171221 | r:  -258.000000 | e:   0.100000 | Q: 194.212021 | won: False 
#  247 | steps: 16006 | steps_t: 5871386 | t: 139.131351 | r:    68.000000 | e:   0.100000 | Q: 192.363708 | won: False 
#  248 | steps: 16092 | steps_t: 5871471 | t: 140.075334 | r:   700.000000 | e:   0.100000 | Q: 210.126724 | won: True 
#  249 | steps: 16138 | steps_t: 5871516 | t: 140.590860 | r:  -168.000000 | e:   0.100000 | Q: 195.059906 | won: False 
#  250 | steps: 16188 | steps_t: 5871565 | t: 141.136088 | r:   -62.000000 | e:   0.100000 | Q: 183.045990 | won: False 
#  251 | steps: 16206 | steps_t: 5871582 | t: 141.326846 | r:  -385.000000 | e:   0.100000 | Q: 186.148636 | won: False 
#  252 | steps: 16298 | steps_t: 5871673 | t: 142.382138 | r:   705.000000 | e:   0.100000 | Q: 194.362900 | won: True 
#  253 | steps: 16362 | steps_t: 5871736 | t: 143.099505 | r:   -21.000000 | e:   0.100000 | Q: 211.033600 | won: False 
#  254 | steps: 16381 | steps_t: 5871754 | t: 143.311421 | r:  -364.000000 | e:   0.100000 | Q: 199.724915 | won: False 
#  255 | steps: 16461 | steps_t: 5871833 | t: 144.214822 | r:   808.000000 | e:   0.100000 | Q: 217.320724 | won: True 
#  256 | steps: 16490 | steps_t: 5871861 | t: 144.539904 | r:  -363.000000 | e:   0.100000 | Q: 186.528458 | won: False 
#  257 | steps: 16615 | steps_t: 5871985 | t: 145.951933 | r:    46.000000 | e:   0.100000 | Q: 197.721939 | won: False 
#  258 | steps: 16678 | steps_t: 5872047 | t: 146.686363 | r:     9.000000 | e:   0.100000 | Q: 214.204346 | won: False 
#  259 | steps: 16781 | steps_t: 5872149 | t: 147.845026 | r:  -115.000000 | e:   0.100000 | Q: 203.958557 | won: False 
#  260 | steps: 16831 | steps_t: 5872198 | t: 148.457958 | r:   -91.000000 | e:   0.100000 | Q: 188.285233 | won: False 
#  261 | steps: 16848 | steps_t: 5872214 | t: 148.632981 | r:  -395.000000 | e:   0.100000 | Q: 200.042389 | won: False 
#  262 | steps: 16878 | steps_t: 5872243 | t: 148.980548 | r:  -291.000000 | e:   0.100000 | Q: 191.837341 | won: False 
#  263 | steps: 16957 | steps_t: 5872321 | t: 149.847997 | r:   -87.000000 | e:   0.100000 | Q: 193.698410 | won: False 
#  264 | steps: 16991 | steps_t: 5872354 | t: 150.250599 | r:  -280.000000 | e:   0.100000 | Q: 258.954437 | won: False 
#  265 | steps: 17007 | steps_t: 5872369 | t: 150.433707 | r:  -427.000000 | e:   0.100000 | Q: 181.526459 | won: False 
#  266 | steps: 17057 | steps_t: 5872418 | t: 150.992688 | r:   -69.000000 | e:   0.100000 | Q: 195.651199 | won: False 
#  267 | steps: 17128 | steps_t: 5872488 | t: 151.799501 | r:  -233.000000 | e:   0.100000 | Q: 192.724518 | won: False 
#  268 | steps: 17156 | steps_t: 5872515 | t: 152.094798 | r:  -355.000000 | e:   0.100000 | Q: 210.641266 | won: False 
#  269 | steps: 17267 | steps_t: 5872625 | t: 153.349505 | r:   115.000000 | e:   0.100000 | Q: 216.862778 | won: False 
#  270 | steps: 17310 | steps_t: 5872667 | t: 153.841244 | r:  -209.000000 | e:   0.100000 | Q: 206.557190 | won: False 
#  271 | steps: 17390 | steps_t: 5872746 | t: 154.722732 | r:   626.000000 | e:   0.100000 | Q: 189.883469 | won: True 
#  272 | steps: 17462 | steps_t: 5872817 | t: 155.528133 | r:  -146.000000 | e:   0.100000 | Q: 182.964111 | won: False 
#  273 | steps: 17540 | steps_t: 5872894 | t: 156.395029 | r:   748.000000 | e:   0.100000 | Q: 213.366302 | won: True 
#  274 | steps: 17550 | steps_t: 5872903 | t: 156.492542 | r:  -454.000000 | e:   0.100000 | Q: 186.276779 | won: False 
#  275 | steps: 17599 | steps_t: 5872951 | t: 157.026457 | r:  -109.000000 | e:   0.100000 | Q: 195.306458 | won: False 
#  276 | steps: 17675 | steps_t: 5873026 | t: 157.871784 | r:   670.000000 | e:   0.100000 | Q: 199.274704 | won: True 
#  277 | steps: 17764 | steps_t: 5873114 | t: 158.885419 | r:    27.000000 | e:   0.100000 | Q: 204.830887 | won: False 
#  278 | steps: 17873 | steps_t: 5873222 | t: 160.141532 | r:   717.000000 | e:   0.100000 | Q: 209.047791 | won: True 
#  279 | steps: 17930 | steps_t: 5873278 | t: 160.788634 | r:    -7.000000 | e:   0.100000 | Q: 204.771027 | won: False 
#  280 | steps: 18017 | steps_t: 5873364 | t: 161.785099 | r:     0.000000 | e:   0.100000 | Q: 193.328308 | won: False 
#  281 | steps: 18084 | steps_t: 5873430 | t: 162.574564 | r:     9.000000 | e:   0.100000 | Q: 209.387985 | won: False 
#  282 | steps: 18160 | steps_t: 5873505 | t: 163.455085 | r:   -37.000000 | e:   0.100000 | Q: 197.042099 | won: False 
#  283 | steps: 18253 | steps_t: 5873597 | t: 164.549834 | r:   653.000000 | e:   0.100000 | Q: 196.384384 | won: True 
#  284 | steps: 18278 | steps_t: 5873621 | t: 164.833849 | r:  -315.000000 | e:   0.100000 | Q: 240.810257 | won: False 
#  285 | steps: 18374 | steps_t: 5873716 | t: 165.988935 | r:   712.000000 | e:   0.100000 | Q: 192.899704 | won: True 
#  286 | steps: 18455 | steps_t: 5873796 | t: 167.267783 | r:   665.000000 | e:   0.100000 | Q: 200.128082 | won: True 
#  287 | steps: 18487 | steps_t: 5873827 | t: 167.633866 | r:  -286.000000 | e:   0.100000 | Q: 210.140274 | won: False 
#  288 | steps: 18502 | steps_t: 5873841 | t: 167.796564 | r:  -404.000000 | e:   0.100000 | Q: 189.513458 | won: False 
#  289 | steps: 18588 | steps_t: 5873926 | t: 168.841996 | r:   100.000000 | e:   0.100000 | Q: 208.876450 | won: False 
#  290 | steps: 18671 | steps_t: 5874008 | t: 169.834306 | r:   714.000000 | e:   0.100000 | Q: 196.804382 | won: True 
#  291 | steps: 18679 | steps_t: 5874015 | t: 169.921888 | r:  -452.000000 | e:   0.100000 | Q: 183.170135 | won: False 
#  292 | steps: 18728 | steps_t: 5874063 | t: 170.518083 | r:  -116.000000 | e:   0.100000 | Q: 185.888901 | won: False 
#  293 | steps: 18816 | steps_t: 5874150 | t: 171.549010 | r:    98.000000 | e:   0.100000 | Q: 194.781387 | won: False 
#  294 | steps: 18895 | steps_t: 5874228 | t: 172.430725 | r:   707.000000 | e:   0.100000 | Q: 194.050766 | won: True 
#  295 | steps: 18957 | steps_t: 5874289 | t: 173.128741 | r:   -23.000000 | e:   0.100000 | Q: 189.519104 | won: False 
#  296 | steps: 18993 | steps_t: 5874324 | t: 173.524517 | r:  -282.000000 | e:   0.100000 | Q: 247.894867 | won: False 
#  297 | steps: 19106 | steps_t: 5874436 | t: 174.840506 | r:   -26.000000 | e:   0.100000 | Q: 186.971405 | won: False 
#  298 | steps: 19193 | steps_t: 5874522 | t: 175.799541 | r:    48.000000 | e:   0.100000 | Q: 196.217789 | won: False 
#  299 | steps: 19279 | steps_t: 5874607 | t: 176.753657 | r:   711.000000 | e:   0.100000 | Q: 186.019318 | won: True 
#  300 | steps: 19338 | steps_t: 5874665 | t: 177.397674 | r:    46.000000 | e:   0.100000 | Q: 212.966660 | won: False 
#  301 | steps: 19401 | steps_t: 5874727 | t: 178.118134 | r:   -20.000000 | e:   0.100000 | Q: 190.189850 | won: False 
#  302 | steps: 19510 | steps_t: 5874835 | t: 179.368671 | r:   637.000000 | e:   0.100000 | Q: 195.634506 | won: True 
#  303 | steps: 19609 | steps_t: 5874933 | t: 180.503399 | r:   -89.000000 | e:   0.100000 | Q: 205.321945 | won: False 
#  304 | steps: 19659 | steps_t: 5874982 | t: 181.064590 | r:   -18.000000 | e:   0.100000 | Q: 187.772736 | won: False 
#  305 | steps: 19704 | steps_t: 5875026 | t: 181.568237 | r:  -181.000000 | e:   0.100000 | Q: 221.558105 | won: False 
#  306 | steps: 19771 | steps_t: 5875092 | t: 182.345534 | r:   -50.000000 | e:   0.100000 | Q: 211.191925 | won: False 
#  307 | steps: 19832 | steps_t: 5875152 | t: 183.052772 | r:   -76.000000 | e:   0.100000 | Q: 190.199814 | won: False 
#  308 | steps: 19912 | steps_t: 5875231 | t: 183.985992 | r:    11.000000 | e:   0.100000 | Q: 196.776733 | won: False 
#  309 | steps: 20017 | steps_t: 5875335 | t: 185.221470 | r:   692.000000 | e:   0.100000 | Q: 192.544586 | won: True 
#  310 | steps: 20102 | steps_t: 5875419 | t: 186.203887 | r:   -27.000000 | e:   0.100000 | Q: 182.320679 | won: False 
#  311 | steps: 20161 | steps_t: 5875477 | t: 186.873207 | r:    17.000000 | e:   0.100000 | Q: 193.787323 | won: False 
#  312 | steps: 20300 | steps_t: 5875615 | t: 188.477515 | r:   -34.000000 | e:   0.100000 | Q: 195.135361 | won: False 
#  313 | steps: 20380 | steps_t: 5875694 | t: 189.425665 | r:    69.000000 | e:   0.100000 | Q: 200.246094 | won: False 
#  314 | steps: 20484 | steps_t: 5875797 | t: 190.631349 | r:    60.000000 | e:   0.100000 | Q: 203.538589 | won: False 
#  315 | steps: 20515 | steps_t: 5875827 | t: 190.982609 | r:  -259.000000 | e:   0.100000 | Q: 196.957916 | won: False 
#  316 | steps: 20603 | steps_t: 5875914 | t: 191.996806 | r:   -56.000000 | e:   0.100000 | Q: 205.123215 | won: False 
#  317 | steps: 20636 | steps_t: 5875946 | t: 192.368969 | r:  -250.000000 | e:   0.100000 | Q: 195.228271 | won: False 
#  318 | steps: 20662 | steps_t: 5875971 | t: 192.661429 | r:  -331.000000 | e:   0.100000 | Q: 210.414078 | won: False 
#  319 | steps: 20707 | steps_t: 5876015 | t: 193.175361 | r:   -97.000000 | e:   0.100000 | Q: 181.975891 | won: False 
#  320 | steps: 20825 | steps_t: 5876132 | t: 194.501615 | r:   668.000000 | e:   0.100000 | Q: 190.075134 | won: True 
#  321 | steps: 20854 | steps_t: 5876160 | t: 194.818130 | r:  -257.000000 | e:   0.100000 | Q: 195.807922 | won: False 
#  322 | steps: 20977 | steps_t: 5876282 | t: 196.278457 | r:    59.000000 | e:   0.100000 | Q: 210.721176 | won: False 
#  323 | steps: 21019 | steps_t: 5876323 | t: 196.771588 | r:  -149.000000 | e:   0.100000 | Q: 193.393158 | won: False 
#  324 | steps: 21083 | steps_t: 5876386 | t: 197.514601 | r:  -112.000000 | e:   0.100000 | Q: 192.202469 | won: False 
#  325 | steps: 21170 | steps_t: 5876472 | t: 198.515871 | r:   659.000000 | e:   0.100000 | Q: 207.998047 | won: True 
#  326 | steps: 21251 | steps_t: 5876552 | t: 199.446312 | r:   767.000000 | e:   0.100000 | Q: 186.618042 | won: True 
#  327 | steps: 21339 | steps_t: 5876639 | t: 200.464601 | r:   698.000000 | e:   0.100000 | Q: 201.740662 | won: True 
#  328 | steps: 21377 | steps_t: 5876676 | t: 200.891476 | r:  -358.000000 | e:   0.100000 | Q: 211.094925 | won: False 
#  329 | steps: 21437 | steps_t: 5876735 | t: 201.574026 | r:   -87.000000 | e:   0.100000 | Q: 206.739197 | won: False 
#  330 | steps: 21514 | steps_t: 5876811 | t: 202.456975 | r:   680.000000 | e:   0.100000 | Q: 184.128113 | won: True 
#  331 | steps: 21572 | steps_t: 5876868 | t: 203.116924 | r:  -224.000000 | e:   0.100000 | Q: 194.295166 | won: False 
#  332 | steps: 21645 | steps_t: 5876940 | t: 203.953455 | r:   724.000000 | e:   0.100000 | Q: 196.181213 | won: True 
#  333 | steps: 21660 | steps_t: 5876954 | t: 204.107410 | r:  -371.000000 | e:   0.100000 | Q: 183.574600 | won: False 
#  334 | steps: 21711 | steps_t: 5877004 | t: 204.715782 | r:  -125.000000 | e:   0.100000 | Q: 198.872879 | won: False 
#  335 | steps: 21804 | steps_t: 5877096 | t: 205.794657 | r:   -61.000000 | e:   0.100000 | Q: 193.138824 | won: False 
#  336 | steps: 21834 | steps_t: 5877125 | t: 206.117283 | r:  -229.000000 | e:   0.100000 | Q: 191.293533 | won: False 
#  337 | steps: 21912 | steps_t: 5877202 | t: 207.030900 | r:   708.000000 | e:   0.100000 | Q: 188.857956 | won: True 
#  338 | steps: 21941 | steps_t: 5877230 | t: 207.367069 | r:  -279.000000 | e:   0.100000 | Q: 189.125885 | won: False 
#  339 | steps: 21975 | steps_t: 5877263 | t: 207.771915 | r:  -273.000000 | e:   0.100000 | Q: 193.754196 | won: False 
#  340 | steps: 22029 | steps_t: 5877316 | t: 208.407401 | r:   -22.000000 | e:   0.100000 | Q: 198.047104 | won: False 
#  341 | steps: 22058 | steps_t: 5877344 | t: 208.739745 | r:  -312.000000 | e:   0.100000 | Q: 182.052856 | won: False 
#  342 | steps: 22145 | steps_t: 5877430 | t: 209.730532 | r:   648.000000 | e:   0.100000 | Q: 200.082138 | won: True 
#  343 | steps: 22175 | steps_t: 5877459 | t: 210.065881 | r:  -313.000000 | e:   0.100000 | Q: 199.714951 | won: False 
#  344 | steps: 22208 | steps_t: 5877491 | t: 210.437387 | r:  -177.000000 | e:   0.100000 | Q: 201.410431 | won: False 
#  345 | steps: 22251 | steps_t: 5877533 | t: 210.927855 | r:   -99.000000 | e:   0.100000 | Q: 198.173737 | won: False 
#  346 | steps: 22313 | steps_t: 5877594 | t: 211.637615 | r:    17.000000 | e:   0.100000 | Q: 202.217224 | won: False 
#  347 | steps: 22373 | steps_t: 5877653 | t: 212.294714 | r:   -72.000000 | e:   0.100000 | Q: 195.641861 | won: False 
#  348 | steps: 22432 | steps_t: 5877711 | t: 212.954715 | r:  -115.000000 | e:   0.100000 | Q: 228.065903 | won: False 
#  349 | steps: 22511 | steps_t: 5877789 | t: 213.859401 | r:   143.000000 | e:   0.100000 | Q: 210.674454 | won: False 
#  350 | steps: 22555 | steps_t: 5877832 | t: 214.350198 | r:  -111.000000 | e:   0.100000 | Q: 198.476425 | won: False 
#  351 | steps: 22644 | steps_t: 5877920 | t: 215.367671 | r:     5.000000 | e:   0.100000 | Q: 197.258667 | won: False 
#  352 | steps: 22725 | steps_t: 5878000 | t: 216.286949 | r:   745.000000 | e:   0.100000 | Q: 205.144119 | won: True 
#  353 | steps: 22750 | steps_t: 5878024 | t: 216.540040 | r:  -330.000000 | e:   0.100000 | Q: 189.426849 | won: False 
#  354 | steps: 22771 | steps_t: 5878044 | t: 216.784574 | r:  -275.000000 | e:   0.100000 | Q: 198.079254 | won: False 
#  355 | steps: 22881 | steps_t: 5878153 | t: 218.042743 | r:   -30.000000 | e:   0.100000 | Q: 173.847809 | won: False 
#  356 | steps: 22959 | steps_t: 5878230 | t: 218.937392 | r:   697.000000 | e:   0.100000 | Q: 210.682907 | won: True 
#  357 | steps: 23008 | steps_t: 5878278 | t: 219.523897 | r:  -127.000000 | e:   0.100000 | Q: 201.273331 | won: False 
#  358 | steps: 23115 | steps_t: 5878384 | t: 220.795859 | r:  -104.000000 | e:   0.100000 | Q: 185.789017 | won: False 
#  359 | steps: 23181 | steps_t: 5878449 | t: 221.542881 | r:    79.000000 | e:   0.100000 | Q: 204.126007 | won: False 
#  360 | steps: 23242 | steps_t: 5878509 | t: 222.261282 | r:     0.000000 | e:   0.100000 | Q: 186.291611 | won: False 
#  361 | steps: 23311 | steps_t: 5878577 | t: 223.090187 | r:   -99.000000 | e:   0.100000 | Q: 194.274597 | won: False 
#  362 | steps: 23324 | steps_t: 5878589 | t: 223.232362 | r:  -424.000000 | e:   0.100000 | Q: 180.845413 | won: False 
#  363 | steps: 23441 | steps_t: 5878705 | t: 224.587541 | r:    69.000000 | e:   0.100000 | Q: 194.042587 | won: False 
#  364 | steps: 23502 | steps_t: 5878765 | t: 225.285629 | r:   -11.000000 | e:   0.100000 | Q: 191.550735 | won: False 
#  365 | steps: 23520 | steps_t: 5878782 | t: 225.484606 | r:  -374.000000 | e:   0.100000 | Q: 171.309387 | won: False 
#  366 | steps: 23601 | steps_t: 5878862 | t: 226.379751 | r:    61.000000 | e:   0.100000 | Q: 184.584457 | won: False 
#  367 | steps: 23671 | steps_t: 5878931 | t: 227.162635 | r:  -118.000000 | e:   0.100000 | Q: 195.509033 | won: False 
#  368 | steps: 23748 | steps_t: 5879007 | t: 228.058599 | r:   658.000000 | e:   0.100000 | Q: 198.086121 | won: True 
#  369 | steps: 23774 | steps_t: 5879032 | t: 228.335846 | r:  -258.000000 | e:   0.100000 | Q: 196.316467 | won: False 
#  370 | steps: 23797 | steps_t: 5879054 | t: 228.589037 | r:  -328.000000 | e:   0.100000 | Q: 194.760376 | won: False 
#  371 | steps: 23866 | steps_t: 5879122 | t: 229.360390 | r:  -176.000000 | e:   0.100000 | Q: 196.634903 | won: False 
#  372 | steps: 23902 | steps_t: 5879157 | t: 229.751412 | r:  -169.000000 | e:   0.100000 | Q: 196.339798 | won: False 
#  373 | steps: 23942 | steps_t: 5879196 | t: 230.192272 | r:  -114.000000 | e:   0.100000 | Q: 196.569214 | won: False 
#  374 | steps: 23984 | steps_t: 5879237 | t: 230.667830 | r:  -116.000000 | e:   0.100000 | Q: 194.637741 | won: False 
#  375 | steps: 24061 | steps_t: 5879313 | t: 231.515181 | r:   760.000000 | e:   0.100000 | Q: 201.246155 | won: True 
#  376 | steps: 24162 | steps_t: 5879413 | t: 232.617336 | r:   -76.000000 | e:   0.100000 | Q: 198.785904 | won: False 
#  377 | steps: 24238 | steps_t: 5879488 | t: 233.457670 | r:    62.000000 | e:   0.100000 | Q: 192.599701 | won: False 
#  378 | steps: 24290 | steps_t: 5879539 | t: 234.024117 | r:   -86.000000 | e:   0.100000 | Q: 188.692490 | won: False 
#  379 | steps: 24367 | steps_t: 5879615 | t: 234.872992 | r:   789.000000 | e:   0.100000 | Q: 216.880783 | won: True 
#  380 | steps: 24460 | steps_t: 5879707 | t: 235.891342 | r:    16.000000 | e:   0.100000 | Q: 219.118698 | won: False 
#  381 | steps: 24531 | steps_t: 5879777 | t: 236.679805 | r:   766.000000 | e:   0.100000 | Q: 195.916122 | won: True 
#  382 | steps: 24606 | steps_t: 5879851 | t: 237.495989 | r:    41.000000 | e:   0.100000 | Q: 195.737396 | won: False 
#  383 | steps: 24644 | steps_t: 5879888 | t: 237.908973 | r:  -211.000000 | e:   0.100000 | Q: 182.119003 | won: False 
#  384 | steps: 24746 | steps_t: 5879989 | t: 239.037842 | r:   684.000000 | e:   0.100000 | Q: 201.535355 | won: True 
#  385 | steps: 24847 | steps_t: 5880089 | t: 240.147632 | r:   696.000000 | e:   0.100000 | Q: 191.668930 | won: True 
#  386 | steps: 24872 | steps_t: 5880113 | t: 240.413278 | r:  -330.000000 | e:   0.100000 | Q: 212.600830 | won: False 
#  387 | steps: 24983 | steps_t: 5880223 | t: 241.651783 | r:   675.000000 | e:   0.100000 | Q: 196.094727 | won: True 
#  388 | steps: 25070 | steps_t: 5880309 | t: 242.617561 | r:   750.000000 | e:   0.100000 | Q: 203.658997 | won: True 
#  389 | steps: 25097 | steps_t: 5880335 | t: 242.926874 | r:  -284.000000 | e:   0.100000 | Q: 200.334564 | won: False 
#  390 | steps: 25157 | steps_t: 5880394 | t: 243.619575 | r:  -138.000000 | e:   0.100000 | Q: 199.487152 | won: False 
#  391 | steps: 25213 | steps_t: 5880449 | t: 244.255297 | r:   -17.000000 | e:   0.100000 | Q: 199.191696 | won: False 
#  392 | steps: 25234 | steps_t: 5880469 | t: 244.495336 | r:  -282.000000 | e:   0.100000 | Q: 193.874756 | won: False 
#  393 | steps: 25290 | steps_t: 5880524 | t: 245.134874 | r:    -6.000000 | e:   0.100000 | Q: 191.386993 | won: False 
#  394 | steps: 25333 | steps_t: 5880566 | t: 245.622612 | r:  -165.000000 | e:   0.100000 | Q: 196.855927 | won: False 
#  395 | steps: 25430 | steps_t: 5880662 | t: 246.697036 | r:   -72.000000 | e:   0.100000 | Q: 188.293457 | won: False 
#  396 | steps: 25479 | steps_t: 5880710 | t: 247.240924 | r:  -116.000000 | e:   0.100000 | Q: 193.125549 | won: False 
#  397 | steps: 25589 | steps_t: 5880819 | t: 248.488360 | r:  -202.000000 | e:   0.100000 | Q: 185.434891 | won: False 
#  398 | steps: 25676 | steps_t: 5880905 | t: 249.465203 | r:    88.000000 | e:   0.100000 | Q: 179.303360 | won: False 
#  399 | steps: 25701 | steps_t: 5880929 | t: 249.726931 | r:  -279.000000 | e:   0.100000 | Q: 193.729675 | won: False 
#  400 | steps: 25758 | steps_t: 5880985 | t: 250.370538 | r:    15.000000 | e:   0.100000 | Q: 200.871201 | won: False 
#  401 | steps: 25849 | steps_t: 5881075 | t: 251.388272 | r:   655.000000 | e:   0.100000 | Q: 203.764740 | won: True 
#  402 | steps: 25863 | steps_t: 5881088 | t: 251.957414 | r:  -381.000000 | e:   0.100000 | Q: 186.429001 | won: False 
#  403 | steps: 25887 | steps_t: 5881111 | t: 252.211821 | r:  -344.000000 | e:   0.100000 | Q: 201.754044 | won: False 
#  404 | steps: 25926 | steps_t: 5881149 | t: 252.646676 | r:  -161.000000 | e:   0.100000 | Q: 236.382751 | won: False 
#  405 | steps: 26014 | steps_t: 5881236 | t: 253.627537 | r:   749.000000 | e:   0.100000 | Q: 207.215607 | won: True 
#  406 | steps: 26080 | steps_t: 5881301 | t: 254.342121 | r:  -100.000000 | e:   0.100000 | Q: 207.831558 | won: False 
#  407 | steps: 26157 | steps_t: 5881377 | t: 255.190604 | r:   709.000000 | e:   0.100000 | Q: 219.517685 | won: True 
#  408 | steps: 26185 | steps_t: 5881404 | t: 255.493025 | r:  -285.000000 | e:   0.100000 | Q: 196.416779 | won: False 
#  409 | steps: 26207 | steps_t: 5881425 | t: 255.731699 | r:  -316.000000 | e:   0.100000 | Q: 191.217545 | won: False 
#  410 | steps: 26271 | steps_t: 5881488 | t: 256.438107 | r:     1.000000 | e:   0.100000 | Q: 195.523743 | won: False 
#  411 | steps: 26323 | steps_t: 5881539 | t: 257.005088 | r:  -104.000000 | e:   0.100000 | Q: 198.352112 | won: False 
#  412 | steps: 26436 | steps_t: 5881651 | t: 258.263688 | r:   -52.000000 | e:   0.100000 | Q: 198.903564 | won: False 
#  413 | steps: 26507 | steps_t: 5881721 | t: 259.061573 | r:    -6.000000 | e:   0.100000 | Q: 199.361481 | won: False 
#  414 | steps: 26589 | steps_t: 5881802 | t: 260.016547 | r:   664.000000 | e:   0.100000 | Q: 203.307419 | won: True 
#  415 | steps: 26656 | steps_t: 5881868 | t: 260.755770 | r:  -115.000000 | e:   0.100000 | Q: 198.938004 | won: False 
#  416 | steps: 26718 | steps_t: 5881929 | t: 261.448651 | r:   -85.000000 | e:   0.100000 | Q: 207.056076 | won: False 
#  417 | steps: 26820 | steps_t: 5882030 | t: 262.582268 | r:    22.000000 | e:   0.100000 | Q: 194.925964 | won: False 
#  418 | steps: 26882 | steps_t: 5882091 | t: 263.253874 | r:  -103.000000 | e:   0.100000 | Q: 195.478775 | won: False 
#  419 | steps: 26970 | steps_t: 5882178 | t: 264.238379 | r:    17.000000 | e:   0.100000 | Q: 215.313232 | won: False 
#  420 | steps: 27046 | steps_t: 5882253 | t: 265.115175 | r:   102.000000 | e:   0.100000 | Q: 204.674850 | won: False 
#  421 | steps: 27077 | steps_t: 5882283 | t: 265.471886 | r:  -270.000000 | e:   0.100000 | Q: 197.265976 | won: False 
#  422 | steps: 27156 | steps_t: 5882361 | t: 266.384221 | r:  -116.000000 | e:   0.100000 | Q: 190.025208 | won: False 
#  423 | steps: 27202 | steps_t: 5882406 | t: 266.902701 | r:   -98.000000 | e:   0.100000 | Q: 198.949539 | won: False 
#  424 | steps: 27243 | steps_t: 5882446 | t: 267.359279 | r:  -119.000000 | e:   0.100000 | Q: 205.629013 | won: False 
#  425 | steps: 27341 | steps_t: 5882543 | t: 268.467563 | r:   659.000000 | e:   0.100000 | Q: 186.601547 | won: True 
#  426 | steps: 27385 | steps_t: 5882586 | t: 268.972327 | r:   -82.000000 | e:   0.100000 | Q: 208.563583 | won: False 
#  427 | steps: 27466 | steps_t: 5882666 | t: 269.916497 | r:   705.000000 | e:   0.100000 | Q: 204.137482 | won: True 
#  428 | steps: 27531 | steps_t: 5882730 | t: 270.682320 | r:    47.000000 | e:   0.100000 | Q: 207.144196 | won: False 
#  429 | steps: 27618 | steps_t: 5882816 | t: 271.669632 | r:    77.000000 | e:   0.100000 | Q: 196.052246 | won: False 
#  430 | steps: 27642 | steps_t: 5882839 | t: 271.938853 | r:  -329.000000 | e:   0.100000 | Q: 201.909317 | won: False 
#  431 | steps: 27709 | steps_t: 5882905 | t: 272.707652 | r:    -2.000000 | e:   0.100000 | Q: 191.725235 | won: False 
#  432 | steps: 27790 | steps_t: 5882985 | t: 273.604253 | r:   807.000000 | e:   0.100000 | Q: 189.713745 | won: True 
#  433 | steps: 27840 | steps_t: 5883034 | t: 274.158616 | r:  -150.000000 | e:   0.100000 | Q: 208.261871 | won: False 
#  434 | steps: 27905 | steps_t: 5883098 | t: 274.891080 | r:   -15.000000 | e:   0.100000 | Q: 204.727570 | won: False 
#  435 | steps: 27917 | steps_t: 5883109 | t: 275.003897 | r:  -434.000000 | e:   0.100000 | Q: 183.493057 | won: False 
#  436 | steps: 27980 | steps_t: 5883171 | t: 275.709042 | r:   -20.000000 | e:   0.100000 | Q: 257.826569 | won: False 
#  437 | steps: 28004 | steps_t: 5883194 | t: 275.964291 | r:  -307.000000 | e:   0.100000 | Q: 208.084244 | won: False 
#  438 | steps: 28086 | steps_t: 5883275 | t: 276.904534 | r:   755.000000 | e:   0.100000 | Q: 207.340500 | won: True 
#  439 | steps: 28174 | steps_t: 5883362 | t: 277.942781 | r:   138.000000 | e:   0.100000 | Q: 201.542847 | won: False 
#  440 | steps: 28237 | steps_t: 5883424 | t: 278.668593 | r:    13.000000 | e:   0.100000 | Q: 197.302841 | won: False 
#  441 | steps: 28319 | steps_t: 5883505 | t: 279.637678 | r:   -24.000000 | e:   0.100000 | Q: 196.490341 | won: False 
#  442 | steps: 28410 | steps_t: 5883595 | t: 280.649129 | r:    33.000000 | e:   0.100000 | Q: 191.095383 | won: False 
#  443 | steps: 28459 | steps_t: 5883643 | t: 281.210940 | r:   -50.000000 | e:   0.100000 | Q: 206.825195 | won: False 
#  444 | steps: 28548 | steps_t: 5883731 | t: 282.205311 | r:   -24.000000 | e:   0.100000 | Q: 205.144913 | won: False 
#  445 | steps: 28572 | steps_t: 5883754 | t: 282.489797 | r:  -329.000000 | e:   0.100000 | Q: 201.614960 | won: False 
#  446 | steps: 28626 | steps_t: 5883807 | t: 283.071841 | r:    36.000000 | e:   0.100000 | Q: 199.296112 | won: False 
#  447 | steps: 28697 | steps_t: 5883877 | t: 283.878635 | r:    23.000000 | e:   0.100000 | Q: 207.055405 | won: False 
#  448 | steps: 28783 | steps_t: 5883962 | t: 284.845775 | r:   660.000000 | e:   0.100000 | Q: 196.907715 | won: True 
#  449 | steps: 28797 | steps_t: 5883975 | t: 284.990590 | r:  -403.000000 | e:   0.100000 | Q: 183.111389 | won: False 
#  450 | steps: 28836 | steps_t: 5884013 | t: 285.451696 | r:  -234.000000 | e:   0.100000 | Q: 242.428925 | won: False 
#  451 | steps: 28855 | steps_t: 5884031 | t: 285.681817 | r:  -335.000000 | e:   0.100000 | Q: 191.093811 | won: False 
#  452 | steps: 28909 | steps_t: 5884084 | t: 286.288948 | r:   -95.000000 | e:   0.100000 | Q: 197.938065 | won: False 
#  453 | steps: 28999 | steps_t: 5884173 | t: 287.339900 | r:   -36.000000 | e:   0.100000 | Q: 194.048965 | won: False 
#  454 | steps: 29085 | steps_t: 5884258 | t: 288.316734 | r:   711.000000 | e:   0.100000 | Q: 199.614502 | won: True 
#  455 | steps: 29133 | steps_t: 5884305 | t: 288.851263 | r:  -126.000000 | e:   0.100000 | Q: 234.435333 | won: False 
#  456 | steps: 29144 | steps_t: 5884315 | t: 288.967225 | r:  -444.000000 | e:   0.100000 | Q: 190.724228 | won: False 
#  457 | steps: 29225 | steps_t: 5884395 | t: 289.868645 | r:   694.000000 | e:   0.100000 | Q: 218.961792 | won: True 
#  458 | steps: 29290 | steps_t: 5884459 | t: 290.601381 | r:   -59.000000 | e:   0.100000 | Q: 192.019989 | won: False 
#  459 | steps: 29311 | steps_t: 5884479 | t: 290.821604 | r:  -315.000000 | e:   0.100000 | Q: 199.762558 | won: False 
#  460 | steps: 29381 | steps_t: 5884548 | t: 291.604375 | r:   -20.000000 | e:   0.100000 | Q: 203.397247 | won: False 
#  461 | steps: 29452 | steps_t: 5884618 | t: 292.433799 | r:    42.000000 | e:   0.100000 | Q: 184.450562 | won: False 
#  462 | steps: 29510 | steps_t: 5884675 | t: 293.108414 | r:    32.000000 | e:   0.100000 | Q: 201.668915 | won: False 
#  463 | steps: 29588 | steps_t: 5884752 | t: 294.019210 | r:   137.000000 | e:   0.100000 | Q: 203.293716 | won: False 
#  464 | steps: 29645 | steps_t: 5884808 | t: 294.666828 | r:   -25.000000 | e:   0.100000 | Q: 198.996689 | won: False 
#  465 | steps: 29736 | steps_t: 5884898 | t: 295.771929 | r:   -88.000000 | e:   0.100000 | Q: 209.933197 | won: False 
#  466 | steps: 29811 | steps_t: 5884972 | t: 296.619825 | r:    27.000000 | e:   0.100000 | Q: 208.237732 | won: False 
#  467 | steps: 29902 | steps_t: 5885062 | t: 297.659817 | r:    33.000000 | e:   0.100000 | Q: 200.923859 | won: False 
#  468 | steps: 29981 | steps_t: 5885140 | t: 298.579498 | r:   758.000000 | e:   0.100000 | Q: 202.127625 | won: True 
#  469 | steps: 30023 | steps_t: 5885181 | t: 299.064358 | r:  -219.000000 | e:   0.100000 | Q: 200.393387 | won: False 
#  470 | steps: 30096 | steps_t: 5885253 | t: 299.922285 | r:   753.000000 | e:   0.100000 | Q: 195.370300 | won: True 
#  471 | steps: 30149 | steps_t: 5885305 | t: 300.499992 | r:  -127.000000 | e:   0.100000 | Q: 191.353806 | won: False 
#  472 | steps: 30201 | steps_t: 5885356 | t: 301.082417 | r:   -82.000000 | e:   0.100000 | Q: 191.250305 | won: False 
#  473 | steps: 30282 | steps_t: 5885436 | t: 302.031663 | r:   767.000000 | e:   0.100000 | Q: 191.966415 | won: True 
#  474 | steps: 30377 | steps_t: 5885530 | t: 303.099041 | r:    40.000000 | e:   0.100000 | Q: 193.041168 | won: False 
#  475 | steps: 30443 | steps_t: 5885595 | t: 303.866982 | r:   -96.000000 | e:   0.100000 | Q: 197.842422 | won: False 
#  476 | steps: 30524 | steps_t: 5885675 | t: 304.794119 | r:   716.000000 | e:   0.100000 | Q: 187.757507 | won: True 
#  477 | steps: 30557 | steps_t: 5885707 | t: 305.173102 | r:  -155.000000 | e:   0.100000 | Q: 215.429550 | won: False 
#  478 | steps: 30584 | steps_t: 5885733 | t: 305.478063 | r:  -299.000000 | e:   0.100000 | Q: 197.514435 | won: False 
#  479 | steps: 30653 | steps_t: 5885801 | t: 306.268626 | r:  -106.000000 | e:   0.100000 | Q: 187.474670 | won: False 
#  480 | steps: 30686 | steps_t: 5885833 | t: 306.642042 | r:  -239.000000 | e:   0.100000 | Q: 195.742920 | won: False 
#  481 | steps: 30728 | steps_t: 5885874 | t: 307.121530 | r:   -51.000000 | e:   0.100000 | Q: 195.499481 | won: False 
#  482 | steps: 30762 | steps_t: 5885907 | t: 307.501735 | r:  -284.000000 | e:   0.100000 | Q: 178.755844 | won: False 
#  483 | steps: 30784 | steps_t: 5885928 | t: 307.736368 | r:  -327.000000 | e:   0.100000 | Q: 192.854172 | won: False 
#  484 | steps: 30813 | steps_t: 5885956 | t: 308.055813 | r:  -275.000000 | e:   0.100000 | Q: 182.331299 | won: False 
#  485 | steps: 30822 | steps_t: 5885964 | t: 308.150897 | r:  -442.000000 | e:   0.100000 | Q: 177.742432 | won: False 
#  486 | steps: 30912 | steps_t: 5886053 | t: 309.179598 | r:    37.000000 | e:   0.100000 | Q: 193.270859 | won: False 
#  487 | steps: 30952 | steps_t: 5886092 | t: 309.618063 | r:  -213.000000 | e:   0.100000 | Q: 189.501312 | won: False 
#  488 | steps: 31000 | steps_t: 5886139 | t: 310.145607 | r:  -122.000000 | e:   0.100000 | Q: 192.267487 | won: False 
#  489 | steps: 31074 | steps_t: 5886212 | t: 310.982319 | r:   112.000000 | e:   0.100000 | Q: 194.793121 | won: False 
#  490 | steps: 31150 | steps_t: 5886287 | t: 311.847810 | r:   670.000000 | e:   0.100000 | Q: 190.083954 | won: True 
#  491 | steps: 31287 | steps_t: 5886423 | t: 313.409504 | r:   -50.000000 | e:   0.100000 | Q: 209.996933 | won: False 
#  492 | steps: 31376 | steps_t: 5886511 | t: 314.406173 | r:    35.000000 | e:   0.100000 | Q: 197.479706 | won: False 
#  493 | steps: 31448 | steps_t: 5886582 | t: 315.206587 | r:  -139.000000 | e:   0.100000 | Q: 198.962006 | won: False 
#  494 | steps: 31490 | steps_t: 5886623 | t: 315.665735 | r:  -248.000000 | e:   0.100000 | Q: 205.825928 | won: False 
#  495 | steps: 31529 | steps_t: 5886661 | t: 316.102810 | r:  -161.000000 | e:   0.100000 | Q: 199.535477 | won: False 
#  496 | steps: 31561 | steps_t: 5886692 | t: 316.448004 | r:  -264.000000 | e:   0.100000 | Q: 213.096024 | won: False 
#  497 | steps: 31624 | steps_t: 5886754 | t: 317.163704 | r:   -13.000000 | e:   0.100000 | Q: 227.107040 | won: False 
#  498 | steps: 31645 | steps_t: 5886774 | t: 317.397370 | r:  -315.000000 | e:   0.100000 | Q: 191.126938 | won: False 
#  499 | steps: 31666 | steps_t: 5886794 | t: 317.646146 | r:  -304.000000 | e:   0.100000 | Q: 194.584030 | won: False 
#  500 | steps: 31722 | steps_t: 5886849 | t: 318.304325 | r:    16.000000 | e:   0.100000 | Q: 205.089157 | won: False 
#  501 | steps: 31733 | steps_t: 5886859 | t: 318.421789 | r:  -433.000000 | e:   0.100000 | Q: 168.834564 | won: False 
#  502 | steps: 31784 | steps_t: 5886909 | t: 319.022420 | r:  -107.000000 | e:   0.100000 | Q: 202.788193 | won: False 
#  503 | steps: 31811 | steps_t: 5886935 | t: 319.340315 | r:  -270.000000 | e:   0.100000 | Q: 206.309662 | won: False 
#  504 | steps: 31866 | steps_t: 5886989 | t: 319.976331 | r:   -23.000000 | e:   0.100000 | Q: 198.044083 | won: False 
#  505 | steps: 31875 | steps_t: 5886997 | t: 320.070308 | r:  -453.000000 | e:   0.100000 | Q: 183.798370 | won: False 
#  506 | steps: 31964 | steps_t: 5887085 | t: 321.127866 | r:   697.000000 | e:   0.100000 | Q: 200.718506 | won: True 
#  507 | steps: 31984 | steps_t: 5887104 | t: 321.351246 | r:  -387.000000 | e:   0.100000 | Q: 192.987152 | won: False 
#  508 | steps: 32046 | steps_t: 5887165 | t: 322.083967 | r:  -121.000000 | e:   0.100000 | Q: 183.667068 | won: False 
#  509 | steps: 32133 | steps_t: 5887251 | t: 323.131038 | r:    84.000000 | e:   0.100000 | Q: 217.799408 | won: False 
#  510 | steps: 32210 | steps_t: 5887327 | t: 323.993532 | r:    76.000000 | e:   0.100000 | Q: 195.684891 | won: False 
#  511 | steps: 32236 | steps_t: 5887352 | t: 324.263077 | r:  -309.000000 | e:   0.100000 | Q: 203.267258 | won: False 
#  512 | steps: 32277 | steps_t: 5887392 | t: 324.720071 | r:  -130.000000 | e:   0.100000 | Q: 205.290298 | won: False 
#  513 | steps: 32337 | steps_t: 5887451 | t: 325.379844 | r:   -46.000000 | e:   0.100000 | Q: 199.156189 | won: False 
#  514 | steps: 32398 | steps_t: 5887511 | t: 326.055350 | r:   -18.000000 | e:   0.100000 | Q: 218.989182 | won: False 
#  515 | steps: 32449 | steps_t: 5887561 | t: 326.621027 | r:  -114.000000 | e:   0.100000 | Q: 211.353088 | won: False 
#  516 | steps: 32528 | steps_t: 5887639 | t: 327.503391 | r:   747.000000 | e:   0.100000 | Q: 203.793732 | won: True 
#  517 | steps: 32568 | steps_t: 5887678 | t: 327.944050 | r:  -151.000000 | e:   0.100000 | Q: 207.926834 | won: False 
#  518 | steps: 32591 | steps_t: 5887700 | t: 328.198338 | r:  -306.000000 | e:   0.100000 | Q: 195.276749 | won: False 
#  519 | steps: 32638 | steps_t: 5887746 | t: 328.706315 | r:  -147.000000 | e:   0.100000 | Q: 194.813339 | won: False 
#  520 | steps: 32666 | steps_t: 5887773 | t: 329.026343 | r:  -282.000000 | e:   0.100000 | Q: 198.641968 | won: False 
#  521 | steps: 32748 | steps_t: 5887854 | t: 329.937896 | r:   122.000000 | e:   0.100000 | Q: 195.440414 | won: False 
#  522 | steps: 32822 | steps_t: 5887927 | t: 330.751458 | r:   672.000000 | e:   0.100000 | Q: 199.051682 | won: True 
#  523 | steps: 32858 | steps_t: 5887962 | t: 331.145670 | r:  -183.000000 | e:   0.100000 | Q: 246.282974 | won: False 
#  524 | steps: 32938 | steps_t: 5888041 | t: 332.040028 | r:    91.000000 | e:   0.100000 | Q: 199.154633 | won: False 
#  525 | steps: 33015 | steps_t: 5888117 | t: 332.897153 | r:   709.000000 | e:   0.100000 | Q: 197.118088 | won: True 
#  526 | steps: 33126 | steps_t: 5888227 | t: 334.147259 | r:   -53.000000 | e:   0.100000 | Q: 187.125854 | won: False 
#  527 | steps: 33148 | steps_t: 5888248 | t: 334.395703 | r:  -316.000000 | e:   0.100000 | Q: 202.039795 | won: False 
#  528 | steps: 33196 | steps_t: 5888295 | t: 334.969790 | r:  -104.000000 | e:   0.100000 | Q: 192.005447 | won: False 
#  529 | steps: 33242 | steps_t: 5888340 | t: 335.480527 | r:  -120.000000 | e:   0.100000 | Q: 193.419205 | won: False 
#  530 | steps: 33282 | steps_t: 5888379 | t: 335.928433 | r:  -213.000000 | e:   0.100000 | Q: 202.027634 | won: False 
#  531 | steps: 33336 | steps_t: 5888432 | t: 336.529963 | r:   -77.000000 | e:   0.100000 | Q: 198.828964 | won: False 
#  532 | steps: 33367 | steps_t: 5888462 | t: 336.880344 | r:  -219.000000 | e:   0.100000 | Q: 211.436859 | won: False 
#  533 | steps: 33460 | steps_t: 5888554 | t: 337.912857 | r:   733.000000 | e:   0.100000 | Q: 179.074158 | won: True 
#  534 | steps: 33546 | steps_t: 5888639 | t: 338.900617 | r:    89.000000 | e:   0.100000 | Q: 203.439377 | won: False 
#  535 | steps: 33643 | steps_t: 5888735 | t: 339.996719 | r:     1.000000 | e:   0.100000 | Q: 196.738892 | won: False 
#  536 | steps: 33712 | steps_t: 5888803 | t: 340.752529 | r:    29.000000 | e:   0.100000 | Q: 194.435242 | won: False 
#  537 | steps: 33858 | steps_t: 5888948 | t: 342.369454 | r:    14.000000 | e:   0.100000 | Q: 207.046463 | won: False 
#  538 | steps: 33948 | steps_t: 5889037 | t: 343.372582 | r:   645.000000 | e:   0.100000 | Q: 197.969711 | won: True 
#  539 | steps: 34017 | steps_t: 5889105 | t: 344.137387 | r:   -70.000000 | e:   0.100000 | Q: 204.825729 | won: False 
#  540 | steps: 34140 | steps_t: 5889227 | t: 345.485545 | r:    12.000000 | e:   0.100000 | Q: 198.311661 | won: False 
#  541 | steps: 34213 | steps_t: 5889299 | t: 346.313029 | r:   713.000000 | e:   0.100000 | Q: 200.270004 | won: True 
#  542 | steps: 34274 | steps_t: 5889359 | t: 347.000163 | r:    11.000000 | e:   0.100000 | Q: 213.405350 | won: False 
#  543 | steps: 34307 | steps_t: 5889391 | t: 347.369154 | r:  -367.000000 | e:   0.100000 | Q: 181.898834 | won: False 
#  544 | steps: 34365 | steps_t: 5889448 | t: 348.012209 | r:   -81.000000 | e:   0.100000 | Q: 211.817795 | won: False 
#  545 | steps: 34441 | steps_t: 5889523 | t: 348.855418 | r:    73.000000 | e:   0.100000 | Q: 200.827301 | won: False 
#  546 | steps: 34465 | steps_t: 5889546 | t: 349.108601 | r:  -325.000000 | e:   0.100000 | Q: 183.339233 | won: False 
#  547 | steps: 34473 | steps_t: 5889553 | t: 349.195135 | r:  -452.000000 | e:   0.100000 | Q: 185.436188 | won: False 
#  548 | steps: 34536 | steps_t: 5889615 | t: 349.891082 | r:     2.000000 | e:   0.100000 | Q: 202.818146 | won: False 
#  549 | steps: 34581 | steps_t: 5889659 | t: 350.378867 | r:  -101.000000 | e:   0.100000 | Q: 195.267303 | won: False 
#  550 | steps: 34686 | steps_t: 5889763 | t: 351.548237 | r:   -73.000000 | e:   0.100000 | Q: 201.067490 | won: False 
#  551 | steps: 34707 | steps_t: 5889783 | t: 351.782805 | r:  -286.000000 | e:   0.100000 | Q: 215.358643 | won: False 
#  552 | steps: 34756 | steps_t: 5889831 | t: 352.336932 | r:   -50.000000 | e:   0.100000 | Q: 212.285721 | won: False 
#  553 | steps: 34853 | steps_t: 5889927 | t: 353.406305 | r:    78.000000 | e:   0.100000 | Q: 189.172501 | won: False 
#  554 | steps: 34932 | steps_t: 5890005 | t: 354.294582 | r:   758.000000 | e:   0.100000 | Q: 200.713379 | won: True 
#  555 | steps: 35011 | steps_t: 5890083 | t: 355.689479 | r:    70.000000 | e:   0.100000 | Q: 210.591385 | won: False 
#  556 | steps: 35058 | steps_t: 5890129 | t: 356.210336 | r:   -66.000000 | e:   0.100000 | Q: 202.884201 | won: False 
#  557 | steps: 35116 | steps_t: 5890186 | t: 356.855285 | r:   -96.000000 | e:   0.100000 | Q: 198.230148 | won: False 
#  558 | steps: 35142 | steps_t: 5890211 | t: 357.139828 | r:  -269.000000 | e:   0.100000 | Q: 199.642044 | won: False 
#  559 | steps: 35219 | steps_t: 5890287 | t: 357.986717 | r:   800.000000 | e:   0.100000 | Q: 196.549774 | won: True 
#  560 | steps: 35309 | steps_t: 5890376 | t: 358.975293 | r:   -91.000000 | e:   0.100000 | Q: 201.115204 | won: False 
#  561 | steps: 35414 | steps_t: 5890480 | t: 360.136610 | r:   -91.000000 | e:   0.100000 | Q: 191.539917 | won: False 
#  562 | steps: 35555 | steps_t: 5890620 | t: 361.740648 | r:    74.000000 | e:   0.100000 | Q: 193.982010 | won: False 
#  563 | steps: 35631 | steps_t: 5890695 | t: 362.572268 | r:   710.000000 | e:   0.100000 | Q: 210.864212 | won: True 
#  564 | steps: 35781 | steps_t: 5890844 | t: 364.254457 | r:   -55.000000 | e:   0.100000 | Q: 185.411713 | won: False 
#  565 | steps: 35831 | steps_t: 5890893 | t: 364.815156 | r:   -92.000000 | e:   0.100000 | Q: 213.519043 | won: False 
#  566 | steps: 35876 | steps_t: 5890937 | t: 365.316930 | r:   -50.000000 | e:   0.100000 | Q: 200.745941 | won: False 
#  567 | steps: 35957 | steps_t: 5891017 | t: 366.218181 | r:    46.000000 | e:   0.100000 | Q: 198.807465 | won: False 
#  568 | steps: 35979 | steps_t: 5891038 | t: 366.454042 | r:  -327.000000 | e:   0.100000 | Q: 205.106323 | won: False 
#  569 | steps: 36012 | steps_t: 5891070 | t: 366.825749 | r:  -210.000000 | e:   0.100000 | Q: 201.011597 | won: False 
#  570 | steps: 36087 | steps_t: 5891144 | t: 367.688026 | r:   118.000000 | e:   0.100000 | Q: 211.653809 | won: False 
#  571 | steps: 36161 | steps_t: 5891217 | t: 368.549432 | r:   -89.000000 | e:   0.100000 | Q: 195.044601 | won: False 
#  572 | steps: 36250 | steps_t: 5891305 | t: 369.570938 | r:   697.000000 | e:   0.100000 | Q: 222.933289 | won: True 
#  573 | steps: 36327 | steps_t: 5891381 | t: 370.425554 | r:    -1.000000 | e:   0.100000 | Q: 192.201157 | won: False 
#  574 | steps: 36447 | steps_t: 5891500 | t: 371.808304 | r:   695.000000 | e:   0.100000 | Q: 203.887482 | won: True 
#  575 | steps: 36480 | steps_t: 5891532 | t: 372.159175 | r:  -254.000000 | e:   0.100000 | Q: 200.997787 | won: False 
#  576 | steps: 36556 | steps_t: 5891607 | t: 373.016912 | r:   670.000000 | e:   0.100000 | Q: 195.309875 | won: True 
#  577 | steps: 36576 | steps_t: 5891626 | t: 373.224788 | r:  -314.000000 | e:   0.100000 | Q: 190.004852 | won: False 
#  578 | steps: 36641 | steps_t: 5891690 | t: 373.946906 | r:  -190.000000 | e:   0.100000 | Q: 190.089478 | won: False 
#  579 | steps: 36700 | steps_t: 5891748 | t: 374.591403 | r:   -20.000000 | e:   0.100000 | Q: 212.297958 | won: False 
#  580 | steps: 36740 | steps_t: 5891787 | t: 375.031073 | r:  -242.000000 | e:   0.100000 | Q: 192.094986 | won: False 
#  581 | steps: 36811 | steps_t: 5891857 | t: 375.815879 | r:   766.000000 | e:   0.100000 | Q: 210.812943 | won: True 
#  582 | steps: 36882 | steps_t: 5891927 | t: 376.586857 | r:   -68.000000 | e:   0.100000 | Q: 191.058777 | won: False 
#  583 | steps: 36970 | steps_t: 5892014 | t: 377.559362 | r:   698.000000 | e:   0.100000 | Q: 219.222122 | won: True 
#  584 | steps: 37047 | steps_t: 5892090 | t: 378.431321 | r:   -41.000000 | e:   0.100000 | Q: 187.842667 | won: False 
#  585 | steps: 37104 | steps_t: 5892146 | t: 379.078181 | r:   -29.000000 | e:   0.100000 | Q: 197.054642 | won: False 
#  586 | steps: 37204 | steps_t: 5892245 | t: 380.202535 | r:    86.000000 | e:   0.100000 | Q: 189.113434 | won: False 
#  587 | steps: 37250 | steps_t: 5892290 | t: 380.744210 | r:   -76.000000 | e:   0.100000 | Q: 194.698242 | won: False 
#  588 | steps: 37279 | steps_t: 5892318 | t: 381.076535 | r:  -268.000000 | e:   0.100000 | Q: 198.449142 | won: False 
#  589 | steps: 37325 | steps_t: 5892363 | t: 381.589436 | r:  -186.000000 | e:   0.100000 | Q: 188.017059 | won: False 
#  590 | steps: 37348 | steps_t: 5892385 | t: 381.855000 | r:  -324.000000 | e:   0.100000 | Q: 203.271622 | won: False 
#  591 | steps: 37437 | steps_t: 5892473 | t: 382.863590 | r:   -57.000000 | e:   0.100000 | Q: 220.018967 | won: False 
#  592 | steps: 37478 | steps_t: 5892513 | t: 383.322265 | r:  -225.000000 | e:   0.100000 | Q: 197.925690 | won: False 
#  593 | steps: 37515 | steps_t: 5892549 | t: 383.726305 | r:  -195.000000 | e:   0.100000 | Q: 219.162720 | won: False 
#  594 | steps: 37603 | steps_t: 5892636 | t: 384.718039 | r:   698.000000 | e:   0.100000 | Q: 195.745377 | won: True 
#  595 | steps: 37720 | steps_t: 5892752 | t: 386.040911 | r:   669.000000 | e:   0.100000 | Q: 190.679214 | won: True 
#  596 | steps: 37739 | steps_t: 5892770 | t: 386.247282 | r:  -386.000000 | e:   0.100000 | Q: 181.732849 | won: False 
#  597 | steps: 37765 | steps_t: 5892795 | t: 386.518885 | r:  -254.000000 | e:   0.100000 | Q: 203.659637 | won: False 
#  598 | steps: 37795 | steps_t: 5892824 | t: 386.834977 | r:  -262.000000 | e:   0.100000 | Q: 212.970123 | won: False 
#  599 | steps: 37876 | steps_t: 5892904 | t: 387.733326 | r:   745.000000 | e:   0.100000 | Q: 206.257309 | won: True 
#  600 | steps: 37952 | steps_t: 5892979 | t: 388.577193 | r:   710.000000 | e:   0.100000 | Q: 198.633667 | won: True 
#  601 | steps: 37964 | steps_t: 5892990 | t: 388.705299 | r:  -434.000000 | e:   0.100000 | Q: 180.800491 | won: False 
#  602 | steps: 38050 | steps_t: 5893075 | t: 389.655133 | r:   -21.000000 | e:   0.100000 | Q: 183.894867 | won: False 
#  603 | steps: 38103 | steps_t: 5893127 | t: 390.270211 | r:    26.000000 | e:   0.100000 | Q: 204.415771 | won: False 
#  604 | steps: 38133 | steps_t: 5893156 | t: 390.601526 | r:  -225.000000 | e:   0.100000 | Q: 207.778915 | won: False 
#  605 | steps: 38216 | steps_t: 5893238 | t: 391.554384 | r:    52.000000 | e:   0.100000 | Q: 204.954834 | won: False 
#  606 | steps: 38268 | steps_t: 5893289 | t: 392.141405 | r:   -60.000000 | e:   0.100000 | Q: 211.427612 | won: False 
#  607 | steps: 38296 | steps_t: 5893316 | t: 392.452080 | r:  -227.000000 | e:   0.100000 | Q: 207.540527 | won: False 
#  608 | steps: 38321 | steps_t: 5893340 | t: 392.726769 | r:  -297.000000 | e:   0.100000 | Q: 186.963333 | won: False 
#  609 | steps: 38405 | steps_t: 5893423 | t: 393.669737 | r:   713.000000 | e:   0.100000 | Q: 198.376251 | won: True 
#  610 | steps: 38467 | steps_t: 5893484 | t: 394.362105 | r:   -74.000000 | e:   0.100000 | Q: 193.173615 | won: False 
#  611 | steps: 38497 | steps_t: 5893513 | t: 394.716744 | r:  -280.000000 | e:   0.100000 | Q: 202.335419 | won: False 
#  612 | steps: 38576 | steps_t: 5893591 | t: 395.605627 | r:   747.000000 | e:   0.100000 | Q: 213.031693 | won: True 
#  613 | steps: 38628 | steps_t: 5893642 | t: 396.192143 | r:   -64.000000 | e:   0.100000 | Q: 200.583282 | won: False 
#  614 | steps: 38687 | steps_t: 5893700 | t: 396.851213 | r:    13.000000 | e:   0.100000 | Q: 221.085663 | won: False 
#  615 | steps: 38772 | steps_t: 5893784 | t: 397.854635 | r:   752.000000 | e:   0.100000 | Q: 184.309692 | won: True 
#  616 | steps: 38807 | steps_t: 5893818 | t: 398.258442 | r:  -190.000000 | e:   0.100000 | Q: 196.594788 | won: False 
#  617 | steps: 38893 | steps_t: 5893903 | t: 399.247032 | r:    12.000000 | e:   0.100000 | Q: 203.778793 | won: False 
#  618 | steps: 38960 | steps_t: 5893969 | t: 399.996984 | r:   -64.000000 | e:   0.100000 | Q: 195.762512 | won: False 
#  619 | steps: 39017 | steps_t: 5894025 | t: 400.655361 | r:   -25.000000 | e:   0.100000 | Q: 200.482681 | won: False 
#  620 | steps: 39086 | steps_t: 5894093 | t: 401.424445 | r:   -95.000000 | e:   0.100000 | Q: 184.779556 | won: False 
#  621 | steps: 39156 | steps_t: 5894162 | t: 402.193478 | r:   163.000000 | e:   0.100000 | Q: 205.482574 | won: False 
#  622 | steps: 39236 | steps_t: 5894241 | t: 403.088029 | r:   -44.000000 | e:   0.100000 | Q: 195.316513 | won: False 
#  623 | steps: 39248 | steps_t: 5894252 | t: 403.202268 | r:  -423.000000 | e:   0.100000 | Q: 188.004898 | won: False 
#  624 | steps: 39329 | steps_t: 5894332 | t: 404.144761 | r:     6.000000 | e:   0.100000 | Q: 222.722855 | won: False 
#  625 | steps: 39423 | steps_t: 5894425 | t: 405.201068 | r:   612.000000 | e:   0.100000 | Q: 187.704910 | won: True 
#  626 | steps: 39483 | steps_t: 5894484 | t: 405.901675 | r:     5.000000 | e:   0.100000 | Q: 203.251968 | won: False 
#  627 | steps: 39563 | steps_t: 5894563 | t: 406.814948 | r:   808.000000 | e:   0.100000 | Q: 216.854431 | won: True 
#  628 | steps: 39639 | steps_t: 5894638 | t: 407.698500 | r:   710.000000 | e:   0.100000 | Q: 199.027756 | won: True 
#  629 | steps: 39719 | steps_t: 5894717 | t: 408.616668 | r:   735.000000 | e:   0.100000 | Q: 197.964645 | won: True 
#  630 | steps: 39779 | steps_t: 5894776 | t: 409.297215 | r:   -39.000000 | e:   0.100000 | Q: 203.444809 | won: False 
#  631 | steps: 39868 | steps_t: 5894864 | t: 410.285295 | r:   -24.000000 | e:   0.100000 | Q: 196.644592 | won: False 
#  632 | steps: 39895 | steps_t: 5894890 | t: 410.583626 | r:  -281.000000 | e:   0.100000 | Q: 204.453751 | won: False 
#  633 | steps: 39972 | steps_t: 5894966 | t: 411.445436 | r:    -5.000000 | e:   0.100000 | Q: 205.267776 | won: False 
#  634 | steps: 40058 | steps_t: 5895051 | t: 412.417005 | r:    63.000000 | e:   0.100000 | Q: 213.492157 | won: False 
#  635 | steps: 40115 | steps_t: 5895107 | t: 413.080905 | r:   -80.000000 | e:   0.100000 | Q: 219.547302 | won: False 
#  636 | steps: 40198 | steps_t: 5895189 | t: 414.066046 | r:   794.000000 | e:   0.100000 | Q: 197.006729 | won: True 
#  637 | steps: 40283 | steps_t: 5895273 | t: 415.065947 | r:    79.000000 | e:   0.100000 | Q: 199.751892 | won: False 
#  638 | steps: 40339 | steps_t: 5895328 | t: 415.712133 | r:    16.000000 | e:   0.100000 | Q: 216.173996 | won: False 
#  639 | steps: 40356 | steps_t: 5895344 | t: 415.904245 | r:  -406.000000 | e:   0.100000 | Q: 269.823975 | won: False 
#  640 | steps: 40433 | steps_t: 5895420 | t: 416.799563 | r:    39.000000 | e:   0.100000 | Q: 216.179047 | won: False 
#  641 | steps: 40528 | steps_t: 5895514 | t: 417.901276 | r:   793.000000 | e:   0.100000 | Q: 198.426102 | won: True 
#  642 | steps: 40612 | steps_t: 5895597 | t: 418.866141 | r:   753.000000 | e:   0.100000 | Q: 199.872910 | won: True 
#  643 | steps: 40642 | steps_t: 5895626 | t: 419.204541 | r:  -247.000000 | e:   0.100000 | Q: 204.469467 | won: False 
#  644 | steps: 40723 | steps_t: 5895706 | t: 420.187672 | r:    13.000000 | e:   0.100000 | Q: 226.566071 | won: False 
#  645 | steps: 40793 | steps_t: 5895775 | t: 421.019745 | r:   -71.000000 | e:   0.100000 | Q: 188.804703 | won: False 
#  646 | steps: 40818 | steps_t: 5895799 | t: 421.292482 | r:  -319.000000 | e:   0.100000 | Q: 198.542282 | won: False 
#  647 | steps: 40896 | steps_t: 5895876 | t: 422.156228 | r:   -13.000000 | e:   0.100000 | Q: 207.808578 | won: False 
#  648 | steps: 40984 | steps_t: 5895963 | t: 423.144626 | r:    17.000000 | e:   0.100000 | Q: 198.086014 | won: False 
#  649 | steps: 41070 | steps_t: 5896048 | t: 424.107870 | r:   689.000000 | e:   0.100000 | Q: 219.377518 | won: True 
#  650 | steps: 41160 | steps_t: 5896137 | t: 425.111194 | r:    41.000000 | e:   0.100000 | Q: 195.373245 | won: False 
#  651 | steps: 41245 | steps_t: 5896221 | t: 426.053332 | r:    93.000000 | e:   0.100000 | Q: 216.323334 | won: False 
#  652 | steps: 41336 | steps_t: 5896311 | t: 427.074019 | r:   706.000000 | e:   0.100000 | Q: 228.369888 | won: True 
#  653 | steps: 41403 | steps_t: 5896377 | t: 427.812837 | r:    27.000000 | e:   0.100000 | Q: 223.403915 | won: False 
#  654 | steps: 41468 | steps_t: 5896441 | t: 428.535052 | r:   -66.000000 | e:   0.100000 | Q: 199.161453 | won: False 
#  655 | steps: 41576 | steps_t: 5896548 | t: 429.727147 | r:   -32.000000 | e:   0.100000 | Q: 189.506088 | won: False 
#  656 | steps: 41676 | steps_t: 5896647 | t: 430.839890 | r:   708.000000 | e:   0.100000 | Q: 194.086441 | won: True 
#  657 | steps: 41749 | steps_t: 5896719 | t: 431.657655 | r:   753.000000 | e:   0.100000 | Q: 193.322800 | won: True 
