#    1 | steps:    25 | steps_t: 3271349 | t: 0.046879 | r:    87.000000 | e:   0.100000 | Q: 100.511093 | won: True 
#    2 | steps:    42 | steps_t: 3271349 | t: 0.062766 | r:    95.000000 | e:   0.100000 | Q: 100.647797 | won: True 
#    3 | steps:    59 | steps_t: 3271349 | t: 0.078402 | r:    95.000000 | e:   0.100000 | Q:  99.937119 | won: True 
#    4 | steps:    75 | steps_t: 3271349 | t: 0.109692 | r:  -504.000000 | e:   0.100000 | Q:  83.248672 | won: False 
#    5 | steps:   105 | steps_t: 3271349 | t: 0.140901 | r:    82.000000 | e:   0.100000 | Q: 100.056366 | won: True 
#    6 | steps:   123 | steps_t: 3271349 | t: 0.156524 | r:    94.000000 | e:   0.100000 | Q:  99.616348 | won: True 
#    7 | steps:   140 | steps_t: 3271349 | t: 0.172151 | r:    95.000000 | e:   0.100000 | Q: 100.647797 | won: True 
#    8 | steps:   158 | steps_t: 3271349 | t: 0.203413 | r:  -506.000000 | e:   0.100000 | Q:  93.421745 | won: False 
#    9 | steps:   175 | steps_t: 3271349 | t: 0.219033 | r:  -505.000000 | e:   0.100000 | Q:  89.057709 | won: False 
#   10 | steps:   193 | steps_t: 3271349 | t: 0.250275 | r:    94.000000 | e:   0.100000 | Q:  98.585411 | won: True 
#    1 | steps:     7 | steps_t: 3271349 | t: 0.015566 | r:  -484.000000 | e:   0.100000 | Q: 144.574600 | won: False 
#    2 | steps:    14 | steps_t: 3271349 | t: 0.031232 | r:  -484.000000 | e:   0.100000 | Q: 128.869629 | won: False 
#    3 | steps:    37 | steps_t: 3271349 | t: 0.046875 | r:  -368.000000 | e:   0.100000 | Q: 214.276337 | won: False 
#    4 | steps:    44 | steps_t: 3271349 | t: 0.062476 | r:  -495.000000 | e:   0.100000 | Q:  91.886856 | won: False 
#    5 | steps:    51 | steps_t: 3271349 | t: 0.062476 | r:  -484.000000 | e:   0.100000 | Q: 144.574600 | won: False 
#    6 | steps:    65 | steps_t: 3271349 | t: 0.078111 | r:  -436.000000 | e:   0.100000 | Q: 168.492416 | won: False 
#    7 | steps:    72 | steps_t: 3271349 | t: 0.093691 | r:  -484.000000 | e:   0.100000 | Q: 144.574600 | won: False 
#    8 | steps:    79 | steps_t: 3271349 | t: 0.109315 | r:  -484.000000 | e:   0.100000 | Q: 144.574600 | won: False 
#    9 | steps:    86 | steps_t: 3271349 | t: 0.109315 | r:  -484.000000 | e:   0.100000 | Q: 144.574600 | won: False 
#   10 | steps:    93 | steps_t: 3271349 | t: 0.124940 | r:  -484.000000 | e:   0.100000 | Q: 144.574600 | won: False 
