#    1 | steps:    18 | steps_t: 2735611 | t: 0.046847 | r:    94.000000 | e:   0.100000 | Q: 100.611267 | won: True 
#    2 | steps:    35 | steps_t: 2735611 | t: 0.080921 | r:    95.000000 | e:   0.100000 | Q: 101.350464 | won: True 
#    3 | steps:    52 | steps_t: 2735611 | t: 0.098665 | r:    95.000000 | e:   0.100000 | Q: 102.149544 | won: True 
#    4 | steps:    70 | steps_t: 2735611 | t: 0.129946 | r:    94.000000 | e:   0.100000 | Q: 100.611267 | won: True 
#    5 | steps:    88 | steps_t: 2735611 | t: 0.145584 | r:    94.000000 | e:   0.100000 | Q: 100.611267 | won: True 
#    6 | steps:   116 | steps_t: 2735611 | t: 0.176790 | r:    84.000000 | e:   0.100000 | Q:  98.254601 | won: True 
#    7 | steps:   133 | steps_t: 2735611 | t: 0.208082 | r:    95.000000 | e:   0.100000 | Q: 102.149544 | won: True 
#    8 | steps:   150 | steps_t: 2735611 | t: 0.239302 | r:    95.000000 | e:   0.100000 | Q: 102.149544 | won: True 
#    9 | steps:   165 | steps_t: 2735611 | t: 0.254915 | r:  -503.000000 | e:   0.100000 | Q:  71.056778 | won: False 
#   10 | steps:   182 | steps_t: 2735611 | t: 0.270540 | r:    95.000000 | e:   0.100000 | Q: 101.350464 | won: True 
#    1 | steps:    17 | steps_t: 2735611 | t: 0.031204 | r:    95.000000 | e:   0.100000 | Q: 102.149544 | won: True 
#    2 | steps:    35 | steps_t: 2735611 | t: 0.046833 | r:    94.000000 | e:   0.100000 | Q: 100.611267 | won: True 
#    3 | steps:    52 | steps_t: 2735611 | t: 0.062465 | r:    95.000000 | e:   0.100000 | Q: 101.350464 | won: True 
#    4 | steps:    66 | steps_t: 2735611 | t: 0.093746 | r:  -502.000000 | e:   0.100000 | Q:  71.056778 | won: False 
#    5 | steps:    96 | steps_t: 2735611 | t: 0.124958 | r:    82.000000 | e:   0.100000 | Q:  98.804779 | won: True 
#    6 | steps:   114 | steps_t: 2735611 | t: 0.156220 | r:    94.000000 | e:   0.100000 | Q: 100.611267 | won: True 
#    7 | steps:   132 | steps_t: 2735611 | t: 0.171998 | r:    94.000000 | e:   0.100000 | Q: 100.611267 | won: True 
#    8 | steps:   147 | steps_t: 2735611 | t: 0.187631 | r:  -503.000000 | e:   0.100000 | Q:  71.056778 | won: False 
#    9 | steps:   161 | steps_t: 2735611 | t: 0.218879 | r:  -502.000000 | e:   0.100000 | Q:  71.612358 | won: False 
#   10 | steps:   179 | steps_t: 2735611 | t: 0.234504 | r:  -506.000000 | e:   0.100000 | Q:  93.709908 | won: False 
