#    1 | steps:    18 | steps_t: 3270774 | t: 0.031190 | r:    94.000000 | e:   0.100000 | Q:  99.949371 | won: True 
#    2 | steps:    35 | steps_t: 3270774 | t: 0.046849 | r:  -516.000000 | e:   0.100000 | Q:  49.216202 | won: False 
#    3 | steps:    50 | steps_t: 3270774 | t: 0.062441 | r:  -503.000000 | e:   0.100000 | Q:  80.711975 | won: False 
#    4 | steps:    70 | steps_t: 3270774 | t: 0.078264 | r:    92.000000 | e:   0.100000 | Q:  99.964523 | won: True 
#    5 | steps:   103 | steps_t: 3270774 | t: 0.125150 | r:  -521.000000 | e:   0.100000 | Q:  91.426041 | won: False 
#    6 | steps:   131 | steps_t: 3270774 | t: 0.156399 | r:    84.000000 | e:   0.100000 | Q: 100.943588 | won: True 
#    7 | steps:   144 | steps_t: 3270774 | t: 0.172024 | r:  -501.000000 | e:   0.100000 | Q:  73.247620 | won: False 
#    8 | steps:   161 | steps_t: 3270774 | t: 0.203273 | r:    95.000000 | e:   0.100000 | Q: 100.854179 | won: True 
#    9 | steps:   180 | steps_t: 3270774 | t: 0.218941 | r:    93.000000 | e:   0.100000 | Q: 105.323120 | won: True 
#   10 | steps:   198 | steps_t: 3270774 | t: 0.234554 | r:  -517.000000 | e:   0.100000 | Q:  67.217110 | won: False 
#    1 | steps:    21 | steps_t: 3271349 | t: 0.031140 | r:    91.000000 | e:   0.100000 | Q: 100.123428 | won: True 
#    2 | steps:    45 | steps_t: 3271349 | t: 0.062392 | r:    88.000000 | e:   0.100000 | Q: 102.645950 | won: True 
#    3 | steps:    65 | steps_t: 3271349 | t: 0.078016 | r:    92.000000 | e:   0.100000 | Q: 100.435410 | won: True 
#    4 | steps:    86 | steps_t: 3271349 | t: 0.109481 | r:    91.000000 | e:   0.100000 | Q: 100.511093 | won: True 
#    5 | steps:   103 | steps_t: 3271349 | t: 0.125102 | r:  -505.000000 | e:   0.100000 | Q:  94.435120 | won: False 
#    6 | steps:   125 | steps_t: 3271349 | t: 0.156312 | r:    90.000000 | e:   0.100000 | Q: 100.246086 | won: True 
#    7 | steps:   143 | steps_t: 3271349 | t: 0.172004 | r:  -506.000000 | e:   0.100000 | Q:  93.421745 | won: False 
#    8 | steps:   165 | steps_t: 3271349 | t: 0.203266 | r:    90.000000 | e:   0.100000 | Q: 100.246086 | won: True 
#    9 | steps:   183 | steps_t: 3271349 | t: 0.218814 | r:    94.000000 | e:   0.100000 | Q:  98.585411 | won: True 
#   10 | steps:   201 | steps_t: 3271349 | t: 0.250070 | r:    94.000000 | e:   0.100000 | Q:  98.585411 | won: True 
#    1 | steps:     7 | steps_t: 3271349 | t: 0.015632 | r:  -484.000000 | e:   0.100000 | Q: 144.574600 | won: False 
#    2 | steps:    14 | steps_t: 3271349 | t: 0.031254 | r:  -484.000000 | e:   0.100000 | Q: 144.574600 | won: False 
#    3 | steps:    21 | steps_t: 3271349 | t: 0.046841 | r:  -484.000000 | e:   0.100000 | Q: 144.574600 | won: False 
#    4 | steps:    28 | steps_t: 3271349 | t: 0.055001 | r:  -484.000000 | e:   0.100000 | Q: 144.574600 | won: False 
#    5 | steps:    35 | steps_t: 3271349 | t: 0.062507 | r:  -495.000000 | e:   0.100000 | Q: 128.869629 | won: False 
#    6 | steps:    42 | steps_t: 3271349 | t: 0.062507 | r:  -484.000000 | e:   0.100000 | Q: 144.574600 | won: False 
#    7 | steps:    49 | steps_t: 3271349 | t: 0.078145 | r:  -484.000000 | e:   0.100000 | Q: 144.574600 | won: False 
#    8 | steps:    56 | steps_t: 3271349 | t: 0.078145 | r:  -495.000000 | e:   0.100000 | Q: 128.869629 | won: False 
#    9 | steps:    63 | steps_t: 3271349 | t: 0.093769 | r:  -484.000000 | e:   0.100000 | Q: 144.574600 | won: False 
#   10 | steps:    70 | steps_t: 3271349 | t: 0.109405 | r:  -484.000000 | e:   0.100000 | Q: 144.574600 | won: False 
