#    1 | steps:    18 | steps_t: 2735611 | t: 0.056974 | r:    94.000000 | e:   0.100000 | Q: 100.611267 | won: True 
#    2 | steps:    36 | steps_t: 2735611 | t: 0.080972 | r:    94.000000 | e:   0.100000 | Q: 100.611267 | won: True 
#    3 | steps:    52 | steps_t: 2735611 | t: 0.122974 | r:  -504.000000 | e:   0.100000 | Q:  92.257141 | won: False 
#    4 | steps:    67 | steps_t: 2735611 | t: 0.147972 | r:  -503.000000 | e:   0.100000 | Q:  77.313820 | won: False 
#    5 | steps:    84 | steps_t: 2735611 | t: 0.183973 | r:    95.000000 | e:   0.100000 | Q: 102.149544 | won: True 
#    6 | steps:   101 | steps_t: 2735611 | t: 0.222542 | r:    95.000000 | e:   0.100000 | Q:  95.937721 | won: True 
#    7 | steps:   124 | steps_t: 2735611 | t: 0.262531 | r:    89.000000 | e:   0.100000 | Q: 106.888481 | won: True 
#    8 | steps:   141 | steps_t: 2735611 | t: 0.296529 | r:    95.000000 | e:   0.100000 | Q: 101.350464 | won: True 
#    9 | steps:   153 | steps_t: 2735611 | t: 0.316545 | r:  -500.000000 | e:   0.100000 | Q:  71.056778 | won: False 
#   10 | steps:   171 | steps_t: 2735611 | t: 0.347530 | r:    94.000000 | e:   0.100000 | Q: 101.288605 | won: True 
#    1 | steps:    18 | steps_t: 2735611 | t: 0.040968 | r:    94.000000 | e:   0.100000 | Q: 100.611267 | won: True 
#    2 | steps:    36 | steps_t: 2735611 | t: 0.069967 | r:    94.000000 | e:   0.100000 | Q: 100.611267 | won: True 
#    3 | steps:    51 | steps_t: 2735611 | t: 0.098969 | r:  -503.000000 | e:   0.100000 | Q:  68.836113 | won: False 
#    4 | steps:    68 | steps_t: 2735611 | t: 0.124971 | r:    95.000000 | e:   0.100000 | Q: 102.149544 | won: True 
#    5 | steps:    88 | steps_t: 2735611 | t: 0.165969 | r:    92.000000 | e:   0.100000 | Q:  99.659950 | won: True 
#    6 | steps:   113 | steps_t: 2735611 | t: 0.204969 | r:    87.000000 | e:   0.100000 | Q: 101.818947 | won: True 
#    7 | steps:   139 | steps_t: 2735611 | t: 0.261982 | r:  -514.000000 | e:   0.100000 | Q:  72.352150 | won: False 
#    8 | steps:   171 | steps_t: 2735611 | t: 0.328966 | r:    80.000000 | e:   0.100000 | Q: 100.522858 | won: True 
#    9 | steps:   200 | steps_t: 2735611 | t: 0.371967 | r:    83.000000 | e:   0.100000 | Q: 102.335548 | won: True 
#   10 | steps:   218 | steps_t: 2735611 | t: 0.408980 | r:    94.000000 | e:   0.100000 | Q: 100.611267 | won: True 
