#    1 | steps:    22 | steps_t: 3271349 | t: 0.032063 | r:    90.000000 | e:   0.100000 | Q: 100.246086 | won: True 
#    2 | steps:    34 | steps_t: 3271349 | t: 0.047742 | r:  -500.000000 | e:   0.100000 | Q:  70.805359 | won: False 
#    3 | steps:    51 | steps_t: 3271349 | t: 0.063325 | r:    95.000000 | e:   0.100000 | Q:  99.937119 | won: True 
#    4 | steps:    72 | steps_t: 3271349 | t: 0.094596 | r:    91.000000 | e:   0.100000 | Q: 100.123428 | won: True 
#    5 | steps:    89 | steps_t: 3271349 | t: 0.117321 | r:    95.000000 | e:   0.100000 | Q: 100.647797 | won: True 
#    6 | steps:   109 | steps_t: 3271349 | t: 0.148747 | r:    92.000000 | e:   0.100000 | Q:  99.879898 | won: True 
#    7 | steps:   135 | steps_t: 3271349 | t: 0.179995 | r:  -514.000000 | e:   0.100000 | Q:  94.794899 | won: False 
#    8 | steps:   152 | steps_t: 3271349 | t: 0.211263 | r:    95.000000 | e:   0.100000 | Q:  99.937119 | won: True 
#    9 | steps:   168 | steps_t: 3271349 | t: 0.226940 | r:  -504.000000 | e:   0.100000 | Q:  87.665062 | won: False 
#   10 | steps:   190 | steps_t: 3271349 | t: 0.242531 | r:    90.000000 | e:   0.100000 | Q: 100.246086 | won: True 
#    1 | steps:     7 | steps_t: 3271349 | t: 0.020624 | r:  -484.000000 | e:   0.100000 | Q: 144.574600 | won: False 
#    2 | steps:    18 | steps_t: 3271349 | t: 0.031631 | r:  -499.000000 | e:   0.100000 | Q: 237.227280 | won: False 
#    3 | steps:    29 | steps_t: 3271349 | t: 0.047268 | r:  -466.000000 | e:   0.100000 | Q: 116.659660 | won: False 
#    4 | steps:    36 | steps_t: 3271349 | t: 0.047268 | r:  -484.000000 | e:   0.100000 | Q: 144.574600 | won: False 
#    5 | steps:    43 | steps_t: 3271349 | t: 0.062890 | r:  -484.000000 | e:   0.100000 | Q: 144.574600 | won: False 
#    6 | steps:    50 | steps_t: 3271349 | t: 0.062890 | r:  -484.000000 | e:   0.100000 | Q: 144.574600 | won: False 
#    7 | steps:    57 | steps_t: 3271349 | t: 0.078525 | r:  -484.000000 | e:   0.100000 | Q: 144.574600 | won: False 
#    8 | steps:    64 | steps_t: 3271349 | t: 0.094140 | r:  -484.000000 | e:   0.100000 | Q: 144.574600 | won: False 
#    9 | steps:    71 | steps_t: 3271349 | t: 0.094140 | r:  -484.000000 | e:   0.100000 | Q: 144.574600 | won: False 
#   10 | steps:    78 | steps_t: 3271349 | t: 0.109817 | r:  -484.000000 | e:   0.100000 | Q: 144.574600 | won: False 
