#    1 | steps:    18 | steps_t: 8698647 | t: 0.032007 | r:  -334.000000 | e:   0.100000 | Q: 219.551758 | won: False 
#    2 | steps:    73 | steps_t: 8698647 | t: 0.095022 | r:   -23.000000 | e:   0.100000 | Q: 214.262619 | won: False 
#    3 | steps:   144 | steps_t: 8698647 | t: 0.177039 | r:   -24.000000 | e:   0.100000 | Q: 214.557343 | won: False 
#    4 | steps:   216 | steps_t: 8698647 | t: 0.259058 | r:   754.000000 | e:   0.100000 | Q: 191.267151 | won: True 
#    5 | steps:   236 | steps_t: 8698647 | t: 0.283064 | r:  -354.000000 | e:   0.100000 | Q: 281.976074 | won: False 
#    6 | steps:   333 | steps_t: 8698647 | t: 0.394088 | r:    89.000000 | e:   0.100000 | Q: 212.008240 | won: False 
#    7 | steps:   346 | steps_t: 8698647 | t: 0.408091 | r:  -413.000000 | e:   0.100000 | Q: 188.967041 | won: False 
#    8 | steps:   459 | steps_t: 8698647 | t: 0.536120 | r:   -48.000000 | e:   0.100000 | Q: 206.323669 | won: False 
#    9 | steps:   526 | steps_t: 8698647 | t: 0.615139 | r:    49.000000 | e:   0.100000 | Q: 198.403015 | won: False 
#   10 | steps:   547 | steps_t: 8698647 | t: 0.641145 | r:  -315.000000 | e:   0.100000 | Q: 203.918381 | won: False 
#    1 | steps:    79 | steps_t: 8698647 | t: 0.187042 | r:   -36.000000 | e:   0.100000 | Q: 213.918198 | won: False 
#    2 | steps:   103 | steps_t: 8698647 | t: 0.214048 | r:  -307.000000 | e:   0.100000 | Q: 201.705429 | won: False 
#    3 | steps:   170 | steps_t: 8698647 | t: 0.286064 | r:   -35.000000 | e:   0.100000 | Q: 207.561478 | won: False 
#    4 | steps:   246 | steps_t: 8698647 | t: 0.368084 | r:   670.000000 | e:   0.100000 | Q: 205.226227 | won: True 
#    5 | steps:   271 | steps_t: 8698647 | t: 0.396090 | r:  -286.000000 | e:   0.100000 | Q: 196.378540 | won: False 
#    6 | steps:   303 | steps_t: 8698647 | t: 0.431098 | r:  -238.000000 | e:   0.100000 | Q: 199.257889 | won: False 
#    7 | steps:   342 | steps_t: 8698647 | t: 0.474107 | r:   -84.000000 | e:   0.100000 | Q: 220.095047 | won: False 
#    8 | steps:   417 | steps_t: 8698647 | t: 0.563128 | r:   100.000000 | e:   0.100000 | Q: 215.099289 | won: False 
#    9 | steps:   495 | steps_t: 8698647 | t: 0.650146 | r:   155.000000 | e:   0.100000 | Q: 224.422318 | won: False 
#   10 | steps:   518 | steps_t: 8698647 | t: 0.676153 | r:  -306.000000 | e:   0.100000 | Q: 206.919418 | won: False 
