#    1 | steps:    17 | steps_t: 2735611 | t: 0.031218 | r:  -505.000000 | e:   0.100000 | Q:  96.004906 | won: False 
#    2 | steps:    35 | steps_t: 2735611 | t: 0.046834 | r:    94.000000 | e:   0.100000 | Q: 100.611267 | won: True 
#    3 | steps:    55 | steps_t: 2735611 | t: 0.062845 | r:    92.000000 | e:   0.100000 | Q:  95.617889 | won: True 
#    4 | steps:    73 | steps_t: 2735611 | t: 0.094116 | r:    94.000000 | e:   0.100000 | Q: 100.611267 | won: True 
#    5 | steps:    90 | steps_t: 2735611 | t: 0.109753 | r:    95.000000 | e:   0.100000 | Q: 101.350464 | won: True 
#    6 | steps:   108 | steps_t: 2735611 | t: 0.141057 | r:  -506.000000 | e:   0.100000 | Q:  93.709908 | won: False 
#    7 | steps:   129 | steps_t: 2735611 | t: 0.172277 | r:    91.000000 | e:   0.100000 | Q: 102.335548 | won: True 
#    8 | steps:   147 | steps_t: 2735611 | t: 0.187865 | r:    94.000000 | e:   0.100000 | Q: 100.611267 | won: True 
#    9 | steps:   178 | steps_t: 2735611 | t: 0.219114 | r:    81.000000 | e:   0.100000 | Q: 106.888481 | won: True 
#   10 | steps:   195 | steps_t: 2735611 | t: 0.250364 | r:    95.000000 | e:   0.100000 | Q:  96.004906 | won: True 
#    1 | steps:    30 | steps_t: 2735611 | t: 0.031253 | r:    82.000000 | e:   0.100000 | Q:  98.804779 | won: True 
#    2 | steps:    48 | steps_t: 2735611 | t: 0.062545 | r:  -506.000000 | e:   0.100000 | Q:  93.709908 | won: False 
#    3 | steps:    66 | steps_t: 2735611 | t: 0.078128 | r:    94.000000 | e:   0.100000 | Q: 100.960747 | won: True 
#    4 | steps:    83 | steps_t: 2735611 | t: 0.093794 | r:    95.000000 | e:   0.100000 | Q: 101.230827 | won: True 
#    5 | steps:   100 | steps_t: 2735611 | t: 0.130805 | r:    95.000000 | e:   0.100000 | Q: 101.350464 | won: True 
#    6 | steps:   118 | steps_t: 2735611 | t: 0.156548 | r:    94.000000 | e:   0.100000 | Q: 101.288605 | won: True 
#    7 | steps:   136 | steps_t: 2735611 | t: 0.172174 | r:    94.000000 | e:   0.100000 | Q: 100.960747 | won: True 
#    8 | steps:   163 | steps_t: 2735611 | t: 0.203427 | r:    85.000000 | e:   0.100000 | Q: 106.888481 | won: True 
#    9 | steps:   184 | steps_t: 2735611 | t: 0.234694 | r:    91.000000 | e:   0.100000 | Q: 101.230827 | won: True 
#   10 | steps:   203 | steps_t: 2735611 | t: 0.250297 | r:    93.000000 | e:   0.100000 | Q:  99.760963 | won: True 
