#    1 | steps:    20 | steps_t: 3270774 | t: 0.015668 | r:    92.000000 | e:   0.100000 | Q: 100.943588 | won: True 
#    2 | steps:    48 | steps_t: 3270774 | t: 0.046874 | r:    84.000000 | e:   0.100000 | Q: 100.516335 | won: True 
#    3 | steps:    65 | steps_t: 3270774 | t: 0.078125 | r:    95.000000 | e:   0.100000 | Q: 101.309280 | won: True 
#    4 | steps:    81 | steps_t: 3270774 | t: 0.093767 | r:    96.000000 | e:   0.100000 | Q: 100.943588 | won: True 
#    5 | steps:    98 | steps_t: 3270774 | t: 0.125003 | r:    95.000000 | e:   0.100000 | Q: 101.309280 | won: True 
#    6 | steps:   119 | steps_t: 3270774 | t: 0.156626 | r:    91.000000 | e:   0.100000 | Q: 100.425217 | won: True 
#    7 | steps:   136 | steps_t: 3270774 | t: 0.172252 | r:    95.000000 | e:   0.100000 | Q: 101.309280 | won: True 
#    8 | steps:   154 | steps_t: 3270774 | t: 0.187914 | r:    94.000000 | e:   0.100000 | Q:  99.949371 | won: True 
#    9 | steps:   184 | steps_t: 3270774 | t: 0.234753 | r:    82.000000 | e:   0.100000 | Q: 101.656296 | won: True 
#   10 | steps:   208 | steps_t: 3270774 | t: 0.250387 | r:    88.000000 | e:   0.100000 | Q: 100.516335 | won: True 
#    1 | steps:     7 | steps_t: 3271349 | t: 0.015660 | r:  -484.000000 | e:   0.100000 | Q: 144.574600 | won: False 
#    2 | steps:    21 | steps_t: 3271349 | t: 0.031250 | r:  -447.000000 | e:   0.100000 | Q: 186.882614 | won: False 
#    3 | steps:    28 | steps_t: 3271349 | t: 0.050796 | r:  -484.000000 | e:   0.100000 | Q: 144.574600 | won: False 
#    4 | steps:    35 | steps_t: 3271349 | t: 0.051847 | r:  -495.000000 | e:   0.100000 | Q: 128.869629 | won: False 
#    5 | steps:    42 | steps_t: 3271349 | t: 0.062856 | r:  -484.000000 | e:   0.100000 | Q: 144.574600 | won: False 
#    6 | steps:    49 | steps_t: 3271349 | t: 0.078530 | r:  -484.000000 | e:   0.100000 | Q: 144.574600 | won: False 
#    7 | steps:    56 | steps_t: 3271349 | t: 0.078530 | r:  -484.000000 | e:   0.100000 | Q: 144.574600 | won: False 
#    8 | steps:    63 | steps_t: 3271349 | t: 0.094153 | r:  -484.000000 | e:   0.100000 | Q: 144.574600 | won: False 
#    9 | steps:    70 | steps_t: 3271349 | t: 0.094153 | r:  -484.000000 | e:   0.100000 | Q: 128.869629 | won: False 
#   10 | steps:    77 | steps_t: 3271349 | t: 0.109781 | r:  -495.000000 | e:   0.100000 | Q: 128.869629 | won: False 
