#    1 | steps:    17 | steps_t: 3270774 | t: 0.015627 | r:    95.000000 | e:   0.100000 | Q: 101.309280 | won: True 
#    2 | steps:    39 | steps_t: 3270774 | t: 0.031253 | r:    90.000000 | e:   0.100000 | Q: 101.595726 | won: True 
#    3 | steps:    55 | steps_t: 3270774 | t: 0.046879 | r:    96.000000 | e:   0.100000 | Q: 100.943588 | won: True 
#    4 | steps:    70 | steps_t: 3270774 | t: 0.046879 | r:  -503.000000 | e:   0.100000 | Q:  73.247620 | won: False 
#    5 | steps:    87 | steps_t: 3270774 | t: 0.062505 | r:    95.000000 | e:   0.100000 | Q: 100.854179 | won: True 
#    6 | steps:   104 | steps_t: 3270774 | t: 0.078131 | r:    95.000000 | e:   0.100000 | Q: 100.854179 | won: True 
#    7 | steps:   125 | steps_t: 3270774 | t: 0.093757 | r:    91.000000 | e:   0.100000 | Q: 100.425217 | won: True 
#    8 | steps:   142 | steps_t: 3270774 | t: 0.093757 | r:    95.000000 | e:   0.100000 | Q: 101.309280 | won: True 
#    9 | steps:   159 | steps_t: 3270774 | t: 0.109384 | r:    95.000000 | e:   0.100000 | Q: 100.854179 | won: True 
#   10 | steps:   176 | steps_t: 3270774 | t: 0.125010 | r:  -505.000000 | e:   0.100000 | Q:  90.346596 | won: False 
#    1 | steps:    17 | steps_t: 3270774 | t: 0.015627 | r:  -505.000000 | e:   0.100000 | Q:  90.346596 | won: False 
#    2 | steps:    34 | steps_t: 3270774 | t: 0.031253 | r:    95.000000 | e:   0.100000 | Q: 101.309280 | won: True 
#    3 | steps:    57 | steps_t: 3270774 | t: 0.046879 | r:    89.000000 | e:   0.100000 | Q: 101.162773 | won: True 
#    4 | steps:    71 | steps_t: 3270774 | t: 0.046879 | r:  -502.000000 | e:   0.100000 | Q:  73.247620 | won: False 
#    5 | steps:    89 | steps_t: 3270774 | t: 0.062505 | r:  -506.000000 | e:   0.100000 | Q:  94.376884 | won: False 
#    6 | steps:   107 | steps_t: 3270774 | t: 0.077022 | r:    94.000000 | e:   0.100000 | Q:  94.376884 | won: True 
#    7 | steps:   124 | steps_t: 3270774 | t: 0.077022 | r:    95.000000 | e:   0.100000 | Q: 101.309280 | won: True 
#    8 | steps:   139 | steps_t: 3270774 | t: 0.092646 | r:  -503.000000 | e:   0.100000 | Q:  73.247620 | won: False 
#    9 | steps:   156 | steps_t: 3270774 | t: 0.092646 | r:    95.000000 | e:   0.100000 | Q: 100.854179 | won: True 
#   10 | steps:   174 | steps_t: 3270774 | t: 0.108273 | r:    94.000000 | e:   0.100000 | Q: 102.359123 | won: True 
#    1 | steps:    22 | steps_t: 3271349 | t: 0.031251 | r:    90.000000 | e:   0.100000 | Q: 100.246086 | won: True 
#    2 | steps:    44 | steps_t: 3271349 | t: 0.046878 | r:    90.000000 | e:   0.100000 | Q: 100.246086 | won: True 
#    3 | steps:    64 | steps_t: 3271349 | t: 0.046878 | r:    92.000000 | e:   0.100000 | Q:  99.879898 | won: True 
#    4 | steps:    83 | steps_t: 3271349 | t: 0.062504 | r:    93.000000 | e:   0.100000 | Q:  99.326218 | won: True 
#    5 | steps:   101 | steps_t: 3271349 | t: 0.078130 | r:    94.000000 | e:   0.100000 | Q:  98.585411 | won: True 
#    6 | steps:   118 | steps_t: 3271349 | t: 0.078130 | r:    95.000000 | e:   0.100000 | Q: 100.647797 | won: True 
#    7 | steps:   135 | steps_t: 3271349 | t: 0.093756 | r:    95.000000 | e:   0.100000 | Q: 100.647797 | won: True 
#    8 | steps:   150 | steps_t: 3271349 | t: 0.093756 | r:  -503.000000 | e:   0.100000 | Q:  56.627514 | won: False 
#    9 | steps:   171 | steps_t: 3271349 | t: 0.109382 | r:    91.000000 | e:   0.100000 | Q: 100.123428 | won: True 
#   10 | steps:   189 | steps_t: 3271349 | t: 0.125008 | r:  -506.000000 | e:   0.100000 | Q:  70.938866 | won: False 
