#    1 | steps:    17 | steps_t: 3270774 | t: 0.031251 | r:    95.000000 | e:   0.100000 | Q: 100.854179 | won: True 
#    2 | steps:    34 | steps_t: 3270774 | t: 0.047166 | r:    95.000000 | e:   0.100000 | Q: 100.854179 | won: True 
#    3 | steps:    64 | steps_t: 3270774 | t: 0.078457 | r:    82.000000 | e:   0.100000 | Q: 101.656296 | won: True 
#    4 | steps:    82 | steps_t: 3270774 | t: 0.109676 | r:    94.000000 | e:   0.100000 | Q:  99.949371 | won: True 
#    5 | steps:    97 | steps_t: 3270774 | t: 0.125314 | r:  -503.000000 | e:   0.100000 | Q:  80.711975 | won: False 
#    6 | steps:   115 | steps_t: 3270774 | t: 0.140926 | r:    94.000000 | e:   0.100000 | Q:  99.949371 | won: True 
#    7 | steps:   134 | steps_t: 3270774 | t: 0.156577 | r:  -496.000000 | e:   0.100000 | Q:  62.387344 | won: False 
#    8 | steps:   154 | steps_t: 3270774 | t: 0.187799 | r:    92.000000 | e:   0.100000 | Q:  99.964523 | won: True 
#    9 | steps:   169 | steps_t: 3270774 | t: 0.203434 | r:  -503.000000 | e:   0.100000 | Q:  73.247620 | won: False 
#   10 | steps:   186 | steps_t: 3270774 | t: 0.219047 | r:    95.000000 | e:   0.100000 | Q:  94.198105 | won: True 
#    1 | steps:    15 | steps_t: 3270774 | t: 0.032138 | r:  -503.000000 | e:   0.100000 | Q:  73.247620 | won: False 
#    2 | steps:    41 | steps_t: 3270774 | t: 0.063402 | r:    86.000000 | e:   0.100000 | Q:  99.574608 | won: True 
#    3 | steps:    59 | steps_t: 3270774 | t: 0.079053 | r:    94.000000 | e:   0.100000 | Q: 102.359123 | won: True 
#    4 | steps:    75 | steps_t: 3270774 | t: 0.094694 | r:    96.000000 | e:   0.100000 | Q: 100.943588 | won: True 
#    5 | steps:    95 | steps_t: 3270774 | t: 0.125900 | r:    92.000000 | e:   0.100000 | Q:  93.402336 | won: True 
#    6 | steps:   125 | steps_t: 3270774 | t: 0.157154 | r:    82.000000 | e:   0.100000 | Q: 101.656296 | won: True 
#    7 | steps:   143 | steps_t: 3270774 | t: 0.172820 | r:    94.000000 | e:   0.100000 | Q: 102.359123 | won: True 
#    8 | steps:   160 | steps_t: 3270774 | t: 0.204614 | r:    95.000000 | e:   0.100000 | Q: 100.147888 | won: True 
#    9 | steps:   192 | steps_t: 3270774 | t: 0.235924 | r:    80.000000 | e:   0.100000 | Q: 100.516335 | won: True 
#   10 | steps:   207 | steps_t: 3270774 | t: 0.267165 | r:  -503.000000 | e:   0.100000 | Q:  83.875259 | won: False 
