#    1 | steps:   176 | steps_t: 9455084 | t: 0.267009 | r:   -19.000000 | e:   0.100000 | Q: 199.894302 | won: False 
#    2 | steps:   258 | steps_t: 9455084 | t: 0.361033 | r:   744.000000 | e:   0.100000 | Q: 211.407745 | won: True 
#    3 | steps:   394 | steps_t: 9455084 | t: 0.515681 | r:   599.000000 | e:   0.100000 | Q: 188.342728 | won: True 
#    4 | steps:   532 | steps_t: 9455084 | t: 0.668571 | r:   648.000000 | e:   0.100000 | Q: 195.418106 | won: True 
#    5 | steps:   637 | steps_t: 9455084 | t: 0.841521 | r:   692.000000 | e:   0.100000 | Q: 196.451096 | won: True 
#    6 | steps:   721 | steps_t: 9455084 | t: 0.941973 | r:   753.000000 | e:   0.100000 | Q: 201.774567 | won: True 
#    7 | steps:   769 | steps_t: 9455084 | t: 1.000230 | r:   -89.000000 | e:   0.100000 | Q: 211.857468 | won: False 
#    8 | steps:   857 | steps_t: 9455084 | t: 1.111461 | r:   738.000000 | e:   0.100000 | Q: 196.468369 | won: True 
#    9 | steps:   940 | steps_t: 9455084 | t: 1.206611 | r:   805.000000 | e:   0.100000 | Q: 209.279160 | won: True 
#   10 | steps:  1024 | steps_t: 9455084 | t: 1.303448 | r:   742.000000 | e:   0.100000 | Q: 212.588867 | won: True 
#   11 | steps:  1146 | steps_t: 9455084 | t: 1.440340 | r:   653.000000 | e:   0.100000 | Q: 194.600784 | won: True 
#   12 | steps:  1229 | steps_t: 9455084 | t: 1.533176 | r:   143.000000 | e:   0.100000 | Q: 223.431808 | won: False 
#   13 | steps:  1320 | steps_t: 9455084 | t: 1.637202 | r:   757.000000 | e:   0.100000 | Q: 210.144287 | won: True 
#   14 | steps:  1403 | steps_t: 9455084 | t: 1.730033 | r:   714.000000 | e:   0.100000 | Q: 200.363098 | won: True 
#   15 | steps:  1485 | steps_t: 9455084 | t: 1.820879 | r:   744.000000 | e:   0.100000 | Q: 216.018997 | won: True 
#   16 | steps:  1619 | steps_t: 9455084 | t: 1.973733 | r:   -69.000000 | e:   0.100000 | Q: 206.094452 | won: False 
#   17 | steps:  1702 | steps_t: 9455084 | t: 2.064611 | r:   663.000000 | e:   0.100000 | Q: 200.333496 | won: True 
#   18 | steps:  1764 | steps_t: 9455084 | t: 2.134629 | r:  -279.000000 | e:   0.100000 | Q: 204.218735 | won: False 
#   19 | steps:  1843 | steps_t: 9455084 | t: 2.227502 | r:   787.000000 | e:   0.100000 | Q: 193.610565 | won: True 
#   20 | steps:  1949 | steps_t: 9455084 | t: 2.348342 | r:   702.000000 | e:   0.100000 | Q: 201.005692 | won: True 
#   21 | steps:  2038 | steps_t: 9455084 | t: 2.519262 | r:   708.000000 | e:   0.100000 | Q: 195.949158 | won: True 
#   22 | steps:  2203 | steps_t: 9455084 | t: 2.702103 | r:    50.000000 | e:   0.100000 | Q: 230.299835 | won: False 
#   23 | steps:  2280 | steps_t: 9455084 | t: 2.789021 | r:   760.000000 | e:   0.100000 | Q: 198.984924 | won: True 
#   24 | steps:  2369 | steps_t: 9455084 | t: 2.887796 | r:   748.000000 | e:   0.100000 | Q: 226.270142 | won: True 
#   25 | steps:  2506 | steps_t: 9455084 | t: 3.040645 | r:   689.000000 | e:   0.100000 | Q: 196.303894 | won: True 
#   26 | steps:  2694 | steps_t: 9455084 | t: 3.249463 | r:  -240.000000 | e:   0.100000 | Q: 198.149017 | won: False 
#   27 | steps:  2791 | steps_t: 9455084 | t: 3.356453 | r:   729.000000 | e:   0.100000 | Q: 211.424179 | won: True 
#   28 | steps:  2867 | steps_t: 9455084 | t: 3.445405 | r:   710.000000 | e:   0.100000 | Q: 215.599167 | won: True 
#   29 | steps:  2965 | steps_t: 9455084 | t: 3.552223 | r:   688.000000 | e:   0.100000 | Q: 198.028595 | won: True 
#   30 | steps:  3055 | steps_t: 9455084 | t: 3.655101 | r:     1.000000 | e:   0.100000 | Q: 205.013885 | won: False 
#   31 | steps:  3158 | steps_t: 9455084 | t: 3.770010 | r:   -27.000000 | e:   0.100000 | Q: 217.994141 | won: False 
#   32 | steps:  3249 | steps_t: 9455084 | t: 3.874966 | r:    14.000000 | e:   0.100000 | Q: 198.838058 | won: False 
#   33 | steps:  3347 | steps_t: 9455084 | t: 3.983215 | r:    44.000000 | e:   0.100000 | Q: 194.176117 | won: False 
#   34 | steps:  3370 | steps_t: 9455084 | t: 4.009221 | r:  -317.000000 | e:   0.100000 | Q: 203.127518 | won: False 
#   35 | steps:  3445 | steps_t: 9455084 | t: 4.093242 | r:   751.000000 | e:   0.100000 | Q: 199.861313 | won: True 
#   36 | steps:  3534 | steps_t: 9455084 | t: 4.282250 | r:   748.000000 | e:   0.100000 | Q: 198.300491 | won: True 
#   37 | steps:  3620 | steps_t: 9455084 | t: 4.378991 | r:   740.000000 | e:   0.100000 | Q: 211.412354 | won: True 
#   38 | steps:  3727 | steps_t: 9455084 | t: 4.499834 | r:    39.000000 | e:   0.100000 | Q: 188.342728 | won: False 
#   39 | steps:  3846 | steps_t: 9455084 | t: 4.632723 | r:   718.000000 | e:   0.100000 | Q: 210.820557 | won: True 
#   40 | steps:  3924 | steps_t: 9455084 | t: 4.721529 | r:   708.000000 | e:   0.100000 | Q: 195.139069 | won: True 
#   41 | steps:  4024 | steps_t: 9455084 | t: 4.831557 | r:   748.000000 | e:   0.100000 | Q: 203.334991 | won: True 
#   42 | steps:  4114 | steps_t: 9455084 | t: 4.930359 | r:   696.000000 | e:   0.100000 | Q: 200.869141 | won: True 
#   43 | steps:  4210 | steps_t: 9455084 | t: 5.037263 | r:   712.000000 | e:   0.100000 | Q: 201.887146 | won: True 
#   44 | steps:  4284 | steps_t: 9455084 | t: 5.119284 | r:   -27.000000 | e:   0.100000 | Q: 199.091904 | won: False 
#   45 | steps:  4358 | steps_t: 9455084 | t: 5.206179 | r:   683.000000 | e:   0.100000 | Q: 221.909393 | won: True 
#   46 | steps:  4455 | steps_t: 9455084 | t: 5.314977 | r:   751.000000 | e:   0.100000 | Q: 222.089828 | won: True 
#   47 | steps:  4550 | steps_t: 9455084 | t: 5.421834 | r:   782.000000 | e:   0.100000 | Q: 193.799500 | won: True 
#   48 | steps:  4634 | steps_t: 9455084 | t: 5.518709 | r:   753.000000 | e:   0.100000 | Q: 204.803787 | won: True 
#   49 | steps:  4729 | steps_t: 9455084 | t: 5.621573 | r:   691.000000 | e:   0.100000 | Q: 212.941788 | won: True 
#   50 | steps:  4825 | steps_t: 9455084 | t: 5.729280 | r:   752.000000 | e:   0.100000 | Q: 195.975128 | won: True 
#   51 | steps:  4905 | steps_t: 9455084 | t: 5.820044 | r:   757.000000 | e:   0.100000 | Q: 200.243195 | won: True 
#   52 | steps:  5003 | steps_t: 9455086 | t: 6.031015 | r:   648.000000 | e:   0.100000 | Q: 202.849442 | won: True 
#   53 | steps:  5098 | steps_t: 9455180 | t: 7.262635 | r:   662.000000 | e:   0.100000 | Q: 191.500916 | won: True 
#   54 | steps:  5183 | steps_t: 9455264 | t: 8.444524 | r:   741.000000 | e:   0.100000 | Q: 217.982285 | won: True 
#   55 | steps:  5342 | steps_t: 9455422 | t: 10.452962 | r:   638.000000 | e:   0.100000 | Q: 223.501663 | won: True 
#   56 | steps:  5432 | steps_t: 9455511 | t: 11.579834 | r:   736.000000 | e:   0.100000 | Q: 210.548584 | won: True 
#   57 | steps:  5534 | steps_t: 9455612 | t: 12.859969 | r:   695.000000 | e:   0.100000 | Q: 220.734406 | won: True 
#   58 | steps:  5647 | steps_t: 9455724 | t: 14.241790 | r:   633.000000 | e:   0.100000 | Q: 217.785233 | won: True 
#   59 | steps:  5841 | steps_t: 9455917 | t: 16.626624 | r:   -92.000000 | e:   0.100000 | Q: 214.114594 | won: False 
#   60 | steps:  5924 | steps_t: 9455999 | t: 17.616138 | r:   674.000000 | e:   0.100000 | Q: 196.552032 | won: True 
#   61 | steps:  6007 | steps_t: 9456081 | t: 18.609977 | r:   -69.000000 | e:   0.100000 | Q: 194.472336 | won: False 
#   62 | steps:  6086 | steps_t: 9456159 | t: 19.547393 | r:   678.000000 | e:   0.100000 | Q: 199.900635 | won: True 
#   63 | steps:  6246 | steps_t: 9456318 | t: 21.432367 | r:   575.000000 | e:   0.100000 | Q: 181.748215 | won: True 
#   64 | steps:  6268 | steps_t: 9456339 | t: 21.700101 | r:  -316.000000 | e:   0.100000 | Q: 200.286041 | won: False 
#   65 | steps:  6347 | steps_t: 9456417 | t: 22.621064 | r:   758.000000 | e:   0.100000 | Q: 197.416748 | won: True 
#   66 | steps:  6519 | steps_t: 9456588 | t: 24.647312 | r:   643.000000 | e:   0.100000 | Q: 193.766876 | won: True 
#   67 | steps:  6604 | steps_t: 9456672 | t: 25.640861 | r:   661.000000 | e:   0.100000 | Q: 208.300217 | won: True 
#   68 | steps:  6633 | steps_t: 9456700 | t: 25.974081 | r:  -257.000000 | e:   0.100000 | Q: 217.744171 | won: False 
#   69 | steps:  6722 | steps_t: 9456788 | t: 27.007961 | r:   748.000000 | e:   0.100000 | Q: 193.206848 | won: True 
#   70 | steps:  6791 | steps_t: 9456856 | t: 27.817162 | r:    25.000000 | e:   0.100000 | Q: 211.783997 | won: False 
#   71 | steps:  6871 | steps_t: 9456935 | t: 28.760911 | r:   626.000000 | e:   0.100000 | Q: 219.565765 | won: True 
#   72 | steps:  6996 | steps_t: 9457059 | t: 30.260397 | r:    28.000000 | e:   0.100000 | Q: 197.926071 | won: False 
#   73 | steps:  7204 | steps_t: 9457266 | t: 32.835006 | r:   -73.000000 | e:   0.100000 | Q: 202.578583 | won: False 
#   74 | steps:  7297 | steps_t: 9457358 | t: 34.054332 | r:   653.000000 | e:   0.100000 | Q: 208.928864 | won: True 
#   75 | steps:  7393 | steps_t: 9457453 | t: 35.189666 | r:   701.000000 | e:   0.100000 | Q: 209.212830 | won: True 
#   76 | steps:  7491 | steps_t: 9457550 | t: 36.372594 | r:   688.000000 | e:   0.100000 | Q: 204.227188 | won: True 
#   77 | steps:  7569 | steps_t: 9457627 | t: 37.300587 | r:   697.000000 | e:   0.100000 | Q: 209.887939 | won: True 
#   78 | steps:  7666 | steps_t: 9457723 | t: 38.441998 | r:    15.000000 | e:   0.100000 | Q: 207.473923 | won: False 
#   79 | steps:  7754 | steps_t: 9457810 | t: 39.476048 | r:   709.000000 | e:   0.100000 | Q: 192.538727 | won: True 
#   80 | steps:  7808 | steps_t: 9457863 | t: 40.107419 | r:     0.000000 | e:   0.100000 | Q: 196.187790 | won: False 
#   81 | steps:  7895 | steps_t: 9457949 | t: 41.106262 | r:   659.000000 | e:   0.100000 | Q: 203.098160 | won: True 
#   82 | steps:  8002 | steps_t: 9458055 | t: 42.330833 | r:    46.000000 | e:   0.100000 | Q: 203.677933 | won: False 
#   83 | steps:  8089 | steps_t: 9458141 | t: 43.346913 | r:   710.000000 | e:   0.100000 | Q: 181.973343 | won: True 
#   84 | steps:  8120 | steps_t: 9458171 | t: 43.710043 | r:  -241.000000 | e:   0.100000 | Q: 214.549347 | won: False 
#   85 | steps:  8143 | steps_t: 9458193 | t: 43.957150 | r:  -193.000000 | e:   0.100000 | Q: 213.008667 | won: False 
#   86 | steps:  8182 | steps_t: 9458231 | t: 44.388759 | r:  -106.000000 | e:   0.100000 | Q: 213.808578 | won: False 
#   87 | steps:  8281 | steps_t: 9458329 | t: 45.516154 | r:   698.000000 | e:   0.100000 | Q: 187.575790 | won: True 
#   88 | steps:  8308 | steps_t: 9458355 | t: 45.808835 | r:  -175.000000 | e:   0.100000 | Q: 211.350845 | won: False 
#   89 | steps:  8394 | steps_t: 9458440 | t: 46.762076 | r:   711.000000 | e:   0.100000 | Q: 202.446426 | won: True 
#   90 | steps:  8497 | steps_t: 9458542 | t: 47.885455 | r:   694.000000 | e:   0.100000 | Q: 202.906189 | won: True 
#   91 | steps:  8586 | steps_t: 9458630 | t: 48.858980 | r:   -42.000000 | e:   0.100000 | Q: 214.541977 | won: False 
#   92 | steps:  8660 | steps_t: 9458703 | t: 49.701904 | r:   763.000000 | e:   0.100000 | Q: 226.547287 | won: True 
#   93 | steps:  8774 | steps_t: 9458816 | t: 50.958409 | r:   712.000000 | e:   0.100000 | Q: 219.813568 | won: True 
#   94 | steps:  8851 | steps_t: 9458892 | t: 51.813419 | r:   709.000000 | e:   0.100000 | Q: 211.371918 | won: True 
#   95 | steps:  8959 | steps_t: 9458999 | t: 52.998308 | r:   -25.000000 | e:   0.100000 | Q: 220.729630 | won: False 
#   96 | steps:  9046 | steps_t: 9459085 | t: 53.957582 | r:   699.000000 | e:   0.100000 | Q: 210.132401 | won: True 
#   97 | steps:  9130 | steps_t: 9459168 | t: 54.880312 | r:   691.000000 | e:   0.100000 | Q: 207.709320 | won: True 
#   98 | steps:  9221 | steps_t: 9459258 | t: 55.881261 | r:   695.000000 | e:   0.100000 | Q: 208.984085 | won: True 
#   99 | steps:  9279 | steps_t: 9459315 | t: 56.519406 | r:  -106.000000 | e:   0.100000 | Q: 208.190277 | won: False 
#  100 | steps:  9388 | steps_t: 9459423 | t: 57.717532 | r:   106.000000 | e:   0.100000 | Q: 219.930649 | won: False 
