#    1 | steps:   104 | steps_t: 8698647 | t: 0.146292 | r:   642.000000 | e:   0.100000 | Q: 200.894592 | won: True 
#    2 | steps:   178 | steps_t: 8698647 | t: 12.116254 | r:   752.000000 | e:   0.100000 | Q: 229.621078 | won: True 
#    3 | steps:   288 | steps_t: 8698647 | t: 30.786328 | r:   665.000000 | e:   0.100000 | Q: 227.698517 | won: True 
#    4 | steps:   363 | steps_t: 8698647 | t: 44.114106 | r:   682.000000 | e:   0.100000 | Q: 211.796432 | won: True 
#    5 | steps:   463 | steps_t: 8698647 | t: 61.294255 | r:   686.000000 | e:   0.100000 | Q: 209.857529 | won: True 
#    6 | steps:   534 | steps_t: 8698647 | t: 73.999550 | r:   -46.000000 | e:   0.100000 | Q: 215.804123 | won: False 
#    7 | steps:   637 | steps_t: 8698647 | t: 91.896525 | r:   723.000000 | e:   0.100000 | Q: 212.577087 | won: True 
#    8 | steps:   693 | steps_t: 8698647 | t: 101.828554 | r:    -2.000000 | e:   0.100000 | Q: 220.351349 | won: False 
#    9 | steps:   816 | steps_t: 8698647 | t: 122.814577 | r:    92.000000 | e:   0.100000 | Q: 216.388168 | won: False 
#   10 | steps:   841 | steps_t: 8698647 | t: 127.973592 | r:  -235.000000 | e:   0.100000 | Q: 220.458954 | won: False 
#   11 | steps:   947 | steps_t: 8698647 | t: 146.504687 | r:  -110.000000 | e:   0.100000 | Q: 211.080322 | won: False 
#   12 | steps:  1029 | steps_t: 8698647 | t: 160.818627 | r:   777.000000 | e:   0.100000 | Q: 216.483994 | won: True 
#   13 | steps:  1109 | steps_t: 8698647 | t: 175.155647 | r:   757.000000 | e:   0.100000 | Q: 201.159088 | won: True 
#   14 | steps:  1197 | steps_t: 8698647 | t: 190.815666 | r:   -45.000000 | e:   0.100000 | Q: 217.361572 | won: False 
#   15 | steps:  1281 | steps_t: 8698647 | t: 205.673782 | r:   742.000000 | e:   0.100000 | Q: 207.576248 | won: True 
#   16 | steps:  1378 | steps_t: 8698647 | t: 222.524716 | r:   103.000000 | e:   0.100000 | Q: 198.403015 | won: False 
#   17 | steps:  1453 | steps_t: 8698647 | t: 235.660747 | r:   147.000000 | e:   0.100000 | Q: 215.588715 | won: False 
#   18 | steps:  1588 | steps_t: 8698647 | t: 258.415775 | r:   651.000000 | e:   0.100000 | Q: 212.318771 | won: True 
#   19 | steps:  1698 | steps_t: 8698647 | t: 276.967777 | r:   705.000000 | e:   0.100000 | Q: 212.318771 | won: True 
#   20 | steps:  1778 | steps_t: 8698647 | t: 290.863745 | r:   735.000000 | e:   0.100000 | Q: 218.207169 | won: True 
#   21 | steps:  1905 | steps_t: 8698647 | t: 312.644823 | r:   710.000000 | e:   0.100000 | Q: 210.370361 | won: True 
#   22 | steps:  1996 | steps_t: 8698647 | t: 328.274929 | r:    22.000000 | e:   0.100000 | Q: 205.204788 | won: False 
#   23 | steps:  2167 | steps_t: 8698647 | t: 356.454885 | r:    44.000000 | e:   0.100000 | Q: 219.986679 | won: False 
#   24 | steps:  2527 | steps_t: 8698647 | t: 414.308956 | r:   477.000000 | e:   0.100000 | Q: 201.504684 | won: True 
