#    1 | steps:    93 | steps_t: 8698647 | t: 0.132034 | r:   693.000000 | e:   0.000000 | Q: 217.803665 | won: True 
#    2 | steps:   208 | steps_t: 8698647 | t: 0.263092 | r:   671.000000 | e:   0.000000 | Q: 210.488602 | won: True 
#    3 | steps:   332 | steps_t: 8698647 | t: 0.400097 | r:   651.000000 | e:   0.000000 | Q: 216.809464 | won: True 
#    4 | steps:   404 | steps_t: 8698647 | t: 0.480845 | r:   714.000000 | e:   0.000000 | Q: 206.632599 | won: True 
#    5 | steps:   473 | steps_t: 8698647 | t: 0.559838 | r:   757.000000 | e:   0.000000 | Q: 227.013947 | won: True 
#    6 | steps:   544 | steps_t: 8698647 | t: 0.637858 | r:   766.000000 | e:   0.000000 | Q: 210.588989 | won: True 
#    7 | steps:   618 | steps_t: 8698647 | t: 0.779686 | r:   803.000000 | e:   0.000000 | Q: 211.729446 | won: True 
#    8 | steps:   696 | steps_t: 8698647 | t: 0.865708 | r:   730.000000 | e:   0.000000 | Q: 210.819748 | won: True 
#    9 | steps:   779 | steps_t: 8698647 | t: 0.958694 | r:   743.000000 | e:   0.000000 | Q: 211.791412 | won: True 
#   10 | steps:   815 | steps_t: 8698647 | t: 0.998703 | r:  -202.000000 | e:   0.000000 | Q: 200.359543 | won: False 
#   11 | steps:   900 | steps_t: 8698647 | t: 1.094728 | r:   741.000000 | e:   0.000000 | Q: 200.359543 | won: True 
#   12 | steps:   991 | steps_t: 8698647 | t: 1.198329 | r:   735.000000 | e:   0.000000 | Q: 213.354446 | won: True 
#   13 | steps:  1072 | steps_t: 8698647 | t: 1.288712 | r:   665.000000 | e:   0.000000 | Q: 213.538528 | won: True 
#   14 | steps:  1147 | steps_t: 8698647 | t: 1.373394 | r:   791.000000 | e:   0.000000 | Q: 214.273987 | won: True 
#   15 | steps:  1216 | steps_t: 8698647 | t: 1.452314 | r:   717.000000 | e:   0.000000 | Q: 211.228165 | won: True 
#   16 | steps:  1296 | steps_t: 8698647 | t: 1.543231 | r:    33.000000 | e:   0.000000 | Q: 205.241684 | won: False 
#   17 | steps:  1380 | steps_t: 8698647 | t: 1.636023 | r:   702.000000 | e:   0.000000 | Q: 212.396103 | won: True 
#   18 | steps:  1446 | steps_t: 8698647 | t: 1.712925 | r:   -12.000000 | e:   0.000000 | Q: 214.167221 | won: False 
#   19 | steps:  1515 | steps_t: 8698647 | t: 1.789715 | r:   757.000000 | e:   0.000000 | Q: 218.329437 | won: True 
#   20 | steps:  1571 | steps_t: 8698647 | t: 1.853731 | r:   -53.000000 | e:   0.000000 | Q: 209.359406 | won: False 
#   21 | steps:  1658 | steps_t: 8698647 | t: 1.951756 | r:   728.000000 | e:   0.000000 | Q: 217.718781 | won: True 
#   22 | steps:  1744 | steps_t: 8698647 | t: 2.048683 | r:   700.000000 | e:   0.000000 | Q: 207.354797 | won: True 
#   23 | steps:  1820 | steps_t: 8698647 | t: 2.136480 | r:   699.000000 | e:   0.000000 | Q: 208.308792 | won: True 
#   24 | steps:  1933 | steps_t: 8698647 | t: 2.263529 | r:   673.000000 | e:   0.000000 | Q: 222.029465 | won: True 
#   25 | steps:  2003 | steps_t: 8698647 | t: 2.416504 | r:   687.000000 | e:   0.000000 | Q: 205.241684 | won: True 
#   26 | steps:  2070 | steps_t: 8698647 | t: 2.491393 | r:   639.000000 | e:   0.000000 | Q: 203.211533 | won: True 
#   27 | steps:  2192 | steps_t: 8698647 | t: 2.628349 | r:   744.000000 | e:   0.000000 | Q: 226.088699 | won: True 
#   28 | steps:  2261 | steps_t: 8698647 | t: 2.707220 | r:   768.000000 | e:   0.000000 | Q: 201.477615 | won: True 
#   29 | steps:  2338 | steps_t: 8698647 | t: 2.794159 | r:   709.000000 | e:   0.000000 | Q: 233.287292 | won: True 
#   30 | steps:  2415 | steps_t: 8698647 | t: 2.881011 | r:   749.000000 | e:   0.000000 | Q: 206.437881 | won: True 
#   31 | steps:  2510 | steps_t: 8698647 | t: 2.985038 | r:   640.000000 | e:   0.000000 | Q: 217.056107 | won: True 
#   32 | steps:  2528 | steps_t: 8698647 | t: 3.007044 | r:  -312.000000 | e:   0.000000 | Q: 227.698517 | won: False 
#   33 | steps:  2597 | steps_t: 8698647 | t: 3.083924 | r:   728.000000 | e:   0.000000 | Q: 206.617279 | won: True 
#   34 | steps:  2674 | steps_t: 8698647 | t: 3.175678 | r:   669.000000 | e:   0.000000 | Q: 200.414108 | won: True 
#   35 | steps:  2797 | steps_t: 8698647 | t: 3.314116 | r:   725.000000 | e:   0.000000 | Q: 216.225388 | won: True 
#   36 | steps:  2877 | steps_t: 8698647 | t: 3.404954 | r:   706.000000 | e:   0.000000 | Q: 215.600159 | won: True 
#   37 | steps:  2971 | steps_t: 8698647 | t: 3.509851 | r:   703.000000 | e:   0.000000 | Q: 214.534241 | won: True 
#   38 | steps:  3069 | steps_t: 8698647 | t: 3.617879 | r:   648.000000 | e:   0.000000 | Q: 208.758057 | won: True 
#   39 | steps:  3139 | steps_t: 8698647 | t: 3.696777 | r:   716.000000 | e:   0.000000 | Q: 209.128174 | won: True 
#   40 | steps:  3217 | steps_t: 8698647 | t: 3.785674 | r:   810.000000 | e:   0.000000 | Q: 209.884750 | won: True 
#   41 | steps:  3317 | steps_t: 8698647 | t: 3.896526 | r:   646.000000 | e:   0.000000 | Q: 214.167221 | won: True 
#   42 | steps:  3384 | steps_t: 8698647 | t: 3.971240 | r:   719.000000 | e:   0.000000 | Q: 202.568420 | won: True 
#   43 | steps:  3493 | steps_t: 8698647 | t: 4.184299 | r:   626.000000 | e:   0.000000 | Q: 213.810440 | won: True 
#   44 | steps:  3567 | steps_t: 8698647 | t: 4.267163 | r:   672.000000 | e:   0.000000 | Q: 208.165985 | won: True 
#   45 | steps:  3636 | steps_t: 8698647 | t: 4.343182 | r:   677.000000 | e:   0.000000 | Q: 209.591766 | won: True 
#   46 | steps:  3713 | steps_t: 8698647 | t: 4.430035 | r:    46.000000 | e:   0.000000 | Q: 225.287628 | won: False 
#   47 | steps:  3822 | steps_t: 8698647 | t: 4.553042 | r:   728.000000 | e:   0.000000 | Q: 214.460129 | won: True 
#   48 | steps:  3895 | steps_t: 8698647 | t: 4.633951 | r:   -44.000000 | e:   0.000000 | Q: 188.967041 | won: False 
#   49 | steps:  4008 | steps_t: 8698647 | t: 4.760827 | r:   684.000000 | e:   0.000000 | Q: 217.101425 | won: True 
#   50 | steps:  4084 | steps_t: 8698647 | t: 4.845745 | r:    44.000000 | e:   0.000000 | Q: 219.282562 | won: False 
#   51 | steps:  4153 | steps_t: 8698647 | t: 4.922493 | r:   637.000000 | e:   0.000000 | Q: 205.967957 | won: True 
#   52 | steps:  4231 | steps_t: 8698647 | t: 5.011301 | r:   777.000000 | e:   0.000000 | Q: 211.075424 | won: True 
#   53 | steps:  4340 | steps_t: 8698647 | t: 5.132007 | r:   677.000000 | e:   0.000000 | Q: 193.975616 | won: True 
#   54 | steps:  4414 | steps_t: 8698647 | t: 5.216876 | r:   672.000000 | e:   0.000000 | Q: 219.800262 | won: True 
#   55 | steps:  4485 | steps_t: 8698647 | t: 5.295614 | r:   675.000000 | e:   0.000000 | Q: 209.608322 | won: True 
#   56 | steps:  4552 | steps_t: 8698647 | t: 5.370419 | r:   679.000000 | e:   0.000000 | Q: 222.621246 | won: True 
#   57 | steps:  4628 | steps_t: 8698647 | t: 5.455241 | r:   750.000000 | e:   0.000000 | Q: 225.689026 | won: True 
#   58 | steps:  4704 | steps_t: 8698647 | t: 5.540023 | r:   670.000000 | e:   0.000000 | Q: 218.492447 | won: True 
#   59 | steps:  4821 | steps_t: 8698647 | t: 5.668855 | r:   782.000000 | e:   0.000000 | Q: 212.790878 | won: True 
#   60 | steps:  4898 | steps_t: 8698647 | t: 5.755732 | r:   669.000000 | e:   0.000000 | Q: 214.995819 | won: True 
#   61 | steps:  4973 | steps_t: 8698647 | t: 5.840614 | r:   711.000000 | e:   0.000000 | Q: 222.544373 | won: True 
#   62 | steps:  5040 | steps_t: 8698686 | t: 6.425696 | r:   679.000000 | e:   0.000000 | Q: 208.794754 | won: True 
#   63 | steps:  5116 | steps_t: 8698761 | t: 7.359593 | r:   721.000000 | e:   0.000000 | Q: 199.694260 | won: True 
#   64 | steps:  5209 | steps_t: 8698853 | t: 8.578815 | r:   642.000000 | e:   0.000000 | Q: 203.414154 | won: True 
#   65 | steps:  5355 | steps_t: 8698998 | t: 10.302695 | r:   640.000000 | e:   0.000000 | Q: 202.681702 | won: True 
#   66 | steps:  5789 | steps_t: 8699431 | t: 15.393854 | r:   272.000000 | e:   0.000000 | Q: 187.503082 | won: True 
#   67 | steps:  5859 | steps_t: 8699500 | t: 16.179235 | r:   767.000000 | e:   0.000000 | Q: 202.190887 | won: True 
#   68 | steps:  6033 | steps_t: 8699673 | t: 18.148660 | r:   572.000000 | e:   0.000000 | Q: 178.080414 | won: True 
#   69 | steps:  6209 | steps_t: 8699848 | t: 20.132277 | r:   -74.000000 | e:   0.000000 | Q: 184.073502 | won: False 
#   70 | steps:  6314 | steps_t: 8699952 | t: 21.314207 | r:   721.000000 | e:   0.000000 | Q: 192.031479 | won: True 
