#    1 | steps:   156 | steps_t: 977569 | t: 0.224050 | r:   601.000000 | e:   0.100000 | Q: 214.271927 | won: True 
#    2 | steps:   177 | steps_t: 977569 | t: 4.165235 | r:  -337.000000 | e:   0.100000 | Q: 206.277466 | won: False 
#    3 | steps:   288 | steps_t: 977569 | t: 25.496065 | r:   -49.000000 | e:   0.100000 | Q: 201.007126 | won: False 
#    4 | steps:   419 | steps_t: 977569 | t: 50.161026 | r:    11.000000 | e:   0.100000 | Q: 219.170502 | won: False 
#    5 | steps:   445 | steps_t: 977569 | t: 55.569828 | r:  -316.000000 | e:   0.100000 | Q: 184.433380 | won: False 
#    6 | steps:   571 | steps_t: 977569 | t: 77.100649 | r:   100.000000 | e:   0.100000 | Q: 207.336609 | won: False 
#    7 | steps:   699 | steps_t: 977569 | t: 98.709792 | r:     7.000000 | e:   0.100000 | Q: 189.065811 | won: False 
#    8 | steps:   901 | steps_t: 977569 | t: 131.659214 | r:   -16.000000 | e:   0.100000 | Q: 203.800491 | won: False 
#    9 | steps:  1089 | steps_t: 977569 | t: 162.850794 | r:   -42.000000 | e:   0.100000 | Q: 191.156281 | won: False 
#   10 | steps:  1239 | steps_t: 977569 | t: 187.946904 | r:   127.000000 | e:   0.100000 | Q: 222.319824 | won: False 
#   11 | steps:  1346 | steps_t: 977569 | t: 205.951761 | r:    28.000000 | e:   0.100000 | Q: 194.782883 | won: False 
#   12 | steps:  1395 | steps_t: 977569 | t: 214.899789 | r:   -86.000000 | e:   0.100000 | Q: 187.532776 | won: False 
#   13 | steps:  1509 | steps_t: 977569 | t: 234.117768 | r:   581.000000 | e:   0.100000 | Q: 202.985611 | won: True 
#   14 | steps:  1564 | steps_t: 977569 | t: 244.089697 | r:   -34.000000 | e:   0.100000 | Q: 214.722931 | won: False 
#   15 | steps:  1757 | steps_t: 977569 | t: 275.899714 | r:   582.000000 | e:   0.100000 | Q: 216.736572 | won: True 
#   16 | steps:  1874 | steps_t: 977569 | t: 295.600296 | r:   578.000000 | e:   0.100000 | Q: 196.594940 | won: True 
#   17 | steps:  2019 | steps_t: 977569 | t: 319.624624 | r:   550.000000 | e:   0.100000 | Q: 209.121674 | won: True 
#   18 | steps:  2118 | steps_t: 977569 | t: 336.707671 | r:    21.000000 | e:   0.100000 | Q: 215.313461 | won: False 
#   19 | steps:  2375 | steps_t: 977569 | t: 378.815323 | r:     9.000000 | e:   0.100000 | Q: 229.859955 | won: False 
#   20 | steps:  2475 | steps_t: 977569 | t: 396.015594 | r:   726.000000 | e:   0.100000 | Q: 222.578781 | won: True 
#   21 | steps:  2586 | steps_t: 977569 | t: 414.712608 | r:   635.000000 | e:   0.100000 | Q: 208.552856 | won: True 
#   22 | steps:  2615 | steps_t: 977569 | t: 420.590585 | r:  -308.000000 | e:   0.100000 | Q: 187.532776 | won: False 
#   23 | steps:  2728 | steps_t: 977569 | t: 440.023628 | r:    -1.000000 | e:   0.100000 | Q: 216.522614 | won: False 
#   24 | steps:  2792 | steps_t: 977569 | t: 451.632514 | r:  -105.000000 | e:   0.100000 | Q: 211.254013 | won: False 
#   25 | steps:  2834 | steps_t: 977569 | t: 459.602448 | r:   -54.000000 | e:   0.100000 | Q: 212.278748 | won: False 
#   26 | steps:  2926 | steps_t: 977569 | t: 475.644315 | r:   723.000000 | e:   0.100000 | Q: 206.565338 | won: True 
#   27 | steps:  3037 | steps_t: 977569 | t: 494.532562 | r:   635.000000 | e:   0.100000 | Q: 202.589935 | won: True 
#   28 | steps:  3064 | steps_t: 977569 | t: 499.916737 | r:  -237.000000 | e:   0.100000 | Q: 216.736572 | won: False 
#   29 | steps:  3189 | steps_t: 977569 | t: 520.956294 | r:   -52.000000 | e:   0.100000 | Q: 187.779755 | won: False 
#   30 | steps:  3320 | steps_t: 977569 | t: 543.284923 | r:   644.000000 | e:   0.100000 | Q: 206.506989 | won: True 
#   31 | steps:  3449 | steps_t: 977569 | t: 564.907872 | r:   668.000000 | e:   0.100000 | Q: 213.455322 | won: True 
#   32 | steps:  3628 | steps_t: 977569 | t: 595.038482 | r:   -84.000000 | e:   0.100000 | Q: 212.129593 | won: False 
#   33 | steps:  3716 | steps_t: 977569 | t: 610.274472 | r:   698.000000 | e:   0.100000 | Q: 224.695892 | won: True 
#   34 | steps:  3859 | steps_t: 977569 | t: 634.120309 | r:   -30.000000 | e:   0.100000 | Q: 226.720596 | won: False 
#   35 | steps:  3995 | steps_t: 977569 | t: 656.757456 | r:    68.000000 | e:   0.100000 | Q: 218.420715 | won: False 
#   36 | steps:  4066 | steps_t: 977569 | t: 669.188457 | r:    -6.000000 | e:   0.100000 | Q: 213.731445 | won: False 
#   37 | steps:  4089 | steps_t: 977569 | t: 673.790489 | r:  -328.000000 | e:   0.100000 | Q: 212.621506 | won: False 
#   38 | steps:  4197 | steps_t: 977569 | t: 692.132442 | r:   627.000000 | e:   0.100000 | Q: 214.271973 | won: True 
#   39 | steps:  4282 | steps_t: 977569 | t: 706.711385 | r:   -56.000000 | e:   0.100000 | Q: 212.030029 | won: False 
#   40 | steps:  4392 | steps_t: 977569 | t: 725.378025 | r:   778.000000 | e:   0.100000 | Q: 222.641739 | won: True 
#   41 | steps:  4512 | steps_t: 977569 | t: 745.724237 | r:    44.000000 | e:   0.100000 | Q: 214.419357 | won: False 
#   42 | steps:  4588 | steps_t: 977569 | t: 758.966873 | r:   117.000000 | e:   0.100000 | Q: 229.885468 | won: False 
#   43 | steps:  4819 | steps_t: 977569 | t: 796.819346 | r:   606.000000 | e:   0.100000 | Q: 207.383789 | won: True 
#   44 | steps:  4953 | steps_t: 977569 | t: 819.285304 | r:   -10.000000 | e:   0.100000 | Q: 204.168762 | won: False 
