#    1 | steps:   130 | steps_t: 977569 | t: 0.185915 | r:   696.000000 | e:   0.100000 | Q: 211.095200 | won: True 
#    2 | steps:   191 | steps_t: 977569 | t: 10.732326 | r:   -62.000000 | e:   0.100000 | Q: 207.087769 | won: False 
#    3 | steps:   285 | steps_t: 977569 | t: 26.841454 | r:   681.000000 | e:   0.100000 | Q: 187.532776 | won: True 
#    4 | steps:   366 | steps_t: 977569 | t: 41.095879 | r:    10.000000 | e:   0.100000 | Q: 216.713257 | won: False 
#    5 | steps:   453 | steps_t: 977569 | t: 56.068312 | r:   -51.000000 | e:   0.100000 | Q: 197.504837 | won: False 
#    6 | steps:   547 | steps_t: 977569 | t: 72.337011 | r:   652.000000 | e:   0.100000 | Q: 205.765076 | won: True 
#    7 | steps:   685 | steps_t: 977569 | t: 95.262264 | r:   648.000000 | e:   0.100000 | Q: 215.048492 | won: True 
#    8 | steps:   856 | steps_t: 977569 | t: 123.852250 | r:   677.000000 | e:   0.100000 | Q: 213.733200 | won: True 
#    9 | steps:   941 | steps_t: 977569 | t: 138.603207 | r:   108.000000 | e:   0.100000 | Q: 217.384201 | won: False 
#   10 | steps:  1050 | steps_t: 977569 | t: 157.255509 | r:   717.000000 | e:   0.100000 | Q: 207.576462 | won: True 
#   11 | steps:  1255 | steps_t: 977569 | t: 191.351339 | r:   530.000000 | e:   0.100000 | Q: 225.625458 | won: True 
#   12 | steps:  1269 | steps_t: 977569 | t: 194.657205 | r:  -425.000000 | e:   0.100000 | Q: 196.040070 | won: False 
#   13 | steps:  1388 | steps_t: 977569 | t: 214.830235 | r:   696.000000 | e:   0.100000 | Q: 219.170502 | won: True 
#   14 | steps:  1595 | steps_t: 977569 | t: 248.943162 | r:   568.000000 | e:   0.100000 | Q: 214.324814 | won: True 
#   15 | steps:  1690 | steps_t: 977569 | t: 265.662158 | r:    -1.000000 | e:   0.100000 | Q: 212.908112 | won: False 
#   16 | steps:  1891 | steps_t: 977569 | t: 298.637230 | r:    14.000000 | e:   0.100000 | Q: 203.282150 | won: False 
#   17 | steps:  1949 | steps_t: 977569 | t: 309.386739 | r:   -59.000000 | e:   0.100000 | Q: 213.717499 | won: False 
#   18 | steps:  2001 | steps_t: 977569 | t: 319.138212 | r:  -148.000000 | e:   0.100000 | Q: 210.159897 | won: False 
#   19 | steps:  2046 | steps_t: 977569 | t: 327.638110 | r:  -112.000000 | e:   0.100000 | Q: 221.729538 | won: False 
#   20 | steps:  2269 | steps_t: 977569 | t: 364.133085 | r:   472.000000 | e:   0.100000 | Q: 198.364243 | won: True 
#   21 | steps:  2378 | steps_t: 977569 | t: 382.791277 | r:   117.000000 | e:   0.100000 | Q: 214.295166 | won: False 
#   22 | steps:  2656 | steps_t: 977569 | t: 428.359042 | r:   559.000000 | e:   0.100000 | Q: 208.566742 | won: True 
#   23 | steps:  3498 | steps_t: 977569 | t: 563.421955 | r:  -645.000000 | e:   0.100000 | Q: 187.532776 | won: False 
#   24 | steps:  3609 | steps_t: 977569 | t: 582.652940 | r:   675.000000 | e:   0.100000 | Q: 213.730179 | won: True 
#   25 | steps:  3732 | steps_t: 977569 | t: 603.633546 | r:   765.000000 | e:   0.100000 | Q: 217.131744 | won: True 
#   26 | steps:  3881 | steps_t: 977569 | t: 629.284908 | r:   637.000000 | e:   0.100000 | Q: 192.962036 | won: True 
#   27 | steps:  3904 | steps_t: 977569 | t: 633.889913 | r:  -339.000000 | e:   0.100000 | Q: 211.808273 | won: False 
#   28 | steps:  4084 | steps_t: 977569 | t: 663.784982 | r:   555.000000 | e:   0.100000 | Q: 217.674088 | won: True 
#   29 | steps:  4229 | steps_t: 977569 | t: 688.526869 | r:   550.000000 | e:   0.100000 | Q: 187.532776 | won: True 
#   30 | steps:  4578 | steps_t: 977569 | t: 746.263859 | r:   -72.000000 | e:   0.100000 | Q: 203.937225 | won: False 
#   31 | steps:  4745 | steps_t: 977569 | t: 773.964882 | r:   -36.000000 | e:   0.100000 | Q: 223.930435 | won: False 
#   32 | steps:  4826 | steps_t: 977569 | t: 788.307806 | r:    61.000000 | e:   0.100000 | Q: 216.171509 | won: False 
#   33 | steps:  5052 | steps_t: 977620 | t: 826.111907 | r:   629.000000 | e:   0.100000 | Q: 212.146042 | won: True 
