#    1 | steps:    23 | steps_t: 3271349 | t: 0.070018 | r:    89.000000 | e:   0.100000 | Q: 100.897446 | won: True 
#    2 | steps:    45 | steps_t: 3271349 | t: 3.103826 | r:    90.000000 | e:   0.100000 | Q: 100.246086 | won: True 
#    3 | steps:    77 | steps_t: 3271349 | t: 8.514930 | r:    80.000000 | e:   0.100000 | Q: 102.645950 | won: True 
#    4 | steps:    95 | steps_t: 3271349 | t: 11.939855 | r:    94.000000 | e:   0.100000 | Q:  93.421745 | won: True 
#    5 | steps:   120 | steps_t: 3271349 | t: 16.367520 | r:    87.000000 | e:   0.100000 | Q: 104.432159 | won: True 
#    6 | steps:   139 | steps_t: 3271349 | t: 19.978848 | r:    93.000000 | e:   0.100000 | Q: 100.448860 | won: True 
#    7 | steps:   162 | steps_t: 3271349 | t: 24.099869 | r:    89.000000 | e:   0.100000 | Q: 100.897446 | won: True 
#    8 | steps:   182 | steps_t: 3271349 | t: 27.802988 | r:    92.000000 | e:   0.100000 | Q:  99.879898 | won: True 
#    9 | steps:   200 | steps_t: 3271349 | t: 31.229011 | r:    94.000000 | e:   0.100000 | Q:  98.585411 | won: True 
#   10 | steps:   214 | steps_t: 3271349 | t: 34.164023 | r:  -513.000000 | e:   0.100000 | Q:  41.500629 | won: False 
#   11 | steps:   238 | steps_t: 3271349 | t: 38.495873 | r:    88.000000 | e:   0.100000 | Q: 102.645950 | won: True 
#   12 | steps:   255 | steps_t: 3271349 | t: 41.814839 | r:    95.000000 | e:   0.100000 | Q: 100.647797 | won: True 
#   13 | steps:   273 | steps_t: 3271349 | t: 45.269614 | r:    94.000000 | e:   0.100000 | Q:  98.585411 | won: True 
#   14 | steps:   290 | steps_t: 3271349 | t: 48.548902 | r:    95.000000 | e:   0.100000 | Q: 100.647797 | won: True 
#   15 | steps:   308 | steps_t: 3271349 | t: 51.980891 | r:    94.000000 | e:   0.100000 | Q:  99.616348 | won: True 
#   16 | steps:   334 | steps_t: 3271349 | t: 56.549895 | r:    86.000000 | e:   0.100000 | Q: 100.056366 | won: True 
#   17 | steps:   350 | steps_t: 3271349 | t: 59.695986 | r:    96.000000 | e:   0.100000 | Q: 100.435410 | won: True 
#   18 | steps:   368 | steps_t: 3271349 | t: 63.142904 | r:    94.000000 | e:   0.100000 | Q:  99.616348 | won: True 
#   19 | steps:   389 | steps_t: 3271349 | t: 67.039910 | r:    91.000000 | e:   0.100000 | Q: 100.123428 | won: True 
#   20 | steps:   406 | steps_t: 3271349 | t: 70.371603 | r:    95.000000 | e:   0.100000 | Q:  99.937119 | won: True 
#   21 | steps:   423 | steps_t: 3271349 | t: 73.667937 | r:    95.000000 | e:   0.100000 | Q:  99.937119 | won: True 
#   22 | steps:   440 | steps_t: 3271349 | t: 76.979926 | r:    95.000000 | e:   0.100000 | Q: 100.647797 | won: True 
#   23 | steps:   454 | steps_t: 3271349 | t: 79.883010 | r:  -502.000000 | e:   0.100000 | Q:  66.433716 | won: False 
#   24 | steps:   474 | steps_t: 3271349 | t: 83.597932 | r:    92.000000 | e:   0.100000 | Q:  99.879898 | won: True 
#   25 | steps:   491 | steps_t: 3271349 | t: 86.929353 | r:    95.000000 | e:   0.100000 | Q: 100.647797 | won: True 
#   26 | steps:   512 | steps_t: 3271349 | t: 90.799939 | r:    91.000000 | e:   0.100000 | Q: 100.647797 | won: True 
#   27 | steps:   532 | steps_t: 3271349 | t: 94.510945 | r:    92.000000 | e:   0.100000 | Q: 100.136078 | won: True 
#   28 | steps:   553 | steps_t: 3271349 | t: 98.381666 | r:    91.000000 | e:   0.100000 | Q: 100.123428 | won: True 
#   29 | steps:   567 | steps_t: 3271349 | t: 101.309207 | r:  -502.000000 | e:   0.100000 | Q:  71.597641 | won: False 
#   30 | steps:   592 | steps_t: 3271349 | t: 105.760056 | r:    87.000000 | e:   0.100000 | Q: 104.432159 | won: True 
#   31 | steps:   612 | steps_t: 3271349 | t: 109.504966 | r:  -508.000000 | e:   0.100000 | Q:  68.996185 | won: False 
#   32 | steps:   641 | steps_t: 3271349 | t: 114.557394 | r:    83.000000 | e:   0.100000 | Q: 104.432159 | won: True 
#   33 | steps:   659 | steps_t: 3271349 | t: 118.011259 | r:    94.000000 | e:   0.100000 | Q:  98.585411 | won: True 
#   34 | steps:   677 | steps_t: 3271349 | t: 130.587185 | r:  -506.000000 | e:   0.100000 | Q:  93.421745 | won: False 
