#    1 | steps:    13 | steps_t:     0 | t: 0.021004 | r:  -501.000000 | e:   1.000000 | Q:        nan | won: False 
#    2 | steps:    28 | steps_t:     0 | t: 0.031007 | r:  -470.000000 | e:   1.000000 | Q:        nan | won: False 
#    3 | steps:    49 | steps_t:     0 | t: 0.046010 | r:  -454.000000 | e:   1.000000 | Q:        nan | won: False 
#    4 | steps:    76 | steps_t:     0 | t: 0.065015 | r:  -460.000000 | e:   1.000000 | Q:        nan | won: False 
#    5 | steps:   105 | steps_t:     0 | t: 0.086019 | r:  -495.000000 | e:   1.000000 | Q:        nan | won: False 
#    6 | steps:   120 | steps_t:     0 | t: 0.097021 | r:  -459.000000 | e:   1.000000 | Q:        nan | won: False 
#    7 | steps:   149 | steps_t:     0 | t: 0.116026 | r:  -495.000000 | e:   1.000000 | Q:        nan | won: False 
#    8 | steps:   161 | steps_t:     0 | t: 0.125028 | r:  -500.000000 | e:   1.000000 | Q:        nan | won: False 
#    9 | steps:   214 | steps_t:     0 | t: 0.161036 | r:  -475.000000 | e:   1.000000 | Q:        nan | won: False 
#   10 | steps:   243 | steps_t:     0 | t: 0.182041 | r:  -462.000000 | e:   1.000000 | Q:        nan | won: False 
#   11 | steps:   254 | steps_t:     0 | t: 0.189042 | r:  -488.000000 | e:   1.000000 | Q:        nan | won: False 
#   12 | steps:   273 | steps_t:     0 | t: 0.202045 | r:  -474.000000 | e:   1.000000 | Q:        nan | won: False 
#   13 | steps:   290 | steps_t:     0 | t: 0.214048 | r:  -439.000000 | e:   1.000000 | Q:        nan | won: False 
#   14 | steps:   420 | steps_t:     0 | t: 0.302068 | r:  -376.000000 | e:   1.000000 | Q:        nan | won: False 
#   15 | steps:   434 | steps_t:     0 | t: 0.312070 | r:  -502.000000 | e:   1.000000 | Q:        nan | won: False 
#   16 | steps:   445 | steps_t:     0 | t: 0.320072 | r:  -477.000000 | e:   1.000000 | Q:        nan | won: False 
#   17 | steps:   454 | steps_t:     0 | t: 0.326073 | r:  -475.000000 | e:   1.000000 | Q:        nan | won: False 
#   18 | steps:   468 | steps_t:     0 | t: 0.335076 | r:  -502.000000 | e:   1.000000 | Q:        nan | won: False 
#   19 | steps:   498 | steps_t:     0 | t: 0.356080 | r:  -474.000000 | e:   1.000000 | Q:        nan | won: False 
#   20 | steps:   614 | steps_t:     0 | t: 0.436098 | r:  -450.000000 | e:   1.000000 | Q:        nan | won: False 
#   21 | steps:   625 | steps_t:     0 | t: 0.443099 | r:  -477.000000 | e:   1.000000 | Q:        nan | won: False 
#   22 | steps:   645 | steps_t:     0 | t: 0.456102 | r:  -475.000000 | e:   1.000000 | Q:        nan | won: False 
#   23 | steps:   774 | steps_t:     0 | t: 0.600134 | r:  -386.000000 | e:   1.000000 | Q:        nan | won: False 
#   24 | steps:   790 | steps_t:     0 | t: 0.612138 | r:  -482.000000 | e:   1.000000 | Q:        nan | won: False 
#   25 | steps:   799 | steps_t:     0 | t: 0.618139 | r:  -464.000000 | e:   1.000000 | Q:        nan | won: False 
#   26 | steps:   828 | steps_t:     0 | t: 0.638143 | r:  -484.000000 | e:   1.000000 | Q:        nan | won: False 
#   27 | steps:   905 | steps_t:     0 | t: 0.691155 | r:  -444.000000 | e:   1.000000 | Q:        nan | won: False 
#   28 | steps:   919 | steps_t:     0 | t: 0.701157 | r:  -491.000000 | e:   1.000000 | Q:        nan | won: False 
#   29 | steps:   995 | steps_t:     0 | t: 0.753169 | r:  -487.000000 | e:   1.000000 | Q:        nan | won: False 
#   30 | steps:  1005 | steps_t:     0 | t: 0.759170 | r:  -454.000000 | e:   1.000000 | Q:        nan | won: False 
#   31 | steps:  1053 | steps_t:     0 | t: 0.793179 | r:  -503.000000 | e:   1.000000 | Q:        nan | won: False 
#   32 | steps:  1116 | steps_t:     0 | t: 0.837188 | r:  -463.000000 | e:   1.000000 | Q:        nan | won: False 
#   33 | steps:  1134 | steps_t:     0 | t: 0.849190 | r:  -462.000000 | e:   1.000000 | Q:        nan | won: False 
#   34 | steps:  1198 | steps_t:     0 | t: 0.893200 | r:  -336.000000 | e:   1.000000 | Q:        nan | won: False 
#   35 | steps:  1358 | steps_t:     0 | t: 1.004225 | r:  -472.000000 | e:   1.000000 | Q:        nan | won: False 
#   36 | steps:  1394 | steps_t:     0 | t: 1.030231 | r:  -469.000000 | e:   1.000000 | Q:        nan | won: False 
#   37 | steps:  1428 | steps_t:     0 | t: 1.054236 | r:  -467.000000 | e:   1.000000 | Q:        nan | won: False 
#   38 | steps:  1449 | steps_t:     0 | t: 1.069240 | r:  -476.000000 | e:   1.000000 | Q:        nan | won: False 
#   39 | steps:  1479 | steps_t:     0 | t: 1.090244 | r:  -496.000000 | e:   1.000000 | Q:        nan | won: False 
#   40 | steps:  1513 | steps_t:     0 | t: 1.114250 | r:  -412.000000 | e:   1.000000 | Q:        nan | won: False 
#   41 | steps:  1534 | steps_t:     0 | t: 1.128254 | r:  -487.000000 | e:   1.000000 | Q:        nan | won: False 
#   42 | steps:  1546 | steps_t:     0 | t: 1.137255 | r:  -467.000000 | e:   1.000000 | Q:        nan | won: False 
#   43 | steps:  1590 | steps_t:     0 | t: 1.168262 | r:  -466.000000 | e:   1.000000 | Q:        nan | won: False 
#   44 | steps:  1621 | steps_t:     0 | t: 1.190267 | r:  -475.000000 | e:   1.000000 | Q:        nan | won: False 
#   45 | steps:  1682 | steps_t:     0 | t: 1.233277 | r:  -377.000000 | e:   1.000000 | Q:        nan | won: False 
#   46 | steps:  1704 | steps_t:     0 | t: 1.248281 | r:  -444.000000 | e:   1.000000 | Q:        nan | won: False 
#   47 | steps:  1905 | steps_t:     0 | t: 1.386311 | r:  -392.000000 | e:   1.000000 | Q:        nan | won: False 
#   48 | steps:  1924 | steps_t:     0 | t: 1.399316 | r:  -485.000000 | e:   1.000000 | Q:        nan | won: False 
#   49 | steps:  1954 | steps_t:     0 | t: 1.420319 | r:  -474.000000 | e:   1.000000 | Q:        nan | won: False 
#   50 | steps:  2016 | steps_t:     0 | t: 1.462328 | r:  -473.000000 | e:   1.000000 | Q:        nan | won: False 
#   51 | steps:  2041 | steps_t:     0 | t: 1.480332 | r:  -491.000000 | e:   1.000000 | Q:        nan | won: False 
#   52 | steps:  2075 | steps_t:     0 | t: 1.503338 | r:  -423.000000 | e:   1.000000 | Q:        nan | won: False 
#   53 | steps:  2098 | steps_t:     0 | t: 1.519341 | r:  -467.000000 | e:   1.000000 | Q:        nan | won: False 
#   54 | steps:  2116 | steps_t:     0 | t: 1.532344 | r:  -462.000000 | e:   1.000000 | Q:        nan | won: False 
#   55 | steps:  2333 | steps_t:     0 | t: 1.681377 | r:  -474.000000 | e:   1.000000 | Q:        nan | won: False 
#   56 | steps:  2386 | steps_t:     0 | t: 1.718386 | r:  -497.000000 | e:   1.000000 | Q:        nan | won: False 
#   57 | steps:  2408 | steps_t:     0 | t: 1.733389 | r:  -510.000000 | e:   1.000000 | Q:        nan | won: False 
#   58 | steps:  2457 | steps_t:     0 | t: 1.840413 | r:  -372.000000 | e:   1.000000 | Q:        nan | won: False 
#   59 | steps:  2469 | steps_t:     0 | t: 1.849416 | r:  -489.000000 | e:   1.000000 | Q:        nan | won: False 
#   60 | steps:  2521 | steps_t:     0 | t: 1.885424 | r:  -485.000000 | e:   1.000000 | Q:        nan | won: False 
#   61 | steps:  2531 | steps_t:     0 | t: 1.892425 | r:  -454.000000 | e:   1.000000 | Q:        nan | won: False 
#   62 | steps:  2558 | steps_t:     0 | t: 1.910429 | r:  -482.000000 | e:   1.000000 | Q:        nan | won: False 
#   63 | steps:  2601 | steps_t:     0 | t: 1.940436 | r:  -432.000000 | e:   1.000000 | Q:        nan | won: False 
#   64 | steps:  2612 | steps_t:     0 | t: 1.948437 | r:  -488.000000 | e:   1.000000 | Q:        nan | won: False 
#   65 | steps:  2682 | steps_t:     0 | t: 1.996449 | r:  -353.000000 | e:   1.000000 | Q:        nan | won: False 
#   66 | steps:  2699 | steps_t:     0 | t: 2.007451 | r:  -483.000000 | e:   1.000000 | Q:        nan | won: False 
#   67 | steps:  2712 | steps_t:     0 | t: 2.016453 | r:  -490.000000 | e:   1.000000 | Q:        nan | won: False 
#   68 | steps:  2735 | steps_t:     0 | t: 2.032456 | r:  -489.000000 | e:   1.000000 | Q:        nan | won: False 
#   69 | steps:  2750 | steps_t:     0 | t: 2.043458 | r:  -481.000000 | e:   1.000000 | Q:        nan | won: False 
#   70 | steps:  2806 | steps_t:     0 | t: 2.081467 | r:  -489.000000 | e:   1.000000 | Q:        nan | won: False 
#   71 | steps:  2831 | steps_t:     0 | t: 2.099471 | r:  -491.000000 | e:   1.000000 | Q:        nan | won: False 
#   72 | steps:  2871 | steps_t:     0 | t: 2.126479 | r:  -429.000000 | e:   1.000000 | Q:        nan | won: False 
#   73 | steps:  2899 | steps_t:     0 | t: 2.146483 | r:  -428.000000 | e:   1.000000 | Q:        nan | won: False 
#   74 | steps:  2934 | steps_t:     0 | t: 2.170491 | r:  -479.000000 | e:   1.000000 | Q:        nan | won: False 
#   75 | steps:  2963 | steps_t:     0 | t: 2.190495 | r:  -451.000000 | e:   1.000000 | Q:        nan | won: False 
#   76 | steps:  3020 | steps_t:     0 | t: 2.229507 | r:  -490.000000 | e:   1.000000 | Q:        nan | won: False 
#   77 | steps:  3033 | steps_t:     0 | t: 2.238509 | r:  -468.000000 | e:   1.000000 | Q:        nan | won: False 
#   78 | steps:  3060 | steps_t:     0 | t: 2.257514 | r:  -471.000000 | e:   1.000000 | Q:        nan | won: False 
#   79 | steps:  3083 | steps_t:     0 | t: 2.272517 | r:  -489.000000 | e:   1.000000 | Q:        nan | won: False 
#   80 | steps:  3127 | steps_t:     0 | t: 2.303524 | r:  -411.000000 | e:   1.000000 | Q:        nan | won: False 
#   81 | steps:  3146 | steps_t:     0 | t: 2.316941 | r:  -485.000000 | e:   1.000000 | Q:        nan | won: False 
#   82 | steps:  3162 | steps_t:     0 | t: 2.327943 | r:  -471.000000 | e:   1.000000 | Q:        nan | won: False 
#   83 | steps:  3184 | steps_t:     0 | t: 2.342947 | r:  -455.000000 | e:   1.000000 | Q:        nan | won: False 
#   84 | steps:  3197 | steps_t:     0 | t: 2.352949 | r:  -501.000000 | e:   1.000000 | Q:        nan | won: False 
#   85 | steps:  3214 | steps_t:     0 | t: 2.363951 | r:  -472.000000 | e:   1.000000 | Q:        nan | won: False 
#   86 | steps:  3255 | steps_t:     0 | t: 2.391958 | r:  -485.000000 | e:   1.000000 | Q:        nan | won: False 
#   87 | steps:  3286 | steps_t:     0 | t: 2.413965 | r:  -475.000000 | e:   1.000000 | Q:        nan | won: False 
#   88 | steps:  3310 | steps_t:     0 | t: 2.430969 | r:  -490.000000 | e:   1.000000 | Q:        nan | won: False 
#   89 | steps:  3362 | steps_t:     0 | t: 2.466977 | r:  -463.000000 | e:   1.000000 | Q:        nan | won: False 
#   90 | steps:  3409 | steps_t:     0 | t: 2.498985 | r:  -447.000000 | e:   1.000000 | Q:        nan | won: False 
#   91 | steps:  3462 | steps_t:     0 | t: 2.535995 | r:  -508.000000 | e:   1.000000 | Q:        nan | won: False 
#   92 | steps:  3487 | steps_t:     0 | t: 2.553999 | r:  -458.000000 | e:   1.000000 | Q:        nan | won: False 
#   93 | steps:  3500 | steps_t:     0 | t: 2.563001 | r:  -490.000000 | e:   1.000000 | Q:        nan | won: False 
#   94 | steps:  3526 | steps_t:     0 | t: 2.580006 | r:  -492.000000 | e:   1.000000 | Q:        nan | won: False 
#   95 | steps:  3539 | steps_t:     0 | t: 2.589007 | r:  -501.000000 | e:   1.000000 | Q:        nan | won: False 
#   96 | steps:  3573 | steps_t:     0 | t: 2.613014 | r:  -489.000000 | e:   1.000000 | Q:        nan | won: False 
#   97 | steps:  3659 | steps_t:     0 | t: 2.672027 | r:  -519.000000 | e:   1.000000 | Q:        nan | won: False 
#   98 | steps:  3780 | steps_t:     0 | t: 2.756049 | r:  -444.000000 | e:   1.000000 | Q:        nan | won: False 
#   99 | steps:  3902 | steps_t:     0 | t: 2.841071 | r:  -412.000000 | e:   1.000000 | Q:        nan | won: False 
#  100 | steps:  3958 | steps_t:     0 | t: 2.881080 | r:  -445.000000 | e:   1.000000 | Q:        nan | won: False 
#  101 | steps:  3997 | steps_t:     0 | t: 2.908088 | r:  -395.000000 | e:   1.000000 | Q:        nan | won: False 
#  102 | steps:  4008 | steps_t:     0 | t: 2.916090 | r:  -477.000000 | e:   1.000000 | Q:        nan | won: False 
#  103 | steps:  4059 | steps_t:     0 | t: 2.951098 | r:  -473.000000 | e:   1.000000 | Q:        nan | won: False 
#  104 | steps:  4103 | steps_t:     0 | t: 2.982105 | r:  -433.000000 | e:   1.000000 | Q:        nan | won: False 
#  105 | steps:  4112 | steps_t:     0 | t: 2.988106 | r:  -475.000000 | e:   1.000000 | Q:        nan | won: False 
#  106 | steps:  4126 | steps_t:     0 | t: 2.998108 | r:  -480.000000 | e:   1.000000 | Q:        nan | won: False 
#  107 | steps:  4142 | steps_t:     0 | t: 3.009113 | r:  -449.000000 | e:   1.000000 | Q:        nan | won: False 
#  108 | steps:  4180 | steps_t:     0 | t: 3.035119 | r:  -438.000000 | e:   1.000000 | Q:        nan | won: False 
#  109 | steps:  4197 | steps_t:     0 | t: 3.047122 | r:  -450.000000 | e:   1.000000 | Q:        nan | won: False 
#  110 | steps:  4210 | steps_t:     0 | t: 3.056123 | r:  -490.000000 | e:   1.000000 | Q:        nan | won: False 
#  111 | steps:  4303 | steps_t:     0 | t: 3.210163 | r:  -460.000000 | e:   1.000000 | Q:        nan | won: False 
#  112 | steps:  4315 | steps_t:     0 | t: 3.219167 | r:  -445.000000 | e:   1.000000 | Q:        nan | won: False 
#  113 | steps:  4325 | steps_t:     0 | t: 3.226172 | r:  -465.000000 | e:   1.000000 | Q:        nan | won: False 
#  114 | steps:  4339 | steps_t:     0 | t: 3.235181 | r:  -480.000000 | e:   1.000000 | Q:        nan | won: False 
#  115 | steps:  4357 | steps_t:     0 | t: 3.248182 | r:  -484.000000 | e:   1.000000 | Q:        nan | won: False 
#  116 | steps:  4437 | steps_t:     0 | t: 3.303194 | r:  -224.000000 | e:   1.000000 | Q:        nan | won: False 
#  117 | steps:  4493 | steps_t:     0 | t: 3.341202 | r:  -489.000000 | e:   1.000000 | Q:        nan | won: False 
#  118 | steps:  4520 | steps_t:     0 | t: 3.360209 | r:  -482.000000 | e:   1.000000 | Q:        nan | won: False 
#  119 | steps:  4531 | steps_t:     0 | t: 3.368211 | r:  -488.000000 | e:   1.000000 | Q:        nan | won: False 
#  120 | steps:  4544 | steps_t:     0 | t: 3.377213 | r:  -490.000000 | e:   1.000000 | Q:        nan | won: False 
#  121 | steps:  4586 | steps_t:     0 | t: 3.406219 | r:  -486.000000 | e:   1.000000 | Q:        nan | won: False 
#  122 | steps:  4616 | steps_t:     0 | t: 3.427224 | r:  -485.000000 | e:   1.000000 | Q:        nan | won: False 
#  123 | steps:  4637 | steps_t:     0 | t: 3.441227 | r:  -465.000000 | e:   1.000000 | Q:        nan | won: False 
#  124 | steps:  4663 | steps_t:     0 | t: 3.459233 | r:  -481.000000 | e:   1.000000 | Q:        nan | won: False 
#  125 | steps:  4702 | steps_t:     0 | t: 3.486239 | r:  -472.000000 | e:   1.000000 | Q:        nan | won: False 
#  126 | steps:  4712 | steps_t:     0 | t: 3.493241 | r:  -465.000000 | e:   1.000000 | Q:        nan | won: False 
#  127 | steps:  4761 | steps_t:     0 | t: 3.526248 | r:  -493.000000 | e:   1.000000 | Q:        nan | won: False 
#  128 | steps:  4864 | steps_t:     0 | t: 3.597266 | r:  -342.000000 | e:   1.000000 | Q:        nan | won: False 
#  129 | steps:  4881 | steps_t:     0 | t: 3.609269 | r:  -494.000000 | e:   1.000000 | Q:        nan | won: False 
#  130 | steps:  4914 | steps_t:     0 | t: 3.631274 | r:  -466.000000 | e:   1.000000 | Q:        nan | won: False 
#  131 | steps:  4933 | steps_t:     0 | t: 3.645288 | r:  -496.000000 | e:   1.000000 | Q:        nan | won: False 
#  132 | steps:  4979 | steps_t:     0 | t: 3.677287 | r:  -501.000000 | e:   1.000000 | Q:        nan | won: False 
#  133 | steps:  4997 | steps_t:     0 | t: 3.689290 | r:  -473.000000 | e:   1.000000 | Q:        nan | won: False 
#  134 | steps:  5022 | steps_t:    21 | t: 4.017365 | r:  -425.000000 | e:   0.997900 | Q:        nan | won: False 
#  135 | steps:  5055 | steps_t:    53 | t: 4.417779 | r:  -499.000000 | e:   0.994700 | Q:        nan | won: False 
#  136 | steps:  5067 | steps_t:    64 | t: 4.555810 | r:  -478.000000 | e:   0.993600 | Q:        nan | won: False 
#  137 | steps:  5097 | steps_t:    93 | t: 4.905889 | r:  -474.000000 | e:   0.990700 | Q:        nan | won: False 
#  138 | steps:  5142 | steps_t:   137 | t: 5.449010 | r:  -434.000000 | e:   0.986300 | Q:        nan | won: False 
#  139 | steps:  5162 | steps_t:   156 | t: 5.684063 | r:  -497.000000 | e:   0.984400 | Q:        nan | won: False 
#  140 | steps:  5180 | steps_t:   173 | t: 5.880107 | r:  -484.000000 | e:   0.982700 | Q:        nan | won: False 
#  141 | steps:  5206 | steps_t:   198 | t: 6.184175 | r:  -448.000000 | e:   0.980200 | Q:        nan | won: False 
#  142 | steps:  5231 | steps_t:   222 | t: 6.468240 | r:  -458.000000 | e:   0.977800 | Q:        nan | won: False 
#  143 | steps:  5247 | steps_t:   237 | t: 6.641279 | r:  -471.000000 | e:   0.976300 | Q:        nan | won: False 
#  144 | steps:  5259 | steps_t:   248 | t: 6.770307 | r:  -500.000000 | e:   0.975200 | Q:        nan | won: False 
#  145 | steps:  5281 | steps_t:   269 | t: 7.015363 | r:  -488.000000 | e:   0.973100 | Q:        nan | won: False 
#  146 | steps:  5340 | steps_t:   327 | t: 7.720521 | r:  -393.000000 | e:   0.967300 | Q:        nan | won: False 
#  147 | steps:  5421 | steps_t:   407 | t: 8.670734 | r:  -448.000000 | e:   0.959300 | Q: -93.208969 | won: False 
#  148 | steps:  5448 | steps_t:   433 | t: 8.974803 | r:  -471.000000 | e:   0.956700 | Q:        nan | won: False 
#  149 | steps:  5462 | steps_t:   446 | t: 9.128837 | r:  -480.000000 | e:   0.955400 | Q:        nan | won: False 
#  150 | steps:  5506 | steps_t:   489 | t: 9.653955 | r:  -433.000000 | e:   0.951100 | Q: -136.002670 | won: False 
#  151 | steps:  5570 | steps_t:   552 | t: 10.398123 | r:  -530.000000 | e:   0.944800 | Q: -122.435272 | won: False 
#  152 | steps:  5581 | steps_t:   562 | t: 10.515149 | r:  -477.000000 | e:   0.943800 | Q:        nan | won: False 
#  153 | steps:  5684 | steps_t:   664 | t: 11.712418 | r:  -393.000000 | e:   0.933600 | Q: -85.689697 | won: False 
#  154 | steps:  5731 | steps_t:   710 | t: 12.260541 | r:  -414.000000 | e:   0.929000 | Q: -92.892784 | won: False 
#  155 | steps:  5803 | steps_t:   781 | t: 13.060720 | r:  -395.000000 | e:   0.921900 | Q: -110.101364 | won: False 
#  156 | steps:  5831 | steps_t:   808 | t: 13.390795 | r:  -472.000000 | e:   0.919200 | Q: -91.239243 | won: False 
#  157 | steps:  5845 | steps_t:   821 | t: 13.534828 | r:  -458.000000 | e:   0.917900 | Q: -96.501526 | won: False 
#  158 | steps:  5862 | steps_t:   837 | t: 13.712867 | r:  -494.000000 | e:   0.916300 | Q: -106.783424 | won: False 
#  159 | steps:  5881 | steps_t:   855 | t: 13.916914 | r:  -452.000000 | e:   0.914500 | Q: -107.082626 | won: False 
#  160 | steps:  5897 | steps_t:   870 | t: 14.090952 | r:  -482.000000 | e:   0.913000 | Q:        nan | won: False 
#  161 | steps:  5972 | steps_t:   944 | t: 14.944144 | r:  -519.000000 | e:   0.905600 | Q: -102.779099 | won: False 
#  162 | steps:  5987 | steps_t:   958 | t: 15.107181 | r:  -492.000000 | e:   0.904200 | Q: -113.618950 | won: False 
#  163 | steps:  6056 | steps_t:  1026 | t: 15.900359 | r:  -480.000000 | e:   0.897400 | Q: -84.417274 | won: False 
#  164 | steps:  6136 | steps_t:  1105 | t: 16.795560 | r:  -524.000000 | e:   0.889500 | Q: -112.473518 | won: False 
#  165 | steps:  6160 | steps_t:  1128 | t: 17.049617 | r:  -479.000000 | e:   0.887200 | Q: -117.690910 | won: False 
#  166 | steps:  6200 | steps_t:  1167 | t: 17.496718 | r:  -363.000000 | e:   0.883300 | Q: -93.849709 | won: False 
#  167 | steps:  6339 | steps_t:  1305 | t: 19.152090 | r:  -572.000000 | e:   0.869500 | Q: -84.687210 | won: False 
#  168 | steps:  6399 | steps_t:  1364 | t: 19.818239 | r:  -449.000000 | e:   0.863600 | Q: -86.782890 | won: False 
#  169 | steps:  6449 | steps_t:  1413 | t: 20.382366 | r:  -428.000000 | e:   0.858700 | Q: -93.673454 | won: False 
#  170 | steps:  6466 | steps_t:  1429 | t: 20.555406 | r:  -461.000000 | e:   0.857100 | Q: -106.346123 | won: False 
#  171 | steps:  6520 | steps_t:  1482 | t: 21.143538 | r:  -421.000000 | e:   0.851800 | Q: -107.563690 | won: False 
#  172 | steps:  6540 | steps_t:  1501 | t: 21.366587 | r:  -475.000000 | e:   0.849900 | Q: -112.963768 | won: False 
#  173 | steps:  6550 | steps_t:  1510 | t: 21.467610 | r:  -487.000000 | e:   0.849000 | Q: -108.836403 | won: False 
#  174 | steps:  6573 | steps_t:  1532 | t: 21.708665 | r:  -434.000000 | e:   0.846800 | Q: -100.884949 | won: False 
#  175 | steps:  6601 | steps_t:  1559 | t: 22.004732 | r:  -494.000000 | e:   0.844100 | Q: -106.029449 | won: False 
#  176 | steps:  6631 | steps_t:  1588 | t: 22.348808 | r:  -507.000000 | e:   0.841200 | Q: -121.817978 | won: False 
#  177 | steps:  6654 | steps_t:  1610 | t: 22.593863 | r:  -445.000000 | e:   0.839000 | Q: -99.555389 | won: False 
#  178 | steps:  6669 | steps_t:  1624 | t: 22.748898 | r:  -459.000000 | e:   0.837600 | Q: -84.228981 | won: False 
#  179 | steps:  6687 | steps_t:  1641 | t: 22.937941 | r:  -484.000000 | e:   0.835900 | Q: -85.121315 | won: False 
#  180 | steps:  6758 | steps_t:  1711 | t: 23.724117 | r:  -438.000000 | e:   0.828900 | Q: -85.668053 | won: False 
#  181 | steps:  6837 | steps_t:  1789 | t: 24.594313 | r:  -336.000000 | e:   0.821100 | Q: -76.219406 | won: False 
#  182 | steps:  6849 | steps_t:  1800 | t: 24.715340 | r:  -489.000000 | e:   0.820000 | Q: -111.010773 | won: False 
#  183 | steps:  6862 | steps_t:  1812 | t: 24.845369 | r:  -501.000000 | e:   0.818800 | Q: -115.597595 | won: False 
#  184 | steps:  6905 | steps_t:  1854 | t: 25.330479 | r:  -498.000000 | e:   0.814600 | Q: -115.672821 | won: False 
#  185 | steps:  6920 | steps_t:  1868 | t: 25.488513 | r:  -426.000000 | e:   0.813200 | Q: -115.734413 | won: False 
#  186 | steps:  6983 | steps_t:  1930 | t: 26.175668 | r:  -496.000000 | e:   0.807000 | Q: -88.690086 | won: False 
#  187 | steps:  7023 | steps_t:  1969 | t: 26.612766 | r:  -440.000000 | e:   0.803100 | Q: -82.790771 | won: False 
#  188 | steps:  7059 | steps_t:  2004 | t: 26.999853 | r:  -414.000000 | e:   0.799600 | Q: -84.897797 | won: False 
#  189 | steps:  7110 | steps_t:  2054 | t: 27.570982 | r:  -418.000000 | e:   0.794600 | Q: -83.682877 | won: False 
#  190 | steps:  7120 | steps_t:  2063 | t: 27.672004 | r:  -454.000000 | e:   0.793700 | Q: -83.212402 | won: False 
#  191 | steps:  7172 | steps_t:  2114 | t: 28.254135 | r:  -419.000000 | e:   0.788600 | Q: -79.592583 | won: False 
#  192 | steps:  7193 | steps_t:  2134 | t: 28.480186 | r:  -476.000000 | e:   0.786600 | Q: -88.708603 | won: False 
#  193 | steps:  7207 | steps_t:  2147 | t: 28.621217 | r:  -502.000000 | e:   0.785300 | Q:        nan | won: False 
#  194 | steps:  7255 | steps_t:  2194 | t: 29.160339 | r:  -459.000000 | e:   0.780600 | Q: -109.044258 | won: False 
#  195 | steps:  7288 | steps_t:  2226 | t: 29.526421 | r:  -466.000000 | e:   0.777400 | Q: -111.935120 | won: False 
#  196 | steps:  7311 | steps_t:  2248 | t: 29.770476 | r:  -489.000000 | e:   0.775200 | Q: -99.621613 | won: False 
#  197 | steps:  7352 | steps_t:  2288 | t: 30.224577 | r:  -397.000000 | e:   0.771200 | Q: -92.812431 | won: False 
#  198 | steps:  7388 | steps_t:  2323 | t: 30.619666 | r:  -392.000000 | e:   0.767700 | Q: -111.846512 | won: False 
#  199 | steps:  7440 | steps_t:  2374 | t: 31.197797 | r:  -419.000000 | e:   0.762600 | Q: -124.265396 | won: False 
#  200 | steps:  7527 | steps_t:  2460 | t: 32.195470 | r:  -476.000000 | e:   0.754000 | Q: -97.152512 | won: False 
#  201 | steps:  7551 | steps_t:  2483 | t: 32.470401 | r:  -479.000000 | e:   0.751700 | Q: -123.259071 | won: False 
#  202 | steps:  7569 | steps_t:  2500 | t: 32.660443 | r:  -407.000000 | e:   0.750000 | Q: -117.376778 | won: False 
#  203 | steps:  7684 | steps_t:  2614 | t: 34.037753 | r:  -438.000000 | e:   0.738600 | Q: -77.886734 | won: False 
#  204 | steps:  7939 | steps_t:  2868 | t: 37.004714 | r:  -578.000000 | e:   0.713200 | Q: -63.518589 | won: False 
#  205 | steps:  7986 | steps_t:  2914 | t: 37.535834 | r:  -469.000000 | e:   0.708600 | Q: -93.821144 | won: False 
#  206 | steps:  8046 | steps_t:  2973 | t: 38.216435 | r:  -350.000000 | e:   0.702700 | Q: -75.483604 | won: False 
#  207 | steps:  8080 | steps_t:  3006 | t: 38.595520 | r:  -500.000000 | e:   0.699400 | Q: -81.657082 | won: False 
#  208 | steps:  8163 | steps_t:  3088 | t: 39.548734 | r:  -450.000000 | e:   0.691200 | Q: -90.793594 | won: False 
#  209 | steps:  8172 | steps_t:  3096 | t: 39.638754 | r:  -464.000000 | e:   0.690400 | Q: -105.264961 | won: False 
#  210 | steps:  8254 | steps_t:  3177 | t: 40.559961 | r:  -438.000000 | e:   0.682300 | Q: -92.537331 | won: False 
#  211 | steps:  8290 | steps_t:  3212 | t: 40.955050 | r:  -403.000000 | e:   0.678800 | Q: -85.596176 | won: False 
#  212 | steps:  8325 | steps_t:  3246 | t: 41.351139 | r:  -446.000000 | e:   0.675400 | Q: -88.504745 | won: False 
#  213 | steps:  8335 | steps_t:  3255 | t: 41.452162 | r:  -454.000000 | e:   0.674500 | Q: -94.761284 | won: False 
#  214 | steps:  8378 | steps_t:  3297 | t: 41.915266 | r:  -487.000000 | e:   0.670300 | Q: -97.150002 | won: False 
#  215 | steps:  8429 | steps_t:  3347 | t: 42.499397 | r:  -451.000000 | e:   0.665300 | Q: -89.857628 | won: False 
#  216 | steps:  8495 | steps_t:  3412 | t: 43.224560 | r:  -338.000000 | e:   0.658800 | Q: -102.225372 | won: False 
#  217 | steps:  8562 | steps_t:  3478 | t: 43.954724 | r:  -511.000000 | e:   0.652200 | Q: -113.596405 | won: False 
#  218 | steps:  8572 | steps_t:  3487 | t: 44.056747 | r:  -476.000000 | e:   0.651300 | Q: -121.899544 | won: False 
#  219 | steps:  8594 | steps_t:  3508 | t: 44.297801 | r:  -433.000000 | e:   0.649200 | Q: -123.299797 | won: False 
#  220 | steps:  8650 | steps_t:  3563 | t: 44.898936 | r:  -445.000000 | e:   0.643700 | Q: -106.502640 | won: False 
#  221 | steps:  8669 | steps_t:  3581 | t: 45.100981 | r:  -507.000000 | e:   0.641900 | Q: -96.317551 | won: False 
#  222 | steps:  8700 | steps_t:  3611 | t: 45.568086 | r:  -497.000000 | e:   0.638900 | Q: -91.193054 | won: False 
#  223 | steps:  8756 | steps_t:  3666 | t: 46.163220 | r:  -434.000000 | e:   0.633400 | Q: -101.756233 | won: False 
#  224 | steps:  8790 | steps_t:  3699 | t: 46.514299 | r:  -412.000000 | e:   0.630100 | Q: -99.526627 | won: False 
#  225 | steps:  8808 | steps_t:  3716 | t: 46.702342 | r:  -495.000000 | e:   0.628400 | Q: -89.965797 | won: False 
#  226 | steps:  8833 | steps_t:  3740 | t: 46.960400 | r:  -381.000000 | e:   0.626000 | Q: -94.993240 | won: False 
#  227 | steps:  8845 | steps_t:  3751 | t: 47.081427 | r:  -500.000000 | e:   0.624900 | Q: -95.445091 | won: False 
#  228 | steps:  8875 | steps_t:  3780 | t: 47.410501 | r:  -441.000000 | e:   0.622000 | Q: -108.547447 | won: False 
#  229 | steps:  8905 | steps_t:  3809 | t: 47.730573 | r:  -430.000000 | e:   0.619100 | Q: -138.648132 | won: False 
#  230 | steps:  8917 | steps_t:  3820 | t: 47.857602 | r:  -467.000000 | e:   0.618000 | Q: -146.994064 | won: False 
#  231 | steps:  8965 | steps_t:  3867 | t: 48.389721 | r:  -437.000000 | e:   0.613300 | Q: -101.527328 | won: False 
#  232 | steps:  9010 | steps_t:  3911 | t: 48.866828 | r:  -390.000000 | e:   0.608900 | Q: -90.363724 | won: False 
#  233 | steps:  9035 | steps_t:  3935 | t: 49.148891 | r:  -447.000000 | e:   0.606500 | Q: -102.422417 | won: False 
#  234 | steps:  9054 | steps_t:  3953 | t: 49.356938 | r:  -419.000000 | e:   0.604700 | Q: -123.055466 | won: False 
#  235 | steps:  9077 | steps_t:  3975 | t: 49.599992 | r:  -423.000000 | e:   0.602500 | Q: -121.391930 | won: False 
#  236 | steps:  9089 | steps_t:  3986 | t: 49.718019 | r:  -489.000000 | e:   0.601400 | Q: -109.037880 | won: False 
#  237 | steps:  9131 | steps_t:  4027 | t: 50.166119 | r:  -376.000000 | e:   0.597300 | Q: -98.477448 | won: False 
#  238 | steps:  9157 | steps_t:  4052 | t: 50.442182 | r:  -437.000000 | e:   0.594800 | Q: -113.594177 | won: False 
#  239 | steps:  9174 | steps_t:  4068 | t: 50.617221 | r:  -461.000000 | e:   0.593200 | Q: -119.318634 | won: False 
#  240 | steps:  9223 | steps_t:  4116 | t: 51.151342 | r:  -405.000000 | e:   0.588400 | Q: -99.513321 | won: False 
#  241 | steps:  9305 | steps_t:  4197 | t: 52.029538 | r:  -383.000000 | e:   0.580300 | Q: -84.285675 | won: False 
#  242 | steps:  9340 | steps_t:  4231 | t: 52.410624 | r:  -424.000000 | e:   0.576900 | Q: -75.057846 | won: False 
#  243 | steps:  9398 | steps_t:  4288 | t: 53.040766 | r:  -436.000000 | e:   0.571200 | Q: -103.362564 | won: False 
#  244 | steps:  9413 | steps_t:  4302 | t: 53.204803 | r:  -492.000000 | e:   0.569800 | Q: -85.796089 | won: False 
#  245 | steps:  9442 | steps_t:  4330 | t: 53.509871 | r:  -506.000000 | e:   0.567000 | Q: -84.893562 | won: False 
#  246 | steps:  9484 | steps_t:  4371 | t: 53.952971 | r:  -497.000000 | e:   0.562900 | Q: -78.170349 | won: False 
#  247 | steps:  9495 | steps_t:  4381 | t: 54.064996 | r:  -477.000000 | e:   0.561900 | Q: -56.503578 | won: False 
#  248 | steps:  9509 | steps_t:  4394 | t: 54.222031 | r:  -425.000000 | e:   0.560600 | Q: -56.372498 | won: False 
#  249 | steps:  9530 | steps_t:  4414 | t: 54.444081 | r:  -476.000000 | e:   0.558600 | Q: -61.487789 | won: False 
#  250 | steps:  9544 | steps_t:  4427 | t: 54.583112 | r:  -491.000000 | e:   0.557300 | Q: -91.116226 | won: False 
#  251 | steps:  9592 | steps_t:  4474 | t: 55.105229 | r:  -503.000000 | e:   0.552600 | Q: -106.004890 | won: False 
#  252 | steps:  9662 | steps_t:  4543 | t: 55.880404 | r:  -459.000000 | e:   0.545700 | Q: -71.474487 | won: False 
#  253 | steps:  9673 | steps_t:  4553 | t: 55.987428 | r:  -466.000000 | e:   0.544700 | Q: -124.011925 | won: False 
#  254 | steps:  9719 | steps_t:  4598 | t: 56.481539 | r:  -446.000000 | e:   0.540200 | Q: -93.400055 | won: False 
#  255 | steps:  9743 | steps_t:  4621 | t: 56.733596 | r:  -501.000000 | e:   0.537900 | Q: -83.478867 | won: False 
#  256 | steps:  9756 | steps_t:  4633 | t: 56.865625 | r:  -446.000000 | e:   0.536700 | Q: -75.526184 | won: False 
#  257 | steps:  9796 | steps_t:  4672 | t: 57.297722 | r:  -407.000000 | e:   0.532800 | Q: -81.824524 | won: False 
#  258 | steps:  9841 | steps_t:  4716 | t: 57.770828 | r:  -522.000000 | e:   0.528400 | Q: -92.846184 | won: False 
#  259 | steps:  9853 | steps_t:  4727 | t: 57.889855 | r:  -456.000000 | e:   0.527300 | Q: -72.580620 | won: False 
#  260 | steps:  9893 | steps_t:  4766 | t: 58.321953 | r:  -389.000000 | e:   0.523400 | Q: -59.291492 | won: False 
#  261 | steps:  9905 | steps_t:  4777 | t: 58.439979 | r:  -489.000000 | e:   0.522300 | Q: -81.221245 | won: False 
#  262 | steps:  9930 | steps_t:  4801 | t: 58.703038 | r:  -414.000000 | e:   0.519900 | Q: -85.521027 | won: False 
#  263 | steps:  9950 | steps_t:  4820 | t: 58.910086 | r:  -497.000000 | e:   0.518000 | Q: -88.281166 | won: False 
#  264 | steps: 10015 | steps_t:  4884 | t: 59.725644 | r:  -410.000000 | e:   0.511600 | Q: -88.315376 | won: False 
#  265 | steps: 10025 | steps_t:  4893 | t: 59.832667 | r:  -476.000000 | e:   0.510700 | Q: -54.333420 | won: False 
#  266 | steps: 10082 | steps_t:  4949 | t: 60.456808 | r:  -446.000000 | e:   0.505100 | Q: -35.319759 | won: False 
#  267 | steps: 10122 | steps_t:  4988 | t: 60.881903 | r:  -385.000000 | e:   0.501200 | Q: -72.164360 | won: False 
#  268 | steps: 10137 | steps_t:  5002 | t: 61.037938 | r:  -448.000000 | e:   0.499800 | Q: -58.972961 | won: False 
#  269 | steps: 10154 | steps_t:  5018 | t: 61.226981 | r:  -494.000000 | e:   0.498200 | Q: -40.471214 | won: False 
#  270 | steps: 10193 | steps_t:  5056 | t: 61.643076 | r:  -417.000000 | e:   0.494400 | Q: -50.171471 | won: False 
#  271 | steps: 10218 | steps_t:  5080 | t: 61.903133 | r:  -425.000000 | e:   0.492000 | Q: -88.184982 | won: False 
#  272 | steps: 10267 | steps_t:  5128 | t: 62.430251 | r:  -460.000000 | e:   0.487200 | Q: -66.407372 | won: False 
#  273 | steps: 10350 | steps_t:  5210 | t: 63.332454 | r:  -384.000000 | e:   0.479000 | Q: -62.524471 | won: False 
#  274 | steps: 10369 | steps_t:  5228 | t: 63.528498 | r:  -474.000000 | e:   0.477200 | Q: -76.208557 | won: False 
#  275 | steps: 10429 | steps_t:  5287 | t: 64.174219 | r:  -420.000000 | e:   0.471300 | Q: -78.146835 | won: False 
#  276 | steps: 10465 | steps_t:  5322 | t: 64.545303 | r:  -491.000000 | e:   0.467800 | Q: -122.020332 | won: False 
#  277 | steps: 10497 | steps_t:  5353 | t: 64.887379 | r:  -443.000000 | e:   0.464700 | Q: -65.706665 | won: False 
#  278 | steps: 10513 | steps_t:  5368 | t: 65.048415 | r:  -482.000000 | e:   0.463200 | Q: -71.142937 | won: False 
#  279 | steps: 10531 | steps_t:  5385 | t: 65.249461 | r:  -451.000000 | e:   0.461500 | Q: -70.815430 | won: False 
#  280 | steps: 10541 | steps_t:  5394 | t: 65.347483 | r:  -443.000000 | e:   0.460600 | Q: -58.641411 | won: False 
#  281 | steps: 10606 | steps_t:  5458 | t: 66.040639 | r:  -410.000000 | e:   0.454200 | Q: -62.118816 | won: False 
#  282 | steps: 10775 | steps_t:  5626 | t: 67.875467 | r:  -514.000000 | e:   0.437400 | Q: -62.701530 | won: False 
#  283 | steps: 10802 | steps_t:  5652 | t: 68.165450 | r:  -449.000000 | e:   0.434800 | Q: -59.101471 | won: False 
#  284 | steps: 10818 | steps_t:  5667 | t: 68.333286 | r:  -482.000000 | e:   0.433300 | Q: -54.694805 | won: False 
#  285 | steps: 10835 | steps_t:  5683 | t: 68.512325 | r:  -472.000000 | e:   0.431700 | Q: -56.459934 | won: False 
#  286 | steps: 10885 | steps_t:  5732 | t: 69.046446 | r:  -417.000000 | e:   0.426800 | Q: -45.997005 | won: False 
#  287 | steps: 10899 | steps_t:  5745 | t: 69.202446 | r:  -469.000000 | e:   0.425500 | Q: -47.879059 | won: False 
#  288 | steps: 10914 | steps_t:  5759 | t: 69.359481 | r:  -448.000000 | e:   0.424100 | Q: -56.216343 | won: False 
#  289 | steps: 10933 | steps_t:  5777 | t: 69.564527 | r:  -441.000000 | e:   0.422300 | Q: -57.044262 | won: False 
#  290 | steps: 11027 | steps_t:  5870 | t: 70.632121 | r:  -274.000000 | e:   0.413000 | Q: -69.755653 | won: False 
#  291 | steps: 11057 | steps_t:  5899 | t: 70.957194 | r:  -452.000000 | e:   0.410100 | Q: -45.947281 | won: False 
#  292 | steps: 11078 | steps_t:  5919 | t: 71.180244 | r:  -388.000000 | e:   0.408100 | Q: -55.454796 | won: False 
#  293 | steps: 11139 | steps_t:  5979 | t: 71.855396 | r:  -406.000000 | e:   0.402100 | Q: -43.273262 | won: False 
#  294 | steps: 11152 | steps_t:  5991 | t: 71.987426 | r:  -457.000000 | e:   0.400900 | Q: -77.753311 | won: False 
#  295 | steps: 11166 | steps_t:  6004 | t: 72.131458 | r:  -447.000000 | e:   0.399600 | Q: -73.683617 | won: False 
#  296 | steps: 11306 | steps_t:  6143 | t: 73.666803 | r:  -419.000000 | e:   0.385700 | Q: -76.541405 | won: False 
#  297 | steps: 11329 | steps_t:  6165 | t: 73.909857 | r:  -423.000000 | e:   0.383500 | Q: -96.340157 | won: False 
#  298 | steps: 11357 | steps_t:  6192 | t: 74.214927 | r:  -428.000000 | e:   0.380800 | Q: -77.112770 | won: False 
#  299 | steps: 11479 | steps_t:  6313 | t: 75.544224 | r:  -467.000000 | e:   0.368700 | Q: -49.990582 | won: False 
#  300 | steps: 11494 | steps_t:  6327 | t: 75.697259 | r:  -481.000000 | e:   0.367300 | Q: -62.883533 | won: False 
#  301 | steps: 11586 | steps_t:  6418 | t: 76.689482 | r:  -338.000000 | e:   0.358200 | Q: -69.915962 | won: False 
#  302 | steps: 11623 | steps_t:  6454 | t: 77.270612 | r:  -437.000000 | e:   0.354600 | Q: -66.282776 | won: False 
#  303 | steps: 11663 | steps_t:  6493 | t: 77.703710 | r:  -407.000000 | e:   0.350700 | Q: -18.252327 | won: False 
#  304 | steps: 11689 | steps_t:  6518 | t: 77.973771 | r:  -437.000000 | e:   0.348200 | Q: -35.919704 | won: False 
#  305 | steps: 11748 | steps_t:  6576 | t: 78.611914 | r:  -397.000000 | e:   0.342400 | Q: -47.886406 | won: False 
#  306 | steps: 11809 | steps_t:  6636 | t: 79.282064 | r:  -406.000000 | e:   0.336400 | Q: -37.724953 | won: False 
#  307 | steps: 11850 | steps_t:  6676 | t: 79.719163 | r:  -441.000000 | e:   0.332400 | Q: -34.116177 | won: False 
#  308 | steps: 11888 | steps_t:  6713 | t: 80.126254 | r:  -427.000000 | e:   0.328700 | Q: -52.324333 | won: False 
#  309 | steps: 11909 | steps_t:  6733 | t: 80.348304 | r:  -421.000000 | e:   0.326700 | Q: -54.663689 | won: False 
#  310 | steps: 12054 | steps_t:  6877 | t: 81.917657 | r:  -490.000000 | e:   0.312300 | Q: -45.830669 | won: False 
#  311 | steps: 12064 | steps_t:  6886 | t: 82.017679 | r:  -454.000000 | e:   0.311400 | Q: -55.448452 | won: False 
#  312 | steps: 12130 | steps_t:  6951 | t: 82.736841 | r:  -444.000000 | e:   0.304900 | Q: -61.020927 | won: False 
#  313 | steps: 12164 | steps_t:  6984 | t: 83.105924 | r:  -423.000000 | e:   0.301600 | Q: -49.693897 | won: False 
#  314 | steps: 12206 | steps_t:  7025 | t: 83.562026 | r:  -365.000000 | e:   0.297500 | Q: -41.866329 | won: False 
#  315 | steps: 12219 | steps_t:  7037 | t: 83.695056 | r:  -457.000000 | e:   0.296300 | Q: -64.245689 | won: False 
#  316 | steps: 12247 | steps_t:  7064 | t: 83.984122 | r:  -406.000000 | e:   0.293600 | Q: -74.136909 | won: False 
#  317 | steps: 12302 | steps_t:  7118 | t: 84.579255 | r:  -400.000000 | e:   0.288200 | Q: -77.786110 | won: False 
#  318 | steps: 12434 | steps_t:  7249 | t: 86.022579 | r:  -488.000000 | e:   0.275100 | Q: -46.103256 | won: False 
#  319 | steps: 12584 | steps_t:  7398 | t: 87.678951 | r:  -517.000000 | e:   0.260200 | Q: -38.950855 | won: False 
#  320 | steps: 12619 | steps_t:  7432 | t: 88.052035 | r:  -435.000000 | e:   0.256800 | Q: -59.537285 | won: False 
#  321 | steps: 12744 | steps_t:  7556 | t: 89.422343 | r:  -404.000000 | e:   0.244400 | Q: -39.881020 | won: False 
#  322 | steps: 12788 | steps_t:  7599 | t: 89.892448 | r:  -433.000000 | e:   0.240100 | Q: -42.235641 | won: False 
#  323 | steps: 12843 | steps_t:  7653 | t: 90.492584 | r:  -422.000000 | e:   0.234700 | Q: -34.467361 | won: False 
#  324 | steps: 12902 | steps_t:  7711 | t: 91.141729 | r:  -437.000000 | e:   0.228900 | Q: -15.774862 | won: False 
#  325 | steps: 12978 | steps_t:  7786 | t: 91.961914 | r:  -399.000000 | e:   0.221400 | Q: -37.323933 | won: False 
#  326 | steps: 12993 | steps_t:  7800 | t: 92.120950 | r:  -426.000000 | e:   0.220000 | Q: -37.743935 | won: False 
#  327 | steps: 13029 | steps_t:  7835 | t: 92.514038 | r:  -403.000000 | e:   0.216500 | Q: -38.980389 | won: False 
#  328 | steps: 13038 | steps_t:  7843 | t: 92.603057 | r:  -453.000000 | e:   0.215700 | Q: -47.894619 | won: False 
#  329 | steps: 13047 | steps_t:  7851 | t: 92.693078 | r:  -464.000000 | e:   0.214900 | Q: -52.449722 | won: False 
#  330 | steps: 13059 | steps_t:  7862 | t: 92.814106 | r:  -456.000000 | e:   0.213800 | Q: -58.560574 | won: False 
#  331 | steps: 13094 | steps_t:  7896 | t: 93.201192 | r:  -446.000000 | e:   0.210400 | Q: -58.067116 | won: False 
#  332 | steps: 13110 | steps_t:  7911 | t: 93.366229 | r:  -460.000000 | e:   0.208900 | Q: -51.336472 | won: False 
#  333 | steps: 13121 | steps_t:  7921 | t: 93.479254 | r:  -444.000000 | e:   0.207900 | Q: -68.129242 | won: False 
#  334 | steps: 13137 | steps_t:  7936 | t: 93.645292 | r:  -427.000000 | e:   0.206400 | Q: -73.281593 | won: False 
#  335 | steps: 13177 | steps_t:  7975 | t: 94.082390 | r:  -517.000000 | e:   0.202500 | Q: -66.824776 | won: False 
#  336 | steps: 13202 | steps_t:  7999 | t: 94.352451 | r:  -392.000000 | e:   0.200100 | Q: -68.657852 | won: False 
#  337 | steps: 13212 | steps_t:  8008 | t: 94.451473 | r:  -465.000000 | e:   0.199200 | Q: -48.874527 | won: False 
#  338 | steps: 13244 | steps_t:  8039 | t: 94.791549 | r:  -410.000000 | e:   0.196100 | Q: -42.402004 | won: False 
#  339 | steps: 13258 | steps_t:  8052 | t: 94.937832 | r:  -425.000000 | e:   0.194800 | Q: -30.536024 | won: False 
#  340 | steps: 13308 | steps_t:  8101 | t: 95.520964 | r:  -384.000000 | e:   0.189900 | Q: -40.258305 | won: False 
#  341 | steps: 13356 | steps_t:  8148 | t: 96.037051 | r:  -393.000000 | e:   0.185200 | Q: -42.902748 | won: False 
#  342 | steps: 13440 | steps_t:  8231 | t: 96.965904 | r:  -418.000000 | e:   0.176900 | Q: -65.057976 | won: False 
#  343 | steps: 13537 | steps_t:  8327 | t: 98.033144 | r:  -486.000000 | e:   0.167300 | Q: -50.636101 | won: False 
#  344 | steps: 13556 | steps_t:  8345 | t: 98.247193 | r:  -419.000000 | e:   0.165500 | Q: -36.839508 | won: False 
#  345 | steps: 13599 | steps_t:  8387 | t: 98.712297 | r:  -432.000000 | e:   0.161300 | Q: -41.074142 | won: False 
#  346 | steps: 13654 | steps_t:  8441 | t: 99.328435 | r:  -411.000000 | e:   0.155900 | Q: -60.693672 | won: False 
#  347 | steps: 13763 | steps_t:  8549 | t: 100.534091 | r:  -421.000000 | e:   0.145100 | Q: -23.553823 | won: False 
#  348 | steps: 13781 | steps_t:  8566 | t: 100.721125 | r:  -418.000000 | e:   0.143400 | Q: -57.350868 | won: False 
#  349 | steps: 13835 | steps_t:  8619 | t: 101.315672 | r:  -399.000000 | e:   0.138100 | Q: -71.888252 | won: False 
#  350 | steps: 13889 | steps_t:  8672 | t: 101.900803 | r:  -399.000000 | e:   0.132800 | Q: -41.145412 | won: False 
#  351 | steps: 13937 | steps_t:  8719 | t: 102.432923 | r:  -393.000000 | e:   0.128100 | Q: -28.427296 | won: False 
#  352 | steps: 13966 | steps_t:  8747 | t: 102.738991 | r:  -352.000000 | e:   0.125300 | Q: -72.066353 | won: False 
#  353 | steps: 14006 | steps_t:  8786 | t: 103.178090 | r:  -429.000000 | e:   0.121400 | Q: -57.056747 | won: False 
#  354 | steps: 14020 | steps_t:  8799 | t: 103.326123 | r:  -469.000000 | e:   0.120100 | Q: -52.330544 | won: False 
#  355 | steps: 14041 | steps_t:  8819 | t: 103.549174 | r:  -421.000000 | e:   0.118100 | Q: -52.076267 | won: False 
#  356 | steps: 14053 | steps_t:  8830 | t: 103.673201 | r:  -467.000000 | e:   0.117000 | Q: -69.275459 | won: False 
#  357 | steps: 14072 | steps_t:  8848 | t: 103.877247 | r:  -397.000000 | e:   0.115200 | Q: -70.163361 | won: False 
#  358 | steps: 14085 | steps_t:  8860 | t: 104.009277 | r:  -446.000000 | e:   0.114000 | Q: -90.839157 | won: False 
#  359 | steps: 14139 | steps_t:  8913 | t: 104.614414 | r:  -454.000000 | e:   0.108700 | Q: -76.688515 | won: False 
#  360 | steps: 14193 | steps_t:  8966 | t: 105.212547 | r:  -410.000000 | e:   0.103400 | Q: -64.906830 | won: False 
#  361 | steps: 14203 | steps_t:  8975 | t: 105.314571 | r:  -443.000000 | e:   0.102500 | Q: -50.280392 | won: False 
#  362 | steps: 14224 | steps_t:  8995 | t: 105.538620 | r:  -421.000000 | e:   0.100500 | Q: -49.924526 | won: False 
#  363 | steps: 14252 | steps_t:  9022 | t: 105.837687 | r:  -428.000000 | e:   0.100000 | Q: -34.954288 | won: False 
#  364 | steps: 14267 | steps_t:  9036 | t: 106.002725 | r:  -470.000000 | e:   0.100000 | Q: -42.712708 | won: False 
#  365 | steps: 14297 | steps_t:  9065 | t: 106.339800 | r:  -441.000000 | e:   0.100000 | Q: -43.523716 | won: False 
#  366 | steps: 14419 | steps_t:  9186 | t: 107.700107 | r:  -445.000000 | e:   0.100000 | Q: -37.657009 | won: False 
#  367 | steps: 14453 | steps_t:  9219 | t: 108.069189 | r:  -445.000000 | e:   0.100000 | Q: -30.846903 | won: False 
#  368 | steps: 14469 | steps_t:  9234 | t: 108.249230 | r:  -427.000000 | e:   0.100000 | Q: -34.493420 | won: False 
#  369 | steps: 14488 | steps_t:  9252 | t: 108.447274 | r:  -430.000000 | e:   0.100000 | Q: -31.401182 | won: False 
#  370 | steps: 14509 | steps_t:  9272 | t: 108.669324 | r:  -421.000000 | e:   0.100000 | Q: -32.065914 | won: False 
#  371 | steps: 14535 | steps_t:  9297 | t: 108.947386 | r:  -426.000000 | e:   0.100000 | Q: -16.342672 | won: False 
#  372 | steps: 14560 | steps_t:  9321 | t: 109.222448 | r:  -436.000000 | e:   0.100000 | Q: -35.601242 | won: False 
#  373 | steps: 14703 | steps_t:  9463 | t: 110.807805 | r:  -411.000000 | e:   0.100000 | Q: -56.219597 | won: False 
#  374 | steps: 14789 | steps_t:  9548 | t: 111.772021 | r:  -431.000000 | e:   0.100000 | Q: -68.122917 | won: False 
#  375 | steps: 14821 | steps_t:  9579 | t: 112.130101 | r:  -443.000000 | e:   0.100000 | Q: -67.795967 | won: False 
#  376 | steps: 14894 | steps_t:  9651 | t: 112.930281 | r:  -319.000000 | e:   0.100000 | Q: -51.545074 | won: False 
#  377 | steps: 14918 | steps_t:  9674 | t: 113.201343 | r:  -424.000000 | e:   0.100000 | Q: -37.004978 | won: False 
#  378 | steps: 14934 | steps_t:  9689 | t: 113.370381 | r:  -471.000000 | e:   0.100000 | Q: -63.397976 | won: False 
#  379 | steps: 14970 | steps_t:  9724 | t: 113.757468 | r:  -370.000000 | e:   0.100000 | Q: -51.055794 | won: False 
#  380 | steps: 15009 | steps_t:  9762 | t: 114.192565 | r:  -461.000000 | e:   0.100000 | Q: -36.218067 | won: False 
#  381 | steps: 15068 | steps_t:  9820 | t: 114.839710 | r:  -382.000000 | e:   0.100000 | Q: -47.878399 | won: False 
#  382 | steps: 15104 | steps_t:  9855 | t: 115.238801 | r:  -403.000000 | e:   0.100000 | Q: -46.721462 | won: False 
#  383 | steps: 15153 | steps_t:  9903 | t: 115.768919 | r:  -405.000000 | e:   0.100000 | Q: -28.498411 | won: False 
#  384 | steps: 15239 | steps_t:  9988 | t: 116.716132 | r:  -442.000000 | e:   0.100000 | Q: -55.302265 | won: False 
#  385 | steps: 15263 | steps_t: 10011 | t: 117.187238 | r:  -369.000000 | e:   0.100000 | Q: -55.978939 | won: False 
#  386 | steps: 15276 | steps_t: 10023 | t: 117.321268 | r:  -490.000000 | e:   0.100000 | Q: -67.264206 | won: False 
#  387 | steps: 15299 | steps_t: 10045 | t: 117.563323 | r:  -390.000000 | e:   0.100000 | Q: -59.587166 | won: False 
#  388 | steps: 15335 | steps_t: 10080 | t: 117.949409 | r:  -502.000000 | e:   0.100000 | Q: -52.903534 | won: False 
#  389 | steps: 15403 | steps_t: 10147 | t: 118.728584 | r:  -369.000000 | e:   0.100000 | Q: -35.069298 | won: False 
#  390 | steps: 15441 | steps_t: 10184 | t: 119.150679 | r:  -339.000000 | e:   0.100000 | Q: -24.866560 | won: False 
#  391 | steps: 15453 | steps_t: 10195 | t: 119.280708 | r:  -478.000000 | e:   0.100000 | Q: -53.014408 | won: False 
#  392 | steps: 15483 | steps_t: 10224 | t: 119.603781 | r:  -441.000000 | e:   0.100000 | Q: -29.858269 | won: False 
#  393 | steps: 15598 | steps_t: 10338 | t: 120.905074 | r:  -471.000000 | e:   0.100000 | Q: -50.683365 | won: False 
#  394 | steps: 15660 | steps_t: 10399 | t: 121.592228 | r:  -451.000000 | e:   0.100000 | Q: -46.567463 | won: False 
#  395 | steps: 15687 | steps_t: 10425 | t: 121.878292 | r:  -438.000000 | e:   0.100000 | Q: -44.217072 | won: False 
#  396 | steps: 15753 | steps_t: 10490 | t: 122.616458 | r:  -389.000000 | e:   0.100000 | Q: -14.071049 | won: False 
#  397 | steps: 15822 | steps_t: 10558 | t: 123.398634 | r:  -447.000000 | e:   0.100000 | Q: -29.174517 | won: False 
#  398 | steps: 15889 | steps_t: 10624 | t: 124.152803 | r:  -324.000000 | e:   0.100000 | Q: -43.525002 | won: False 
#  399 | steps: 15906 | steps_t: 10640 | t: 124.333844 | r:  -428.000000 | e:   0.100000 | Q: -48.575085 | won: False 
#  400 | steps: 15934 | steps_t: 10667 | t: 124.630911 | r:  -450.000000 | e:   0.100000 | Q: -41.779358 | won: False 
#  401 | steps: 15961 | steps_t: 10693 | t: 124.925978 | r:  -438.000000 | e:   0.100000 | Q: -56.330227 | won: False 
#  402 | steps: 15974 | steps_t: 10705 | t: 125.058007 | r:  -468.000000 | e:   0.100000 | Q: -39.451168 | won: False 
#  403 | steps: 15997 | steps_t: 10727 | t: 125.314064 | r:  -434.000000 | e:   0.100000 | Q: -36.178299 | won: False 
#  404 | steps: 16173 | steps_t: 10902 | t: 127.293509 | r:  -466.000000 | e:   0.100000 | Q: -45.398342 | won: False 
#  405 | steps: 16186 | steps_t: 10914 | t: 127.427539 | r:  -468.000000 | e:   0.100000 | Q: -47.245285 | won: False 
#  406 | steps: 16310 | steps_t: 11037 | t: 128.815851 | r:  -447.000000 | e:   0.100000 | Q: -47.043678 | won: False 
#  407 | steps: 16327 | steps_t: 11053 | t: 128.991891 | r:  -450.000000 | e:   0.100000 | Q: -43.225597 | won: False 
#  408 | steps: 16380 | steps_t: 11105 | t: 129.592026 | r:  -332.000000 | e:   0.100000 | Q: -32.571556 | won: False 
#  409 | steps: 16416 | steps_t: 11140 | t: 129.987116 | r:  -370.000000 | e:   0.100000 | Q: -58.023643 | won: False 
#  410 | steps: 16515 | steps_t: 11238 | t: 131.130708 | r:  -477.000000 | e:   0.100000 | Q: -47.635933 | won: False 
#  411 | steps: 16522 | steps_t: 11244 | t: 131.204725 | r:  -440.000000 | e:   0.100000 | Q: -48.806881 | won: False 
#  412 | steps: 16699 | steps_t: 11420 | t: 133.185169 | r:  -489.000000 | e:   0.100000 | Q: -43.474094 | won: False 
#  413 | steps: 16727 | steps_t: 11447 | t: 133.493238 | r:  -362.000000 | e:   0.100000 | Q: -67.615257 | won: False 
#  414 | steps: 16813 | steps_t: 11532 | t: 134.452282 | r:  -420.000000 | e:   0.100000 | Q: -72.650276 | won: False 
#  415 | steps: 16825 | steps_t: 11543 | t: 134.576310 | r:  -445.000000 | e:   0.100000 | Q: -58.269402 | won: False 
#  416 | steps: 17028 | steps_t: 11745 | t: 136.853770 | r:  -372.000000 | e:   0.100000 | Q: -55.249630 | won: False 
#  417 | steps: 17075 | steps_t: 11791 | t: 137.379266 | r:  -425.000000 | e:   0.100000 | Q: -54.534836 | won: False 
#  418 | steps: 17092 | steps_t: 11807 | t: 137.555305 | r:  -406.000000 | e:   0.100000 | Q: -50.108536 | won: False 
#  419 | steps: 17169 | steps_t: 11883 | t: 138.410762 | r:  -367.000000 | e:   0.100000 | Q: -46.764294 | won: False 
#  420 | steps: 17201 | steps_t: 11914 | t: 138.757840 | r:  -443.000000 | e:   0.100000 | Q: -42.195599 | won: False 
#  421 | steps: 17346 | steps_t: 12058 | t: 140.378205 | r:  -435.000000 | e:   0.100000 | Q: -30.010725 | won: False 
#  422 | steps: 17361 | steps_t: 12072 | t: 140.529238 | r:  -448.000000 | e:   0.100000 | Q: -36.467701 | won: False 
#  423 | steps: 17395 | steps_t: 12105 | t: 140.898321 | r:  -434.000000 | e:   0.100000 | Q: -15.806701 | won: False 
#  424 | steps: 17406 | steps_t: 12115 | t: 141.011347 | r:  -466.000000 | e:   0.100000 | Q: -30.444706 | won: False 
#  425 | steps: 17431 | steps_t: 12139 | t: 141.313415 | r:  -436.000000 | e:   0.100000 | Q: -14.526516 | won: False 
#  426 | steps: 17595 | steps_t: 12302 | t: 143.199838 | r:  -443.000000 | e:   0.100000 | Q: -29.388687 | won: False 
#  427 | steps: 17615 | steps_t: 12321 | t: 143.422889 | r:  -420.000000 | e:   0.100000 | Q: -54.159763 | won: False 
#  428 | steps: 17662 | steps_t: 12367 | t: 143.953008 | r:  -403.000000 | e:   0.100000 | Q: -49.993408 | won: False 
#  429 | steps: 17687 | steps_t: 12391 | t: 144.241072 | r:  -425.000000 | e:   0.100000 | Q: -47.154198 | won: False 
#  430 | steps: 17708 | steps_t: 12411 | t: 144.479126 | r:  -432.000000 | e:   0.100000 | Q: -39.062347 | won: False 
#  431 | steps: 17737 | steps_t: 12439 | t: 144.800198 | r:  -440.000000 | e:   0.100000 | Q: -38.135773 | won: False 
#  432 | steps: 17747 | steps_t: 12448 | t: 144.902221 | r:  -443.000000 | e:   0.100000 | Q: -41.032001 | won: False 
#  433 | steps: 17767 | steps_t: 12467 | t: 145.126272 | r:  -442.000000 | e:   0.100000 | Q: -43.121803 | won: False 
#  434 | steps: 17789 | steps_t: 12488 | t: 145.371327 | r:  -444.000000 | e:   0.100000 | Q: -41.075855 | won: False 
#  435 | steps: 17876 | steps_t: 12574 | t: 146.357548 | r:  -410.000000 | e:   0.100000 | Q: -38.316723 | won: False 
#  436 | steps: 17902 | steps_t: 12599 | t: 146.656615 | r:  -426.000000 | e:   0.100000 | Q: -54.295849 | won: False 
#  437 | steps: 17917 | steps_t: 12613 | t: 146.812650 | r:  -448.000000 | e:   0.100000 | Q: -61.794640 | won: False 
#  438 | steps: 17974 | steps_t: 12669 | t: 147.444792 | r:  -446.000000 | e:   0.100000 | Q: -54.120255 | won: False 
#  439 | steps: 18019 | steps_t: 12713 | t: 147.923900 | r:  -379.000000 | e:   0.100000 | Q: -51.917667 | won: False 
#  440 | steps: 18033 | steps_t: 12726 | t: 148.068933 | r:  -425.000000 | e:   0.100000 | Q: -61.954754 | won: False 
#  441 | steps: 18093 | steps_t: 12785 | t: 148.738083 | r:  -438.000000 | e:   0.100000 | Q: -40.080898 | won: False 
#  442 | steps: 18111 | steps_t: 12802 | t: 148.929126 | r:  -440.000000 | e:   0.100000 | Q: -51.088402 | won: False 
#  443 | steps: 18124 | steps_t: 12814 | t: 149.062156 | r:  -457.000000 | e:   0.100000 | Q: -49.311554 | won: False 
#  444 | steps: 18142 | steps_t: 12831 | t: 149.264201 | r:  -429.000000 | e:   0.100000 | Q: -27.365925 | won: False 
#  445 | steps: 18250 | steps_t: 12938 | t: 150.467472 | r:  -475.000000 | e:   0.100000 | Q: -22.390932 | won: False 
#  446 | steps: 18342 | steps_t: 13029 | t: 151.490702 | r:  -393.000000 | e:   0.100000 | Q: -38.090248 | won: False 
#  447 | steps: 18375 | steps_t: 13061 | t: 151.842781 | r:  -400.000000 | e:   0.100000 | Q: -47.604843 | won: False 
#  448 | steps: 18433 | steps_t: 13118 | t: 152.496928 | r:  -436.000000 | e:   0.100000 | Q: -53.320717 | won: False 
#  449 | steps: 18454 | steps_t: 13138 | t: 152.721978 | r:  -399.000000 | e:   0.100000 | Q: -60.841022 | won: False 
#  450 | steps: 18484 | steps_t: 13167 | t: 153.046051 | r:  -353.000000 | e:   0.100000 | Q: -64.111443 | won: False 
#  451 | steps: 18530 | steps_t: 13212 | t: 153.562167 | r:  -391.000000 | e:   0.100000 | Q: -67.536194 | won: False 
#  452 | steps: 18583 | steps_t: 13264 | t: 154.146298 | r:  -354.000000 | e:   0.100000 | Q: -34.474915 | won: False 
#  453 | steps: 18671 | steps_t: 13351 | t: 155.113516 | r:  -477.000000 | e:   0.100000 | Q: -65.714546 | won: False 
#  454 | steps: 18701 | steps_t: 13380 | t: 155.444590 | r:  -386.000000 | e:   0.100000 | Q: -38.686573 | won: False 
#  455 | steps: 18758 | steps_t: 13436 | t: 156.061728 | r:  -358.000000 | e:   0.100000 | Q: -42.867546 | won: False 
#  456 | steps: 18769 | steps_t: 13446 | t: 156.181756 | r:  -433.000000 | e:   0.100000 | Q: -34.756207 | won: False 
#  457 | steps: 18787 | steps_t: 13463 | t: 156.375799 | r:  -429.000000 | e:   0.100000 | Q: -39.904190 | won: False 
#  458 | steps: 18824 | steps_t: 13499 | t: 156.775889 | r:  -349.000000 | e:   0.100000 | Q: -31.461296 | won: False 
#  459 | steps: 18840 | steps_t: 13514 | t: 156.944927 | r:  -449.000000 | e:   0.100000 | Q: -59.256126 | won: False 
#  460 | steps: 18869 | steps_t: 13542 | t: 157.269000 | r:  -396.000000 | e:   0.100000 | Q: -40.421219 | won: False 
#  461 | steps: 18909 | steps_t: 13581 | t: 157.703098 | r:  -451.000000 | e:   0.100000 | Q: -55.140846 | won: False 
#  462 | steps: 18999 | steps_t: 13670 | t: 158.706323 | r:  -391.000000 | e:   0.100000 | Q: -28.165840 | won: False 
#  463 | steps: 19016 | steps_t: 13686 | t: 158.880362 | r:  -428.000000 | e:   0.100000 | Q: -34.811493 | won: False 
#  464 | steps: 19151 | steps_t: 13820 | t: 160.393702 | r:  -436.000000 | e:   0.100000 | Q: -38.094112 | won: False 
#  465 | steps: 19200 | steps_t: 13868 | t: 160.932823 | r:  -328.000000 | e:   0.100000 | Q: -46.697346 | won: False 
#  466 | steps: 19250 | steps_t: 13917 | t: 161.494949 | r:  -406.000000 | e:   0.100000 | Q: -33.217564 | won: False 
#  467 | steps: 19300 | steps_t: 13966 | t: 162.045073 | r:  -326.000000 | e:   0.100000 | Q: -28.469002 | won: False 
#  468 | steps: 19333 | steps_t: 13998 | t: 162.414156 | r:  -389.000000 | e:   0.100000 | Q: -33.370449 | won: False 
#  469 | steps: 19368 | steps_t: 14032 | t: 162.795242 | r:  -391.000000 | e:   0.100000 | Q: -24.766722 | won: False 
#  470 | steps: 19382 | steps_t: 14045 | t: 162.940274 | r:  -425.000000 | e:   0.100000 | Q: -44.616837 | won: False 
#  471 | steps: 19591 | steps_t: 14253 | t: 165.278800 | r:  -455.000000 | e:   0.100000 | Q: -42.175064 | won: False 
#  472 | steps: 19612 | steps_t: 14273 | t: 165.504358 | r:  -388.000000 | e:   0.100000 | Q: -47.890293 | won: False 
#  473 | steps: 19629 | steps_t: 14289 | t: 165.685389 | r:  -417.000000 | e:   0.100000 | Q: -39.671696 | won: False 
#  474 | steps: 19657 | steps_t: 14316 | t: 165.981347 | r:  -428.000000 | e:   0.100000 | Q: -41.851337 | won: False 
#  475 | steps: 19675 | steps_t: 14333 | t: 166.179391 | r:  -396.000000 | e:   0.100000 | Q: -42.738750 | won: False 
#  476 | steps: 19705 | steps_t: 14362 | t: 166.512480 | r:  -408.000000 | e:   0.100000 | Q: -40.400917 | won: False 
#  477 | steps: 19775 | steps_t: 14431 | t: 167.522887 | r:  -459.000000 | e:   0.100000 | Q: -32.141453 | won: False 
#  478 | steps: 19796 | steps_t: 14451 | t: 167.746938 | r:  -421.000000 | e:   0.100000 | Q: -73.510986 | won: False 
#  479 | steps: 19830 | steps_t: 14484 | t: 168.115021 | r:  -401.000000 | e:   0.100000 | Q: -66.597763 | won: False 
#  480 | steps: 19869 | steps_t: 14522 | t: 168.549121 | r:  -450.000000 | e:   0.100000 | Q: -33.915436 | won: False 
#  481 | steps: 19945 | steps_t: 14597 | t: 169.392008 | r:  -410.000000 | e:   0.100000 | Q: -36.721897 | won: False 
#  482 | steps: 19994 | steps_t: 14645 | t: 169.926958 | r:  -372.000000 | e:   0.100000 | Q: -44.545845 | won: False 
#  483 | steps: 20018 | steps_t: 14668 | t: 170.282793 | r:  -435.000000 | e:   0.100000 | Q: -31.979191 | won: False 
#  484 | steps: 20096 | steps_t: 14745 | t: 171.183486 | r:  -445.000000 | e:   0.100000 | Q: -43.842556 | won: False 
#  485 | steps: 20127 | steps_t: 14775 | t: 171.527563 | r:  -431.000000 | e:   0.100000 | Q: -32.267872 | won: False 
#  486 | steps: 20164 | steps_t: 14811 | t: 171.934654 | r:  -426.000000 | e:   0.100000 | Q: -30.817751 | won: False 
#  487 | steps: 20190 | steps_t: 14836 | t: 172.230721 | r:  -393.000000 | e:   0.100000 | Q: -38.519325 | won: False 
#  488 | steps: 20247 | steps_t: 14892 | t: 172.855862 | r:  -402.000000 | e:   0.100000 | Q: -34.249882 | won: False 
#  489 | steps: 20263 | steps_t: 14907 | t: 173.022900 | r:  -416.000000 | e:   0.100000 | Q: -36.587364 | won: False 
#  490 | steps: 20327 | steps_t: 14970 | t: 173.739060 | r:  -475.000000 | e:   0.100000 | Q: -33.286621 | won: False 
#  491 | steps: 20395 | steps_t: 15037 | t: 174.507233 | r:  -424.000000 | e:   0.100000 | Q: -34.500412 | won: False 
#  492 | steps: 20446 | steps_t: 15087 | t: 175.067358 | r:  -418.000000 | e:   0.100000 | Q: -21.876707 | won: False 
#  493 | steps: 20712 | steps_t: 15352 | t: 178.058030 | r:  -490.000000 | e:   0.100000 | Q: -30.903847 | won: False 
#  494 | steps: 20788 | steps_t: 15427 | t: 178.910222 | r:  -366.000000 | e:   0.100000 | Q: -35.188168 | won: False 
#  495 | steps: 20828 | steps_t: 15466 | t: 179.363324 | r:  -374.000000 | e:   0.100000 | Q: -14.420719 | won: False 
#  496 | steps: 20860 | steps_t: 15497 | t: 179.704401 | r:  -388.000000 | e:   0.100000 | Q: -20.540335 | won: False 
#  497 | steps: 20882 | steps_t: 15518 | t: 179.944454 | r:  -378.000000 | e:   0.100000 | Q: -33.328720 | won: False 
#  498 | steps: 20916 | steps_t: 15551 | t: 180.326540 | r:  -412.000000 | e:   0.100000 | Q: -35.928215 | won: False 
#  499 | steps: 20964 | steps_t: 15598 | t: 180.858659 | r:  -382.000000 | e:   0.100000 | Q: -16.718979 | won: False 
#  500 | steps: 20982 | steps_t: 15615 | t: 181.050703 | r:  -385.000000 | e:   0.100000 | Q: -23.221901 | won: False 
#  501 | steps: 21059 | steps_t: 15691 | t: 181.910896 | r:  -389.000000 | e:   0.100000 | Q: -23.653452 | won: False 
#  502 | steps: 21106 | steps_t: 15737 | t: 182.435014 | r:  -403.000000 | e:   0.100000 | Q: -21.550165 | won: False 
#  503 | steps: 21249 | steps_t: 15879 | t: 184.031373 | r:  -499.000000 | e:   0.100000 | Q: -21.170589 | won: False 
#  504 | steps: 21333 | steps_t: 15962 | t: 184.985587 | r:  -429.000000 | e:   0.100000 | Q: -14.409304 | won: False 
#  505 | steps: 21379 | steps_t: 16007 | t: 185.509705 | r:  -457.000000 | e:   0.100000 | Q: -16.015285 | won: False 
#  506 | steps: 21402 | steps_t: 16029 | t: 185.753759 | r:  -412.000000 | e:   0.100000 | Q: -13.598594 | won: False 
#  507 | steps: 21426 | steps_t: 16052 | t: 186.014818 | r:  -380.000000 | e:   0.100000 | Q:  -9.561143 | won: False 
#  508 | steps: 21498 | steps_t: 16123 | t: 186.831002 | r:  -322.000000 | e:   0.100000 | Q: -20.258524 | won: False 
#  509 | steps: 21520 | steps_t: 16144 | t: 187.070055 | r:  -389.000000 | e:   0.100000 | Q: -20.744036 | won: False 
#  510 | steps: 21548 | steps_t: 16171 | t: 187.385126 | r:  -428.000000 | e:   0.100000 | Q: -23.314989 | won: False 
#  511 | steps: 21586 | steps_t: 16208 | t: 187.800220 | r:  -394.000000 | e:   0.100000 | Q: -12.050914 | won: False 
#  512 | steps: 21643 | steps_t: 16264 | t: 188.448365 | r:  -336.000000 | e:   0.100000 | Q:  -8.254029 | won: False 
#  513 | steps: 21713 | steps_t: 16333 | t: 189.231542 | r:  -426.000000 | e:   0.100000 | Q:  -6.845816 | won: False 
#  514 | steps: 21794 | steps_t: 16413 | t: 190.131743 | r:  -375.000000 | e:   0.100000 | Q: -11.056414 | won: False 
#  515 | steps: 21884 | steps_t: 16502 | t: 191.135969 | r:  -446.000000 | e:   0.100000 | Q:  -4.241479 | won: False 
#  516 | steps: 21925 | steps_t: 16542 | t: 191.599073 | r:  -397.000000 | e:   0.100000 | Q: -19.519552 | won: False 
#  517 | steps: 22112 | steps_t: 16728 | t: 193.711548 | r:  -554.000000 | e:   0.100000 | Q:  -5.413163 | won: False 
#  518 | steps: 22168 | steps_t: 16783 | t: 194.338689 | r:  -434.000000 | e:   0.100000 | Q: -22.918293 | won: False 
#  519 | steps: 22213 | steps_t: 16827 | t: 194.829799 | r:  -412.000000 | e:   0.100000 | Q: -20.869570 | won: False 
#  520 | steps: 22242 | steps_t: 16855 | t: 195.153872 | r:  -396.000000 | e:   0.100000 | Q: -19.070137 | won: False 
#  521 | steps: 22289 | steps_t: 16901 | t: 195.664987 | r:  -403.000000 | e:   0.100000 | Q: -15.565017 | won: False 
#  522 | steps: 22415 | steps_t: 17026 | t: 197.080305 | r:  -438.000000 | e:   0.100000 | Q: -14.182213 | won: False 
#  523 | steps: 22498 | steps_t: 17108 | t: 198.043981 | r:  -439.000000 | e:   0.100000 | Q: -14.249510 | won: False 
#  524 | steps: 22542 | steps_t: 17151 | t: 198.545911 | r:  -400.000000 | e:   0.100000 | Q: -14.535986 | won: False 
#  525 | steps: 22644 | steps_t: 17252 | t: 199.728176 | r:  -352.000000 | e:   0.100000 | Q: -30.848690 | won: False 
#  526 | steps: 22711 | steps_t: 17318 | t: 200.499350 | r:  -445.000000 | e:   0.100000 | Q:   0.436536 | won: False 
#  527 | steps: 22799 | steps_t: 17405 | t: 201.536583 | r:  -466.000000 | e:   0.100000 | Q: -12.199170 | won: False 
#  528 | steps: 22816 | steps_t: 17421 | t: 201.725626 | r:  -428.000000 | e:   0.100000 | Q: -10.527212 | won: False 
#  529 | steps: 22876 | steps_t: 17480 | t: 202.423782 | r:  -383.000000 | e:   0.100000 | Q: -10.499330 | won: False 
#  530 | steps: 22948 | steps_t: 17551 | t: 203.263085 | r:  -351.000000 | e:   0.100000 | Q:  -4.491354 | won: False 
#  531 | steps: 23002 | steps_t: 17604 | t: 203.857495 | r:  -355.000000 | e:   0.100000 | Q:  -4.839130 | won: False 
#  532 | steps: 23197 | steps_t: 17798 | t: 206.053427 | r:  -485.000000 | e:   0.100000 | Q:  -2.729082 | won: False 
#  533 | steps: 23205 | steps_t: 17805 | t: 206.137446 | r:  -452.000000 | e:   0.100000 | Q: -10.722039 | won: False 
#  534 | steps: 23227 | steps_t: 17826 | t: 206.389503 | r:  -400.000000 | e:   0.100000 | Q: -10.807544 | won: False 
#  535 | steps: 23273 | steps_t: 17871 | t: 206.904618 | r:  -391.000000 | e:   0.100000 | Q:  -0.701595 | won: False 
#  536 | steps: 23296 | steps_t: 17893 | t: 207.166677 | r:  -401.000000 | e:   0.100000 | Q:  -0.385565 | won: False 
#  537 | steps: 23434 | steps_t: 18030 | t: 208.727028 | r:  -417.000000 | e:   0.100000 | Q:  -0.103138 | won: False 
#  538 | steps: 23467 | steps_t: 18062 | t: 209.088109 | r:  -389.000000 | e:   0.100000 | Q:   3.883556 | won: False 
#  539 | steps: 23483 | steps_t: 18077 | t: 209.268150 | r:  -405.000000 | e:   0.100000 | Q:  -5.214429 | won: False 
#  540 | steps: 23500 | steps_t: 18093 | t: 209.449190 | r:  -395.000000 | e:   0.100000 | Q:   0.386966 | won: False 
#  541 | steps: 23565 | steps_t: 18157 | t: 210.177354 | r:  -333.000000 | e:   0.100000 | Q:   0.848090 | won: False 
#  542 | steps: 23597 | steps_t: 18188 | t: 210.533434 | r:  -377.000000 | e:   0.100000 | Q:   0.906397 | won: False 
#  543 | steps: 23648 | steps_t: 18238 | t: 211.094560 | r:  -407.000000 | e:   0.100000 | Q:   1.600587 | won: False 
#  544 | steps: 23681 | steps_t: 18270 | t: 211.469644 | r:  -378.000000 | e:   0.100000 | Q:   0.914156 | won: False 
#  545 | steps: 23707 | steps_t: 18295 | t: 211.744706 | r:  -393.000000 | e:   0.100000 | Q:  -7.005667 | won: False 
#  546 | steps: 23734 | steps_t: 18321 | t: 212.037771 | r:  -361.000000 | e:   0.100000 | Q:  -0.121553 | won: False 
#  547 | steps: 23760 | steps_t: 18346 | t: 212.330838 | r:  -404.000000 | e:   0.100000 | Q:  -4.057003 | won: False 
#  548 | steps: 23780 | steps_t: 18365 | t: 212.542885 | r:  -398.000000 | e:   0.100000 | Q:   0.795509 | won: False 
#  549 | steps: 23825 | steps_t: 18409 | t: 213.029995 | r:  -379.000000 | e:   0.100000 | Q:  -4.565918 | won: False 
#  550 | steps: 23918 | steps_t: 18501 | t: 214.082231 | r:  -350.000000 | e:   0.100000 | Q:   1.938124 | won: False 
#  551 | steps: 23959 | steps_t: 18541 | t: 214.540334 | r:  -408.000000 | e:   0.100000 | Q:   9.841168 | won: False 
#  552 | steps: 23983 | steps_t: 18564 | t: 214.795392 | r:  -446.000000 | e:   0.100000 | Q:   0.741856 | won: False 
#  553 | steps: 24277 | steps_t: 18857 | t: 218.202758 | r:  -529.000000 | e:   0.100000 | Q:  -2.529475 | won: False 
#  554 | steps: 24626 | steps_t: 19205 | t: 222.230664 | r:  -584.000000 | e:   0.100000 | Q:   0.124698 | won: False 
#  555 | steps: 24695 | steps_t: 19273 | t: 222.996835 | r:  -348.000000 | e:   0.100000 | Q:  -5.248477 | won: False 
#  556 | steps: 24794 | steps_t: 19371 | t: 224.139091 | r:  -378.000000 | e:   0.100000 | Q:   0.602713 | won: False 
#  557 | steps: 24824 | steps_t: 19400 | t: 224.471166 | r:  -408.000000 | e:   0.100000 | Q:  -2.127427 | won: False 
#  558 | steps: 24861 | steps_t: 19436 | t: 224.866255 | r:  -371.000000 | e:   0.100000 | Q:  -9.794718 | won: False 
#  559 | steps: 24888 | steps_t: 19462 | t: 225.169323 | r:  -383.000000 | e:   0.100000 | Q:  -9.084842 | won: False 
#  560 | steps: 24906 | steps_t: 19479 | t: 225.375369 | r:  -385.000000 | e:   0.100000 | Q:  -6.705298 | won: False 
#  561 | steps: 24937 | steps_t: 19509 | t: 225.725448 | r:  -321.000000 | e:   0.100000 | Q:  -3.190770 | won: False 
#  562 | steps: 24976 | steps_t: 19547 | t: 226.150543 | r:  -340.000000 | e:   0.100000 | Q:  -1.992254 | won: False 
#  563 | steps: 25089 | steps_t: 19659 | t: 227.418828 | r:  -403.000000 | e:   0.100000 | Q:  -0.353277 | won: False 
#  564 | steps: 25101 | steps_t: 19670 | t: 227.542857 | r:  -467.000000 | e:   0.100000 | Q:   2.851491 | won: False 
#  565 | steps: 25119 | steps_t: 19687 | t: 227.730899 | r:  -418.000000 | e:   0.100000 | Q:   6.674229 | won: False 
#  566 | steps: 25140 | steps_t: 19707 | t: 227.949947 | r:  -421.000000 | e:   0.100000 | Q:   4.251740 | won: False 
#  567 | steps: 25147 | steps_t: 19713 | t: 228.017963 | r:  -440.000000 | e:   0.100000 | Q:   3.879757 | won: False 
#  568 | steps: 25227 | steps_t: 19792 | t: 229.197229 | r:  -392.000000 | e:   0.100000 | Q:   5.737157 | won: False 
#  569 | steps: 25258 | steps_t: 19822 | t: 229.526302 | r:  -420.000000 | e:   0.100000 | Q:   6.388941 | won: False 
#  570 | steps: 25298 | steps_t: 19861 | t: 229.954398 | r:  -440.000000 | e:   0.100000 | Q:   7.500980 | won: False 
#  571 | steps: 25324 | steps_t: 19886 | t: 230.246464 | r:  -404.000000 | e:   0.100000 | Q:   9.376257 | won: False 
#  572 | steps: 25353 | steps_t: 19914 | t: 230.551533 | r:  -418.000000 | e:   0.100000 | Q:   8.647562 | won: False 
#  573 | steps: 25379 | steps_t: 19939 | t: 230.826595 | r:  -426.000000 | e:   0.100000 | Q:   4.227765 | won: False 
#  574 | steps: 25408 | steps_t: 19967 | t: 231.138665 | r:  -374.000000 | e:   0.100000 | Q:   6.386792 | won: False 
#  575 | steps: 25432 | steps_t: 19990 | t: 231.400724 | r:  -380.000000 | e:   0.100000 | Q:   5.843469 | won: False 
#  576 | steps: 25477 | steps_t: 20034 | t: 231.877831 | r:  -434.000000 | e:   0.100000 | Q:   5.543606 | won: False 
#  577 | steps: 25535 | steps_t: 20091 | t: 232.517975 | r:  -436.000000 | e:   0.100000 | Q:   6.026073 | won: False 
#  578 | steps: 25555 | steps_t: 20110 | t: 232.728021 | r:  -420.000000 | e:   0.100000 | Q:  11.267251 | won: False 
#  579 | steps: 25648 | steps_t: 20202 | t: 233.749252 | r:  -449.000000 | e:   0.100000 | Q:  13.263467 | won: False 
#  580 | steps: 25695 | steps_t: 20248 | t: 234.267367 | r:  -403.000000 | e:   0.100000 | Q:   8.519395 | won: False 
#  581 | steps: 25863 | steps_t: 20415 | t: 236.117784 | r:  -385.000000 | e:   0.100000 | Q:  12.010069 | won: False 
#  582 | steps: 25887 | steps_t: 20438 | t: 236.380842 | r:  -413.000000 | e:   0.100000 | Q:   4.021677 | won: False 
#  583 | steps: 26055 | steps_t: 20605 | t: 238.239260 | r:  -425.000000 | e:   0.100000 | Q:   6.722732 | won: False 
#  584 | steps: 26075 | steps_t: 20624 | t: 238.448308 | r:  -343.000000 | e:   0.100000 | Q:   8.028487 | won: False 
#  585 | steps: 26127 | steps_t: 20675 | t: 239.007433 | r:  -342.000000 | e:   0.100000 | Q:   4.316031 | won: False 
#  586 | steps: 26222 | steps_t: 20769 | t: 240.075673 | r:  -371.000000 | e:   0.100000 | Q:  -4.379622 | won: False 
#  587 | steps: 26249 | steps_t: 20795 | t: 240.375742 | r:  -394.000000 | e:   0.100000 | Q:  10.412800 | won: False 
#  588 | steps: 26309 | steps_t: 20854 | t: 241.033888 | r:  -328.000000 | e:   0.100000 | Q:   8.217499 | won: False 
#  589 | steps: 26411 | steps_t: 20955 | t: 242.173144 | r:  -513.000000 | e:   0.100000 | Q:   6.920308 | won: False 
#  590 | steps: 26446 | steps_t: 20989 | t: 242.561231 | r:  -402.000000 | e:   0.100000 | Q:  10.345881 | won: False 
#  591 | steps: 26587 | steps_t: 21129 | t: 244.154589 | r:  -387.000000 | e:   0.100000 | Q:  14.477025 | won: False 
#  592 | steps: 26676 | steps_t: 21217 | t: 246.543631 | r:  -350.000000 | e:   0.100000 | Q:  15.068286 | won: False 
#  593 | steps: 26737 | steps_t: 21277 | t: 247.250790 | r:  -307.000000 | e:   0.100000 | Q:   9.913938 | won: False 
#  594 | steps: 26781 | steps_t: 21320 | t: 247.748902 | r:  -345.000000 | e:   0.100000 | Q:  18.363394 | won: False 
#  595 | steps: 26855 | steps_t: 21393 | t: 248.587089 | r:  -342.000000 | e:   0.100000 | Q:  16.021942 | won: False 
#  596 | steps: 26935 | steps_t: 21472 | t: 249.487292 | r:  -436.000000 | e:   0.100000 | Q:  27.318844 | won: False 
#  597 | steps: 27023 | steps_t: 21559 | t: 250.456510 | r:  -488.000000 | e:   0.100000 | Q:  24.941702 | won: False 
#  598 | steps: 27032 | steps_t: 21567 | t: 250.545530 | r:  -431.000000 | e:   0.100000 | Q:  17.770861 | won: False 
#  599 | steps: 27111 | steps_t: 21645 | t: 251.407724 | r:  -336.000000 | e:   0.100000 | Q:  15.961648 | won: False 
#  600 | steps: 27152 | steps_t: 21685 | t: 251.850823 | r:  -408.000000 | e:   0.100000 | Q:  25.459124 | won: False 
#  601 | steps: 27243 | steps_t: 21775 | t: 252.857049 | r:  -491.000000 | e:   0.100000 | Q:  20.931635 | won: False 
#  602 | steps: 27292 | steps_t: 21823 | t: 253.406173 | r:  -449.000000 | e:   0.100000 | Q:  22.908142 | won: False 
#  603 | steps: 27328 | steps_t: 21858 | t: 253.795260 | r:  -337.000000 | e:   0.100000 | Q:  21.200689 | won: False 
#  604 | steps: 27377 | steps_t: 21906 | t: 254.341383 | r:  -416.000000 | e:   0.100000 | Q:  19.634760 | won: False 
