#    1 | steps:    37 | steps_t: 9455084 | t: 0.123504 | r:  -327.000000 | e:   0.100000 | Q: 188.342728 | won: False 
#    2 | steps:    62 | steps_t: 9455084 | t: 4.375486 | r:  -246.000000 | e:   0.100000 | Q: 212.706329 | won: False 
#    3 | steps:   129 | steps_t: 9455084 | t: 16.353239 | r:   -35.000000 | e:   0.100000 | Q: 206.067886 | won: False 
#    4 | steps:   213 | steps_t: 9455084 | t: 31.055487 | r:   691.000000 | e:   0.100000 | Q: 217.131287 | won: True 
#    5 | steps:   315 | steps_t: 9455084 | t: 48.851460 | r:   593.000000 | e:   0.100000 | Q: 198.675400 | won: True 
#    6 | steps:   426 | steps_t: 9455084 | t: 68.005052 | r:   726.000000 | e:   0.100000 | Q: 213.446167 | won: True 
#    7 | steps:   510 | steps_t: 9455084 | t: 82.691527 | r:   662.000000 | e:   0.100000 | Q: 217.954865 | won: True 
#    8 | steps:   588 | steps_t: 9455084 | t: 96.384431 | r:   759.000000 | e:   0.100000 | Q: 220.167526 | won: True 
#    9 | steps:   683 | steps_t: 9455084 | t: 112.671131 | r:   651.000000 | e:   0.100000 | Q: 209.068756 | won: True 
#   10 | steps:   762 | steps_t: 9455084 | t: 126.453412 | r:   769.000000 | e:   0.100000 | Q: 198.826172 | won: True 
#   11 | steps:   800 | steps_t: 9455084 | t: 133.809413 | r:  -160.000000 | e:   0.100000 | Q: 198.300491 | won: False 
#   12 | steps:   855 | steps_t: 9455084 | t: 143.710410 | r:   -96.000000 | e:   0.100000 | Q: 202.551895 | won: False 
#   13 | steps:   956 | steps_t: 9455084 | t: 161.121487 | r:   645.000000 | e:   0.100000 | Q: 190.708252 | won: True 
#   14 | steps:  1110 | steps_t: 9455084 | t: 186.906375 | r:   581.000000 | e:   0.100000 | Q: 203.921417 | won: True 
#   15 | steps:  1215 | steps_t: 9455084 | t: 205.344776 | r:   -62.000000 | e:   0.100000 | Q: 188.342728 | won: False 
#   16 | steps:  1328 | steps_t: 9455084 | t: 224.736392 | r:   633.000000 | e:   0.100000 | Q: 197.901016 | won: True 
#   17 | steps:  1412 | steps_t: 9455084 | t: 239.095343 | r:   713.000000 | e:   0.100000 | Q: 212.562073 | won: True 
#   18 | steps:  1526 | steps_t: 9455084 | t: 258.402331 | r:   632.000000 | e:   0.100000 | Q: 205.632751 | won: True 
#   19 | steps:  1607 | steps_t: 9455084 | t: 272.558419 | r:   796.000000 | e:   0.100000 | Q: 238.060608 | won: True 
#   20 | steps:  1696 | steps_t: 9455084 | t: 288.193603 | r:   777.000000 | e:   0.100000 | Q: 206.440460 | won: True 
#   21 | steps:  1815 | steps_t: 9455084 | t: 308.636384 | r:   118.000000 | e:   0.100000 | Q: 197.906479 | won: False 
#   22 | steps:  1903 | steps_t: 9455084 | t: 323.904292 | r:   669.000000 | e:   0.100000 | Q: 188.342728 | won: True 
#   23 | steps:  2024 | steps_t: 9455084 | t: 344.817964 | r:    65.000000 | e:   0.100000 | Q: 195.065460 | won: False 
#   24 | steps:  2188 | steps_t: 9455084 | t: 369.218292 | r:    11.000000 | e:   0.100000 | Q: 188.342728 | won: False 
#   25 | steps:  2258 | steps_t: 9455084 | t: 381.965256 | r:   -16.000000 | e:   0.100000 | Q: 207.312988 | won: False 
#   26 | steps:  2489 | steps_t: 9455084 | t: 420.105679 | r:    -5.000000 | e:   0.100000 | Q: 205.842987 | won: False 
#   27 | steps:  2575 | steps_t: 9455084 | t: 434.527260 | r:   751.000000 | e:   0.100000 | Q: 196.181335 | won: True 
#   28 | steps:  2658 | steps_t: 9455084 | t: 449.095232 | r:   743.000000 | e:   0.100000 | Q: 199.776749 | won: True 
#   29 | steps:  2748 | steps_t: 9455084 | t: 464.667195 | r:   656.000000 | e:   0.100000 | Q: 193.699158 | won: True 
#   30 | steps:  2904 | steps_t: 9455084 | t: 491.511189 | r:   -29.000000 | e:   0.100000 | Q: 225.709351 | won: False 
#   31 | steps:  3008 | steps_t: 9455084 | t: 509.844251 | r:   773.000000 | e:   0.100000 | Q: 191.357208 | won: True 
#   32 | steps:  3139 | steps_t: 9455084 | t: 532.323841 | r:   684.000000 | e:   0.100000 | Q: 190.963837 | won: True 
#   33 | steps:  3224 | steps_t: 9455084 | t: 547.588710 | r:   661.000000 | e:   0.100000 | Q: 203.720551 | won: True 
#   34 | steps:  3304 | steps_t: 9455084 | t: 561.723190 | r:   666.000000 | e:   0.100000 | Q: 214.991821 | won: True 
#   35 | steps:  3445 | steps_t: 9455084 | t: 585.917124 | r:   645.000000 | e:   0.100000 | Q: 198.013885 | won: True 
#   36 | steps:  3532 | steps_t: 9455084 | t: 601.341147 | r:   801.000000 | e:   0.100000 | Q: 221.243881 | won: True 
#   37 | steps:  3622 | steps_t: 9455084 | t: 617.184124 | r:   747.000000 | e:   0.100000 | Q: 208.800613 | won: True 
#   38 | steps:  3650 | steps_t: 9455084 | t: 622.720115 | r:  -267.000000 | e:   0.100000 | Q: 218.907257 | won: False 
#   39 | steps:  3773 | steps_t: 9455084 | t: 643.448098 | r:   692.000000 | e:   0.100000 | Q: 217.721313 | won: True 
#   40 | steps:  3906 | steps_t: 9455084 | t: 665.853214 | r:   573.000000 | e:   0.100000 | Q: 202.423752 | won: True 
#   41 | steps:  4007 | steps_t: 9455084 | t: 683.193262 | r:   696.000000 | e:   0.100000 | Q: 190.587173 | won: True 
#   42 | steps:  4093 | steps_t: 9455084 | t: 698.186047 | r:   762.000000 | e:   0.100000 | Q: 199.220657 | won: True 
#   43 | steps:  4164 | steps_t: 9455084 | t: 710.524268 | r:    16.000000 | e:   0.100000 | Q: 219.508667 | won: False 
#   44 | steps:  4237 | steps_t: 9455084 | t: 723.300040 | r:   753.000000 | e:   0.100000 | Q: 207.399185 | won: True 
#   45 | steps:  4264 | steps_t: 9455084 | t: 728.625454 | r:  -244.000000 | e:   0.100000 | Q: 203.921417 | won: False 
#   46 | steps:  4348 | steps_t: 9455084 | t: 743.393898 | r:   753.000000 | e:   0.100000 | Q: 215.115082 | won: True 
#   47 | steps:  4438 | steps_t: 9455084 | t: 759.263029 | r:   758.000000 | e:   0.100000 | Q: 209.650818 | won: True 
#   48 | steps:  4472 | steps_t: 9455084 | t: 765.859032 | r:  -163.000000 | e:   0.100000 | Q: 237.720947 | won: False 
#   49 | steps:  4548 | steps_t: 9455084 | t: 779.391353 | r:   619.000000 | e:   0.100000 | Q: 202.111115 | won: True 
#   50 | steps:  4567 | steps_t: 9455084 | t: 783.486095 | r:  -302.000000 | e:   0.100000 | Q: 198.702301 | won: False 
#   51 | steps:  4744 | steps_t: 9455084 | t: 813.594993 | r:   558.000000 | e:   0.100000 | Q: 200.571274 | won: True 
#   52 | steps:  4837 | steps_t: 9455084 | t: 829.827985 | r:   693.000000 | e:   0.100000 | Q: 225.116669 | won: True 
#   53 | steps:  4924 | steps_t: 9455084 | t: 845.108975 | r:   750.000000 | e:   0.100000 | Q: 205.904709 | won: True 
#   54 | steps:  4990 | steps_t: 9455084 | t: 857.198009 | r:  -129.000000 | e:   0.100000 | Q: 196.750916 | won: False 
#   55 | steps:  5111 | steps_t: 9455194 | t: 879.257077 | r:   625.000000 | e:   0.100000 | Q: 206.997437 | won: True 
#   56 | steps:  5231 | steps_t: 9455313 | t: 901.350966 | r:  -128.000000 | e:   0.100000 | Q: 195.581818 | won: False 
#   57 | steps:  5401 | steps_t: 9455482 | t: 932.056955 | r:   718.000000 | e:   0.100000 | Q: 204.966156 | won: True 
#   58 | steps:  5539 | steps_t: 9455619 | t: 957.066957 | r:    -3.000000 | e:   0.100000 | Q: 213.247849 | won: False 
#   59 | steps:  5614 | steps_t: 9455693 | t: 971.170881 | r:   711.000000 | e:   0.100000 | Q: 208.573486 | won: True 
#   60 | steps:  5815 | steps_t: 9455893 | t: 1006.823777 | r:   -66.000000 | e:   0.100000 | Q: 200.767319 | won: False 
#   61 | steps:  5904 | steps_t: 9455981 | t: 1023.367859 | r:    42.000000 | e:   0.100000 | Q: 215.081650 | won: False 
#   62 | steps:  6008 | steps_t: 9456084 | t: 1042.259849 | r:   722.000000 | e:   0.100000 | Q: 191.615372 | won: True 
#   63 | steps:  6284 | steps_t: 9456359 | t: 1091.325556 | r:   470.000000 | e:   0.100000 | Q: 218.907455 | won: True 
#   64 | steps:  6399 | steps_t: 9456473 | t: 1108.764798 | r:   722.000000 | e:   0.100000 | Q: 212.133713 | won: True 
#   65 | steps:  6542 | steps_t: 9456615 | t: 1134.884805 | r:   603.000000 | e:   0.100000 | Q: 186.467651 | won: True 
#   66 | steps:  6585 | steps_t: 9456657 | t: 1143.431235 | r:  -227.000000 | e:   0.100000 | Q: 193.858261 | won: False 
#   67 | steps:  6666 | steps_t: 9456737 | t: 1158.528922 | r:   756.000000 | e:   0.100000 | Q: 207.308670 | won: True 
#   68 | steps:  6759 | steps_t: 9456829 | t: 1175.497065 | r:   704.000000 | e:   0.100000 | Q: 209.743423 | won: True 
#   69 | steps:  6855 | steps_t: 9456924 | t: 1192.960765 | r:   661.000000 | e:   0.100000 | Q: 199.875565 | won: True 
#   70 | steps:  6947 | steps_t: 9457015 | t: 1209.856763 | r:   -16.000000 | e:   0.100000 | Q: 198.794281 | won: False 
#   71 | steps:  7044 | steps_t: 9457111 | t: 1227.468768 | r:   649.000000 | e:   0.100000 | Q: 195.494614 | won: True 
#   72 | steps:  7124 | steps_t: 9457190 | t: 1242.240759 | r:   768.000000 | e:   0.100000 | Q: 215.430481 | won: True 
#   73 | steps:  7222 | steps_t: 9457287 | t: 1260.050725 | r:   688.000000 | e:   0.100000 | Q: 204.053696 | won: True 
#   74 | steps:  7325 | steps_t: 9457389 | t: 1278.705718 | r:    13.000000 | e:   0.100000 | Q: 206.626709 | won: False 
#   75 | steps:  7413 | steps_t: 9457476 | t: 1294.905202 | r:   749.000000 | e:   0.100000 | Q: 210.773621 | won: True 
#   76 | steps:  7504 | steps_t: 9457566 | t: 1311.620167 | r:   786.000000 | e:   0.100000 | Q: 226.854584 | won: True 
#   77 | steps:  7647 | steps_t: 9457708 | t: 1337.108695 | r:     6.000000 | e:   0.100000 | Q: 214.140945 | won: False 
#   78 | steps:  7775 | steps_t: 9457835 | t: 1360.168110 | r:   658.000000 | e:   0.100000 | Q: 208.398590 | won: True 
#   79 | steps:  7862 | steps_t: 9457921 | t: 1376.097655 | r:   648.000000 | e:   0.100000 | Q: 206.887207 | won: True 
#   80 | steps:  7939 | steps_t: 9457997 | t: 1390.448742 | r:   709.000000 | e:   0.100000 | Q: 215.168472 | won: True 
#   81 | steps:  8069 | steps_t: 9458126 | t: 1414.121950 | r:   -94.000000 | e:   0.100000 | Q: 200.969849 | won: False 
#   82 | steps:  8151 | steps_t: 9458207 | t: 1429.094624 | r:   664.000000 | e:   0.100000 | Q: 210.416397 | won: True 
#   83 | steps:  8242 | steps_t: 9458297 | t: 1445.759719 | r:   655.000000 | e:   0.100000 | Q: 202.576111 | won: True 
#   84 | steps:  8301 | steps_t: 9458355 | t: 1456.949808 | r:    -5.000000 | e:   0.100000 | Q: 231.849609 | won: False 
#   85 | steps:  8491 | steps_t: 9458544 | t: 1490.878586 | r:   687.000000 | e:   0.100000 | Q: 206.037842 | won: True 
#   86 | steps:  8580 | steps_t: 9458632 | t: 1507.369541 | r:   766.000000 | e:   0.100000 | Q: 210.743774 | won: True 
#   87 | steps:  8653 | steps_t: 9458704 | t: 1520.909585 | r:    54.000000 | e:   0.100000 | Q: 210.650269 | won: False 
#   88 | steps:  8743 | steps_t: 9458793 | t: 1537.758556 | r:   736.000000 | e:   0.100000 | Q: 207.379791 | won: True 
#   89 | steps:  8828 | steps_t: 9458877 | t: 1553.412647 | r:    46.000000 | e:   0.100000 | Q: 202.265717 | won: False 
#   90 | steps:  8916 | steps_t: 9458964 | t: 1569.813995 | r:    -5.000000 | e:   0.100000 | Q: 203.018250 | won: False 
#   91 | steps:  8969 | steps_t: 9459016 | t: 1580.507538 | r:   -94.000000 | e:   0.100000 | Q: 201.430084 | won: False 
#   92 | steps:  9046 | steps_t: 9459092 | t: 1594.756126 | r:   789.000000 | e:   0.100000 | Q: 193.938751 | won: True 
#   93 | steps:  9149 | steps_t: 9459194 | t: 1613.658510 | r:   734.000000 | e:   0.100000 | Q: 199.975037 | won: True 
#   94 | steps:  9298 | steps_t: 9459342 | t: 1640.245632 | r:   666.000000 | e:   0.100000 | Q: 204.863235 | won: True 
#   95 | steps:  9405 | steps_t: 9459448 | t: 1659.911482 | r:   770.000000 | e:   0.100000 | Q: 204.620209 | won: True 
#   96 | steps:  9557 | steps_t: 9459599 | t: 1687.101142 | r:   594.000000 | e:   0.100000 | Q: 213.854324 | won: True 
#   97 | steps:  9642 | steps_t: 9459683 | t: 1702.875456 | r:   701.000000 | e:   0.100000 | Q: 210.835678 | won: True 
#   98 | steps:  9737 | steps_t: 9459777 | t: 1720.494445 | r:   651.000000 | e:   0.100000 | Q: 208.591446 | won: True 
#   99 | steps:  9817 | steps_t: 9459856 | t: 1735.954436 | r:   717.000000 | e:   0.100000 | Q: 197.997421 | won: True 
#  100 | steps:  9893 | steps_t: 9459931 | t: 1750.178668 | r:   761.000000 | e:   0.100000 | Q: 217.332214 | won: True 
